0.018086
0.09436
0.159592
0.229308
0.299661
0.369954
0.455382
0.535643
0.611819
0.678543
0.754335
0.823561
0.916041
0.987829
1.05981
1.138345
1.198936
1.281982
1.346017
1.413189
1.491838
1.568084
1.654851
1.757841
1.840863
1.937042
2.024623
2.117711
2.200115
2.2782359999999997
2.3726749999999996
2.449734
2.5211729999999997
2.6043039999999995
2.6750499999999997
2.7555069999999997
2.8333589999999997
2.9047439999999995
2.9945609999999996
3.0747259999999996
3.1402689999999995
3.2185269999999995
3.2934559999999995
3.3589789999999997
3.4179039999999996
3.4841509999999998
3.563897
3.6319049999999997
3.7032249999999998
3.753703
3.81824
3.890663
3.963546
4.031355
4.087408
4.15141
4.210421
4.293421
4.359348000000001
4.419567000000001
4.479798000000001
4.535318
4.599821
4.659425000000001
4.712681000000001
4.772911000000001
4.825484
4.887845
4.949664
5.02826
5.092869
5.160307
5.224693
5.299507
5.379234
5.446791
5.532355
5.600019
5.681159
5.7524690000000005
5.818964
5.888407
5.9661159999999995
6.031650999999999
6.103876999999999
6.171610999999999
6.226362999999998
6.294985999999998
6.380610999999998
6.454259999999998
6.520202999999998
6.586314999999998
6.651855999999998
6.713532999999998
6.775288999999998
6.849058999999998
6.927798999999998
7.0133069999999975
7.093457999999997
7.158656999999997
7.240362999999997
7.323617999999997
7.401977999999997
7.470716999999997
7.548006999999997
7.611508999999996
7.680385999999996
7.755583999999996
7.821523999999997
7.890430999999997
7.952585999999997
8.042591999999997
8.112991999999997
8.177254999999997
8.243913999999997
8.306135999999997
8.384886999999997
8.476934999999997
8.538301999999998
8.633823999999999
8.700999999999999
8.780149999999999
8.843371999999999
8.915759
8.993432
9.057941
9.125105
9.198471
9.28233
9.351655
9.433648
9.511818
9.592784
9.675374
9.74902
9.834353
9.909259
9.999418
10.067399
10.141615
10.213123
10.291374
10.389320999999999
10.461037
10.537740999999999
10.617579999999998
10.700266999999998
10.766341999999998
10.837186999999998
10.915606999999998
10.999418999999998
11.074023999999998
11.167402999999998
11.233612999999998
11.307799999999999
11.391767999999999
11.464096
11.533467
11.611842
11.672981
11.737748
11.802021
11.867006
11.925326
11.988948
12.069977
12.14024
12.198663
12.267395
12.344522000000001
12.42176
12.498086
12.561598
12.637357
12.702009
12.790139
12.860549
12.926605
13.01154
13.076251000000001
13.138088000000002
13.222686000000001
13.291424000000001
13.363151
13.424341
13.498689
13.579908000000001
13.649785000000001
13.735707000000001
13.820073
13.884096000000001
13.970064
14.04038
14.106019
14.176423999999999
14.262345
14.347712
14.431830999999999
14.500065
14.572626999999999
14.644312999999999
14.712568
14.799503
14.881592
14.965978
15.045272
15.126184
15.189238
15.261536999999999
15.347347999999998
15.436601999999999
15.500851999999998
15.586538
15.677589
15.742429999999999
15.826384999999998
15.896386999999999
15.960135999999999
16.024718
16.106227
16.193455
16.271918
16.353388
16.43667
16.509275
16.576945
16.651121999999997
16.727528999999997
16.797538999999997
16.878112999999995
16.959961999999994
17.038016999999993
17.107168999999992
17.180158999999993
17.243845999999994
17.294034999999994
17.359823999999993
17.424018999999994
17.501753999999995
17.561797999999996
17.625204999999998
17.692884999999997
17.775438999999995
17.833139999999997
17.918350999999998
17.999474999999997
18.078833999999997
18.149008999999996
18.229525999999996
18.293275999999995
18.361948999999996
18.424800999999995
18.500301999999994
18.563174999999994
18.623597999999994
18.689789999999995
18.777490999999994
18.849972999999995
18.920832999999995
18.997710999999995
19.068000999999995
19.138905999999995
19.199692999999996
19.265860999999997
19.331435999999997
19.403898999999996
19.475395999999996
19.554731999999998
19.634555999999996
19.709497999999996
19.793517999999995
19.868680999999995
19.944820999999994
20.008461999999994
20.093583999999993
20.158828999999994
20.229365999999995
20.303123999999997
20.376422999999996
20.447520999999995
20.520829999999993
20.584481999999994
20.658817999999993
20.74433399999999
20.815782999999993
20.885934999999993
20.954836999999994
21.035902999999994
21.117186999999994
21.196515999999995
21.270298999999994
21.333739999999995
21.408965999999996
21.485477999999997
21.551864
21.620421999999998
21.687095
21.767644
21.837908000000002
21.923809000000002
21.994748
22.065623000000002
22.155975
22.233903
22.309713000000002
22.388257000000003
22.475736
22.561291
22.656155000000002
22.744443
22.835795
22.918583
23.030834000000002
23.124888000000002
23.220752
23.307755
23.402991
23.528861
23.618336
23.739461
23.842197
23.935219
24.045948
24.150315
24.235974
24.342959
24.446058
24.544134
24.641797
24.73819
24.845365
24.945519
25.045851000000003
25.143932000000003
25.262024000000004
25.349683000000002
25.43905
25.539595000000002
25.63616
25.737825
25.83467
25.925524
26.028029
26.128454
26.21941
26.304693
26.398233
26.484686
26.570477
26.6735
26.770853
26.868171
26.966842
27.054831
27.149423
27.237567
27.329175
27.420325
27.497242999999997
27.569308999999997
27.647406999999998
27.720778999999997
27.812239999999996
27.901176999999997
27.988073999999997
28.077281999999997
28.160242999999998
28.252057999999998
28.3436
28.43149
28.528694
28.627239000000003
28.716171000000003
28.808393000000002
28.891938000000003
28.970949000000005
29.062470000000005
29.156863000000005
29.236323000000006
29.333279000000005
29.433285000000005
29.523267000000004
29.612268000000004
29.710400000000003
29.797151000000003
29.887267
29.961208000000003
30.042927000000002
30.136298000000004
30.221076000000004
30.321991000000004
30.410927000000004
30.491381000000004
30.576743000000004
30.659199000000005
30.734420000000004
30.829330000000002
30.920689000000003
31.013545000000004
31.093407000000003
31.185339000000003
31.285579000000002
31.380910000000004
31.473511000000002
31.549764000000003
31.638601000000005
31.711754000000006
31.793224000000006
31.884721000000006
31.971603000000005
32.056129000000006
32.145858000000004
32.229801
32.321424
32.416987
32.510587
32.61386
32.721103
32.812981
32.910752
32.99672
33.095758000000004
33.197556000000006
33.30131300000001
33.382391000000005
33.473096000000005
33.562673000000004
33.66035900000001
33.764114000000006
33.860584
33.946485
34.033823000000005
34.130881
34.217726
34.309681
34.401654
34.499874
34.585259
34.672683
34.764998
34.848431
34.936662999999996
35.03310999999999
35.131713999999995
35.218681999999994
35.32245199999999
35.42397799999999
35.50845399999999
35.596245999999994
35.700475999999995
35.79115399999999
35.87648699999999
35.96206099999999
36.06638499999999
36.15661299999999
36.248625999999994
36.34610299999999
36.44810699999999
36.541017999999994
36.646601
36.753363
36.861426
36.964232
37.076522000000004
37.199877
37.299287
37.416892
37.544844999999995
37.64615
37.752860999999996
37.862463
37.957280999999995
38.064823
38.169602999999995
38.281755999999994
38.373833
38.484899999999996
38.591198
38.701218
38.804342
38.914015
39.021214
39.122237
39.228156
39.317743
39.409429
39.494255
39.606661
39.692242
39.775678
39.8533
39.936550999999994
40.01668899999999
40.10155399999999
40.18788599999999
40.266358999999994
40.354628999999996
40.438981
40.514531
40.611903999999996
40.68953499999999
40.76843799999999
40.85185399999999
40.93108099999999
41.00433999999999
41.08072599999999
41.15462799999999
41.22400399999999
41.30586799999999
41.37892799999999
41.45949899999999
41.55233099999999
41.62971299999999
41.72241199999999
41.81107099999999
41.89770299999999
41.988139999999994
42.067986999999995
42.16972199999999
42.25833599999999
42.34745999999999
42.447115999999994
42.52476099999999
42.61554099999999
42.70668599999999
42.78661299999999
42.85909499999999
42.94743899999999
43.033295999999986
43.10296899999999
43.183720999999984
43.271214999999984
43.35727099999998
43.436945999999985
43.52977399999998
43.62183399999998
43.71519299999998
43.79990599999998
43.90022799999998
43.986500999999976
44.07085799999997
44.16431299999997
44.25404099999997
44.34122099999997
44.42350499999997
44.52022699999997
44.60748899999997
44.688685999999976
44.77458899999998
44.86429399999998
44.94033099999998
45.02383799999998
45.131333999999974
45.21014599999997
45.293496999999974
45.38249799999998
45.462779999999974
45.538660999999976
45.638396999999976
45.73826099999997
45.84680299999997
45.94557199999997
46.028372999999974
46.146747999999974
46.25134599999998
46.33987799999998
46.42600999999998
46.540099999999974
46.63461299999997
46.719952999999975
46.80350299999998
46.88594499999998
46.974269999999976
47.09874199999997
47.19414199999997
47.28227399999997
47.371258999999974
47.46639999999997
47.55455799999997
47.62618199999997
47.705518999999974
47.77907999999997
47.86271899999997
47.93942999999997
48.029458999999974
48.097710999999975
48.168968999999976
48.249260999999976
48.32256399999998
48.39094599999998
48.45011899999998
48.53418099999998
48.60522899999998
48.66346299999998
48.71957099999998
48.78057599999998
48.86388899999998
48.91986999999998
48.99421799999998
49.062978999999984
49.124448999999984
49.201413999999986
49.276277999999984
49.35294099999999
49.419924999999985
49.494241999999986
49.584867999999986
49.663325999999984
49.730460999999984
49.80276699999998
49.890287999999984
49.96123199999998
50.036273999999985
50.127569999999984
50.210453999999984
50.273617999999985
50.342852999999984
50.40692999999998
50.48181799999998
50.560211999999986
50.648296999999985
50.723950999999985
50.79789199999998
50.87309899999998
50.93578499999998
51.00860799999998
51.080517999999984
51.15761399999998
51.24679699999998
51.31330799999998
51.38702599999998
51.44890999999998
51.528661999999976
51.594347999999975
51.66646599999998
51.73979299999998
51.804356999999975
51.87837699999997
51.960747999999974
52.04140099999997
52.10780999999997
52.18829599999997
52.259625999999976
52.331773999999974
52.41320399999997
52.49694099999997
52.56612799999997
52.63976699999997
52.70957599999997
52.80127099999997
52.89314899999997
52.97196699999997
53.06535799999997
53.14016399999997
53.22178799999997
53.31142899999997
53.398180999999965
53.49641799999996
53.58135999999996
53.67874399999996
53.75176099999996
53.84133599999996
53.936781999999965
54.031972999999965
54.11132099999997
54.19180499999997
54.265933999999966
54.34698499999997
54.41981499999997
54.51358599999997
54.59942699999997
54.67493099999997
54.76760299999997
54.849503999999975
54.92981999999998
55.02130699999998
55.09184899999998
55.167431999999984
55.25708799999998
55.34884299999998
55.42325599999998
55.51184199999998
55.60678199999998
55.69350599999998
55.78452899999998
55.873751999999975
55.963873999999976
56.063643999999975
56.13642899999998
56.213921999999975
56.310415999999975
56.387347999999974
56.462233999999974
56.541100999999976
56.61748799999997
56.70540399999997
56.804162999999974
56.87806699999997
56.97579699999997
57.062720999999975
57.13941499999998
57.238414999999975
57.31838999999997
57.40093399999997
57.47951599999997
57.56783999999997
57.66473499999997
57.74943699999997
57.82823799999997
57.92455999999997
57.99978299999997
58.08219499999997
58.15970499999997
58.24140299999997
58.34150499999997
58.41416099999997
58.49527699999997
58.576223999999975
58.65726799999997
58.738819999999976
58.85721999999998
58.946577999999974
59.02568599999997
59.10759699999997
59.19689699999997
59.284338999999974
59.36247599999997
59.45914299999997
59.53534099999997
59.63234299999997
59.72031299999997
59.81191299999997
59.90289799999997
59.998481999999974
60.098881999999975
60.184014999999974
60.296093999999975
60.39567699999998
60.49408699999998
60.59940399999998
60.69844999999998
60.79586699999998
60.90299799999998
61.01340899999998
61.12121699999998
61.22263999999998
61.32026699999998
61.42702499999998
61.50760099999998
61.61775499999998
61.70097399999998
61.78602899999998
61.896856999999976
61.98661199999997
62.08056299999997
62.17468099999997
62.277308999999974
62.373236999999975
62.458278999999976
62.54457599999998
62.63318399999998
62.71398299999998
62.80443899999998
62.89915399999998
62.97807599999998
63.06238999999998
63.137805999999976
63.22827999999998
63.31325699999998
63.391261999999976
63.47449699999998
63.55840499999998
63.62699699999998
63.70157899999998
63.79116699999998
63.86666299999998
63.96493799999998
64.04819899999998
64.13904399999998
64.21784299999999
64.28906599999999
64.37202799999999
64.46623099999998
64.53896199999998
64.60689499999998
64.68972899999999
64.76577899999998
64.84104699999997
64.91923599999997
64.98144299999997
65.06240299999997
65.14381099999997
65.20491099999997
65.27322099999996
65.33763499999996
65.40343399999996
65.48124699999997
65.56481099999996
65.64275599999996
65.72245399999996
65.79264499999995
65.85808399999995
65.93606399999994
66.00587599999994
66.08196899999994
66.15291899999994
66.23588299999994
66.29796899999994
66.37657399999993
66.44610799999994
66.51964499999994
66.59084799999994
66.67116099999994
66.75394199999994
66.84057099999994
66.92215799999994
67.00793099999994
67.09586399999995
67.16038699999994
67.24074399999995
67.32013099999995
67.37988799999995
67.45791199999995
67.54121899999996
67.60804599999996
67.68556399999996
67.76805599999996
67.83309099999995
67.92466699999996
67.99635099999996
68.07207099999997
68.14040099999997
68.23551799999997
68.30000199999996
68.37617799999997
68.44290799999997
68.51698299999997
68.57848099999997
68.65658599999996
68.72194599999996
68.80635899999996
68.89112499999996
68.96319899999996
69.03205799999996
69.09996899999996
69.18010399999996
69.23974799999996
69.32508899999996
69.40210299999997
69.46776299999996
69.53339999999996
69.61268299999996
69.68299399999997
69.75623499999996
69.82023599999997
69.88750399999996
69.95439799999997
70.05984099999996
70.13824299999996
70.20705899999996
70.27777499999996
70.35043499999996
70.41824199999996
70.48780299999996
70.57888899999996
70.66871199999996
70.75820699999996
70.84977999999995
70.92741499999995
71.02099199999995
71.10391899999995
71.19342699999994
71.27977699999994
71.37123899999995
71.44696899999994
71.52570799999994
71.60829199999993
71.69252999999993
71.77757699999994
71.85292099999994
71.92456999999993
72.00381699999993
72.09194399999993
72.17984499999993
72.26931899999992
72.35368999999993
72.43607799999992
72.52076899999993
72.60601399999993
72.69636799999994
72.77567299999994
72.86017799999993
72.95032899999994
73.03851899999994
73.13300499999994
73.22221799999994
73.32442499999995
73.42871699999995
73.52696899999995
73.62782499999994
73.71576499999995
73.80555499999994
73.88685999999994
73.97278699999994
74.06981099999994
74.18364499999994
74.27955899999994
74.39063099999993
74.49099099999992
74.57641199999992
74.65958599999992
74.75063899999992
74.86027999999992
74.95315999999991
75.03922299999991
75.1269849999999
75.2183219999999
75.3123479999999
75.3973099999999
75.49037099999991
75.58419299999991
75.69444999999992
75.78664799999991
75.86783099999991
75.9416569999999
76.02814599999991
76.1088269999999
76.1849439999999
76.2593359999999
76.3476719999999
76.4299329999999
76.4996899999999
76.5737909999999
76.6377269999999
76.7039859999999
76.7746489999999
76.8512859999999
76.9199849999999
77.0052709999999
77.06776599999989
77.15574899999989
77.23422199999989
77.3083539999999
77.3930279999999
77.4740439999999
77.54828399999991
77.62074499999991
77.70225399999991
77.77065199999991
77.85396199999991
77.92192199999991
77.99274199999991
78.0836179999999
78.1578089999999
78.2514669999999
78.3371909999999
78.4163689999999
78.5021339999999
78.5807939999999
78.6459669999999
78.7173949999999
78.78716399999989
78.85476299999989
78.9207069999999
78.9894829999999
79.07248299999989
79.1384259999999
79.21198199999989
79.27331799999989
79.35179399999988
79.42878999999988
79.49319999999987
79.57883999999987
79.65846499999986
79.72478099999987
79.80511299999986
79.86576899999986
79.94297799999985
80.01974499999986
80.08743299999986
80.15769599999986
80.22403999999986
80.33129199999986
80.40166699999986
80.47602299999986
80.54074199999985
80.61524199999985
80.69330499999985
80.77881199999986
80.84416099999986
80.90680499999986
80.97902699999986
81.04802199999986
81.11168199999986
81.18697199999986
81.25813199999986
81.34084399999986
81.42262699999986
81.50504699999986
81.57662999999987
81.66969199999987
81.74378199999987
81.81021299999986
81.90180399999986
81.99016299999985
82.05549799999986
82.13374699999986
82.20947499999986
82.29301399999986
82.37223599999986
82.44179099999985
82.52983799999986
82.61157199999985
82.68528799999986
82.75419699999986
82.84214099999986
82.91120899999986
82.98219599999986
83.03616699999986
83.11668399999986
83.19326899999986
83.27344999999985
83.34211099999986
83.40346399999986
83.46709099999985
83.52380199999986
83.59151299999986
83.65123599999987
83.71058199999987
83.78969299999987
83.86149899999987
83.92941899999987
84.01294599999987
84.08690999999988
84.15401699999987
84.23472899999987
84.29180899999987
84.35802199999988
84.42093499999987
84.49739599999987
84.56441299999987
84.62838199999987
84.69813599999988
84.77375599999988
84.86005499999987
84.92880099999988
84.99199399999988
85.05961999999988
85.12740099999988
85.20848399999988
85.29042499999989
85.35666699999989
85.43359999999988
85.52544299999988
85.59404999999988
85.66334599999988
85.73854299999988
85.81832799999988
85.90271499999989
85.97532599999988
86.05620999999988
86.13377799999988
86.24273499999988
86.31909099999989
86.41198499999989
86.49618699999989
86.5810869999999
86.6713539999999
86.7629399999999
86.8361869999999
86.9105869999999
86.9883339999999
87.0786439999999
87.1643159999999
87.2493859999999
87.3451659999999
87.4281889999999
87.51166499999991
87.59528099999991
87.68989899999991
87.77027099999991
87.86617399999992
87.96035199999992
88.03969999999991
88.11509099999991
88.2126189999999
88.28957699999991
88.3692449999999
88.45380699999991
88.5254729999999
88.6248909999999
88.7161639999999
88.8158539999999
88.8934969999999
88.9738709999999
89.0620609999999
89.1539729999999
89.2402529999999
89.3376739999999
89.4130889999999
89.4953529999999
