0.03471
0.171754
0.32668200000000003
0.49687000000000003
0.674784
0.825006
0.976184
1.129647
1.297064
1.462229
1.6230769999999999
1.7739719999999999
1.930038
2.08779
2.23942
2.386381
2.543504
2.698781
2.861928
3.0189009999999996
3.1749929999999997
3.3254829999999997
3.487395
3.647592
3.796502
3.946316
4.095575
4.251123
4.397377
4.553986
4.698901
4.844616
4.992589000000001
5.142023000000001
5.298668000000001
5.451079000000001
5.607696000000001
5.7632710000000005
5.928450000000001
6.085494000000001
6.250071000000001
6.396476000000001
6.545175
6.7042910000000004
6.869636000000001
7.0300020000000005
7.199136
7.353807
7.514081
7.690723
7.860977
8.014708
8.172781
8.329189000000001
8.484639000000001
8.637864000000002
8.794150000000002
8.950737000000002
9.105502000000001
9.26148
9.423645
9.584231
9.742403000000001
9.898640000000002
10.054387000000002
10.224201000000003
10.424057000000003
10.598905000000004
10.766590000000004
10.937419000000004
11.111321000000004
11.289693000000003
11.467097000000003
11.645882000000002
11.821919000000001
12.003851000000001
12.179059
12.352368
12.528322000000001
12.703508000000001
12.879327000000002
13.054850000000002
13.236538000000001
13.411969000000001
13.589551
13.768463
13.94467
14.123163
14.302848
14.479242
14.658989
14.839949
15.012815000000002
15.188031000000002
15.374697000000003
15.549885000000003
15.728161000000004
15.898765000000004
16.080020000000005
16.262909000000004
16.457365000000003
16.659883000000004
16.855705000000004
17.057645000000004
17.261368000000004
17.462534000000005
17.662780000000005
17.865363000000006
18.065903000000006
18.258854000000007
18.454647000000005
18.649794000000004
18.852232000000004
19.051628000000004
19.244591000000003
19.441895000000002
19.645098
19.836459
20.041030000000003
20.239006000000003
20.441119000000004
20.640950000000004
20.830984000000004
21.022901000000005
21.212847000000004
21.412454000000004
21.603009000000004
21.798500000000004
21.987216000000004
22.191834000000004
22.393975000000005
22.585851000000005
22.776607000000006
22.987285000000007
23.204256000000008
23.409775000000007
23.626547000000006
23.831285000000005
24.044250000000005
24.253688000000004
24.461303000000004
24.672929000000003
24.901437000000005
25.107838000000005
25.319160000000004
25.539559000000004
25.742360000000005
25.951973000000006
26.160313000000006
26.373498000000005
26.584698000000007
26.787197000000006
26.995106000000007
27.20088000000001
27.398941000000008
27.60339800000001
27.81138300000001
28.01939200000001
28.213460000000012
28.413610000000013
28.611405000000012
28.80854300000001
29.00814000000001
29.20292200000001
29.39827300000001
29.58674700000001
29.77752600000001
29.971446000000007
30.186488000000008
30.41862800000001
30.632756000000008
30.848418000000006
31.061293000000006
31.271608000000008
31.478206000000007
31.696127000000008
31.91217900000001
32.11874000000001
32.32704000000001
32.54849100000001
32.74970800000001
32.95927900000001
33.17663000000001
33.37826800000001
33.586689000000014
33.79878400000001
34.00138900000001
34.20021400000001
34.39927800000001
34.59643700000001
34.80367400000001
35.00598000000001
35.20909900000001
35.41201300000001
35.60974500000001
35.81733000000001
36.007902000000016
36.201703000000016
36.391812000000016
36.58673300000002
36.772545000000015
36.97086200000002
37.16532100000002
37.36096300000002
37.55417100000002
37.747900000000016
37.939442000000014
38.12548200000001
38.30861700000001
38.501638000000014
38.691414000000016
38.894478000000014
39.088650000000015
39.28279300000001
39.484454000000014
39.67634500000001
39.86888600000001
40.05182000000001
40.23821800000001
40.42222300000001
40.60829000000001
40.78701700000001
40.96599900000001
41.15767000000001
41.33822500000001
41.516315000000006
41.69333900000001
41.875476000000006
42.071008000000006
42.258149
42.447849000000005
42.636144
42.825198
43.006571
43.189204000000004
43.377765000000004
43.55816
43.749423
43.952446
44.149216
44.351921000000004
44.568909000000005
44.761306000000005
44.960883
45.172429
45.374231
45.569754
45.785349000000004
45.993562000000004
46.199867000000005
46.424604
46.623514
46.825483
47.033452
47.245957999999995
47.452940999999996
47.657886999999995
47.861959999999996
48.07127199999999
48.280533999999996
48.490252999999996
48.699273999999996
48.900119999999994
49.101637
49.305316999999995
49.506750999999994
49.714535999999995
49.915814999999995
50.121126999999994
50.32468399999999
50.52217199999999
50.719804999999994
50.917694999999995
51.128640999999995
51.333749999999995
51.535354999999996
51.736259999999994
51.954221999999994
52.157720999999995
52.365252
52.564893999999995
52.762649999999994
52.974771999999994
53.175335999999994
53.372266999999994
53.585742999999994
53.786958999999996
53.991718999999996
54.200168999999995
54.402685999999996
54.603874999999995
54.804413999999994
55.01763699999999
55.22669499999999
55.429053999999994
55.63844399999999
55.847398999999996
56.093242
56.29482599999999
56.502008
56.705403
56.923942999999994
57.140491
57.354149
57.562872
57.777938999999996
58.009600999999996
58.237784
58.481789
58.723298
58.972208
59.228295
59.471684
59.716459
59.962685
60.215054
60.459707
60.70039
60.930344999999996
61.160199
61.421327
61.658362
61.891647999999996
62.126171
62.35752
62.597512
62.831320000000005
63.06325700000001
63.293442000000006
63.52652700000001
63.76003200000001
63.99119600000001
64.22018700000001
64.44629700000002
64.66573700000002
64.89749900000002
65.12765400000002
65.34608700000003
65.57476300000002
65.79550600000002
66.02458000000001
66.25221200000001
66.47256700000001
66.70171
66.93712400000001
67.18034500000002
67.40608400000002
67.63638500000002
67.87298500000001
68.10248000000001
68.32098900000001
68.53585600000001
68.76768600000001
68.991414
69.20563200000001
69.430214
69.64916500000001
69.88441000000002
70.13872900000001
70.38102100000002
70.62354400000002
70.84770900000002
71.07884400000002
71.29900500000002
71.52305900000002
71.73690900000001
71.94531200000002
72.14419000000001
72.35107
72.56509700000001
72.77228500000001
72.97736900000001
73.17374600000001
73.372072
73.58801100000001
73.801314
74.01780000000001
74.22222000000001
74.43558100000001
74.63951700000001
74.86764500000001
75.09165700000001
75.30763000000002
75.53776600000002
75.78810700000002
76.01946700000002
76.23826200000002
76.47315700000001
76.70434000000002
76.93770900000001
77.15770600000002
77.38131000000001
77.61996700000002
77.83975700000002
78.05284500000002
78.26924200000002
78.50423600000002
78.73435700000002
78.95746500000001
79.18797700000002
79.40803200000002
79.63098000000002
79.86728600000002
80.10586700000002
80.33798200000001
80.56749500000001
80.801865
81.034198
81.265991
81.48588
81.710983
81.942515
82.162524
82.3968
82.626229
82.871332
83.10055
83.32819599999999
83.55795599999999
83.788536
84.02663899999999
84.25620399999998
84.47903799999999
84.70737499999998
84.93212899999999
85.15768499999999
85.39820899999998
85.62987399999999
85.87571999999999
86.12887699999999
86.366419
86.612325
86.856649
87.09830500000001
87.336115
87.574573
87.811901
88.056263
88.300084
88.548209
88.790661
89.040179
89.285063
89.517648
89.748779
89.980701
90.21052499999999
90.447982
90.691142
90.921828
91.15524500000001
91.38825000000001
91.61728200000002
91.85095900000002
92.07390100000002
92.30128600000002
92.52744900000002
92.76258200000002
93.01440600000002
93.24658500000002
93.49981400000003
93.73270100000003
93.97097600000004
94.19156400000004
94.41661200000004
94.64704700000004
94.87266000000004
95.09594600000004
95.31924400000004
95.53532300000003
95.77093200000003
96.01710300000003
96.26409700000004
96.50788700000004
96.75407400000005
96.98593200000005
97.21963900000004
97.45176700000005
97.68098000000005
97.91110500000005
98.14149400000005
98.37088500000006
98.59383200000006
98.81466600000006
99.05204200000006
99.28608300000006
99.52611400000006
99.76245500000006
99.98752300000005
100.23226600000005
100.48254100000005
100.72337800000005
100.96694600000005
101.20266900000004
101.43447300000004
101.66550100000003
101.91073000000003
102.14604400000003
102.38555000000004
102.62942200000003
102.86575600000003
103.10466200000003
103.34168700000004
103.57813800000004
103.83365200000004
104.08299400000004
104.33689700000004
104.57059800000003
104.79774800000003
105.02864100000002
105.26008100000003
105.50515700000003
105.74522000000003
105.98718600000004
106.22273600000004
106.45185300000004
106.68452700000005
106.90516600000005
107.15064600000005
107.40015200000005
107.64217700000005
107.88554000000005
108.12407600000004
108.36427400000005
108.58839200000006
108.81255200000005
109.05872100000005
109.29117900000004
109.52400200000004
109.75557400000004
109.98825600000004
110.24477500000003
110.49813400000004
110.73645900000004
110.98531500000004
111.22127500000005
111.45729300000005
111.69713600000004
111.94039000000004
112.20843400000004
112.46282300000004
112.70668800000004
112.95059600000005
113.19766700000005
113.46390000000005
113.71820000000005
113.96658700000005
114.21219000000005
114.45170300000005
114.68353900000005
114.93046300000006
115.17368300000005
115.41013300000006
115.64230200000006
115.87742000000006
116.12575100000005
116.36560600000006
116.60304700000006
116.83913000000005
117.07531200000005
117.32080900000005
117.55863500000005
117.80039700000005
118.04409500000004
118.30463400000004
118.55350100000004
118.80567800000004
119.04173100000004
119.27076700000003
119.49952800000004
119.74469700000004
119.99188200000005
120.25537900000005
120.48827200000005
120.72213200000006
120.95739700000006
121.19480500000006
121.45174000000006
121.69114600000006
121.92581500000006
122.16787600000006
122.44384900000006
122.69236300000006
122.93823000000006
123.16750800000005
123.38981700000005
123.63372200000005
123.87093700000005
124.09741400000006
124.31726100000006
124.54133400000006
124.77550700000006
125.01053600000006
125.25882100000005
125.49434000000005
125.71906100000005
125.96794600000005
126.20911900000006
126.42687000000006
126.64772400000007
126.86385100000007
127.09605100000007
127.30513400000008
127.52690700000008
127.74942200000008
127.96014200000008
128.16395700000007
128.36572100000006
128.57894900000005
128.81705200000005
129.03050500000003
129.23311100000004
129.46162200000003
129.67321500000003
129.88680800000003
130.09285600000004
130.30172500000003
130.51231000000004
130.72170500000004
130.93070300000005
131.13673600000004
131.33399500000004
131.53774300000003
131.74812500000004
131.99387000000004
132.21298200000004
132.43027100000003
132.66042600000003
132.86642500000002
133.08299700000003
133.29014800000004
133.49438500000005
133.69478300000006
133.90917400000006
134.11413600000006
134.36728900000006
134.58447200000006
134.80124300000006
135.02000100000006
135.22679600000006
135.43146600000006
135.62579800000006
135.81558600000005
136.00508700000006
136.20072500000006
136.39582400000006
136.60600000000005
136.81458500000005
137.06134600000004
137.26496700000004
137.46412600000005
137.66490500000006
137.85983400000006
138.05190900000005
138.23989900000007
138.42473700000008
138.61426800000007
138.79502300000007
138.98478100000008
139.1738640000001
139.3598960000001
139.5503680000001
139.7362380000001
139.9256650000001
140.1108130000001
140.3038500000001
140.5178050000001
140.7108460000001
140.90380000000007
141.08685400000007
141.27469000000008
141.4495100000001
141.62189600000008
141.80310100000008
141.97562000000008
142.1483580000001
142.32638500000007
142.50988700000008
142.69577700000008
142.8841740000001
143.1114790000001
143.31300700000008
143.50178400000007
143.70631900000006
143.90609700000007
144.10992900000008
144.30144000000007
144.49026700000007
144.68951500000009
144.9025760000001
145.1012990000001
145.3185830000001
145.5691920000001
145.7953730000001
146.0278160000001
146.25665300000009
146.4738330000001
146.6890680000001
146.8884700000001
147.1056250000001
147.3097360000001
147.5089710000001
147.7228360000001
147.92641600000007
148.1335890000001
148.3492950000001
148.5657060000001
148.80044400000008
149.0133800000001
149.2294350000001
149.4488710000001
149.67520300000012
149.90329600000013
150.14066300000013
150.36512900000014
150.58891400000013
150.80943400000012
151.0312950000001
151.2586830000001
151.4894790000001
151.7123250000001
151.9440600000001
152.1713440000001
152.3994450000001
152.6329180000001
152.8656430000001
153.08623300000008
153.32469200000008
153.5401530000001
153.7495790000001
153.9789910000001
154.1938580000001
154.39848400000008
154.60843600000007
154.83212100000006
155.03979100000006
155.27103800000006
155.47558500000005
155.68110800000005
155.89072200000004
156.08365100000003
156.30393400000003
156.512997
156.725897
156.903292
157.084374
157.288711
157.484225
157.67614500000002
157.862783
158.059371
158.263829
158.45689399999998
158.64197899999996
158.81765699999997
159.02379499999998
159.23233599999998
159.42456799999997
159.61742999999996
159.80041599999996
159.98750699999997
160.17929999999996
160.36643699999996
160.57459299999996
160.77106399999997
160.97039699999996
161.15512199999995
161.34230199999996
161.52214399999997
161.70315999999997
161.88197299999996
162.06386099999995
162.24881699999995
162.43131799999995
162.63018499999995
162.81034199999996
162.99151899999995
163.17450799999995
163.36583499999995
163.55125499999994
163.75184699999994
163.93112799999994
164.12144999999995
164.32531199999994
164.51822399999995
164.71604199999996
164.90312299999997
165.09686799999997
165.29244099999997
165.47715399999996
165.67117499999995
165.86586399999996
166.07224799999997
166.26715699999997
166.46537899999996
166.66929799999997
166.86897099999996
167.07384199999996
167.28400199999996
167.48340499999995
167.68343599999994
167.88879699999995
168.09683599999997
168.29656499999996
168.50396599999996
168.69838999999996
168.88885899999997
169.08550599999998
169.28046799999998
169.46586599999998
169.65377099999998
169.83393299999997
170.01739899999998
170.206066
170.418968
170.62180800000002
170.82437800000002
171.01928000000004
171.21896100000004
171.42197400000003
171.62284000000002
171.81661400000002
172.03034000000002
172.23649400000002
172.43800500000003
172.63177200000004
172.82363000000004
173.02412500000003
173.23475800000003
173.44124700000003
173.64533900000004
173.84905800000004
174.06286300000005
174.26791500000004
174.48326200000005
174.68184100000005
174.89916300000004
175.10818900000004
175.34450700000005
175.55390300000005
175.76729200000005
175.97775100000004
176.19961400000005
176.40551500000007
176.62086200000007
176.82123600000008
177.0188740000001
177.2133860000001
177.4134630000001
177.6077950000001
177.80243700000008
177.9951690000001
178.17884600000008
178.38225100000008
178.5731260000001
178.76881300000008
178.96970000000007
179.15274400000007
179.33859100000006
179.50945300000006
179.70101500000007
179.89187600000008
180.0780780000001
180.2606710000001
180.4349060000001
180.6341230000001
180.8186200000001
181.0047750000001
181.1774970000001
181.3532230000001
181.5295160000001
181.69038600000007
181.87170000000006
182.05194200000005
182.22140600000006
182.40393300000005
182.57658600000005
182.77205500000005
182.94556300000005
183.11996000000005
183.29986900000006
183.46842000000007
183.64521500000006
183.81972400000006
184.00146300000006
184.17642500000005
184.35071800000006
184.53057200000006
184.71835000000007
184.88976700000006
185.05478900000006
185.21709900000005
185.38114900000005
185.55661000000006
185.72922900000006
185.88862400000005
186.05724700000005
186.22358600000004
186.39917800000003
186.56883000000005
186.73366600000006
186.90069000000005
187.07108400000004
187.24615800000004
187.42285600000002
187.59512700000002
187.770596
187.942505
188.112313
188.284593
188.470312
188.646829
188.820075
188.997895
189.17559
189.358135
189.535638
189.70817
189.878466
190.04421200000002
190.216
190.392252
190.56103900000002
190.741316
190.91597000000002
191.099722
191.2707
191.44738
191.63114900000002
191.80607200000003
191.98849300000003
192.16901800000002
192.338083
192.514001
192.682431
192.847855
193.01207200000002
193.18670100000003
193.35956500000003
193.53707800000004
193.70965800000005
193.87441700000005
194.04305200000005
194.21078900000003
194.37576100000004
194.52943000000005
194.69022600000005
194.84472500000004
195.01058400000005
195.18105600000004
195.35558200000003
195.52123000000003
195.68581200000003
195.852379
196.01275700000002
196.18585600000003
196.35084100000003
196.52641900000003
196.69299600000002
196.86044300000003
197.02700200000004
197.19706900000003
197.39465600000003
197.56860400000002
197.74825700000002
197.914834
198.08447900000002
198.256694
198.41960300000002
198.58653400000003
198.77162100000004
198.94571300000004
199.12002100000004
199.29617200000004
199.46308800000003
199.62692900000002
199.80368400000003
199.96446900000004
200.10643300000004
200.24844800000002
200.36774000000003
200.50388000000004
200.65239900000003
200.80754400000004
200.99408100000002
201.16332500000001
201.33834800000002
201.524784
201.693794
201.879156
202.044779
202.205183
202.372644
202.534239
202.69134300000002
202.857716
203.03464000000002
203.19844200000003
203.36476400000004
203.53097200000005
203.69250100000005
203.85888900000006
204.01618100000007
204.1939830000001
204.3650140000001
204.5332820000001
204.7105230000001
204.8978650000001
205.0764400000001
205.2447590000001
205.4234020000001
205.5953560000001
205.76820400000008
205.95443100000008
206.14033700000007
206.32773600000007
206.51215000000008
206.69385700000007
206.87028900000007
207.04319200000006
207.20927900000007
207.39383800000007
207.57836000000006
207.76096300000006
207.95201000000006
208.13473600000006
208.32566700000007
208.50860000000006
208.68446000000006
208.87130700000006
209.03848400000007
209.21030600000006
209.37746600000006
209.54651700000005
209.71436400000005
209.88313900000006
210.04527400000006
210.20910300000006
210.37923300000006
210.54602000000006
210.71383000000006
210.87732700000007
211.04208300000008
211.21822500000007
211.38216400000007
211.54238100000006
211.69916500000005
211.85374500000006
212.02010700000005
212.17177800000005
212.32545600000006
212.48816100000005
212.64535700000005
212.81683800000005
212.97778500000004
213.15315400000003
213.32379400000002
213.48603300000002
213.65016200000002
213.80182500000004
213.96068900000003
214.10404900000003
214.24921800000004
214.40348700000004
214.54985500000004
214.70059800000004
214.85019600000004
215.00744300000005
215.17471900000004
215.34324200000003
215.49867600000005
215.65951700000005
215.81352600000005
215.96887600000005
216.13720400000005
216.31658100000004
216.46568300000004
216.61741200000003
216.76314500000004
216.92461300000005
217.09517300000005
217.27954700000004
217.43048700000003
217.58791300000001
217.73571900000002
217.87932
218.028472
218.180322
218.32178199999998
218.467436
218.625837
218.778786
218.924171
219.080621
219.27967700000002
219.45699800000003
219.62817100000004
219.78975800000003
219.94745600000005
220.09363200000004
220.23958400000004
220.38161400000004
220.52767600000004
220.68957100000003
220.83104800000004
220.98951400000004
221.13485900000003
221.28077600000003
221.43520100000003
221.57888500000004
221.73169800000005
221.88745600000004
222.05014000000006
222.24362400000007
222.41268400000007
222.57141800000008
222.71895800000007
222.86556200000007
223.02104500000007
223.16988200000006
223.31960300000006
223.46347000000006
223.61159500000005
223.75655000000006
223.90174400000006
224.04207000000005
224.18520700000005
224.33188800000005
224.47714700000006
224.64726300000007
224.79950400000007
224.95091400000007
225.09917800000008
225.24832700000007
225.40370700000008
225.54676300000008
225.69356900000008
225.84351800000007
225.9782840000001
226.1140320000001
226.2458530000001
226.3784160000001
226.5266290000001
226.6991680000001
226.8617790000001
227.0097270000001
227.1579410000001
227.31005600000012
227.4554680000001
227.60167300000012
227.74698800000013
227.89107800000014
228.03501500000013
228.18597300000013
228.32614000000012
228.47031800000013
228.61351000000013
228.76334400000013
228.92134500000014
229.07057100000014
229.21949900000016
229.38146400000016
229.55327200000016
229.70649900000015
229.86209200000016
230.02004100000016
230.19093500000017
230.36702800000018
230.53280100000018
230.69923800000018
230.8759950000002
231.04513600000018
231.2149940000002
231.3887580000002
231.5434320000002
231.70512400000018
231.8699490000002
232.03144900000018
232.22270900000018
232.39334000000017
232.56194400000015
232.72394800000015
232.89131700000016
233.05776500000016
233.23535500000017
233.42952800000018
233.60616700000017
233.78757600000017
233.96184300000016
234.14391600000016
234.30617800000016
234.46961000000016
234.62356900000015
234.78336200000015
234.95932600000015
235.12267800000015
235.29898200000014
235.48926400000013
235.67480200000014
235.85258000000013
236.04901200000012
236.22469000000012
236.39302600000013
236.55243500000014
236.71326900000014
236.86245400000013
237.01831600000014
237.16894000000013
237.33200600000012
237.49109200000012
237.67829400000014
237.85165400000014
238.02608700000013
238.19881100000012
238.37304000000012
238.5490390000001
238.7215340000001
238.8815550000001
239.0447510000001
239.2305220000001
239.4277840000001
239.59659800000009
239.7739540000001
239.93412300000008
240.10139900000007
240.27525700000007
240.42386900000008
240.57271700000007
240.73296800000006
240.89155900000006
241.06771600000005
241.25315800000004
241.44571700000003
241.63206500000004
241.82581500000003
242.01575600000004
242.20733800000005
242.38470800000005
242.57942200000005
242.77584200000004
242.96790400000003
243.15366400000002
243.38123900000002
243.579809
243.769802
243.956207
244.13347000000002
244.30528
244.502386
244.683795
244.87312
245.054598
245.255012
245.444018
245.636873
245.841471
246.03689500000002
246.23522200000002
246.43169200000003
246.63069900000002
246.829505
247.01969000000003
247.21488100000002
247.40270200000003
247.59298700000002
247.79917300000002
247.99546600000002
248.19151300000001
248.39416500000002
248.59079100000002
248.797906
249.012164
249.210686
249.419655
249.627361
249.833424
250.02496000000002
250.23926600000001
250.458944
250.668803
250.863787
251.068306
251.26558300000002
251.45917900000003
251.66504000000003
251.85752100000002
252.04289100000003
252.22865400000003
252.44701100000003
252.64302600000002
252.83645500000003
253.03181600000002
253.22112800000002
253.39847200000003
253.57589900000002
253.766476
253.950739
254.125813
254.308424
254.492861
254.675712
254.86238600000001
255.050034
255.24491500000002
255.43905600000002
255.615382
255.81356100000002
255.992262
256.171329
256.34058300000004
256.50902
256.68068300000004
256.84874600000006
257.02942600000006
257.19923200000005
257.37434300000007
257.55234800000005
257.72804600000006
257.91568800000005
258.095813
258.292771
258.491795
258.687039
258.879589
259.067472
259.271289
259.46587200000005
259.656871
259.85723900000005
260.03950800000007
260.2156050000001
260.4012770000001
260.6131100000001
260.80562600000013
261.00131200000015
261.18027500000017
261.37302900000014
261.5622470000001
261.74758200000014
261.9329760000001
262.1149020000001
262.2934180000001
262.4715430000001
262.6625770000001
262.84943700000014
263.0717710000001
263.27460200000013
263.46837500000015
263.6618300000001
263.86307700000015
264.0610770000001
264.25816600000013
264.4557760000001
264.6484360000001
264.83799900000014
265.0313860000001
265.2236370000001
265.44577800000013
265.6482780000001
265.84781300000014
266.05866300000014
266.24971600000015
266.4364180000002
266.62862500000017
266.81214700000015
267.00292900000017
267.1957540000002
267.3925680000002
267.6178050000002
267.82175300000023
268.01350000000025
268.2093180000002
268.3921840000002
268.5726230000002
268.7507840000002
268.9312270000002
269.0927500000002
269.2591530000002
269.4325220000002
269.59800500000017
269.77745600000014
269.95286300000015
270.11796400000014
270.29558000000014
270.47544300000015
270.64497200000017
270.8295830000002
271.02875500000016
271.20195800000016
271.36892900000015
271.5334310000002
271.69937100000016
271.8590100000002
272.0195870000002
272.19761700000015
272.36602800000014
272.56822600000015
272.75367600000015
272.94105800000017
273.1334350000002
273.3176980000002
273.50241000000017
273.68079900000015
273.8784850000001
274.05874900000015
274.24611100000016
274.42660500000017
274.6182590000002
274.7879320000002
274.9571220000002
275.1235270000002
275.30149200000017
275.48611100000016
275.68045500000017
275.8766610000002
276.06916400000017
276.2596930000002
276.4393850000002
276.61842600000017
276.7974310000002
276.9862580000002
277.1650570000002
277.3305410000002
277.4990820000002
277.6768650000002
277.8500980000002
278.0327280000002
278.21042100000017
278.3842240000002
278.5736300000002
278.7532800000002
278.9549810000002
279.1271800000002
279.29701700000015
279.4551910000001
279.6296660000001
279.8043880000001
279.9699330000001
280.1356340000001
280.3099110000001
280.4875370000001
280.6499940000001
280.8041090000001
280.9620060000001
281.13420700000006
281.32414800000004
281.49196500000005
281.66692000000006
281.84663500000005
282.02763000000004
282.205839
282.386703
282.568306
282.75702
282.931419
283.109245
283.306876
283.496471
283.68456
283.869038
284.062146
284.251737
284.42945
284.60943699999996
284.79210399999994
284.97370799999993
285.1558979999999
285.3319219999999
285.5263379999999
285.7241309999999
285.9035889999999
286.0847819999999
286.2908289999999
286.4733949999999
286.66424299999994
286.84300299999995
287.026193
287.209192
287.387544
287.561754
287.730645
287.903016
288.07766399999997
288.27421999999996
288.45420699999994
288.6453379999999
288.8159309999999
288.99758899999995
289.16991099999996
289.34171799999996
289.52426099999997
289.70986999999997
289.894913
290.09005599999995
290.31273899999997
290.518221
290.749142
290.964541
291.162164
291.36600500000003
291.56304100000006
291.76377700000006
291.97293800000006
292.17660700000005
292.38109800000007
292.58076700000004
292.796239
293.016841
293.220336
293.41785899999996
293.613009
293.80681
293.99084899999997
294.17549899999995
294.36396899999994
294.55380999999994
294.7423329999999
294.9309109999999
295.10862899999995
295.29373899999996
295.50085499999994
295.68845799999997
295.87810399999995
296.06304499999993
296.2523289999999
296.43279399999994
296.6099679999999
296.80779199999995
296.99391599999996
297.20089099999996
297.37647899999996
297.55287699999997
297.76052899999996
297.94262799999996
298.129648
298.31035199999997
298.48502999999994
298.67894599999994
298.86614899999995
299.05371699999995
299.23970599999996
299.41917099999995
299.59779799999995
299.76981299999994
299.94314199999997
300.12697699999995
300.3068549999999
300.4843429999999
300.6637559999999
300.8408409999999
301.0256389999999
301.2692099999999
301.4664809999999
301.65304599999985
301.84520899999984
302.04378699999984
302.22691299999985
302.39572999999984
302.56618999999984
302.72826599999985
302.89329599999985
303.06278199999986
303.23305299999987
303.39993299999986
303.56863699999985
303.74616099999986
303.92433899999986
304.10213199999987
304.30303399999985
304.4834749999998
304.6595829999998
304.8163089999998
304.96602199999984
305.12118899999984
305.27260099999984
305.42731299999986
305.58738599999987
305.74597999999986
305.90729299999987
306.0792719999999
306.2827139999999
306.45410299999986
306.6346619999999
306.80775999999986
306.97552299999984
307.15054199999986
307.31891099999984
307.47812899999985
307.64133899999985
307.80429399999986
307.95525199999986
308.1103479999999
308.27599199999986
308.44789599999984
308.63489499999986
308.8447429999999
309.03272099999987
309.2241729999999
309.4109829999999
309.60125599999986
309.7830539999999
309.9907499999999
310.1691039999999
310.3474689999999
310.51527899999985
310.69944399999986
310.88462799999985
311.06607499999984
311.2515319999998
311.44488499999983
311.63830099999984
311.82609599999984
312.01687399999986
312.2018199999999
312.3860729999999
312.5887259999999
312.7751729999999
312.9598559999999
313.1566959999999
313.3441949999999
313.5314399999999
313.7136049999999
313.9088719999999
314.1053599999999
314.2922179999999
314.4704409999999
314.65081499999985
314.84157699999986
315.0204019999999
315.2206809999999
315.4212209999999
315.6010269999999
315.77921099999986
315.95724299999983
316.13915499999985
316.33946599999985
316.52648599999986
316.7278229999999
316.94151599999987
317.12743899999987
317.3139379999999
317.5210239999999
317.7221959999999
317.9151879999999
318.1038369999999
318.28580899999986
318.49332199999986
318.6937129999999
318.8877029999999
319.0763259999999
319.2550169999999
319.4436149999999
319.6230599999999
319.8234459999999
320.0182589999999
320.2065719999999
320.3958049999999
320.5804249999999
320.7623989999999
320.9539909999999
321.1382739999999
321.33445599999993
321.51986199999993
321.7036329999999
321.8869519999999
322.0993459999999
322.2960069999999
322.49304699999993
322.6864319999999
322.87612999999993
323.05702299999996
323.239154
323.426947
323.62426999999997
323.809694
323.992805
324.18310699999995
324.388091
324.643518
324.856458
325.06576199999995
325.27381099999997
325.47552399999995
325.67429599999997
325.86274599999996
326.062303
326.249414
326.434907
326.629505
326.828693
327.034308
327.226493
327.456182
327.664529
327.866394
328.078461
328.277336
328.47790399999997
328.674763
328.864375
329.07187799999997
329.27043899999995
329.468082
329.668022
329.878438
330.082266
330.286541
330.526361
330.736333
330.952027
331.15326899999997
331.350691
331.541132
331.745219
331.965499
332.16938200000004
332.378863
332.58655300000004
332.83051500000005
333.05653000000007
333.27700200000004
333.49568800000003
333.713366
333.93466
334.14326900000003
334.354144
334.56275
334.760585
334.95894
335.158576
335.361691
335.574017
335.77304100000003
335.97542300000003
336.17957
336.381181
336.58080600000005
336.79903800000005
337.03419500000007
337.23656300000005
337.43874000000005
337.64904600000006
337.84714800000006
338.06151200000005
338.2489810000001
338.45737700000006
338.6577030000001
338.85203500000006
339.0595860000001
339.24256600000007
339.44501800000006
339.63855900000004
339.82525400000003
340.02754600000003
340.219356
340.410371
340.597637
340.788062
340.970207
341.163297
341.361955
341.561195
341.764237
341.95879199999996
342.144056
342.327592
342.530381
342.719159
342.906762
343.089464
343.274835
343.458209
343.646355
343.836496
344.02090100000004
344.21085500000004
344.41223700000006
344.5976610000001
344.79146900000006
345.0090440000001
345.2101810000001
345.4008370000001
345.5858530000001
345.7715390000001
345.9686750000001
346.1563510000001
346.3293110000001
346.51030700000007
346.68932600000005
346.86133700000005
347.04475500000007
347.22800700000005
347.42514500000004
347.65631
347.86041500000005
348.06106500000004
348.25938800000006
348.44814600000007
348.63819700000005
348.82193000000007
349.0101650000001
349.1919820000001
349.38086900000013
349.5613010000001
349.75194400000015
349.95482200000015
350.14872300000013
350.3472170000001
350.5748180000001
350.7969900000001
351.0063720000001
351.2044820000001
351.4003250000001
351.59504300000015
351.78528600000016
351.97221700000017
352.1568750000002
352.3488670000002
352.5322350000002
352.71102900000017
352.9002800000002
353.0864500000002
353.27974200000017
353.4990520000002
353.69544900000017
353.8978260000002
354.0960100000002
354.2941530000002
354.5003930000002
354.7029030000002
354.9307230000002
355.11704600000024
355.30902800000024
355.49801300000024
355.6875240000002
355.8638190000002
356.04577000000023
356.23383000000024
356.43014700000026
356.61855000000025
356.80296600000025
356.98004000000026
357.17433700000026
357.36481800000024
357.55396300000024
357.7449790000002
357.9279990000002
358.1101430000002
358.2974260000002
358.4790730000002
358.65852400000017
358.8289480000002
359.0034750000002
359.1702320000002
359.3455160000002
359.5631090000002
359.76706300000023
359.96306700000025
360.1786070000002
360.36788400000023
360.55317200000025
360.72901400000023
360.89907800000026
361.0703600000003
361.2392150000003
361.4066480000003
361.5710300000003
361.7391810000003
361.8995380000003
362.0576770000003
362.2155010000003
362.3708960000003
362.5171830000003
362.6633010000003
362.8081810000003
362.9666720000003
363.1227360000003
363.2826120000003
363.44729600000034
363.59455200000036
363.74355600000035
363.8956300000004
364.0498240000004
364.2031300000004
364.3533380000004
364.5108860000004
364.65853300000043
364.81516700000043
364.9737390000004
365.14164400000044
365.3015010000004
365.4716020000004
365.62962200000044
365.78000900000046
365.93020700000045
366.0908590000005
366.2438210000005
366.4010140000005
366.5492620000005
366.7019160000005
366.8758170000005
367.03523000000047
367.19301100000047
367.3482660000005
367.50270300000045
367.65524100000044
367.80735100000044
367.96346700000043
368.12106400000044
368.28410800000046
368.44797100000045
368.61343000000045
368.76588000000044
368.94249800000046
369.09865200000047
369.25992900000045
369.42260200000044
369.58189200000044
369.73878700000046
369.90134300000045
370.0707960000004
370.2413000000004
370.4057560000004
370.5571230000004
370.70775500000036
370.85856300000034
371.0253120000003
371.1878070000003
371.3362520000003
371.4877300000003
371.6283970000003
371.7853730000003
371.9285630000003
372.0712530000003
372.21533300000027
372.3637860000003
372.49953500000026
372.63843200000025
372.78191600000025
372.92990300000025
373.06920400000024
373.20834000000025
373.3503050000003
373.5051970000003
373.65488300000027
373.80085200000025
373.9461490000003
374.0975050000003
374.2377860000003
374.4009220000003
374.56531700000033
374.7305530000003
374.91419800000034
375.09960400000034
375.29481600000037
375.4911540000004
375.6650300000004
375.8455470000004
376.02412200000043
376.19766200000043
376.36844900000045
376.54759000000047
376.72899100000046
376.91436100000044
377.08870800000045
377.25820300000044
377.43854600000043
377.6228150000004
377.8089830000004
377.9901420000004
378.1636070000004
378.34585000000044
378.51634800000045
378.6810270000004
378.84854600000045
379.01377700000046
379.17842700000045
379.34039900000045
379.49320400000045
379.64894900000047
379.8304560000005
379.98520500000046
380.14398100000045
380.30240900000047
380.4595310000005
380.61871800000046
380.78109700000044
380.95021600000047
381.1351400000005
381.2997620000005
381.4594580000005
381.62413900000047
381.80810500000047
381.9715120000005
382.1351670000005
382.3035730000005
382.4802130000005
382.6357340000005
382.7930420000005
382.9432370000005
383.0976060000005
383.2632560000005
383.4153030000005
383.5692290000005
383.7211410000005
383.8903270000005
384.0697980000005
384.2429820000005
384.4303390000005
384.5980320000005
384.7708260000005
384.9346680000005
385.1022900000005
385.2699890000005
385.44035200000053
385.6133540000005
385.7861830000005
385.9556870000005
386.12780700000053
386.3116420000005
386.48720200000054
386.66686800000053
386.84247500000055
387.0190870000005
387.2124620000005
387.40207400000054
387.59131900000057
387.7805030000006
387.97724100000056
388.1732190000006
388.3581270000006
388.5508670000006
388.7355950000006
388.9240130000006
389.11161600000065
389.29535800000065
389.48191500000064
389.65991300000064
389.84637800000064
390.03254400000066
390.21747700000066
390.39629700000063
390.5785090000006
390.7697510000006
390.9791650000006
391.1685120000006
391.3466660000006
391.5295860000006
391.7086080000006
391.8826580000006
392.0819120000006
392.2699320000006
392.4501660000006
392.6279770000006
392.8163870000006
393.0055590000006
393.2296830000006
393.4229130000006
393.6253270000006
393.8158980000006
393.9895630000006
394.1753580000006
394.3553340000006
394.53314000000057
394.70324000000056
394.8751550000006
395.0424800000006
395.21152600000056
395.37421400000056
395.54187600000057
395.71677400000056
395.88727000000057
396.07077000000055
396.2442340000006
396.42518600000056
396.6083370000006
396.77803700000055
396.94844900000055
397.11229000000054
397.27860400000054
397.44487400000054
397.62254700000057
397.8061270000006
397.9883770000006
398.16289500000056
398.33596000000057
398.51197800000057
398.68232500000056
398.84779000000054
399.02092700000054
399.18093700000054
399.35195200000055
399.52368800000056
399.69546000000054
399.86680600000057
400.0427010000006
400.2477650000006
400.4218150000006
400.5975370000006
400.7848810000006
400.9589060000006
401.1586490000006
401.3653990000006
401.5485030000006
401.7343640000006
401.9182880000006
402.09902000000056
402.28292400000055
402.4665400000005
402.64324500000055
402.81490900000057
402.9930800000006
403.1624820000006
403.33830500000056
403.5107580000006
403.6865730000006
403.8625350000006
404.03151800000063
404.2159660000006
404.4014850000006
404.5829060000006
404.7580960000006
404.9271360000006
405.0960070000006
405.2686530000006
405.4463280000006
405.6236480000006
405.8183810000006
406.0027590000006
406.1799170000006
406.3628980000006
406.5275740000006
406.69691000000057
406.88874400000054
407.06922100000054
407.2516150000005
407.4485740000005
407.62498900000054
407.8089820000005
407.98373300000054
408.17681100000055
408.35656400000056
408.53594600000054
408.71828600000055
408.89900000000057
409.0866060000006
409.2703600000006
409.44733500000063
409.6394780000006
409.8321370000006
410.0188680000006
410.2041470000006
410.3863440000006
410.5672700000006
410.77112100000056
410.96742100000057
411.17264700000055
411.36590900000056
411.5505190000006
411.7259260000006
411.9025640000006
412.0831470000006
412.2680010000006
412.4503730000006
412.6419860000006
412.8175350000006
413.02852500000057
413.2440020000006
413.4389980000006
413.6240520000006
413.8144960000006
414.0097370000006
414.1982550000006
414.40059900000057
414.5925550000006
414.7951340000006
414.9774040000006
415.1604000000006
415.3424140000006
415.5260090000006
415.6977590000006
415.8840340000006
416.0641110000006
416.2388880000006
416.4085910000006
416.58271100000064
416.74907000000064
416.93129300000066
417.10336900000067
417.2774870000007
417.4478240000007
417.6040620000007
417.76495600000067
417.92803900000064
418.09405500000065
418.26380000000063
418.43094000000065
418.59423000000066
418.76370700000064
418.92812600000065
419.0875390000006
419.2473010000006
419.41561000000064
419.5866150000006
419.7476240000006
419.9171260000006
420.0869390000006
420.2428760000006
420.4032930000006
420.5693960000006
420.7310930000006
420.9084140000006
421.0797930000006
421.2682900000006
421.4415550000006
421.6174170000006
421.7960800000006
421.9732650000006
422.1406300000006
422.32163500000064
422.50863000000066
422.69496800000064
422.87892300000067
423.04846500000065
423.21377200000063
423.37897700000065
423.55074300000064
423.7296970000006
423.9047870000006
424.0742070000006
424.2430940000006
424.4082580000006
424.5641240000006
424.7221770000006
424.8798660000006
425.0450090000006
425.2137180000006
425.3935710000006
425.56086100000056
425.73252200000053
425.92375000000055
426.10684600000053
426.2872550000005
426.45818100000054
426.62437400000056
426.79379500000056
426.96076500000055
427.13421400000055
427.31210000000056
427.48905100000053
427.66582300000056
427.84347200000053
428.05710900000054
428.25814100000053
428.45134900000056
428.64214500000054
428.82946000000055
429.02647900000056
429.21627900000055
429.40483900000055
429.60300900000055
429.80474100000055
430.01742900000056
430.2193270000006
430.4342230000006
430.6863480000006
430.90627500000056
431.12968300000057
431.33648500000055
431.55085000000054
431.7583960000005
431.96254700000054
432.17346000000055
432.37341200000054
432.57381000000055
432.78610300000054
432.98521000000056
433.17930700000056
433.38672000000054
433.5922850000005
433.80625200000054
434.01588600000053
434.2321250000005
434.4475510000005
434.6831850000005
434.90604200000047
435.1349410000005
435.3592060000005
435.5704130000005
435.7803370000005
435.98822000000047
436.1980470000005
436.40644600000047
436.6180780000005
436.8449570000005
437.06351300000046
437.2863530000005
437.5090880000005
437.76375100000047
438.0058870000005
438.22577300000046
438.44203300000044
438.66067100000043
438.8755300000004
439.0816720000004
439.2906750000004
439.5033930000004
439.71466100000043
439.9328060000004
440.14574300000044
440.36467100000044
440.57740700000045
440.83158800000047
441.05333100000047
441.26225300000044
441.47613700000045
441.67563500000045
441.87710300000043
442.06637200000046
442.25677800000045
442.4394280000005
442.6359530000005
442.8378350000005
443.0282510000005
443.2253630000005
443.4264240000005
443.6226190000005
443.8381430000005
444.04240700000054
444.25275200000056
444.44384900000057
444.6325340000006
444.8133830000006
445.0049200000006
445.1940150000006
445.3826330000006
445.56938500000064
445.75867600000066
445.94935000000066
446.13806500000067
446.3317720000007
446.5143820000007
446.7031640000007
446.8897930000007
447.08272500000066
447.2845330000007
447.47704000000067
447.6690150000007
447.8487600000007
448.05081600000074
448.24488200000076
448.4348280000008
448.6244690000008
448.81629400000077
448.99582200000077
449.18690600000076
449.39241500000077
449.58930600000076
449.7717090000008
449.9527170000008
450.1231330000008
450.3019180000008
450.4788040000008
450.6802600000008
450.8608490000008
451.0369380000008
451.2150490000008
451.3876980000008
451.5805860000008
451.75571200000076
451.93571300000076
452.12326900000073
452.2921120000007
452.47778100000073
452.65910400000075
452.83420000000075
453.00578300000075
453.2158970000007
453.40719400000074
453.59764800000073
453.78277800000075
453.9682620000007
454.1545950000007
454.3418440000007
454.5479710000007
454.7461460000007
454.9440510000007
455.1414270000007
455.3344580000007
455.54863000000074
455.75935800000076
455.96002900000076
456.1600610000008
456.34867200000076
456.5357340000008
456.7124510000008
456.91083300000076
457.1058440000008
457.2909350000008
457.4819210000008
457.6793570000008
457.8654960000008
458.0403710000008
458.2359650000008
458.4309210000008
458.6078670000008
458.78524600000077
458.9696970000008
459.15324500000077
459.35142100000076
459.54126300000075
459.73111200000073
459.91802700000073
460.09773200000075
460.27935100000076
460.4652690000008
460.66466400000076
460.85390500000074
461.05127900000076
461.23761800000074
461.4172660000007
461.6076270000007
461.8064930000007
462.0076430000007
462.2278870000007
462.4197700000007
462.6215100000007
462.80973500000067
463.0060150000007
463.1958540000007
463.3955480000007
463.6002230000007
463.8004450000007
464.0059150000007
464.2077130000007
464.4027730000007
464.5978530000007
464.8100760000007
465.01387300000073
465.21897600000074
465.4199670000007
465.6259330000007
465.8269880000007
466.0454480000007
466.2681110000007
466.4744660000007
466.6896520000007
466.8918030000007
467.08668300000073
467.29057200000074
467.51141600000074
467.72028500000073
467.9265860000007
468.1372370000007
468.3374540000007
468.54881400000073
468.7864620000007
469.0063990000007
469.22716600000075
469.43026000000077
469.63789400000076
469.8610040000008
470.07035300000075
470.2831050000008
470.47705300000075
470.6721270000007
470.88321100000076
471.0859450000008
471.2840960000008
471.4780750000008
471.6722780000008
471.8983620000008
472.0890800000008
472.28069500000083
472.4749820000008
472.6538870000008
472.8623440000008
473.0514960000008
473.2274860000008
473.4082180000008
473.5726820000008
473.7448740000008
473.9112460000008
474.09130500000083
474.25819900000084
474.43161000000083
474.61538600000085
474.78675900000087
474.95765400000084
475.1250810000008
475.2984420000008
475.4694880000008
475.6360710000008
475.7979040000008
475.9555810000008
476.1033190000008
476.2625170000008
476.4205970000008
476.58282400000076
476.7493770000008
476.93929700000075
477.10926300000074
477.2825840000007
477.46169800000075
477.63550200000077
477.80504000000076
477.9760730000008
478.14764300000076
478.30964100000074
478.4711010000007
478.6299680000007
478.7971300000007
478.96347900000075
479.12849300000073
479.28897500000073
479.4622570000007
479.62273000000073
479.7960970000007
479.9602940000007
480.11714300000074
480.30004600000075
480.47489600000074
480.64498200000077
480.81564300000076
480.97298200000074
481.12966200000074
481.28226700000073
481.4399440000007
481.5995100000007
481.7475590000007
481.8977490000007
482.0492050000007
482.2068220000007
482.35453800000073
482.5099210000007
482.6664860000007
482.8197390000007
482.99513900000073
483.1567360000007
483.3148730000007
483.4685620000007
483.6259820000007
483.7939630000007
483.9610740000007
484.11366500000065
484.28736700000064
484.45787400000063
484.61576000000065
484.77879300000063
484.9385140000006
485.0888750000006
485.2414160000006
485.3913640000006
485.53454100000056
485.68293200000056
485.82782000000054
485.9680240000005
486.1125740000005
486.2524420000005
486.3999260000005
486.5418060000005
486.69770900000054
486.8524830000005
487.03990900000053
487.20392200000055
487.3629940000005
487.5119710000005
487.6768950000005
487.8222460000005
487.96122200000053
488.11715800000053
488.2628540000005
488.4194510000005
488.5864830000005
488.7491440000005
488.9080540000005
489.0613260000005
489.2400790000005
489.40842900000047
489.5657100000005
489.72120000000047
489.86655200000047
490.0089720000005
490.15214600000047
490.3128260000005
490.4883600000005
490.6597260000005
490.8152120000005
490.9852550000005
491.1395300000005
491.2860590000005
491.43153500000045
491.58662100000043
491.7436680000004
491.8794600000004
492.0270440000004
492.1769000000004
492.32356600000037
492.50630300000034
492.6701250000003
492.83582900000033
492.98842500000035
493.13758200000035
493.28636400000033
493.4322830000003
493.57317000000035
493.72430900000035
493.87182700000034
494.01654200000036
494.16911700000037
494.3470220000004
494.5300830000004
494.7023920000004
494.87125200000037
495.02868000000035
495.19049400000034
495.36184300000036
495.5390930000004
495.7040530000004
495.8836230000004
496.0381960000004
496.21431600000045
496.3785950000005
496.54211800000047
496.7370660000005
496.9141400000005
497.0946150000005
497.2681560000005
497.4390140000005
497.6284320000005
497.8088970000005
497.97087900000054
498.12507900000054
498.27465800000056
498.45276900000056
498.61224500000054
498.77742800000055
498.93422400000054
499.08990600000055
499.26974700000056
499.43867900000055
499.60198300000053
499.7478600000005
499.8983710000005
500.0443160000005
500.1950880000005
500.34939200000053
500.4970490000005
500.6489420000005
500.8001000000005
500.96095400000047
501.1221930000005
501.2753830000005
501.4765460000005
501.6401490000005
501.8082670000005
501.9762670000005
502.1255000000005
502.2772470000005
502.4189280000005
502.5620820000005
502.6914400000005
502.8267850000005
502.9655140000005
503.10608200000047
503.24378000000047
503.38490500000046
503.53883400000046
503.68212500000044
503.82324800000043
503.96895400000045
504.13175100000046
504.2893410000005
504.4405250000005
504.5930510000005
504.7467180000005
504.9005540000005
505.0593530000005
505.2173510000005
505.3727910000005
505.5260460000005
505.6760160000005
505.8315070000005
505.9843150000005
506.1301410000005
506.28133500000047
506.4269060000005
506.5946420000005
506.7552110000005
506.91171600000047
507.06466100000046
507.22232800000046
507.37409500000047
507.54007300000046
507.71627900000044
507.8762310000004
508.05582000000044
508.23302800000044
508.39864100000045
508.56166700000045
508.73649800000044
508.8945980000004
509.0558240000004
509.2262170000004
509.38574600000044
509.5468230000004
509.7211520000004
509.89572100000044
510.0985600000004
510.2761050000004
510.45621300000045
510.64412100000044
510.81369600000045
510.98055500000044
511.15532500000046
511.31635700000044
511.46534800000046
511.62234700000045
511.78329400000047
511.9412910000005
512.1061760000005
512.2619030000004
512.4219440000004
512.5821830000004
512.7651830000004
512.9338450000005
513.0907470000004
513.2468030000005
513.3957890000005
513.5546260000004
513.7134550000004
513.8651070000004
514.0291610000004
514.1817150000004
514.3380200000004
514.5031700000004
514.6870660000004
514.8588130000004
515.0294860000004
515.2025280000004
515.3552640000004
515.5164160000004
515.6732250000003
515.8324480000003
515.9912170000003
516.1572130000003
516.3208270000003
516.4819800000004
516.6546090000004
516.8180900000004
516.9931050000005
517.1660140000005
517.3415900000005
517.5293450000005
517.6984050000004
517.8648320000004
518.0461020000005
518.2076780000004
518.3633870000004
518.5262480000005
518.6877750000004
518.8456550000004
519.0007560000004
519.1540060000003
519.3258010000003
519.4873850000002
519.6409180000003
519.7925720000003
519.9446260000003
520.0975900000003
520.2610400000003
520.4512430000003
520.6312360000003
520.7982270000003
520.9573690000003
521.1167800000003
521.2654180000003
521.4127850000003
521.5717010000003
521.7207000000003
521.8788190000004
522.0348080000003
522.1990010000003
522.3563040000003
522.5167760000003
522.6901450000003
522.8420070000003
523.0088050000003
523.1821750000003
523.3394790000002
523.4906320000002
523.6417470000002
523.7878240000002
523.9484020000002
524.0977250000002
524.2518960000002
524.4068420000002
524.5616000000002
524.7204990000002
524.8873050000002
525.0479250000002
525.2069260000002
525.3637350000001
525.5162940000001
525.6621020000001
525.8119730000001
525.9723050000001
526.1341210000002
526.2885760000001
526.4398310000001
526.5957620000001
526.7698830000002
526.9365560000001
527.1034360000001
527.257816
527.431737
527.599225
527.7784660000001
527.963685
528.131968
528.3043690000001
528.4647550000001
528.6453570000001
528.8175330000001
528.9978920000001
529.1664280000001
529.3321940000001
529.4908280000001
529.6515320000001
529.8269040000001
529.9860950000001
530.1498610000001
530.310276
530.485035
530.6637850000001
530.826988
531.008773
531.177688
531.348378
531.510891
531.675937
531.840545
532.005458
532.173005
532.347292
532.531201
532.712355
532.888627
533.062898
533.235785
533.4152909999999
533.5971639999999
533.773929
533.9508629999999
534.1158679999999
534.2937449999998
534.4651439999998
534.6486729999998
534.8296039999998
535.0125889999998
535.2017649999998
535.3805929999997
535.5762819999998
535.7610249999998
535.9445379999997
536.1267149999998
536.3120359999998
536.4903699999998
536.6848119999997
536.8760879999998
537.0665169999997
537.2508629999998
537.4363819999998
537.6148869999997
537.8244729999997
538.0191729999997
538.2114419999997
538.3938899999997
538.5776289999997
538.7721239999996
538.9665689999996
539.1544009999996
539.3593059999996
539.5416269999996
539.7214199999996
539.8977569999996
540.1010889999997
540.3019309999996
540.5032579999996
540.6868509999996
540.8705199999996
541.0732029999996
541.2829149999995
541.4838119999996
541.6789539999996
541.8699079999997
542.0670489999997
542.2706509999997
542.4764449999997
542.6764629999997
542.8853789999997
543.0816689999997
543.2735759999997
543.4741199999997
543.6820399999997
543.8886689999997
544.0966689999997
544.2916039999997
544.4797749999997
544.6801129999997
544.8878349999997
545.0909169999996
545.2950999999996
545.4927679999996
545.6868919999996
545.8787249999996
546.0912839999996
546.3007839999997
546.5071229999996
546.7125579999996
546.9104059999996
547.1117589999997
547.3122159999997
547.5223329999997
547.7237029999997
547.9212949999996
548.1182719999996
548.3196619999995
548.5068749999996
548.7093869999995
548.9063149999995
549.0948179999995
549.2901449999995
549.4705149999995
549.6424079999995
549.8421799999995
550.0305479999995
550.2144409999995
550.4015589999996
550.5885069999996
550.7683899999996
550.9672789999996
551.1750329999996
551.3559099999997
551.5457639999996
551.7392049999996
551.9326069999996
552.1096509999996
552.2987559999997
552.4827189999996
552.6680289999996
552.8416769999995
553.0143879999996
553.1850509999996
553.3722309999996
553.5566779999996
553.7349459999996
553.9009619999996
554.0635529999996
554.2229259999996
554.3970329999996
554.5806309999996
554.7541309999996
554.9279719999996
555.1025139999996
555.2686289999996
555.4517129999996
555.6300279999996
555.8059869999996
555.9831679999996
556.1542779999996
556.3162509999996
556.4797269999996
556.6487379999995
556.8220369999996
556.9970369999995
557.1683589999996
557.3424739999996
557.5109429999995
557.6962639999996
557.8729819999996
558.0432499999996
558.2107089999996
558.3734569999996
558.5320999999996
558.7079679999996
558.8793029999996
559.0496229999995
559.2291909999996
559.4111879999996
559.5851809999996
559.7554829999996
559.9231009999995
560.0845919999995
560.2447379999995
560.4110109999996
560.5781729999995
560.7424509999995
560.9021659999995
561.0636489999995
561.2293219999995
561.4012719999995
561.5751739999995
561.7392499999995
561.9061489999995
562.0666959999994
562.2417889999994
562.4150859999994
562.5814909999995
562.7497179999995
562.9160019999995
563.0775229999995
563.2450969999994
563.4117739999995
563.5724489999994
563.7396849999994
563.8951699999994
564.0488879999995
564.2267179999994
564.3895139999994
564.5634749999994
564.7536899999993
564.9267059999993
565.1396729999993
565.3228689999993
565.5114829999993
565.6829569999993
565.8606729999993
566.0271799999994
566.1913979999994
566.3701059999994
566.5641809999994
566.7492359999994
566.9183219999994
567.1004399999994
567.3056089999993
567.4905969999993
567.6724589999993
567.8509459999993
568.0276569999993
568.2057999999993
568.4006989999992
568.5745869999993
568.7661849999993
568.9484139999993
569.1327999999993
569.3257589999993
569.5407989999993
569.7447109999993
569.9319579999992
570.1143679999992
570.2866809999992
570.4560799999992
570.6563699999992
570.8515949999993
571.0382159999992
571.2257169999992
571.4257279999993
571.6228499999993
571.8169929999993
571.9922739999994
572.1729649999994
572.3448049999994
572.5370359999994
572.7337789999993
572.9204949999994
573.1191339999993
573.3063979999994
573.5245329999993
573.7233109999993
573.9274179999993
574.1335929999993
574.3373589999993
574.5406069999993
574.7392759999993
574.9608479999994
575.1715649999994
575.3814759999995
575.6062449999995
575.8137659999995
576.0463469999995
576.2670279999995
576.4808319999995
576.7009949999995
576.9264839999995
577.1625159999995
577.3969739999995
577.6268619999995
577.8580639999996
578.0920899999995
578.3503739999995
578.5996229999995
578.8380169999995
579.0796169999994
579.3166549999994
579.5452359999994
579.7945909999994
580.0671499999994
580.2903619999994
580.5135689999994
580.7396399999994
580.9715019999994
581.2213289999994
581.4778229999994
581.7098039999994
581.9379929999994
582.1950459999995
582.4637599999995
582.7067279999995
582.9344029999995
583.1600509999995
583.3863709999995
583.6288019999995
583.8763389999995
584.1099369999995
584.3358669999994
584.5765369999995
584.8200499999995
585.0613599999995
585.3151929999995
585.5518129999995
585.7818859999994
586.0136219999994
586.2746599999994
586.5055609999994
586.7301099999994
586.9509929999994
587.1663049999994
587.3773829999994
587.6066179999995
587.8244959999995
588.0486649999995
588.2596149999995
588.4764159999995
588.7079529999995
588.9603679999996
589.1841899999996
589.4027319999996
589.6202589999996
589.8384789999996
590.0741939999996
590.3003869999995
590.5266159999995
590.7519819999995
590.9780119999996
591.1881409999996
591.4234819999996
591.6498159999995
591.8675719999995
592.0823469999996
592.2954449999995
592.5373909999995
592.7651379999995
592.9903069999996
593.2112899999996
593.4301109999997
593.6634289999997
593.9028009999997
594.1310399999998
594.3583329999998
594.5851069999998
594.8055339999997
595.0463519999997
595.2845499999997
595.5214379999998
595.7514099999997
595.9773579999998
596.2027079999998
596.4444659999998
596.7000209999998
596.9371829999998
597.1654629999998
597.4006779999999
597.6247559999998
597.8782929999999
598.1166649999999
598.3551569999998
598.5914319999998
598.8252509999999
599.0898989999998
599.3455929999998
599.5933999999997
599.8430099999997
600.0828159999998
600.3242919999998
600.5802029999998
600.8227449999997
601.0722859999997
601.3109359999997
601.5434029999998
601.8257489999997
602.0773349999997
602.3254419999997
602.5736799999997
602.8120399999997
603.0420359999997
603.2950609999997
603.5393829999997
603.7727289999997
604.0066409999997
604.2365719999997
604.4719839999997
604.7300149999996
604.9732319999996
605.2082249999996
605.4359639999997
605.6634359999997
605.9239139999997
606.1641079999997
606.3982719999997
606.6270049999997
606.8637119999997
607.0927429999997
607.3217569999997
607.5525469999997
607.7999979999996
608.0397419999996
608.2698869999996
608.5110249999996
608.7836589999996
609.0213299999996
609.2478109999996
609.4757119999996
609.6950259999996
609.9126569999996
610.1345679999996
610.3642099999996
610.6157859999996
610.8302549999996
611.0437999999996
611.2579589999996
611.4775089999996
611.7005739999996
611.9693479999996
612.2075489999996
612.4495999999996
612.6876879999995
612.9213569999995
613.1568649999995
613.3815259999994
613.6036039999995
613.8244539999995
614.0323709999994
614.2449549999994
614.4636339999994
614.6798569999994
614.8893339999994
615.0987349999994
615.3282069999993
615.5789839999993
615.7942929999994
616.0025419999994
616.2120729999994
616.4249479999994
616.6219779999994
616.8177819999994
617.0198649999994
617.2234809999994
617.4181419999994
617.6234049999994
617.8426909999994
618.0650539999993
618.2726249999994
618.4749999999993
618.6848389999993
618.9031879999993
619.1230389999993
619.3254969999992
619.5415179999992
619.7688129999992
619.9752349999992
620.1884159999992
620.4025819999991
620.6085379999992
620.8118459999992
621.0198589999992
621.2212859999992
621.4286869999992
621.6255019999992
621.8235179999992
622.0213569999993
622.2232179999993
622.4222719999993
622.6372279999994
622.8436269999994
623.0398529999994
623.2636599999994
623.4783669999994
623.6919579999993
623.8993999999993
624.1081049999993
624.3068429999994
624.5092039999994
624.7074529999994
624.9095099999994
625.0994309999994
625.3152129999994
625.5283759999994
625.7450429999994
625.9994839999995
626.2294219999994
626.4493239999995
626.6586049999995
626.8559619999995
627.0556569999995
627.2560139999996
627.4415999999995
627.6353179999995
627.8255249999995
628.0289799999995
628.2326009999995
628.4532239999995
628.6660359999995
628.8547889999995
629.0339209999995
629.2118659999995
629.3861559999996
629.5482759999995
629.7319819999996
629.9025829999996
630.0689909999996
630.2690559999996
630.4599359999996
630.6623129999996
630.8571999999996
631.0511039999996
631.2333799999996
631.4117439999995
631.5988989999995
631.7964989999995
631.9982779999995
632.1869789999995
632.3589909999995
632.5561199999995
632.7409559999995
632.9291599999996
633.1166219999996
633.3109359999995
633.4960109999995
633.6811579999995
633.8865729999995
634.0940479999996
634.2852899999996
634.4750959999996
634.6651629999996
634.8621099999996
635.0668329999995
635.2694699999995
635.4699429999995
635.6618229999995
635.8574109999995
636.0492409999995
636.2637989999995
636.4717019999995
636.6834979999995
636.9008019999995
637.1006859999995
637.2907709999995
637.4822209999995
637.6862769999996
637.8890809999996
638.0874749999996
638.2811359999996
638.4799819999996
638.6764279999996
638.8885219999996
639.0937829999996
639.2918059999996
639.4833629999996
639.6768869999996
639.8808269999996
640.0706289999996
640.2669829999996
640.4463589999997
640.6428169999997
640.8348889999997
641.0137519999997
641.2161299999997
641.4043649999996
641.5992289999997
641.7736099999997
641.9724839999998
642.1516789999998
642.3384909999999
642.5113619999998
642.6814579999998
642.8568409999998
643.0231849999998
643.1966449999998
643.3696429999998
643.5388929999998
643.7142309999998
643.8844829999998
644.0546219999998
644.2184319999998
644.3793189999998
644.5513829999998
644.7166789999998
644.8867799999998
645.0415709999999
645.1968629999999
645.3534909999998
645.5077219999998
645.6511299999999
645.8066299999998
645.9738109999998
646.1232759999998
646.2689239999999
646.4259149999998
646.5795849999998
646.7328109999999
646.8750509999999
647.0309379999999
647.1742149999999
647.3135489999999
647.4584729999998
647.6111499999998
647.7459719999998
647.8766889999998
648.0158339999998
648.1554679999998
648.2962929999998
648.4363009999997
648.5805199999998
648.7258219999998
648.8698239999998
649.0070189999998
649.1581679999998
649.3085359999998
649.4600789999997
649.6081529999997
649.7523269999997
649.8967629999997
650.0405339999998
650.1842359999997
650.3376509999997
650.4910549999997
650.6460199999997
650.8003829999997
650.9527239999996
651.0965349999997
651.2298459999997
651.3779699999998
651.5310439999997
651.6791709999998
651.8210329999997
651.9561259999997
652.1022609999997
652.2525059999997
652.3986859999997
652.5570389999997
652.7178539999996
652.8764729999997
653.0419899999997
653.1960039999997
653.3725169999997
653.5385469999997
653.6977709999996
653.8628009999996
654.0376509999996
654.2110549999996
654.3697579999996
654.5282439999996
654.7005289999996
654.8665539999996
655.0395289999996
655.2006159999995
655.3625309999995
655.5275679999995
655.7045289999995
655.8780599999996
656.0539039999995
656.2156949999995
656.3828489999995
656.5637629999995
656.7359729999995
656.9030379999995
657.0772589999995
657.2465099999995
657.4145869999995
657.5808689999996
657.7458149999995
657.9126019999995
658.1298109999996
658.3120489999995
658.4922029999996
658.6592959999996
658.8276709999996
659.0024029999995
659.1748659999995
659.3604799999995
659.5377049999995
659.7127749999995
659.8885879999995
660.0839089999995
660.2607809999995
660.4402639999995
660.6187659999995
660.8043159999995
660.9888209999995
661.1739199999995
661.3596399999994
661.5547229999994
661.7515209999993
661.9510569999993
662.1389419999994
662.3195359999994
662.5011449999994
662.6792889999994
662.8986209999994
663.0899159999993
663.2858669999994
663.4693309999993
663.6601119999993
663.8435839999994
664.0292129999993
664.2165089999993
664.4247099999993
664.6159189999993
664.8004239999992
664.9821959999992
665.1797189999993
665.3828059999993
665.5737649999993
665.7749649999993
665.9848309999993
666.1800409999993
666.3942759999993
666.5879029999993
666.7847549999993
666.9772869999994
667.1786139999994
667.3775319999994
667.5676759999994
667.7567279999994
667.9406099999994
668.1311059999995
668.3564429999994
668.5530739999995
668.7459619999995
668.9351539999996
669.1209069999995
669.3220789999996
669.5200099999996
669.7061869999997
669.8970689999996
670.0974559999996
670.3015259999996
670.4989079999996
670.6926849999995
670.8806299999995
671.0785589999996
671.2710949999996
671.4676909999996
671.6693749999996
671.8648219999995
672.0532259999995
672.2362869999995
672.4073339999995
672.6014979999995
672.7975059999995
672.9800009999996
673.1598279999996
673.3487059999997
673.5368639999997
673.7326319999997
673.9219649999998
674.1237179999998
674.3164939999998
674.5129399999998
674.7059799999998
674.8893009999998
675.0699649999998
675.2577119999997
675.4493709999997
675.6312009999997
675.8111289999997
675.9864549999998
676.1774559999998
676.3647729999998
676.5550789999998
676.7601259999998
676.9458289999998
677.1293679999998
677.3243269999998
677.5234619999998
677.7163809999997
677.9140289999997
678.1077619999996
678.3150709999996
678.5023229999996
678.6974679999996
678.8872659999996
679.0791139999997
679.2713129999996
679.4729399999997
679.6655059999997
679.8759189999997
680.0670609999997
680.2782349999998
680.4987719999998
680.6921119999998
680.8741889999999
681.0601409999999
681.2479609999999
681.4520349999999
681.653072
681.8537289999999
682.05991
682.2565069999999
682.4538839999999
682.662396
682.875823
683.0747319999999
683.2899349999999
683.4860499999999
683.6813429999999
683.8758549999999
684.0790459999998
684.2922959999999
684.4981839999998
684.6977899999998
684.8990039999999
685.0951349999999
685.2994449999999
685.4965569999998
685.6874019999998
685.8874549999998
686.0771149999998
686.2793239999999
686.5022049999999
686.7110109999999
686.9159669999999
687.1341539999999
687.3363129999999
687.5307439999999
687.7457729999999
687.9472489999998
688.1428209999998
688.3459519999998
688.5460909999998
688.7521129999998
688.9480439999998
689.1497469999997
689.3394489999997
689.5193009999997
689.7048159999997
689.9039019999997
690.0956139999997
690.2981929999997
690.4997599999997
690.6930299999997
690.8871319999997
691.0745739999998
691.2677599999997
691.4596889999997
691.6646469999997
691.8710799999997
692.0898569999997
692.2905239999997
692.4817879999997
692.6710529999997
692.8713889999997
693.0621319999997
693.2674269999997
693.4608519999997
693.6495279999997
693.8447569999997
694.0515269999997
694.2610889999997
694.4675889999997
694.6733859999997
694.8629759999997
695.0614909999997
695.2529649999997
695.4444039999996
695.6331989999996
695.8185609999997
695.9990679999997
696.1860849999997
696.3697009999997
696.5673609999998
696.7472229999997
696.9223049999997
697.0965439999997
697.2694779999997
697.4506669999997
697.6314879999998
697.8158249999998
697.9997909999998
698.1790829999999
698.3573519999999
698.5391629999999
698.7075639999999
698.877451
699.0481649999999
699.2136589999999
699.383668
699.5572599999999
699.7194199999999
699.8988199999999
700.0899959999999
700.267391
700.433817
700.609696
700.794847
700.963068
701.132554
701.305328
701.487506
701.663709
701.843709
702.017261
702.197914
702.3827679999999
702.5657649999999
702.757617
702.950126
703.142429
703.325372
703.5179420000001
703.709008
703.892701
704.0898589999999
704.2705169999999
704.460073
704.6714979999999
704.862716
705.06083
705.259489
705.453757
705.651006
705.844103
706.0554460000001
706.248674
706.4498060000001
706.6402300000001
706.8396890000001
707.0307090000001
707.2150380000002
707.4151500000002
707.6148530000002
707.8249890000002
708.0291400000002
708.2362590000002
708.4535010000003
708.6503680000003
708.8514670000003
709.0514920000003
709.2537550000003
709.4647330000003
709.6636190000003
709.8663640000003
710.0697490000003
710.2700930000003
710.4698670000004
710.6765690000003
710.8814220000003
711.0833510000002
711.2782940000002
711.4796140000002
711.6969720000002
711.8911280000002
712.0984980000002
712.3122140000002
712.5247580000001
712.7358840000002
712.9453900000002
713.1534410000002
713.3570800000001
713.5680220000002
713.7834450000001
713.9832850000001
714.1864150000001
714.4023530000002
714.6263470000001
714.8472090000001
715.0674530000001
715.2883590000001
715.5102470000002
715.7271830000002
715.9349730000002
716.1561960000003
716.3644400000003
716.5695850000003
716.7858060000003
717.0094590000003
717.2344090000004
717.4513420000004
717.6644810000004
717.8742340000003
718.0852790000004
718.3020630000003
718.5189410000003
718.7337620000003
718.9403320000004
719.1570730000003
719.3919240000004
719.6000930000004
719.8027360000003
720.0026050000004
720.2123280000004
720.4220670000004
720.6445910000004
720.8740330000004
721.0852450000004
721.3153570000004
721.5325850000004
721.7507600000004
721.9837060000003
722.1966270000004
722.4152670000004
722.6391520000004
722.8650690000004
723.0897550000004
723.3309060000004
723.5460750000003
723.7696110000003
723.9791970000002
724.1876580000003
724.4120130000002
724.6276300000002
724.8397270000002
725.0689310000001
725.3047610000001
725.5343090000001
725.7624140000001
725.9956060000002
726.2189880000002
726.4397410000001
726.6536020000001
726.8793350000001
727.1027100000001
727.3407760000001
727.5656630000001
727.793617
728.033717
728.2580790000001
728.483323
728.7042230000001
728.9170100000001
729.1268380000001
729.3414570000001
729.5753210000001
729.8057570000002
730.0437550000001
730.2740740000002
730.4900350000001
730.7103200000001
730.9267370000001
731.1429620000001
731.3635650000001
731.5919470000001
731.8304460000002
732.0601500000001
732.2867920000001
732.5162640000001
732.7429270000001
732.9766850000001
733.214228
733.433716
733.668703
733.885246
734.1062740000001
734.3388400000001
734.5731050000002
734.8075320000002
735.0324450000002
735.2613400000001
735.4951780000001
735.7187120000001
735.9328180000001
736.1481790000001
736.3660350000001
736.5742370000002
736.7844120000002
737.0212910000002
737.2659820000002
737.4869270000003
737.7267590000002
737.9525510000002
738.1824740000002
738.4116760000002
738.6287680000002
738.8434190000002
739.0763670000001
739.2864490000002
739.5157380000002
739.7431110000001
739.9994980000001
740.2733310000001
740.5282180000002
740.7726280000002
741.0049860000001
741.2408070000001
741.4574520000001
741.6758070000001
741.891106
742.1273070000001
742.341299
742.560996
742.769862
742.978896
743.195425
743.405816
743.6421399999999
743.895226
744.133013
744.3583610000001
744.5836670000001
744.8086650000001
745.0409610000002
745.2605850000001
745.4850140000001
745.7055260000001
745.939507
746.160866
746.3813550000001
746.6042960000001
746.8193020000001
747.0390130000001
747.2667940000001
747.4983090000001
747.7326400000001
747.9867800000001
748.2276350000001
748.4691480000001
748.7049540000002
748.9272420000002
749.1527410000002
749.3716190000002
749.5899030000003
749.8160150000002
750.0323450000002
750.2510070000002
750.4806360000002
750.7067560000003
750.9377550000003
751.1738530000002
751.3901170000003
751.6037490000002
751.8121640000002
752.0334640000002
752.2542510000002
752.4739430000002
752.6872390000002
752.8911340000002
753.1032090000002
753.3071280000003
753.5213700000003
753.7374340000002
753.9426510000002
754.1462680000002
754.3579880000002
754.5691810000002
754.8030460000002
755.0430000000002
755.2738610000002
755.4976390000003
755.7202920000003
755.9592110000003
756.1967160000004
756.4234080000003
756.6540250000004
756.8719020000004
757.0901640000004
757.3255820000004
757.5437730000004
757.7653140000004
757.9845090000005
758.2042700000004
758.4191050000004
758.6393420000004
758.8639050000004
759.0877810000004
759.3050480000004
759.5258140000004
759.7418980000004
759.9521050000004
760.1650330000004
760.3862400000005
760.6084100000005
760.8361450000006
761.0527480000005
761.2677830000005
761.4801540000004
761.7033710000004
761.9078360000004
762.1150030000005
762.3285700000005
762.5385720000005
762.7887430000005
762.9914530000005
763.2080920000005
763.4216400000005
763.6225580000005
763.8248310000005
764.0352700000004
764.2402220000005
764.4422180000005
764.6431560000004
764.8614180000004
765.0601110000005
765.2571470000005
765.4571930000005
765.6667260000005
765.8819040000005
766.1224300000006
766.3515660000006
766.6022870000006
766.8418750000006
767.0777270000007
767.3102630000006
767.5390630000006
767.7798010000006
768.0068870000006
768.2340490000006
768.4668470000006
768.7095010000006
768.9367090000006
769.1718260000006
769.4063110000005
769.6440020000006
769.8866040000006
770.1177640000006
770.3498700000007
770.5724600000007
770.8032180000007
771.0262540000007
771.2724080000007
771.5027860000007
771.7416780000007
771.9760310000007
772.2143720000007
772.4462200000007
772.6614150000007
772.8884330000008
773.1034240000008
773.3292990000008
773.5419160000008
773.7632940000008
773.9765190000007
774.2112930000008
774.4349760000008
774.6450630000008
774.8566150000008
775.0735960000009
775.2838580000008
775.4992250000008
775.7178690000009
775.9310250000009
776.1410900000009
776.3633270000008
776.5795280000008
776.7996810000008
777.0165720000008
777.2318790000008
777.4701820000008
777.6845740000008
777.9079510000008
778.1590370000008
778.3709270000008
778.5881940000008
778.8038870000008
779.0245240000008
779.2395760000009
779.4585020000009
779.6728860000009
779.8857060000008
780.1113250000009
780.3245770000009
780.5348100000009
780.7499520000009
780.9766810000009
781.1890980000009
781.4013800000008
781.6055980000008
781.8170980000008
782.0359610000008
782.2491690000008
782.4656730000008
782.6771100000009
782.8854970000009
783.0984650000009
783.3069060000009
783.5258130000009
783.7381600000009
783.9465050000009
784.150110000001
784.364700000001
784.583166000001
784.800581000001
785.017436000001
785.233825000001
785.4466670000011
785.6629680000011
785.8756420000011
786.0872100000012
786.3030450000011
786.5172430000011
786.7306840000011
786.9506550000011
787.1601750000011
787.3750630000011
787.5904260000011
787.8040280000012
788.0194300000012
788.2305460000011
788.4425940000011
788.6595340000011
788.8822010000011
