0.018085
0.11979000000000001
0.215414
0.31027
0.40254
0.486186
0.574601
0.665579
0.7632720000000001
0.8525630000000001
0.951284
1.042314
1.129963
1.2291670000000001
1.3163330000000002
1.4047910000000001
1.4966890000000002
1.581449
1.6758380000000002
1.767022
1.863971
1.953225
2.0518
2.142912
2.233209
2.323869
2.4216040000000003
2.5225340000000003
2.6229530000000003
2.7214760000000005
2.8133270000000006
2.9091300000000007
3.005337000000001
3.106370000000001
3.190875000000001
3.280878000000001
3.377678000000001
3.4689330000000007
3.5615890000000006
3.6558480000000007
3.7547640000000007
3.8521830000000006
3.9433860000000007
4.034708000000001
4.130988000000001
4.229724000000001
4.338562000000001
4.426364000000001
4.516588000000001
4.6018690000000015
4.683771000000002
4.769845000000002
4.853950000000002
4.934070000000002
5.0252500000000015
5.108995000000002
5.201193000000002
5.276138000000001
5.356195000000001
5.440208000000001
5.518869000000001
5.596249000000001
5.679129000000001
5.7671610000000015
5.846851000000002
5.922292000000001
5.997921000000002
6.0988820000000015
6.193262000000002
6.275795000000001
6.351560000000001
6.432259000000001
6.513072000000001
6.6061130000000015
6.698614000000002
6.7805110000000015
6.862193000000001
6.950515000000001
7.030334000000001
7.114772
7.208524000000001
7.291774
7.377963
7.463
7.546938
7.636913
7.721107
7.80208
7.886906
7.9677299999999995
8.050889
8.133276
8.228329
8.315984
8.403545000000001
8.493781000000002
8.576298000000001
8.684482000000001
8.768003
8.852592
8.939798999999999
9.023750999999999
9.111956999999999
9.196708999999998
9.278978999999998
9.370434999999999
9.451538999999999
9.532149999999998
9.615714999999998
9.694169999999998
9.773486999999998
9.854708999999998
9.935737999999997
10.032013999999997
10.120767999999996
10.205623999999997
10.287539999999996
10.378035999999996
10.472642999999996
10.550317999999995
10.634258999999995
10.721130999999994
10.805435999999995
10.904958999999995
10.986054999999995
11.069343999999996
11.154876999999995
11.238482999999995
11.343418999999995
11.423229999999995
11.508013999999996
11.583640999999997
11.664344999999997
11.746990999999998
11.825870999999998
11.907585999999998
11.995045
12.076995
12.170799
12.263285
12.351253
12.42924
12.523055
12.598744
12.675752
12.749721999999998
12.825073999999999
12.898333
12.976897999999998
13.047412999999999
13.122131999999999
13.197802999999999
13.275545999999999
13.348169999999998
13.423103999999999
13.498641
13.576310999999999
13.659410999999999
13.737740999999998
13.806779999999998
13.876635999999998
13.948231999999997
14.030487999999997
14.096921999999996
14.176604999999995
14.242337999999995
14.313961999999995
14.385133999999995
14.451898999999996
14.514208999999996
14.581165999999996
14.651465999999996
14.717071999999996
14.783125999999996
14.849569999999996
14.916238999999996
14.982915999999996
15.049208999999996
15.121216999999996
15.196520999999995
15.256243999999995
15.324236999999995
15.388978999999996
15.457484999999995
15.518019999999995
15.589429999999995
15.673320999999994
15.751259999999995
15.829581999999995
15.903101999999995
15.983502999999995
16.064443999999995
16.157795999999994
16.227638999999993
16.310409999999994
16.389650999999994
16.477452999999993
16.560315999999993
16.635630999999993
16.707748999999993
16.782272999999993
16.855933999999994
16.934779999999993
17.017280999999993
17.097434999999994
17.172401999999995
17.254817999999993
17.33420999999999
17.41677199999999
17.50521999999999
17.59070599999999
17.68127699999999
17.770562999999992
17.852929999999994
17.936727999999995
18.036044999999994
18.125529999999994
18.209693999999995
18.306018999999996
18.396738999999997
18.491546999999997
18.580940999999996
18.664773999999994
18.765069999999994
18.853615999999995
18.937076999999995
19.030477999999995
19.126447999999996
19.207827999999996
19.291372999999997
19.382750999999995
19.465490999999997
19.560776999999998
19.646476
19.738202
19.827061
19.905731
19.988882
20.084927
20.171111
20.259644
20.348242000000003
20.435919000000002
20.542051
20.640593
20.734472999999998
20.841344999999997
20.948679999999996
21.039274999999996
21.131676999999996
21.221139999999995
21.310748999999994
21.411457999999993
21.49883699999999
21.58705299999999
21.67470399999999
21.771139999999992
21.85599599999999
21.94328999999999
22.028884999999992
22.110093999999993
22.200490999999992
22.292163999999993
22.380726999999993
22.473075999999992
22.56535999999999
22.65504599999999
22.74422699999999
22.84920599999999
22.94308999999999
23.03507999999999
23.12557299999999
23.23030699999999
23.31962699999999
23.41434499999999
23.50020399999999
23.59001899999999
23.676332999999993
23.768033999999993
23.858762999999993
23.950394999999993
24.043108999999994
24.131457999999995
24.223986999999994
24.321931999999993
24.410546999999994
24.503548999999992
24.598065999999992
24.685248999999992
24.77990099999999
24.868702999999993
24.965318999999994
25.060905999999992
25.166385999999992
25.260073999999992
25.365636999999992
25.460178999999993
25.554270999999993
25.647090999999993
25.73768799999999
25.82640799999999
25.91686099999999
26.00161099999999
26.10143599999999
26.19056799999999
26.286611999999987
26.37434999999999
26.46813399999999
26.565549999999988
26.672678999999988
26.759799999999988
26.853701999999988
26.94385499999999
27.033228999999988
27.12141499999999
27.21023699999999
27.29653699999999
27.38502299999999
27.48617899999999
27.58107599999999
27.67708999999999
27.766846999999988
27.868558999999987
27.956423999999988
28.084847999999987
28.195554999999988
28.289838999999986
28.382231999999988
28.471439999999987
28.561252999999986
28.654975999999987
28.742065999999987
28.83106199999999
28.91903399999999
29.00985299999999
29.09596599999999
29.18401099999999
29.27132199999999
29.36068699999999
29.449284999999993
29.536830999999992
29.628273999999994
29.720408999999993
29.814930999999994
29.913428999999994
30.006120999999993
30.100032999999993
30.20290899999999
30.29084499999999
30.38113099999999
30.47422599999999
30.56547099999999
30.660151999999993
30.756527999999992
30.853440999999993
30.942595999999995
31.034060999999994
31.125057999999996
31.232466999999996
31.319525999999996
31.411161999999997
31.500680999999997
31.593041999999997
31.695124999999997
31.792799999999996
31.897914999999998
31.992504999999998
32.088356999999995
32.18980199999999
32.279802
32.37332
32.464306
32.557243
32.652947
32.745414
32.844418
32.937619999999995
33.039176999999995
33.129923999999995
33.227672999999996
33.32397399999999
33.42244399999999
33.53533699999999
33.63209399999999
33.72473799999999
33.82077299999999
33.90932699999999
34.00497199999999
34.09428299999999
34.18412999999999
34.28418499999999
34.378571999999984
34.47094199999999
34.565044999999984
34.678423999999985
34.766916999999985
34.861710999999985
34.947586999999984
35.03765499999999
35.12757599999998
35.21320499999998
35.30501799999998
35.39800299999998
35.497565999999985
35.61603499999998
35.705438999999984
35.807847999999986
35.90822399999998
36.01732399999998
36.11146599999998
36.19433599999998
36.28771499999998
36.392308999999976
36.490435999999974
36.58809599999997
36.67126799999997
36.761959999999966
36.84791599999997
36.93468799999997
37.01848099999997
37.10262099999997
37.19106599999997
37.275113999999974
37.35849699999997
37.440850999999974
37.52423599999997
37.60544899999997
37.68845499999997
37.775935999999966
37.86344899999997
37.94998599999997
38.030402999999964
38.12691199999996
38.210464999999964
38.291583999999965
38.37882899999997
38.46610299999997
38.54997799999997
38.633940999999965
38.71381699999996
38.801934999999965
38.889577999999965
38.971963999999964
39.07449599999996
39.154282999999964
39.259688999999966
39.359205999999965
39.45044199999997
39.545349999999964
39.63648299999996
39.715146999999966
39.789188999999965
39.87078299999997
39.95954799999997
40.04928199999997
40.12694699999997
40.209469999999975
40.301550999999975
40.383953999999974
40.45678999999998
40.545744999999975
40.616428999999975
40.694229999999976
40.777904999999976
40.848909999999975
40.927068999999975
41.023525999999976
41.10265799999998
41.17680599999998
41.261353999999976
41.35098199999997
41.42617299999997
41.50727099999997
41.58155399999997
41.65854399999997
41.73893999999997
41.80855299999997
41.87296099999997
41.94495299999997
42.00715099999997
42.07190299999997
42.13873399999997
42.20015899999997
42.28298399999997
42.35973599999997
42.43487299999997
42.48979599999997
42.57029499999997
42.637890999999975
42.691651999999976
42.75845999999998
42.84515499999998
42.916435999999976
42.97128299999998
43.03076199999998
43.13929499999998
43.224446999999984
43.30050199999998
43.37112399999998
43.43521499999998
43.515375999999975
43.576932999999975
43.64036299999997
43.705746999999974
43.775017999999974
43.84885999999997
43.91179099999997
44.01126099999997
44.07965199999997
44.14945799999997
44.214567999999964
44.29340299999996
44.356588999999964
44.42506199999996
44.51277499999996
44.60284999999996
44.67956599999996
44.76045099999996
44.82401399999996
44.88939999999996
44.95982999999996
45.03447399999996
45.10638199999996
45.17852699999996
45.24945799999996
45.318930999999964
45.387053999999964
45.47050199999996
45.53761099999996
45.60009199999996
45.66960799999996
45.73373799999996
45.80825099999996
45.86885799999996
45.93099199999996
45.99885299999996
46.08409899999996
46.146968999999956
46.21481799999996
46.28661799999996
46.35204799999996
46.42183699999996
46.50212099999996
46.57790299999996
46.64022699999995
46.71770799999995
46.79556099999995
46.85833699999995
46.91620999999995
46.98140599999995
47.04797299999995
47.11105299999995
47.17215599999995
47.24774899999995
47.30633399999995
47.37468299999995
47.47004199999995
47.53932399999995
47.60040499999995
47.69850699999995
47.75962999999995
47.83969799999995
47.90169999999995
47.96533699999995
48.02348199999995
48.08751299999995
48.15262199999995
48.21714499999995
48.28145199999995
48.349818999999954
48.408884999999955
48.472862999999954
48.544477999999955
48.602846999999954
48.66864099999995
48.74059499999995
48.805175999999946
48.86461299999995
48.94039799999995
49.00151299999995
49.068281999999954
49.12831199999995
49.20182199999995
49.27052999999995
49.33315399999995
49.40048299999995
49.46087599999995
49.52604899999995
49.58699099999995
49.65651699999995
49.73639599999995
49.80619599999995
49.881403999999954
49.96523499999996
50.05018699999996
50.11615099999996
50.18099999999996
50.247874999999965
50.31669799999997
50.39105099999997
50.45945199999997
50.52374099999997
50.58782099999997
50.649736999999966
50.72052999999997
50.79784399999997
50.87184799999997
50.92900299999997
50.99824899999997
51.05923599999997
51.13286399999997
51.19124499999997
51.25910199999996
51.32111499999996
51.38841099999996
51.45734199999996
51.52214399999996
51.58170999999996
51.646273999999956
51.71565099999996
51.79179699999996
51.85065299999996
51.928930999999956
51.99604199999995
52.07897099999995
52.142071999999956
52.221179999999954
52.28703499999995
52.348754999999954
52.44452199999996
52.51600799999996
52.593547999999956
52.66065999999996
52.73878999999996
52.80310899999996
52.87126699999995
52.95682799999995
53.01722299999995
53.08549499999995
53.16758499999995
53.26398899999995
53.32744699999995
53.39702899999995
53.471290999999944
53.541174999999946
53.60544099999995
53.694407999999946
53.785450999999945
53.867611999999944
53.929286999999945
54.008427999999945
54.08038199999994
54.14544699999994
54.21558499999994
54.27535499999994
54.34975299999994
54.42650499999994
54.48611199999994
54.549246999999944
54.626448999999944
54.70781199999995
54.77667499999995
54.837982999999944
54.897980999999945
54.956914999999945
55.019712999999946
55.089307999999946
55.15366099999994
55.237520999999944
55.32400299999994
55.38545999999994
55.463239999999935
55.525874999999935
55.605750999999934
55.68540999999993
55.752071999999934
55.83079399999993
55.90686299999993
55.98073499999993
56.05212799999993
56.118068999999934
56.180863999999936
56.24482699999994
56.32091299999993
56.394038999999935
56.46323799999993
56.53667699999993
56.60816399999993
56.68671899999993
56.762903999999935
56.848674999999936
56.909205999999934
56.98985599999993
57.05358099999993
57.13149699999993
57.23143599999993
57.29245499999993
57.35494699999993
57.41918599999993
57.485061999999935
57.557178999999934
57.624712999999936
57.70231699999994
57.779533999999934
57.85261099999993
57.91591099999993
57.97355399999993
58.03937499999993
58.113394999999926
58.182851999999926
58.24924799999992
58.31891399999992
58.38082799999992
58.456767999999926
58.535098999999924
58.608483999999926
58.668634999999924
58.725418999999924
58.787223999999924
58.86081599999992
58.92502799999992
58.99602199999992
59.06322799999992
59.14760499999992
59.225511999999924
59.28520499999993
59.36538999999993
59.432432999999925
59.50760999999992
59.58933099999992
59.66298799999992
59.73605399999992
59.803198999999914
59.86587499999992
59.94016899999992
59.99812699999992
60.07721199999992
60.14251099999992
60.21394699999992
60.27522299999992
60.35555999999992
60.41837399999992
60.48277499999992
60.54452299999992
60.63420099999992
60.69973399999992
60.76277499999992
60.83464999999992
60.89545499999992
60.95713799999992
61.03415399999992
61.109761999999925
61.17500199999993
61.26456299999993
61.32027899999993
61.38923699999993
61.466158999999934
61.53483799999994
61.599730999999935
61.67097599999993
61.736702999999935
61.79812299999993
61.87044799999993
61.92682199999993
61.98824199999993
62.07942699999993
62.150897999999934
62.209662999999935
62.268734999999936
62.342950999999935
62.411825999999934
62.499470999999936
62.57216099999994
62.648482999999935
62.705874999999935
62.77684699999993
62.86096199999993
62.92750399999993
63.01483199999993
63.08016799999993
63.14870699999993
63.22071599999993
63.29970299999993
63.37238199999993
63.43743199999993
63.50486099999993
63.58570099999993
63.64764099999993
63.72735299999993
63.785736999999926
63.84210599999992
63.907950999999926
63.96331899999993
64.02317199999993
64.08146099999993
64.13895399999993
64.21068399999993
64.27541599999994
64.33878299999994
64.40369499999994
64.49149899999995
64.55661999999995
64.60261699999995
64.66503099999996
64.71883799999996
64.80681999999996
64.86053199999996
64.91820499999996
64.96922999999995
65.02092299999995
65.08922299999995
65.14413199999994
65.20462099999995
65.25613899999995
65.31311199999995
65.36859299999995
65.44189699999994
65.51314799999994
65.59104099999995
65.65882699999995
65.70978099999995
65.76966099999996
65.83069199999996
65.89010799999996
65.94802699999995
66.00380399999996
66.06613299999997
66.12713399999997
66.18659199999998
66.24548599999997
66.30010499999997
66.36432599999998
66.41991699999998
66.51115099999998
66.56193899999998
66.62534999999998
66.68291599999998
66.76093499999998
66.81935099999997
66.87570799999997
66.93800199999997
67.00081999999996
67.05955999999996
67.13107099999996
67.18858199999997
67.24992999999996
67.31172599999996
67.38767299999996
67.45126899999997
67.51927199999997
67.58474999999997
67.65270899999997
67.73035599999997
67.80668699999997
67.87848099999997
67.94977399999996
68.02537099999996
68.10159999999996
68.17662699999997
68.24427699999997
68.31487899999996
68.39177699999996
68.46719499999996
68.54120699999996
68.61683599999996
68.68709499999996
68.76488099999996
68.83716899999996
68.91070499999996
68.98941299999997
69.06276699999997
69.13699299999996
69.21058699999996
69.28203599999996
69.36489899999997
69.44316499999996
69.51535399999996
69.59494999999995
69.67126699999996
69.75406599999995
69.83159599999995
69.92752699999994
70.01861799999995
70.08948499999995
70.16386599999996
70.24354199999996
70.32303799999997
70.39233999999996
70.47411099999997
70.55988499999997
70.63772699999997
70.71914599999997
70.79253999999996
70.86672799999997
70.94012499999997
71.02141499999996
71.09727799999996
71.17031899999996
71.24879699999997
71.32237399999997
71.40245599999997
71.48042599999997
71.55779199999996
71.63330999999997
71.72058399999996
71.79563199999996
71.87385099999996
71.95863299999996
72.05606099999996
72.12857299999996
72.21561899999996
72.29111399999996
72.37614699999996
72.46119099999996
72.54071699999996
72.62229899999996
72.70076899999995
72.78667099999996
72.86915199999996
72.95038199999996
73.02416399999996
73.10418199999995
73.18030899999995
73.25832399999994
73.33476899999995
73.40889199999995
73.50450699999995
73.58876099999995
73.66890799999994
73.74814299999994
73.82453799999995
73.90247499999995
73.97736399999995
74.05360399999995
74.13908999999995
74.21572999999995
74.30068099999995
74.37739499999995
74.47456699999995
74.55795399999995
74.65053699999996
74.73349899999995
74.80916199999996
74.88830299999996
74.97026999999997
75.05611399999997
75.14975099999997
75.23040699999997
75.32007099999997
75.40079699999997
75.48241799999997
75.56194799999997
75.64100299999997
75.72777999999997
75.80439299999996
75.88821799999997
75.96772199999997
76.05095799999997
76.13652599999996
76.22292299999997
76.31689499999996
76.40243299999996
76.48500399999996
76.56970799999996
76.67106099999997
76.75302699999996
76.83093799999996
76.91392499999996
76.99340799999996
77.08192999999996
77.17386099999996
77.25975299999996
77.33926899999996
77.42431999999997
77.50663699999997
77.59044199999997
77.67287599999997
77.75969999999997
77.84433599999997
77.92628599999998
78.00909399999998
78.08690199999998
78.16421499999998
78.25329199999999
78.33727199999998
78.42504399999999
78.51580399999999
78.60271099999999
78.69261099999999
78.78045399999999
78.869706
78.955255
79.03637699999999
79.12799499999998
79.21046699999998
79.30004699999998
79.38254999999998
79.46882999999998
79.55565399999998
79.64111799999998
79.73694499999998
79.84046299999997
79.92461699999997
80.00814299999998
80.10006799999998
80.18947999999997
80.27761399999997
80.37011199999998
80.45880299999997
80.55704699999997
80.65592999999997
80.74478099999997
80.83493299999998
80.91756899999997
81.01160099999997
81.10445399999998
81.19661699999997
81.28082099999997
81.37234499999998
81.45620399999999
81.54662599999999
81.63850899999998
81.72182699999999
81.81029699999999
81.89593199999999
81.987788
82.07878099999999
82.169844
82.259113
82.348209
82.437477
82.53068400000001
82.630688
82.712748
82.821144
82.908327
83.006114
83.101963
83.187007
83.272004
83.36213
83.454242
83.53790199999999
83.62978799999999
83.71901399999999
83.80826699999999
83.89386599999999
83.97917999999999
84.07032099999998
84.16214799999997
84.25521399999997
84.35535299999997
84.44553099999996
84.53844699999996
84.63208499999996
84.72310699999996
84.81479599999996
84.90520599999996
84.98976299999997
85.07991199999996
85.16374699999996
85.24958399999996
85.33749399999995
85.42746499999996
85.51413599999995
85.60681999999996
85.68776199999995
85.78274799999996
85.88246999999996
85.97107999999996
86.07059499999995
86.16277299999996
86.25813699999996
86.36511699999996
86.47425299999996
86.56776599999996
86.65915899999996
86.75267899999996
86.84595799999995
86.93316899999995
87.02322699999995
87.11162199999995
87.19585899999996
87.27805099999996
87.36621799999996
87.44938799999996
87.53999299999995
87.62970499999996
87.71305599999995
87.79968299999994
87.88689399999994
87.96624699999994
88.04157699999993
88.12008299999994
88.19948599999994
88.28265299999994
88.36678799999994
88.44309199999994
88.54257499999994
88.62541299999994
88.72660299999994
88.80630999999994
88.89087699999995
88.96997399999995
89.05967899999995
89.13486099999994
89.21855599999995
89.29671699999994
89.37757699999995
89.46151199999994
89.53962999999995
89.61789199999994
89.70152999999993
89.78042599999993
89.86431499999993
89.94735999999993
90.03289299999993
90.12754099999994
90.21252299999993
90.30598599999993
90.38963599999994
90.47773699999993
90.56179699999993
90.63993299999993
90.72752399999993
90.81306599999994
90.89843399999994
90.98190899999994
91.06819399999995
91.16441399999995
91.24547499999996
91.33187699999996
91.41422499999996
91.50688199999996
91.58696399999997
91.66467499999996
91.74619999999996
91.84530599999997
91.92387899999997
92.00484899999996
92.08311799999997
92.16928799999997
92.25391799999997
92.33450199999997
92.42166599999997
92.50246899999998
92.58724199999997
92.67658999999998
92.77788799999998
92.85936999999997
92.93993399999997
93.02272999999997
93.10561599999997
93.21140499999997
93.29455699999997
93.37593899999997
93.46922699999998
93.55173499999998
93.65732499999999
93.74425799999999
93.826456
93.904163
93.98628699999999
94.06740699999999
94.15324399999999
94.23597199999999
94.32530399999999
94.40601999999998
94.48627099999999
94.567726
94.651979
94.739003
94.829875
94.912133
94.9995
95.08903099999999
95.174347
95.25573299999999
95.337544
95.42303299999999
95.51091299999999
95.59627199999998
95.68426399999998
95.77616499999998
95.88442399999998
95.97120599999998
96.05586799999998
96.14526299999997
96.23431899999997
96.32271599999997
96.41173099999997
96.49700299999998
96.58291399999997
96.67499399999997
96.76129999999996
96.84897199999996
96.93268299999995
97.02233099999995
97.10997199999996
97.19349199999995
97.28493699999994
97.36993399999994
97.45707499999995
97.54280899999995
97.63096699999996
97.71624199999995
97.80167399999995
97.89549299999995
97.98749799999995
98.07323999999994
98.16365499999993
98.24965999999993
98.33674199999993
98.42347799999993
98.50882299999994
98.59847999999994
98.68842899999994
98.77512399999995
98.86300699999995
98.95879699999995
99.04513299999995
99.15057599999994
99.25470699999994
99.34169799999994
99.43821499999994
99.52723999999995
99.62060499999995
99.71442799999996
99.81244499999995
99.91636099999995
100.02527799999996
100.12015199999996
100.21625099999996
100.30333199999995
100.39390399999995
100.48122599999995
100.56823799999995
100.66038699999996
100.75040799999995
100.84494399999996
100.94070299999996
101.02708199999995
101.11759599999995
101.21019399999994
101.29994999999994
101.38722199999994
101.47664099999994
101.56569699999994
101.66482499999994
101.75685499999993
101.84102199999992
101.93860799999993
102.02357199999993
102.11326099999994
102.20367199999994
102.29638899999993
102.38151099999993
102.46568399999994
102.55439299999993
102.66545599999993
102.75219699999994
102.84068399999994
102.92751499999994
103.02025799999994
103.10288099999994
103.18421499999994
103.26623299999994
103.35277699999995
103.44104699999994
103.52508999999993
103.61538399999993
103.70364699999993
103.79444099999994
103.88562399999994
103.97145999999994
104.06637099999993
104.15781899999993
104.25717499999993
104.34572299999994
104.43893999999993
104.53974899999993
104.62976499999994
104.72075699999994
104.80487199999993
104.88914799999993
104.97722899999994
105.06592699999993
105.15932799999993
105.25506699999993
105.35768999999992
105.44331199999992
105.53099199999993
105.61923099999993
105.70132899999993
105.79430999999992
105.87731699999992
105.96108599999992
106.06270199999993
106.15137499999993
106.25261199999993
106.34192999999993
106.43063299999993
106.52687399999994
106.63740699999994
106.72277199999994
106.81577099999994
106.90756899999994
106.99678399999993
107.09543899999993
107.18180299999993
107.26970799999994
107.35970999999994
107.45724999999993
107.55416499999993
107.63847499999993
107.72174699999992
107.80725199999992
107.89018899999992
107.97265399999992
108.05402999999993
108.13320999999992
108.21499799999992
108.29735899999993
108.38016299999992
108.47412299999992
108.55902299999993
108.64553699999992
108.72329199999992
108.80103299999992
108.87495999999992
108.95264299999991
109.0424879999999
109.11782999999991
109.19700399999991
109.2776419999999
109.3542749999999
109.4381209999999
109.51929799999989
109.6056829999999
109.7030949999999
109.7876999999999
109.8683239999999
109.9481109999999
110.02534899999989
110.0991449999999
110.18326099999989
110.26550299999988
110.34981799999989
110.42923099999989
110.50694199999988
110.59347099999988
110.67558999999989
110.75332699999989
110.85614999999989
110.93363899999989
111.02673599999989
111.11262199999989
111.2043039999999
111.28575699999989
111.35894699999989
111.44664699999988
111.51618699999989
111.59109099999989
111.68896299999989
111.77146499999989
111.8443149999999
111.9201689999999
111.9966089999999
112.0786129999999
112.1623049999999
112.2548609999999
112.32580699999991
112.40137599999991
112.47926399999992
112.55528199999992
112.63069299999992
112.70302799999992
112.77286899999991
112.84475899999991
112.9359279999999
113.0318349999999
113.1092129999999
113.1949529999999
113.2619659999999
113.3401689999999
113.4098299999999
113.4905839999999
113.5659549999999
113.6487149999999
113.72641399999989
113.8102289999999
113.89219399999989
113.97701099999989
114.0459199999999
114.11302599999989
114.18205199999989
114.25307999999988
114.34939999999989
114.42147999999989
114.4994899999999
114.5731149999999
114.6574609999999
114.7487829999999
114.8171159999999
114.8947299999999
114.9684359999999
115.0446739999999
115.1251649999999
115.2001219999999
115.27040799999989
115.36197599999988
115.44433499999988
115.54628499999988
115.61371199999988
115.69342599999987
115.76929899999988
115.85264699999988
115.91999599999987
115.99836399999987
116.08478099999986
116.16007299999987
116.23065999999987
116.31432599999987
116.38966899999987
116.46719499999988
116.54200199999988
116.60872899999988
116.68438399999988
116.75508699999988
116.85236099999987
116.93578699999988
117.01360599999988
117.09728299999988
117.18442999999988
117.25772299999988
117.32601199999988
117.39813999999988
117.47773199999989
117.5545889999999
117.6203739999999
117.6881139999999
117.7549329999999
117.8358269999999
117.9204519999999
117.9861319999999
118.0632339999999
118.13550099999989
118.20535899999989
118.2703559999999
118.3615209999999
118.42938699999989
118.49541199999989
118.56954299999988
118.64268799999988
118.71658299999987
118.79698999999987
118.87817299999986
118.94842799999986
119.01188599999986
119.09295699999986
119.17226599999985
119.24117599999985
119.31314299999985
119.38675299999986
119.46389499999985
119.53275799999984
119.60135599999984
119.68657899999984
119.76327499999984
119.83601799999984
119.89709899999984
119.97456999999984
120.04147999999984
120.12973699999984
120.19492699999984
120.25730299999984
120.33687399999984
120.41780099999984
120.48285899999983
120.54667299999983
120.61263199999983
120.67304799999984
120.73748799999984
120.80548299999984
120.88673299999984
120.96267699999984
121.02274299999985
121.08574799999985
121.15056099999985
121.21581499999985
121.28619099999985
121.35813299999985
121.42467999999985
121.49473299999985
121.57305499999985
121.64810999999986
121.71615199999987
121.78952399999987
121.87645299999987
121.94335499999987
122.01953199999987
122.08507999999988
122.16401899999988
122.23134099999989
122.29718899999989
122.37135599999989
122.44562799999989
122.50845399999989
122.56704899999988
122.62741199999988
122.69004399999987
122.77529099999987
122.84194699999986
122.91693299999986
122.99315899999986
123.06667999999986
123.12706699999987
123.19877199999986
123.26490899999986
123.33681199999987
123.40007999999986
123.48413699999986
123.54952699999986
123.61215899999985
123.68474099999985
123.74633399999985
123.82938699999985
123.89712999999985
123.97529599999984
124.04503699999984
124.13738199999983
124.20431899999983
124.28523699999982
124.35528599999982
124.42968399999982
124.50166599999983
124.57080799999983
124.63666599999983
124.70500199999984
124.78466099999984
124.87373199999985
124.94825499999985
125.02530499999985
125.10764599999985
125.17615499999985
125.24948899999985
125.33910399999985
125.41273699999985
125.49108499999986
125.57112899999986
125.64131999999985
125.71446299999985
125.79527999999985
125.87870099999985
125.95275299999984
126.02604999999984
126.10665099999984
126.19092799999984
126.25671199999984
126.33116199999984
126.40931399999984
126.48435799999984
126.56742699999984
126.64735899999984
126.71666399999984
126.79140699999984
126.88354199999984
126.96460199999983
127.02964599999983
127.09590199999982
127.18242199999982
127.24762699999982
127.32177899999982
127.39135899999982
127.47606799999983
127.53904299999982
127.59897299999982
127.66235499999982
127.72994799999982
127.81437699999982
127.89643299999982
127.96525099999981
128.0450299999998
128.1105759999998
128.1764119999998
128.2400069999998
128.3075379999998
128.37116899999978
128.43630699999977
128.50617499999979
128.5719579999998
128.6442249999998
128.7141699999998
128.7844779999998
128.8504559999998
128.9350239999998
129.0042269999998
129.0823829999998
129.1545279999998
129.2387309999998
129.3075399999998
129.38163899999978
129.47883799999977
129.56550399999978
129.66902199999979
129.7716149999998
129.86675499999978
129.96235599999977
130.04761099999976
130.14009499999977
130.22892299999978
130.3239749999998
130.42739999999978
130.52611299999978
130.6262639999998
130.71697999999978
130.8122569999998
130.92104899999978
131.01878499999978
131.13421999999977
131.24087499999976
131.34611399999977
131.46231399999976
131.57543099999975
131.69081099999974
