0.022471
0.118213
0.20421
0.28463
0.370502
0.461126
0.5363209999999999
0.627601
0.71793
0.795968
0.875761
0.948647
1.034441
1.1062619999999999
1.183479
1.255966
1.339685
1.413861
1.504896
1.584119
1.684933
1.777339
1.877021
1.970391
2.075973
2.150123
2.229484
2.3146299999999997
2.4087549999999998
2.491936
2.58031
2.6764829999999997
2.7564049999999995
2.8421189999999994
2.9567989999999993
3.0578689999999993
3.1535609999999994
3.2610819999999996
3.3399099999999997
3.4221559999999998
3.5145009999999997
3.601974
3.685624
3.7836779999999997
3.8696299999999995
3.9580109999999995
4.0456389999999995
4.13859
4.2215549999999995
4.304837999999999
4.401803999999999
4.499937999999999
4.590805
4.709384
4.798942
4.894894
4.999917
5.110593
5.220308999999999
5.32025
5.425909
5.530356
5.626778
5.7233909999999995
5.816216
5.923329
6.0339979999999995
6.130735
6.248673999999999
6.351609
6.458467
6.571409999999999
6.6840269999999995
6.803675999999999
6.922680999999999
7.025109999999999
7.123846999999999
7.225909999999999
7.331893999999999
7.439468999999999
7.550164999999999
7.651039999999999
7.750367999999999
7.852865999999999
7.959357999999999
8.073578999999999
8.174762999999999
8.282678999999998
8.396957999999998
8.493602999999998
8.598664999999999
8.697397999999998
8.799546999999999
8.90979
9.009837999999998
9.114641999999998
9.232180999999999
9.329277
9.445590999999999
9.555170999999998
9.656137999999999
9.775014999999998
9.888766999999998
10.007081999999999
10.108927
10.216016999999999
10.321833999999999
10.428090999999998
10.533299999999999
10.640376999999999
10.738385
10.84597
10.945556999999999
11.039399999999999
11.131578999999999
11.226254999999998
11.333552999999998
11.426560999999998
11.531776999999998
11.646242999999998
11.748802999999999
11.870924999999998
11.966060999999998
12.080313999999998
12.180525999999999
12.28619
12.370702
12.476054
12.565177
12.660556
12.747523
12.846022999999999
12.932880999999998
13.027155999999998
13.115125999999998
13.226195999999998
13.328017999999998
13.418970999999999
13.526641999999999
13.627621
13.719629
13.812994999999999
13.919369
14.00358
14.113463999999999
14.218194999999998
14.300253999999997
14.381453999999998
14.474503999999998
14.579891999999997
14.678946999999997
14.798823999999998
14.889010999999998
14.985730999999998
15.074108999999998
15.158059999999999
15.23918
15.320934
15.411256999999999
15.508733999999999
15.608650999999998
15.699042999999998
15.799693999999997
15.902732999999998
15.992315999999997
16.084236999999998
16.174892
16.273419
16.36971
16.464422000000003
16.562508
16.653056
16.738804
16.844164
16.935712
17.021893
17.123213999999997
17.211094999999997
17.305728
17.403222999999997
17.496026999999998
17.575246999999997
17.653481999999997
17.736750999999998
17.820908999999997
17.910776
17.990714999999998
18.086049999999997
18.170916999999996
18.250654999999995
18.324434999999994
18.414592999999993
18.489920999999992
18.58580299999999
18.656401999999993
18.747363999999994
18.829999999999995
18.918439999999993
19.012977999999993
19.114625999999994
19.199740999999992
19.283244999999994
19.362156999999993
19.453077999999994
19.549660999999993
19.639636999999993
19.733597999999994
19.841414999999994
19.930907999999995
20.021856999999994
20.121384999999993
20.197238999999993
20.286412999999992
20.377466999999992
20.467028999999993
20.57084499999999
20.667122999999993
20.756998999999993
20.85310799999999
20.94680799999999
21.02956199999999
21.12375099999999
21.20031299999999
21.29274199999999
21.37902899999999
21.46845699999999
21.55142199999999
21.65196199999999
21.74001199999999
21.814706999999988
21.948094999999988
22.031520999999987
22.111660999999987
22.197205999999987
22.295202999999987
22.376477999999988
22.452234999999988
22.53180199999999
22.619757999999987
22.702178999999987
22.805652999999985
22.903521999999985
23.004725999999984
23.103828999999983
23.19917399999998
23.27987899999998
23.36307199999998
23.443554999999982
23.538688999999984
23.627293999999985
23.720488999999986
23.809541999999986
23.908765999999986
23.997590999999986
24.084859999999985
24.177308999999983
24.277383999999984
24.378018999999984
24.463056999999985
24.553638999999986
24.636440999999987
24.737572999999987
24.853419999999986
24.954052999999984
25.044298999999985
25.146778999999984
25.253891999999983
25.338046999999982
25.425558999999982
25.512662999999982
25.608828999999982
25.691416999999984
25.780823999999985
25.875126999999985
25.979674999999986
26.075806999999987
26.172722999999987
26.276809999999987
26.39378999999999
26.490040999999987
26.58223399999999
26.67023099999999
26.76711099999999
26.859207999999988
26.956920999999987
27.049253999999987
27.132236999999986
27.216740999999985
27.303012999999986
27.402671999999985
27.494555999999985
27.599432999999983
27.698147999999982
27.798571999999982
27.88398799999998
27.966803999999982
28.05096299999998
28.12918099999998
28.21103499999998
28.29291199999998
28.37712599999998
28.461898999999978
28.55701499999998
28.65068999999998
28.74383999999998
28.82857499999998
28.91190299999998
28.98513999999998
29.07640199999998
29.17930999999998
29.26579199999998
29.35331799999998
29.43341199999998
29.51051899999998
29.60952299999998
29.68355899999998
29.76263499999998
29.857988999999982
29.953549999999982
30.04357699999998
30.131884999999983
30.21761199999998
30.31028199999998
30.39559599999998
30.48103699999998
30.56904699999998
30.65316799999998
30.73068899999998
30.81747599999998
30.90581999999998
30.99381199999998
31.08031699999998
31.17096999999998
31.25676699999998
31.349668999999977
31.444139999999976
31.520835999999974
31.602849999999975
31.685868999999975
31.780957999999977
31.868506999999976
31.955895999999978
32.04444599999998
32.12605899999998
32.20340399999998
32.29317599999998
32.37037199999998
32.452753999999985
32.53934299999998
32.63670599999998
32.72942299999998
32.83281299999998
32.91932199999998
33.01177399999998
33.100701999999984
33.20657999999998
33.29813199999998
33.38762099999998
33.475363999999985
33.55678599999999
33.643016999999986
33.73548499999998
33.85000499999998
33.93923099999998
34.01844799999998
34.11460599999998
34.21574399999998
34.30192899999998
34.39822299999998
34.50171099999998
34.59619899999998
34.68633199999998
34.78880699999998
34.896856999999976
34.998562999999976
35.085384999999974
35.179224999999974
35.266461999999976
35.368435999999974
35.454378999999975
35.54817199999997
35.64794999999997
35.746103999999974
35.83009299999998
35.91327699999998
35.99508799999998
36.091349999999984
36.20029499999998
36.28628899999998
36.39825299999998
36.487490999999984
36.58633399999999
36.666758999999985
36.75479999999998
36.84771699999998
36.94189299999998
37.02923699999998
37.11241199999998
37.19224799999998
37.27388699999998
37.35151599999998
37.43718699999998
37.53886199999998
37.63530299999998
37.72130299999998
37.81493099999998
37.88673999999998
37.98088499999998
38.06638599999998
38.15941699999998
38.238494999999986
38.34009299999999
38.41997199999999
38.50473899999999
38.599972999999984
38.68660699999998
38.76901199999998
38.870421999999984
38.95659599999998
39.04504999999998
39.14652899999998
39.24509099999998
39.32581599999998
39.418711999999985
39.505085999999984
39.60479999999998
39.69775099999998
39.779130999999985
39.87536699999998
39.97837999999998
40.07088299999998
40.16755399999998
40.26342799999998
40.37227699999998
40.469934999999985
40.564520999999985
40.647111999999986
40.76558099999998
40.874406999999984
40.98002499999998
41.06644799999999
41.14757599999999
41.24538899999999
41.34181399999999
41.427665999999995
41.513822
41.616647
41.70763
41.807889
41.90583
42.007192
42.103792000000006
42.187797
42.280646000000004
42.374753000000005
42.493899000000006
42.589496000000004
42.702115000000006
42.797884
42.907143000000005
43.01217700000001
43.11806500000001
43.21088100000001
43.296732000000006
43.38840400000001
43.47801400000001
43.57508300000001
43.67553000000001
43.79217500000001
43.88658900000001
43.971973000000006
44.059596000000006
44.157486000000006
44.25620500000001
44.34786700000001
44.437543000000005
44.52837600000001
44.63455000000001
44.71488800000001
44.80229800000001
44.90047400000001
45.00198300000001
45.08327100000001
45.17796200000001
45.26887100000001
45.415118000000014
45.50172900000001
45.60612800000001
45.684643000000015
45.76380800000002
45.84552000000002
45.919451000000024
46.01106800000002
46.098800000000026
46.191368000000026
46.28200500000003
46.36399300000003
46.44689600000003
46.53194400000003
46.62946300000003
46.71437400000003
46.81182400000003
46.91588900000003
47.01830700000003
47.11073600000003
47.19460200000003
47.28070000000003
47.38000400000003
47.45975800000003
47.54357900000003
47.64240400000003
47.72114200000003
47.81816300000003
47.92125000000003
48.022341000000026
48.10862700000003
48.19867200000003
48.29732100000003
48.38614000000003
48.492112000000034
48.59580300000003
48.69742800000003
48.78986700000003
48.87688400000003
48.97085700000003
49.07797800000003
49.17248200000003
49.26956200000003
49.36255500000003
49.46337400000003
49.56993400000003
49.67593000000003
49.77232300000003
49.86571600000003
49.96110700000003
50.059980000000024
50.16121700000002
50.272640000000024
50.36157000000002
50.47184600000002
50.56233100000002
50.65640800000002
50.74526000000002
50.850317000000025
50.95910800000002
51.054889000000024
51.15671700000002
51.26796900000002
51.36112500000002
51.46575800000002
51.58434700000002
51.693499000000024
51.79520900000002
51.89509400000002
52.005270000000024
52.121208000000024
52.22258800000002
52.321206000000025
52.422011000000026
52.53004900000003
52.63225800000003
52.725044000000025
52.82375100000002
52.92893300000002
53.03413700000002
53.145098000000026
53.25462900000002
53.36481000000002
53.46287000000002
53.568491000000016
53.67942700000002
53.80424600000002
53.92474000000002
54.029901000000024
54.13283200000002
54.24627200000002
54.35126200000002
54.46366000000002
54.55857100000002
54.65741500000002
54.74042700000002
54.83345600000002
54.93227900000002
55.03265200000002
55.12588300000002
55.22502900000002
55.31536800000002
55.40714700000002
55.50573800000002
55.598482000000025
55.697340000000025
55.791054000000024
55.897755000000025
56.00612900000002
56.11079400000002
56.20473400000002
56.31448700000002
56.40234900000002
56.51401900000002
56.60746800000002
56.709465000000016
56.80205700000002
56.90456800000002
56.993017000000016
57.08780700000002
57.20454100000002
57.29391400000002
57.39813300000002
57.49374600000002
57.57981000000002
57.677874000000024
57.77400000000002
57.875204000000025
57.96844800000002
58.066453000000024
58.16596800000002
58.25915600000002
58.35626800000002
58.46969300000002
58.56580600000002
58.66628000000002
58.77255300000002
58.86358200000002
58.97033200000002
59.07663700000002
59.18131200000002
59.27632100000002
59.38083800000002
59.480845000000016
59.59804000000002
59.71212300000002
59.81133800000002
59.91299700000002
60.00846900000002
60.09990000000002
60.20752800000002
60.30979600000002
60.40046100000002
60.51541600000002
60.617521000000025
60.731548000000025
60.84379000000003
60.95038100000003
61.05020400000003
61.15056800000003
61.259882000000026
61.36469400000003
61.47735900000003
61.590270000000025
61.697776000000026
61.80405500000003
61.88870900000003
61.97022400000003
62.05388800000003
62.15005700000003
62.25211500000003
62.350125000000034
62.453654000000036
62.54471500000004
62.64950800000004
62.76228400000004
62.86760200000003
62.97942900000003
63.08071100000003
63.18279100000003
63.27665700000003
63.36317500000003
63.46989000000003
63.574555000000025
63.67783300000003
63.767613000000026
63.866257000000026
63.96529100000003
64.05993000000002
64.15253500000003
64.26474300000002
64.35780300000002
64.44917200000002
64.54489100000002
64.62517100000002
64.72024100000003
64.81065000000002
64.91560500000003
65.01286100000003
65.12760300000004
65.23575100000004
65.32270800000003
65.41656900000004
65.51573300000004
65.63264400000004
65.72807300000004
65.82557700000004
65.91779100000004
66.00418300000004
66.08571800000004
66.17053800000004
66.26577300000004
66.34805700000004
66.43319700000004
66.51636900000004
66.59846700000004
66.68893600000004
66.78757200000004
66.86438400000004
66.93985700000005
67.01797200000004
67.10566100000004
67.20529400000004
67.31778700000004
67.41651000000005
67.51350500000005
67.59836300000005
67.69540000000005
67.79164100000006
67.89091300000005
67.98761500000005
68.08163600000005
68.18124400000005
68.26583000000005
68.34657100000005
68.43998200000006
68.53864900000006
68.63685400000006
68.73200000000006
68.82362500000005
68.90838300000004
68.99964300000005
69.07951900000005
69.17131100000005
69.26272800000005
69.34211200000006
69.42134000000006
69.51409600000005
69.60676500000005
69.70164400000006
69.79567900000006
69.87438600000006
69.96428000000006
70.05788300000006
70.13847900000006
70.22560400000006
70.31732800000006
70.42691500000006
70.53326900000006
70.61757900000006
70.70251700000006
70.78751100000005
70.88704200000005
70.97226700000004
71.05810200000005
71.15610700000005
71.23901200000005
71.33211600000004
71.41789800000004
71.51259700000004
71.60228700000005
71.68925100000004
71.77962500000004
71.86750300000004
71.95254700000004
72.04683900000003
72.13121400000003
72.22560800000002
72.32020100000003
72.41048400000003
72.50132100000002
72.58287900000002
72.66292100000003
72.76609400000002
72.85284200000002
72.94745900000002
73.04607200000002
73.12961100000003
73.21514300000003
73.31909700000003
73.41672400000003
73.51460200000002
73.62586800000003
73.72596900000002
73.82150000000001
73.92428600000001
74.02802700000001
74.14017700000001
74.251648
74.359426
74.473777
74.582449
74.68965899999999
74.785311
74.89500799999999
74.98982399999998
75.11144299999998
75.21514899999998
75.30622699999998
75.40386299999997
75.50347299999997
75.61262699999997
75.71906799999998
75.81269299999998
75.90340299999998
76.01751299999998
