0.029736
0.12250899999999999
0.21117799999999998
0.295485
0.381963
0.459273
0.5519069999999999
0.649253
0.747772
0.859843
0.976317
1.091444
1.201772
1.3147570000000002
1.4159350000000002
1.5172180000000002
1.6196290000000002
1.7034360000000002
1.8114470000000003
1.9204060000000003
2.0303350000000004
2.1368610000000006
2.2471720000000004
2.3591520000000004
2.4709890000000003
2.5764830000000005
2.7025800000000006
2.8239590000000008
2.9369140000000007
3.0536140000000005
3.1634250000000006
3.2799110000000007
3.3816030000000006
3.4849920000000005
3.6037000000000003
3.7130950000000005
3.8255910000000006
3.9386310000000004
4.044904000000001
4.157884000000001
4.269254000000001
4.377557000000001
4.509783000000001
4.6261160000000014
4.749195000000001
4.854081000000001
4.963288
5.079231
5.1831000000000005
5.295832000000001
5.392438000000001
5.490849000000001
5.597626000000001
5.705593000000001
5.805329000000001
5.915948000000001
6.013737000000001
6.122198000000001
6.222485000000001
6.325421
6.4314
6.538525
6.642461
6.740559
6.8432070000000005
6.93627
7.0497060000000005
7.147957000000001
7.243979
7.359679000000001
7.447078000000001
7.535362000000001
7.641113000000001
7.748190000000001
7.850997000000001
7.957351000000001
8.077808000000001
8.191144000000001
8.298866000000002
8.392372000000002
8.486824000000002
8.588788000000003
8.682933000000002
8.783681000000001
8.874246000000001
8.972462000000002
9.060271000000002
9.156543000000003
9.253948000000003
9.354052000000003
9.450670000000002
9.547916000000003
9.643584000000002
9.744219000000003
9.844163000000004
9.941959000000004
10.049960000000004
10.145170000000004
10.254014000000003
10.365164000000004
10.469454000000004
10.573161000000004
10.660010000000005
10.751511000000004
10.863502000000004
10.963626000000003
11.056926000000002
11.177044000000002
11.289232000000002
11.395851000000002
11.495014000000003
11.610376000000002
11.720923000000003
11.829324000000003
11.930871000000003
12.028956000000003
12.130111000000003
12.223404000000002
12.336112000000002
12.454878000000003
12.556134000000002
12.658749000000002
12.752159000000002
12.846792000000002
12.943352000000003
13.054336000000003
13.147556000000003
13.254100000000003
13.342502000000003
13.430335000000003
13.532139000000003
13.619500000000002
13.706271000000003
13.813865000000003
13.926256000000004
14.030445000000004
14.124552000000003
14.223840000000003
14.307392000000002
14.406329000000001
14.493377
14.57886
14.669023000000001
14.768218000000001
14.874799000000001
14.962110000000001
15.052510000000002
15.135192000000002
15.225473000000001
15.314591
15.40011
15.492773999999999
15.59658
15.702088999999999
15.794687999999999
15.903391
15.998043999999998
16.092861
16.203319999999998
16.293442
16.384808
16.487887
16.581955
16.667905
16.753764
16.849672
16.953696
17.080445
17.180212
17.289720000000003
17.376663000000004
17.472795000000005
17.560932000000005
17.653600000000004
17.751442000000004
17.862616000000003
17.968212
18.072245000000002
18.175765000000002
18.294401
18.396413
18.49126
18.589221000000002
18.698670000000003
18.797582000000002
18.897673
19.005769
19.100051
19.209281
19.306536
19.40279
19.496392
19.610152
19.730958
19.840641
19.947884000000002
20.049121000000003
20.147907000000004
20.238898000000002
20.344745000000003
20.433843000000003
20.528019000000004
20.625691000000003
20.722838000000003
20.825305000000004
20.919655000000002
21.019152000000002
21.112928
21.220288
21.325618
21.430379
21.543280999999997
21.634478999999995
21.737237999999994
21.835691999999995
21.942973999999996
22.047509999999996
22.157878999999994
22.266360999999993
22.373061999999994
22.487552999999995
22.593316999999995
22.712093999999997
22.820575999999996
22.925272999999997
23.033592999999996
23.142113999999996
23.250130999999996
23.367254999999997
23.479608999999996
23.593468999999995
23.705962999999997
23.828039999999998
23.935926
24.044393999999997
24.136781999999997
24.234800999999997
24.338706
24.439389
24.533583999999998
24.630323999999998
24.730338
24.83208
24.939737
25.038738000000002
25.131098
25.213508
25.308189000000002
25.401655
25.488326
25.561964
25.648716
25.744847
25.825703
25.920765
26.006037
26.09905
26.194376
26.292894999999998
26.385061999999998
26.479255
26.572376
26.660021999999998
26.751507999999998
26.843873
26.939458
27.03491
27.131583
27.216936999999998
27.314614
27.409781
27.509639
27.607012
27.697502
27.792655
27.888203
27.984719000000002
28.082241000000003
28.176556000000005
28.270747000000004
28.359271000000003
28.446710000000003
28.537888000000002
28.622412
28.728169
28.809132
28.911060000000003
29.009484000000004
29.106200000000005
29.209926000000006
29.313853000000005
29.408140000000007
29.500703000000005
29.603609000000006
29.690347000000006
29.789397000000005
29.890613000000005
29.993674000000006
30.089665000000007
30.183483000000006
30.291903000000005
30.406883000000004
30.503946000000003
30.601338000000002
30.713050000000003
30.811856000000002
30.912719000000003
31.018085000000003
31.110445000000002
31.210423000000002
31.304432000000002
31.409742
31.506131
31.619713
31.724079
31.828924
31.92575
32.025542
32.135468
32.239911000000006
32.35869900000001
32.45790500000001
32.57010800000001
32.67898900000001
32.78184800000001
32.89139800000001
32.99481000000001
33.10254400000001
33.20634400000001
33.29971100000001
33.40468100000001
33.512338000000014
33.61066300000002
33.720787000000016
33.82353900000002
33.92276200000002
34.01250700000002
34.105130000000024
34.20483400000003
34.312625000000025
34.408885000000026
34.50204800000002
34.58880600000003
34.69675000000003
34.78337300000003
34.88603600000003
34.97382100000003
35.05710400000003
35.15457200000003
35.24251800000003
35.328018000000036
35.42382100000003
35.52684100000003
35.61503100000003
35.71215800000003
35.80411900000003
35.89951700000003
36.001554000000034
36.08996700000004
36.19857900000004
36.30545100000004
36.40365800000004
36.510685000000045
36.60844900000004
36.705164000000046
36.77964100000005
36.87225400000005
36.95391900000005
37.04219600000005
37.138043000000046
37.248583000000046
37.32882700000005
37.403809000000045
37.490985000000045
37.566943000000045
37.65653400000004
37.750590000000045
37.854092000000044
37.966092000000046
38.05548500000005
38.147446000000045
38.22847100000004
38.31113900000004
38.39643600000004
38.49433700000004
38.586509000000035
38.682930000000034
38.78512400000003
38.881490000000035
38.98460500000004
39.081238000000035
39.19067000000003
39.30469700000003
39.41458400000003
39.508975000000035
39.603490000000036
39.72731300000004
39.846629000000036
39.94103900000004
40.06018300000004
40.15857400000004
40.266059000000034
40.38238400000004
40.49161200000004
40.59836600000004
40.70720300000004
40.82089000000004
40.91531400000004
41.010250000000035
41.108964000000036
41.21382300000003
41.31870400000003
41.41320900000003
41.51495500000003
41.60692400000003
41.69549800000003
41.80418100000003
41.91873900000003
42.02289700000003
42.13460200000003
42.239453000000026
42.340757000000025
42.44325500000002
42.54372800000002
42.63979500000002
42.74470700000002
42.85040300000002
42.94391200000002
43.05682200000002
43.16730900000002
43.26295800000002
43.36391800000002
43.45063800000002
43.553198000000016
43.671393000000016
43.768870000000014
43.870286000000014
43.96107700000002
44.071083000000016
44.17898800000002
44.275950000000016
44.38111900000001
44.49136200000001
44.57752900000001
44.66976500000001
44.77294600000001
44.87858500000001
44.97960400000001
45.07673600000001
45.18160500000001
45.27842300000001
45.36971700000001
45.469240000000006
45.56864600000001
45.675064000000006
45.781411000000006
45.88383700000001
45.986596000000006
46.094590000000004
46.20643200000001
46.29614800000001
46.39170200000001
46.49088300000001
46.598678000000014
46.700997000000015
46.79571400000002
46.881861000000015
46.97918900000001
47.06967000000001
47.16888700000001
47.26670100000001
47.37014300000001
47.45714500000001
47.55166400000001
47.65122600000001
47.73407500000001
47.83899600000001
47.94591400000001
48.03656300000001
48.13345700000001
48.238133000000005
48.340603
48.439081
48.547185
48.651105
48.752894
48.869474999999994
48.97394599999999
49.06859599999999
49.173216999999994
49.28869399999999
49.38464599999999
49.50438699999999
49.61585499999999
49.71656299999999
49.82869499999999
49.94008199999999
50.05530199999999
50.14818599999999
50.24363899999999
50.36065699999999
50.47994299999999
50.64601999999999
50.75519899999999
50.86358599999999
50.97314499999999
51.08300099999999
51.18571699999999
51.28742899999999
51.39015999999999
51.491433999999984
51.59961899999998
51.69827799999998
51.80533499999998
51.90874599999998
52.00310999999998
52.111292999999975
52.211264999999976
52.30959599999998
52.399775999999974
52.48965399999997
52.58385199999997
52.68045799999997
52.784009999999974
52.85271299999997
52.927825999999975
53.028039999999976
53.137068999999975
53.22467099999997
53.31062799999997
53.40057899999997
53.479273999999975
53.55068899999998
53.63623699999998
53.71204799999998
53.78423499999998
53.86275099999998
53.92647599999998
53.99251699999998
54.078432999999976
54.149536999999974
54.21244899999997
54.29299699999997
54.355793999999975
54.444682999999976
54.52027699999998
54.60666699999998
54.67400299999998
54.77531699999998
54.84905099999998
54.92697299999998
54.992938999999986
55.07882399999998
55.16369799999998
55.24127999999998
55.29631199999998
55.36454199999998
55.45408099999998
55.52739099999998
55.59997099999998
55.68702399999998
55.75440399999998
55.84750899999998
55.930979999999984
55.99769599999998
56.07210999999998
56.16151099999998
56.24414799999998
56.32737099999998
56.40971999999998
56.49043599999998
56.59073899999998
56.678390999999976
56.770610999999974
56.86065299999997
56.93860699999997
57.024238999999966
57.09753399999997
57.17037799999997
57.24778899999997
57.31687999999997
57.40675999999997
57.51592499999997
57.59910599999997
57.67352299999997
57.75405399999997
57.84095999999997
57.93383399999997
58.03294799999997
58.12010199999997
58.21180899999997
58.301188999999965
58.38137599999997
58.45363799999997
58.54619499999997
58.64168499999997
58.72486599999997
58.81321999999997
58.90650699999997
58.99828499999997
59.08145499999997
59.175605999999966
59.276008999999966
59.362771999999964
59.46739699999996
59.56546799999996
59.65117699999996
59.74302399999996
59.84480299999996
59.92760099999996
60.02318699999996
60.116028999999955
60.19678899999995
60.29579099999995
60.39695899999995
60.47745099999995
60.56959399999995
60.685457999999954
60.782345999999954
60.86751099999996
60.95590399999996
61.04012699999996
61.12844899999996
61.22128499999996
61.31142999999996
61.40343699999996
61.48334599999996
61.57375799999996
61.66959299999996
61.767433999999966
61.889208999999965
61.98150799999996
62.084104999999965
62.18734399999997
62.28601799999997
62.37088799999997
62.45311199999997
62.55664899999997
62.653777999999974
62.75464399999998
62.843725999999975
62.927633999999976
63.029340999999974
63.13179399999997
63.22685899999997
63.33368299999997
63.42522999999997
63.52367499999997
63.61635599999997
63.71554599999997
63.80689399999997
63.89896499999997
63.98044099999997
64.06891099999997
64.16086699999997
64.26210799999997
64.34957999999997
64.42918099999997
64.50532399999997
64.58390399999998
64.66283999999997
64.76762999999997
64.84781499999997
64.94163899999997
65.04334399999996
65.14010899999997
65.21777399999996
65.29880599999996
65.37741899999996
65.45516799999996
65.53625199999996
65.61865499999996
65.70381499999996
65.79034699999997
65.86837699999997
65.94344899999997
66.04069799999998
66.12008499999997
66.20021299999998
66.28609599999997
66.38350299999998
66.46463099999998
66.53722399999998
66.63062199999997
66.72757499999997
66.80678699999997
66.89115999999997
66.97596299999996
67.05167699999997
67.14325399999997
67.22479099999997
67.30149099999997
67.38510499999997
67.45753799999997
67.54225899999997
67.63462699999997
67.70832799999997
67.80038599999996
67.87410699999997
67.95605799999997
68.04106499999997
68.12277999999998
68.21071499999998
68.27658399999999
68.34327899999998
68.43206599999998
68.52960299999998
68.61269699999998
68.69177299999998
68.77383299999998
68.85522399999998
68.93948599999997
69.03343299999997
69.11649299999998
69.19380699999998
69.26578899999998
69.33893299999998
69.41352899999998
69.49367699999998
69.58376699999998
69.67010399999998
69.75916799999997
69.84577499999997
69.93798499999997
70.03566999999997
70.12292299999997
70.20997699999997
70.28635299999996
70.37511999999997
70.45157399999997
70.52306199999997
70.60807499999997
70.69516199999997
70.76893099999997
70.86523599999997
70.94309899999996
71.03257599999996
71.11087899999997
71.18701499999997
71.26006399999997
71.34509999999997
71.41927399999997
71.49956599999997
71.58576499999997
71.66253599999996
71.75584199999996
71.84076799999995
71.92322999999996
72.00945999999996
72.09380499999996
72.18177799999997
72.26616799999996
72.35428899999997
72.43773599999997
72.54041499999997
72.63141099999997
72.71364899999998
72.79266599999997
72.87225899999997
72.95064299999997
73.03585799999998
73.10552899999998
73.18658599999998
73.26981999999998
73.36121199999998
73.45055499999998
73.52288199999998
73.61001599999999
73.67750999999998
73.76483999999998
73.84781799999998
73.92123599999998
73.98982399999998
74.06116799999998
74.14692099999998
74.22988299999997
74.29421499999997
74.36046399999996
74.42756499999996
74.51526899999996
74.58414299999995
74.67169899999996
74.74196799999996
74.83297899999995
74.90584099999995
74.97107599999995
75.04337799999995
75.10823899999994
75.18702499999993
75.26157899999994
75.33370099999993
75.42568499999993
75.52255999999993
75.60362899999993
75.68116699999993
75.76123699999994
75.85048399999994
75.93916099999994
76.02960499999995
76.12192299999995
76.20293999999996
76.30078299999995
76.39348499999996
76.48877199999995
76.57455999999995
76.68513899999995
76.78416999999995
76.89185999999995
76.98981499999995
77.07671499999995
77.16575699999996
77.24302399999996
77.33134199999996
77.41224599999997
77.50197399999996
77.58398499999996
77.67148699999996
77.76121499999995
77.83770199999995
77.94645099999995
78.03548199999996
78.11305099999996
78.20116099999996
78.30870099999996
78.43030099999996
78.53765899999996
78.62898599999997
78.72773599999996
78.81864599999996
78.91144699999995
78.99613099999995
79.07613099999995
79.16465199999995
79.24571499999995
79.33983099999995
79.43299799999994
79.51347199999994
79.60327599999994
79.69453699999994
79.78102399999995
79.86909099999994
79.95609299999994
80.07891599999994
80.16706199999993
80.25179899999993
80.34165699999994
80.41968599999994
80.50665499999994
80.60336799999993
80.69557599999993
80.78836999999993
80.87740499999992
80.98291099999993
81.06985099999993
81.16864999999993
81.25130099999993
81.33717999999993
81.42599299999993
81.51859599999993
81.60995199999994
81.71135299999993
81.79222199999994
81.88107799999995
81.97160099999995
82.05835299999995
82.14728299999996
82.23978699999996
82.32138599999996
82.41397699999996
82.50302999999997
82.58491999999997
82.66321299999997
82.74322499999997
82.81734199999997
82.92827599999997
83.01086299999997
83.08427099999997
83.15674599999997
83.25072299999997
83.33567699999996
83.43098999999997
83.52076899999996
83.61346999999996
83.69775199999997
83.79129399999997
83.88660199999997
83.96474999999997
84.05775699999997
84.13570099999997
84.21182899999997
84.29063299999997
84.36494499999998
84.45791099999998
84.53550399999997
84.62936399999998
84.72027699999998
84.80903599999998
84.91149899999998
85.00113299999998
85.09132399999999
85.18153099999999
85.27049299999999
85.360993
85.46327
85.56482
85.661782
85.747996
85.851701
85.95604900000001
86.043846
86.13703100000001
86.233463
86.331563
86.441927
86.53544500000001
86.63525200000001
86.73260800000001
86.82766200000002
86.93237700000002
87.03778500000001
87.14029100000002
87.24587600000002
87.34776200000002
87.43227400000002
87.52298300000002
87.62897500000003
87.73218300000002
87.84584100000002
87.94740800000002
88.04187100000003
88.14708500000003
88.23567500000003
88.32067500000002
88.40463300000002
88.49187400000002
88.58228400000003
88.66587900000003
88.75103900000003
88.82626900000004
88.90170100000005
88.98361200000005
89.06363900000005
89.15454500000006
89.23574100000006
89.32166000000007
89.39585400000007
89.48549900000008
89.58133400000007
89.67285900000007
89.76245700000007
89.84085000000007
89.92320800000007
90.01770500000008
90.10021600000007
90.20686800000007
90.28693100000007
90.37684900000006
90.47635900000006
90.57194900000006
90.64614000000006
90.72362200000006
90.81710900000006
90.90537600000006
90.98152900000007
91.07690800000006
91.17146600000007
91.26522400000006
91.35437700000006
91.44043000000006
91.53219000000006
91.60618600000005
91.67905400000005
91.77007500000005
91.86031200000005
91.94040000000005
92.02653000000005
92.13893700000006
92.21951600000006
92.29839100000005
92.40876900000005
92.50259500000006
92.58978500000006
92.67307000000007
92.74644600000006
92.81908600000007
92.90391300000007
92.97803700000007
93.05738700000008
93.13653200000007
93.21760300000007
93.29804900000006
93.36567200000006
93.45313900000006
93.54053600000006
93.61591600000006
93.70186500000005
93.79613400000005
93.88061500000005
93.97073900000005
94.05122600000006
94.13206700000006
94.21848800000006
94.31786900000006
94.39962600000005
94.48850700000006
94.57937300000006
94.65961300000006
94.73544000000007
94.81997400000007
94.90991100000008
94.98603100000008
95.07721800000009
95.15996500000008
95.24871200000008
95.33278900000008
95.42802300000008
95.50485500000008
95.59380600000007
95.69521300000007
95.79278600000006
95.88238700000007
95.96356000000007
96.06502100000007
96.16670700000007
96.27254600000008
96.36858100000008
96.48248200000008
96.58879800000008
96.69946700000008
96.80051000000009
96.88864400000008
97.00029100000009
97.09304600000009
97.18749100000008
97.29061900000008
97.39866000000008
97.50842500000007
97.60986900000007
97.72152100000008
97.83668500000007
97.96350500000007
98.07413100000007
98.17767800000007
98.28598100000008
98.38976500000008
98.49707000000008
98.61300800000008
98.72008300000007
98.81331200000007
98.91553700000007
99.00850900000007
99.11243100000007
99.19724600000008
99.29031000000008
99.39648400000007
99.48563500000007
99.57181100000007
99.67205700000007
99.77705900000007
99.86573100000007
99.95971800000007
100.04401500000007
100.12432900000007
100.19042700000007
100.26932500000007
100.34955600000006
100.42722900000007
100.51842700000007
100.60699200000008
100.69526800000007
100.77321500000006
100.84555300000007
100.93296200000006
101.02719900000007
101.11363600000007
101.20969500000007
101.29925700000007
101.39493000000007
101.48919200000007
101.58102100000008
101.67232300000008
101.76334900000008
101.85549000000007
101.93869100000008
102.01421900000008
102.08675000000008
102.15831800000008
102.22920200000009
102.30735200000008
102.39232200000008
102.48820100000007
102.57280300000008
102.66168200000008
102.74531500000009
102.8293820000001
102.9047860000001
102.9835400000001
103.06625000000011
103.1576550000001
103.2282960000001
103.3137730000001
103.3968850000001
103.4797600000001
103.5688210000001
103.6465420000001
103.7312480000001
103.8168980000001
103.8970640000001
103.9922400000001
104.06768100000009
104.15215100000009
104.24731900000009
104.34453600000009
104.43309300000008
104.52101200000008
104.60807200000008
104.70024400000008
104.78213200000009
104.87967600000009
104.97824000000008
105.07427700000008
105.16222700000009
105.25775900000009
105.3384550000001
105.42772100000009
105.51343400000009
105.59424300000009
105.67910200000009
105.76890200000008
105.84577000000009
105.94167600000009
106.03944900000009
106.12145700000009
106.2097230000001
106.3037030000001
106.3999620000001
106.4894030000001
106.5697210000001
106.6587980000001
106.7583650000001
106.83515800000009
106.92580200000009
107.01856300000009
107.09988000000008
107.17960200000009
107.27877200000009
107.36383700000009
107.46048700000009
107.56510900000009
107.65190200000009
107.7659180000001
107.8814210000001
107.9791630000001
108.0768630000001
108.1695480000001
108.2466550000001
108.3396020000001
108.42178800000009
108.5145740000001
108.6126860000001
108.70591500000009
108.81404000000009
108.9187020000001
109.0252780000001
109.1416930000001
109.2318660000001
109.3298350000001
109.41820700000011
109.5207060000001
109.6179110000001
109.7059150000001
109.8103430000001
109.9201850000001
110.0092290000001
110.1046190000001
110.2154500000001
110.3149490000001
110.4075000000001
110.5027850000001
110.5897240000001
110.6960610000001
110.7881690000001
110.8794210000001
110.96475700000009
111.0541270000001
111.1513330000001
111.2641520000001
111.35712200000009
111.4425680000001
111.52782600000009
111.6498750000001
111.7621940000001
111.8622580000001
111.9638870000001
112.0721900000001
112.1645330000001
112.27486900000011
112.37750400000012
112.47954000000011
112.58013300000012
112.67145900000011
112.76512000000011
112.87086300000011
112.97035900000012
113.05465200000012
113.13368900000012
113.22626300000012
113.33146200000012
113.43399600000012
113.53229700000013
113.63493000000013
113.74644700000013
113.85930400000014
113.96175600000014
114.06401000000014
114.15632200000015
114.24597600000014
114.34742600000014
114.44212800000014
114.54380300000014
114.64439100000014
114.74753400000014
114.83439900000015
114.94315100000014
115.05364400000015
115.15728700000015
115.25503600000015
115.34345300000015
115.45091500000015
115.53241600000015
115.61398000000015
115.69732300000015
115.78042200000016
115.88277500000015
115.97476700000016
116.06419100000015
116.15431500000015
116.24375000000015
116.32907300000015
116.41115300000016
116.49150300000015
116.58513200000016
116.67332900000015
116.75468400000015
116.88394400000016
116.98617500000016
117.07046600000015
117.17228000000016
117.26200800000015
117.33671400000016
117.42670300000016
117.50991900000015
117.58635100000015
117.66619800000015
117.75887500000015
117.83993600000015
117.92047900000016
118.00935100000015
118.09388300000015
118.18520300000014
118.27679300000014
118.36165300000015
118.43479300000014
118.51992600000014
118.59260700000014
118.68059800000015
118.77721300000015
118.87018200000014
118.95276400000014
119.02885600000015
119.12373900000014
119.21318500000014
119.30348700000013
119.40684500000013
119.48978900000013
119.57268900000012
119.68070500000013
119.76789800000013
119.85500400000014
119.93743700000013
120.02653300000013
120.09616500000013
120.18767600000012
120.28257100000012
120.38274900000012
120.48434900000012
120.58486300000013
120.68927700000013
120.77663500000013
120.87268500000013
120.95749700000013
121.05284400000014
121.16732900000014
121.26722100000013
121.37181300000013
121.47970400000013
121.58627900000013
121.68445700000014
121.80230900000014
121.90540300000013
122.01191600000014
122.12923700000015
122.24023600000015
122.34862300000015
122.45959800000014
122.55534500000014
122.66438200000015
122.76518400000015
122.86636700000015
122.95999300000015
123.06908200000015
123.17650600000015
123.28514700000015
123.40556400000015
123.51849300000015
123.63088500000015
123.74001900000015
123.85052100000014
123.96192000000015
124.07462900000014
124.18034300000015
124.27469600000015
124.38209700000014
124.48721200000014
124.58943100000015
124.69011000000015
124.78897400000015
124.90033700000015
125.03090300000015
125.12292100000015
125.20982700000015
125.30722200000015
125.41671000000015
125.51736000000015
125.61794600000016
125.71076600000016
125.80753200000017
125.90292900000017
125.99344700000017
126.09670600000017
126.18812700000016
126.28470100000017
126.38596800000016
126.48815200000016
126.60413400000016
126.70486800000016
126.79900800000016
126.88926700000016
126.99000000000017
127.08167700000017
127.18192400000017
127.27368600000017
127.35994500000017
127.46909900000017
127.56614600000017
127.67625900000017
127.78029100000018
127.89618400000018
127.99810200000017
128.08934300000018
128.1863990000002
128.2992540000002
128.4129140000002
128.5060090000002
128.6057910000002
128.7219920000002
128.8309270000002
128.9303300000002
129.0392090000002
129.1383750000002
129.2327730000002
129.3415740000002
129.4489240000002
129.5564730000002
129.6579130000002
129.77705400000022
129.87261800000022
129.95806000000022
130.06975100000022
130.17451400000022
130.2636090000002
130.3553930000002
130.4409010000002
130.5300310000002
130.6366950000002
130.7465250000002
130.8555130000002
130.9363170000002
131.0316640000002
131.1353520000002
131.2093450000002
131.28715000000022
131.36109000000022
131.44910800000022
131.52580400000022
131.61578400000022
131.7091220000002
131.8064960000002
131.87900100000022
131.94632800000022
132.02960600000023
132.09910000000022
132.18103100000022
132.2678600000002
132.3389060000002
132.40437400000022
132.49320400000022
132.5672700000002
132.6366130000002
132.71941700000022
132.84150100000022
132.91986000000023
132.99808700000023
133.09400900000023
133.18877800000024
133.25610400000025
133.33369900000025
133.40640400000026
133.48715700000025
133.56563500000024
133.65062700000024
133.74322600000025
133.81768800000026
133.90518500000027
134.00247000000027
134.09719100000027
134.17071100000027
134.26940700000026
134.34797300000025
134.41939000000025
134.48819600000024
134.55861100000024
134.62961100000024
134.71384300000022
134.79699000000022
134.86839200000023
134.96397400000023
135.02758700000024
135.12516600000023
135.20541100000023
135.26901600000022
135.3442420000002
135.4180930000002
135.5091520000002
135.59045700000019
135.6604200000002
135.73144700000017
135.79602300000016
135.87397600000017
135.95674000000017
136.04626900000017
136.12566700000016
136.20336200000017
136.28345100000016
136.36058000000017
136.43645600000016
136.52096900000015
136.59570600000015
136.67931800000014
136.75411400000013
136.84534800000012
136.9252770000001
137.0250030000001
137.1014650000001
137.1888340000001
137.2806110000001
137.3493280000001
137.4398280000001
137.5211350000001
137.6088700000001
137.6817380000001
137.7501760000001
137.82700000000008
137.90366200000008
137.98844000000008
138.07569400000008
138.1633410000001
138.23509600000008
138.32021500000008
138.4031530000001
138.4825960000001
138.54806100000008
138.62263800000008
138.6862810000001
138.7608030000001
138.8340680000001
138.92098800000008
138.9909800000001
139.06303100000008
139.1382830000001
139.21909000000008
139.29522300000008
139.37864800000008
139.45407100000008
139.54427600000008
139.6334730000001
139.7127600000001
139.7961960000001
139.8860530000001
139.96578000000008
140.04925100000008
140.12624100000008
140.2136260000001
140.2976330000001
140.3765710000001
140.48583900000008
140.56255100000007
140.63817600000007
140.71544500000007
140.80337300000008
140.88112600000008
140.96868400000008
141.0587050000001
141.14473600000008
141.2255700000001
141.29497400000008
141.3713620000001
141.44929000000008
141.53015200000007
141.60779400000007
141.69794800000008
141.76746500000007
141.85815200000008
141.9472590000001
142.0532760000001
142.1259390000001
142.2014160000001
142.2879090000001
142.3629110000001
142.45026300000012
142.52651000000012
142.60854100000012
142.69119900000013
142.76489900000013
142.84066800000014
142.91855100000015
142.98260900000014
143.06321800000015
143.14044300000015
143.22223500000015
143.29005800000016
143.37663700000016
143.44794400000015
143.51597300000014
143.58090800000014
143.66201200000015
143.73695200000014
143.81167700000015
143.88833400000016
143.98019400000015
144.05538900000016
144.12538500000016
144.19740800000017
144.28965500000015
144.38399200000015
144.45529700000014
144.54479900000015
144.62679500000016
144.70803800000016
144.79183600000016
144.87039800000016
144.93834700000016
145.02575100000016
145.11734300000015
145.21499100000014
145.30311800000013
145.39467200000013
145.46755800000014
145.56289600000014
145.65681200000014
145.75409100000013
145.83825300000012
145.92808400000013
146.02913600000014
146.11337300000014
146.20880000000014
146.31539400000014
146.41179500000013
146.49591600000014
146.59451900000013
146.68542300000013
146.79723200000012
146.89609400000012
146.99181300000012
147.09970800000013
147.19339800000014
147.27918600000015
147.36493600000014
147.46130800000014
147.55961600000015
147.66273200000015
147.76560900000015
147.86677300000017
147.94941600000016
148.03454300000016
148.13476300000016
148.21229200000016
148.30385700000016
148.39329900000016
148.47894700000015
148.56583200000014
148.65843800000013
148.74637400000015
148.84022400000015
148.92675200000014
149.01035400000015
149.12120800000014
149.22998700000014
149.31568300000015
149.40702500000015
149.48635500000015
149.58402000000015
149.65850400000016
149.73994400000015
149.82090900000014
149.89610200000016
149.98188500000015
150.05944100000013
150.12853600000014
150.20496300000013
150.28450900000013
150.36017700000014
150.43388900000014
150.51139700000013
150.59892100000013
150.69607300000013
150.77706900000013
150.8635850000001
150.95348300000012
151.03833700000013
151.12755600000014
151.21095300000013
151.28190200000014
151.35881600000013
151.45674700000012
151.54587800000013
151.63389600000014
151.72849700000015
151.82765700000016
151.91803600000017
152.01181500000018
152.10571400000018
152.2037700000002
152.3026370000002
152.3808030000002
152.4546730000002
152.5611250000002
152.6438680000002
152.7386560000002
152.8309070000002
152.9120130000002
152.9951330000002
153.0789190000002
153.1822870000002
153.2722520000002
153.3529200000002
153.43084900000022
153.51168700000022
153.60926300000023
153.72617900000023
153.81166900000022
153.89622200000022
154.00222600000023
154.07813700000023
154.17455700000022
154.27448800000022
154.3661380000002
154.4492500000002
154.5316410000002
154.6319420000002
154.7192290000002
154.80160500000022
154.8877500000002
154.96603000000022
155.0586340000002
155.1640830000002
155.2371560000002
155.3129570000002
155.4013830000002
155.48496400000022
155.5642180000002
155.6587240000002
155.7423790000002
155.8333320000002
155.9040530000002
156.0052570000002
156.09247200000019
156.1667190000002
156.2408920000002
156.3106320000002
156.4033240000002
156.49402800000018
156.5868410000002
156.6715800000002
156.75101800000022
156.8223340000002
156.9047270000002
156.9723200000002
157.0401070000002
157.1265050000002
157.1992610000002
157.2739090000002
157.3686320000002
157.44305700000018
157.51918300000017
157.61168900000015
157.68188200000014
157.77306300000015
157.85091800000015
157.92901000000015
158.01810700000016
158.10282700000016
158.19658300000017
158.28489500000018
158.37088700000018
158.47062900000017
158.57319000000018
158.66702400000017
158.75170100000017
158.84094100000016
158.92472100000015
159.00547600000016
159.09354500000015
159.17302300000014
159.26434500000013
159.35386100000014
159.44557000000015
159.52403900000016
159.61207600000017
159.68791700000017
159.77814100000018
159.85853900000018
159.95342000000016
160.03160500000016
160.10690800000015
160.19493000000014
160.27649600000015
160.35154100000014
160.42756200000014
160.48778000000013
160.55293700000013
160.62732700000012
160.70343700000012
160.76370400000013
160.82914300000013
160.90782000000013
160.97096300000013
161.05648500000012
161.13072800000012
161.20418000000012
161.2636910000001
161.3352520000001
161.4025410000001
161.4704740000001
161.5431040000001
161.6282140000001
161.6938000000001
161.7692190000001
161.8498320000001
161.9163440000001
161.9777190000001
162.05956200000008
162.13132700000008
162.21457500000008
162.28647600000008
162.37577200000007
162.47354400000006
162.56503100000006
162.64766700000007
162.73376900000008
162.8225040000001
162.9031630000001
162.9852030000001
163.0724930000001
163.1571840000001
163.24740200000008
163.35189300000008
163.46274400000007
163.55661000000006
163.65112000000008
163.74089700000007
163.84530100000006
163.94322600000007
164.04558300000008
164.1344200000001
164.2280240000001
164.3116200000001
164.4007210000001
164.48921800000008
164.57869000000008
164.6570140000001
164.7668460000001
164.8636130000001
164.9622410000001
165.0644350000001
165.1592510000001
165.2574160000001
165.35215000000008
165.43074800000008
165.52673000000007
165.61313400000006
165.70443400000005
165.79992600000006
165.89838300000005
165.97933900000004
166.07711900000004
166.17703100000003
166.27817400000004
166.36108900000005
166.45023600000005
166.54127100000005
166.62918200000004
166.71775300000004
166.79092300000005
166.87136200000006
166.93986300000006
167.02746800000006
167.11197000000004
167.19233800000003
167.26462500000002
167.33163100000002
167.409434
167.476645
167.566452
167.646902
167.70858600000003
167.77385500000003
167.84181900000002
167.921513
167.9854
168.08178
168.16083400000002
168.237916
168.299887
168.38044100000002
168.462273
168.537426
168.60218400000002
168.67308500000001
168.74768600000002
168.82144300000002
168.89706900000002
168.95838600000002
169.04488200000003
169.12538900000004
169.19205500000004
169.26553900000005
169.34810300000004
169.43843100000004
169.51710500000004
169.61165400000004
169.68674600000006
169.77930600000005
169.84161000000006
169.92385200000007
170.00260500000007
170.08162700000008
170.15855300000007
170.23401000000007
170.30385400000006
170.38750500000006
170.46421900000007
170.53050800000008
170.60714800000008
170.6808220000001
170.7631520000001
170.8378210000001
170.8986430000001
170.9625950000001
171.0355680000001
171.1039590000001
171.1817230000001
171.2532580000001
171.3158860000001
171.3889750000001
171.4615390000001
171.5329700000001
171.6310750000001
171.69964800000008
171.77316300000007
171.83650800000007
171.90214400000008
171.96810400000007
172.02929800000007
172.10323800000006
172.16931700000006
172.23648200000005
172.30263800000006
172.36206000000007
172.44166600000008
172.50713000000007
172.58216900000008
172.66722800000008
172.72898300000008
172.78800900000007
172.84804100000008
172.91234700000007
172.98458200000007
173.05328300000008
173.1368630000001
173.1935890000001
173.25756900000007
173.31528800000007
173.38031400000006
173.44263300000006
173.50851800000007
173.56990900000005
173.65020400000006
173.71674600000006
173.77707600000005
173.84083100000004
173.91017900000003
173.98649400000002
174.06235100000004
174.13240200000004
174.20413500000004
174.26798900000003
174.35153200000002
174.428525
174.489777
174.575179
174.651163
174.7313
174.80167600000001
174.874785
174.957187
175.040822
175.103703
175.166102
175.247674
175.30795999999998
175.36968499999998
175.46546199999997
175.53936699999997
175.60824399999996
175.67357399999995
175.73431399999996
175.80546999999996
175.88452999999996
175.95311499999997
176.03037499999996
176.12493399999997
176.19712299999998
176.25781899999998
176.32520999999997
176.40566399999997
176.47861699999999
176.553543
176.632327
176.711896
176.77903799999999
176.856361
176.92828
177.00867
177.087158
177.15568
177.22624499999998
177.32564299999999
177.39886399999997
177.47833999999997
177.55008699999996
177.63550299999997
177.71504899999996
177.78999799999997
177.87145999999996
177.93977099999995
178.01843099999996
178.08538899999996
178.16765399999997
178.25098199999996
178.31102999999996
178.40518399999996
178.47968299999997
178.56480199999996
178.64361099999996
178.71557399999998
178.79024799999996
178.88664599999996
178.96139699999995
179.05749499999996
179.12676699999997
179.19742899999997
179.27853499999998
179.38119999999998
179.46209899999997
179.54291299999997
179.62098899999998
179.713138
179.78969899999998
179.86781799999997
179.95226299999996
180.04240599999997
180.13611599999996
180.22501199999996
180.30016799999996
180.39201799999995
180.48463299999995
180.57672899999994
180.65980799999994
180.74392799999995
180.83377899999996
180.92186399999997
181.01647899999998
181.09898599999997
181.19889799999996
181.29510899999997
181.39915199999996
181.49967399999997
181.59416099999996
181.68325799999997
181.78364299999996
181.86799799999994
181.95977099999993
182.06228899999994
182.16347599999995
182.26195199999995
182.35385399999996
182.44417999999996
182.52500399999997
182.61093599999998
182.69920299999998
182.787806
182.874416
182.971838
183.04343599999999
183.11637599999997
183.20021699999998
183.26531099999997
183.33048599999998
183.409362
183.488136
183.573154
183.65116999999998
183.719249
183.806375
183.890091
183.970681
184.04463800000002
184.10832600000003
184.17744300000004
184.26456200000004
184.33040400000004
184.42671000000004
184.50421200000005
184.58858900000004
184.66884200000004
184.74614500000004
184.81328100000005
184.89805200000004
184.99256000000003
185.07474500000004
185.15755900000005
185.23775100000006
185.31455800000006
185.40735700000008
185.49574000000007
185.58240700000007
185.67273100000008
185.75818600000008
185.8286620000001
185.8976100000001
185.9779240000001
186.0637780000001
186.1432810000001
186.23208100000008
186.3112250000001
186.38661900000008
186.4603380000001
186.5443680000001
186.6234320000001
186.7141280000001
186.7979640000001
186.8905670000001
186.97472000000008
187.06260900000007
187.14436000000006
187.24185600000007
187.33308200000008
187.4171120000001
187.48867800000008
187.56384600000007
187.65363200000007
187.73285200000007
187.82334800000007
187.91558500000008
188.00106600000007
188.08904200000006
188.17462900000007
188.27071500000008
188.36667000000008
188.4610250000001
188.56357100000008
188.6549640000001
188.7515740000001
188.8419920000001
188.92240500000008
189.01399700000007
189.10971600000008
189.21837400000007
189.31842100000006
189.42065100000005
189.51708600000006
189.62977100000006
189.71458100000007
189.79970400000008
189.90354100000008
189.99722900000006
190.08091600000006
190.16222600000006
190.24869500000005
190.32598100000004
190.41125000000005
190.48817000000005
190.57295800000006
190.66308400000005
190.74932500000006
190.84095900000005
190.94688800000006
191.04243900000006
191.12520900000007
191.21349600000008
191.3020290000001
191.3963480000001
191.4719440000001
191.5472180000001
191.6354200000001
191.72149700000008
191.8090390000001
191.8891320000001
191.9619650000001
192.0459210000001
192.1331170000001
192.21228400000012
192.29976000000013
192.38048400000014
192.45612900000015
192.52384100000015
192.61146400000015
192.70769200000015
192.78568300000015
192.86177300000014
192.94940100000014
193.03658300000015
193.13249700000014
193.22396500000013
193.30685900000014
193.40271700000014
193.49482100000014
193.57758100000015
193.66025100000016
193.76526500000017
193.86588400000016
193.95312800000016
194.04837300000017
194.14151800000016
194.23875500000017
194.31949900000018
194.39626600000017
194.49654700000016
194.58830400000016
194.68372700000018
194.75950400000016
194.85397800000015
194.95344600000016
195.05921100000015
195.16554500000015
195.25005100000016
195.33539500000015
195.41992300000015
195.51646400000016
195.59282400000015
195.67754600000015
195.75759400000015
195.83440900000016
195.91975700000017
195.99456000000018
196.07901000000018
196.15586600000017
196.24599600000016
196.33601000000016
196.42537200000015
196.50172600000016
196.58514000000017
196.66156000000018
196.7375750000002
196.82879500000018
196.91434400000017
197.00664000000017
197.08343500000018
197.16731100000018
197.2473790000002
197.3331320000002
197.4095370000002
197.4945840000002
197.5703550000002
197.65829100000022
197.75732800000023
197.84717900000024
197.95930200000024
198.04674000000023
198.13793100000024
198.23037800000023
198.33303400000023
198.43102600000023
198.54426500000022
198.64264500000021
198.73080700000023
198.82903200000024
198.92250000000024
199.01601400000024
199.10501000000025
199.19466900000026
199.28190000000026
199.36404200000027
199.45676300000028
199.55081100000027
199.64276800000027
199.7167110000003
199.7948230000003
199.8931550000003
199.9668410000003
200.0444730000003
200.1356290000003
200.2227270000003
200.3035300000003
200.3811420000003
200.4648350000003
200.5518130000003
200.6439300000003
200.7445870000003
200.8476340000003
200.93200500000032
201.02277900000033
201.14288300000032
201.23810900000032
201.32674400000033
201.41698400000033
201.51263700000032
201.58908200000033
201.67206400000032
201.75507100000033
201.84899600000034
201.93121900000034
202.01177900000033
202.09574500000033
202.18682400000034
202.27517600000033
202.36490000000032
202.4580700000003
202.5468470000003
202.6384150000003
202.72901600000029
202.8305870000003
202.9132770000003
203.00441000000032
203.09126100000032
203.1752090000003
203.2606660000003
203.3639930000003
203.44412900000032
203.53974400000033
203.62463200000033
203.71308400000032
203.78959900000032
203.87114400000033
203.97152800000032
204.06028800000033
204.13945300000032
204.2348630000003
204.3250450000003
204.4194430000003
204.5422950000003
204.6470010000003
204.7385820000003
204.8373760000003
204.9421120000003
205.0291600000003
205.1258610000003
205.2193870000003
205.31755500000028
205.40484800000027
205.48779100000027
205.57406800000027
205.66200100000026
205.77160200000026
205.87261200000026
205.96016300000025
206.04169100000024
206.11858900000024
206.20805600000025
206.29881000000026
206.38156300000026
206.45817400000027
206.53354900000028
206.60845300000028
206.69883800000028
206.77289900000028
206.85598100000027
206.94629700000027
207.04580900000028
207.13055700000027
207.20956100000026
207.29070800000025
207.37256800000026
207.45560400000025
207.55633600000024
207.65557700000025
207.74597800000026
207.84324300000026
207.93828700000026
208.03537200000025
208.11907600000026
208.21689300000025
208.30894200000026
208.40516000000025
208.49013900000026
208.60751000000025
208.70926600000024
208.80820100000025
208.89161900000025
208.98370100000025
209.08195900000024
209.18694500000024
209.30075800000023
209.39878100000024
209.49350700000025
209.59063400000025
209.69326400000026
209.79636500000026
209.90001300000026
209.99155100000027
210.08590200000026
210.17352300000027
210.26301200000026
210.35044300000027
210.45686500000028
210.55439900000027
210.65606000000028
210.7530150000003
210.84548600000028
210.93678600000027
211.04308700000027
211.14863900000026
211.25024100000027
211.33068600000027
211.40397500000026
211.48128400000027
211.55982300000028
211.64571800000027
211.72816600000027
211.81393200000028
211.9104370000003
211.99525200000028
212.07859200000027
212.17531600000027
212.25956700000026
212.34840900000026
212.44503700000027
212.53539500000028
212.6166460000003
212.71016200000028
212.7876290000003
212.8770330000003
212.9615510000003
213.0383310000003
213.11718300000032
213.19600600000032
213.2927320000003
213.3845940000003
213.47443300000032
213.5792430000003
213.6884390000003
213.7764370000003
213.8630350000003
213.94805800000032
214.02504600000032
214.10152300000033
214.17845100000034
214.26505300000034
214.37118000000032
214.46529800000033
214.56012600000034
214.64220600000033
214.74393500000033
214.83268400000034
214.91604700000033
215.00770300000033
215.10169000000033
215.19211500000034
215.28286000000034
215.37664000000035
215.46970700000034
215.55180400000035
215.63578300000034
215.71687100000034
215.81453600000034
215.90740600000035
215.99871800000034
216.09173600000034
216.18629000000033
216.29839800000033
216.38152000000034
216.47976700000032
216.57667700000033
216.67992900000033
216.75760400000033
216.84309200000033
216.92208700000032
217.0084200000003
217.0968160000003
217.1849470000003
217.2776950000003
217.37604600000031
217.46926600000032
217.56043900000031
217.66118600000033
217.74889900000034
217.83681700000034
217.94256600000034
218.02176900000035
218.12132600000035
218.21901500000035
218.30693600000035
218.40705100000034
218.51113700000033
218.59548700000033
218.67901700000033
218.76459200000033
218.86840100000035
218.94057400000034
219.02118800000034
219.10838700000033
219.18457000000032
219.26367200000033
219.36940300000032
219.46634700000033
219.56183100000032
219.6599430000003
219.7589320000003
219.8373930000003
219.9177690000003
220.0089200000003
220.10224800000032
220.1812410000003
220.27167600000033
220.37447000000031
220.4653500000003
220.5696030000003
220.65725000000032
220.75290300000032
220.84953200000032
220.93152400000034
221.02552700000032
221.10802300000032
221.1902150000003
221.27694800000032
221.36883600000033
221.45131500000033
221.53685700000034
221.62406400000035
221.71119400000035
221.80169600000033
221.89714000000032
221.98934400000033
222.08177000000032
222.17836500000033
222.26081000000033
222.34509500000033
222.43800700000034
222.51916000000034
222.62126500000034
222.72126000000034
222.80918300000033
222.89060300000034
222.98259500000034
223.07019900000034
223.17286700000034
223.26212900000033
223.34265000000033
223.43670600000033
223.52445700000033
223.60911900000033
223.72138600000034
223.81505900000033
223.91386100000034
224.00266900000034
224.08037400000035
224.18171600000034
224.26487500000033
224.36087800000033
224.4606560000003
224.5408310000003
224.6353830000003
224.7209770000003
224.86537500000028
224.94781100000029
225.0384720000003
225.1305680000003
225.2285870000003
225.33209900000028
225.4325310000003
225.5361850000003
225.6184800000003
225.7050690000003
225.8017640000003
225.8894620000003
225.99195100000028
226.0795410000003
226.1542340000003
226.24019700000028
226.32547900000029
226.41085700000028
226.49157000000028
226.58408300000028
226.66435700000028
226.74165400000027
226.83484300000026
226.93334800000025
227.02625800000024
227.10356800000025
227.17440500000026
227.25519200000025
227.34551600000026
227.44082100000026
227.51517900000024
227.59431700000025
227.69075200000026
227.79162000000025
227.87320700000026
227.95013500000027
228.03570500000026
228.11199900000025
228.18223700000024
228.26847000000024
228.35422800000023
228.44013900000024
228.52113500000024
228.60273200000023
228.68393100000023
228.78095400000024
228.86167500000025
228.94772000000026
229.03044100000025
229.12434200000024
229.21460000000025
229.30029200000024
229.38922800000023
229.47489200000024
229.55265700000024
229.63585400000025
229.73154400000024
229.81304500000024
229.89863300000025
229.98929800000025
230.09439700000024
230.19940000000025
230.29451100000026
230.39292500000025
230.49595900000025
230.61220900000026
230.71961100000027
230.81548900000027
230.92209100000028
231.0130010000003
231.1143330000003
231.2236440000003
231.3230890000003
231.42957600000028
231.52771700000028
231.6231640000003
231.73225100000028
231.8304310000003
231.93353800000028
232.08177800000027
232.17317700000027
232.28893200000027
232.39995800000028
232.5071800000003
232.60381700000028
232.70255700000027
232.80160100000026
232.90731500000027
233.00610900000027
233.09689300000028
233.20527600000028
233.30279100000027
233.40053900000026
233.48756400000028
233.57533000000026
233.68116000000026
233.76670100000027
233.85155200000025
233.92609400000026
234.00142400000027
234.08249000000026
234.17162600000026
234.26020500000027
234.35740700000028
234.46089600000028
234.54941900000028
234.64978900000028
234.7291700000003
234.81883900000028
234.90156000000027
234.99673100000027
235.09552900000025
235.19296300000025
235.28573900000023
235.37221100000022
235.46323300000023
235.54688000000024
235.63027400000024
235.73125600000023
235.81803700000023
235.90713000000022
235.99918900000023
236.10491200000024
236.20955000000023
236.30786800000024
236.41267500000023
236.50534000000025
236.61515400000025
236.71637000000024
236.81994900000024
236.90869700000025
237.01116000000025
237.10107000000025
237.21172300000026
237.31155200000026
237.41668300000026
237.50225800000027
237.60890900000027
237.70442400000027
237.80721300000027
237.9073180000003
238.01021100000028
238.1095510000003
238.2193520000003
238.3303250000003
238.4430190000003
238.5449460000003
238.64305600000029
238.73412800000028
238.8420010000003
238.94978200000028
239.06295600000027
239.17082500000026
239.27731900000026
239.37704200000027
239.47908900000027
239.59148600000026
239.69528700000026
239.79775100000026
239.94317400000025
240.05057500000026
240.16180300000028
240.27545500000028
240.38154500000027
240.48509200000026
240.58167500000027
240.69936600000028
240.80123700000027
240.90740200000027
241.01170100000027
241.10229900000027
241.19451700000027
241.29790100000028
241.39557000000028
241.48821000000027
241.60612100000026
241.70388300000025
241.81345000000024
241.90939600000024
241.99972500000024
242.09729400000023
242.20276700000022
242.29691100000022
242.39511400000023
242.48268000000024
242.57070800000025
242.67026800000025
242.75892500000026
242.85129300000025
242.94036200000025
243.02286600000025
243.11710200000024
243.20601600000023
243.28880600000022
243.36216000000022
243.4330730000002
243.5097940000002
243.5901390000002
243.6759160000002
243.7699360000002
243.8550880000002
243.9336750000002
244.02127200000018
244.10995800000018
244.20735800000017
244.27799400000018
244.36214500000017
244.46968400000017
244.55489700000018
244.64943500000018
244.73595200000017
244.81698800000018
244.89905500000017
244.99821800000018
245.09181300000017
245.18140500000018
245.26195100000018
245.33729600000018
245.4147070000002
245.5103820000002
245.59832700000018
245.66913400000018
245.7619020000002
245.8549100000002
245.95125400000018
246.04579200000018
246.1278410000002
246.2263420000002
246.3071550000002
246.3934190000002
246.5004780000002
246.58325600000018
246.6650680000002
246.7491130000002
246.82386500000018
246.9050920000002
246.9854350000002
247.0603960000002
247.1636920000002
247.2577770000002
247.3415410000002
247.4420330000002
247.5286120000002
247.6224230000002
247.7151520000002
247.8174000000002
247.91681500000018
248.00530100000017
248.10293200000018
248.20395800000017
248.28649800000017
248.37405100000018
248.47275500000018
248.57056200000017
248.65835600000017
248.75688700000018
248.85236900000018
248.94304500000018
249.0364870000002
249.13325900000018
249.22963500000017
249.31865200000018
249.4042820000002
249.4856660000002
249.5668360000002
249.6600890000002
249.7511410000002
249.84742900000018
249.9358160000002
250.0184270000002
250.1083010000002
250.18596100000022
250.27937500000021
250.3922640000002
250.4766860000002
250.5659030000002
250.6599860000002
250.7461930000002
250.8319780000002
250.9216380000002
251.0150200000002
251.10252700000018
251.18647300000018
251.27466700000016
251.37724800000015
251.46404700000016
251.54173500000016
251.63438200000016
251.72033200000016
251.79193400000017
251.87286800000018
251.95118300000019
252.04135300000019
252.12183600000017
252.21512000000018
252.29116700000017
252.37813600000018
252.46680200000017
252.56956700000018
252.66713700000017
252.77205500000017
252.86026800000016
252.94266900000017
253.02964700000015
253.11107100000015
253.19367100000017
253.27448000000015
253.35110700000016
253.42377000000016
253.50068200000015
253.60364100000015
253.69373300000015
253.78979600000014
253.87843800000013
253.97663100000014
254.06361700000014
254.14586900000015
254.22516000000016
254.30531900000017
254.38987400000016
254.48322900000016
254.59283500000018
254.66167400000018
254.7436440000002
254.84263100000018
254.91722500000017
255.00218600000017
255.08576300000016
255.20098800000017
255.27499700000016
255.37062900000015
255.44564600000015
255.51544800000016
255.58446500000016
255.67229300000017
255.75694200000018
255.82837300000017
255.91420800000017
255.99454400000016
256.06520500000016
256.14527500000014
256.21913400000017
256.2957920000002
256.37349700000016
256.45311000000015
256.52923000000015
256.61355000000015
256.69753500000013
256.76484900000014
256.84004500000015
256.92066400000016
257.01113500000014
257.08981300000016
257.1745460000002
257.2541850000002
257.3366040000002
257.4017530000002
257.4801670000002
257.56098900000023
257.6331740000002
257.70448900000025
257.77083600000026
257.85220800000025
257.92371900000023
258.0063750000002
258.0862200000002
258.1675330000002
258.2413370000002
258.31362400000023
258.3998850000002
258.4814100000002
258.5594230000002
258.6349220000002
258.70598500000017
258.7933390000002
258.8835470000002
258.9520560000002
259.0368180000002
259.1167980000002
259.1910480000002
259.2723150000002
259.34829200000024
259.42660000000024
259.4903690000002
259.5610640000002
259.63220400000023
259.6986740000002
259.7754100000002
259.8475060000002
259.92331700000017
259.98330500000014
260.05503200000015
260.14592900000014
260.21429600000016
260.28672800000015
260.35743900000017
260.4335280000002
260.5062210000002
260.5893890000002
260.6608810000002
260.7367920000002
260.8113760000002
260.87767100000025
260.94781100000023
261.0164900000002
261.1204320000002
261.19474900000023
261.2871780000002
261.3747900000002
261.44655200000017
261.5086430000002
261.5772430000002
261.6506880000002
261.7320260000002
261.8083070000002
261.8795900000002
261.96929200000017
262.04233500000015
262.11272000000014
262.2119050000001
262.3016650000001
262.41493400000013
262.49611000000016
262.56286900000015
262.64795600000014
262.74060500000013
262.8126770000001
262.8881250000001
262.9702110000001
263.03362500000014
263.11380000000014
263.21023300000013
263.30060400000013
263.37550000000016
263.45836100000014
263.5445530000001
263.63395300000013
263.7246240000001
263.8082060000001
263.8827580000001
263.9843000000001
264.0671010000001
264.1506220000001
264.2277310000001
264.31106900000015
264.39140300000014
264.48455800000016
264.55611500000015
264.62966100000017
264.6982350000002
264.7814930000002
264.8820820000002
264.9635830000002
265.0663260000002
265.15182000000016
265.2401570000002
265.31236700000017
265.40411200000017
265.49095500000016
265.57802900000013
265.66754400000013
265.75143000000014
265.84087700000015
265.92302900000016
266.01103900000015
266.11448700000017
266.2102080000002
266.2930390000002
266.3812510000002
266.4761910000002
266.5529870000002
266.6466060000002
266.7373890000002
266.81909900000016
266.9105900000002
267.0034150000002
267.1008030000002
267.1869860000002
267.2627480000002
267.3436720000002
267.41467100000017
267.4777550000002
267.5531080000002
267.64106000000015
267.71659700000015
267.77977400000015
267.85273700000016
267.9239880000002
267.9923600000002
268.0634520000002
268.1748270000002
268.2651520000002
268.33439700000025
268.40389600000026
268.47859800000026
268.5587180000003
268.63644700000026
268.7102160000003
268.77168900000026
268.8407810000003
268.9285350000003
269.0092760000003
269.07077100000026
269.1408250000003
269.2048850000003
269.28436300000027
269.35947400000026
269.44708400000025
269.50811800000025
269.58022600000027
269.66359600000027
269.72448300000025
269.78932700000024
269.85328000000027
269.9453150000003
270.00899500000025
270.06993700000027
270.14476000000025
270.22824500000024
270.30062400000025
270.3729970000003
270.43561900000026
270.52372200000025
270.61128600000023
270.66968600000024
270.7520090000002
270.8329760000002
270.9175300000002
270.9969860000002
271.0619280000002
271.1422080000002
271.2249720000002
271.3037910000002
271.3632750000002
271.4471520000002
271.5212180000002
271.5805980000002
271.6682030000002
271.7596770000002
271.8368540000002
271.91883900000016
271.98787300000015
272.06300900000014
272.13687100000016
272.21119000000016
272.29712500000016
272.36444100000017
272.45344600000016
272.5346010000002
272.62538300000017
272.71202100000016
272.8010560000002
272.87864900000017
272.9702570000002
273.0385610000002
273.1098860000002
273.2078420000002
273.2847800000002
273.3718430000002
273.46769600000016
273.5644320000002
273.6446710000002
273.7277410000002
273.82657000000023
273.91227400000025
273.99297200000024
274.07818000000026
274.15837200000027
274.24672600000025
274.3358050000003
274.42771400000026
274.5077030000003
274.59188700000027
274.69606600000026
274.78539000000023
274.8564970000002
274.9245010000002
274.9941590000002
275.0668410000002
275.14132800000016
275.2180690000002
275.2978280000002
275.3817620000002
275.4628330000002
275.5549650000002
275.6375550000002
275.7384390000002
275.8278030000002
275.9121200000002
275.9956600000002
276.0709120000002
276.1687770000002
276.2416820000002
276.3290080000002
276.4072930000002
276.49267900000024
276.5596870000002
276.6413460000002
276.7283660000002
276.82147500000025
276.9009190000003
276.97469900000027
277.0433670000003
277.13971200000026
277.21492900000027
277.2842030000003
277.37113900000026
277.46068800000023
277.54141400000026
277.6080940000003
277.68186100000025
277.76782600000024
277.86436900000024
277.94328400000023
278.02669200000025
278.10561200000024
278.18294900000024
278.26334000000026
278.35515000000026
278.44447200000025
278.53841600000027
278.62620700000025
278.6844160000002
278.74923100000024
278.81686400000024
278.8944590000002
278.9622130000002
279.0586660000002
279.1260780000002
279.18759300000016
279.27384600000016
279.33843700000017
279.4344510000002
279.5022700000002
279.57382500000017
279.6419720000002
279.7164660000002
279.8004650000002
279.8881670000002
279.9598070000002
280.0227970000002
280.0917850000002
280.1650430000002
280.2378380000002
280.3005590000002
280.3725170000002
280.4457080000002
280.5314690000002
280.6095190000002
280.6675190000002
280.7264060000002
280.79946300000023
280.8767400000002
280.9505080000002
281.0235570000002
281.1061440000002
281.1815180000002
281.2455350000002
281.3261400000002
281.3999340000002
281.4709130000002
281.5421370000002
281.6123740000002
281.7019170000002
281.7748920000002
281.86725600000017
281.94425500000017
282.03429500000016
282.13015700000017
282.21051900000015
282.28655000000015
282.3692560000001
282.4569770000001
282.5553830000001
282.6297590000001
282.7053140000001
282.7796340000001
282.8485110000001
282.9228050000001
283.0036940000001
283.0922950000001
283.1612870000001
283.25027200000005
283.33395100000007
283.42783800000007
283.51179600000006
283.60060100000004
283.67851600000006
283.7630020000001
283.8329540000001
283.9226530000001
284.0207400000001
284.1222620000001
284.1993940000001
284.2756370000001
284.3501590000001
284.4305510000001
284.5209430000001
284.6106600000001
284.6865430000001
284.76213000000007
284.83347800000007
284.90647200000006
284.97629700000005
285.05651700000004
285.12951000000004
285.21217200000007
285.2846840000001
285.36646400000006
285.45587900000004
285.53949000000006
285.63861800000006
285.71415800000005
285.80088700000005
285.88393
285.95673300000004
286.02218500000004
286.099525
286.17361900000003
286.247739
286.317398
286.391628
286.45522100000005
286.53407100000004
286.611709
286.716431
286.784252
286.87402099999997
286.947592
287.024828
287.11345700000004
287.180917
287.259811
287.338771
287.398755
287.465901
287.53578699999997
287.638061
287.723927
287.834584
287.925389
287.998141
288.078037
288.159962
288.242742
288.310581
288.405174
288.47711499999997
288.55801399999996
288.643495
288.72358999999994
288.8214219999999
288.9227459999999
289.0161969999999
289.1187099999999
289.2117909999999
289.2825369999999
289.36949799999985
289.43978599999986
289.5061069999999
289.5950129999999
289.6590249999999
289.74392799999987
289.81343599999985
289.90361499999983
289.9918339999998
290.0805389999998
290.1655639999998
290.2340799999998
290.3112969999998
290.3877819999998
290.4644819999998
290.5517489999998
290.6379599999998
290.7333359999998
290.8100359999998
290.8822989999998
290.9567789999998
291.0356779999998
291.1235669999998
291.20960699999983
291.28471299999984
291.37634099999985
291.46932099999987
291.5561309999999
291.6566349999999
291.74350299999986
291.83410199999986
291.93719499999986
292.01496499999985
292.1109549999998
292.2124549999998
292.3063869999998
292.4033329999998
292.4969729999998
292.5778469999998
292.67441999999977
292.7724139999998
292.8577549999998
292.9463809999998
293.0183579999998
293.0928689999998
293.1903239999998
293.2823469999998
293.3690709999998
293.4576829999998
293.5414289999998
293.6315859999998
293.7214759999998
293.81186399999984
293.88809699999985
293.99240599999985
294.07719699999984
294.15999799999986
294.2353019999999
294.32991399999986
294.4138139999999
294.5001119999999
294.5925129999999
294.71950499999986
294.81471599999986
294.90504399999986
294.9990359999999
295.08021099999985
295.16339799999986
295.2500469999999
295.33484499999986
295.42273699999987
295.50894499999987
295.5969939999999
295.6874809999999
295.7818999999999
295.8627499999999
295.9452019999999
296.0390839999999
296.1378699999999
296.2370469999999
296.3297199999999
296.4167219999999
296.52588199999985
296.6380389999999
296.7209619999999
296.8161049999999
296.9160219999999
297.0064829999999
297.10636799999986
297.20637399999987
297.29828199999986
297.3889399999999
297.47810799999985
297.56328199999984
297.65941799999985
297.76154799999983
297.85394899999983
297.9506759999998
298.03824599999984
298.1335789999998
298.22484899999984
298.31693199999984
298.4166529999998
298.50974499999984
298.6057519999998
298.6851409999998
298.77532599999984
298.8555109999998
298.9401729999998
299.0087799999998
299.1105219999998
299.19851199999977
299.2821669999998
299.3655729999998
299.4461929999998
299.5165609999998
299.5980569999998
299.6754709999998
299.7513639999998
299.8216059999998
299.9312459999998
300.0134929999998
300.08091599999983
300.14989699999984
300.2232799999998
300.3186289999998
300.4026309999998
300.4961099999998
300.5779929999998
300.6572319999998
300.7359149999998
300.8309779999998
300.9043419999998
300.9810709999998
301.0664739999998
301.1464119999998
301.23757099999983
301.31954099999984
301.41362699999985
301.49317399999984
301.58444799999984
301.67122099999983
301.77561599999984
301.87979499999983
301.9787699999998
302.0860739999998
302.1814679999998
302.2618039999998
302.35761699999983
302.44197999999983
302.5286419999998
302.6265389999998
302.7231519999998
302.8291979999998
302.9482839999998
303.0581989999998
303.1602109999998
303.25310999999977
303.3539009999998
303.4376659999998
303.5252299999998
303.62846799999977
303.7183589999998
303.8066639999998
303.8945649999998
303.9963729999998
304.10462699999977
304.2004449999998
304.29417399999977
304.38518099999976
304.49436399999973
304.59169099999974
304.6781079999997
304.7671549999997
304.85853399999974
304.9406299999997
305.0374059999997
305.1295699999997
305.2066209999997
305.2802449999997
305.3618129999997
305.4374779999997
305.4994009999997
305.5718069999997
305.6462819999997
305.7185359999997
305.7911399999997
305.8748199999997
305.9341759999997
306.00283299999967
306.09032999999965
306.16008799999963
306.2550609999996
306.3425849999996
306.4248909999996
306.5050839999996
306.5782879999996
306.6639369999996
306.75602799999956
306.84172099999955
306.9208469999995
307.0005729999995
307.0842139999995
307.1459309999995
307.2144839999995
307.28910899999954
307.35815799999955
307.45296899999954
307.5338969999995
307.6123549999995
307.6828999999995
307.7722569999995
307.84591399999954
307.92105699999956
307.99751499999957
308.07435899999956
308.1590019999996
308.2430039999996
308.3245949999996
308.4149119999996
308.4906109999996
308.5886229999996
308.6667909999996
308.7450729999996
308.8230749999996
308.8986599999996
308.9854069999996
309.07899199999963
309.1624569999996
309.23409199999963
309.3269519999996
309.4222809999996
309.5140419999996
309.6051109999996
309.70074899999963
309.7961019999996
309.8868369999996
309.9603999999996
310.0338669999996
310.1204319999996
310.2029689999996
310.2851599999996
310.3725229999996
310.4551729999996
310.5329629999996
310.6162609999996
310.7026369999996
310.7771589999996
310.8560909999996
310.9387399999996
311.0229729999996
311.1050149999996
311.1827079999996
311.2534279999996
311.3415719999996
311.4096039999996
311.4725029999996
311.53974999999963
311.61543599999965
311.6889799999997
311.7611769999997
311.8307669999997
311.89266899999967
311.97400199999964
312.03891399999964
312.12934799999965
312.21533699999964
312.3124959999996
312.3825369999996
312.45149299999963
312.5232039999996
312.61233599999963
312.69069999999965
312.7774619999997
312.86676099999966
312.94359699999967
313.0166329999997
313.09713199999965
313.18272299999967
313.2711799999997
313.3662099999997
313.45217699999966
313.5361219999997
313.6210909999997
313.7216009999997
313.81234199999966
313.89046799999966
313.97517299999964
314.05962199999965
314.13477299999965
314.22910299999967
314.31391699999966
314.40075399999967
314.47945299999964
314.55235499999964
314.6326259999996
314.70991199999963
314.7998849999996
314.88496099999963
314.9910289999996
315.08281899999963
315.16594199999963
315.26313499999964
315.35043999999965
315.4289599999997
315.5007929999997
315.5710629999997
315.6418689999997
315.7145179999997
315.7845859999997
315.8797019999997
316.00122599999975
316.0792499999998
316.1619839999998
316.2653829999998
316.3457899999998
316.4262559999998
316.4997879999998
316.5813529999998
316.66622399999983
316.7429539999998
316.8306319999998
316.9196389999998
316.99948599999976
317.0799209999998
317.1671449999998
317.25290599999977
317.3322629999998
317.40715199999977
317.48595299999977
317.58490599999976
317.67387999999977
317.7511849999998
317.8268249999998
317.90410599999984
317.98058099999986
318.0670309999999
318.1331099999999
318.20686999999987
318.2907039999999
318.36715099999986
318.44566799999984
318.52505099999985
318.5929879999998
318.6792279999998
318.7729959999998
318.8503169999998
318.9253549999998
318.9950109999998
319.0661389999998
319.1449449999998
319.2271119999998
319.2995379999998
319.3717709999998
319.4328869999998
319.5118979999998
319.5709179999998
319.6381669999998
319.71472099999977
319.78978699999976
319.85751099999976
319.91898399999974
319.98298699999975
320.06075799999974
320.14463999999975
320.2166299999998
320.28260399999976
320.3504339999998
320.4196429999998
320.5259919999998
320.6101969999998
320.6776959999998
320.7566169999998
320.8364469999998
320.9186829999998
321.00053599999984
321.08207899999985
321.16619099999986
321.24846899999983
321.33034299999986
321.42223199999984
321.51262799999984
321.59979399999986
321.69919399999986
321.76991799999985
321.85556499999984
321.93856899999986
322.03186899999986
322.11551199999985
322.2185959999999
322.3035389999999
322.3963619999999
322.4900339999999
322.5860109999999
322.6896899999999
322.7750489999999
322.86568399999993
322.96118499999994
323.04033699999997
323.137124
323.213897
323.29582999999997
323.38296599999995
323.46400399999993
323.5592189999999
323.63929899999994
323.72390099999996
323.82398299999994
323.91959499999996
324.00633799999997
324.09111399999995
324.18198399999994
324.26807799999995
324.35545099999996
324.43874299999993
324.53824699999996
324.60838899999993
324.68443199999996
324.75490999999994
324.82942199999997
324.898891
324.986082
325.063053
325.138729
325.214669
325.294938
325.368528
325.43904000000003
325.51013000000006
325.58098200000006
325.64076600000004
325.70395900000005
325.78144900000007
325.86439900000005
325.93168600000007
326.00860300000005
326.076449
326.16845
326.238206
326.302483
326.372864
326.451078
326.537691
326.6232
326.699636
326.765413
326.841612
326.929479
327.012316
327.089689
327.17623100000003
327.274713
327.357777
327.432606
327.51511600000003
327.610017
327.695799
327.787686
327.870096
327.948483
328.04175100000003
328.12926400000003
328.21771300000006
328.31003000000004
328.40998700000006
328.5105950000001
328.6036930000001
328.69056000000006
328.78016800000006
328.87145000000004
328.95895300000007
329.0520680000001
329.19359600000007
329.27802500000007
329.37824500000005
329.480403
329.57576800000004
329.662298
329.745157
329.85059
329.94318100000004
330.02215500000005
330.1167270000001
330.20055600000006
330.2868200000001
330.3658220000001
330.4623920000001
330.5549890000001
330.6444080000001
330.73279100000013
330.81690600000013
330.90239200000013
331.0056020000001
331.08957300000014
331.17281100000014
331.26889800000015
331.34811000000013
331.42657200000014
331.50471700000014
331.58567100000016
331.67638300000016
331.76934200000017
331.85686600000014
331.9332860000001
332.0236670000001
332.1267140000001
332.22466400000013
332.31856100000016
332.41519000000017
332.49320900000015
332.58229800000015
332.68425100000013
332.7879330000001
332.88169500000015
332.97328300000015
333.07478700000013
333.1667870000001
333.2695660000001
333.3729920000001
333.4825240000001
333.5883260000001
333.6993270000001
333.8135880000001
333.92112800000007
334.02640700000006
334.13580200000007
334.24027500000005
334.36977200000007
334.47298300000006
334.59679100000005
334.71231900000004
334.819946
334.924911
335.033109
335.138252
335.23611800000003
335.33602600000006
335.44038700000004
335.54235500000004
335.63438800000006
335.74320400000005
335.83943600000003
335.94692200000003
336.04881900000004
336.15310200000005
336.25165400000003
336.354823
336.465389
336.56241
336.674966
336.78063
336.88028499999996
336.96914999999996
337.06700699999993
337.16538999999995
337.26170799999994
337.36207999999993
337.46757699999995
337.5622139999999
337.69484199999994
337.7972249999999
337.88563099999993
337.97498899999994
338.05207499999995
338.1384479999999
338.22781999999995
338.324531
338.404471
338.48675000000003
338.563534
338.645497
338.72349799999995
338.81661699999995
338.89395599999995
338.97250299999996
339.067261
339.15135699999996
339.245301
339.339571
339.431829
339.532957
339.607756
339.677863
339.774162
339.85114799999997
339.928436
340.000122
340.064307
340.154896
340.23318
340.33545300000003
340.41785300000004
340.514875
340.602478
340.68991800000003
340.77986100000004
340.87445800000006
340.96148400000004
341.03859300000005
341.13051500000006
341.2144410000001
341.30295000000007
341.40935700000006
341.51029400000004
341.59724900000003
341.669523
341.75749900000005
341.83344300000005
341.91737200000006
342.0000350000001
342.0790750000001
342.1534480000001
342.2306890000001
342.3160100000001
342.3945650000001
342.4651220000001
342.5399690000001
342.6116850000001
342.69925300000006
342.78274500000003
342.86053100000004
342.92566100000005
343.021537
343.084407
343.14723
343.22914399999996
343.30096899999995
343.381943
343.45618099999996
343.521463
343.615326
343.69780499999996
343.78105199999993
343.86527399999994
343.93979699999994
344.02617899999996
344.114943
344.20102099999997
344.30141299999997
344.40448299999997
344.48402799999997
344.60911899999996
344.70098899999994
344.77652199999994
344.86293799999993
344.93718199999995
345.013022
345.09934699999997
345.19260599999996
345.27539899999994
345.3448379999999
345.4312259999999
345.51429399999995
345.594008
345.66687199999996
345.73908299999994
345.81283099999996
345.887751
345.959544
346.02371999999997
346.104694
346.181743
346.262514
346.348652
346.42172300000004
346.50005500000003
346.572897
346.640649
346.714354
346.79827900000004
346.87910500000004
346.95990400000005
347.04429400000004
347.11405600000006
347.2013120000001
347.2782610000001
347.3608340000001
347.44606400000015
347.54033100000015
347.61962000000017
347.69016700000014
347.77068200000014
347.8591240000001
347.94021400000014
348.03529300000014
348.13042900000016
348.22035300000016
348.31039700000014
348.39549500000015
348.4832230000002
348.5766960000002
348.6528740000002
348.73243100000025
348.8238520000003
348.8927140000003
348.9696880000003
349.0540220000003
349.1303310000003
349.20373800000027
349.2832940000003
349.3656870000003
349.4491980000003
349.5566180000003
349.6428210000003
349.7166870000003
349.7938200000003
349.87689200000034
349.9620940000003
350.06189200000034
350.15920000000034
350.25823300000036
350.35566100000034
350.46716800000036
350.56436300000036
350.67153900000034
350.77760500000034
350.8752990000003
350.9810280000003
351.08557600000034
351.18816400000037
351.2911790000004
351.40963800000037
351.5252010000004
351.6435390000004
351.7454300000004
351.8469770000004
351.93940200000037
352.0372910000004
352.1175120000004
352.20606400000037
352.2916150000004
352.3855600000004
352.4833860000004
352.56471800000037
352.6483330000004
352.7485910000004
352.83863500000035
352.9329150000004
353.02501000000035
353.10401500000035
353.19612200000034
353.2732450000003
353.3450050000003
353.4269900000003
353.52279700000025
353.6001690000003
353.6958230000003
353.7795040000003
353.86444400000033
353.9692760000003
354.05561200000034
354.13715100000036
354.23055000000033
354.33139300000033
354.4045910000003
354.4925370000003
354.5827940000003
354.68236400000035
354.7627970000004
354.85439300000036
354.96671200000037
355.06294100000036
355.17045500000035
355.26772000000034
355.35291000000035
355.44905100000034
355.55150600000036
355.64442800000035
355.7443340000003
355.82425700000033
355.9163910000003
356.0185230000003
356.1197100000003
356.21497600000026
356.30375700000025
356.41651000000024
356.50359000000026
356.59939000000026
356.6855650000003
356.77351700000025
356.8616490000002
356.9278000000002
357.0124090000002
357.10930200000024
357.18660700000027
357.2742280000003
357.3721550000003
357.4523810000003
357.5507620000003
357.6253350000003
357.7099940000003
357.78322000000026
357.86539500000026
357.9519980000003
358.0406620000003
358.1236950000003
358.2088810000003
358.3004250000003
358.4037500000003
358.4894590000003
358.5680300000003
358.6569430000003
358.7541590000003
358.8586800000003
358.9515900000003
359.0474720000003
359.1388010000003
359.2295700000003
359.3277770000003
359.4233260000003
359.51614500000034
359.60844500000036
359.7047550000004
359.79375600000037
359.8790380000004
359.96331600000036
360.0482750000004
360.1246660000004
360.2082670000004
360.29788000000036
360.4023200000004
360.49486400000035
360.5914850000004
360.6905860000004
360.7885680000004
360.8812650000004
360.9742160000004
361.0711440000004
361.1524800000004
361.2532300000004
361.33742700000045
361.43364600000046
361.5128470000005
361.6187090000005
361.69911700000046
361.8029450000005
361.90226500000045
361.9963220000005
362.0832920000005
362.1725860000005
362.26684100000045
362.35219800000044
362.44768200000044
362.54174900000044
362.63148400000046
362.70972200000045
362.79840500000046
362.90789400000045
362.9967920000004
363.0787470000004
363.1600220000004
363.2399270000004
363.3207180000004
363.4217220000004
363.5096690000004
363.6077990000004
363.7087260000004
363.7891030000004
363.8777040000004
363.9588650000004
364.0399540000004
364.1278740000004
364.22823600000044
364.32405900000043
364.41307400000045
364.50560300000046
364.58295100000043
364.6625250000004
364.7365700000004
364.8278750000004
364.9088440000004
364.9982430000004
365.0952550000004
365.1800730000004
365.25435700000037
365.33861600000034
365.4230310000003
365.5035940000003
365.5740020000003
365.6700280000003
365.74422400000026
365.83332300000023
365.91141800000025
365.9933170000003
366.08405700000026
366.1710430000003
366.2571620000003
366.3411360000003
366.4220370000003
366.5026550000003
366.5891510000003
366.6712420000003
366.7646940000003
366.8507450000003
366.9402730000003
367.0172180000003
367.1110740000003
367.1867950000003
367.2648940000003
367.3588010000003
367.4392500000003
367.5307040000003
367.6138050000003
367.7041900000003
367.8049630000003
367.91721700000033
368.0084050000003
368.09904300000034
368.19034100000033
368.2746910000003
368.36109100000033
368.4411590000003
368.5422440000003
368.6467100000003
368.72638400000034
368.81289800000036
368.89922100000035
369.00480900000036
369.10565000000037
369.20052800000036
369.30110700000034
369.39498600000036
369.48296100000033
369.5833110000003
369.6904180000003
369.78978700000033
369.87363100000033
369.96764300000035
370.0661090000003
370.1515170000003
370.2526330000003
370.3422010000003
370.45000200000027
370.56485500000025
370.67781800000023
370.77345200000025
370.87046500000025
370.97326100000026
371.0791140000003
371.1785870000003
371.2811420000003
371.37159000000025
371.47441800000024
371.59420600000027
371.70190300000024
371.80186400000025
371.88424400000025
371.97546600000027
372.0633540000003
372.1526390000003
372.2488800000003
372.34343800000033
372.43830900000034
372.53376700000035
372.63522100000034
372.71476200000035
372.79498700000033
372.87601800000033
372.9617850000003
373.0422340000003
373.1252070000003
373.21193800000026
373.2958380000003
373.3827940000003
373.4615850000003
373.5464390000003
373.62444100000033
373.7012200000003
373.7807150000003
373.8763360000003
373.95535600000034
374.05275600000033
374.1547060000003
374.23476000000034
374.32135100000033
374.4233940000003
374.51857800000033
374.59822400000036
374.68250400000034
374.75674600000036
374.84535100000033
374.92597500000034
375.00533700000034
375.09235900000033
375.18063100000035
375.26888700000035
375.3497900000003
375.42424000000034
375.5022800000003
375.59886400000033
375.68340700000033
375.78968700000036
375.8812230000004
375.9580550000004
376.0381610000004
376.1242020000004
376.2136080000004
376.3113040000004
376.3890680000004
376.4816230000004
376.5683880000004
376.6504760000004
376.72548400000045
376.8066380000005
376.89798800000045
376.96783200000044
377.0554660000004
377.1407560000004
377.2260830000004
377.3412430000004
377.43771300000043
377.54298100000045
377.63763200000045
377.74033500000047
377.8238320000005
377.9117320000005
378.0209860000005
378.1292150000005
378.2277810000005
378.3251130000005
378.4401850000005
378.55661800000047
378.65494300000046
378.7594670000005
378.85750400000046
378.9657680000005
379.0598670000005
379.16434700000053
379.2677430000005
379.3513330000005
379.4364460000005
379.5289130000005
379.6215020000005
379.7101640000005
379.79440000000045
379.87144100000046
379.96184500000044
380.04926400000045
380.13042100000047
380.2138970000005
380.2856270000005
380.3642300000005
380.45096200000046
380.5390980000005
380.6456700000005
380.7373460000005
380.83005100000054
380.91900800000053
381.0072280000005
381.0925330000005
381.1882290000005
381.2781300000005
381.3636740000005
381.4543810000005
381.5259790000005
381.6153040000005
381.7075740000005
381.7917520000005
381.86846900000046
381.9548700000005
382.0472830000005
382.1353830000005
382.2183820000005
382.3044740000005
382.3965800000005
382.4970550000005
382.5782700000005
382.6725760000005
382.7682270000005
382.85221300000046
382.9591070000005
383.05310700000047
383.1313870000005
383.2116010000005
383.3242130000005
383.3981080000005
383.48140000000046
383.55025500000045
383.62937700000043
383.70916700000043
383.77630700000043
383.85224300000044
383.92397900000043
384.01600800000045
384.10217900000043
384.17235200000044
384.25855400000046
384.32507100000043
384.3920160000004
384.4652590000004
384.5563610000004
384.63708400000036
384.71656300000035
384.81321600000035
384.89952200000033
384.9850360000003
385.0557120000003
385.1349860000003
385.2068180000003
385.2758230000003
385.3498170000003
385.4141880000003
385.48485100000033
385.57438700000034
385.63933700000035
385.7247680000004
385.7895570000004
385.8682240000004
385.9388080000004
386.02567900000037
386.09987400000034
386.1710250000003
386.2531200000003
386.3351450000003
386.4073400000003
386.49378600000034
386.58584100000036
386.66100000000034
386.73097200000035
386.79640300000034
386.86757300000033
386.95132700000033
387.02237500000035
387.10590700000034
387.1883610000003
387.2817570000003
387.3740390000003
387.45564600000034
387.54209900000035
387.62860000000035
387.70026000000036
387.7755410000004
387.85445600000037
387.9502950000004
388.03281400000037
388.1278020000004
388.21169300000037
388.2976050000004
388.4037090000004
388.4931170000004
388.5768610000004
388.6685180000004
388.7485450000004
388.8286200000004
388.9267680000004
389.01761700000037
389.1286710000004
389.22227400000037
389.30808100000036
389.40066300000035
389.49122300000033
389.5696890000003
389.64943300000033
389.7332840000003
389.8236620000003
389.9061670000003
389.9857550000003
390.06558600000034
390.16420000000033
390.24731300000036
390.33035600000034
390.4074080000003
390.4834690000003
390.5716780000003
390.6483390000003
390.7173600000003
390.80592900000033
390.87070400000033
390.9627440000003
391.0427830000003
391.1244210000003
391.2035180000003
391.2850190000003
391.3564790000003
391.4374950000003
391.5033820000003
391.57068700000025
391.64089300000023
391.71869500000025
391.81433500000026
391.8976290000003
391.9888820000003
392.05680900000027
392.12701600000025
392.20954900000027
392.29182300000025
392.3704330000003
392.4329680000003
392.4981250000003
392.5774890000003
392.6461790000003
392.7059510000003
392.79512200000033
392.88427200000035
392.9602250000004
393.0414550000004
393.1147550000004
393.1757720000004
393.2544570000004
393.3137750000004
393.39495700000043
393.4656390000004
393.5389000000004
393.6266600000004
393.6978260000004
393.77414300000044
393.85199800000044
393.92621900000046
394.00416900000045
394.07847900000047
394.13951900000046
394.20429300000046
394.26492100000047
394.33550900000046
394.40311500000047
394.47237800000045
394.5570430000004
394.6266430000004
394.7246940000004
394.7883820000004
394.8511390000004
394.9289900000004
395.0046890000004
395.0863690000004
395.14237100000037
395.20120300000036
395.2720920000004
395.3572840000004
395.43771600000036
395.5069640000004
395.5764440000004
395.65007600000035
395.7098890000004
395.7776550000004
395.8618480000004
395.9379800000004
396.00616300000036
396.07503600000035
396.13811400000037
396.22561400000035
396.2899030000003
396.3519100000003
396.4169100000003
396.4851970000003
396.5506780000003
396.6364830000003
396.71328500000027
396.77052500000025
396.85954900000024
396.93192800000025
396.99584200000027
397.05699500000026
397.13197300000024
397.19905800000026
397.2525690000003
397.3106760000003
397.4003100000003
397.4674650000003
397.5314280000003
397.5909290000003
397.6523080000003
397.7189330000003
397.7861390000003
397.86964700000027
397.9299090000003
398.0036270000003
398.0821980000003
398.1499380000003
398.2268020000003
398.2868720000003
398.3503850000003
398.4182500000003
398.5013410000003
398.5707780000003
398.6577930000003
398.7333290000003
398.7988630000003
398.8713830000003
398.9419920000003
399.0080750000003
399.0863200000003
399.1638100000003
399.2547800000003
399.3336740000003
399.4031780000003
399.4856750000003
399.5563740000003
399.6337680000003
399.7099600000003
399.7832780000003
399.85154900000026
399.9481720000003
400.0296690000003
400.0950220000003
400.17926100000034
400.25342300000034
400.3351100000003
400.40525600000035
400.4850600000004
400.5646470000004
400.63224400000036
400.71640300000035
400.80729800000034
400.88458400000036
400.9704700000004
401.06273600000037
401.1594330000004
401.23718400000035
401.3050130000004
401.40138200000035
401.49065100000035
401.55812500000036
401.64818100000036
401.73085500000036
401.80790800000034
401.88398200000034
401.96168200000034
402.03746300000034
402.11936200000036
402.23093200000034
402.3114520000003
402.40868200000034
402.50682000000035
402.61400300000037
402.72071000000034
402.81447600000035
402.91329800000034
403.00710900000036
403.1044080000004
403.20190400000035
403.30000400000034
403.38676700000036
403.4860960000004
403.5728400000004
403.6683820000004
403.7602250000004
403.8276820000004
403.9173320000004
403.9997580000004
404.0896510000004
404.1539790000004
404.2258000000004
404.3040660000004
404.3752130000004
404.44890700000036
404.5346990000004
404.62156600000037
404.70845700000035
404.79455400000035
404.88033600000034
404.95258400000034
405.0288020000003
405.1135020000003
405.18630600000034
405.26569500000033
405.35077900000033
405.4188020000003
405.5026540000003
405.57648700000027
405.6666790000003
405.75424600000025
405.82638800000024
405.90464300000025
405.98799700000023
406.07185200000026
406.17238000000026
406.25235300000026
406.33754900000025
406.41574600000024
406.50279800000027
406.58376200000026
406.66995200000025
406.75570400000026
406.84008800000026
406.92649800000027
407.0168870000003
407.1058180000003
407.19948300000027
407.28556400000025
407.37845000000027
407.46366800000027
407.56139000000024
407.64872100000025
407.7238850000002
407.7967010000002
407.8774570000002
407.95444600000025
408.0283040000002
408.1048800000002
408.1850810000002
408.25648500000017
408.3473910000002
408.4225780000002
408.4980480000002
408.6056640000002
408.6779820000002
408.7393990000002
408.79838000000024
408.87464800000026
408.9437340000003
409.0202170000003
409.08799300000027
409.15067300000027
409.2141590000003
409.28319600000026
409.33788500000026
409.4033010000003
409.46923400000026
409.54283700000025
409.60310000000027
