0.04444
0.19648400000000002
0.368556
0.529581
0.697494
0.853892
1.014595
1.17679
1.34848
1.511861
1.6743039999999998
1.8475059999999999
2.032072
2.1982109999999997
2.355933
2.516943
2.6832659999999997
2.852476
3.023163
3.181701
3.353555
3.517916
3.676921
3.837796
4.006581
4.1746419999999995
4.333587
4.490653999999999
4.648476
4.807404999999999
4.964473999999999
5.125439999999999
5.280780999999999
5.4408389999999995
5.610308999999999
5.771556999999999
5.940854999999999
6.094694999999999
6.254479999999999
6.4059159999999995
6.576732
6.757505999999999
6.937068999999999
7.1111379999999995
7.2861199999999995
7.4631739999999995
7.644938
7.82135
7.99535
8.169324
8.347365
8.522813
8.705770999999999
8.912178999999998
9.107807999999999
9.308765
9.497938
9.693285999999999
9.881405999999998
10.066495999999999
10.259364999999999
10.462373999999999
10.660796
10.846762
11.038013
11.225852
11.411828
11.594191
11.777133000000001
11.959477000000001
12.143788
12.326793
12.504062000000001
12.684070000000002
12.870709000000002
13.054370000000002
13.231677000000003
13.413403000000002
13.595329000000003
13.764662000000003
13.949395000000003
14.125924000000003
14.309589000000003
14.495865000000002
14.676474000000002
14.855024000000002
15.039300000000003
15.212509000000003
15.382505000000002
15.567156000000002
15.751277000000002
15.943353000000002
16.121212000000003
16.310500000000005
16.504562000000004
16.693097000000005
16.878211000000004
17.057597000000005
17.243606000000003
17.420767000000005
17.603483000000004
17.784783000000004
17.980855000000005
18.158788000000005
18.324033000000004
18.499373000000002
18.668174
18.831861
19.012643
19.197032
19.370479
19.53471
19.702272
19.881156
20.050595
20.216328
20.373885
20.532283
20.697165
20.853502
21.018155
21.180562000000002
21.346771
21.511653
21.688088999999998
21.887893
22.066582999999998
22.246195999999998
22.414866999999997
22.593020999999997
22.766798999999995
22.936858999999995
23.098767999999996
23.269003999999995
23.438665999999994
23.626310999999994
23.792800999999994
23.954067999999992
24.118892999999993
24.28032899999999
24.44674699999999
24.61983799999999
24.77349199999999
24.92377999999999
25.07623999999999
25.233872999999992
25.39874099999999
25.57736799999999
25.74276299999999
25.90649799999999
26.06744199999999
26.21616799999999
26.37497499999999
26.52221899999999
26.68080999999999
26.83385899999999
26.99022399999999
27.15543199999999
27.31810899999999
27.474671999999988
27.645038999999986
27.799784999999986
27.958771999999986
28.112471999999986
28.273089999999986
28.437026999999986
28.603499999999986
28.773587999999986
28.945023999999986
29.109650999999985
29.271276999999984
29.436390999999983
29.605023999999982
29.76926699999998
29.932432999999982
30.10275499999998
30.266111999999982
30.45241199999998
30.61698699999998
30.78085199999998
30.954655999999982
31.124668999999983
31.282136999999985
31.448158999999986
31.603221999999985
31.764243999999984
31.918855999999984
32.080899999999986
32.24646899999998
32.41160799999999
32.587586999999985
32.75169799999998
32.920245999999985
33.089432999999985
33.262593999999986
33.423895999999985
33.584924999999984
33.75133899999999
33.907589999999985
34.06320499999998
34.222267999999985
34.38747699999998
34.557146999999986
34.729370999999986
34.900266999999985
35.06679699999999
35.22638399999999
35.38383599999999
35.54314099999999
35.70247099999999
35.86085899999999
36.01142899999999
36.165944999999994
36.32800699999999
36.49917099999999
36.65234199999999
36.80632099999999
36.96691099999999
37.12589299999999
37.28432699999999
37.439812999999994
37.594992999999995
37.75225399999999
37.912589
38.068805999999995
38.218599999999995
38.37291199999999
38.519648999999994
38.68796799999999
38.84802499999999
39.01628499999999
39.17659899999999
39.336643999999986
39.492423999999986
39.659925999999984
39.81661299999998
40.00887599999998
40.16517299999998
40.320841999999985
40.48161599999999
40.64138099999999
40.80132299999999
40.96040599999999
41.123774999999995
41.287119999999994
41.46086499999999
41.62893699999999
41.80347799999999
41.97180399999999
42.144527999999994
42.303442999999994
42.480895
42.647676999999995
42.817826999999994
42.982448999999995
43.145219
43.307846999999995
43.463992
43.625028
43.786983
43.95417
44.122384999999994
44.29442699999999
44.471152999999994
44.642165999999996
44.814676999999996
44.986709
45.154236999999995
45.326846999999994
45.49685699999999
45.663819999999994
45.830774999999996
46.00142699999999
46.18553599999999
46.34754399999999
46.50462199999999
46.66912799999999
46.82858399999999
46.995735999999994
47.166630999999995
47.349456999999994
47.525985999999996
47.710434
47.888686
48.07062
48.239117
48.41919
48.596976
48.778199
48.956794
49.136762000000004
49.30699800000001
49.48112100000001
49.66287300000001
49.83254200000001
50.00343800000001
50.19664300000001
50.36575600000001
50.53811300000001
50.71610800000001
50.89475500000001
51.06718900000001
51.24218600000001
51.42284200000001
51.60020500000001
51.77920200000001
51.94854100000001
52.11880100000001
52.28758900000001
52.464185000000015
52.63398700000001
52.801848000000014
52.983497000000014
53.15781000000001
53.33044300000001
53.49992000000001
53.68231200000001
53.86998400000001
54.043079000000006
54.219866
54.39491
54.580017000000005
54.751582000000006
54.929993
55.100216
55.270046
55.441964
55.609521
55.780007
55.967931
56.142298
56.317553
56.493745999999994
56.662209
56.827504
56.995664999999995
57.173418
57.348012
57.526246
57.696504
57.871668
58.039946
58.226453
58.403011
58.579835
58.754313
58.922527
59.104316000000004
59.278865
59.458898000000005
59.626968000000005
59.796666
59.968496
60.139631
60.318984
60.485953
60.658437
60.83301
61.000149
61.17662
61.346219
61.526888
61.69339
61.86283
62.032875000000004
62.20572800000001
62.377612000000006
62.55570900000001
62.74046100000001
62.91059500000001
63.09557500000001
63.27580800000001
63.44850000000001
63.62374300000001
63.79775800000001
63.96492900000001
64.13633700000001
64.30974700000002
64.47983600000002
64.67448500000002
64.84987100000002
65.02427800000002
65.20410200000002
65.37930400000002
65.55675600000002
65.73799100000002
65.92673800000003
66.10857600000003
66.28316100000002
66.46069300000002
66.63317300000001
66.80307900000001
66.97395600000002
67.14462700000001
67.31766200000001
67.48706500000002
67.66065300000001
67.84574400000001
68.01957200000001
68.189035
68.361563
68.53596
68.708014
68.882214
69.06267700000001
69.23110500000001
69.40465300000001
69.583166
69.775453
69.9549
70.12992899999999
70.30593599999999
70.49418299999999
70.67266
70.84927099999999
71.02621799999999
71.20522699999998
71.38194299999998
71.55224799999998
71.72335099999998
71.90060399999997
72.08273199999998
72.26631499999998
72.43746699999998
72.61227399999999
72.78340399999999
72.95725499999999
73.13434
73.32344099999999
73.50615699999999
73.67795999999998
73.85724499999998
74.02449699999998
74.20035599999999
74.37458299999999
74.544525
74.71517499999999
74.89434099999998
75.06539999999998
75.23600999999998
75.40897699999998
75.58377899999998
75.75746299999997
75.92193299999997
76.08855499999997
76.25840399999997
76.43517899999998
76.60903699999997
76.78600099999997
76.95773799999996
77.13458099999997
77.31148799999997
77.48852499999997
77.65654899999997
77.83829199999997
78.00688499999997
78.17606699999997
78.34479399999998
78.51019999999998
78.68735399999998
78.85358499999998
79.02142299999998
79.18702399999998
79.36699899999998
79.53896599999997
79.71052199999997
79.87963299999997
80.05694999999997
80.23793699999997
80.41985799999998
80.59037699999998
80.76536099999997
80.94946299999997
81.12924599999997
81.31210699999997
81.48710199999996
81.66323299999996
81.83451699999996
82.02747699999996
82.20455499999996
82.38231799999996
82.56690899999995
82.74106799999996
82.91333999999996
83.08281999999996
83.26104999999995
83.43611599999996
83.60497499999995
83.78040999999995
83.94925799999994
84.12227399999995
84.29696899999995
84.48535199999995
84.65715299999995
84.82712499999995
85.00693099999995
85.18433799999995
85.35914799999995
85.53344999999995
85.70896799999994
85.88776799999994
86.07124599999993
86.24520399999993
86.43188799999993
86.60533399999993
86.79133399999994
86.96535299999994
87.14258499999994
87.32065399999993
87.49041999999993
87.66449399999993
87.84151299999994
88.01916899999993
88.20160999999993
88.37450199999994
88.55213199999993
88.72891599999993
88.90984399999992
89.07803199999992
89.24974299999992
89.42037599999992
89.59067299999992
89.76626099999993
89.93894399999994
90.10738699999993
90.28512299999993
90.45710999999993
90.62545499999993
90.79938999999993
90.97416499999993
91.15121999999992
91.32395399999993
91.49565799999993
91.66517399999994
91.83440699999994
92.00540899999994
92.17382899999994
92.34286299999994
92.51754199999993
92.68246799999993
92.86875299999993
93.04313099999993
93.20756799999994
93.37176899999994
93.53491599999994
93.70984899999993
93.88529399999993
94.06778299999993
94.24711099999993
94.42754899999993
94.60739399999993
94.78751799999993
94.96855999999994
95.15545499999995
95.33908499999994
95.51225199999995
95.68512299999995
95.86112899999995
96.03299799999995
96.21275799999995
96.39134099999995
96.58363399999996
96.77317599999996
96.95966699999997
97.15410099999997
97.35905199999996
97.54858799999997
97.73980599999997
97.92858599999997
98.13088199999997
98.33228299999998
98.53194699999997
98.74444299999998
98.93650299999997
99.13862099999997
99.35813299999997
99.56708199999997
99.77772499999998
100.00536999999997
100.22323199999997
100.44582599999997
100.65829399999997
100.87820999999997
101.10140799999996
101.31498199999996
101.54188999999995
101.76411299999995
101.97113699999996
102.18527599999996
102.39113999999996
102.60999899999996
102.82196699999996
103.03726899999995
103.25538799999995
103.47455499999995
103.71485599999995
103.96095599999995
104.19839199999996
104.43374299999995
104.66833399999994
104.90429699999994
105.14859799999994
105.39161899999993
105.62751899999994
105.86516899999994
106.10287299999993
106.33316199999993
106.56207099999993
106.79469099999993
107.02766899999993
107.26676999999994
107.51582499999994
107.76982699999994
108.01872099999994
108.27797099999994
108.52387799999994
108.77553899999994
109.02478699999993
109.27089999999993
109.55271199999993
109.80079699999993
110.04227899999994
110.28919299999994
110.52675899999994
110.76477199999994
111.00751299999993
111.24837999999993
111.48391299999993
111.72187599999992
111.95546399999992
112.18889299999992
112.42544999999993
112.65696799999992
112.88924199999992
113.12006899999993
113.36294799999993
113.62311699999994
113.87176799999993
114.11635099999994
114.35972699999994
114.58879599999993
114.81854399999993
115.04448099999993
115.26953399999994
115.49744899999993
115.71913599999993
115.93320499999993
116.14408999999993
116.34818999999993
116.55518599999994
116.76378699999994
116.96329999999993
117.16316999999994
117.35991899999993
117.55863799999993
117.76019399999993
117.95953899999992
118.16080599999992
118.35634199999993
118.54592999999993
118.73015899999993
118.91224099999992
119.09077699999992
119.26101799999992
119.41642199999993
119.58195699999993
119.72872099999994
119.86094699999994
120.00427099999995
120.13554299999994
120.26348299999994
120.39199399999994
120.52022799999995
120.64473899999994
120.76396099999994
120.87678199999993
120.98780499999994
121.09785999999994
121.20574699999995
121.31622399999995
121.43384899999995
121.55320499999995
121.66893399999995
121.77922399999996
121.88703499999995
122.00581799999995
122.11394499999994
122.23335699999994
122.34820199999994
122.45923099999995
122.56147699999994
122.66663199999994
122.77290199999993
122.88204499999993
123.00384799999993
123.10627799999993
123.20909399999994
123.31144399999994
123.41626299999994
123.52384399999994
123.63408999999994
123.73794099999995
123.84396599999995
123.96552699999995
124.06875299999996
124.16706699999996
124.27617699999996
124.38891599999997
124.49202199999996
124.60286299999996
124.70349599999996
124.81603799999996
124.92613599999996
125.03948999999996
125.14045699999996
125.23811999999995
125.34752199999996
125.45067299999995
125.55467299999995
125.66563899999996
125.77267599999996
125.88723299999997
125.99169299999997
126.10205099999997
126.20957799999998
126.31641899999998
126.42309399999998
126.53455699999998
126.64857099999998
126.76115699999997
126.87011999999997
126.97955199999997
127.09566899999997
127.20503799999997
127.31067599999997
127.41810299999997
127.52248399999998
127.63271599999997
127.74303199999997
127.85443799999997
127.96218299999997
128.06451699999997
128.17091599999998
128.30012499999998
128.409102
128.511406
128.615535
128.72449
128.827283
128.93500699999998
129.04026499999998
129.14103299999996
129.24256099999997
129.34118399999997
129.44207799999998
129.537354
129.638814
129.742235
129.847774
129.954198
130.061659
130.164934
130.267688
130.368063
130.467013
130.56676900000002
130.668156
130.77538
130.88152300000002
130.98444800000001
131.08822700000002
131.195454
131.298637
131.42190000000002
131.52625000000003
131.62493700000005
131.72646700000004
131.82449000000005
131.92702000000006
132.03575200000006
132.14908900000006
132.25406800000005
132.36276100000003
132.47449200000003
132.59139800000003
132.69989600000002
132.81142800000003
132.91912500000004
133.03064600000005
133.14001700000006
133.24503300000006
133.36116400000006
133.48091100000005
133.60286500000004
133.70975800000005
133.81453700000006
133.91953400000006
134.03976000000006
134.14809200000005
134.25969300000006
134.36254000000005
134.46297400000006
134.56569800000005
134.66951100000006
134.77582200000006
134.88517100000007
134.99111300000007
135.09998500000006
135.20933100000005
135.31302700000006
135.41689700000006
135.52515900000006
135.62866700000006
135.72919800000005
135.82917600000005
135.92741300000006
136.02740700000007
136.12509800000007
136.23080400000006
136.33482700000008
136.44328000000007
136.54700700000006
136.66348700000006
136.78636700000007
136.88939800000006
136.99511900000005
137.10115500000003
137.21913500000002
137.31421100000003
137.41816100000003
137.50832800000003
137.60491500000003
137.70448100000004
137.80526000000003
137.91111500000002
138.02213200000003
138.12823600000002
138.22999800000002
138.32701300000002
138.430145
138.53277400000002
138.62717200000003
138.72433900000004
138.82719800000004
138.92485900000003
139.01885400000003
139.11197700000002
139.20885700000002
139.31112500000003
139.40613300000004
139.50796400000004
139.61450200000004
139.71051400000005
139.81094700000006
139.91280200000006
140.01871100000005
140.11613300000005
140.21404900000005
140.31235400000006
140.41312800000006
140.52392600000005
140.61657800000003
140.71090900000004
140.80433100000005
140.90707700000004
141.00261600000005
141.09424500000006
141.18813900000006
141.28836300000006
141.39010100000007
141.49115400000008
141.58390400000008
141.68211300000007
141.77967100000006
141.87105200000008
141.96670800000007
142.06739700000006
142.16600500000007
142.26106600000006
142.36134100000007
142.46415800000005
142.57010800000006
142.66816500000007
142.76066600000007
142.85617700000006
142.95788000000005
143.05791000000005
143.15396200000004
143.24754000000004
143.35159200000004
143.44148500000003
143.53214800000003
143.63823800000003
143.74370500000003
143.84016100000002
143.93067500000004
144.02736000000004
144.11824100000004
144.20933700000003
144.30652900000004
144.39078700000005
144.49165100000005
144.58219500000004
144.68095900000003
144.78353500000003
144.87374600000004
144.96481900000003
145.05608300000003
145.15297900000002
145.24502
145.338387
145.42967000000002
145.52478100000002
145.61937300000002
145.71057400000004
145.80419600000005
145.89480300000005
145.98617600000006
146.08402100000006
146.17765800000006
146.26853200000008
146.36161200000006
146.46463400000007
146.56382900000008
146.67404900000008
146.76758600000008
146.88070100000007
146.97495700000007
147.06843500000008
147.16101600000007
147.25481600000006
147.34949900000007
147.44077600000006
147.53657300000006
147.63437000000008
147.72690700000007
147.82287800000006
147.91746300000005
148.01613900000007
148.11440900000008
148.2099000000001
148.30418300000008
148.40123100000008
148.51250000000007
148.60605000000007
148.70381000000006
148.80470600000007
148.91698300000007
149.01026000000007
149.10485000000008
149.20087400000008
149.30646000000007
149.40206600000008
149.49944400000007
149.59459900000007
149.69216900000006
149.79121400000005
149.89345400000005
149.98534600000005
150.08526300000005
150.17940500000006
150.27216600000006
150.36815000000004
150.45948700000005
150.55283700000004
150.64920900000004
150.74774900000006
150.83776100000006
150.92965200000006
151.02432600000006
151.10844800000007
151.20082400000007
151.30141700000007
151.39238800000007
151.49477500000006
151.58639800000006
151.67879000000005
151.78330200000005
151.88053500000004
151.97300400000003
152.07130100000003
152.17199500000004
152.26460500000005
152.36174900000003
152.46076200000005
152.55821700000004
152.65330200000005
152.74665200000004
152.84014900000005
152.94369700000004
153.04096900000005
153.14161100000004
153.23977200000004
153.34347000000005
153.46046900000005
153.55395500000006
153.64451900000006
153.75219200000006
153.84469800000005
153.93628900000004
154.03197600000004
154.12998900000005
154.22683100000006
154.32749500000006
154.42688200000006
154.53433800000008
154.62722400000007
154.72252000000006
154.81519200000005
154.91108700000007
154.99941800000008
155.09532700000008
155.1898040000001
155.2845190000001
155.3814840000001
155.48266100000012
155.57618500000012
155.6694670000001
155.76213200000012
155.85204600000012
155.9420590000001
156.0471480000001
156.1545320000001
156.2540780000001
156.3535580000001
156.4502150000001
156.5434840000001
156.64152700000008
156.7346220000001
156.83287700000008
156.92548100000008
157.02052800000007
157.11242800000008
157.20403100000007
157.30232800000007
157.39411000000007
157.49084800000006
157.58281500000007
157.67466500000006
157.76755000000006
157.86474300000006
157.95729500000007
158.04976200000007
158.14262500000007
158.24483200000006
158.34815500000005
158.45263300000005
158.55780300000004
158.65698500000005
158.74967800000005
158.84050200000004
158.93603900000005
159.03451500000006
159.12777600000007
159.22524700000008
159.31139200000007
159.40285800000007
159.49583900000007
159.59172000000007
159.68990900000006
159.78494100000006
159.87782800000005
159.96739600000006
160.06090800000007
160.15485700000008
160.24299100000007
160.3357900000001
160.4470200000001
160.5355150000001
160.6328680000001
160.72978400000008
160.83415300000007
160.92429300000006
161.01926700000007
161.12289600000008
161.2174880000001
161.3116490000001
161.4063180000001
161.51256200000012
161.60954000000012
161.70236300000013
161.78974800000015
161.89124100000015
161.98815400000015
162.07832700000014
162.17510700000014
162.27235800000014
162.37015000000014
162.46705600000013
162.56208900000013
162.65131300000013
162.74352800000014
162.83390700000015
162.92948600000014
163.02704100000014
163.11864600000013
163.2118380000001
163.30677900000012
163.40002300000012
163.49556000000013
163.58964000000012
163.6829220000001
163.77439300000012
163.86840900000013
163.96128700000014
164.06549800000013
164.16020900000012
164.25464600000012
164.34809000000013
164.43467300000012
164.53957500000013
164.63806700000012
164.7246600000001
164.81662900000012
164.9126130000001
165.00878000000012
165.0991560000001
165.1997420000001
165.3032220000001
165.39551200000008
165.48235500000007
165.57386200000008
165.66882100000007
165.76235500000007
165.85269900000006
165.94835700000004
166.03907600000005
166.13271500000005
166.21578800000006
166.30800400000007
166.39281100000008
166.48417400000008
166.57155600000007
166.66309700000008
166.75657100000006
166.84811000000008
166.94413500000007
167.04163000000008
167.13385200000008
167.22588000000007
167.31711000000007
167.40790000000007
167.49756600000006
167.59261900000007
167.69153000000006
167.78577400000006
167.87428800000006
167.97244900000007
168.07080800000006
168.16886200000005
168.26500100000004
168.36217300000004
168.46308600000003
168.54779900000003
168.63664100000003
168.73986600000003
168.85346600000003
168.93904700000002
169.02556600000003
169.12438200000003
169.21177600000001
169.299248
169.394711
169.483603
169.578654
169.672981
169.761494
169.865113
169.949543
170.03867
170.12745999999999
170.2077
170.30953499999998
170.40004199999998
170.49047
170.58882799999998
170.679253
170.76448599999998
170.85353899999998
170.95306399999998
171.04297699999998
171.13167099999998
171.21705899999998
171.30781299999998
171.398497
171.497713
171.593161
171.69226400000002
171.78873700000003
171.89120100000002
171.985732
172.082197
172.178765
172.273267
172.36759800000002
172.46174900000003
172.55875200000003
172.66321700000003
172.76387400000004
172.86222900000004
172.96780300000003
173.08450100000005
173.19570500000003
173.29215000000002
173.40415800000002
173.50253400000003
173.61189700000003
173.70784300000003
173.80678400000002
173.90391100000002
174.00863500000003
174.10727100000003
174.21222100000003
174.310547
174.40994700000002
174.508586
174.60259100000002
174.70416000000003
174.79939700000003
174.89893800000002
174.994536
175.098239
175.193599
175.291515
175.38540700000001
175.478993
175.57952600000002
175.67953300000002
175.77764200000001
175.878949
175.975309
176.076492
176.174224
176.27005300000002
176.36284200000003
176.45803800000002
176.55608
176.66234500000002
176.763575
176.853276
176.959258
177.055588
177.15365
177.249974
177.34805300000002
177.46192000000002
177.5602
177.65546700000002
177.758408
177.854019
177.949224
178.053014
178.156069
178.259579
178.352814
178.455909
178.551528
178.654461
178.758555
178.859624
178.955558
179.0554
179.152109
179.251203
179.356243
179.451826
179.551644
179.64543400000002
179.75593700000002
179.85821900000002
179.958029
180.056439
180.168856
180.264975
180.364136
180.466508
180.572788
180.670838
180.772285
180.86880000000002
180.96864600000004
181.06723600000004
181.16968200000002
181.264708
181.36529000000002
181.45691200000002
181.55193100000002
181.65131600000004
181.75121400000003
181.85492300000004
181.96220400000004
182.06415200000004
182.15970400000003
182.25548800000004
182.35333200000005
182.47088800000006
182.57910700000005
182.67588200000006
182.77441900000005
182.87228000000005
182.97956300000004
183.08553100000003
183.18240900000004
183.27521800000002
183.36874200000003
183.47075500000003
183.573786
183.67756200000002
183.77997700000003
183.87656400000003
183.97865600000003
184.08016200000003
184.18324500000003
184.28537600000004
184.38466800000003
184.48918400000002
184.58379900000003
184.678849
184.77731400000002
184.87702600000003
184.98255200000003
185.08019200000004
185.17680700000005
185.27211100000005
185.37659100000005
185.47518000000005
185.57754500000004
185.68256700000003
185.78094000000004
185.87638500000006
185.97224200000005
186.07462500000005
186.17049500000005
186.27158200000005
186.37134700000004
186.47010100000006
186.56711900000005
186.66514900000004
186.76849200000004
186.88655300000005
186.99020800000005
187.08622500000004
187.18083400000003
187.27743200000003
187.37322100000003
187.47603500000002
187.58330800000002
187.681667
187.78227900000002
187.885918
187.985475
188.081643
188.184832
188.278626
188.37265
188.481727
188.575779
188.670254
188.766336
188.862371
188.958953
189.056555
189.154591
189.251233
189.348744
189.452788
189.553014
189.660454
189.762788
189.864796
189.972079
190.074176
190.170458
190.266666
190.370408
190.489829
190.58595699999998
190.69264299999998
190.78349699999998
190.878199
190.978692
191.079217
191.180172
191.279016
191.375923
191.475028
191.56903
191.665804
191.780937
191.88143399999998
191.991627
192.094201
192.189454
192.286603
192.40378700000002
192.49959200000004
192.59656700000002
192.69282700000002
192.78896300000002
192.889653
192.998164
193.097535
193.197984
193.29701599999999
193.39584399999998
193.501341
193.597184
193.692007
193.794695
193.903695
194.000697
194.0992
194.200546
194.303111
194.405031
194.50402400000002
194.60601100000002
194.713161
194.81405700000002
194.91340800000003
195.01276800000002
195.118522
195.21843900000002
195.319228
195.415313
195.511931
195.610457
195.708293
195.814416
195.906501
196.00800999999998
196.10216499999999
196.20104099999998
196.30772399999998
196.40907799999997
196.50659799999997
196.60525499999997
196.70173299999996
196.79363099999995
196.89092699999995
197.00360599999996
197.10296299999996
197.21284899999995
197.31217099999995
197.41042599999994
197.51016099999995
197.60682699999995
197.70723899999996
197.80638899999997
197.90160099999997
198.00344599999997
198.10565099999997
198.20253299999996
198.29623999999995
198.38507399999995
198.49345599999995
198.58896999999996
198.68674699999997
198.78950899999998
198.88444299999998
198.98575899999997
199.10929599999997
199.21251199999998
199.31297099999998
199.42476299999998
199.533551
199.628111
199.723874
199.82111799999998
199.919582
200.017844
200.118508
200.21566099999998
200.319403
200.428239
200.524364
200.624104
200.721938
200.821015
200.91572599999998
201.017317
201.121414
201.220891
201.32716
201.430203
201.530325
201.630326
201.724885
201.818702
201.919755
202.025362
202.143709
202.242164
202.346133
202.447237
202.541893
202.65041799999997
202.750636
202.857633
202.95675
203.051525
203.148914
203.253245
203.349799
203.44579099999999
203.545246
203.647407
203.751407
203.851592
203.952573
204.055419
204.152905
204.251987
204.350176
204.44719
204.538444
204.632221
204.734648
204.83214999999998
204.933272
205.03166099999999
205.13130099999998
205.23001399999998
205.33658699999998
205.44003999999998
205.54368799999997
205.64830999999998
205.74943699999997
205.86032999999998
205.95642999999998
206.05524999999997
206.15768899999998
206.25798699999999
206.35473399999998
206.45544199999998
206.55048699999998
206.65271499999997
206.75100499999996
206.84742099999997
206.94343199999997
207.03698399999996
207.13659199999995
207.23489499999994
207.33091299999992
207.43107899999993
207.5366089999999
207.6313269999999
207.7274979999999
207.84824099999992
207.95054699999991
208.05014599999993
208.14834299999993
208.24696499999993
208.36845899999994
208.48363999999995
208.58151699999996
208.68551499999995
208.78381699999994
208.87954699999995
208.97470099999995
209.07742699999994
209.17905699999994
209.27525199999994
209.36674399999993
209.45996899999992
209.5641929999999
209.6871149999999
209.79444399999988
209.90548899999987
210.00319399999987
210.10710899999987
210.20077899999987
210.29678599999986
210.39196899999985
210.48922499999983
210.58453399999982
210.68162499999983
210.77730199999982
210.88177599999983
210.98137899999983
211.08108299999984
211.18178899999984
211.28231699999984
211.38384499999984
211.48295699999983
211.57539299999982
211.6781739999998
211.77695399999982
211.87370499999983
211.97149499999983
212.07304299999984
212.17412499999983
212.26957899999982
212.37040499999983
212.46983899999984
212.56487599999983
212.66260799999984
212.76114099999984
212.86089499999983
212.95355099999983
213.05081799999982
213.1468809999998
213.24440899999982
213.35287399999982
213.4541789999998
213.54763399999982
213.6491229999998
213.74660499999982
213.85093599999982
213.95743099999981
214.05591699999982
214.16538299999982
214.25690399999982
214.3513679999998
214.44525899999982
214.55296399999983
214.65030499999983
214.74171799999982
214.84061999999983
214.93655999999984
215.03044699999984
215.12432399999983
215.22352099999983
215.32882199999983
215.42373099999983
215.52113999999983
215.61181199999984
215.71860499999985
215.82354599999985
215.91664899999986
216.00825799999987
216.10503299999988
216.20103499999988
216.2954449999999
216.39887699999989
216.49362899999988
216.59060999999988
216.69729799999988
216.7894329999999
216.8896319999999
216.9886109999999
217.08523799999992
217.18190199999992
217.27375899999993
217.38095099999992
217.47034699999992
217.57055899999992
217.66663999999992
217.7610679999999
217.85999399999992
217.95695099999992
218.0495469999999
218.1589819999999
218.2542409999999
218.3570759999999
218.4669129999999
218.5657819999999
218.6659999999999
218.7620599999999
218.8598609999999
218.96025999999992
219.05470599999992
219.14994999999993
219.24645399999994
219.34408399999995
219.44296499999996
219.54669399999995
219.65130399999995
219.74835799999997
219.86122999999998
219.95236099999997
220.05038499999998
220.14019999999996
220.23177999999996
220.34533799999997
220.43889499999997
220.54206999999997
220.64445799999996
220.74029899999996
220.83660599999996
220.93430199999997
221.03166799999997
221.12630099999996
221.22521299999997
221.33057399999996
221.42428799999996
221.52439199999995
221.62564599999996
221.72305899999995
221.82159799999994
221.92248999999993
222.02054199999992
222.11525799999993
222.20989599999993
222.31831199999993
222.41232499999992
222.51044599999992
222.60803499999992
222.70265199999992
222.8012809999999
222.8995539999999
223.0032599999999
223.1031969999999
223.1932209999999
223.2904969999999
223.3884709999999
223.48781999999989
223.59694799999988
223.6915939999999
223.79220499999988
223.8909369999999
223.9925629999999
224.08663399999992
224.19190899999992
224.29514699999993
224.39153699999994
224.48910299999994
224.58377199999995
224.68318699999995
224.78267699999995
224.88981199999995
224.99088199999994
225.08864899999995
225.19538299999994
225.29509299999992
225.39792799999992
225.49810299999993
225.59005899999994
225.68690199999995
225.80019699999994
225.90287399999994
226.00183499999994
226.09782699999994
226.19783299999995
226.29098399999995
226.39954799999995
226.49082999999996
226.58597699999996
226.68025299999996
226.77401799999996
226.86635899999996
226.96306299999995
227.05554899999996
227.15334199999995
227.25064999999995
227.34385999999995
227.43852099999995
227.53080999999995
227.61765899999995
227.71140299999993
227.81253699999994
227.90961999999993
228.00605399999992
228.1178209999999
228.2051449999999
228.3046739999999
228.3957099999999
228.48427599999988
228.57485399999987
228.66594499999988
228.7601979999999
228.8689979999999
228.96602599999989
229.0666179999999
229.1623679999999
229.2567699999999
229.3528979999999
229.4479789999999
229.5398919999999
229.6461489999999
229.7415119999999
229.8364279999999
229.9319689999999
230.0285519999999
230.1179239999999
230.2123549999999
230.3070049999999
230.40539599999988
230.5023489999999
230.5968209999999
230.6958339999999
230.7927329999999
230.9023219999999
230.99701199999993
231.09869999999992
231.2100149999999
231.30589999999992
231.39996699999992
231.49505099999993
231.59384999999995
231.69063999999995
231.78301499999995
231.88682899999995
231.99656999999996
232.09549399999997
232.19213299999998
232.282084
232.373044
232.463955
232.560768
232.650734
232.743421
232.839357
232.93512
233.031359
233.12426200000002
233.217023
233.309391
233.405571
233.495214
233.590202
233.67939
233.76712
233.86037000000002
233.952073
234.043821
234.13339100000002
234.22638700000002
234.322336
234.41628400000002
234.503812
234.59472200000002
234.69651900000002
234.79540500000002
234.89008800000002
234.98480100000003
235.07489600000002
235.160748
235.264285
235.35060000000001
235.45095300000003
235.54376200000002
235.63465900000003
235.72094100000004
235.80819300000005
235.91350500000004
235.99586100000005
236.08953200000005
236.18021400000003
236.26225400000004
236.34980200000004
236.44089600000004
236.54240700000003
236.63613600000002
236.72678600000003
236.82405100000003
236.917986
237.01495200000002
237.13403000000002
237.23902100000004
237.33505500000004
237.43770700000005
237.53446900000006
237.64277200000006
237.74124800000007
237.84342700000008
237.93894300000008
238.03762400000008
238.13367400000007
238.23174700000007
238.32945300000006
238.42519400000006
238.52106200000006
238.61146700000006
238.70897300000007
238.79952200000008
238.91377500000007
239.01569900000007
239.12575200000006
239.22225100000006
239.31525000000005
239.40863600000006
239.50162400000005
239.60026200000004
239.69394400000004
239.79169100000004
239.88185200000004
239.97696700000003
240.07155600000004
240.16802100000004
240.26105700000005
240.36117200000004
240.45179300000004
240.54960300000005
240.65180100000003
240.74353600000003
240.83757700000004
240.92869800000003
241.02291400000001
241.116349
241.214211
241.314266
241.415394
241.513863
241.597841
241.70396
241.810791
241.90068
242.007962
242.09924099999998
242.18962599999998
242.30112699999998
242.39338099999998
242.48860999999997
242.59701999999996
242.69300299999995
242.78818499999994
242.88092999999995
242.97202699999994
243.06392499999993
243.15541399999992
243.24889999999994
243.34253399999994
243.43806999999995
243.52819399999996
243.63565399999996
243.72791099999995
243.82054199999996
243.90670299999996
244.00102699999997
244.08994499999997
244.18504399999998
244.27650699999998
244.36961399999998
244.462111
244.55952399999998
244.65585099999998
244.74899
244.860246
244.95506999999998
245.05034999999998
245.14078299999997
245.23764699999998
245.333779
245.43658299999998
245.538433
245.630322
245.727732
245.822663
245.913712
246.009854
246.105333
246.207887
246.309642
246.407369
246.49659499999999
246.586467
246.679917
246.771827
246.864591
246.977625
247.089697
247.197454
247.287446
247.37742699999998
247.468145
247.569124
247.65584099999998
247.75820099999999
247.85741499999997
247.95569499999996
248.06145599999996
248.15597299999996
248.26629699999995
248.36965699999996
248.46093699999997
248.552115
248.64558799999998
248.73931799999997
248.82919099999998
248.92871899999997
249.01971099999997
249.11168899999998
249.20352499999998
249.30482899999998
249.390705
249.494497
249.601618
249.696713
249.78514299999998
249.88287099999997
249.98259299999998
250.07649199999997
250.17315799999997
250.26800899999998
250.36083899999997
250.45541599999996
250.54649299999997
250.64457099999996
250.73698399999995
250.83166299999996
250.92959899999997
251.02070099999997
251.11450299999998
251.21368399999997
251.31135299999997
251.40176999999997
251.49235599999997
251.58583599999997
251.68336299999999
251.77371699999998
251.87265399999998
251.97712299999998
252.068616
252.16398099999998
252.25812699999997
252.358187
252.45118799999997
252.54271799999998
252.63434399999997
252.72559399999997
252.82525199999998
252.915993
253.02071199999997
253.127144
253.21573999999998
253.30599399999997
253.41109099999997
253.50459199999997
253.60355799999996
253.70637499999995
253.80089799999996
253.89655999999997
253.99160599999996
254.08055999999996
254.17805299999995
254.26685899999995
254.36850299999995
254.46025199999994
254.55637099999993
254.65332399999994
254.74658599999995
254.85238499999994
254.94937399999995
255.04286599999995
255.13251899999995
255.21870999999996
255.31105899999997
255.39981899999998
255.49130599999998
255.58480999999998
255.68007299999996
255.76901499999997
255.85730299999997
255.96262
256.05719999999997
256.14901899999995
256.24202299999996
256.333357
256.43843
256.533637
256.623112
256.724164
256.82462599999997
256.915894
257.016938
257.108437
257.216507
257.325161
257.417214
257.514536
257.608666
257.70243500000004
257.797136
257.90422700000005
258.00760600000007
258.11094700000007
258.2178830000001
258.3094770000001
258.40055200000006
258.4933520000001
258.59730300000007
258.6917860000001
258.8065370000001
258.9034830000001
258.9909950000001
259.0877170000001
259.1946320000001
259.2890390000001
259.3804040000001
259.4782780000001
259.5718160000001
259.6670850000001
259.7635660000001
259.8553260000001
259.9424620000001
260.03658100000007
260.12480200000005
260.22334900000004
260.31253200000003
260.405544
260.495793
260.587129
260.688459
260.776064
260.873513
260.974203
261.072429
261.170426
261.263071
261.36030500000004
261.45502300000004
261.5504
261.645214
261.73868600000003
261.82858200000004
261.91926600000005
262.01489200000003
262.10474100000005
262.19886600000007
262.3093850000001
262.4022240000001
262.50060200000013
262.5892520000001
262.6817950000001
262.78241900000006
262.88015600000006
262.9819580000001
263.0709920000001
263.1697410000001
263.2659170000001
263.3552740000001
263.45995500000015
263.5502950000002
263.6436380000002
263.73784900000015
263.84002700000013
263.9323620000001
264.02063600000014
264.11432200000013
264.20874700000013
264.2989250000001
264.3909380000001
264.48634400000014
264.57459600000016
264.6695330000002
264.7640830000002
264.8563640000002
264.94353100000023
265.03714300000024
265.13269300000024
265.22570100000024
265.3249280000002
265.41914900000023
265.5061490000002
265.6222350000002
265.7193230000002
265.8146490000002
265.9038820000002
266.0008180000002
266.1054000000002
266.2007390000002
266.2885010000002
266.38095800000025
266.48409200000026
266.57888300000025
266.6658420000002
266.75679300000024
266.8575090000002
266.94933700000024
267.04229300000026
267.12947100000025
267.21725500000025
267.31203400000027
267.40399200000024
267.49709300000023
267.58885700000025
267.6801650000003
267.77777300000025
267.87713100000025
267.97253200000023
268.06483900000023
268.1570880000002
268.2496750000002
268.3429970000002
268.4444220000002
268.5367280000002
268.6319590000002
268.72594800000024
268.81661000000025
268.92452100000025
269.03437400000024
269.12492300000025
269.2176920000002
269.31629800000024
269.40924400000023
269.5060170000002
269.5979080000002
269.6995720000002
269.8051070000002
269.8961460000002
269.9995410000002
270.1033230000002
270.21052800000024
270.30331300000023
270.38957700000026
270.48929100000026
270.58980300000024
270.6842170000002
270.7792160000002
270.8701360000002
270.96728800000017
271.07018900000014
271.1601400000001
271.2531550000001
271.3531490000001
271.44269500000007
271.5338240000001
271.6348740000001
271.7395460000001
271.8340760000001
271.9341200000001
272.0268200000001
272.1183730000001
272.2094560000001
272.2983560000001
272.3900230000001
272.4813410000001
272.5773690000001
272.6721750000001
272.7687620000001
272.8609600000001
272.9524080000001
273.05441000000013
273.1521030000001
273.24417700000015
273.3411580000002
273.43137700000017
273.52496900000017
273.62208400000014
273.72492900000015
273.82075100000014
273.91457000000014
274.02687100000014
274.12187500000016
274.2162900000002
274.30610600000017
274.40137500000014
274.49812000000014
274.60625800000014
274.69887300000016
274.79505400000016
274.8947890000002
274.99376900000016
275.09170100000017
275.18394800000016
275.27572300000014
275.37342600000017
275.46509000000015
275.56850000000014
275.66610100000014
275.77405800000014
275.86634300000014
275.96074200000015
276.05302500000016
276.14780900000017
276.23709900000017
276.33857900000015
276.43354000000016
276.53076600000014
276.62207400000017
276.7243970000002
276.8127860000002
276.9103340000002
277.0141020000002
277.1030400000002
277.1992800000002
277.2978810000002
277.3976480000002
277.49169500000016
277.5858000000002
277.67620000000016
277.76697600000017
277.86235500000015
277.9555070000001
278.0489010000001
278.1412990000001
278.2402250000001
278.33259900000013
278.42747500000013
278.52152900000016
278.60630400000014
278.6962790000001
278.7833700000001
278.8778460000001
278.96854400000007
279.0628300000001
279.1603390000001
279.2622190000001
279.36630800000006
279.46604600000006
279.56666200000006
279.68099400000006
279.78684100000004
279.886791
279.98036
280.073619
280.176031
280.271558
280.37124300000005
280.4692600000001
280.5797600000001
280.6736620000001
280.7660640000001
280.8676490000001
280.9633280000001
281.06127800000013
281.1654840000001
281.2672950000001
281.3666620000001
281.46626800000007
281.56636900000007
281.66524000000004
281.77758200000005
281.88335000000006
281.98334700000004
282.087842
282.193624
282.314924
282.438126
282.55008300000003
282.66861300000005
282.77932500000003
282.886927
283.000812
283.113688
283.227949
283.339087
283.453918
283.570075
283.69321399999995
283.81175499999995
283.92689799999994
284.04818299999994
284.1636009999999
284.2824829999999
284.4035669999999
284.5293959999999
284.66235499999993
284.7874709999999
284.9226239999999
285.04973299999995
285.18168399999996
285.31316899999996
285.43864299999996
285.56594699999994
285.69317199999995
285.82158999999996
285.94976399999996
286.07920199999995
286.20710899999995
286.3379719999999
286.4835799999999
286.6392899999999
286.7862519999999
286.9288699999999
287.0743129999999
287.2133209999999
287.3598809999999
287.5041039999999
287.6456119999999
287.78715199999994
287.92090299999995
288.05967999999996
288.20001099999996
288.349497
288.489981
288.633893
288.770828
288.912708
289.077082
289.223927
289.397246
289.57122599999997
289.727989
289.881242
290.046522
290.200624
290.360252
290.52269
290.680501
290.838604
290.99569099999997
291.169026
291.322755
291.471974
291.631753
291.787131
291.937914
292.09966399999996
292.25416099999995
292.40799599999997
292.56045099999994
292.71446999999995
292.8768749999999
293.0256119999999
293.1880369999999
293.3513959999999
293.5054919999999
293.6665759999999
293.8279889999999
293.9882079999999
294.1627539999999
294.3260189999999
294.5056249999999
294.6911509999999
294.8585239999999
295.0267069999999
295.1956019999999
295.3597549999999
295.5271289999999
295.68820599999987
295.85526399999986
296.02917499999984
296.19710499999985
296.37718299999983
296.5447679999998
296.7110409999998
296.8840729999998
297.05527799999976
297.2221049999998
297.39167199999974
297.56007699999975
297.72962899999976
297.89813799999973
298.0648889999997
298.23466099999973
298.42024299999974
298.59368399999977
298.76324999999974
298.93230199999977
299.10236099999975
299.2784579999998
299.4594489999998
299.6319019999998
299.8062779999998
299.9739369999998
300.1526099999998
300.3209769999998
300.4925909999998
300.6657159999998
300.8492149999998
301.0186729999998
301.1880469999998
301.3674469999998
301.5443439999998
301.7151099999998
301.88422699999984
302.0566729999998
302.2270259999998
302.4002569999998
302.5791139999998
302.7439569999998
302.9163869999998
303.0935709999998
303.2639479999998
303.4365679999998
303.6144029999998
303.7875159999998
303.9555139999998
304.1275989999998
304.29930599999983
304.46967299999983
304.6425009999998
304.8151229999998
304.9926149999998
305.1633999999998
305.3513339999998
305.5189289999998
305.7001369999998
305.8643829999998
306.0350919999998
306.2056529999998
306.37382799999983
306.5447439999998
306.7210929999998
306.8911769999998
307.0662069999998
307.2369479999998
307.3978979999998
307.5724329999998
307.75006399999984
307.92159799999985
308.0992249999998
308.26186299999983
308.42627499999986
308.59326599999986
308.7628589999999
308.9397659999999
309.1086239999999
309.28084899999993
309.4487669999999
309.6185579999999
309.7912029999999
309.9603079999999
310.1247649999999
310.3071159999999
310.4716279999999
310.6398049999999
310.80406099999993
310.9725219999999
311.1396049999999
311.3080329999999
311.47388599999994
311.64944399999996
311.826601
311.997597
312.168258
312.3386
312.52694099999997
312.692528
312.874997
313.04201
313.215733
313.386566
313.56381100000004
313.73226100000005
313.913287
314.081745
314.256589
314.430021
314.59752000000003
314.75862
314.925596
315.103271
315.274665
315.444246
315.60933800000004
315.775927
315.953663
316.122535
316.28814300000005
316.46327800000006
316.62779100000006
316.80160700000005
316.96322000000004
317.12946000000005
317.29467300000005
317.45669000000004
317.627967
317.800212
317.965413
318.143027
318.316309
318.484841
318.670456
318.852644
319.023986
319.191647
319.366497
319.53484
319.70453399999997
319.870463
320.039789
320.204304
320.37267499999996
320.54294799999997
320.70168399999994
320.86772499999995
321.04329399999995
321.20901299999997
321.38298199999997
321.56945299999995
321.73585999999995
321.90854699999994
322.07861799999995
322.25746799999996
322.43287
322.60438
322.775257
322.954271
323.117584
323.28727100000003
323.45348600000005
323.62943000000007
323.80302700000004
323.983533
324.1517
324.318806
324.493743
324.664034
324.84364400000004
325.012396
325.18583800000005
325.37129300000004
325.54409300000003
325.71479300000004
325.88451800000007
326.0514560000001
326.2203260000001
326.3957450000001
326.5608690000001
326.7339580000001
326.9022580000001
327.06610400000005
327.23613600000004
327.401288
327.56307200000003
327.72703800000005
327.889174
328.06653400000005
328.239565
328.413361
328.58338100000003
328.75652900000006
328.92180400000007
329.0853870000001
329.2603850000001
329.4287770000001
329.59982700000006
329.76756900000004
329.93192300000004
330.092118
330.258076
330.42138900000003
330.58519400000006
330.75483600000007
330.91662400000007
331.0888960000001
331.25508600000006
331.42210000000006
331.58799400000004
331.76594800000004
331.93836400000004
332.10464600000006
332.26877300000007
332.4369080000001
332.6061000000001
332.7736470000001
332.9446560000001
333.10627900000014
333.26911900000016
333.45059100000014
333.6219820000002
333.78771800000015
333.9565440000002
334.1225130000002
334.2859760000002
334.4533690000002
334.6210760000002
334.7852100000002
334.95007000000015
335.1164650000002
335.30685100000017
335.49260200000015
335.65480300000013
335.8258740000001
335.99314600000014
336.16058600000014
336.3396020000001
336.50694400000015
336.67978100000016
336.84664300000014
337.02330500000016
337.19944000000015
337.37001800000013
337.5485650000001
337.7167050000001
337.9040190000001
338.0735810000001
338.2408760000001
338.3999930000001
338.56530800000013
338.73578700000013
338.90889700000014
339.0788920000001
339.24985900000013
339.41540300000014
339.5868570000001
339.7527640000001
339.9216310000001
340.0921360000001
340.2569340000001
340.4295520000001
340.6001850000001
340.7669130000001
340.9433640000001
341.1080610000001
341.2758630000001
341.44181800000007
341.60640300000006
341.77848800000004
341.952079
342.13498200000004
342.301817
342.46812600000004
342.63070000000005
342.79212300000006
342.96682100000004
343.12839600000007
343.3097020000001
343.4727650000001
343.6399850000001
343.81963400000006
343.98633900000004
344.150344
344.30921800000004
344.48150000000004
344.64504700000003
344.818441
344.987054
345.158458
345.330261
345.49806
345.665906
345.836747
346.000819
346.167831
346.33808899999997
346.50648299999995
346.67890199999994
346.84194499999995
347.02572399999997
347.19285799999994
347.3517259999999
347.5142679999999
347.6818759999999
347.85382299999986
348.02750799999984
348.19465499999984
348.3565419999998
348.5222279999998
348.6901419999998
348.8521369999998
349.0237599999998
349.1936719999998
349.36119499999984
349.5310519999998
349.6944129999998
349.86659699999984
350.03171699999984
350.1936959999998
350.3529629999998
350.5146899999998
350.6789729999998
350.8579139999998
351.0250189999998
351.18654999999984
351.3674839999998
351.54185099999984
351.71182599999986
351.89059699999984
352.06785799999983
352.23837999999984
352.4149029999998
352.5976589999998
352.7682339999998
352.93903599999976
353.10778299999976
353.2750549999998
353.4393399999998
353.6069099999998
353.7789009999998
353.9432569999998
354.1083009999998
354.2797339999998
354.4514199999998
354.6258829999998
354.8054179999998
354.9713589999998
355.13675799999976
355.30298999999974
355.4694469999997
355.6334619999997
355.80938299999974
355.97062099999977
356.13756999999976
356.30403699999977
356.4664449999998
356.6309039999998
356.7986649999998
356.9682369999998
357.14364199999983
357.3166309999998
357.4826919999998
357.6571439999998
357.8262439999998
358.0094539999998
358.17465099999976
358.33895899999976
358.51423699999975
358.6874519999998
358.8632649999998
359.0391929999998
359.21289699999977
359.38621599999976
359.55429599999974
359.7248709999997
359.8894139999997
360.06548799999973
360.23166499999974
360.39465899999976
360.57750099999976
360.74319099999974
360.90736899999973
361.0711689999997
361.2398769999997
361.4051549999997
361.5761409999997
361.74210899999974
361.89723199999975
362.0548629999997
362.21594299999975
362.3739189999998
362.5327129999998
362.6870619999998
362.8468559999998
363.01038899999975
363.1738319999997
363.3299059999997
363.4919049999997
363.65802599999967
363.82539699999967
363.97671699999967
364.13152899999966
364.2893929999997
364.44945099999967
364.60607199999964
364.7575369999996
364.9205039999996
365.0807299999996
365.2468169999996
365.4061549999996
365.5632239999996
365.7174479999996
365.8752289999996
366.05373399999957
366.2119579999996
366.3727289999996
366.5261559999996
366.6861939999996
366.8502609999996
367.0136319999996
367.17400599999957
367.3255879999996
367.4827109999996
367.6383809999996
367.8049179999996
367.9578029999996
368.11521699999963
368.2763619999996
368.4399109999996
368.6216189999996
368.7929129999996
368.9574719999996
369.1350869999996
369.3049489999996
369.4756519999996
369.6537069999996
369.8253139999996
369.9893789999996
370.1623279999996
370.3245639999996
370.49174499999964
370.65915399999966
370.82543099999964
371.00012299999963
371.1683389999996
371.3300859999996
371.5092949999996
371.6784889999996
371.8486289999996
372.01202899999964
372.1874229999996
372.35915999999963
372.52905299999964
372.69813499999964
372.86365799999965
373.03184499999963
373.1970809999996
373.35926799999964
373.52484099999964
373.69247799999965
373.8590749999997
374.0200249999997
374.1839509999997
374.3540559999997
374.5267329999997
374.6947129999997
374.8696389999997
375.0333719999997
375.1963269999997
375.3693109999997
375.5361189999997
375.6977199999997
375.8668699999997
376.0300599999997
376.2012199999997
376.3672799999997
376.5447199999997
376.7141469999997
376.8796259999997
377.05051899999967
377.22280899999964
377.3970329999996
377.57074499999965
377.74219199999965
377.9023709999997
378.0662019999997
378.2334339999997
378.4070829999997
378.5737549999997
378.7469129999997
378.93424499999975
379.1086759999998
379.28697799999975
379.44876199999976
379.61624999999975
379.7821279999998
379.94590099999976
380.1234839999998
380.2953829999998
380.4685879999998
380.64384599999977
380.81237199999975
380.9781799999998
381.1424129999998
381.3076119999998
381.4715639999998
381.64916499999975
381.81237499999975
381.98755899999975
382.15601799999973
382.32140299999975
382.48770799999977
382.65312799999975
382.8199489999998
382.98422299999976
383.1503509999998
383.3124979999998
383.48232799999977
383.6460899999998
383.8175769999998
383.9804469999998
384.1600459999998
384.3300769999998
384.5085319999998
384.6832349999998
384.8638059999998
385.0377949999998
385.2003489999998
385.3640179999998
385.5323419999998
385.7117359999998
385.8781579999998
386.0561559999998
386.2346589999998
386.4017169999998
386.5690369999998
386.7489279999998
386.9259329999998
387.0870769999998
387.2512419999998
387.4235649999998
387.5931459999998
387.76622899999984
387.9323939999998
388.0876339999998
388.2479589999998
388.4273599999998
388.5986299999998
388.7766029999998
388.9481169999998
389.1220229999998
389.2867089999998
389.4623739999998
389.6338229999998
389.8080379999998
389.96846099999976
390.14117899999974
390.31750999999974
390.48040699999973
390.6435099999997
390.8103909999997
390.9663109999997
391.12384699999967
391.29156599999965
391.4500779999996
391.61050899999964
391.77916399999964
391.9411179999996
392.11217699999963
392.26909999999964
392.43375099999963
392.59414399999963
392.7628039999996
392.92771099999965
393.10093999999964
393.27855699999964
393.46094099999965
393.63860199999965
393.81865399999964
393.9960329999996
394.16808199999963
394.36483299999963
394.54875199999964
394.72989999999965
394.90772099999964
395.08599299999963
395.27117299999964
395.4587949999996
395.6345819999996
395.8166559999996
395.99305499999963
396.19067599999966
396.37358699999965
396.56500599999964
396.74518999999964
396.92814399999963
397.10597999999965
397.28442999999965
397.46517499999965
397.6431619999996
397.81696399999964
397.99237899999963
398.1582249999996
398.3475739999996
398.5173209999996
398.6876389999996
398.8634829999996
399.02949299999955
399.21135999999956
399.38636199999956
399.55403799999954
399.71863499999955
399.88989499999957
400.0490659999996
400.21363399999956
400.37492999999955
400.54374799999954
400.6994179999995
400.86000999999953
401.0201659999995
401.1720249999995
401.3359039999995
401.4920059999995
401.6565229999995
401.8153589999995
401.9762719999995
402.15092099999947
402.32218999999947
402.49310499999945
402.6674429999994
402.8379939999994
403.0222909999994
403.1995719999994
403.3698579999994
403.5443159999994
403.7154219999994
403.8889689999994
404.0653979999994
404.23861099999937
404.41005899999936
404.5954579999994
404.7703949999994
404.9434609999994
405.1192369999994
405.29116199999936
405.46572699999933
405.6387779999993
405.8174329999993
406.0009009999993
406.1745139999993
406.3588829999993
406.5345889999993
406.7141859999993
406.9077369999993
407.0912379999993
407.2818529999993
407.46447399999926
407.6525499999993
407.8392419999993
408.03910899999926
408.23910999999924
408.44886699999927
408.6532009999993
408.8624749999993
