0.026114
0.105277
0.201427
0.2917
0.37997000000000003
0.47159300000000004
0.5578150000000001
0.6502730000000001
0.7409450000000001
0.8358880000000001
0.9158330000000001
1.0151590000000001
1.108413
1.201495
1.297617
1.38551
1.469927
1.555628
1.644221
1.73837
1.827681
1.925946
2.009532
2.0950480000000002
2.185156
2.279612
2.3712470000000003
2.4703250000000003
2.5613210000000004
2.6487210000000005
2.7374860000000005
2.8257890000000003
2.9270840000000002
3.0331270000000004
3.1197010000000005
3.2191880000000004
3.3152500000000003
3.40288
3.499231
3.582749
3.6724710000000003
3.7703140000000004
3.8575320000000004
3.9512860000000005
4.039548000000001
4.127776000000001
4.215022000000001
4.315085000000001
4.397302000000001
4.475682000000001
4.556682000000001
4.632132000000001
4.715910000000001
4.803436000000001
4.881139000000001
4.955873000000001
5.038826000000001
5.121931000000001
5.208010000000001
5.284021000000001
5.358128000000001
5.442900000000001
5.521497000000001
5.5976300000000005
5.677383000000001
5.773625000000001
5.8489130000000005
5.9259960000000005
6.0076860000000005
6.082573000000001
6.1595200000000006
6.2389220000000005
6.32056
6.398407000000001
6.484134000000001
6.568206000000001
6.651752000000001
6.740588000000001
6.823562000000001
6.907937
6.996854000000001
7.0915360000000005
7.171982000000001
7.252962000000001
7.337707000000001
7.4196990000000005
7.506716000000001
7.605861000000001
7.695001000000001
7.787373000000001
7.869965000000001
7.950610000000001
8.030018000000002
8.117844000000002
8.198343000000001
8.299161000000002
8.378571
8.466616
8.56364
8.650416
8.744293
8.831179
8.90954
8.993019
9.07961
9.163855
9.242825
9.327831999999999
9.419198999999999
9.499471999999999
9.580350999999999
9.672509999999999
9.751413
9.831093
9.920290999999999
10.014308999999999
10.095747999999999
10.182224999999999
10.273107
10.356864
10.435914
10.530063
10.614736
10.699798000000001
10.798302000000001
10.873288000000002
10.955262000000003
11.027266000000003
11.118541000000002
11.205451000000002
11.276030000000002
11.381603000000002
11.454893000000002
11.531812000000002
11.602788000000002
11.681876000000003
11.759047000000002
11.857300000000002
11.938657000000003
12.007706000000002
12.090608000000003
12.165769000000003
12.243483000000003
12.325346000000003
12.401683000000004
12.488507000000004
12.567458000000004
12.660394000000004
12.737511000000003
12.815063000000004
12.897319000000003
12.993976000000004
13.069023000000003
13.144792000000002
13.227211000000002
13.303903000000002
13.387330000000002
13.485742000000002
13.561553000000002
13.633037000000002
13.704398000000001
13.770414
13.840201
13.911388
13.987176
14.073188
14.140627
14.216489000000001
14.283707000000001
14.352008000000001
14.421122000000002
14.486402000000002
14.559136000000002
14.631634000000002
14.703390000000002
14.770949000000002
14.831794000000002
14.907725000000003
14.995526000000003
15.057349000000004
15.126663000000004
15.190375000000005
15.268706000000005
15.330418000000005
15.414387000000005
15.488814000000005
15.558706000000004
15.627134000000005
15.702444000000005
15.769701000000005
15.849269000000005
15.922552000000005
15.992369000000005
16.055544000000005
16.116872000000004
16.182422000000003
16.252016
16.319911
16.382083
16.451069
16.517619
16.588617
16.650866
16.72703
16.791582
16.867091
16.945752
17.011809
17.085645
17.147576
17.211411000000002
17.280828000000003
17.356585000000003
17.430653000000003
17.493812000000002
17.570892
17.639359
17.702220999999998
17.780904999999997
17.852687999999997
17.912008999999998
17.974241
18.056836
18.11665
18.189116
18.278246999999997
18.350382999999997
18.425012999999996
18.509215999999995
18.607049999999994
18.678682999999992
18.766256999999992
18.845156999999993
18.932489999999994
19.001944999999996
19.069141999999996
19.140057999999996
19.210848999999996
19.290837999999997
19.375645999999996
19.453900999999995
19.526968999999994
19.599791999999994
19.677242999999994
19.751501999999995
19.826908999999993
19.901585999999995
19.974605999999994
20.055050999999995
20.137807999999996
20.231456999999995
20.325662999999995
20.410206999999996
20.496151999999995
20.601432999999997
20.685679999999998
20.769890999999998
20.857716999999997
20.943153999999996
21.026235999999997
21.120659999999997
21.205602999999996
21.293343999999998
21.379585999999996
21.463533999999996
21.549375999999995
21.636881999999996
21.728362999999998
21.816356
21.899113999999997
21.988789999999998
22.06749
22.154387
22.242006
22.326764
22.420807
22.522307
22.611421
22.711793
22.803932
22.899829999999998
22.987678999999996
23.074027999999995
23.163618999999994
23.253708999999994
23.342550999999993
23.431592999999992
23.52118099999999
23.61628799999999
23.699114999999992
23.792674999999992
23.87386099999999
23.96107599999999
24.06588199999999
24.14959799999999
24.24767499999999
24.34851299999999
24.44298799999999
24.53860099999999
24.631882999999988
24.731983999999986
24.825657999999986
24.913226999999985
25.012599999999985
25.105907999999985
25.204247999999986
25.307847999999986
25.395152999999986
25.497443999999987
25.596376999999986
25.687392999999986
25.780718999999987
25.867773999999987
25.961057999999987
26.058611999999986
26.146191999999985
26.235455999999985
26.327097999999985
26.421070999999984
26.512200999999983
26.608967999999983
26.704940999999984
26.801423999999983
26.891631999999984
26.986848999999985
27.097116999999987
27.206929999999986
27.301306999999987
27.400772999999987
27.48673099999999
27.57929699999999
27.67252499999999
27.76490999999999
27.85741199999999
27.941697999999988
28.03198899999999
28.13158299999999
28.21734399999999
28.30862799999999
28.40849399999999
28.504401999999992
28.59852699999999
28.68504099999999
28.78627199999999
28.88118299999999
28.977118999999988
29.06651899999999
29.16319599999999
29.255828999999988
29.354913999999987
29.449549999999988
29.54046399999999
29.62358999999999
29.72158699999999
29.83111899999999
29.93345299999999
30.02883699999999
30.11616699999999
30.19936499999999
30.295881999999988
30.38682999999999
30.481041999999988
30.583894999999988
30.686515999999987
30.774210999999987
30.862641999999987
30.981563999999988
31.07734399999999
31.17345899999999
31.26674899999999
31.37005499999999
31.47458999999999
31.56788399999999
31.66546099999999
31.75981399999999
31.863738999999992
31.96671899999999
32.082787999999994
32.176643999999996
32.273213999999996
32.37462299999999
32.46553599999999
32.56389599999999
32.67593999999999
32.77478099999999
32.89663099999999
32.99271499999999
33.08766199999999
33.18716599999999
33.284364999999994
33.38906099999999
33.48376299999999
33.58114699999999
33.68399799999999
33.78330299999999
33.88622999999999
33.98713399999999
34.08833199999999
34.183343999999984
34.281365999999984
34.38379599999998
34.50550099999998
34.61403799999998
34.71644399999998
34.809553999999984
34.91308499999998
35.00180799999998
35.10919299999998
35.21340999999998
35.315542999999984
35.411596999999986
35.51190699999999
35.61023299999999
35.71100999999999
35.81795799999999
35.92321899999999
36.015382999999986
36.11125099999999
36.21345999999999
36.31803999999999
36.42181399999999
36.51042799999999
36.60688999999999
36.713058999999994
36.797737999999995
36.89075199999999
36.99819899999999
37.085806999999996
37.172315
37.259926
37.34716
37.444885
37.528256
37.611793
37.703886
37.796448999999996
37.878254
37.965485
38.051913
38.138003
38.233838999999996
38.31910799999999
38.40424199999999
38.48688999999999
38.57405599999999
38.663515999999994
38.75607599999999
38.83704099999999
38.92525899999999
39.01516399999999
39.10410799999999
39.20509899999999
39.29737099999999
39.385448999999994
39.465031999999994
39.549651
39.636843
39.74402
39.826394
39.909924000000004
40.00074600000001
40.07977100000001
40.159141000000005
40.243047000000004
40.323016
40.406122
40.501065000000004
40.581692000000004
40.67072400000001
40.747294000000004
40.829584000000004
40.929692
41.009425
41.091785
41.17917
41.257325
41.332044
41.411046000000006
41.491246000000004
41.577875000000006
41.663774000000004
41.74885200000001
41.82872400000001
41.90371400000001
41.977042000000004
42.043646
42.120509000000006
42.188061000000005
42.261334000000005
42.338060000000006
42.40731400000001
42.47323800000001
42.54825500000001
42.62285300000001
42.68840700000001
42.75773500000001
42.83053200000001
42.89174100000001
42.97167000000001
43.03251300000001
43.11873400000001
43.19495900000001
43.25068200000001
43.31144900000001
43.39920900000001
43.458413000000014
43.530884000000015
43.60171900000002
43.66166900000002
43.76210200000002
43.84353100000002
43.93681400000002
44.00199500000002
44.07531600000002
44.13539600000002
44.20374700000002
44.268061000000024
44.341280000000026
44.40640400000002
44.470817000000025
44.55670200000002
44.63932500000002
44.72127200000002
44.79120400000002
44.86669800000002
44.93180100000002
45.00626200000002
45.07593400000002
45.15947700000002
45.238250000000015
45.314042000000015
45.39520000000002
45.46900500000002
45.54749300000002
45.633974000000016
45.71068800000002
45.795135000000016
45.863230000000016
45.93423900000001
46.01001800000001
46.08326600000001
46.14881600000001
46.20950900000001
46.27650300000001
46.35325800000001
46.42373700000001
46.48884200000001
46.55376300000001
46.62015800000001
46.70602400000001
46.776308000000014
46.84828000000002
46.922187000000015
46.98228200000001
47.053705000000015
47.12339100000001
47.19914400000001
47.26517500000001
47.32396300000001
47.38930600000001
47.45361000000001
47.51693400000001
47.584527000000016
47.650264000000014
47.720278000000015
47.789831000000014
47.864319000000016
47.93103100000002
48.01462700000002
48.088025000000016
48.15547500000002
48.21917000000002
48.28579400000002
48.35155300000002
48.415613000000015
48.476785000000014
48.549064000000016
48.63327500000002
48.71101100000002
48.77010500000002
48.832576000000024
48.89924000000003
48.96691200000003
49.02580500000003
49.099616000000026
49.159271000000025
49.22172200000003
49.27868900000003
49.33997600000003
49.402936000000025
49.466103000000025
49.52830400000003
49.595299000000026
49.66220000000003
49.72906100000003
49.80433900000003
49.876102000000024
49.93706400000003
50.000848000000026
50.06197100000003
50.12683100000003
50.20420000000003
50.264551000000026
50.322278000000026
50.42717500000003
50.49290800000003
50.55838800000003
50.62370100000003
50.69770400000003
50.76335500000003
50.82705100000003
50.91592200000003
50.98883000000003
51.05787600000003
51.144822000000026
51.21842600000003
51.28950700000003
51.36377600000003
51.42771500000003
51.49615900000003
51.55431600000003
51.63386000000003
51.695137000000024
51.763319000000024
51.83279900000002
51.909629000000024
51.98653000000002
52.06033300000002
52.127000000000024
52.20505000000002
52.26197000000002
52.31949700000002
52.37940500000002
52.43593400000002
52.497703000000016
52.56111100000002
52.619537000000015
52.68072400000001
52.74073900000001
52.79941200000001
52.87055300000001
52.933929000000006
53.00334800000001
53.06791100000001
53.12730400000001
53.19057300000001
53.26112700000001
53.34202400000001
53.40240000000001
53.46490300000001
53.525338000000005
53.589614000000005
53.64808300000001
53.71512700000001
53.78189500000001
53.844473000000015
53.907482000000016
53.97380600000002
54.04634500000002
54.112521000000015
54.176986000000014
54.235743000000014
54.31527400000002
54.388297000000016
54.452897000000014
54.516387000000016
54.59378000000002
54.667369000000015
54.72679800000002
54.787880000000015
54.86050500000002
54.93895400000002
54.99765900000002
55.05963600000002
55.12885600000002
55.20458000000002
55.26167600000002
55.32361600000002
55.39043900000002
55.46132900000002
55.526504000000024
55.59723900000002
55.658582000000024
55.725863000000025
55.801185000000025
55.879153000000024
55.946670000000026
56.002813000000025
56.07960800000002
56.14538900000002
56.214378000000025
56.27269200000003
56.35128000000003
56.43370200000003
56.515169000000036
56.57697600000004
56.654654000000036
56.733770000000035
56.812247000000035
56.87799300000003
56.93849000000003
57.02419500000003
57.088033000000024
57.160174000000026
57.239287000000026
57.30404300000003
57.37647200000003
57.43569300000003
57.52525900000003
57.58652300000003
57.66068800000003
57.72568700000003
57.820412000000026
57.874844000000024
57.947585000000025
58.025896000000024
58.09799900000002
58.17629000000002
58.240849000000026
58.32111200000003
58.391991000000026
58.45969900000003
58.52734700000003
58.59470700000003
58.65846200000003
58.727546000000025
58.796263000000025
58.85868000000003
58.92255800000003
58.98263400000003
59.041528000000035
59.108863000000035
59.176567000000034
59.23779300000003
59.30711800000003
59.37492100000003
59.43664400000003
59.50651800000003
59.56560200000003
59.62896300000003
59.69212100000003
59.75492000000003
59.833519000000024
59.904484000000025
59.965737000000026
60.02338400000003
60.08339800000003
60.14981300000003
60.21032300000003
60.28250200000003
60.34768100000003
60.42012500000003
60.479364000000025
60.567089000000024
60.649238000000025
60.72217500000003
60.78750300000003
60.84350400000003
60.90747000000003
60.96807400000003
61.03396800000003
61.10351000000003
61.17396300000003
61.24409000000003
61.30975100000003
61.38630700000002
61.446347000000024
61.51193200000002
61.593760000000024
61.67007400000003
61.74384700000003
61.80222600000003
61.862327000000036
61.92671800000004
62.00451600000004
62.06708500000004
62.127653000000045
62.185664000000045
62.26045500000004
62.33034300000004
62.39985600000004
62.452291000000045
62.51167700000005
62.56864700000005
62.65243200000005
62.71054600000005
62.76910300000005
62.83519500000005
62.90424400000005
62.98040800000005
63.053012000000045
63.13433800000004
63.20124800000004
63.25998300000004
63.34023400000004
63.39954200000004
63.46935800000004
63.52964300000004
63.60706500000004
63.663409000000044
63.733628000000046
63.79323900000004
63.85760800000004
63.92819100000004
63.99202200000004
64.06258300000005
64.12763500000004
64.18418900000005
64.24737500000005
64.31194800000004
64.37480100000005
64.44156800000005
64.51056600000004
64.57415600000004
64.63751900000004
64.70411600000004
64.77142200000004
64.83531600000005
64.89975400000004
64.97495800000004
65.03583600000005
65.10517900000005
65.16795300000005
65.24267500000005
65.30621000000005
65.36701800000004
65.42922000000004
65.49269500000004
65.56015000000004
65.61364800000004
65.69236900000004
65.75954600000004
65.83652400000004
65.89353500000004
65.97012500000004
66.03132600000004
66.07872800000004
66.14683600000004
66.20033800000003
66.25887300000004
66.32795000000003
66.37936000000003
66.44665000000003
66.50653000000004
66.56128900000004
66.64223700000005
66.68797300000006
66.74735400000006
66.82301200000006
66.90046500000007
66.95465600000007
67.01422500000007
67.08742900000007
67.14564500000007
67.19736900000007
67.27299000000006
67.33001900000006
67.39027200000007
67.46344100000006
67.55487100000006
67.60542900000006
67.66790300000005
67.72441000000005
67.78718300000006
67.84399700000006
67.90892200000006
67.96516000000005
68.03817600000005
68.10418600000006
68.16553500000006
68.22675800000006
68.30289200000006
68.37067500000006
68.44470100000007
68.50698600000007
68.57761100000008
68.64101800000007
68.69516200000007
68.75502000000007
68.81955800000007
68.88238800000008
68.94585500000008
69.01048400000008
69.09172800000007
69.16718000000007
69.24977700000008
69.32138900000008
69.39615900000008
69.48385300000008
69.55373300000008
69.62202900000008
69.68975100000009
69.76790500000008
69.84746500000008
69.91826800000008
69.99512300000008
70.08243900000008
70.15995000000008
70.23080600000009
70.29979400000009
70.37621400000009
70.44697900000008
70.52055200000008
70.60014800000008
70.68275000000007
70.75397600000007
70.82866200000007
70.90172300000006
70.98637400000005
71.08246900000006
71.16472900000007
71.24054400000007
71.32200900000007
71.39940400000006
71.47448800000006
71.54669400000006
71.62379900000006
71.70153600000006
71.77782900000007
71.85383800000007
71.93542100000006
72.02372400000006
72.09722700000006
72.18136300000006
72.25256600000006
72.33339200000006
72.42238800000005
72.51306900000006
72.58301200000005
72.67318700000006
72.74359800000005
72.83185800000005
72.90617500000005
72.98896300000004
73.06652800000005
73.14270400000005
73.21776300000005
73.29348500000005
73.36640200000005
73.44205800000005
73.51741900000005
73.61301600000004
73.69803100000004
73.78004200000004
73.85621300000004
73.94901500000005
74.02842700000005
74.12384000000004
74.20016300000005
74.27896100000005
74.35137300000005
74.42498200000006
74.50914900000005
74.58966600000005
74.67895100000005
74.76057300000005
74.84871700000005
74.92700500000005
75.02187200000004
75.09860300000004
75.18670600000004
75.27595800000005
75.35033400000005
75.43054900000004
75.51433300000004
75.59638300000003
75.67467900000003
75.76600100000003
75.85213700000003
75.94021500000002
76.01335200000003
76.09267800000002
76.17929700000002
76.26224600000002
76.35244900000002
76.42857400000003
76.50859000000003
76.59245000000003
76.68089000000003
76.76633100000004
76.86080800000003
76.94060800000004
77.02881900000004
77.12011800000005
77.20508000000005
77.28969700000005
77.37413200000005
77.46280700000004
77.55492800000005
77.64849100000005
77.72823700000005
77.81636200000005
77.90913000000006
78.00087200000006
78.08514000000005
78.17284500000005
78.27759900000005
78.35733700000006
78.44368800000005
78.54338700000005
78.62982300000006
78.72072300000006
78.81279300000007
78.90283100000008
78.99040300000007
79.07706800000007
79.16628900000006
79.26336500000006
79.35241800000007
79.43891000000008
79.52794100000008
79.61558700000009
79.70354700000009
79.79018000000009
79.8785920000001
79.98140600000009
80.0699710000001
80.16041800000009
80.25127100000009
80.3446470000001
80.4422390000001
80.5347910000001
80.6250440000001
80.7140530000001
80.80457000000011
80.8912700000001
80.97488200000011
81.0801380000001
81.17128500000011
81.2703220000001
81.35722600000011
81.44946700000011
81.53762300000011
81.62539900000012
81.71574800000012
81.80922100000012
81.90333100000012
81.99847100000012
82.09057300000012
82.18422000000012
82.27769300000013
82.36858200000013
82.45616600000014
82.54701900000013
82.63762600000014
82.72782100000013
82.81320700000013
82.90021700000014
82.98640300000014
83.07189600000014
83.15543500000014
83.24635900000014
83.33216700000014
83.42073400000014
83.51217800000013
83.61681900000013
83.70820300000014
83.79393600000014
83.87489900000014
83.95783400000015
84.04333200000015
84.13013100000015
84.22609000000014
84.32000600000013
84.41232300000013
84.49753700000012
84.58571500000012
84.67939100000012
84.76450600000013
84.84970200000012
84.93626800000013
85.03969500000012
85.12251600000012
85.20708400000012
85.28994500000012
85.37433300000012
85.46763800000012
85.55230300000012
85.64092800000012
85.73045600000012
85.81496400000012
85.90446100000011
86.00324300000011
86.09227400000012
86.17910700000012
86.26259600000012
86.35427100000011
86.44401400000011
86.53763200000012
86.63846000000012
86.73812600000012
86.83141700000012
86.93879900000012
87.02657100000012
87.11490400000012
87.19996500000012
87.29741300000012
87.38955200000012
87.47913300000012
87.56702100000012
87.65780700000012
87.74857900000012
87.83653500000013
87.93908300000012
88.03498800000013
88.12887700000013
88.21207100000014
88.30815700000014
88.40796600000013
88.49593600000013
88.58290500000012
88.67092200000012
88.75797500000012
88.84412300000011
88.93627500000011
89.02320100000011
89.10891000000011
89.19429400000011
89.28019100000012
89.36568800000012
89.45435400000012
89.54167500000013
89.63779200000013
89.73148800000013
89.82124000000013
89.90947800000014
90.00250500000014
90.09069900000014
90.18049400000014
90.26884000000014
90.36871300000014
90.45495600000014
90.54217700000014
90.62973300000014
90.71885200000014
90.80534100000014
90.89863500000014
90.97958000000014
91.07093000000015
91.15813900000015
91.24147400000015
91.33090800000015
91.41598200000016
91.50452100000015
91.58973700000016
91.66872800000016
91.75039600000015
91.83597000000015
91.91608800000014
91.99161300000014
92.07312800000014
92.15927700000015
92.23668500000015
92.32148100000015
92.40221200000015
92.48506800000015
92.57507300000016
92.64852200000016
92.72508500000015
92.80081500000014
92.87699700000015
92.95909500000015
93.03620900000014
93.11567600000014
93.19353700000013
93.27051200000014
93.34758000000014
93.42790300000014
93.50832400000014
93.59281700000014
93.67403600000014
93.74965400000015
93.82752700000015
93.91305600000014
93.98815600000015
94.06422500000015
94.14167300000015
94.21693900000015
94.29857200000015
94.40072800000014
94.48761800000014
94.56764000000014
94.65580900000013
94.74958900000013
94.82019400000013
94.90016400000013
94.99334400000014
95.06618400000013
95.13600100000014
95.22778200000013
95.32903300000014
95.40976300000014
95.49592400000014
95.56334800000015
95.65179400000015
95.72674200000016
95.80391000000016
95.88321600000016
95.97527700000016
96.05270600000016
96.13944200000016
96.22236000000017
96.29779200000017
96.38911200000017
96.46404200000016
96.54334600000016
96.62675400000016
96.71195700000017
96.79417600000016
96.89559900000016
96.98217500000015
97.05254800000016
97.12436900000016
97.20296900000015
97.27516300000015
97.36515500000014
97.45174600000014
97.53810700000014
97.62797900000014
97.69887800000014
97.78005400000013
97.87396600000014
97.94844300000014
98.02005800000013
98.09144900000014
98.15917700000014
98.23742700000014
98.32657100000014
98.40902400000014
98.49420800000014
98.56262100000015
98.64942300000016
98.71636300000016
98.80173200000016
98.89268000000015
98.96907700000015
99.05002500000016
99.12700300000016
99.21161700000016
99.28772100000016
99.36280200000016
99.45070300000016
99.52580100000016
99.62193900000015
99.70823700000015
99.79765100000016
99.87773500000016
99.95743900000016
100.02758000000017
100.10559600000018
100.18690300000017
100.26386900000017
100.34730000000017
100.43800800000018
100.51622400000018
100.58229100000018
100.65276100000018
100.72079000000018
100.81610400000018
100.89505700000018
100.97997700000018
101.06034400000017
101.13248200000017
101.25326500000017
101.32174400000017
101.39358700000017
101.47635500000017
101.55073100000017
101.63199000000017
101.70183700000017
101.77353000000016
101.84655500000017
101.93284500000017
102.01061200000017
102.09006600000016
102.16653600000016
102.23688300000016
102.31505100000017
102.39912700000016
102.46963300000016
102.53745800000016
102.60918000000015
102.68810900000015
102.77363700000015
102.85625100000016
102.93273600000016
103.00466500000016
103.08748800000016
103.16601000000017
103.24278900000017
103.31522500000017
103.37987100000016
103.45317300000016
103.52030200000016
103.59772300000016
103.66711700000016
103.75003000000017
103.82322500000016
103.88975800000017
103.97047200000017
104.05290900000017
104.13365200000017
104.22164700000017
104.30952500000018
104.37854200000018
104.44913900000019
104.52372300000019
104.58988400000018
104.66425300000019
104.74727300000019
104.8146690000002
104.8944870000002
104.96892700000019
105.0426310000002
105.1169750000002
105.1983810000002
105.2704320000002
105.3424700000002
105.4122330000002
105.4896490000002
105.5651060000002
105.6326250000002
105.72049700000021
105.7856270000002
105.8496520000002
105.9380180000002
106.0031740000002
106.0731600000002
106.1493880000002
106.2135540000002
106.2814920000002
106.3539490000002
106.4171640000002
106.4929980000002
106.5691410000002
106.6548210000002
106.7191660000002
106.7820500000002
106.8546070000002
106.9435380000002
107.0237480000002
107.09539100000019
107.1639010000002
107.2315320000002
107.3062370000002
107.3752780000002
107.45983900000019
107.53084900000019
107.62357500000019
107.69293700000019
107.76077800000019
107.82889300000019
107.8973140000002
107.96632300000019
108.04595900000018
108.12348800000018
108.20044500000017
108.26800400000018
108.34047000000018
108.42596900000018
108.51399300000018
108.57976600000018
108.65543000000018
108.73936200000018
108.81277300000018
108.87876400000017
108.94615800000017
109.03252000000016
109.09894900000016
109.16367800000016
109.25091000000016
109.31418300000016
109.37791900000016
109.44781300000017
109.50873500000017
109.58892200000017
109.65310800000017
109.72691600000017
109.79006500000017
109.85380000000016
109.93043600000016
109.99230600000016
110.05903500000015
110.14375400000016
110.20958000000016
110.28011500000017
110.34668900000017
110.41230100000017
110.49382900000018
110.55776400000018
110.63848300000018
110.70474300000018
110.77765800000017
110.85693800000017
110.93176800000018
111.00052800000017
111.08441600000018
111.14743500000017
111.22447800000018
111.28967500000017
111.35860900000017
111.42457800000017
111.49305500000017
111.56480400000017
111.64105900000017
111.72286900000017
111.79522700000017
111.86764500000017
111.93709600000017
112.00413200000017
112.08100800000017
112.17189200000017
112.24372100000016
112.31630200000016
112.42584100000016
112.50841100000017
112.59414300000016
112.68350600000016
112.78333300000017
112.87068900000017
112.96684500000016
113.05047900000017
113.15312600000017
113.24876100000017
113.33702700000018
113.42361200000018
113.50818500000018
113.59498000000018
113.68403000000018
113.77296900000017
113.86970500000018
