0.026092
0.10970200000000001
0.19953500000000002
0.31405700000000003
0.41881100000000004
0.513752
0.616143
0.7017059999999999
0.8069449999999999
0.9026019999999999
1.0065769999999998
1.1074779999999997
1.1971139999999998
1.3147829999999998
1.408891
1.500028
1.59452
1.687905
1.7829949999999999
1.871716
1.957867
2.047084
2.13739
2.227084
2.313862
2.4076489999999997
2.522324
2.616809
2.709188
2.797737
2.889043
2.999025
3.090958
3.181372
3.262105
3.348156
3.427945
3.5101829999999996
3.6045139999999996
3.6883719999999998
3.77764
3.865015
3.945382
4.045336
4.115937
4.200772
4.281115
4.376272999999999
4.45466
4.544595999999999
4.629605
4.707108
4.7799249999999995
4.8659799999999995
4.951701999999999
5.0310299999999994
5.10783
5.190969
5.279323
5.373957
5.463139
5.558746
5.653455
5.74779
5.839882
5.931402
6.036285
6.123842000000001
6.207753
6.288358000000001
6.377051000000001
6.458388000000001
6.550543000000001
6.637248000000001
6.730074000000001
6.822495000000001
6.9108730000000005
7.0100370000000005
7.117438000000001
7.223452000000001
7.308129000000001
7.400437000000001
7.485478000000001
7.579106000000001
7.668363000000001
7.757524000000001
7.852233000000001
7.952225000000001
8.047242
8.137763000000001
8.227336000000001
8.348245
8.451013
8.54299
8.634457
8.730146999999999
8.825135
8.920059
9.011165
9.103833
9.194532
9.293726000000001
9.390570000000002
9.485379000000002
9.577759000000002
9.665567000000003
9.773601000000003
9.862220000000002
9.955539000000002
10.045740000000002
10.136125000000002
10.223022000000002
10.324063000000002
10.411724000000003
10.495726000000003
10.583216000000004
10.676553000000004
10.761848000000004
10.849387000000004
10.936779000000003
11.033303000000004
11.121987000000004
11.222686000000005
11.315957000000004
11.407621000000004
11.507726000000003
11.601623000000004
11.690900000000003
11.776637000000003
11.868189000000003
11.959666000000002
12.041862000000002
12.125915000000003
12.232708000000002
12.327481000000002
12.407615000000002
12.491470000000001
12.572194000000001
12.666390000000002
12.750339000000002
12.835020000000002
12.924929000000002
13.006290000000002
13.081462000000002
13.156483000000001
13.231809000000002
13.305676000000002
13.375927000000003
13.468862000000003
13.539090000000003
13.615788000000004
13.698713000000003
13.794822000000003
13.883374000000003
13.966254000000003
14.041550000000003
14.118758000000003
14.199969000000003
14.268548000000003
14.351626000000003
14.432446000000002
14.502553000000002
14.572062000000003
14.638687000000003
14.714415000000002
14.807124000000002
14.878491000000002
14.960961000000003
15.051175000000002
15.136692000000002
15.204478000000002
15.276505000000002
15.369117000000003
15.449501000000003
15.527134000000004
15.605715000000004
15.681919000000004
15.770084000000004
15.848577000000004
15.924126000000005
16.004723000000006
16.083447000000007
16.176139000000006
16.263337000000007
16.363287000000007
16.441756000000005
16.519893000000007
16.602372000000006
16.700538000000005
16.787303000000005
16.879046000000006
16.967586000000004
17.059528000000004
17.152717000000003
17.241544
17.336631
17.421677
17.512563999999998
17.604453999999997
17.687400999999998
17.778408
17.866462
17.951946999999997
18.035763999999997
18.120200999999998
18.201126
18.285176999999997
18.371615999999996
18.465090999999997
18.556623999999996
18.642936999999996
18.733238999999998
18.825197
18.91407
19.009131
19.097347
19.199251
19.295717
19.396416
19.504849
19.592124000000002
19.697932
19.806054000000003
19.914290000000005
20.010055000000005
20.110796000000004
20.211640000000003
20.309387
20.403438
20.509424000000003
20.612867
20.706349000000003
20.799813000000004
20.896593000000003
20.986941
21.089504
21.181245
21.286217
21.379062
21.476733
21.58497
21.691426999999997
21.791347
21.899896
21.995109999999997
22.089625999999996
22.185424999999995
22.277135999999995
22.370754999999996
22.468035999999994
22.564711999999993
22.664067999999993
22.759376999999994
22.854239999999994
22.943799999999992
23.04605099999999
23.14704399999999
23.24833899999999
23.345338999999992
23.45044499999999
23.548419999999993
23.646651999999992
23.751624999999994
23.857518999999993
23.955066999999993
24.058494999999994
24.161442999999995
24.251196999999994
24.347762999999993
24.441771999999993
24.557043999999994
24.648618999999993
24.742680999999994
24.840033999999992
24.935332999999993
25.027734999999993
25.122449999999994
25.220978999999993
25.324415999999992
25.426207999999992
25.539679999999993
25.632071999999994
25.723638999999995
25.822517999999995
25.920437999999994
26.011180999999993
26.106874999999995
26.204047999999997
26.304285999999998
26.401390999999997
26.499557999999997
26.601023999999995
26.706606999999995
26.808953999999996
26.897536999999996
26.995707999999997
27.084398999999998
27.172078999999997
27.254148999999998
27.338682
27.428869
27.528024
27.614677999999998
27.707220999999997
27.800303999999997
27.898980999999996
27.995741999999996
28.092914999999998
28.193364
28.289755
28.386682
28.47473
28.566228000000002
28.66963
28.761499
28.864504
28.960285
29.0505
29.14642
29.246344999999998
29.334018999999998
29.429374999999997
29.515900999999996
29.611947999999995
29.709206999999996
29.808897999999996
29.907933999999997
30.005060999999998
30.097891999999998
30.189632999999997
30.280222
30.37445
30.468702
30.576693
30.666902
30.762446
30.851727
30.944781
31.03325
31.123119
31.218756
31.309079
31.401139
31.495879000000002
31.596379000000002
31.689861000000004
31.781673000000005
31.873008000000006
31.958113000000004
32.053944
32.139525
32.225915
32.312339
32.3983
32.500576
32.586712000000006
32.68301600000001
32.76890900000001
32.84897500000001
32.93993300000001
33.02574100000001
33.11133800000001
33.20797100000001
33.28482100000001
33.36771900000001
33.45342600000001
33.55691100000001
33.642903000000004
33.735679000000005
33.817322000000004
33.902593
33.988957000000006
34.06931800000001
34.16152800000001
34.248227000000014
34.33399100000001
34.42010800000001
34.50724500000001
34.58482500000001
34.66795900000001
34.75786000000001
34.83704600000001
34.919188000000005
34.993346
35.086791000000005
35.16301300000001
35.24944500000001
35.32623300000001
35.40608900000001
35.48037500000001
35.56101300000001
35.65987900000001
35.73740400000001
35.822237000000015
35.90902900000002
36.00251200000002
36.07552600000002
36.15347600000002
36.22762800000002
36.301986000000014
36.38131400000001
36.46219300000001
36.54379100000001
36.616070000000015
36.680070000000015
36.755201000000014
36.81583400000002
36.889595000000014
36.95248100000001
37.02561200000001
37.08517000000001
37.14827300000001
37.22091900000001
37.29113900000001
37.35703500000001
37.43358700000001
37.51772400000001
37.59503200000001
37.68750900000001
37.75631700000001
37.83186500000001
37.923272000000004
38.01114200000001
38.09247500000001
38.182854000000006
38.25705200000001
38.32627500000001
38.40115900000001
38.500266
38.575119
38.644657
38.713181
38.787126
38.860607
38.932737
39.009944000000004
39.07770000000001
39.152167000000006
39.22013100000001
39.28921700000001
39.35322700000001
39.435713000000014
39.52405700000001
39.596406000000016
39.677821000000016
39.75001000000002
39.82178300000002
39.90413700000002
39.98337300000002
40.06338400000002
40.13320200000002
40.199125000000016
40.26677400000002
40.33589400000002
40.41242500000002
40.49864900000002
40.57160200000002
40.64316000000002
40.70978100000002
40.78768600000002
40.86401500000002
40.94755800000002
41.01741200000002
41.09429100000002
41.17062100000002
41.24568600000002
41.32148700000002
41.39425400000002
41.48791900000002
41.56479400000002
41.64130800000002
41.72007300000002
41.79616900000002
41.88289200000002
41.95723000000002
42.030298000000016
42.10178000000002
42.181837000000016
42.253942000000016
42.325609000000014
42.39614800000001
42.47684900000001
42.55684500000001
42.63062700000001
42.70754400000001
42.784981000000016
42.87191600000001
42.95224500000001
43.03089300000001
43.111502000000016
43.18190600000002
43.25457500000002
43.330089000000015
43.39839100000002
43.46684500000002
43.53576500000002
43.60977800000002
43.68856800000002
43.76866300000002
43.851250000000014
43.92216100000002
43.995815000000015
44.072434000000015
44.141981000000015
44.21118000000001
44.283045000000016
44.36355600000002
44.451977000000014
44.52461000000002
44.604832000000016
44.67480300000002
44.74909000000002
44.82326900000002
44.89758800000002
44.97926900000002
45.05727700000002
45.13862100000002
45.215771000000025
45.29106700000003
45.35866600000003
45.43964200000003
45.50714200000003
45.579910000000034
45.653363000000034
45.731243000000035
45.829895000000036
45.896656000000036
45.96458300000003
46.03412800000003
46.10252700000003
46.17141900000003
46.24135600000003
46.31066700000003
46.38657200000003
46.46257100000003
46.551916000000034
46.63284800000003
46.70362200000003
46.78638900000003
46.85472900000003
46.92870200000003
46.99967300000003
47.06725100000003
47.137353000000026
47.20424000000003
47.28040300000003
47.35841800000003
47.426320000000025
47.50217300000003
47.57651000000003
47.64539500000003
47.714642000000026
47.78201900000003
47.85468400000003
47.923745000000025
47.996208000000024
48.058412000000025
48.12338700000002
48.20686300000002
48.27333000000002
48.369156000000025
48.44342200000003
48.51397800000003
48.58154500000003
48.64486300000003
48.70638100000003
48.78598900000003
48.85478700000003
48.92133900000003
48.98677200000003
49.05956100000003
49.13989200000003
49.19931300000003
49.26415500000003
49.32854300000003
49.387085000000035
49.46301000000003
49.53108000000003
49.58808100000003
49.69090500000003
49.75298800000003
49.82406500000003
49.88948900000003
49.95652400000003
50.02971600000003
50.089006000000026
50.15780000000002
50.23532300000002
50.30148400000002
50.36886500000002
50.42753400000002
50.49011300000002
50.55667100000002
50.61964200000002
50.69153900000002
50.76495700000002
50.840586000000016
50.916832000000014
50.986182000000014
51.06675700000002
51.130091000000014
51.193626000000016
51.26113100000001
51.354393000000016
51.42492900000001
51.49460300000001
51.56142700000001
51.627221000000006
51.70808300000001
51.77859900000001
51.86986100000001
51.93372000000001
52.00118600000001
52.08281700000001
52.14882200000001
52.23137900000001
52.29047400000001
52.36901800000001
52.44393200000001
52.50623700000001
52.573523000000016
52.66448600000002
52.73853500000002
52.81659300000002
52.89515000000002
52.95965400000002
53.02583300000002
53.10102600000002
53.16735500000002
53.23461400000002
53.29418200000002
53.37212700000002
53.46501200000002
53.547538000000024
53.60836400000002
53.69956700000002
53.77835200000003
53.85531600000002
53.93256700000002
54.00496300000002
54.07380400000002
54.13307300000002
54.19357200000002
54.26838200000002
54.33094400000002
54.402737000000016
54.48180100000002
54.54556700000002
54.60459700000002
54.67453200000002
54.74132200000002
54.807797000000015
54.89070500000002
54.96034800000002
55.029209000000016
55.09506500000001
55.16618600000001
55.23396300000001
55.31104900000001
55.38252300000001
55.448236000000016
55.50758600000002
55.592050000000015
55.666651000000016
55.728974000000015
55.795954000000016
55.87369200000001
55.947406000000015
56.01961900000001
56.08894500000001
56.16499100000001
56.23370500000001
56.29879400000001
56.36909500000001
56.44355600000001
56.51987300000001
56.59716000000001
56.65882300000001
56.737752000000015
56.80222900000001
56.860329000000014
56.94266600000002
57.00316500000002
57.073436000000015
57.153252000000016
57.23018200000001
57.29288900000002
57.35347400000002
57.41943300000002
57.49016800000002
57.55399900000002
57.61974900000002
57.69009800000002
57.77217900000002
57.83648900000002
57.90690700000002
57.98042400000002
58.04552900000002
58.11117900000002
58.192421000000024
58.25935800000003
58.32192800000003
58.39647500000003
58.47965200000003
58.54285000000003
58.60704100000003
58.66922300000003
58.730976000000034
58.793869000000036
58.86583800000004
58.93318800000004
59.00655400000004
59.082133000000034
59.15141300000003
59.216406000000035
59.29268300000003
59.35638200000003
59.42731700000003
59.48851800000003
59.56080500000003
59.635408000000034
59.71446000000003
59.77469400000003
59.838158000000035
59.89417900000004
59.964461000000036
60.03362100000003
60.11057600000003
60.19053200000003
60.24898300000003
60.325131000000034
60.386151000000034
60.468573000000035
60.527048000000036
60.59338000000004
60.67036300000004
60.748371000000034
60.81060500000003
60.88245900000003
60.962401000000035
61.03045500000003
61.09731100000003
61.16307700000004
61.229768000000035
61.294787000000035
61.35196600000003
61.41734200000003
61.49052600000003
61.55577100000003
61.62599900000003
61.69641000000003
61.75950400000003
61.82784600000003
61.893640000000026
61.96723800000002
62.049468000000026
62.11363800000002
62.17086400000002
62.255743000000024
62.32106600000002
62.38478600000002
62.45931300000002
62.532856000000024
62.59004300000002
62.66002900000002
62.719258000000025
62.796997000000026
62.86087800000003
62.92428200000003
62.991541000000026
63.06778200000003
63.13391900000003
63.19988300000003
63.26501200000003
63.32014000000003
63.39532400000003
63.473656000000034
63.53253500000003
63.59027100000003
63.66601600000003
63.72808300000003
63.79907000000003
63.87375000000003
63.93821200000003
64.01571500000003
64.09583700000003
64.16544700000003
64.22245500000002
64.28225800000003
64.35102800000003
64.40813400000003
64.47540400000003
64.54218000000003
64.60699600000002
64.69253500000002
64.75783900000002
64.81716000000002
64.88855600000001
64.95405000000001
65.02342200000001
65.093207
65.16695600000001
65.24606900000002
65.32321300000002
65.40987300000002
65.49270900000002
65.58739100000003
65.66696000000003
65.75067600000003
65.82707000000002
65.90980400000002
65.99041700000002
66.06663200000003
66.15895100000003
66.23955600000004
66.31880100000004
66.41024600000003
66.48405300000003
66.56229900000002
66.63774000000002
66.71305500000003
66.78656800000003
66.86599200000003
66.95050900000004
67.02852600000004
67.09976400000004
67.17107600000004
67.25355200000004
67.33043800000004
67.41541000000004
67.50200000000004
67.58086700000004
67.66696700000004
67.75140700000004
67.83923100000004
67.93640000000003
68.02654100000004
68.10664400000003
68.18898800000004
68.27902400000004
68.35949900000004
68.43752900000004
68.51791500000004
68.59841200000004
68.68003800000004
68.75656800000004
68.83660700000004
68.92213600000004
69.00368300000004
69.08192600000004
69.15949100000005
69.25207800000004
69.33219200000003
69.41263200000003
69.51156900000004
69.59251700000004
69.67207000000005
69.75435100000004
69.83809900000004
69.91950900000005
69.99757800000005
70.07470400000005
70.15542700000006
70.23903400000006
70.32226000000006
70.40684100000006
70.48977200000006
70.57953800000006
70.66357600000006
70.74457100000006
70.82973000000007
70.91268000000007
70.99572200000007
71.07594900000007
71.16061500000006
71.24968800000006
71.33512900000007
71.42679900000006
71.51559700000006
71.60973000000006
71.69925000000005
71.78257100000005
71.86558600000005
71.96291100000005
72.06043000000005
72.15847100000005
72.23789700000005
72.32331500000005
72.40708100000005
72.48659400000005
72.57285700000006
72.65580800000005
72.74370900000005
72.84952000000006
72.93827100000006
73.02213100000006
73.11397200000006
73.20881900000006
73.29746300000006
73.38734500000007
73.48769500000007
73.56967400000008
73.66561700000008
73.74988500000008
73.84914200000007
73.93512400000007
74.03033700000007
74.12156100000007
74.20431800000007
74.29650800000007
74.38281400000007
74.48694800000007
74.57995700000006
74.66884800000007
74.76287800000007
74.85139400000007
74.94113500000007
75.03591200000007
75.12941900000007
75.22321400000007
75.31902300000007
75.41294300000007
75.51643300000006
75.61943000000007
75.71472700000007
75.80603700000006
75.89947900000006
75.99100400000006
76.09574600000006
76.18679100000006
76.27846000000005
76.38135000000005
76.47315500000005
76.56618900000005
76.67622900000005
76.76501900000005
76.85333200000005
76.95159200000005
77.06033700000005
77.15363200000004
77.24584900000005
77.33833900000005
77.42152800000005
77.52072000000005
77.60659900000006
77.69443900000006
77.77747800000006
77.87321900000006
77.96199800000007
78.04624300000006
78.13100900000006
78.21389200000006
78.30237700000006
78.38569000000007
78.48008500000007
78.57585400000008
78.66824300000007
78.74539000000007
78.82709600000007
78.91992700000007
79.00805400000007
79.09388000000007
79.17797400000006
79.26943100000007
79.35808500000007
79.44459700000007
79.53313200000007
79.62057800000007
79.70213800000006
79.79885700000005
79.88414700000006
79.96572500000005
80.05819300000005
80.14453600000004
80.22807500000005
80.31523400000005
80.41268400000004
80.49415300000004
80.57817100000004
80.66668800000004
80.75410200000003
80.83830000000003
80.94249100000003
81.02681600000004
81.11665000000004
81.20208800000003
81.29083400000003
81.39247100000003
81.47936800000002
81.56312500000003
81.64663800000002
81.73130800000003
81.82953000000003
81.93388400000003
82.02063200000003
82.10044300000004
82.18791500000005
82.27089100000005
82.35339400000005
82.43268900000005
82.52111800000006
82.61128900000006
82.70005500000006
82.79754300000006
82.87784500000006
82.97777000000006
83.06512600000006
83.15961500000006
83.25852600000006
83.35261300000006
83.45234300000006
83.54140000000005
83.64082600000005
83.72461600000004
83.81152400000003
83.90287100000003
83.98120400000003
84.07169700000003
84.15719900000003
84.23752000000003
84.31983200000003
84.40603800000004
84.50328700000004
84.58831500000004
84.68358900000004
84.76833800000004
84.86179800000004
84.94523100000004
85.03101700000003
85.11407400000003
85.21528300000003
85.30483100000002
85.38957300000003
85.47054700000002
85.55964000000003
85.65403100000003
85.75080100000004
85.84221800000005
85.93321000000005
86.02178400000004
86.10966500000004
86.19820700000004
86.29567300000004
86.39093700000004
86.48035400000003
86.56739000000003
86.65571000000003
86.74733100000003
86.84576500000003
86.94236200000003
87.03846800000004
87.15258500000003
87.24345300000003
87.33472900000002
87.44490500000002
87.53275600000002
87.62566600000002
87.72155700000002
87.81614400000002
87.92793500000002
88.02234700000002
88.11790600000002
88.21797100000002
88.30790000000002
88.40739800000001
88.49563900000001
88.588879
88.68177100000001
88.77651000000002
88.87848100000002
88.97424500000002
89.06568700000003
89.16551000000003
89.27924900000002
89.37017100000003
89.46668800000003
89.56862600000004
89.67731100000003
89.78299400000003
89.88803500000003
89.98739600000003
90.08802400000003
90.18570400000003
90.29282100000003
90.38525400000003
90.48016800000003
90.56934000000004
90.68286800000004
90.78516800000004
90.88264100000004
90.97602500000004
91.07194500000004
91.16879000000004
91.26268900000004
91.35769600000003
91.45355300000003
91.54847500000002
91.64041700000003
91.73139900000002
91.82828300000003
91.92219800000002
92.02635200000002
92.11634300000001
92.21157700000002
92.30526500000002
92.39997400000001
92.49325800000001
92.590838
92.684093
92.772834
92.870333
92.959408
93.05348099999999
93.14663099999999
93.25044199999998
93.36619199999998
93.47097599999998
93.57387699999998
93.66650799999998
93.77178899999998
93.87310899999999
93.96796299999998
94.06173799999998
94.15112599999998
94.24462699999998
94.34317799999998
94.45621499999999
94.55020999999999
94.66197399999999
94.76103899999998
94.85637799999998
94.95578499999998
95.06290999999997
95.16111799999997
95.27124099999997
95.36498699999997
95.46638699999997
95.55390199999997
95.64328199999997
95.73925499999997
95.83584699999997
95.93337499999997
96.03627599999997
96.12960899999997
96.24642699999997
96.34849099999997
96.44523699999996
96.56694899999997
96.67097199999996
96.77139699999996
96.86416199999996
96.95977899999997
97.04858199999997
97.14925199999996
97.24306699999997
97.34214499999997
97.43526199999998
97.53049099999998
97.62681199999999
97.71832399999998
97.81090999999998
97.90695099999998
97.99723599999997
98.10656299999997
98.19532299999996
98.28164699999996
98.37334299999996
98.46615599999997
98.56746199999996
98.66422199999997
98.75664499999996
98.85392699999997
98.94489799999997
99.03611299999997
99.12721299999997
99.22443599999997
99.31299299999996
99.40417399999997
99.49324099999997
99.58087399999997
99.67565399999997
99.76638299999996
99.85818499999996
99.95423599999997
100.05132399999997
100.14521199999997
100.23750499999997
100.32563199999997
100.42466199999997
100.51909399999997
100.61411599999997
100.70727499999997
100.82082999999997
100.91008399999997
101.00732999999997
101.09910099999996
101.18973299999996
101.28634399999996
101.38742899999995
101.48713499999995
101.58682099999996
101.68382699999995
101.77821499999995
101.88933399999995
101.97891499999994
102.07465699999995
102.16758599999994
102.26230999999994
102.35977099999994
102.45526099999994
102.55295499999994
102.65102399999994
102.74393699999993
102.83757099999993
102.92402199999992
103.00930399999993
103.10488999999993
103.19716699999992
103.31030699999992
103.40399499999992
103.50377799999993
103.59954099999993
103.68681799999993
103.77934299999993
103.87574999999993
103.97013399999993
104.05446799999993
104.14088499999993
104.23047399999993
104.32766899999993
104.42449599999993
104.52276199999993
104.61754999999992
104.70817199999992
104.81363099999992
104.90597299999992
104.99700599999991
105.08443499999991
105.18027899999991
105.27990099999991
105.37033899999992
105.45922199999991
105.54766899999991
105.63772899999991
105.73723999999991
105.84629599999991
105.94216199999991
106.03664999999991
106.1292699999999
106.23234499999991
106.33412699999991
106.43298499999992
106.52323399999992
106.61715199999992
106.70770399999992
106.80292999999992
106.89790899999991
106.98524799999991
107.08227299999992
107.17751699999991
107.2689169999999
107.3568569999999
107.4469499999999
107.5323779999999
107.63071099999989
107.73157199999989
107.81838299999988
107.91280499999988
108.00024799999987
108.09401699999987
108.18400999999987
108.27191699999987
108.35979399999988
108.45325499999988
108.54351599999988
108.62471099999988
108.72027399999988
108.80869499999987
108.89383999999987
108.98429299999987
109.07224099999986
109.15698899999987
109.23862299999986
109.32317399999987
109.42950599999986
109.50855699999987
109.59428699999987
109.67844199999986
109.75315599999986
109.84516899999986
109.93590099999986
110.02269899999986
110.11733199999986
110.19707899999986
110.27533199999986
110.35187599999986
110.44868099999987
110.53834199999987
110.61149999999988
110.70633099999988
110.78317699999988
110.86335799999988
110.94404399999988
111.03157699999987
111.11460999999987
111.19303299999987
111.27566199999987
111.34979399999987
111.43671099999987
111.50785799999987
111.60198699999987
111.68257099999987
111.77761899999987
111.85619299999988
111.95126399999988
112.02817099999989
112.12444099999989
112.20208199999989
112.2802099999999
112.3718029999999
112.4529609999999
112.5531449999999
112.63583199999991
112.71710799999991
112.7962369999999
112.8846019999999
112.9711099999999
113.0516989999999
113.1420629999999
113.2244929999999
113.31031399999989
113.3981289999999
113.4786849999999
113.5644399999999
113.6495239999999
113.7372099999999
113.8178239999999
113.9122969999999
113.99801199999989
114.08157999999989
114.16777099999989
114.24840199999988
114.34105499999988
114.42067799999988
114.50492799999988
114.60781899999988
114.69422399999988
114.78386999999988
114.86073499999988
114.93859199999987
115.02668599999987
115.10876099999987
115.18665599999987
115.26239999999987
115.33805999999987
115.41360099999987
115.51428699999987
115.60746599999987
115.68777299999988
115.75999699999988
115.83034099999989
115.9015239999999
115.98827899999989
116.06768999999989
116.14734199999988
116.23541399999988
116.31800599999988
116.40865999999988
116.50300399999989
116.5786329999999
116.65635999999989
116.7441709999999
116.8289979999999
116.9038059999999
116.9888839999999
117.0696339999999
117.1559239999999
117.22822599999989
117.32429699999989
117.40709299999989
117.48916399999989
117.57175899999989
117.67370499999988
117.75947499999988
117.83497299999988
117.90876899999988
117.99407499999988
118.06635699999988
118.14823599999988
118.22756299999989
118.30648899999989
118.37747499999989
118.46449599999988
118.54069599999988
118.61015999999988
118.69466899999988
118.76817799999988
118.84086099999988
118.91624599999987
118.98143799999987
119.05670199999987
119.13609299999987
119.22543399999988
119.29825499999988
119.36873799999988
119.43790499999987
119.54218499999988
119.64312899999987
119.72911199999987
119.79888199999988
119.87359399999988
119.94981299999988
120.01844799999988
120.10363899999987
120.17528099999987
120.24748199999988
120.31619499999988
120.39642399999988
120.47028899999988
120.54629199999988
120.62213299999988
120.69947699999987
120.78264999999988
120.87564799999987
120.96470099999988
121.03534699999987
121.12024099999988
121.19197299999988
121.27204099999987
121.34082699999988
121.41095599999987
121.49535999999988
121.56897599999988
121.65496699999989
121.72821999999988
121.80851699999988
121.89649999999988
121.97341099999987
122.05517599999988
122.12986999999987
122.23430599999988
122.31556099999987
122.40352599999987
122.47895299999988
122.56649199999988
122.63640499999988
122.71491599999989
122.79829199999989
122.86366399999989
122.93447399999988
123.00165399999987
123.09003999999987
123.15800499999987
123.22611499999988
123.31505399999988
123.39238199999987
123.47625299999987
123.55192499999987
123.62684599999987
123.71930399999987
123.80541599999987
123.89915299999987
123.98285099999987
124.05450499999986
124.14275699999986
124.21285099999986
124.28461099999986
124.36335899999986
124.44810799999986
124.54131699999986
124.63551599999987
124.71983599999987
124.80168599999988
124.89166899999988
124.97109599999987
125.04225399999987
125.13809199999987
125.21178899999987
125.28865899999987
125.36120299999986
125.43300699999986
125.51750299999986
125.59504099999987
125.66870099999987
125.75243599999988
125.82837099999988
125.91557399999988
125.98858999999987
126.06509399999987
126.15243199999988
126.24075399999988
126.32030099999989
126.40640899999988
126.49222899999988
126.57662599999988
126.64773499999988
126.72731999999988
126.79768599999989
126.87408099999989
126.95093099999988
127.02353199999989
127.09882799999988
127.17734199999988
127.26094899999988
127.35235699999988
127.43231999999989
127.51247199999989
127.5951479999999
127.6842579999999
127.7673669999999
127.85760599999989
127.93382399999989
128.0119199999999
128.0839519999999
128.1691269999999
128.25955999999988
128.34433699999988
128.41752299999987
128.50212799999989
128.59250599999987
128.68575999999987
128.76717099999988
128.84889699999988
128.92763999999988
129.0009079999999
129.0824229999999
129.1775759999999
129.2601579999999
129.3484699999999
129.42714099999992
129.5209179999999
129.5993969999999
129.6786669999999
129.7578819999999
129.84678799999992
129.92351499999992
129.9955209999999
130.0781079999999
130.1623059999999
130.23845199999988
130.32213099999987
130.41769999999988
130.50462799999988
130.60151799999988
130.69424799999987
130.77964899999986
130.87136699999985
130.95751999999985
131.03532699999985
131.11633299999986
131.19630199999986
131.28410499999987
131.36664599999986
131.44286699999986
131.51902099999987
131.60878099999988
131.6917419999999
131.7755989999999
131.87129699999988
131.9511319999999
132.04096899999988
132.13412099999988
132.21364099999988
132.2936979999999
132.3912259999999
132.4704099999999
132.5579149999999
132.6414789999999
132.7174659999999
132.79734999999988
132.87830199999988
132.96078499999987
133.05810299999987
133.14530399999987
133.22232199999988
133.29960299999988
133.37425199999987
133.46444599999987
133.54074599999987
133.63069099999987
133.72003699999988
133.80600799999988
133.88233099999988
133.95832199999987
134.03514899999988
134.11108999999988
134.18863099999987
134.26695899999987
134.34635499999987
134.42337699999987
134.50058199999987
134.59061099999985
134.67030199999985
134.75031899999985
134.82777999999985
134.90355799999986
134.97932199999985
135.06312699999987
135.13909299999986
135.21649299999987
135.29518399999986
135.37812399999987
135.46716299999989
135.5441909999999
135.6293949999999
135.7060999999999
135.8033869999999
135.9016729999999
135.9844359999999
136.0672139999999
136.1543579999999
136.25166799999988
136.33744099999987
136.41422399999988
136.49097599999988
136.56857199999988
136.63967499999987
136.71968999999987
136.79610399999987
136.86824699999988
136.9518149999999
137.0295259999999
137.10181099999988
137.17651599999988
137.2547269999999
137.33317199999988
137.4234959999999
137.4970699999999
137.57303699999989
137.64626799999988
137.7186579999999
137.79630399999988
137.87441599999988
137.95703299999988
138.04232299999987
138.11690199999987
138.19763799999987
138.27312699999987
138.3513819999999
138.4278299999999
138.5118759999999
138.5877329999999
138.6782329999999
138.76177799999988
138.84317799999988
138.9297519999999
139.0043789999999
139.08005199999988
139.14917399999987
139.23714899999987
139.33043399999988
139.41556299999988
139.4951809999999
139.58616299999989
139.6705189999999
139.7610899999999
139.84051799999992
139.93235499999992
140.0211329999999
140.1154359999999
140.2039339999999
140.28853499999988
140.37491699999987
140.48418499999985
140.55880799999986
140.62991099999985
140.71930799999984
140.81613599999983
140.90837899999983
140.99096599999982
141.0664169999998
141.1485129999998
141.24710099999982
141.3217079999998
141.4111589999998
141.5086239999998
141.6038899999998
141.6902349999998
141.7746519999998
141.8538389999998
141.92655299999979
142.0103609999998
142.08110499999978
142.15591199999977
142.22842799999978
142.32134399999978
142.41154999999978
142.49306499999977
142.57274399999977
142.65764999999976
142.75523499999977
142.84438999999978
142.93603899999977
143.01796599999977
143.10289499999976
143.19126299999976
143.26996399999976
143.35170699999975
143.43517699999975
143.52983499999976
143.61147699999975
143.70739899999975
143.79382699999977
143.88001299999976
143.96726099999975
144.04530299999976
144.11789899999977
144.19177399999975
144.28199099999975
144.35851199999976
144.43806599999976
144.52208399999975
144.61800199999976
144.70064199999976
144.78778099999977
144.86434699999978
144.9455879999998
145.0215729999998
145.11421099999978
145.2008549999998
145.28492699999978
145.35901099999978
145.4383149999998
145.51442899999978
145.58849399999977
145.66225499999976
145.73585099999977
145.81470999999976
145.90218399999975
145.97512299999974
146.04068899999973
146.10897499999973
146.19528799999972
146.2650869999997
146.3615849999997
146.42885299999972
146.5147619999997
146.58504699999972
146.66627499999973
146.75789299999974
146.84557399999974
146.93691799999974
147.02704099999974
147.12240899999975
147.20074899999975
147.29085399999974
147.38781699999973
147.47220299999972
147.56703699999971
147.65623399999973
147.75523699999974
147.86313799999974
147.95982699999973
148.05592299999972
148.14944999999972
148.24262699999971
148.33349299999972
148.43758399999973
148.53367199999974
148.62900199999973
148.72931299999973
148.82399099999972
148.9181609999997
149.0227289999997
149.12349099999972
149.22592599999973
149.32512699999972
149.42409199999972
149.5401449999997
149.6426979999997
149.7493649999997
149.8535779999997
149.9560859999997
150.06222399999967
150.1804759999997
150.2897929999997
150.4137659999997
150.5429089999997
150.6740739999997
150.8064509999997
150.9463149999997
151.0756119999997
151.2077959999997
