0.030402
0.16907899999999998
0.30935
0.445985
0.587059
0.7281569999999999
0.865906
1.00359
1.139767
1.282546
1.419449
1.566922
1.701954
1.840478
1.979457
2.117854
2.257486
2.400075
2.536528
2.675297
2.809454
2.950886
3.095272
3.237454
3.373462
3.5202489999999997
3.664792
3.803934
3.94289
4.082522
4.219865
4.357635
4.500562
4.639268
4.775250000000001
4.910484
5.059996
5.209872
5.345967
5.484951
5.620112
5.752219
5.884707000000001
6.0295950000000005
6.177068
6.319204
6.468856
6.616867
6.763233
6.920273
7.080195
7.239725
7.379582
7.548901
7.686318
7.826089
7.961824999999999
8.121113
8.289572
8.452016
8.618015
8.782642
8.945286
9.102972999999999
9.263193
9.418258
9.585158999999999
9.75621
9.925085999999999
10.102006
10.275011
10.43685
10.608195
10.772812
10.944805
11.115247
11.287915
11.457246
11.635341
11.817866
11.991773
12.169298
12.38016
12.575155
12.754818
12.940125
13.134098
13.314043
13.494451
13.694936
13.895745
14.088265999999999
14.291193999999999
14.493979
14.679234
14.860038
15.027299
15.19793
15.369252
15.543593999999999
15.718820999999998
15.908200999999998
16.087441
16.271783999999997
16.450515999999997
16.626683999999997
16.7993
16.971125999999998
17.142989999999998
17.316029999999998
17.497504
17.664588
17.844973999999997
18.020353999999998
18.206298999999998
18.384835999999996
18.560694999999996
18.746982999999997
18.932358999999998
19.114366999999998
19.287315999999997
19.456908999999996
19.624695999999997
19.789872999999996
19.954318999999998
20.122079999999997
20.285244999999996
20.445194999999995
20.610266999999993
20.76630099999999
20.92940999999999
21.08600599999999
21.24910899999999
21.41392899999999
21.57502899999999
21.74664299999999
21.90779899999999
22.06672499999999
22.22411199999999
22.38098799999999
22.533827999999993
22.690604999999994
22.841961999999995
23.001661999999996
23.160455999999996
23.337619999999998
23.506608999999997
23.665915999999996
23.827187999999996
23.978669999999997
24.138918999999998
24.295377
24.450414
24.606831999999997
24.768358999999997
24.934156999999995
25.105115999999995
25.286574999999996
25.452578999999997
25.628262999999997
25.802042999999998
25.975953999999998
26.144001
26.319530999999998
26.48916
26.66267
26.826078
26.984137
27.150446
27.318633
27.489248999999997
27.665302999999998
27.840483999999996
28.023482999999995
28.195942999999996
28.366837999999998
28.533141999999998
28.704026999999996
28.893041999999998
29.073088999999996
29.254073999999996
29.434913999999996
29.608851999999995
29.786472999999994
29.959790999999992
30.132077999999993
30.307077999999994
30.474683999999993
30.645875999999994
30.809787999999994
30.981199999999994
31.159784999999992
31.341213999999994
31.530376999999994
31.726169999999993
31.92421299999999
32.10307699999999
32.27936799999999
32.47318599999999
32.660315999999995
32.83490799999999
33.014664999999994
33.193743999999995
33.38282399999999
33.57132099999999
33.76892599999999
33.97084999999999
34.16794899999999
34.359430999999994
34.56014
34.758038
34.953068
35.13535
35.313301
35.494775000000004
35.681405000000005
35.85803500000001
36.04104000000001
36.22805000000001
36.41257900000001
36.58482500000001
36.77811200000001
36.969620000000006
37.15898000000001
37.35040000000001
37.53788300000001
37.73181700000001
37.914840000000005
38.107967
38.299710000000005
38.48264
38.663648
38.844949
39.026522
39.203931
39.384873
39.568252
39.753057
39.934342
40.132132
40.31154
40.497595000000004
40.674380000000006
40.85634300000001
41.03922300000001
41.22093600000001
41.39340200000001
41.57211800000001
41.75100700000001
41.92808200000001
42.11346300000001
42.30360400000001
42.481545000000004
42.664492
42.841411
43.017517
43.190523
43.358844
43.531862
43.712177
43.893426999999996
44.070789999999995
44.246461999999994
44.42116299999999
44.59887799999999
44.77501999999999
44.951646999999994
45.13403199999999
45.32139499999999
45.50133199999999
45.68957799999999
45.88847599999999
46.07160299999999
46.25702599999999
46.44338199999999
46.625859999999996
46.809994999999994
47.001014999999995
47.172430999999996
47.346374999999995
47.519625999999995
47.704983
47.889972
48.077953
48.263955
48.455511
48.648234
48.831257
49.016513
49.200189
49.38756
49.578654
49.762796
49.950316
50.147791
50.347820999999996
50.549211
50.748924
50.942539000000004
51.130681
51.322320000000005
51.515009000000006
51.712270000000004
51.913737000000005
52.093968000000004
52.291675000000005
52.493551000000004
52.688022000000004
52.88327
53.091483000000004
53.284259000000006
53.47842300000001
53.66842100000001
53.86279900000001
54.05991800000001
54.26781100000001
54.47313200000001
54.68269900000001
54.89203800000001
55.10027900000001
55.31164900000001
55.51644200000001
55.72064300000001
55.91965300000001
56.11413600000001
56.31036700000001
56.50344700000001
56.70081600000001
56.90112200000001
57.11077300000001
57.31706500000001
57.51408300000001
57.72671400000001
57.94210600000001
58.145767000000006
58.35712600000001
58.55621000000001
58.75824500000001
58.95804100000001
59.15904600000001
59.35679000000001
59.56490400000001
59.752670000000016
59.953232000000014
60.14606600000001
60.33286100000001
60.52835100000001
60.71605600000001
60.90162700000001
61.10110700000001
61.294972000000016
61.49035600000001
61.68051100000001
61.86758800000001
62.07874800000001
62.27084900000001
62.461227000000015
62.656776000000015
62.85837400000001
63.04316500000001
63.23459800000001
63.445582000000016
63.655495000000016
63.86922300000002
64.06742500000001
64.27331800000002
64.47967000000001
64.67989100000001
64.89066500000001
65.08716700000001
65.28999400000001
65.485522
65.68766000000001
65.88846000000001
66.09024500000001
66.305344
66.51303800000001
66.70517600000001
66.89735900000001
67.111867
67.33720000000001
67.529076
67.727605
67.927819
68.121728
68.329164
68.537756
68.751214
68.982298
69.216289
69.43417600000001
69.62612600000001
69.81956600000001
70.02028500000002
70.21547500000001
70.41963500000001
70.62908100000001
70.83377800000001
71.025969
71.209209
71.401401
71.589725
71.774191
71.962523
72.145122
72.333211
72.533089
72.712123
72.89718
73.08118900000001
73.267003
73.455434
73.646525
73.83444399999999
74.028865
74.215797
74.400505
74.58571099999999
74.768543
74.953757
75.134732
75.322025
75.51904499999999
75.70275099999999
75.893339
76.082117
76.290104
76.478287
76.67161999999999
76.86102799999999
77.04609699999999
77.23998699999999
77.42715899999999
77.613542
77.80480399999999
77.99445899999999
78.178969
78.367863
78.557678
78.742319
78.93361999999999
79.13354299999999
79.33651599999999
79.52627999999999
79.71489899999999
79.90313099999999
80.08656099999999
80.27431399999999
80.46732999999999
80.66543999999999
80.86221299999998
81.04754299999998
81.24515999999997
81.43266899999998
81.62231399999997
81.80980199999998
82.01638199999998
82.20377999999998
82.39436999999998
82.59674799999998
82.78301599999998
82.97845199999998
83.16999599999997
83.34895199999997
83.54512699999997
83.73662999999996
83.92692399999996
84.11596899999995
84.29980299999995
84.48414799999995
84.67536399999995
84.85998999999994
85.06048599999994
85.24843499999994
85.43715699999994
85.63114699999994
85.82467599999994
86.02241299999994
86.21727799999994
86.41184399999993
86.60218799999993
86.78924599999992
86.97697299999992
87.15997299999992
87.34402499999992
87.53775399999992
87.73519899999992
87.92549599999992
88.11803699999993
88.30826899999992
88.49768599999993
88.68148999999993
88.86834499999992
89.05605099999993
89.24544299999992
89.43469999999992
89.62146599999993
89.80298599999993
89.99072799999993
90.17840499999993
90.36685599999993
90.56443499999993
90.75611899999993
90.94875399999992
91.16021999999992
91.35814599999992
91.54430199999992
91.72768699999992
91.92916299999992
92.12026099999991
92.31274699999992
92.49873699999992
92.68271199999992
92.86513899999993
93.05203399999994
93.22888999999994
93.42839599999994
93.63769299999994
93.83074999999994
94.01910099999994
94.20095799999993
94.39008899999993
94.57887399999993
94.76452799999993
94.94940299999993
95.13907599999993
95.34002399999993
95.53301999999992
95.72294499999992
95.90794899999993
96.09685199999993
96.29197799999993
96.48345699999993
96.67178099999992
96.85791999999992
97.04445999999992
97.22576999999991
97.41421099999991
97.59763599999991
97.79928599999991
97.97914199999991
98.17276999999991
98.35885199999991
98.54360899999992
98.74303599999992
98.93615399999992
99.12478199999991
99.30727099999991
99.49475399999992
99.68274299999992
99.87225099999992
100.07328599999992
100.25538199999993
100.44791199999993
100.64173199999993
100.84167799999993
101.03760899999993
101.22272099999994
101.40877599999993
101.59833099999993
101.80185799999992
101.98487999999992
102.18272099999992
102.37053299999991
102.56085799999991
102.75744399999991
102.9559429999999
103.1494199999999
103.3444069999999
103.53919899999991
103.73003799999991
103.9334059999999
104.1165059999999
104.3001889999999
104.48800799999991
104.6767919999999
104.87555799999991
105.05751299999991
105.25552199999991
105.44470399999992
105.62896299999991
105.82711399999991
106.0316249999999
106.2322229999999
106.41294999999991
106.60085599999991
106.78902599999991
106.97812299999991
107.16648999999991
107.35675299999991
107.55083099999992
107.74364399999992
107.95040999999992
108.14070599999992
108.32932899999993
108.51885299999994
108.70792399999993
108.90913899999994
109.09512899999994
109.27894599999995
109.46266499999994
109.65291099999995
109.84250599999994
110.03104299999994
110.21694999999994
110.40273199999994
110.59106899999995
110.77921299999994
110.96705399999995
111.16019799999995
111.34959899999996
111.53641999999995
111.72298699999995
111.91650799999995
112.10111199999994
112.29696799999995
112.49304699999995
112.68044099999995
112.86315199999994
113.04889799999994
113.24846599999994
113.43836699999994
113.62268099999994
113.81380499999995
114.00373399999995
114.20183199999995
114.40519899999995
114.58726499999996
114.77210999999996
114.96500099999996
115.16986799999995
115.35674899999995
115.54309299999996
115.73732699999995
115.92399799999995
116.11383599999995
116.30577299999995
116.49667899999994
116.67753199999994
116.86965499999994
117.05796199999993
117.24822099999993
117.43926299999993
117.62775099999993
117.82066299999994
118.00232799999993
118.19168599999993
118.38150399999994
118.56663999999994
118.76467399999994
118.94530899999994
119.12992999999994
119.31990699999994
119.50583699999994
119.69517799999994
119.88581199999994
120.07052099999994
120.27365099999994
120.46544499999995
120.65684899999995
120.84202799999996
121.02598499999996
121.22208599999996
121.41947599999996
121.60514799999996
121.80391499999996
122.00531199999996
122.19312699999996
122.38449599999996
122.57687699999995
122.75815699999995
122.94446099999996
123.13571399999996
123.32623999999997
123.51288599999997
123.70257899999997
123.89296599999997
124.08412099999997
124.27774799999997
124.46989999999997
124.66542699999997
124.85402999999997
125.04449399999997
125.23640799999997
125.42836499999997
125.60927999999997
125.78840399999997
125.98545499999997
126.18895799999997
126.37262599999997
126.57102899999997
126.76016099999997
126.95580699999996
127.14508999999997
127.33957699999996
127.53215899999996
127.71928399999996
127.90598899999996
128.09276499999996
128.27876799999996
128.47187899999994
128.66777499999995
128.84893399999996
129.03424199999995
129.24277599999994
129.43873199999993
129.62075999999993
129.80827599999992
130.00184999999993
130.19415499999994
130.37472399999993
130.56529199999994
130.75254699999994
130.94498199999992
131.1265989999999
131.3145169999999
131.50643799999992
131.70295499999992
131.89977499999992
132.0938769999999
132.2764099999999
132.45762799999991
132.65082199999992
132.83852499999992
133.02390799999992
133.2126039999999
133.41536399999993
133.60684499999994
133.79239599999994
133.97714999999994
134.15843099999995
134.34236299999995
134.53288899999995
134.72346299999995
134.92104799999996
135.10466699999995
135.29153799999995
135.47403899999995
135.66007599999995
135.84438799999995
136.02890299999996
136.21954899999994
136.41201799999993
136.60330199999993
136.78537399999993
136.97371699999994
137.15727399999994
137.34504099999995
137.52846499999995
137.70868699999994
137.89137599999995
138.08124699999996
138.27045999999996
138.46165899999997
138.64728699999998
138.83854999999997
139.02131299999996
139.21002599999997
139.38987499999996
139.57088299999995
139.74633499999996
139.91862399999997
140.10393899999997
140.28531999999996
140.46830599999996
140.64489299999997
140.82666399999997
141.00464499999995
141.17902599999996
141.36538899999996
141.53548899999996
141.71901099999997
141.91865999999996
142.10818399999997
142.29979899999998
142.49232299999997
142.68026399999997
142.88264399999997
143.07465899999997
143.26717999999997
143.45418199999997
143.63398899999999
143.842571
144.041329
144.22906
144.429055
144.620833
144.80476000000002
144.99239200000002
145.17469700000004
145.36113800000004
145.53705500000004
145.71347500000005
145.89219200000005
146.08116900000005
146.26250900000005
146.43216100000006
146.60619500000007
146.78207200000008
146.96947300000008
147.14517300000009
147.33152900000007
147.51469100000008
147.71361700000008
147.9094890000001
148.1006450000001
148.2877130000001
148.4710610000001
148.65987300000012
148.84377700000013
149.02576500000012
149.2061330000001
149.3822560000001
149.5698720000001
149.7429470000001
149.9154890000001
150.0959420000001
150.2726070000001
150.4505660000001
150.62847900000008
150.79916100000008
150.97329900000008
151.15769200000008
151.33934300000007
151.53432300000006
151.71849900000007
151.89548800000006
152.07096800000005
152.25438200000005
152.43790000000004
152.62011600000005
152.79936000000006
152.99444200000008
153.17053100000007
153.35258900000008
153.52526300000008
153.7026290000001
153.87995500000008
154.05203600000007
154.22229100000007
154.39947300000006
154.57471700000005
154.76055400000004
154.93611100000004
155.09552100000005
155.27574300000003
155.46470300000004
155.66513600000005
155.85966300000004
156.04635400000004
156.22867800000003
156.42680500000003
156.61950400000003
156.80620500000003
156.98196100000004
157.15442600000003
157.33486400000004
157.50353000000004
157.67910900000004
157.84769000000003
158.02251700000002
158.20686200000003
158.42125600000003
158.60691300000002
158.795655
158.975263
159.148208
159.320931
159.49285
159.67078700000002
159.83756900000003
160.00964400000004
160.16954700000005
160.33841400000006
160.53193100000007
160.69989500000008
160.8770810000001
161.0517440000001
161.22400700000009
161.3934230000001
161.5547240000001
161.7219820000001
161.8893020000001
162.0433340000001
162.2113510000001
162.38098000000008
162.5535610000001
162.72384300000007
162.88945000000007
163.06137600000008
163.2258410000001
163.39773000000008
163.5626550000001
163.7249130000001
163.8886360000001
164.06280200000012
164.24542300000013
164.43826000000013
164.60525100000012
164.78135600000013
164.98550900000012
165.1543030000001
165.3405000000001
165.5115670000001
165.6941900000001
165.8609110000001
166.0312280000001
166.20152600000011
166.3695000000001
166.5349650000001
166.70402300000012
166.86897200000013
167.02675300000013
167.19520700000012
167.37088400000013
167.55925400000012
167.73642900000013
167.90928000000014
168.08850500000014
168.26272700000013
168.43442600000012
168.59944200000012
168.76553100000012
168.93203200000013
169.08987100000013
169.24802500000013
169.42771100000013
169.60533800000013
169.77700100000013
169.95996400000013
170.12979700000014
170.28993100000014
170.45651600000014
170.61992400000014
170.79276600000014
170.95704500000014
171.11219800000015
171.27433800000014
171.43898000000013
171.59808400000014
171.75794200000016
171.91957900000017
172.09306800000016
172.25637100000017
172.41406600000016
172.57601200000016
172.74159400000016
172.90774800000017
173.06393000000017
173.23156600000016
173.38280600000016
173.53004000000016
173.67579400000017
173.81632200000016
173.95827500000016
174.09892300000016
174.24904000000015
174.41946300000015
174.56550900000016
174.71354100000016
174.85617800000017
175.00206200000017
175.14031700000015
175.27673600000014
175.41613600000014
175.56992500000013
175.71238900000012
175.85739100000012
175.99593400000012
176.15792200000013
176.29240200000012
176.43248900000012
176.57219100000012
176.7126630000001
176.8572140000001
177.00205500000013
177.14857500000014
177.28658900000013
177.43101100000013
177.56787400000013
177.70430100000013
177.83522600000012
177.97520500000013
178.12235200000012
178.2790100000001
178.42262900000011
178.5897660000001
178.7557810000001
178.9172400000001
179.0708690000001
179.2211010000001
179.3758600000001
179.5303450000001
179.6975110000001
179.8655250000001
180.0475920000001
180.2237930000001
180.38993100000008
180.5749040000001
180.7516530000001
180.9373830000001
181.11983400000008
181.30532100000008
181.49289100000007
181.66371400000008
181.85843200000008
182.0412570000001
182.22527900000009
182.41091500000007
182.59695200000007
182.78171800000007
182.96855900000006
183.15874500000007
183.34809100000007
183.52796200000006
183.72487800000005
183.90401700000004
184.08030700000003
184.25610100000003
184.43373100000002
184.62303500000002
184.81762600000002
184.99555600000002
185.17347600000002
185.360935
185.53956300000002
185.730498
185.920488
186.102459
186.29103
186.472799
186.653415
186.84897
187.028626
187.204928
187.376681
187.558491
187.734217
187.914017
188.101126
188.289928
188.478572
188.671094
188.86598800000002
189.05236200000002
189.23435600000002
189.425169
189.609554
189.8028
189.993102
190.180891
190.376629
190.595447
190.794782
190.986923
191.188109
191.385568
191.578931
191.781358
191.976771
192.17481
192.36607600000002
192.55644200000003
192.73749200000003
192.92572000000004
193.11332400000003
193.30485100000004
193.50215300000005
193.69262800000004
193.88720800000004
194.08188600000005
194.27953000000005
194.48081700000006
194.66389600000005
194.86333700000006
195.05625200000006
195.24702000000005
195.43947200000005
195.63627200000005
195.82995000000005
196.02599800000004
196.21314600000005
196.39850000000004
196.59030800000005
196.77855600000004
196.97407100000004
197.17210100000003
197.37181300000003
197.56864200000004
197.76410400000003
197.96141000000003
198.15948000000003
198.35152700000003
198.54126200000005
198.72501000000005
198.90683600000006
199.09014200000004
199.27545500000005
199.46084300000004
199.65548500000003
199.88556600000004
200.07504100000003
200.26857400000003
200.45582500000003
200.64377900000002
200.83083600000003
201.00782500000003
201.17891100000003
201.35804900000002
201.53257200000002
201.700445
201.871557
202.04397
202.222214
202.40868400000002
202.58248200000003
202.74484600000002
202.90289600000003
203.06466100000003
203.23116300000004
203.38039200000003
203.52933600000003
203.68592700000002
203.83969100000002
203.982076
204.12394500000002
204.25827600000002
204.39364700000002
204.53231000000002
204.67750100000003
204.82343500000005
204.97411600000004
205.12691100000004
205.27781900000002
205.41416200000003
205.54758800000002
205.68098
205.818736
205.956498
206.08642700000001
206.22646
206.363255
206.503677
206.64355
206.780477
206.91591499999998
207.05977
207.210758
207.356119
207.498956
207.658968
207.81789999999998
207.969509
208.11473199999998
208.27141199999997
208.41400099999996
208.55400799999995
208.70154499999995
208.86471299999997
209.01346299999997
209.18339599999996
209.33885799999996
209.48914799999997
209.64708399999998
209.81091999999998
209.96469699999997
210.11471999999998
210.26149699999996
210.41895999999997
210.57237799999996
210.72457799999995
210.87382299999996
211.02039299999996
211.16904699999995
211.32367699999995
211.46928299999993
211.62150699999992
211.77388699999992
211.94955199999993
212.1119419999999
212.31296999999992
212.4665219999999
212.63279899999992
212.79754299999993
212.96485499999994
213.14437599999994
213.32731099999992
213.51109499999993
213.69670799999992
213.8942319999999
214.07676299999991
214.2855549999999
214.48201099999991
214.6766399999999
214.8788209999999
215.0854049999999
215.2801539999999
215.4782269999999
215.6798389999999
215.8848559999999
216.0870809999999
216.2848439999999
216.4995239999999
216.7112389999999
216.9289029999999
217.1533429999999
217.3696369999999
217.5942049999999
217.8153329999999
218.0292309999999
218.24251499999988
218.45129599999987
218.66987199999988
218.8850849999999
219.10526999999988
219.31921399999987
219.52413799999988
219.7195149999999
219.9286579999999
220.1266969999999
220.3247999999999
220.5367629999999
220.7449389999999
220.9624579999999
221.17368399999992
221.38157699999994
221.59061999999994
221.81057299999995
222.01795099999995
222.21775899999994
222.41046099999994
222.60564199999993
222.78932999999992
222.98407799999993
223.18572099999992
223.39072099999993
223.57327699999993
223.76921999999993
223.95239999999993
224.13379699999993
224.32824499999992
224.52233399999992
224.71896299999992
224.91002099999992
225.10694199999992
225.29522999999992
225.4818789999999
225.6672519999999
225.8519749999999
226.0334979999999
226.2229319999999
226.4070869999999
226.5955979999999
226.7729649999999
226.9589229999999
227.1425529999999
227.31866899999991
227.4994039999999
227.68039399999992
227.85644199999993
228.05783099999994
228.23590299999992
228.4173839999999
228.59296099999992
228.77303799999993
228.95214599999994
229.13284499999995
229.31481899999994
229.49482999999995
229.67195699999996
229.84866699999998
230.02288799999997
230.20094999999998
230.379856
230.551581
230.724413
230.907506
231.08625
231.25985
231.434297
231.609163
231.78994799999998
231.964297
232.14194999999998
232.32010499999998
232.508693
232.701787
232.880566
233.06916099999998
233.26058099999997
233.44371699999996
233.64921499999997
233.83668099999997
234.03102299999998
234.215377
234.41041299999998
234.61488999999997
234.816648
235.00888899999998
235.197344
235.38971999999998
235.58172399999998
235.77062499999997
235.95724999999996
236.14467299999995
236.33596099999994
236.52712799999995
236.72095699999994
236.91289699999993
237.11108999999993
237.30059199999994
237.49558499999995
237.68756699999994
237.88199299999994
238.07536399999995
238.27136399999995
238.46857999999995
238.66183399999994
238.86501099999995
239.05479099999997
239.24721399999996
239.44012599999996
239.63760899999997
239.82517699999997
240.01913399999998
240.21063999999998
240.407569
240.603488
240.798073
240.99098199999997
241.17853199999996
241.36937899999995
241.56425299999995
241.75742499999996
241.94380299999995
242.13310999999996
242.32362099999995
242.51842599999995
242.71247799999995
242.90227399999995
243.11558899999994
243.31840799999995
243.50882099999995
243.69691099999994
243.88741399999995
244.07536299999995
244.27387399999995
244.47291299999995
244.66213199999996
244.85501099999996
245.05546399999997
245.24562499999996
245.43698999999995
245.64141499999994
245.82996299999994
246.02119599999995
246.21245199999996
246.40201599999995
246.58637599999994
246.77899199999993
246.96963799999992
247.16466699999992
247.3565279999999
247.5579359999999
247.75278099999989
247.94535999999988
248.13647599999987
248.33003199999987
248.51867699999988
248.7242989999999
248.9144849999999
249.1102359999999
249.3120589999999
249.5004879999999
249.6946799999999
249.88685499999988
250.07267799999988
250.26318799999987
250.45165499999987
250.63948599999986
250.83538799999985
251.02978699999986
251.21407399999987
251.40163499999986
251.58908999999986
251.77963499999984
251.96639899999985
252.15401599999984
252.34513499999983
252.53430899999984
252.72355799999983
252.91435899999982
253.1034839999998
253.29415299999982
253.48569199999983
253.67386199999984
253.86559899999983
254.05964599999984
254.24572999999984
254.43808799999985
254.63014399999986
254.82193599999985
255.01899899999984
255.20668299999983
255.39792499999982
255.5897489999998
255.79447899999982
255.98760899999982
256.1783879999998
256.3735369999998
256.56351299999983
256.7547599999998
256.9419439999998
257.13686399999983
257.32990099999984
257.52135899999985
257.71368099999984
257.90993199999986
258.09781499999985
258.29062599999986
258.50334799999985
258.7047239999998
258.90001099999984
259.0937959999998
259.28484499999985
259.4774639999998
259.6735259999998
259.8673559999998
260.0555379999998
260.2453059999998
260.4462439999998
260.6403179999998
260.8291099999998
261.0156319999998
261.2104459999998
261.4062069999998
261.5997929999998
261.7925469999998
261.9853499999998
262.18504599999983
262.37859499999985
262.57600099999985
262.7681289999999
262.96173499999986
263.15515699999986
263.34910499999984
263.54290899999984
263.7372359999998
263.9282549999998
264.1294519999998
264.3165829999998
264.5098759999998
264.70168699999977
264.89341999999976
265.0872159999998
265.28118399999977
265.46954499999975
265.6677549999998
265.87020799999976
266.0626309999998
266.25669099999976
266.4430789999998
266.6361539999998
266.8351589999998
267.0294119999998
267.2172439999998
267.40827599999983
267.59517999999986
267.77806999999984
267.9572719999998
268.1336549999998
268.32233799999983
268.4927559999998
268.66894699999983
268.84283899999986
269.01214799999985
269.19336999999985
269.36395799999985
269.52590699999985
269.69714599999986
269.8677499999999
270.0490349999999
270.2162229999999
270.3826469999999
270.5516869999999
270.7204819999999
270.8855019999999
271.0462629999999
271.2234829999999
271.37967199999986
271.54660099999984
271.7057659999998
271.8684979999998
272.03342799999984
272.20510299999984
272.39774799999986
272.5735779999999
272.75029899999987
272.9229119999999
273.09799199999986
273.2781669999999
273.44417299999986
273.61242599999986
273.77739499999984
273.9422519999998
274.1259549999998
274.2982089999998
274.4687579999998
274.6404619999998
274.8144589999998
274.9894319999998
275.1609629999998
275.32767499999983
275.4946699999998
275.66507499999983
275.8353399999998
276.0145029999998
276.19123099999985
276.36744199999987
276.54873099999986
276.73151399999983
276.9301639999998
277.1278029999998
277.3178299999998
277.5130419999998
277.70249499999983
277.9124469999998
278.1072839999998
278.2980529999998
278.4976969999998
278.6912819999998
278.8835239999998
279.0722529999998
279.26940299999984
279.47430999999983
279.67531499999984
279.8770769999998
280.0816679999998
280.3030399999998
280.5069649999998
280.7053939999998
280.9053909999998
281.1070429999998
281.30331399999983
281.4948989999998
281.6877679999998
281.89402899999976
282.0957469999998
282.3070959999998
282.51119199999977
282.7239009999998
282.91019299999977
283.0989029999998
283.2756569999998
283.4513789999998
283.6260779999998
283.8199919999998
283.9971169999998
284.17949099999976
284.36269599999974
284.54844099999974
284.72746699999976
284.91751399999976
285.09021899999976
285.26247399999977
285.43207499999977
285.6100209999998
285.77472199999977
285.94792799999976
286.11610899999977
286.28548699999976
286.45169799999974
286.62347299999976
286.79182299999974
286.97906699999976
287.1370229999998
287.3157399999998
287.4810099999998
287.6537819999998
287.8285169999998
287.9890029999998
288.1443229999998
288.29378899999983
288.45827099999985
288.62952099999984
288.79554299999984
288.95163399999984
289.11290999999983
289.2854199999998
289.4545989999998
289.6137939999998
289.7894079999998
289.9491669999998
290.1006899999998
290.2579719999998
290.4106229999998
290.57728599999984
290.73338099999984
290.8845739999998
291.0393809999998
291.19673099999983
291.3475179999998
291.5126309999998
291.6685949999998
291.8203919999998
291.9823139999998
292.1268489999998
292.2828149999998
292.4313639999998
292.5897099999998
292.7328309999998
292.8949869999998
293.0475789999998
293.2002799999998
293.3636159999998
293.5162119999998
293.6653019999998
293.8217779999998
293.9696179999998
294.12605899999977
294.2777279999998
294.4400169999998
294.5978789999998
294.7466069999998
294.8980349999998
295.05458899999985
295.20523299999985
295.35208799999987
295.49430999999987
295.66040999999984
295.80880799999983
295.96583899999985
296.11701699999986
296.2759399999999
296.43313899999987
296.59189499999985
296.74559699999986
296.91101899999984
297.0743019999998
297.2447649999998
297.4050039999998
297.5638399999998
297.7227949999998
297.8887679999998
298.0408929999998
298.19249699999983
298.3603249999998
298.50580699999983
298.6734069999998
298.82957899999985
298.99999099999985
299.17124099999984
299.32912599999986
299.51920299999983
299.68022599999983
299.8295739999998
300.0109249999998
300.15487699999983
300.30193599999984
300.45704999999987
300.6080229999999
300.7605069999999
300.9225029999999
301.0694779999999
301.2168469999999
301.3828859999999
301.5300859999999
301.67685499999993
301.82472799999994
301.9784439999999
302.1326429999999
302.2913679999999
302.4402209999999
302.5907309999999
302.7427939999999
302.8975849999999
303.0512619999999
303.2118519999999
303.3702149999999
303.51754299999993
303.6928939999999
303.85086699999994
304.00628199999994
304.15785199999993
304.30606399999994
304.4518499999999
304.60447099999993
304.7647569999999
304.9168529999999
305.08351499999986
305.2369209999999
305.3904869999999
305.5395319999999
305.6971639999999
305.85416799999985
306.0109449999998
306.17567999999983
306.3302229999998
306.49259099999983
306.6437119999998
306.7952669999998
306.9487929999998
307.1026409999998
307.26288299999976
307.4121029999998
307.58105899999975
307.7454749999998
307.9108329999998
308.0738729999998
308.2308639999998
308.39787099999984
308.5568749999998
308.7098609999998
308.86337799999984
309.0144789999998
309.1604169999998
309.30819299999985
309.46389699999986
309.61132199999986
309.76933599999984
309.93523399999987
310.0944009999999
310.2542279999999
310.42825299999987
310.5941589999999
310.7594389999999
310.9154349999999
311.0747199999999
311.2272379999999
311.39984299999986
311.5704709999999
311.77849199999986
311.93951799999985
312.10747199999986
312.28179999999986
312.45138399999985
312.61925099999985
312.80278599999986
312.98296399999987
313.18972099999985
313.3719869999999
313.5680549999999
313.7536809999999
313.9405099999999
314.1223089999999
314.3114629999999
314.5134989999999
314.7086739999999
314.8882509999999
315.0715969999999
315.2533009999999
315.4496719999999
315.6467369999999
315.8391719999999
316.0356089999999
316.2395949999999
316.44396899999987
316.6361409999999
316.8339329999999
317.0246999999999
317.2254279999999
317.4239649999999
317.6308469999999
317.8261629999999
318.0251809999999
318.2336289999999
318.4319039999999
318.62669399999993
318.8235029999999
319.0208449999999
319.2179059999999
319.4270299999999
319.6270399999999
319.8184609999999
320.0117119999999
320.2164329999999
320.40537899999987
320.5984569999999
320.7932269999999
320.9814519999999
321.17245199999985
321.36035799999985
321.55452099999985
321.7494199999999
321.9408319999999
322.1304039999999
322.3134959999999
322.5076749999999
322.6959989999999
322.8895809999999
323.0791489999999
323.2614969999999
323.4539819999999
323.6390009999999
323.8225459999999
324.0013519999999
324.1914159999999
324.3739859999999
324.5526339999999
324.7438639999999
324.9635779999999
325.14753899999994
325.32947099999996
325.50528299999996
325.692574
325.876182
326.053722
326.238063
326.418338
326.604991
326.789312
326.990275
327.197908
327.401867
327.611322
327.82130099999995
328.02915599999994
328.23858899999993
328.44485999999995
328.64989199999997
328.86324099999996
329.08350099999996
329.299383
329.518732
329.736858
329.94030699999996
330.162473
330.365168
330.567271
330.766372
330.968237
331.17648299999996
331.38083199999994
331.58654299999995
331.79047299999996
332.00290299999995
332.223916
332.428877
332.631525
332.833322
333.03488300000004
333.23876600000006
333.44278900000006
333.64616300000006
333.8484910000001
334.05824300000006
334.26042300000006
334.46187000000003
334.671307
334.87678600000004
335.079962
335.28562400000004
335.488576
335.696225
335.92753600000003
336.135346
336.34150300000005
336.54289100000005
336.7458270000001
336.94207200000005
337.15461100000005
337.3609000000001
337.5632520000001
337.7731280000001
337.9807500000001
338.1900690000001
338.3947920000001
338.6014370000001
338.8054900000001
339.0098660000001
339.2145750000001
339.41458100000006
339.6196100000001
339.8383620000001
340.04592400000007
340.25337400000006
340.4609090000001
340.6659450000001
340.87614500000007
341.08258800000004
341.28680600000007
341.4890200000001
341.6931480000001
341.89500700000013
342.10020100000014
342.3082660000001
342.50744100000014
342.72053900000014
342.9300910000001
343.1344180000001
343.3590210000001
343.5719100000001
343.7828520000001
343.9891910000001
344.2070040000001
344.4146440000001
344.63340600000015
344.8428260000002
345.05336800000015
345.27013100000016
345.4699630000002
345.6784710000002
345.8965580000002
346.10196800000017
346.30796100000015
346.51875800000016
346.7235410000002
346.92858700000016
347.13860900000014
347.3600450000001
347.56079500000016
347.7608940000002
347.9634720000002
348.1755340000002
348.3803890000002
348.5856120000002
348.7870290000002
348.9925140000002
349.1946610000002
349.39755700000023
349.60426200000023
349.8078250000002
350.01778400000023
350.22130700000025
350.41997000000026
350.6268040000003
350.8372910000003
351.03733500000027
351.2527960000003
351.4655570000003
351.6759920000003
351.8906720000003
352.1032900000003
352.3158490000003
352.5231570000003
352.7207770000003
352.9238830000003
353.1262120000003
353.3367580000003
353.54302600000034
353.7492460000003
353.9519890000003
354.1578110000003
354.3572440000003
354.5685450000003
354.7841490000003
354.9897320000003
355.1908480000003
355.3930040000003
355.6053750000003
355.80689600000034
356.0184910000003
356.23019000000033
356.42584000000033
356.6274200000003
356.83006300000034
357.02881800000034
357.23753000000033
357.4487400000003
357.65573200000034
357.8570200000003
358.0653240000003
358.2706540000003
358.4775890000003
358.6865620000003
358.8950470000003
359.1053610000003
359.3144720000003
359.5247090000003
359.7243960000003
359.9419840000003
360.1590570000003
360.3624830000003
360.5771770000003
360.78548900000027
361.0082360000003
361.2180420000003
361.4259340000003
361.6346300000003
361.8406090000003
362.0489590000003
362.2607790000003
362.4609030000003
362.6687300000003
362.8730490000003
363.0807440000003
363.2782210000003
363.47771000000034
363.67927300000036
363.8939450000004
364.09867900000035
364.3141740000003
364.5132010000003
364.7389760000003
364.9530240000003
365.1532260000003
365.3541300000003
365.5565740000003
365.7621310000003
365.9748270000003
366.17652200000026
366.38998000000026
366.59952000000027
366.8063270000003
367.0198150000003
367.2179820000003
367.4221570000003
367.6289840000003
367.8334390000003
368.03996900000027
368.2436470000003
368.4571520000003
368.6645820000003
368.8718430000003
369.0867030000003
369.28979200000026
369.49362300000024
369.69527900000026
369.9017940000003
370.1063400000003
370.3067110000003
370.5133020000003
370.7169730000003
370.9216860000003
371.1313560000003
371.33348400000034
371.53453400000035
371.74628600000034
371.9492420000003
372.1670570000003
372.3685960000003
372.5889620000003
372.7952500000003
373.0083030000003
373.2223230000003
373.4326240000003
373.6402850000003
373.8439680000003
374.0469220000003
374.2591120000003
374.4863910000003
374.70756500000033
374.93094200000036
375.14569100000034
375.35022700000036
375.54642800000033
375.7443120000003
375.94826000000035
376.14510500000034
376.35119500000036
376.5844150000004
376.8036340000004
377.02009700000036
377.2209180000004
377.4366460000004
377.6404190000004
377.8412670000004
378.0462680000004
378.2548030000004
378.46628700000036
378.6739280000004
378.8752080000004
379.0856700000004
379.28702700000036
379.49038700000034
379.69911400000035
379.90905300000037
380.11641700000035
380.32510200000036
380.54176000000035
380.74732200000034
380.95071600000034
381.1514850000003
381.36187100000035
381.56972600000034
381.77681500000034
381.98617000000036
382.1981360000004
382.40775400000035
382.61385700000034
382.8297080000003
383.0261530000003
383.2296360000003
383.4352160000003
383.6421270000003
383.8446690000003
384.0646620000003
384.26705200000026
384.46973700000024
384.67358100000024
384.8726830000002
385.0822990000002
385.2875390000002
385.4942420000002
385.6996290000002
385.9040120000002
386.1122250000002
386.3120770000002
386.50986000000023
386.7108550000002
386.9080510000002
387.10831300000024
387.30630500000024
387.5060360000002
387.69988200000023
387.8961650000002
388.0954860000002
388.3093070000002
388.50355100000024
388.70323100000024
388.90856800000023
389.1059810000002
389.3083820000002
389.49887100000024
389.6931550000002
389.89194600000025
390.08366100000023
390.27277200000026
390.45782500000024
390.64137800000026
390.83288200000027
391.01764300000025
391.20067000000023
391.3849360000002
391.5672650000002
391.7508760000002
391.93043200000017
392.1117370000002
392.28552900000017
392.4590450000002
392.6366820000002
392.8128310000002
392.9826710000002
393.1502620000002
393.3264910000002
393.5038370000002
393.6737890000002
393.84603900000025
394.01370300000025
394.17645700000025
394.3565880000003
394.5389670000003
394.7260380000003
394.9021690000003
395.0819270000003
395.2548590000003
395.42892800000027
395.5963360000003
395.7771570000003
395.9484680000003
396.10969600000027
396.2776270000003
396.45108800000025
396.62123200000025
396.78731700000026
396.95676400000025
397.13578300000023
397.3064080000002
397.4842080000002
397.6623110000002
397.8387810000002
398.0198650000002
398.1995530000002
398.3725150000002
398.5462640000002
398.71208700000017
398.8830540000002
399.0516350000002
399.2293440000002
399.3979540000002
399.5737330000002
399.74858800000015
399.91681800000015
400.0834830000002
400.2697670000002
400.4438880000002
400.6147660000002
400.7822710000002
400.9546220000002
401.1222280000002
401.2787050000002
401.4465270000002
401.6126790000002
401.7736970000002
401.9345040000002
402.0932510000002
402.2570550000002
402.4283890000002
402.5919790000002
402.7588770000002
402.9313210000002
403.0913120000002
403.2519480000002
403.4211740000002
403.5684780000002
403.7340030000002
403.8911050000002
404.0536770000002
404.22764100000023
404.39881600000024
404.56909100000024
404.73028800000026
404.88492700000023
405.0392730000002
405.1894730000002
405.3367620000002
405.5123100000002
405.6648700000002
405.83083200000016
405.9897330000002
406.14114600000016
406.3009240000002
406.4465500000002
406.6035430000002
406.76142200000015
406.90983900000015
407.07383400000015
407.2382870000001
407.40889700000014
407.56304300000016
407.7162450000002
407.8742000000002
408.0346170000002
408.2041520000002
408.3626990000002
408.5313050000002
408.6962750000002
408.8562600000002
409.0154170000002
409.17885800000016
409.3479980000002
409.52470000000017
409.6926720000002
409.8597100000002
410.03663200000017
410.20894600000014
410.37367300000017
410.5304540000002
410.6932630000002
410.8548490000002
411.0134970000002
411.1741300000002
411.3407620000002
411.51310200000023
411.68634300000025
411.85726700000026
412.0190000000003
412.1991750000003
412.3647970000003
412.53422700000027
412.6958310000003
412.85954300000026
413.02438200000023
413.19111800000024
413.34575200000023
413.5097550000002
413.6740880000002
413.8409940000002
414.0265350000002
414.2125660000002
414.38503900000023
414.55024600000024
414.71955100000025
414.88219300000026
415.04951500000027
415.22652900000026
415.39486800000026
415.54479400000025
415.70156800000024
415.85891500000025
416.02328900000026
416.17634000000027
416.34709200000026
416.51641000000023
416.67848900000024
416.83860700000025
416.99367000000024
417.16132600000026
417.32107100000025
417.4839940000002
417.6354310000002
417.79874300000023
417.9684820000002
418.13850700000023
418.3075110000002
418.47363500000023
418.6400040000002
418.8075770000002
418.9660530000002
419.1449040000002
419.3232870000002
419.4893090000002
419.6636810000002
419.84241800000024
420.01331400000026
420.1744220000003
420.3528410000003
420.5250980000003
420.70137400000027
420.86998500000027
421.0380520000003
421.2059600000003
421.3859980000003
421.5756460000003
421.7528110000003
421.9311410000003
422.1022590000003
422.26966300000026
422.44705800000025
422.65201200000024
422.82602200000025
423.02016300000025
423.19241500000027
423.36814200000026
423.53580400000027
423.7105760000003
423.89937000000026
424.0878560000003
424.29012700000027
424.4599910000003
424.6278330000003
424.8127510000003
424.98575700000026
425.16139700000025
425.3395880000003
425.5178910000003
425.7092720000003
425.9087750000003
426.08896600000026
426.28022100000027
426.47659400000026
426.66931800000026
426.87996700000025
427.07041600000025
427.2577920000002
427.4382050000002
427.6194280000002
427.7930860000002
427.96985400000017
428.14504100000016
428.32169700000014
428.49266700000015
428.66217900000015
428.82649200000014
428.99158400000016
429.1628450000002
429.35483400000015
429.5390840000002
429.7243300000002
429.9055180000002
430.0746120000002
430.2494710000002
430.4213510000002
430.5745300000002
430.73932700000023
430.89863000000025
431.05869100000024
431.21933000000024
431.3733390000002
431.52714700000024
431.68513200000024
431.83563700000025
431.98959600000023
432.13230400000026
432.28968100000026
432.4504730000003
432.59848900000026
432.73785600000025
432.88647500000025
433.02981600000027
433.1654160000003
433.3154270000003
433.4617490000003
433.60753400000027
433.7448420000003
433.8910330000003
434.02817700000026
434.1847100000003
434.32601700000026
434.46598700000027
434.6032750000003
434.7422740000003
434.87863200000027
435.01011600000027
435.1451750000003
435.2750510000003
435.4070930000003
435.5368710000003
435.6801610000003
435.81658500000026
435.95190000000025
436.07370100000026
436.19947300000024
436.32153800000026
436.44940000000025
436.5686280000003
436.7065650000003
436.8420970000003
436.9735970000003
437.0993480000003
437.2188840000003
437.3370160000003
437.4841750000003
437.62888600000025
437.76097800000025
437.90441300000026
438.0389710000003
438.1819510000003
438.30104200000034
438.41387400000036
438.52235200000035
438.62863700000037
438.75150800000034
438.8663190000003
439.0049590000003
439.1166620000003
439.2345990000003
439.3412690000003
439.4429010000003
439.5419310000003
439.6449140000003
439.7479840000003
439.8523110000003
439.98073100000033
440.10793700000033
440.2372430000003
440.3522030000003
440.46605200000033
440.58891000000034
440.6939470000003
440.7994100000003
440.9107140000003
441.01749100000035
441.13434500000034
441.25492800000035
441.37614600000035
441.50049300000035
441.61756200000036
441.73089900000036
441.8564360000004
441.9906820000004
442.1161380000004
442.24553300000036
442.38197000000036
442.5151810000004
442.6491430000004
442.7695430000004
442.90277200000037
443.04223200000035
443.18109900000036
443.33022300000033
443.4671650000003
443.6009540000003
443.73354800000027
443.87777500000027
444.0109420000003
444.14270600000026
444.2699040000003
444.3993340000003
444.5282900000003
444.6924020000003
444.8283140000003
444.9639450000003
445.1074360000003
445.24379400000026
445.3731080000003
445.4983300000003
445.6176530000003
445.7374110000003
445.8526570000003
445.9833850000003
446.1046640000003
446.2325830000003
446.3575660000003
446.5139000000003
446.6360210000003
446.7582680000003
446.88335700000033
447.0154800000003
447.1812610000003
447.3176030000003
447.4451410000003
447.5724890000003
447.7117090000003
447.83159400000034
447.96671600000036
448.09030800000033
448.21655900000036
448.33589600000033
448.4693720000003
448.5888920000003
448.7034020000003
448.8217890000003
448.9651720000003
449.0938800000003
449.2209800000003
449.3428270000003
449.4514310000003
449.5661770000003
449.6830150000003
449.8007930000003
449.91015300000026
450.02007400000025
450.13989000000026
450.2468280000003
450.3672360000003
450.48238200000026
450.5984110000003
450.7096120000003
450.8297940000003
450.9491330000003
451.0599360000003
451.1728200000003
451.2798720000003
451.3937940000003
451.5112580000003
451.6310050000003
451.7517160000003
451.85760500000026
451.97150400000027
452.0936170000003
452.2189470000003
452.3392950000003
452.4596760000003
452.5857940000003
452.7178210000003
452.8453610000003
452.99930700000033
453.13088100000033
453.2482370000003
453.3690990000003
453.4860910000003
453.6072090000003
453.7233910000003
453.8450290000003
453.9663210000003
454.09792700000025
454.22928300000024
454.35213400000026
454.4713410000003
454.5887100000003
454.7211170000003
454.84425800000025
454.9655080000002
455.0889110000002
455.20643400000023
455.3325680000002
455.4556240000002
455.5838730000002
455.7045330000002
455.8331170000002
455.9554170000002
456.0928370000002
456.21744300000023
456.35240700000026
456.4735730000003
456.5922900000003
456.7137990000003
456.84121800000025
456.9610550000003
457.08745200000027
457.22593900000027
457.35112100000026
457.46714000000026
457.5838690000003
457.70990800000027
457.8526860000003
457.9842330000003
458.1075920000003
458.22148000000027
458.3443850000003
458.46702200000027
458.58842200000026
458.7066570000003
458.8294560000003
458.9753740000003
459.1100480000003
459.2374540000003
459.3546950000003
459.4964830000003
459.6117060000003
459.7244460000003
459.8368740000003
459.9461370000003
460.0606370000003
460.19655400000033
460.3352750000003
460.45936400000033
460.58384200000035
460.70973700000036
460.83073200000035
460.9457010000003
461.05887200000035
461.17304200000035
461.29697000000033
461.41239700000034
461.5511830000003
461.6705560000003
461.7959950000003
461.93334300000026
462.05962500000027
462.18662900000027
462.3102030000003
462.4350020000003
462.5584410000003
462.6858740000003
462.8034850000003
462.9272270000003
463.0644580000003
463.1865480000003
463.3241360000003
463.4577120000003
463.5876040000003
463.7182010000003
463.8431780000003
463.9622760000003
464.0882620000003
464.2252410000003
464.35793300000034
464.4840200000003
464.60113700000034
464.73369400000036
464.8552850000004
464.9905660000004
465.1143680000004
465.23676900000044
465.3679870000004
465.5162760000004
465.6445690000004
465.7689340000004
465.8873820000004
466.0049230000004
466.1138740000004
466.23794200000043
466.35888700000044
466.4878130000004
466.59965500000044
466.7185830000004
466.8348360000004
466.9621050000004
467.0867490000004
467.2292490000004
467.4012490000004
467.5292520000004
467.65241600000036
467.77955000000037
467.90275800000035
468.02733300000034
468.16348100000033
468.2994950000003
468.43594700000034
468.58716700000036
468.7378290000004
468.8861980000004
469.0251740000004
469.1638850000004
469.3066330000004
469.46084100000036
469.6185210000004
469.78223300000036
469.95699000000036
470.12822200000033
470.29793800000033
470.46568200000036
470.63017800000034
470.80257000000034
470.96597900000035
471.14906400000035
471.31211200000035
471.4923510000003
471.68551800000034
471.85743800000034
472.02419200000037
472.1873220000004
472.3721240000004
472.5500770000004
472.71950500000037
472.89553300000034
473.07056200000034
473.24326500000035
473.43106500000033
473.59660400000035
473.77387700000037
473.9477290000004
474.12503400000037
474.29702400000036
474.48281700000035
474.65433700000034
474.82427100000035
474.9947870000004
475.17562800000036
475.34778300000033
475.5134240000003
475.6674780000003
475.8405850000003
476.02294100000034
476.18094300000035
476.34744400000034
476.5204040000003
476.6918300000003
476.85471600000034
477.03410500000035
477.1935170000003
477.35483100000033
477.52130000000034
477.67394200000035
477.83307800000034
477.99699500000037
478.16443400000037
478.3319620000004
478.5228290000004
478.7066140000004
478.8789640000004
479.0528710000004
479.23483900000036
479.40214600000036
479.56395600000036
479.72941700000035
479.90292000000034
480.08609700000034
480.27029900000036
480.47181000000035
480.6583050000003
480.83868400000034
481.02148200000033
481.19554000000034
481.36649000000034
481.55014400000033
481.73084200000034
481.9189380000003
482.1086050000003
482.3157470000003
482.5119310000003
482.6985320000003
482.88611000000026
483.06012300000026
483.24146200000024
483.42411400000026
483.60523000000023
483.78640000000024
483.95874200000026
484.13831700000026
484.3243460000003
484.50174200000026
484.7013270000003
484.89043200000026
485.07248300000026
485.24712800000026
485.42706500000025
485.5942500000003
485.76545900000025
485.93701300000026
486.1063560000003
486.2804420000003
486.45354300000025
486.63218100000023
486.85706800000025
487.03841900000026
487.2225810000003
487.3972180000003
487.6059070000003
487.7789430000003
487.95414200000033
488.1240850000003
488.3143430000003
488.4948630000003
488.6693520000003
488.8803170000003
489.06823200000025
489.24295900000027
489.43372500000027
489.6002370000003
489.7671340000003
489.9408030000003
490.1216910000003
490.3093830000003
490.4826960000003
490.65681600000033
490.8624730000003
491.0459520000003
491.2272320000003
491.3962580000003
491.5664150000003
491.7420710000003
491.9274670000003
492.1081940000003
492.2903570000003
492.5029160000003
492.6935410000003
492.88672700000035
493.0927450000003
493.2775890000003
493.4713310000003
493.6778100000003
493.8670170000003
494.0493660000003
494.2251300000003
494.4022110000003
494.5763620000003
494.7681730000003
494.9581440000003
495.1383950000003
495.3305010000003
495.50538400000033
495.7254500000003
495.9165920000003
496.0966240000003
496.2723410000003
496.4447880000003
496.6275460000003
496.8006540000003
496.9609910000003
497.1299390000003
497.2974680000003
497.47548300000034
497.63564800000034
497.80044400000037
497.96093100000036
498.12155800000033
498.3213840000003
498.48552800000033
498.64346400000034
498.80332800000036
498.95845900000035
499.11706800000036
499.26889000000034
499.41973000000036
499.57480800000036
499.72768000000036
499.87153200000034
500.01312800000034
500.14812200000034
500.2938240000003
500.4401080000003
500.5907750000003
500.7712900000003
500.9383270000003
501.1018020000003
501.2671390000003
501.43345000000033
501.59746000000035
501.7518750000003
501.90379400000035
502.05722300000036
502.22996100000034
502.3940350000004
502.55139300000036
502.73065200000036
502.90068800000034
503.06260200000037
503.2462480000004
503.4051530000004
503.5578160000004
503.7177530000004
503.86951300000044
504.03181000000046
504.19180400000045
504.34933100000046
504.50842800000044
504.68120300000044
504.8428400000004
504.9970230000004
505.15468200000043
505.30864700000046
505.47336400000046
505.6301920000005
505.78124400000047
505.9632850000005
506.1252280000005
506.2727240000005
506.4146450000005
506.5630700000005
506.7071100000005
506.8619950000005
507.02617900000047
507.1787780000005
507.3296450000005
507.4832160000005
507.6374620000005
507.7975360000005
507.94528600000046
508.0904940000005
508.2341050000005
508.39491700000053
508.60042400000054
508.75878200000056
508.92217800000054
509.08331300000054
509.23683600000055
509.3903970000006
509.56009600000056
509.72285200000056
509.8757640000006
510.0349140000006
510.1868830000006
510.3425450000006
510.4986630000006
510.6536450000006
510.8115270000006
510.95645900000056
511.0827320000006
511.2197250000006
511.3516170000006
511.4935990000006
511.63812900000056
511.82407800000055
511.98636000000056
512.1457090000006
512.2897490000006
512.4336210000006
512.5737040000006
512.7035770000006
512.8161990000006
512.9237670000006
513.0367760000006
513.1476170000007
513.2576150000007
513.3725990000007
513.4925690000007
513.6109270000006
513.7378190000006
513.8713900000006
514.0126910000006
514.1620590000006
514.3052800000006
514.4589680000006
514.6061230000006
514.7495290000006
514.9113520000006
515.0808450000006
515.2328110000007
515.3903440000006
515.5395890000005
515.6856940000006
515.8464050000006
515.9898350000005
516.1320150000006
516.2832880000005
516.4227120000005
516.5776850000005
516.7209090000006
516.8658100000006
517.0165240000006
517.1574520000006
517.3033030000006
517.4546600000006
517.6083910000006
517.7561770000005
517.9009500000005
518.0475340000005
518.1787780000005
518.3157160000005
518.4704350000005
518.6121590000005
518.7569530000005
518.8933260000006
519.0260150000006
519.1668660000006
519.3094140000006
519.4674570000006
519.6114500000007
519.7575070000007
519.9019090000007
520.0465380000007
520.2086810000008
520.3690260000008
520.5208060000008
520.6702050000008
520.8197290000008
520.9660130000009
521.1418770000009
521.296718000001
521.459003000001
521.611992000001
521.763742000001
521.913004000001
522.0931880000011
522.2567740000011
522.4191460000011
522.5758720000011
522.7322680000011
522.8886950000011
523.0679840000012
523.2339070000012
523.3972930000011
523.5631980000011
523.7289090000011
523.9132880000011
524.0769020000012
524.2446920000011
524.4128380000011
524.577393000001
524.7448070000011
524.918365000001
525.077847000001
525.2284470000011
525.3722300000011
525.5287140000011
525.693579000001
525.857383000001
526.052640000001
526.228668000001
526.402542000001
526.5690680000009
526.7432840000009
526.924698000001
527.0958680000009
527.2660430000009
527.4308650000008
527.5860480000008
527.7517620000008
527.9151030000007
528.0776430000008
528.2374070000008
528.3959420000008
528.5677330000008
528.7393580000007
528.9046940000007
529.0706490000008
529.2342340000008
529.3965290000008
529.5668980000008
529.7468670000009
529.9165910000008
530.0819370000008
530.2503800000009
530.4285590000009
530.6043600000008
530.7770220000008
530.9461290000008
531.1151150000009
531.2878360000009
531.4584680000008
531.6346890000009
531.8026110000009
531.9708350000009
532.1459070000009
532.3211490000009
532.5109970000009
532.7014140000009
532.8891590000009
533.0721880000009
533.2637030000009
533.4558240000009
533.657621000001
533.858313000001
534.039603000001
534.241689000001
534.4336670000009
534.6121760000009
534.7906010000008
534.9686950000008
535.1501640000008
535.3283520000008
535.5163550000008
535.7024810000007
535.8823230000007
536.0759580000007
536.2533390000007
536.4317630000006
536.6141950000006
536.8086380000005
536.9997170000005
537.1897720000005
537.3833370000006
537.5770560000005
537.7731140000005
537.9763710000005
538.1640220000005
538.3593890000005
538.5535560000005
538.7421930000005
538.9226450000004
539.1082500000005
539.2879770000004
539.4696790000004
539.6556160000004
539.8367510000004
540.0177780000004
540.1996760000004
540.3756920000004
540.5609220000005
540.7512900000005
540.9339500000006
541.1220840000005
541.3052170000005
541.4836790000005
541.6662970000006
541.8553660000006
542.0295510000005
542.2085820000005
542.3739950000005
542.5478690000004
542.7089740000005
542.8728380000005
543.0493390000005
543.2344940000005
543.4021600000005
543.5779440000006
543.7529710000006
543.9164390000005
544.0873670000005
544.2501130000005
544.4041990000005
544.5610080000005
544.7181880000005
544.8831840000005
545.0521630000005
545.2220050000005
545.3944180000005
545.5701180000005
545.7324150000005
545.9001950000005
546.0627700000005
546.2213610000005
546.3842880000004
546.5499620000004
546.7150040000004
546.8819630000004
547.0480220000004
547.2115950000004
547.3757680000004
547.5584820000005
547.7311750000005
547.9041530000004
548.0709010000004
548.2499930000004
548.4104290000004
548.5683260000004
548.7284730000005
548.8856610000005
549.0714850000005
549.2203350000005
549.3853680000005
549.5420690000005
549.7008420000005
549.8555780000005
550.0097360000005
550.1648500000006
550.3153160000006
550.4789220000006
550.6249920000006
550.7647490000006
550.9054310000006
551.0418560000006
551.1834300000006
551.3185620000006
551.4638180000006
551.6083760000006
551.7531170000005
551.8994570000006
552.0416350000005
552.1837740000005
552.3252270000005
552.4717670000005
552.6120660000005
552.7533330000005
552.8900580000004
553.0386450000004
553.1819660000004
553.3330540000004
553.4822860000004
553.6359320000004
553.7985160000004
553.9537810000004
554.1077830000004
554.2656840000004
554.4035170000004
554.5495940000004
554.6924240000004
554.8281810000004
554.9843480000004
555.1375900000004
555.2803310000004
555.4298740000004
555.5819010000004
555.7512670000003
555.9107920000004
556.0880560000004
556.2483360000003
556.3987870000003
556.5518800000003
556.6992550000003
556.8597760000004
557.0112350000004
557.1612690000004
557.3171850000004
557.4678720000004
557.6160370000003
557.7786010000003
557.9408150000003
558.1099950000003
558.2783080000003
558.4431710000002
558.6080290000002
558.7695030000002
558.9280860000002
559.0895830000003
559.2446320000003
559.3924380000002
559.5400290000002
559.6970530000002
559.8577580000002
560.0214980000002
560.1767570000002
560.3323320000002
560.4836860000001
560.6348720000002
560.7863590000002
560.9458440000002
561.1094110000001
561.2665140000001
561.4491500000001
561.6122490000001
561.7766090000001
561.9415250000001
562.106529
562.2790610000001
562.4527640000001
562.6311860000001
562.813157
562.9924930000001
563.1579350000001
563.3298130000001
563.4974880000001
563.6561100000001
563.8177280000001
563.9683310000001
564.1243030000002
564.2795420000002
564.4293750000002
564.5912560000002
564.7517930000001
564.9004900000001
565.0549550000001
565.206395
565.3650260000001
565.514342
565.6667910000001
565.8087320000001
565.954465
566.099762
566.249721
566.401526
566.539166
566.688568
566.845396
566.9942030000001
567.1483690000001
567.3073400000001
567.4619020000001
567.6200800000001
567.7653720000002
567.9173210000001
568.0680940000001
568.2216330000001
568.3796340000001
568.5481760000001
568.7089940000001
568.8617170000001
569.0125940000001
569.1695530000002
569.3189870000002
569.4645970000003
569.6187280000003
569.7677500000002
569.9159860000002
570.0637470000001
570.2112500000002
570.3604740000002
570.5020790000002
570.6396690000003
570.7784670000002
570.9153640000002
571.0561330000002
571.1901830000002
571.3429720000001
571.4858650000001
571.644115
571.7920270000001
571.9421320000001
572.0912000000002
572.2393090000002
572.3760960000002
572.5173520000002
572.6544320000002
572.7984750000002
572.9372550000002
573.0771560000002
573.2165210000002
573.3512200000001
573.5009280000002
573.6468020000002
573.7907530000002
573.9314830000002
574.0726280000002
574.2110860000003
574.3411260000003
574.4907630000002
574.6338020000003
574.7751090000003
574.9144830000002
575.0499970000002
575.1860060000001
575.3208820000001
575.462384
575.5953910000001
575.747368
575.8970780000001
576.0584860000001
576.2058570000002
576.3508900000002
576.5003680000002
576.6518020000002
576.8036960000002
576.9591630000002
577.1008290000002
577.2439130000002
577.3852260000002
577.5248260000002
577.6562970000002
577.7979360000003
577.9369530000002
578.0771180000003
578.2135690000002
578.3584300000002
578.5043390000002
578.6511230000002
578.7941890000002
578.9418260000002
579.0875450000002
579.2323540000002
579.3760750000002
579.5193890000003
579.6697650000003
579.8104370000003
579.9581300000003
580.1079380000003
580.2582880000003
580.4070260000003
580.5547890000004
580.7058040000004
580.8563270000004
580.9965730000005
581.1403480000005
581.2930650000005
581.4391070000005
581.5818390000005
581.7272260000005
581.8712650000006
582.0091600000005
582.1472610000005
582.2901630000006
582.4313360000006
582.5742330000005
582.7171400000005
582.8574180000005
582.9978230000005
583.1387620000005
583.2791680000005
583.4239940000004
583.5631750000005
583.7020390000005
583.8374690000005
583.9733560000005
584.1140320000005
584.2562650000006
584.3943920000006
584.5370830000006
584.6818180000006
584.8124510000006
584.9535400000005
585.1072420000005
585.2393220000005
585.3852340000004
585.5312090000004
585.6715200000004
585.8242170000004
585.9770010000004
586.1141290000004
586.2538570000004
586.3951370000004
586.5340010000004
586.6780290000005
586.8142780000005
586.9526980000005
587.1035120000005
587.2338520000005
587.3776730000005
