0.021937
0.081387
0.145055
0.18889
0.243734
0.329321
0.383065
0.426319
0.474808
0.526114
0.571028
0.615289
0.662337
0.713571
0.758529
0.809559
0.87761
0.927555
0.975518
1.021028
1.0722230000000001
1.1353950000000002
1.1943040000000003
1.2423840000000002
1.3108180000000003
1.3654030000000004
1.4210640000000003
1.4810060000000003
1.5345810000000002
1.5956820000000003
1.6490510000000003
1.6929930000000002
1.736822
1.80332
1.858173
1.902295
1.9495200000000001
1.992925
2.040527
2.101572
2.15535
2.1993989999999997
2.2468349999999995
2.2943149999999997
2.3397819999999996
2.38385
2.4458509999999998
2.4897829999999996
2.5329809999999995
2.5935659999999996
2.6432709999999995
2.7004899999999994
2.7434229999999995
2.7948579999999996
2.8409069999999996
2.8950769999999997
2.9588939999999995
2.9988589999999995
3.0580959999999995
3.1091329999999995
3.1873479999999996
3.2517919999999996
3.3204119999999997
3.376985
3.448887
3.492934
3.551762
3.6024380000000003
3.65687
3.727344
3.772236
3.815506
3.861629
3.920059
3.9664610000000002
4.016742
4.076252
4.122625
4.1802790000000005
4.225548000000001
4.273669000000001
4.319757000000001
4.370643000000001
4.445258000000001
4.498448000000001
4.546722000000001
4.596449000000001
4.648341
4.716712
4.764496
4.836108
4.880228000000001
4.936101000000001
4.9851030000000005
5.031180000000001
5.076072000000001
5.121526000000001
5.1896390000000014
5.230997000000001
5.283696000000001
5.330078000000001
5.376779000000001
5.424494000000001
5.476751000000001
5.550096000000001
5.597268000000001
5.645436000000001
5.692807000000001
5.740584000000001
5.787063000000001
5.831389000000001
5.879672
5.92574
5.977136
6.0413749999999995
6.111918999999999
6.158346
6.207413
6.258071
6.3128910000000005
6.353694000000001
6.4066410000000005
6.472963000000001
6.541729000000001
6.603242000000001
6.678727
6.742013
6.820422
6.902296
6.960856
7.0215749999999995
7.078284999999999
7.138178999999999
7.190035999999999
7.2484329999999995
7.304486
7.381311
7.437465
7.496379
7.567331
7.631382
7.716099000000001
7.781306000000001
7.841404000000001
7.892989000000001
7.948272000000001
8.005568
8.081929
8.135679000000001
8.198541000000002
8.255575000000002
8.316342000000002
8.378841000000003
8.448311000000004
8.509736000000004
8.572630000000004
8.625828000000004
8.684018000000004
8.741673000000004
8.815912000000004
8.886728000000005
8.970521000000005
9.045440000000005
9.096081000000005
9.151705000000005
9.203068000000005
9.263131000000005
9.325005000000004
9.382236000000004
9.438046000000003
9.513431000000004
9.579420000000004
9.642133000000005
9.728767000000005
9.786804000000005
9.846094000000006
9.901313000000005
9.958711000000005
10.019821000000004
10.073732000000003
10.131079000000003
10.198708000000003
10.278568000000003
10.352971000000004
10.419522000000004
10.486071000000004
10.552358000000005
10.614675000000005
10.678601000000006
10.741542000000006
10.797365000000006
10.852708000000007
10.912144000000007
10.967453000000006
11.024328000000006
11.082523000000005
11.139285000000006
11.210220000000007
11.270053000000006
11.328369000000006
11.398829000000006
11.461901000000006
11.533108000000006
11.599801000000006
11.668885000000007
11.727996000000006
11.793874000000006
11.858220000000006
11.914456000000007
11.969656000000006
12.025094000000006
12.087316000000007
12.154037000000006
12.212353000000006
12.283639000000006
12.350950000000006
12.422207000000006
12.490776000000006
12.563763000000005
12.638174000000005
12.705198000000005
12.763671000000004
12.836071000000004
12.914310000000004
12.977770000000003
13.038390000000003
13.124274000000003
13.194506000000004
13.263640000000004
13.351246000000003
13.418754000000003
13.499333000000004
13.572080000000003
13.661682000000003
13.737167000000003
13.823516000000003
13.890893000000004
13.952036000000003
14.054647000000003
14.123141000000002
14.205498000000002
14.279547000000003
14.342484000000002
14.402272000000002
14.462270000000002
14.540831000000003
14.613868000000002
14.679886000000002
14.734871000000002
14.807641000000002
14.889152000000003
14.963175000000003
15.026056000000004
15.094916000000005
15.155651000000004
15.230572000000004
15.297593000000004
15.358044000000005
15.429857000000005
15.510009000000005
15.570171000000006
15.623864000000006
15.679560000000006
15.730175000000006
15.793077000000006
15.854067000000006
15.907647000000006
15.965704000000006
16.042651000000006
16.095907000000008
16.154563000000007
16.214515000000006
16.275586000000004
16.338823000000005
16.400607000000004
16.467689000000004
16.519882000000003
16.580146000000003
16.648463000000003
16.714293
16.773928
16.841839
16.896059
16.954109000000003
17.01293
17.08716
17.147466
17.199175
17.254277000000002
17.308532000000003
17.376291000000002
17.446627000000003
17.504244000000003
17.560628000000005
17.638006000000004
17.686942000000005
17.750507000000006
17.805130000000005
17.858949000000006
17.917303000000008
17.98124200000001
18.04528000000001
18.10533100000001
18.17063700000001
18.22533900000001
18.29198800000001
18.36240000000001
18.41758900000001
18.47492000000001
18.54872500000001
18.59800500000001
18.65279300000001
18.70829600000001
18.76300600000001
18.841319000000013
18.896314000000014
18.944705000000013
19.00813300000001
19.085323000000013
19.139669000000012
19.201637000000012
19.26244900000001
19.31436000000001
19.36662600000001
19.43054600000001
19.47957400000001
19.53895000000001
19.59082500000001
19.64213300000001
19.695069000000007
19.748296000000007
19.817965000000008
19.879483000000008
19.942187000000008
19.99958000000001
20.05513300000001
20.11373200000001
20.16443900000001
20.21249300000001
20.265280000000008
20.321074000000007
20.385281000000006
20.433968000000007
20.494592000000008
20.547570000000007
20.605171000000006
20.656878000000006
20.718453000000007
20.773245000000006
20.827431000000008
20.886879000000008
20.944012000000008
21.016101000000006
21.071687000000008
21.11900900000001
21.17175600000001
21.219853000000008
21.273183000000007
21.327989000000006
21.383020000000005
21.432531000000004
21.503914000000005
21.563818000000005
21.611458000000006
21.658124000000004
21.715212000000005
21.769627000000003
21.825600000000005
21.897672000000004
21.967059000000003
22.027188000000002
22.093552000000003
22.170740000000002
22.226325000000003
22.289007
22.346689
22.406313
22.467981
22.520786
22.587803
22.648300000000003
22.715691000000003
22.790853000000002
22.845906000000003
22.909240000000004
22.982344000000005
23.041497000000003
23.114976000000002
23.187273
23.249986
23.311965999999998
23.390715999999998
23.450511
23.501399
23.574072
23.637948
23.703083000000003
23.75982
23.819648
23.878537
23.955068
24.009732
24.06515
24.134763
24.19293
24.27215
24.336526
24.398552
24.456224
24.512650999999998
24.573438999999997
24.650762999999998
24.709832
24.774701
24.841963
24.911069
24.998705
25.073420000000002
25.147042000000003
25.208276
25.262434000000002
25.31893
25.38681
25.45112
25.51334
25.586191
25.647298
25.721747
25.785636
25.841482
25.9099
25.975065
26.037447
26.102227
26.167590999999998
26.236483
26.296125
26.367623
26.434611999999998
26.514612999999997
26.580546999999996
26.649848999999996
26.716193999999994
26.791449999999994
26.880941999999994
26.975703999999993
27.049120999999992
27.139915999999992
27.204065999999994
27.270580999999993
27.330723999999993
27.394412999999993
27.46829599999999
27.53998499999999
27.60583399999999
27.68846299999999
27.764366999999993
27.834086999999993
27.903602999999993
27.969898999999995
28.050555999999993
28.111866999999993
28.181069999999995
28.262064999999996
28.340944999999998
28.424328
28.491671999999998
28.567414
28.643784
28.726928
28.825982
28.891099
28.960513
29.03514
29.120624
29.197243999999998
29.290025999999997
29.358203999999997
29.429347999999997
29.503697
29.566394
29.634836
29.70337
29.766023999999998
29.829912999999998
29.894264999999997
29.961634999999998
30.023827999999998
30.087685999999998
30.164070999999996
30.223317999999995
30.294904999999996
30.372977999999996
30.445653999999998
30.514314999999996
30.578431999999996
30.648630999999995
30.724555999999996
30.787629999999996
30.864686999999996
30.937456999999995
30.998318999999995
31.067330999999996
31.147199999999994
31.215676999999996
31.285246999999995
31.353774999999995
31.430150999999995
31.493657999999996
31.554766999999995
31.616235999999994
31.685289999999995
31.747210999999997
31.820750999999998
31.911323999999997
31.977773999999997
32.054567999999996
32.133084
32.201744
32.263614
32.329117
32.395847999999994
32.463063999999996
32.52746199999999
32.59048399999999
32.65344999999999
32.71371899999999
32.78115099999999
32.83717399999999
32.90807599999999
32.983673999999986
33.060448999999984
33.14772199999999
33.21364399999999
33.28448999999999
33.37356099999999
33.43920999999999
33.50808499999999
33.572890999999984
33.63463199999998
33.70698299999998
33.76768499999998
33.83520499999998
33.91413199999998
34.00095999999998
34.07494799999998
34.16178799999998
34.23695799999998
34.32753199999998
34.38865299999998
34.44918499999998
34.52161299999998
34.578969999999984
34.646487999999984
34.719777999999984
34.80393699999998
34.864448999999986
34.932946999999984
35.01264999999999
35.09604199999999
35.16875199999999
35.23194399999999
35.29137899999999
35.35428099999999
35.427750999999994
35.50438299999999
35.56142999999999
35.63260799999999
35.72415499999999
35.79576499999999
35.88472199999999
35.95653099999999
36.04098599999999
36.10597099999999
36.17093399999999
36.23698799999999
36.30346299999999
36.368096999999985
36.433722999999986
36.51059999999999
36.57684599999999
36.64016999999999
36.70621099999999
36.77957799999999
36.84537599999999
36.92683499999999
37.01729599999999
37.08546399999999
37.158534999999986
37.219262999999984
37.293097999999986
37.369233999999985
37.440688999999985
37.51531999999998
37.580103999999984
37.64138699999999
37.71824199999999
37.78156399999999
37.85709299999999
37.91632499999999
37.99452999999999
38.07620399999999
38.14481799999999
38.21925799999999
38.27675899999999
38.341753999999995
38.424414999999996
38.506674999999994
38.57009899999999
38.63321299999999
38.70132199999999
38.778302999999994
38.84300999999999
38.927218999999994
38.992023999999994
39.05869199999999
39.125629999999994
39.219682999999996
39.285137999999996
39.374095
39.449482999999994
39.52585199999999
39.607536999999994
39.676885999999996
39.752953
39.841152
39.92487
40.022588
40.104452
40.168782
40.240881
40.305792000000004
40.376381
40.468739
40.55276
40.633991
40.719284
40.825093
40.899061
40.97426900000001
41.05064300000001
41.13803200000001
41.208934000000006
41.29391400000001
41.36848100000001
41.44350000000001
41.529413000000005
41.608402000000005
41.687419000000006
41.769723000000006
41.84510000000001
41.92396000000001
42.001385000000006
42.07791
42.157223
42.247543
42.33207
42.419911
42.499114
42.594862
42.671839
42.753713
42.828801999999996
42.90881099999999
42.98196999999999
43.07385999999999
43.16475499999999
43.23624399999999
43.320328999999994
43.38863599999999
43.464358999999995
43.52676999999999
43.59691199999999
43.67412999999999
43.75939199999999
43.83895799999999
43.91631199999999
43.98535599999999
44.05817399999999
44.129133999999986
44.19835399999999
44.26427299999999
44.35231899999999
44.421089999999985
44.493228999999985
44.570680999999986
44.63962799999999
44.72479999999999
44.789917999999986
44.85958999999998
44.927964999999986
45.00282399999998
45.07016599999998
45.15950499999998
45.22960699999998
45.31372099999998
45.39018899999998
45.45746999999998
45.53033099999998
45.60588499999998
45.677315999999976
45.76190499999998
45.830740999999975
45.899443999999974
45.97432299999998
46.04257699999998
46.11825099999998
46.18674199999998
46.27947699999998
46.361075999999976
46.42330199999998
46.50028399999998
46.57390899999998
46.64896999999998
46.71337499999998
46.79297899999998
46.85625899999998
46.94914899999998
47.04324999999998
47.10906799999998
47.178981999999976
47.246643999999975
47.318337999999976
47.38596999999998
47.45376299999998
47.53748199999998
47.60405499999998
47.68668699999998
47.754008999999975
47.827484999999974
47.90277399999997
47.973583999999974
48.038708999999976
48.11935199999998
48.186794999999975
48.25558999999998
48.325753999999975
48.39389599999998
48.47414999999997
48.55802199999997
48.63447299999997
48.70796499999997
48.776553999999976
48.848847999999975
48.91466499999998
48.99114299999998
49.06036899999998
49.13957399999998
49.218972999999984
49.289321999999984
49.35979099999999
49.453468999999984
49.545918999999984
49.639226999999984
49.716844999999985
49.79272299999999
49.87342799999999
49.95404599999999
50.031772999999994
50.10891899999999
50.184664999999995
50.261241
50.334236
50.405322
50.472967
50.543226999999995
50.652052
50.731939
50.812683
50.900445
50.972452
51.044911
51.13205
51.204396
51.283951
51.360852
51.457546
51.543143
51.626277
51.708265000000004
51.78946200000001
51.87265500000001
51.96552100000001
52.05097000000001
52.12223900000001
52.19160300000001
52.28296400000001
52.36670600000001
52.44865000000001
52.523503000000005
52.593541
52.676804000000004
52.75685000000001
52.836715000000005
52.91897000000001
53.00040800000001
53.086614000000004
53.160329000000004
53.232884000000006
53.30993900000001
53.38949800000001
53.47169300000001
53.55673000000001
53.62807600000001
53.70371900000001
53.802048000000006
53.878179
53.967632
54.03649
54.112823
54.195214
54.286303
54.377815999999996
54.463001
54.533021999999995
54.60652999999999
54.67867999999999
54.76085799999999
54.85470899999999
54.933826999999994
55.00333599999999
55.07635399999999
55.15840999999999
55.23968599999999
55.32660399999999
55.41326899999999
55.48929499999999
55.579314999999994
55.65760999999999
55.73516199999999
55.807335999999985
55.881886999999985
55.952227999999984
56.050963999999986
56.12093199999999
56.205156999999986
56.27427499999999
56.35164199999999
56.43604699999999
56.52723599999999
56.61189299999999
56.680337999999985
56.752966999999984
56.838813999999985
56.924039999999984
57.001209999999986
57.073847999999984
57.164588999999985
57.23276999999999
57.31758499999999
57.398867999999986
57.46969499999999
57.547026999999986
57.63447999999998
57.723939999999985
57.79334799999999
57.87065299999999
57.95324499999999
58.03063499999999
58.10350099999999
58.180055999999986
58.26091599999999
58.34220699999999
58.419927999999985
58.51370199999999
58.59623699999999
58.68623999999999
58.78295599999999
58.86381399999999
58.94126099999999
59.03305899999999
59.13051199999999
59.195286999999986
59.27606999999998
59.35765099999998
59.42344199999998
59.50244399999998
59.574297999999985
59.650891999999985
59.727094999999984
59.805615999999986
59.879502999999985
59.951759999999986
60.020268999999985
60.09627299999998
60.169572999999986
60.26894799999999
60.34265599999999
60.41420299999999
60.481914999999994
60.563404999999996
60.65526799999999
60.72491099999999
60.81177999999999
60.88233799999999
60.97953399999999
61.05251299999998
61.130645999999984
61.199176999999985
61.281717999999984
61.367567999999984
61.45263699999998
61.51805299999998
61.59672899999998
61.67928999999998
61.75063299999998
61.81931599999998
61.89299599999998
61.97738699999998
62.06360299999998
62.138596999999976
62.22338799999998
62.29804299999998
62.38137999999998
62.47245999999998
62.55924599999997
62.63551499999998
62.710206999999976
62.790661999999976
62.886944999999976
62.96570999999997
63.033220999999976
63.11998499999998
63.198687999999976
63.27528999999998
63.375366999999976
63.44491799999997
63.519791999999974
63.59148399999997
63.68063299999997
63.74915599999997
63.82676899999997
63.91181599999997
63.989211999999974
64.07206299999997
64.14367199999997
64.22345499999997
64.29683299999998
64.36916099999998
64.46224099999998
64.52899299999997
64.62087499999997
64.69168099999997
64.77374099999997
64.85225199999998
64.95081299999998
65.03030099999998
65.09924699999998
65.18341999999998
65.26724699999998
65.34825599999998
65.42370799999998
65.50585299999997
65.57680699999997
65.66233399999997
65.74062899999997
65.82260899999997
65.90365999999997
65.98180299999997
66.06676199999997
66.16062099999996
66.25942099999996
66.33464699999996
66.40933099999997
66.47881799999996
66.54675899999997
66.63173699999997
66.73002899999997
66.80281099999998
66.87739099999997
66.94718699999997
67.02157699999997
67.10160499999996
67.17991999999997
67.25005399999996
67.32663099999996
67.39674299999996
67.48001399999995
67.55306399999995
67.62587499999995
67.70431399999995
67.77908499999995
67.85645199999995
67.94708699999995
68.03450599999995
68.12401899999995
68.20419399999994
68.27396099999994
68.34735899999994
68.41889699999994
68.53240799999995
68.59489299999994
68.66588299999994
68.73772399999994
68.81610599999995
68.89646199999994
68.98322099999994
69.05843499999995
69.13483199999995
69.21321299999994
69.29851399999994
69.37294099999994
69.44707899999995
69.52081299999995
69.59091499999995
69.67724999999996
69.75711399999996
69.82946999999996
69.90076899999995
69.99601699999995
70.07081299999996
70.15720699999996
70.23505699999995
70.31425599999996
70.40091299999996
70.47176199999996
70.54626699999996
70.62425099999996
70.69554399999996
70.77403399999996
70.86161599999996
70.94292199999995
71.02884399999995
71.10630199999994
71.17937599999995
71.25414399999995
71.33208199999996
71.41710599999996
71.50912999999996
71.58151599999995
71.65807899999994
71.73604999999995
71.81365899999994
71.88844299999994
71.98398099999994
72.07318899999994
72.15474799999994
72.23112499999993
72.31149999999994
72.38046699999994
72.45449899999994
72.53716699999994
72.61535299999994
72.68965899999995
72.77690299999995
72.85309699999995
72.93392899999995
73.01464799999995
73.10113299999995
73.19214899999994
73.27275599999994
73.34838899999994
73.41819399999994
73.48853999999994
73.55596499999994
73.63051999999995
73.70767999999995
73.80084099999995
73.86996099999995
73.95725699999994
74.03435899999994
74.12096799999993
74.22608499999994
74.30383199999994
74.38143899999994
74.46902399999995
74.54032699999995
74.61562899999994
74.68835099999994
74.76873899999994
74.84275399999994
74.91529599999994
74.98923199999994
75.06715599999994
75.15004699999994
75.25382799999994
75.33532599999994
75.42997199999994
75.52104799999994
75.61392499999994
75.68959099999994
75.78525799999994
75.86729799999995
75.94929299999995
76.02577699999995
76.09733099999995
76.17836599999995
76.24990799999995
76.32586599999995
76.40921899999995
76.49523199999994
76.59670299999995
76.69380899999994
76.76936899999994
76.86543899999994
76.92741799999993
77.00105199999993
77.06864299999992
77.14930199999992
77.21967799999992
77.29384999999992
77.37956299999992
77.45709299999992
77.53154599999992
77.60858299999992
77.70887199999993
77.78405099999993
77.86671899999993
77.93965099999993
78.02010599999993
78.09319499999992
78.16647599999992
78.22949699999992
78.31104199999993
78.37278299999993
78.43384699999993
78.51009399999992
78.57849599999993
78.66026599999994
78.72739699999994
78.78788099999994
78.87005999999994
78.92808599999994
78.98987799999993
79.06721499999993
79.13308299999993
79.20070499999993
79.26980299999992
79.34533599999992
79.41173599999992
79.47609199999992
79.54999999999993
79.64012799999993
79.70431199999993
79.77433499999994
79.84500999999993
79.91775199999994
79.98421599999993
80.07429099999993
80.16193799999994
80.22983199999993
80.29041099999993
80.36387799999993
80.43332099999994
80.51378199999994
80.58411299999993
80.64919699999993
80.72257899999993
80.79121799999993
80.85761399999993
80.92804299999993
81.01633599999992
81.09985499999992
81.17819599999991
81.24651899999992
81.33558199999992
81.41125799999992
81.48577699999991
81.55283299999991
81.6304629999999
81.70400999999991
81.77167999999992
81.85933199999992
81.92911099999992
82.00422599999992
82.08358499999991
82.15620899999992
82.23803199999992
82.33031099999992
82.42223299999992
82.49324699999993
82.56918599999993
82.65605299999993
82.73595399999994
82.82000199999993
82.89696699999993
82.98853899999993
83.06314599999993
83.13728999999994
83.20669699999993
83.28083299999993
83.35598899999994
83.43881299999994
83.50624999999994
83.58834299999994
83.67040099999994
83.74387599999994
83.82141799999994
83.90159899999993
83.98001799999993
84.05461999999993
84.12660299999993
84.20714299999993
84.29432699999992
84.37439799999993
84.44715199999993
84.51716399999994
84.58648199999993
84.66152099999994
84.73145399999994
84.80329899999994
84.88301099999994
84.94613899999995
85.02522699999994
85.08895099999994
85.15753199999993
85.22630499999993
85.29643299999992
85.37010199999992
85.45379799999992
85.54334899999992
85.61361699999992
85.68516599999992
85.75479599999993
85.82732599999993
85.90140799999993
85.98047099999994
86.05577499999994
86.13925399999994
86.20524299999994
86.27092399999994
86.35050299999993
86.42014899999994
86.48537599999993
86.55948899999993
86.64201599999993
86.71003999999992
86.77845999999992
86.86642499999992
86.96397799999993
87.03446899999993
87.10457199999993
87.17719799999993
87.25484099999993
87.31647499999993
87.38615399999992
87.46833899999992
87.54280899999992
87.62526399999992
87.69157799999992
87.76615799999992
87.83906599999992
87.93033099999992
88.00829699999993
88.08748499999993
88.15672999999992
88.22900899999992
88.29295499999992
88.37161399999992
88.45870599999992
88.55091099999993
88.61693199999993
88.68368499999994
88.75207299999994
88.82851099999993
88.90376899999994
88.99540799999994
89.06240299999995
89.13942999999995
89.20466199999994
89.27467399999995
89.35976799999995
89.45991099999995
89.53612499999994
89.61603299999994
89.68726699999995
89.77128399999995
89.84062299999995
89.91514999999995
90.00166799999995
90.07271899999995
90.14332799999995
90.21369999999996
90.28600499999996
90.35379099999996
90.45053499999996
90.53010999999996
90.60198399999996
90.67345299999995
90.75960499999995
90.82852099999995
90.90850899999995
90.98142999999995
91.07193999999994
91.13864199999995
91.20179299999995
91.26838299999996
91.35998399999995
91.43087699999995
91.49285799999996
91.56816699999996
91.65676999999997
91.73758999999997
91.79713099999996
91.87382999999997
91.94009299999998
92.00443199999998
92.06567899999997
92.14525799999997
92.23219099999997
92.28828499999997
92.34911799999998
92.41763399999998
92.50182199999998
92.56590199999998
92.62205199999998
92.68672899999999
92.74999699999998
92.81501099999998
92.87559999999998
92.92981199999998
93.00633599999999
93.064394
93.12292699999999
93.18754899999999
93.27008399999998
93.33627799999998
93.39800499999998
93.46091999999999
93.52970799999999
93.58814999999998
93.65611399999999
93.72077399999999
93.77868099999999
93.85121099999999
93.91779199999999
93.99333899999999
94.06386199999999
94.13492099999999
94.20529099999999
94.28561099999999
94.362282
94.42931999999999
94.49390899999999
94.57475299999999
94.64162799999998
94.70345799999998
94.78226499999998
94.83907999999998
94.89647899999999
94.96545699999999
95.04242299999999
95.09787899999999
95.177955
95.247255
95.30263599999999
95.36203699999999
95.42819899999999
95.50948
95.576411
95.633647
95.697789
95.757154
95.821103
95.87984399999999
95.950645
96.028621
96.087982
96.159092
96.220583
96.283325
96.35392800000001
96.41868600000001
96.49849700000001
96.57492000000002
96.64645700000003
96.71730100000002
96.77878800000002
96.84721100000002
96.90518100000001
96.97297700000001
97.03808300000001
97.10475100000002
97.17087100000002
97.23045100000002
97.28550000000001
97.35095400000002
97.42026300000002
97.48862700000002
97.55809800000002
97.64414900000001
97.72473300000001
97.80159500000002
97.89710100000002
97.96200200000003
98.04842800000003
98.11639100000004
98.17900600000003
98.24096700000003
98.32570200000002
98.40026100000001
98.47099800000001
98.539139
98.629351
98.697902
98.79975999999999
98.86742299999999
98.936129
99.00725999999999
99.08676999999999
99.15393099999999
99.22432299999998
99.30977999999999
99.37810599999999
99.46536799999998
99.54853599999998
99.62094699999999
99.68580599999999
99.76785099999998
99.83327099999998
99.90052799999998
99.97915899999998
100.05453299999998
100.13425699999998
100.20619099999998
100.27637799999998
100.35322499999998
100.41915799999998
100.48069299999999
100.55830599999999
100.611404
100.668386
100.733254
100.786067
100.834953
100.895316
100.948836
101.000807
101.049897
101.111091
101.164751
101.21783099999999
101.27491799999999
101.33717499999999
101.40015199999999
101.45719999999999
101.50969899999998
101.57691099999998
101.64178099999998
101.69572599999998
101.76751899999998
101.83747599999998
101.89384999999999
101.96009299999999
102.03684999999999
102.08805499999998
102.14309199999998
102.20143199999998
102.26992599999998
102.33457199999998
102.40442599999999
102.45745699999999
102.52186199999998
102.57794899999999
102.63213999999999
102.693739
102.746805
102.79966999999999
102.86577799999999
102.91872299999999
102.96651699999998
103.04884999999999
103.11582899999999
103.188672
103.24773499999999
103.30944899999999
103.378076
103.42973599999999
103.482474
103.55542299999999
103.617431
103.676513
103.741198
103.80981299999999
103.87095
103.930038
103.997211
104.05908299999999
104.14102299999999
104.19959699999998
104.25963699999998
104.33283599999999
104.39680499999999
104.479706
104.547439
104.632712
104.706306
104.804386
104.87270699999999
104.947313
105.01625399999999
105.087521
105.16327299999999
105.22236999999998
105.29780699999998
105.36658499999997
105.43529399999997
105.50355799999997
105.56473599999997
105.63769199999997
105.72174099999997
105.78927799999997
105.84760299999996
105.91878599999997
105.98243899999997
106.04923599999996
106.11051299999997
106.16757599999997
106.23149999999997
106.30055499999997
106.37001099999998
106.43695099999998
106.50233299999998
106.57341199999998
106.64410799999997
106.70121999999998
106.79005399999998
106.85821099999998
106.91854399999998
106.99123099999998
107.05210399999999
107.11078899999998
107.17687099999998
107.24620799999998
107.30017699999998
107.37710699999998
107.43454399999997
107.49205399999997
107.56280599999997
107.62355399999997
107.68031099999997
107.74577199999997
107.80568099999998
107.87639599999999
107.96495599999999
108.04747499999999
108.11172199999999
108.17555499999999
108.245432
108.30705499999999
108.36910699999999
108.43929499999999
108.50182699999999
108.55866099999999
108.62145999999998
108.68423899999999
108.74945
108.81836
108.903858
108.964375
109.044319
109.112903
109.176185
109.268516
109.339219
109.40896
109.469116
109.52529
109.587227
109.643671
109.702472
109.762358
109.840688
109.913263
109.9812
110.040148
110.09796300000001
110.15832300000001
110.23756600000002
110.29873700000002
110.35717400000001
110.40979300000002
110.46600400000003
110.52460900000003
110.57692400000002
110.65445200000002
110.70184600000002
110.77498300000002
110.82822900000002
110.89123700000002
110.96114000000001
111.02955500000002
111.09547100000002
111.16945600000001
111.23541300000001
111.282391
111.33399800000001
111.389645
111.44185900000001
111.509702
111.569522
111.64245700000001
111.714606
111.77707000000001
111.85116000000001
111.928369
111.98850800000001
112.05092100000002
112.12433500000002
112.19032300000002
112.24782000000002
112.31652200000002
112.37813700000002
112.44139800000002
112.52192400000003
112.60653900000003
112.69289400000002
112.76635300000002
112.83713100000003
112.90580900000003
112.98446800000004
113.05756800000003
113.12305800000003
113.19950900000003
113.26748700000003
113.35439200000003
113.42483600000003
113.50281500000003
113.56879100000003
113.64114300000003
113.71186100000003
113.79185700000002
113.86606000000002
113.94093200000002
114.02145200000002
114.09900700000003
114.17099000000003
114.23994300000003
114.30511100000003
114.38223500000002
114.44931600000002
114.51442000000003
114.58639700000003
114.66689100000004
114.73143300000004
114.79403300000004
114.86786100000005
114.93685300000004
114.99992800000004
115.06853100000004
115.14750200000003
115.20592800000003
115.28406800000003
115.34747300000004
115.42737000000004
115.49315700000004
115.55982700000004
115.62256000000004
115.67536500000004
115.73424500000004
115.79628300000005
115.85732000000004
115.91788200000005
115.97911900000005
116.04018400000005
116.11136300000005
116.16932600000005
116.23173500000006
116.30211900000006
116.36509700000006
116.42818100000007
116.48956900000006
116.55037900000006
116.60449900000006
116.66919300000006
116.74803600000007
116.80993500000007
116.87421700000007
116.95410500000007
117.00882200000007
117.09277700000007
117.17085100000007
117.23816200000007
117.30390900000008
117.36982700000007
117.43364100000007
117.49659700000007
117.57193700000006
117.63595500000007
117.71589100000007
117.79350300000007
117.87465400000008
117.94340900000007
118.01835300000008
118.09689300000008
118.15457200000007
118.22442500000007
118.28718900000007
118.37186100000007
118.44438400000007
118.50676100000007
118.57329200000007
118.64161800000007
118.70552000000006
118.78459100000006
118.84607800000006
118.91304800000006
118.98188100000006
119.04260800000006
119.11174700000007
119.18384100000007
119.24741600000007
119.32733700000007
119.39266400000007
119.45541600000007
119.51371900000007
119.59093100000007
119.68077700000006
119.75683200000006
119.84850800000007
119.91436400000006
119.97170900000006
120.06244600000007
120.13126600000007
120.20963100000007
120.28183300000008
120.34810000000007
120.41465400000007
120.47908900000007
120.54982300000007
120.61349500000007
120.70355400000007
120.77643000000006
120.85455100000006
120.92382100000006
120.99534400000006
121.05749800000007
121.12783200000007
121.20504300000007
121.27051900000008
121.33876000000008
121.42112400000008
121.50713100000007
121.57755900000008
121.65326800000008
121.72864600000008
121.81030400000009
121.87834900000009
121.94811200000008
122.01308900000008
122.09249200000008
122.15843700000008
122.22665700000007
122.29685600000008
122.35287800000008
122.41478800000007
122.47609300000008
122.54371500000008
122.65220000000008
122.72128400000008
122.78943300000009
122.86051300000008
122.94093300000009
123.02021400000008
123.08377200000008
123.14973600000008
123.20757300000008
123.26976700000009
123.33784900000009
123.41881600000009
123.4826980000001
123.5535780000001
123.6150720000001
123.67657800000009
123.7369270000001
123.8078840000001
123.8626630000001
123.9342360000001
124.0028580000001
124.05897300000011
124.12640700000011
124.18746700000011
124.24473700000011
124.29901800000012
124.36801500000011
124.43733100000011
124.49457000000011
124.56057600000011
124.63848600000011
124.70386700000012
124.76366800000011
124.8309760000001
124.91234100000011
124.98747200000011
125.05839200000011
125.14007600000011
125.21157500000011
125.29803000000011
125.37041900000011
125.43960400000012
125.50715900000012
125.57998600000012
125.67091500000012
125.73345000000012
125.80444900000012
125.87778500000012
125.95750600000012
126.03054200000012
126.10528100000012
126.16983900000012
126.23413100000012
126.33702800000012
126.40504400000012
126.47283900000012
126.53338100000012
126.60767900000012
126.66879200000012
126.74383600000013
126.82890700000013
126.89469600000012
126.95578100000013
127.03212500000014
127.12796600000013
127.19174700000013
127.27459900000014
127.34450600000014
127.41730900000013
127.48750300000013
127.55593500000013
127.62578200000013
127.70922800000012
127.77587200000012
127.84301900000013
127.90848200000012
127.99382000000011
128.0789810000001
128.1934250000001
128.2618210000001
128.3367940000001
128.4043160000001
128.4933500000001
128.5769120000001
128.6488280000001
128.7228230000001
128.79077400000008
128.8654730000001
128.9306480000001
128.9942280000001
129.0602040000001
129.12865500000012
129.18913600000013
129.25905400000013
129.32245500000013
129.39516800000013
129.45993800000014
129.52958600000014
129.60022000000015
129.67887000000016
129.74449300000015
129.81457300000014
129.88470300000014
129.96556700000014
130.03630700000014
130.09956400000013
130.17267100000012
130.23865000000012
130.30838900000012
130.37590900000012
130.44544300000013
130.52802100000014
130.58543900000015
130.67166500000016
130.73139100000017
130.79399200000017
130.85476100000017
130.91616000000016
130.98048100000017
131.04266400000017
131.10748800000016
131.16961400000017
131.23286600000017
131.29469900000018
131.37659500000018
131.45420000000018
131.50973700000017
131.56692800000016
131.61943700000015
131.67323000000016
131.73439500000015
131.79179300000015
131.84258100000017
131.90642100000017
131.96384700000016
132.02353900000017
132.07273900000018
132.1507460000002
132.2055710000002
132.29051100000018
132.34298000000018
132.39554000000018
132.4623480000002
132.5161660000002
132.5687940000002
132.6386420000002
132.69350400000022
132.74905400000023
132.82516700000022
132.89185200000023
132.94768300000024
133.00609500000024
133.06095500000023
133.13886100000025
133.19948800000026
133.26150700000025
133.31896400000025
133.38228500000025
133.45577600000024
133.52315600000026
133.57811600000025
133.64564100000024
133.70760600000023
133.78635900000023
133.85364000000024
133.91520000000023
133.98438500000023
134.05464000000023
134.13041700000022
134.18761300000023
134.25027100000023
134.33089800000022
134.40038600000022
134.47031900000022
134.5442280000002
134.6146510000002
134.6840910000002
134.7600830000002
134.82743100000022
134.89458100000022
134.9669910000002
135.0303790000002
135.09557800000022
135.1610660000002
135.2204930000002
135.2914850000002
135.35800800000018
135.44162900000018
135.4975830000002
135.5625120000002
135.6291910000002
135.6932910000002
135.7571410000002
135.82789600000018
135.91037600000018
135.97534600000017
136.04142000000016
136.11603800000015
136.18107600000013
136.24491800000013
136.32112700000013
136.38420500000012
136.44335700000013
136.53091900000013
136.61358100000012
136.67988300000013
136.74544600000013
136.82093000000012
136.89512300000013
136.97056900000013
137.04863700000013
137.12595500000012
137.20675900000012
137.29531800000012
137.36297000000013
137.42514500000013
137.49513300000012
137.56384800000012
137.62339700000012
137.70688300000012
137.76939400000012
137.83299700000012
137.89339200000012
137.96364300000013
138.01987700000012
138.07801800000013
138.13806800000012
138.19820500000012
138.25687200000013
138.31601500000014
138.39487300000013
138.45785700000013
138.52325600000015
138.59509300000013
138.65198500000014
138.71246100000013
138.77017200000014
138.82659400000014
138.88771600000015
138.94578800000016
139.01864700000016
139.07289900000015
139.13955100000015
139.20181100000016
139.27419100000017
139.3508920000002
139.41479200000018
139.49349000000018
139.55473800000019
139.63122000000018
139.68075200000018
139.75181200000017
139.80493300000018
139.86110700000017
139.92098800000016
139.98262300000016
140.03534500000015
140.08963000000014
140.14099200000015
140.20758000000015
140.25830800000014
140.31094100000013
140.40585500000012
140.46478700000011
140.5159100000001
140.5657000000001
140.6172160000001
140.6812770000001
140.74497900000011
140.81117900000012
140.86626900000013
140.92817500000012
140.99388700000011
141.06839300000013
141.11627800000014
141.18446800000012
141.2457110000001
141.2955690000001
141.3562930000001
141.4190410000001
141.4729620000001
141.5239270000001
141.6055060000001
141.6638320000001
141.7259060000001
141.7778090000001
141.8327110000001
141.8856210000001
141.9379320000001
142.0002550000001
142.0570050000001
142.1196050000001
142.1762740000001
142.24763900000008
142.30340000000007
142.37357700000007
142.43536300000008
142.49075100000007
142.5498800000001
142.60735000000008
142.6559230000001
142.70010800000009
142.7493770000001
142.80158200000008
142.8603170000001
142.9178650000001
142.9895580000001
143.0337850000001
143.08360600000012
143.15180300000011
143.2119200000001
143.28099000000012
143.3400580000001
143.39597100000012
143.44944900000013
143.50141300000013
143.55233600000014
143.60144200000013
143.68081900000013
143.74014300000013
143.79323300000013
143.84906800000013
143.91742800000014
143.96951800000014
144.02723700000013
144.07845400000014
144.13586700000013
144.18360000000013
144.23144400000012
144.27839500000013
144.34331400000013
144.40668800000014
144.48358900000014
144.53542700000014
144.60011300000014
144.66283200000012
144.72307600000013
144.78039600000014
144.84884100000014
144.91340800000015
144.97628700000016
145.03036300000016
145.10199200000017
145.15873800000017
145.22155300000017
145.28868600000018
145.34695500000018
145.40390400000018
145.4801100000002
145.5403600000002
145.60124400000018
145.67600800000017
145.73613700000016
145.79628500000015
145.85092900000015
145.91843500000016
145.98915000000017
146.05123800000015
146.11947700000016
146.19111100000015
146.25737900000016
146.32150900000016
146.39917500000016
146.46567000000016
146.53909500000015
146.59910400000015
146.68667800000014
146.74649100000013
146.80851800000013
146.86954900000015
146.94032500000014
147.01028000000014
147.06994700000013
147.13749500000011
147.22132600000012
147.29962900000012
147.3585200000001
147.43659500000012
147.5011710000001
147.5687270000001
147.6294960000001
147.6935030000001
147.7572580000001
147.8345460000001
147.89798700000011
147.9703380000001
148.0302080000001
148.0877640000001
148.1634450000001
148.22570400000012
148.29929300000012
148.3624260000001
148.4192110000001
148.49914300000012
148.56859600000013
148.64079700000013
148.70713700000013
148.77942200000012
148.84218900000013
148.90876600000013
148.98390000000012
149.05170900000013
149.12371900000014
149.18610900000013
149.26908800000012
149.34136000000012
149.40445400000013
149.47516600000012
149.56077400000012
149.6346600000001
149.7144640000001
149.7865670000001
149.8604370000001
149.9249490000001
150.0016370000001
150.0716450000001
150.1378060000001
150.2184210000001
150.2792960000001
150.3483000000001
150.42453000000012
150.4901980000001
150.5485700000001
150.6105950000001
150.6988660000001
150.7766780000001
150.84632000000008
150.9160660000001
150.99125400000008
151.06089500000007
151.13202700000008
151.21314800000007
151.29726500000007
151.36170500000006
151.43597300000005
151.51257600000005
151.57259700000006
151.64571300000006
151.71257500000004
151.77206800000005
151.84865500000004
151.92146700000004
151.99691900000005
152.06150700000003
152.13498700000002
152.190355
152.24807
152.319161
152.397443
152.46254000000002
152.51966900000002
152.585393
152.655481
152.727056
152.798179
152.881552
152.948373
153.016155
153.0875
153.169593
153.233615
153.29980899999998
153.36145899999997
153.44473299999996
153.50177499999995
153.56968799999996
153.65122199999996
153.71818299999995
153.79336499999997
153.86544999999995
153.93689599999996
154.00214099999997
154.06380899999996
154.12778799999995
154.19971499999994
154.26358999999994
154.33069399999994
154.39991199999994
154.47508799999994
154.54282599999993
154.60772599999993
154.67215899999994
154.74951899999994
154.81044999999995
154.88491299999995
154.93902699999995
155.00097699999995
155.07518799999994
155.15383599999993
155.22568099999992
155.30754099999993
155.38265899999993
155.46648499999992
155.54791899999992
155.61117399999992
155.68204499999993
155.74759999999992
155.80244699999992
155.8673119999999
155.9311739999999
156.0033099999999
156.0659339999999
156.1241819999999
156.19349999999991
156.25873099999993
156.32999199999992
156.39427099999992
156.45686699999993
156.53806899999992
156.61114799999993
156.67061099999992
156.73152299999992
156.80413299999992
156.86695099999991
156.93763299999992
157.02282899999992
157.0998989999999
157.1787609999999
157.2492049999999
157.3107039999999
157.3696829999999
157.4323759999999
157.5068369999999
157.5677429999999
157.6257949999999
157.6833489999999
157.7475189999999
157.8099849999999
157.8750299999999
157.9477549999999
158.01411999999988
158.08107899999987
158.14690399999986
158.23091899999986
158.29173999999986
158.36463899999987
158.44104599999986
158.50262899999987
158.56522899999987
158.63052199999987
158.70183499999987
158.76899599999987
158.82795499999986
158.90887799999987
158.98647399999987
159.06262499999988
159.1438099999999
159.20339899999988
159.29317199999988
159.3566579999999
159.4340759999999
159.49670499999988
159.56015199999987
159.62642399999987
159.69594599999988
159.75807999999986
159.84603299999986
159.91494899999987
159.98525599999988
160.06518099999988
160.1453979999999
160.22054499999987
160.28939599999987
160.36215199999987
160.45158799999987
160.52988299999987
160.60223299999987
160.66877999999988
160.74295899999987
160.82250199999987
160.89268099999987
160.96907699999986
161.04011699999987
161.10805199999987
161.18677199999988
161.26696499999989
161.34409199999988
161.43584199999987
161.51073199999988
161.58496699999986
161.66791199999986
161.74839799999987
161.82472599999986
161.91432099999986
161.99106399999985
162.06776099999985
162.13967099999985
162.21582899999984
162.30181099999984
162.38709199999985
162.45767399999986
162.52897199999987
162.60721699999988
162.69389499999988
162.7697549999999
162.8486789999999
162.9195509999999
163.0004219999999
163.0802739999999
163.1660389999999
163.2510009999999
163.3255439999999
163.3967069999999
163.4664049999999
163.5344179999999
163.6070659999999
163.6718249999999
163.7517299999999
163.8215599999999
163.91826499999988
163.99064099999987
164.07486499999987
164.13973099999987
164.20992499999986
164.29242999999985
164.36782799999986
164.44069499999986
164.52537399999986
164.59012699999985
164.67504699999986
164.74005999999986
164.81677899999985
164.89051199999986
164.96241399999985
165.04235599999984
165.13634699999983
165.19945599999983
165.28812599999983
165.36935499999984
165.44185799999985
165.51314099999985
165.57322299999984
165.63476599999984
165.70192999999983
165.76924899999983
165.85050899999982
165.9264199999998
165.99667299999982
166.06087999999983
166.14793299999982
166.22143899999983
166.28665999999984
166.37964499999984
166.46457799999985
166.54948799999985
166.63080699999986
166.69967099999985
166.77612199999984
166.86347499999985
166.95138499999985
167.02352499999984
167.10143699999983
167.18064299999983
167.25968199999983
167.32982599999983
167.41869999999983
167.49609799999982
167.56918699999983
167.64405699999983
167.72351599999985
167.81125099999986
167.88339599999986
167.96229699999986
168.04038299999988
168.10696899999988
168.1739339999999
168.24217699999988
168.31178099999988
168.41059999999987
168.48321699999988
168.56144299999988
168.62702999999988
168.71289699999988
168.79135999999988
168.85852499999987
168.93127199999986
169.00666999999987
169.08280899999988
169.15234599999988
169.2323259999999
169.3061809999999
169.3969899999999
169.48305699999992
169.5583469999999
169.63578299999992
169.71469699999992
169.7933079999999
169.8712019999999
169.9510139999999
170.0233179999999
170.1076869999999
170.1962849999999
170.2794069999999
170.3613199999999
170.4434949999999
170.5300339999999
170.61437599999988
170.7131979999999
170.78838999999988
170.8903529999999
170.97869099999988
171.0780779999999
171.1526089999999
171.2259359999999
171.2984819999999
171.3886639999999
171.46482299999988
171.54672199999987
171.62066399999986
171.70326099999986
171.79451699999984
171.86970699999983
171.95307799999983
172.04217999999983
172.10930399999984
172.18594099999984
172.27414099999984
172.35763799999984
172.44177999999985
172.52132599999985
172.61093599999984
172.71315799999985
172.79449399999984
172.87258799999984
172.95289399999984
173.03387599999985
173.11172699999986
173.19593899999987
173.26691799999986
173.34069399999987
173.41789099999988
173.4924779999999
173.5807899999999
173.6648729999999
173.75162499999988
173.83559799999986
173.92336799999987
174.01836299999988
174.11326199999988
174.19970499999988
174.2712299999999
174.36269999999988
174.44301299999987
174.51154099999985
174.58246799999986
174.66226299999985
174.74401499999985
174.82257899999985
174.91115799999986
174.99446199999986
175.07366199999984
175.15940099999983
175.24798999999985
175.32664999999986
175.40430299999986
175.47317299999986
175.54704699999985
175.64024999999984
175.74057599999983
175.81520799999984
175.89115599999985
175.97455799999986
176.06696299999987
176.14796299999986
176.25048299999986
176.33033399999985
176.41779399999984
176.51049499999985
176.60112799999985
176.67753099999985
176.75288199999986
176.82727799999986
176.91274399999986
176.98969599999987
177.06468999999987
177.15402099999986
177.22644399999984
177.31536299999985
177.39922799999985
177.49109399999986
177.57422499999987
177.65051799999986
177.72635199999985
177.80907699999986
177.89592099999987
177.97189999999986
178.05749499999988
178.13820299999986
178.20869999999985
178.29282499999985
178.37258199999985
178.44977999999986
178.53307299999986
178.63152999999986
178.71272899999985
178.79235599999984
178.87714199999985
178.97423099999986
179.05619599999986
179.14075399999984
179.21498199999985
179.29351899999986
179.37524199999987
179.45058299999988
179.52777299999988
179.61460299999987
179.69690399999988
179.76821899999987
179.85046499999987
179.93144699999988
180.0128089999999
180.0832409999999
180.1609139999999
180.2358009999999
180.31642899999989
180.39674299999987
180.46655299999986
180.53955399999987
180.61484199999987
180.69297899999987
180.76484199999987
180.83838499999987
180.90939899999987
180.99896499999986
181.07884299999986
181.15841799999987
181.23811099999986
181.30939899999987
181.38447599999986
181.44863899999987
181.52156099999988
181.60726699999987
181.69231199999987
181.78330099999988
181.8500859999999
181.93116299999988
182.00704999999988
182.0879639999999
182.16288599999987
182.24857899999986
182.34277499999988
182.42120399999988
182.51498699999988
182.59423899999987
182.68903299999988
182.75747899999988
182.82800999999986
182.90463399999987
182.98823099999987
183.07479299999986
183.15363799999986
183.23116799999985
183.31327699999986
183.40067599999986
183.47524199999987
183.56406999999987
183.64722099999986
183.72362799999985
183.80811599999984
183.88123299999984
183.96577399999984
184.03356799999983
184.11299799999983
184.21015799999984
184.30995099999984
184.39020899999983
184.47922499999981
184.57053999999982
184.65217199999984
184.73228899999984
184.81476699999985
184.91112399999986
185.02170799999985
185.11681199999984
185.20277899999985
185.28271599999985
185.36303999999984
185.44255899999985
185.51835199999985
185.59784299999984
185.67778899999985
185.77205099999983
185.85499599999983
185.93614699999983
186.04011199999982
186.12718499999983
186.20194599999982
186.28721099999981
186.37699499999982
186.46907399999984
186.56073799999984
186.64883099999983
186.72683399999983
186.81772899999982
186.9010029999998
186.9950959999998
187.08133999999978
187.14563099999978
187.2369339999998
187.3210769999998
187.4032519999998
187.49731399999982
187.5699139999998
187.64783099999983
187.72122899999982
187.80794499999982
187.88992599999983
187.96284399999982
188.04713699999982
188.1353759999998
188.2112209999998
188.28116699999978
188.3649839999998
188.4343159999998
188.5145809999998
188.6112979999998
188.6808339999998
188.7486329999998
188.82594299999982
188.90169999999983
188.99377099999984
189.06856599999983
189.14563399999983
189.22453699999983
189.31839299999982
189.3859859999998
189.45206099999982
189.5336439999998
189.61541299999982
189.69648299999983
189.76889299999982
189.83789999999982
189.9126629999998
189.9889769999998
190.0674739999998
190.15680699999982
190.23042899999982
190.3272549999998
190.4014059999998
190.4715389999998
190.55875499999982
190.64114399999983
190.73414899999983
190.80715899999984
190.89056399999984
190.97227599999985
191.05981699999984
191.14094299999985
191.21819099999985
191.30423399999984
191.37751099999983
191.45864499999982
191.5385869999998
191.6297409999998
191.7107839999998
191.81503899999979
191.89815199999978
191.9722659999998
192.0530339999998
192.1298929999998
192.2130289999998
192.2944679999998
192.37491599999979
192.45584699999978
192.54189799999978
192.62608799999978
192.7134499999998
192.7958929999998
192.8833389999998
192.9786799999998
193.0685059999998
193.14386399999978
193.22232999999977
193.30119199999976
193.38619299999976
193.46143699999976
193.56657199999975
193.66102499999974
193.75279299999974
193.84583799999973
193.92779399999972
194.00667999999973
194.08250899999973
194.16177399999972
194.24940799999973
194.32791999999972
194.40044099999972
194.47110899999973
194.56237299999972
194.64056499999973
194.71711699999972
194.7904739999997
194.8742269999997
194.9573529999997
195.0458269999997
195.1257369999997
195.1956349999997
195.2707039999997
195.3463999999997
195.4174699999997
195.5080909999997
195.5842819999997
195.6896009999997
195.7667579999997
195.8432589999997
195.9216799999997
196.0106779999997
196.0993799999997
196.1836209999997
196.2667439999997
196.3542909999997
196.4465319999997
196.52798399999972
196.61233099999973
196.69535799999971
196.78055199999972
196.8574079999997
196.9344909999997
197.0161819999997
197.1020799999997
197.1778159999997
197.24608499999968
197.32308399999968
197.40707799999967
197.50116899999966
197.57088799999966
197.65306599999965
197.72912999999966
197.84115399999965
197.92486899999966
198.00091699999965
198.07523999999964
198.16025699999963
198.24143499999963
198.30774799999963
198.39027499999963
198.46508199999963
198.55235699999963
198.62062399999962
198.69280099999963
198.77140799999964
198.86400799999964
198.92874899999964
199.00152899999964
199.08855299999965
199.17893999999964
199.25614699999963
199.32538099999962
199.40299099999962
199.46983399999962
199.54267499999963
199.61264899999964
199.68215199999963
199.75622199999964
199.81825599999965
199.90548799999965
199.97512299999966
200.03962299999966
200.11513099999968
200.17381499999968
200.24099599999968
200.30940499999969
200.3811319999997
200.4580589999997
200.52643099999972
200.5973669999997
200.6619189999997
200.7266969999997
200.7963399999997
200.8762739999997
200.9512709999997
201.0441099999997
201.1227569999997
201.19247799999968
201.2810019999997
201.3544629999997
201.4286669999997
201.4924479999997
201.57908199999972
201.65297299999972
201.7222869999997
201.7903289999997
201.8835919999997
201.9553049999997
202.0341479999997
202.1049669999997
202.1853199999997
202.2634379999997
202.3279989999997
202.4030039999997
202.4652519999997
202.5321519999997
202.60422899999972
202.67711899999972
202.74671199999972
202.83373899999972
202.91087299999973
202.99011299999972
203.0850609999997
203.1580999999997
203.2383909999997
203.3187139999997
203.3972669999997
203.46289699999969
203.5402199999997
203.61296699999968
203.7040329999997
203.7913639999997
203.8621059999997
203.9504439999997
204.0359979999997
204.1288829999997
204.2144439999997
204.29096499999972
204.3813969999997
204.4784479999997
204.5563729999997
204.6448899999997
204.7239899999997
204.7891089999997
204.8602889999997
204.9305379999997
205.0000529999997
205.0889319999997
205.1621479999997
205.2380089999997
205.3246289999997
205.3947439999997
205.4647509999997
205.5414409999997
205.6239839999997
205.6975049999997
205.7703179999997
205.8482619999997
205.9194419999997
205.9925679999997
206.0765909999997
206.1495629999997
206.2271139999997
206.31679399999967
206.40058299999967
206.48929999999967
206.56465699999967
206.65606199999968
206.7275529999997
206.8139359999997
206.8833489999997
206.9529589999997
207.03369199999972
207.11477399999973
207.19185499999972
207.2781109999997
207.3668899999997
207.4495179999997
207.5178709999997
207.5952669999997
207.6708509999997
207.75671199999968
207.84254099999967
207.93499099999968
207.99948399999968
208.0737689999997
208.14016499999968
208.23189299999967
208.30933499999966
208.38869199999965
208.46124099999966
208.52329099999966
208.60097999999965
208.69470999999965
208.76293499999966
208.84076999999965
208.92490899999964
209.00288099999963
209.10002199999963
209.16609699999964
209.24217699999963
209.31791699999962
209.38931099999962
209.4575899999996
209.5233029999996
209.5941709999996
209.6747899999996
209.7658179999996
209.8422569999996
209.9185569999996
209.99097999999958
210.0669409999996
210.1430039999996
210.2229049999996
210.2882959999996
210.3680049999996
210.4373839999996
210.5048399999996
210.6069239999996
210.6873429999996
210.7535689999996
210.8250959999996
210.8895899999996
210.9599699999996
211.0308459999996
211.0973999999996
211.1610849999996
211.23342799999958
211.30611799999957
211.38440799999958
211.45483599999957
211.53937399999958
211.59851199999957
211.67037199999956
211.73569299999957
211.79390999999958
211.8571159999996
211.9313589999996
212.01683699999958
212.07606599999957
212.14721299999957
212.22830999999957
212.30263299999956
212.35914199999957
212.42171299999956
212.48312599999954
212.54242299999953
212.60718799999952
212.67453899999953
212.73787699999951
212.81844199999952
212.88821599999952
212.94902799999952
213.01422799999952
213.0719129999995
213.13223799999952
213.18956999999952
213.24903699999953
213.31544499999953
213.37476999999953
213.45824399999952
213.51801799999953
213.58423199999953
213.64599599999954
213.72112799999954
213.78498999999954
213.86938199999955
213.93648399999955
214.00320399999956
214.06720099999956
214.14311399999957
214.21206599999957
214.27235399999958
214.35571499999958
214.41232699999958
214.4701859999996
214.5274389999996
214.5910629999996
214.66384499999958
214.7332329999996
214.79875299999958
214.86161599999957
214.93176799999958
214.9904939999996
215.0594639999996
215.1248459999996
215.19668299999958
215.2588179999996
215.3224889999996
215.3819849999996
215.46009999999958
215.5641789999996
215.6308309999996
215.6915679999996
215.7743439999996
215.84683399999957
215.90977499999957
215.97816399999957
216.03620399999957
216.10581999999957
216.16846499999957
216.22922899999958
216.3017089999996
216.3776359999996
216.4407639999996
216.5033579999996
216.58890599999958
216.6589879999996
216.7430999999996
216.8026989999996
216.8645209999996
216.9436899999996
217.0062099999996
217.0853729999996
217.1592419999996
217.2243189999996
217.3033269999996
217.3761539999996
217.44658199999958
217.5224959999996
217.5847239999996
217.6533109999996
217.7257729999996
217.7924239999996
217.85599299999961
217.92861099999962
218.0141459999996
218.10326599999962
218.1710949999996
218.25265999999962
218.32342499999962
218.39377699999963
218.47660199999964
218.56459699999965
218.63907099999966
218.71381499999967
218.78362499999966
218.85836799999967
218.93545699999967
219.00830599999966
219.08284799999967
219.15853699999968
219.2278799999997
219.29281399999968
219.38651999999968
219.47294199999968
219.5389039999997
219.60809499999968
219.68294399999968
219.74206899999967
219.80738199999968
219.8721959999997
219.9397459999997
220.0216509999997
220.1062699999997
220.1780239999997
220.2371719999997
220.3017399999997
220.36590199999972
220.4232729999997
220.5262639999997
220.6061479999997
220.6672199999997
220.7480719999997
220.7967049999997
220.8736929999997
220.93329299999968
220.9926589999997
221.0654239999997
221.1235419999997
221.1745679999997
221.2293019999997
221.3102299999997
221.3663289999997
221.4185489999997
221.4821279999997
221.5594859999997
221.6374879999997
221.7014409999997
221.7813689999997
221.8554869999997
221.9213859999997
221.9854139999997
222.0564459999997
222.1153929999997
222.1678639999997
222.2184169999997
222.2773069999997
222.3267619999997
222.3928839999997
222.4426369999997
222.4996559999997
222.5545049999997
222.6112589999997
222.6735429999997
222.7380049999997
222.8021919999997
222.85204599999972
222.91284499999972
222.99255899999972
223.0668829999997
223.13189899999972
223.19213199999973
223.25304499999973
223.31161899999972
223.3892989999997
223.4543019999997
223.5289279999997
223.5936129999997
223.65828899999968
223.72527099999968
223.78355499999967
223.84067999999968
223.91159899999968
223.9912839999997
224.0577579999997
224.12377399999968
224.20573199999967
224.27007299999968
224.3392779999997
224.4062219999997
224.4757879999997
224.54810099999972
224.61014699999973
224.66927999999973
224.74149599999973
224.80604099999974
224.87874699999975
224.94216399999974
225.02109599999974
225.09159399999973
225.16078699999974
225.22780499999973
225.29615799999974
225.36147799999975
225.47845699999974
225.54723199999972
225.6128099999997
225.6784169999997
225.75303899999972
225.84070599999973
225.89905199999973
225.96031099999973
226.03093499999974
226.09596699999975
226.15654999999975
226.21614899999975
226.29080799999974
226.36022299999973
226.42368899999974
226.48228199999974
226.55665599999975
226.61998199999974
226.69467899999972
226.75364399999972
226.80890399999973
226.86335599999973
226.91853699999973
226.98189699999972
227.04790699999973
227.10035399999973
227.15729099999973
227.21247299999973
227.27872999999974
227.34736199999975
227.41202199999975
227.49295399999974
227.54622599999973
227.61452699999973
227.68710599999972
227.7584559999997
227.83448299999972
227.9026949999997
227.96989599999972
228.03844999999973
228.10139899999973
228.16898799999973
228.23282099999972
228.3022009999997
228.3795509999997
228.4380209999997
228.50253299999972
228.5628859999997
228.66362199999972
228.72224799999972
228.7891419999997
228.8530869999997
228.9138919999997
228.9774619999997
229.0398229999997
229.1171289999997
229.18882899999969
229.24839299999968
229.30778499999968
229.37621799999968
229.4501499999997
229.52037799999968
229.57891899999967
229.66188499999967
229.72505599999968
229.7883309999997
229.85495199999968
229.90991499999967
229.97576099999966
230.04141599999966
230.09221499999967
230.14886599999966
230.20555899999965
230.26608299999964
230.33209699999964
230.42416899999964
230.48050099999963
230.54661799999963
230.62414099999964
230.67265999999964
230.72913899999963
230.78187199999962
230.84671399999962
230.89682599999963
230.95740499999962
231.02666499999964
231.08538799999963
231.16325699999962
231.22925699999962
231.30171999999962
231.3659219999996
231.43394899999961
231.4935489999996
231.5683069999996
231.6339039999996
231.7138109999996
231.7861339999996
231.8524419999996
231.9142929999996
231.97501799999958
232.06387299999957
232.13322699999958
232.21334199999959
232.2857449999996
232.3816239999996
232.4790619999996
232.5499869999996
232.6267579999996
232.6961439999996
232.77655999999962
232.84367599999962
232.9074509999996
232.97739999999962
233.0423699999996
233.1121359999996
233.18152999999958
233.25546099999957
233.32746099999957
233.39747599999959
233.46169899999958
233.53534399999958
233.60220399999957
233.67193099999957
233.73934699999958
233.8238619999996
233.8924139999996
233.98130799999961
234.06233199999963
234.13853699999962
234.19766799999962
234.26712599999962
234.3318479999996
234.3958049999996
234.4574489999996
234.5288769999996
234.5949689999996
234.6796649999996
234.7767219999996
234.83156399999962
234.90164599999963
234.97179599999964
235.04200999999964
235.10107499999964
235.15713999999963
235.21227899999963
235.2706299999996
235.33740299999963
235.39807899999963
235.45979999999963
235.51980699999964
235.56954099999965
235.61732399999966
235.67449899999966
235.72569599999966
235.80409799999967
235.85356099999967
235.92698799999968
235.9944719999997
236.05009599999968
236.10457199999968
236.15818399999966
236.21552699999967
236.26551599999968
236.3276059999997
236.3813089999997
236.4483539999997
236.50299499999971
236.5533749999997
236.6195049999997
236.67631099999969
236.74864399999967
236.80970499999967
236.87662499999968
236.94950799999967
237.01120499999968
237.06824599999968
237.12311699999967
237.18270499999966
237.26431699999966
237.32723399999966
237.39035999999967
237.4460099999997
237.5196519999997
237.5822029999997
237.6552879999997
237.7119889999997
237.7655289999997
237.8215979999997
237.87710199999972
237.93726299999972
238.03834899999973
238.13179399999973
238.19438799999972
238.26148699999973
238.33505699999972
238.40824899999973
238.48076799999973
238.54639899999972
238.61911899999973
238.67838299999974
238.76028599999975
238.83860299999975
238.89939599999974
238.96737699999974
239.06675599999974
239.13474499999975
239.19010299999977
239.25293899999977
239.32514799999976
239.41330799999974
239.49574599999974
239.57545999999974
239.64543599999973
239.71680999999973
239.78925399999972
239.8523969999997
239.91465699999972
239.9838139999997
240.05707199999972
240.1148939999997
240.1917019999997
240.2615539999997
240.3335649999997
240.4207079999997
240.5128059999997
240.6001709999997
240.6784009999997
240.75134099999968
240.81292899999968
240.87708399999968
240.9460439999997
241.0207229999997
241.07956699999968
241.1410269999997
241.2134319999997
241.2839229999997
241.3663679999997
241.4406479999997
241.5006689999997
241.5635859999997
241.6267799999997
241.70052499999971
241.7706829999997
241.84171099999972
241.9093589999997
241.9903259999997
242.0527369999997
242.11524199999968
242.19450299999968
242.25769499999967
242.34595499999966
242.41204799999966
242.48168899999965
242.56555399999965
242.63502499999964
242.71848799999964
242.78591399999965
242.85137399999965
242.93248899999966
243.01243899999966
243.08307499999967
243.15943499999966
243.23215699999966
243.30358099999967
243.38113499999966
243.45121599999965
243.52499299999965
243.60358399999964
243.67989699999964
243.75847999999965
243.83795699999965
243.92244599999964
243.99298899999962
244.0807779999996
244.15686099999962
244.2360819999996
244.3140209999996
244.39099199999959
244.4695779999996
244.5499499999996
244.6269869999996
244.70263699999958
244.78561499999958
244.86832299999958
244.95236999999958
245.04112599999957
245.11759799999956
245.21436399999956
245.28979899999956
245.35880599999956
245.43908999999957
245.52216599999957
245.59171799999956
245.67870399999956
245.80073799999957
245.88732799999957
245.95667499999956
246.03238199999956
246.11622699999955
246.19741999999957
246.28243999999955
246.34903999999955
246.42598899999956
246.53045399999957
246.62204099999957
246.69722999999956
246.77701399999955
246.85763699999956
246.93532499999955
247.01385399999955
247.08205799999956
247.16514299999957
247.23718599999958
247.3143719999996
247.3981839999996
247.4627849999996
247.5382049999996
247.6237729999996
247.7026059999996
247.7771539999996
247.8630749999996
247.94003799999962
248.02480099999963
248.10200499999962
248.18417299999962
248.2695739999996
248.3492439999996
248.4490319999996
248.5260509999996
248.6126979999996
248.6976249999996
248.7805649999996
248.8721779999996
248.9610599999996
249.04443799999962
249.1252099999996
249.19446999999963
249.26953699999962
249.34121799999963
249.41364999999962
249.48283599999962
249.54294799999963
249.62673199999963
249.69545699999964
249.76014699999965
249.82719699999964
249.89802699999964
249.98167399999966
250.04780999999966
250.12403499999965
250.18930399999965
250.28113399999964
250.36085699999964
250.43242999999964
250.51700599999964
250.58002599999963
250.66555499999964
250.74557099999964
250.82550899999964
250.89237499999965
250.95853599999964
251.03215099999963
251.09662599999962
251.16724899999963
251.23775599999962
251.30815299999963
251.38568199999963
251.47817699999965
251.55263799999966
251.62973899999966
251.71076599999967
251.77798399999966
251.85240599999966
251.94227599999965
252.01852499999964
252.09285699999964
252.15353199999964
252.21642799999964
252.27836399999964
252.34754099999964
252.41823599999964
252.50302299999964
252.60375199999964
252.68020599999966
252.75202099999964
252.83905899999965
252.92394399999966
252.98982499999966
253.06703399999967
253.14171899999965
253.20749499999965
253.30537499999966
253.36994599999966
253.44618299999965
253.53603599999965
253.61009199999967
253.68891399999967
253.75885599999967
253.83572799999968
253.91013899999967
253.97946399999967
254.04040899999967
254.11585399999967
254.18371599999966
254.24770699999965
254.32985199999965
254.40719399999963
254.48720999999964
254.54789899999963
254.60603199999963
254.68286199999963
254.74578499999964
254.81057799999965
254.87572199999966
254.95282299999965
255.02519999999964
255.11012299999965
255.18760499999965
255.27844399999964
255.34917899999965
255.41954999999965
255.50168099999965
255.57242599999964
255.64630999999963
255.72433099999964
255.80930999999964
255.89239899999964
255.97162499999965
256.04812199999964
256.1275819999996
256.20860599999963
256.2814889999996
256.35945299999963
256.43277799999964
256.5085909999996
256.5858619999996
256.6635899999996
256.7419049999996
256.82879899999955
256.91367699999955
256.9936159999996
257.0804879999996
257.1686329999996
257.2592399999996
257.3303109999996
257.4147949999996
257.49173399999955
257.58530999999954
257.65787199999954
257.7410019999995
257.8354599999995
257.9191209999995
258.0027779999995
258.0964169999995
258.1610189999995
258.2553099999995
258.3388579999995
258.4203329999995
258.5057799999995
258.59251699999953
258.6771519999995
258.7634769999995
258.84431799999953
258.91924099999954
259.02173199999953
259.1000219999995
259.1952119999995
259.2853999999995
259.3819939999995
259.47127699999953
259.5464779999995
259.62851699999953
259.7037689999995
259.7828929999995
259.85746999999947
259.9372999999995
260.03925599999945
260.1263569999995
260.2109349999995
260.2931299999995
260.37736899999953
260.4588979999995
260.5589389999995
260.6385469999995
260.7187519999995
260.7983789999995
260.8969619999995
260.9912849999995
261.0757109999995
261.1557229999995
261.2452139999995
261.33350899999954
261.4199259999995
261.5244369999995
261.6322609999995
261.7350179999995
261.8265119999995
261.9097109999995
262.0269859999995
262.1349649999995
262.2304349999995
262.3215479999995
262.4125189999995
262.50778899999955
262.61229599999956
262.72465099999954
262.8355229999995
262.9228829999995
263.0073169999995
263.09655099999947
263.19392599999946
263.3080639999995
263.4059499999995
263.5029609999995
263.5966049999995
263.6891949999995
263.7911379999995
263.8811529999995
264.01372199999946
264.10554699999943
264.20360899999946
264.30530599999946
264.40847199999945
264.51332599999944
264.59838699999943
264.6887029999994
264.7891319999994
264.88303599999944
264.98448099999945
265.07532599999945
265.18931799999945
265.27895099999944
265.38015699999943
265.4860259999994
265.5698459999994
265.6524829999994
265.7283109999994
265.8075189999994
265.8962539999994
265.9743269999994
266.0747099999994
266.1666079999994
266.25406699999945
266.3420179999994
266.4244449999994
266.5063059999994
266.58347899999944
266.6678959999994
266.7519399999994
266.8474229999994
266.9275389999994
266.9979839999994
267.0726269999994
267.1440149999994
267.2192269999994
267.3009639999994
267.3945649999994
267.51062999999937
267.59974199999937
267.67286999999936
267.7516889999994
267.8327779999994
267.9179649999994
267.9894449999994
268.0707649999994
268.15907999999945
268.24619199999944
268.32125099999945
268.40504199999947
268.4900919999995
268.5644289999995
268.6420139999995
268.7113979999995
268.78190499999954
268.86153899999954
268.93979899999954
269.00866499999955
269.13372699999957
269.2111059999996
269.29464499999955
269.36717999999956
269.45386199999956
269.5241659999996
269.6134389999996
269.69208399999957
269.76244599999956
269.84257399999956
269.9400529999996
270.0357309999996
270.1045799999996
270.1779239999996
270.26158199999963
270.36653399999966
270.4523309999997
270.55241199999966
270.62739499999964
270.70851199999964
270.7892559999996
270.88460299999963
270.96055699999965
271.04173999999966
271.11881099999965
271.2100959999997
271.2890969999997
271.3742609999997
271.4724309999997
271.5414189999997
271.61664299999967
271.7066499999997
271.7931439999997
271.8807189999997
271.96383199999974
272.03904799999975
272.12633499999976
272.20599899999974
272.2956149999997
272.3636559999997
272.4450699999997
272.5212619999997
272.5952889999997
272.6977389999997
272.78392599999967
272.86448999999965
272.93654199999963
273.01123599999966
273.0894659999997
273.16147699999965
273.23082699999964
273.30478499999964
273.39240799999965
273.46795999999966
273.54381599999965
273.62536899999964
273.71542399999964
273.79082199999965
273.87551299999967
273.96658499999967
274.04986699999967
274.12209999999965
274.19431099999963
274.26522299999965
274.33337599999965
274.4190769999996
274.4984679999996
274.5886349999996
274.6641549999996
274.7400439999996
274.8221419999996
274.90398999999957
274.9807979999996
275.0658369999996
275.13302799999957
275.2122999999996
275.2836209999996
275.3533699999996
275.4398529999996
275.50974299999956
275.58494999999954
275.65600199999955
275.72991399999955
275.79687199999955
275.86518699999954
275.93892399999953
276.0333739999995
276.1098589999995
276.1752859999995
276.2564729999995
276.35282599999954
276.4255119999995
276.5008649999995
276.5806429999995
276.6556399999995
276.7326239999995
276.8070319999995
276.88025999999945
276.9625859999995
277.0446899999995
277.11965099999946
277.1946809999995
277.2801249999995
277.3677439999995
277.4341499999995
277.5093379999995
277.5850239999995
277.6590309999995
277.7294109999995
277.7986409999995
277.8745009999995
277.9401659999995
278.0374539999995
278.1265219999995
278.1948239999995
278.2764659999995
278.3641559999995
278.44272999999953
278.51369199999954
278.5956709999995
278.6716359999995
278.7466809999995
278.8276399999995
278.91440199999954
278.98438899999957
279.04880699999956
279.1276189999996
279.2016179999996
279.2871089999996
279.3848239999996
279.4635239999996
279.5607369999996
279.6605649999996
279.7288829999996
279.7979629999996
279.91072499999956
279.9943109999996
280.0709849999996
280.1545089999996
280.24226699999963
280.3332309999996
280.4122899999996
280.4935219999996
280.5820959999996
280.6766979999996
280.7607589999996
280.8481709999996
280.9216269999996
280.9875649999996
281.0616709999996
281.1333099999996
281.2029279999996
281.2713749999996
281.35238899999956
281.4214079999996
281.4931869999996
281.5588409999996
281.6326359999996
281.7157729999996
281.7902699999996
281.88367899999963
281.95254799999964
282.0202979999996
282.0922099999996
282.15764999999965
282.2263299999996
282.29533099999963
282.38004299999966
282.46666299999964
282.5440099999996
282.62307099999964
282.71361399999967
282.7886259999997
282.8717019999997
282.94382599999966
283.01347299999964
283.09494199999966
283.1743399999997
283.2496049999997
283.3378749999997
283.4142209999997
283.5089039999997
283.57927099999966
283.65131899999966
283.73140699999965
283.81110899999965
283.88612799999964
283.96589599999965
284.04906799999964
284.1411549999996
284.2217129999996
284.3016849999996
284.3751089999996
284.4385129999996
284.51165199999963
284.58308699999964
284.65582299999966
284.72328299999964
284.79164999999966
284.87687699999964
284.96926699999966
285.04928199999966
285.13632999999965
285.21969099999967
285.3005799999997
285.3802939999997
285.4556979999997
285.5225239999997
285.5929389999997
285.6640499999997
285.7496899999997
285.8278469999997
285.90663499999965
285.98341799999963
286.0614129999996
286.1498789999996
286.2162239999996
286.2953129999996
286.3770449999996
286.4535039999996
286.5265179999996
286.59909399999964
286.68732999999963
286.7662979999996
286.8441279999996
286.9167839999996
286.9892329999996
287.06354199999964
287.13632299999966
287.2234899999997
287.3097639999997
287.3837129999997
287.4528409999997
287.5248309999997
287.5957389999997
287.6657979999997
287.7339279999997
287.8062029999997
287.8965029999997
287.9787539999997
288.0582799999997
288.1548109999997
288.2427969999997
288.31640999999973
288.3993819999997
288.47148799999974
288.55853099999973
288.6286199999997
288.70032699999973
288.77799699999974
288.85057599999976
288.92325499999976
288.99029899999977
289.0745859999998
289.1408139999998
289.2069719999998
289.2807679999998
289.3575819999998
289.4325359999998
289.5170229999998
289.5879059999998
289.6523669999998
289.7257219999998
289.8007799999998
289.8747599999998
289.9640989999998
290.0444839999998
290.1101349999998
290.17442099999977
290.27333099999976
290.33606699999973
290.4218059999997
290.4904139999997
290.5609709999997
290.6314929999997
290.7168009999997
290.7920579999997
290.8942069999997
290.9628699999997
291.0316119999997
291.1059999999997
291.17783499999973
291.25522899999976
291.31633399999976
291.39324799999974
291.4763099999997
291.5446039999997
291.6262199999997
291.6880309999997
291.7768959999997
291.8393649999997
291.9016779999997
291.9824589999997
292.0607629999997
292.14817599999975
292.22306199999974
292.29397999999975
292.36260299999975
292.4480139999998
292.5280059999998
292.6019439999998
292.67935099999977
292.74708499999974
292.8216139999997
292.89756899999975
292.9684799999998
293.04057299999977
293.1155879999998
293.1832799999998
293.2661299999998
293.3488579999998
293.41692799999976
293.48300699999976
293.56948599999976
293.63827399999974
293.70996399999973
293.77833899999973
293.84524799999974
293.91816499999976
293.9832939999998
294.05386299999975
294.11651299999977
294.1808959999998
294.2557909999998
294.3324529999998
294.4136629999998
294.4885659999998
294.5551049999998
294.6225479999998
294.7036999999998
294.7711559999998
294.8410309999998
294.90453399999984
294.96481899999986
295.02214499999985
295.10002299999985
295.16355299999987
295.24212599999987
295.3048179999999
295.3795109999999
295.4433609999999
295.50678199999993
295.5966379999999
295.6639189999999
295.72883999999993
295.8006189999999
295.8688659999999
295.93468999999993
296.01690399999995
296.09756799999997
296.155219
296.22267999999997
296.29416399999997
296.35691899999995
296.41720899999996
296.487986
296.58570699999996
296.65053099999994
296.7301279999999
296.8033439999999
296.89134299999995
296.96948699999996
297.033511
297.121181
297.18413599999997
297.24505
297.306896
297.371099
297.43838800000003
297.511276
297.593366
297.678024
297.754323
297.837019
297.911461
297.993835
298.080273
298.15122399999996
298.22672199999994
298.28717499999993
298.3599939999999
298.4294319999999
298.5046289999999
298.5677469999999
298.6675909999999
298.7444729999999
298.8170539999999
298.88515399999994
298.95300999999995
299.03140999999994
299.10912299999995
299.189671
299.26906499999996
299.34160099999997
299.40747999999996
299.473978
299.548557
299.622295
299.695844
299.77015400000005
299.845273
299.92219900000003
299.99718800000005
300.07954500000005
300.15738300000004
300.23111000000006
300.30345300000005
300.39723200000003
300.47924
300.546829
300.614762
300.675946
300.748405
300.817232
300.883663
300.954202
301.03004500000003
301.09566500000005
301.1594830000001
301.23860900000005
301.31388400000003
301.391788
301.451744
301.528657
301.587588
301.656794
301.721358
301.797776
301.88143
301.946047
302.008757
302.070509
302.135864
302.19704
302.265866
302.334014
302.40688800000004
302.489228
302.56275800000003
302.64258400000006
302.7161960000001
302.8027410000001
302.88267800000006
302.95667800000007
303.0236950000001
303.0911400000001
303.1532960000001
303.21720800000014
303.29415200000017
303.3640050000002
303.4266920000002
303.4898410000002
303.56261500000016
303.6365260000002
303.7071540000002
303.7862700000002
303.8524320000002
303.92496100000017
303.9847040000002
304.0509460000002
304.1203050000002
304.1930650000002
304.26197400000024
304.3304910000002
304.40029700000025
304.47265400000026
304.54027400000024
304.62638300000026
304.6920270000003
304.7659340000003
304.8421670000003
304.9105230000003
304.97679400000027
305.0395080000003
305.1167610000003
305.1729530000003
305.2436920000003
305.3116620000003
305.4004840000003
305.4742090000003
305.54439900000034
305.6025420000003
305.6576070000003
305.7243430000003
305.8001290000003
305.8693150000003
305.9382860000003
305.9975940000003
306.0796320000003
306.1417620000003
306.1978650000003
306.25745600000033
306.3324810000003
306.3879340000003
306.4753460000003
306.55194600000027
306.61505900000026
306.68994800000024
306.76897800000023
306.8411890000002
306.9059490000002
306.9784240000002
307.0489980000002
307.11862800000023
307.18105000000025
307.24472100000025
307.31656900000024
307.39419400000025
307.46986500000025
307.54643700000025
307.62978200000026
307.6932860000003
307.7556690000003
307.8203030000003
307.8804440000003
307.9473470000003
308.0192570000003
308.0888080000003
308.16570900000033
308.23728100000034
308.3043110000003
308.3989620000003
308.4741020000003
308.5483600000003
308.60623100000026
308.67577500000027
308.7382430000003
308.8165880000003
308.8802170000003
308.9527990000003
309.01013600000033
309.0703860000003
309.13152600000035
309.18969700000036
309.26320800000036
309.33428200000037
309.3997660000004
309.4720830000004
309.5437310000004
309.6211100000004
309.68922600000036
309.76332300000036
309.8162650000003
309.89227100000033
309.9723360000003
310.0439590000003
310.1125150000003
310.1770260000003
310.2396520000003
310.30658100000034
310.3918720000003
310.4794570000003
310.54908400000033
310.63511100000034
310.69805500000035
310.77311800000035
310.84397600000034
310.91644300000036
310.9960690000004
311.0586940000004
311.1382560000004
311.2005410000004
311.27696500000036
311.33806700000036
311.40960200000035
311.4783020000003
311.56668700000034
311.63573200000036
311.7079930000004
311.7726920000004
311.8542200000004
311.92589400000037
311.99448200000035
312.06308700000034
312.13350200000036
312.2065960000004
312.2840900000004
312.3508010000004
312.4209050000004
312.4839230000004
312.5472040000004
312.62795700000044
312.6953960000004
312.7599260000004
312.8366990000004
312.9067510000004
312.9942590000004
313.0701980000004
313.1464000000004
313.22378100000043
313.2937110000004
313.3692100000004
313.4565610000004
313.54132400000043
313.61108500000046
313.67538300000047
313.7405540000005
313.80787900000047
313.87480100000045
313.94378700000044
314.01177600000045
314.07784100000043
314.14245000000045
314.1992670000005
314.25880500000045
314.32077300000043
314.3843110000004
314.44827000000043
314.5202580000004
314.57741100000044
314.64936400000045
314.71612000000044
314.79183700000044
314.8548880000004
314.93043900000043
314.9961890000004
315.0589140000004
315.1303310000004
315.1933240000004
315.2687000000004
315.3315250000004
315.4056840000004
315.4750840000004
315.5420570000004
315.6268240000004
315.7041350000004
315.7718550000004
315.8575270000004
315.9285860000004
316.00825100000037
316.0733570000004
316.1331740000004
316.1957720000004
316.2533760000004
316.3214020000004
316.3868240000004
316.44926500000037
316.5160110000004
316.5759960000004
316.64309000000037
316.7134140000004
316.7748170000004
316.8539980000004
316.9245140000004
316.9846310000004
317.05655200000035
317.12042600000035
317.19013000000035
317.25681500000036
317.32044600000035
317.40937100000036
317.4986350000004
317.56019400000037
317.6239010000004
317.6958960000004
317.7751230000004
317.8490590000004
317.9103050000004
318.0089120000004
318.0792130000004
318.1369120000004
318.2004030000004
318.2651140000004
318.3371940000004
318.40153000000043
318.47486100000043
318.5515550000004
318.6206670000004
318.6947830000004
318.7823190000004
318.85548500000044
318.92089400000043
318.9960540000004
319.0699710000004
319.1444960000004
319.2306720000004
319.3127620000004
319.3776330000004
319.4509890000004
319.5199660000004
319.61427000000043
319.70140000000043
319.7691780000004
319.8558960000004
319.9464960000004
320.03114000000045
320.10757400000045
320.18243300000046
320.26387000000045
320.34514800000045
320.41186000000044
320.48448100000047
320.5609340000005
320.6358820000005
320.7192560000005
320.7972640000005
320.8676280000005
320.94970400000045
321.02146300000044
321.0962420000004
321.16868300000044
321.2478050000004
321.3182170000004
321.3959310000004
321.47832400000044
321.55632900000046
321.63935800000047
321.72194200000047
321.79554100000047
321.8625620000005
321.9495790000005
322.03300200000047
322.11473900000044
322.22442300000046
322.3123550000005
322.38618400000047
322.4703340000005
322.5486820000005
322.6200010000005
322.6951150000005
322.7627330000005
322.8245040000005
322.9040630000005
322.9732070000005
323.0448080000005
323.1126460000005
323.1797380000005
323.25271800000047
323.3162080000005
323.3855480000005
323.4540720000005
323.5235130000005
323.5905060000005
323.6586990000005
323.73033000000055
323.7980860000005
323.8650420000005
323.9342760000005
324.0024520000005
324.0740280000005
324.1457830000005
324.2130760000005
324.28831200000053
324.35999300000054
324.4333980000005
324.50280600000053
324.56917100000055
324.64437200000054
324.7232040000005
324.8015390000005
324.8768120000005
324.9637160000005
325.0307890000005
325.11002500000046
325.1892940000005
325.26083000000045
325.3280470000005
325.40512400000046
325.47818800000044
325.55286800000044
325.62098700000047
325.71228800000046
325.7942780000005
325.8909490000005
325.9590370000005
326.0214590000005
326.09216700000053
326.18683700000054
326.25802400000055
326.33821900000055
326.40662300000054
326.48589800000053
326.5564660000005
326.6380870000005
326.7118490000005
326.77658300000047
326.85905400000047
326.94157600000045
327.02917900000045
327.10289400000045
327.16697600000043
327.23422600000043
327.30392800000044
327.37770000000046
327.4492210000005
327.5167410000005
327.6046170000005
327.6703590000005
327.7444700000005
327.8084290000005
327.8799550000005
327.9502070000005
328.04428100000047
328.13132300000046
328.2023740000005
328.27325600000046
328.34285700000044
328.4208060000004
328.5171280000004
328.6083630000004
328.6792170000004
328.7445720000004
328.8160050000004
328.8963410000004
328.9694610000004
329.0443710000004
329.1173640000004
329.1912490000004
329.27738600000043
329.36340900000044
329.45353500000044
329.52336700000046
329.59663400000045
329.66928500000046
329.74711700000046
329.8237940000005
329.90546400000045
329.98023600000045
330.05750000000046
330.1357320000005
330.21251200000046
330.28115800000046
330.37552400000044
330.4549650000004
330.5392860000004
330.6098590000004
330.68468700000045
330.78103000000044
330.86010500000043
330.9493540000004
331.01997800000044
331.1110530000004
331.1919130000004
331.2732190000004
331.3442500000004
331.4170110000004
331.4939760000004
331.57300400000037
331.65353900000036
331.73662700000034
331.81806600000033
331.89428900000036
331.9845830000003
332.0647620000003
332.13472700000034
332.21691700000036
332.29774400000036
332.37565300000034
332.47367500000036
332.55772100000036
332.64348600000034
332.72748500000034
332.80204900000035
332.8898220000004
332.96795500000036
333.04518400000035
333.12558400000034
333.20018700000037
333.28612500000037
333.3582510000004
333.4503190000004
333.54026800000037
333.61581300000034
333.7009480000003
333.78332600000033
333.8640000000003
333.9428280000003
334.0241210000003
334.1079230000003
334.19227400000034
334.28527900000034
334.37206300000037
334.45112200000034
334.54956800000036
334.63286800000037
334.72216700000035
334.81713700000034
334.92295700000034
335.00551800000034
335.09104100000036
335.18543000000034
335.2736480000003
335.3560370000003
335.4586790000003
335.5546080000003
335.6414700000003
335.7427340000003
335.83330000000035
335.9321290000004
336.02768900000035
336.12688900000035
336.21462100000036
336.30605100000037
336.39827200000036
336.48409400000037
336.57969000000037
336.67318100000034
336.76054000000033
336.85194200000035
336.93817500000034
337.03301900000037
337.12963200000036
337.22410900000034
337.3159500000003
337.41516300000035
337.52028500000034
337.62501300000037
337.7042370000004
337.7841870000004
337.8858090000004
337.9740110000004
338.0643410000004
338.1553770000004
338.2548850000004
338.3417220000004
338.4192660000004
338.5076490000004
338.6083580000004
338.6890710000004
338.7679820000004
338.86253400000044
338.9333700000004
339.03461100000044
339.1329390000004
339.2290170000004
339.3052370000004
339.3786780000004
339.4494320000004
339.5267810000004
339.60719700000044
339.6765030000004
339.7551930000004
339.8567380000004
339.9426890000004
340.0124210000004
340.1074350000004
340.1890780000004
340.2700690000004
340.3640430000004
340.45084100000037
340.53554500000035
340.62965900000034
340.70516200000037
340.7882150000004
340.86913700000036
340.94242000000037
341.03043400000035
341.10321700000037
341.17875600000036
341.2719120000004
341.3708380000004
341.4580100000004
341.5600780000004
341.6403830000004
341.72324100000037
341.80146300000035
341.89629100000036
341.97151300000036
342.0418190000004
342.1284240000004
342.2065290000004
342.2860730000004
342.3684720000004
342.4471270000004
342.53807800000044
342.61130800000046
342.6949620000005
342.7841860000005
342.8740240000005
342.9472410000005
343.03545800000046
343.1177870000005
343.21117900000047
343.2879720000005
343.36042900000047
343.4352850000005
343.5388000000005
343.6103810000005
343.6906200000005
343.78243900000047
343.87110100000046
343.9455060000005
344.0431240000005
344.1315340000005
344.2187410000005
344.2959410000005
344.3862210000005
344.4782520000005
344.5674830000005
344.6547100000005
344.7360210000005
344.8105640000005
344.8849750000005
344.9643660000005
345.0516590000005
345.13454100000047
345.2126580000005
345.28374300000047
345.35461900000047
345.4432980000005
345.52872500000046
345.63118600000047
345.7239150000005
345.8129810000005
345.9035710000005
345.98170900000054
346.08018500000054
346.16170200000056
346.23195100000055
346.31896500000056
346.39992300000057
346.48196600000057
346.56151700000055
346.63957700000054
346.7401110000005
346.82179000000053
346.89331300000055
346.9609360000006
347.04420400000055
347.1228360000006
347.1978990000006
347.27612100000056
347.34820800000057
347.42420000000055
347.49102000000056
347.57570600000054
347.65925800000053
347.7475870000005
347.8184190000005
347.9140120000005
348.0267450000005
348.10635100000053
348.19381800000053
348.27100900000056
348.35476200000056
348.4259470000006
348.5014370000006
348.5734520000006
348.6445340000006
348.7220500000006
348.7951920000006
348.8761030000006
348.95520900000065
349.0293150000006
349.1038810000006
349.19258600000063
349.2847450000006
349.3655230000006
349.45300800000064
349.5303540000006
349.6103560000006
349.7148070000006
349.7908530000006
349.8682740000006
349.9538260000006
350.0163670000006
350.1048290000006
350.1795370000006
350.2552690000006
350.32822900000065
350.40903600000064
350.47644000000065
350.54612800000064
350.6389610000006
350.74573800000064
350.83388200000064
350.91808500000064
351.00157200000064
351.07618100000064
351.15417500000063
351.22056900000064
351.2921700000006
351.37177700000063
351.44334200000065
351.52333400000066
351.59700800000064
351.6695360000006
351.7519580000006
351.8270280000006
351.9238130000006
351.9928690000006
352.0741180000006
352.15964400000064
352.23729400000065
352.31767000000065
352.3942760000007
352.4836110000007
352.5803920000007
352.6712280000007
352.75241000000074
352.8433550000007
352.9246940000007
353.00062800000075
353.0931510000008
353.1772190000008
353.25417900000076
353.34277400000076
353.41805900000077
353.5025680000008
353.5846180000008
353.6671550000008
353.7277860000008
353.80035300000077
353.87182400000074
353.95589800000073
354.0215800000007
354.0962660000007
354.1834050000007
354.2548140000007
354.3317630000007
354.3992400000007
354.4831530000007
354.5761900000007
354.6460950000007
354.7213200000007
354.79071300000066
354.87818900000065
354.94899100000066
355.02826900000065
355.12940500000065
355.20896300000067
355.3047770000007
355.37368000000066
355.45921000000067
355.53837500000066
355.61374800000067
355.7095620000007
355.7807880000007
355.8634940000007
355.94577100000066
356.01802700000064
356.1090860000006
356.1849190000006
356.2567160000006
356.3358030000006
356.40396700000065
356.47700000000066
356.54628300000064
356.6271400000006
356.6956540000006
356.7648280000006
356.8450840000006
356.92531600000063
357.0044570000006
357.0748020000006
357.1667260000006
357.2502050000006
357.3335310000006
357.4041910000006
357.4864730000006
357.5602490000006
357.6432870000006
357.7236430000006
357.7937610000006
357.8907040000006
357.9608060000006
358.03306600000064
358.1034760000006
358.1881110000006
358.26532500000064
358.3579360000006
358.43204900000063
358.50258500000064
358.57374300000066
358.64318800000063
358.73609700000065
358.81181200000066
358.89230400000065
358.95347100000066
359.0399610000007
359.1182470000007
359.1941180000007
359.2631400000007
359.3332330000007
359.4011030000007
359.48768400000074
359.56770200000074
359.64240600000073
359.7198350000007
359.78706100000073
359.85397500000073
359.9234140000007
360.0045780000007
360.0985540000007
360.1733970000007
360.2453680000007
360.32517500000074
360.39746800000074
360.4848110000007
360.5680580000007
360.65976900000067
360.7341960000007
360.8223080000007
360.9038910000007
360.9792790000007
361.0633210000007
361.1476620000007
361.2318140000007
361.3082090000007
361.3815650000007
361.4682450000007
361.5503180000007
361.62818400000066
361.71087800000066
361.79385400000064
361.88085100000063
361.9543180000006
362.0276780000006
362.1076050000006
362.1879090000006
362.2546200000006
362.3299250000006
362.4149480000006
362.4984580000006
362.5945670000006
362.6631840000006
362.75686000000064
362.82979700000067
362.90230300000064
362.97184000000067
363.0580460000007
363.1451720000007
363.2255430000007
363.29888300000067
363.38052800000065
363.4612790000007
363.53620800000067
363.6124590000007
363.6847040000007
363.7530360000007
363.8220670000007
363.8933950000007
363.9916190000007
364.0632120000007
364.1397360000007
364.2210580000007
364.2911310000007
364.3844110000007
364.46288200000066
364.53515600000065
364.60112300000065
364.6708180000007
364.7408070000007
364.8087670000007
364.8740600000007
364.9417660000007
365.0208800000007
365.10273300000074
365.1770380000007
365.2456370000007
365.3167180000007
365.3997300000007
365.4780230000007
365.5430390000007
365.6263940000007
365.6947600000007
365.7558450000007
365.8333950000007
365.9029180000007
365.96927400000067
366.0294290000007
366.1081100000007
366.1808070000007
366.2506830000007
366.3204640000007
366.3890000000007
366.4608830000007
366.5342790000007
366.6096720000007
366.6829580000007
366.7534060000007
366.84072900000075
366.92689200000075
367.02158100000077
367.08879300000075
367.16593400000073
367.24740400000076
367.32393600000074
367.38942600000075
367.46500200000077
367.54187000000076
367.61694100000074
367.6911780000007
367.78868200000073
367.8649260000007
367.94376100000073
368.02509900000075
368.09538700000076
368.1626270000008
368.2264110000008
368.2943770000008
368.3572770000008
368.4304350000008
368.4937600000008
368.5687290000008
368.6459280000008
368.72348400000084
368.7834020000008
368.85602800000083
368.94621000000086
369.01330900000085
369.09313900000086
369.16710600000084
369.24327700000083
369.3068670000008
369.3737900000008
369.4387880000008
369.5062880000008
369.5620230000008
369.6309200000008
369.6933720000008
369.7503030000008
369.82895900000085
369.89923500000083
369.9639240000008
370.0439590000008
370.12946100000084
370.1948050000008
370.26614700000084
370.32864200000085
370.39020000000085
370.45507900000086
370.52998200000087
370.58429400000085
370.64986000000084
370.71439900000087
370.7785840000009
370.85081800000086
370.91131200000086
370.96838700000086
371.05859800000087
371.13814300000087
371.20457100000084
371.27641700000083
371.3362870000008
371.4061040000008
371.4798000000008
371.5526130000008
371.6211330000008
371.6921860000008
371.76090700000077
371.8189030000008
371.90129000000076
371.96867800000075
372.03721600000074
372.10483900000077
372.1646110000008
372.23130200000077
372.2969970000008
372.36188500000077
372.4302310000008
372.5190420000008
372.5776010000008
372.6392030000008
372.7040630000008
372.7627630000008
372.8388120000008
372.9116420000008
372.97818400000085
373.04021900000083
373.11210200000085
373.17842100000087
373.23716100000087
373.29672200000084
373.3768820000008
373.4301960000008
373.49181100000084
373.56061100000085
373.6205080000008
373.68027300000085
373.73340700000085
373.80403300000086
373.86437600000085
373.9256000000008
373.9867790000008
374.04864000000083
374.1212100000008
374.1900590000008
374.2542660000008
374.32029200000085
374.39884800000084
374.48178000000087
374.5420700000009
374.60824700000086
374.66981000000084
374.73421700000085
374.80034100000086
374.8677640000009
374.9279890000009
375.0004540000009
375.0663120000009
375.1421570000009
375.2093800000009
375.2702910000009
375.3361170000009
375.40063400000093
375.46333300000094
375.5341730000009
375.6043570000009
375.6748690000009
375.7639800000009
375.8355060000009
375.8984190000009
375.9751950000009
376.0520940000009
376.1131370000009
376.1707800000009
376.2365730000009
376.3310660000009
376.3903660000009
376.48450400000087
376.5523770000009
376.6290860000009
376.6960910000009
376.77707900000087
376.8454700000009
376.9268290000009
377.0186080000009
377.0816160000009
377.1529810000009
377.2152630000009
377.2802920000009
377.3772180000009
377.4410650000009
377.5172970000009
377.5803970000009
377.6512510000009
377.7137160000009
377.7746400000009
377.8314330000009
377.90025200000093
377.96934200000095
378.046467000001
378.11055300000095
378.18196900000095
378.24515800000097
378.298443000001
378.377886000001
378.444919000001
378.515739000001
378.57890500000104
378.63946800000105
378.70755600000103
378.76387800000106
378.8196170000011
378.88888000000105
378.9497050000011
379.0117530000011
379.0807050000011
379.1511950000011
379.2078070000011
379.2649640000011
379.3356900000011
379.3935700000011
379.4452790000011
379.5039820000011
379.5625570000011
379.6169280000011
379.6639200000011
379.7133800000011
379.7732610000011
379.8364010000011
379.89990400000113
379.9645670000011
380.02570900000114
380.0842770000011
380.14332800000113
380.2007450000011
380.25792800000113
380.3318940000011
380.4003180000011
380.4607030000011
380.5235270000011
380.5947590000011
380.66469800000107
380.7147870000011
380.7703690000011
380.8231360000011
380.8951920000011
380.9825510000011
381.0357270000011
381.0938160000011
381.1415460000011
381.1908680000011
381.2658740000011
381.34753900000106
381.40744700000107
381.4659590000011
381.5218790000011
381.5655650000011
381.6194150000011
381.6770970000011
381.7203480000011
381.76520400000106
381.8153110000011
381.86131500000107
381.90688900000106
381.9554920000011
382.01979700000106
382.0704230000011
382.1356070000011
382.2067440000011
382.2841110000011
382.3449210000011
382.41877700000106
382.4867390000011
382.55926700000106
382.61832900000104
382.69174300000105
382.75086500000106
382.82007100000106
382.8890440000011
382.9473250000011
383.0135880000011
383.0816030000011
383.1355500000011
383.1950830000011
383.2688370000011
383.3264590000011
383.38554200000107
383.4411280000011
383.4974950000011
383.5459150000011
383.5975590000011
383.6488760000011
383.6988850000011
383.74937300000107
383.8107880000011
383.8840070000011
383.9489310000011
383.99748200000107
384.05473700000107
384.1123180000011
384.1655600000011
384.21785100000113
384.2728110000011
384.3356490000011
384.3965840000011
384.4691460000011
384.5348080000011
384.6023220000011
384.6696140000011
384.7512780000011
384.8077260000011
384.8691390000011
384.9334770000011
384.9909390000011
385.0470480000011
385.1102890000011
385.1724540000011
385.2590460000011
385.3338730000011
385.38700200000113
385.44980600000116
385.5026400000012
385.5664840000012
385.6346760000012
385.6940380000012
385.74723600000124
385.80281700000126
385.86228700000123
385.91554700000125
385.97239200000126
386.03091600000124
386.09720100000123
386.15221900000125
386.20745000000124
386.2634310000012
386.33492800000124
386.3990320000012
386.4662700000012
386.5251650000012
386.5941660000012
386.66753700000123
386.7376320000012
386.7939190000012
386.8722340000012
386.9470050000012
387.00798400000116
387.08404700000114
387.14628900000116
387.20897300000115
387.28343200000114
387.34925400000117
387.42367500000114
387.50224800000115
387.57157600000113
387.6275330000011
387.6980360000011
387.7657710000011
387.83175100000113
387.9006720000011
387.96440600000113
388.0384420000011
388.1248350000011
388.1889260000011
388.26006500000113
388.3295470000011
388.4003330000011
388.4720500000011
388.5236130000011
388.5763210000011
388.63110800000106
388.70558300000107
388.76248300000105
388.8444510000011
388.9231310000011
388.9908820000011
389.04035200000106
389.09785500000106
389.15778700000106
389.2151900000011
389.2771970000011
389.3475700000011
389.4073020000011
389.4626420000011
389.52308100000107
389.5954770000011
389.6501940000011
389.7244490000011
389.77095000000105
389.81869700000107
389.8735800000011
389.92669900000107
390.00075400000105
390.06750900000105
390.12593500000105
390.1743770000011
390.22674600000107
390.3036990000011
390.35447500000106
390.41896700000103
390.50310300000103
390.57180900000105
390.63156500000105
390.69288700000106
390.7720860000011
390.8442650000011
390.9031160000011
390.9601210000011
391.0138890000011
391.0771090000011
391.14103500000107
391.2122220000011
391.2616350000011
391.3117810000011
391.37354500000106
391.44276300000104
391.50280700000104
391.564123000001
391.624011000001
391.705882000001
391.781862000001
391.867217000001
391.925489000001
391.993572000001
392.055289000001
392.131571000001
392.197261000001
392.260188000001
392.313816000001
392.372415000001
392.436716000001
392.515835000001
392.583295000001
392.651036000001
392.714244000001
392.805563000001
392.882087000001
392.939791000001
392.998614000001
393.063763000001
393.130949000001
393.21089000000103
393.267320000001
393.334917000001
393.402428000001
393.473751000001
393.542265000001
393.618214000001
393.685953000001
393.782615000001
393.858262000001
393.927597000001
394.002797000001
394.070808000001
394.138870000001
394.208690000001
394.27311500000104
394.333733000001
394.396954000001
394.457927000001
394.51825500000103
394.58662400000105
394.66171000000105
394.72707400000104
394.80009200000103
394.865344000001
394.928541000001
394.98952800000103
395.06373600000103
395.13086800000104
395.215057000001
395.29079200000103
395.36797300000103
395.453402000001
395.527901000001
395.614298000001
395.68011700000096
395.74447100000094
395.81585600000096
395.88310900000096
395.95031700000095
396.01151800000093
396.08959400000094
396.16441200000094
396.24234600000096
396.32615100000095
396.3910470000009
396.46499600000095
396.54326500000093
396.61515100000094
396.6748900000009
396.73562400000094
396.81860900000095
396.90099600000093
396.9854040000009
397.06951300000094
397.13162400000095
397.19847400000094
397.25836500000094
397.31996200000094
397.38516900000093
397.45925900000094
397.5238620000009
397.5892430000009
397.65119200000095
397.7122360000009
397.78141200000096
397.8472100000009
397.9177090000009
397.9880730000009
398.0875820000009
398.15779500000093
398.2171040000009
398.2860230000009
398.3538090000009
398.42769300000094
398.49475500000096
398.572872000001
398.639198000001
398.70312500000097
398.773095000001
398.832417000001
398.899885000001
398.996187000001
399.056823000001
399.119318000001
399.192920000001
399.249298000001
399.333068000001
399.411163000001
399.476617000001
399.535219000001
399.603408000001
399.662423000001
399.745455000001
399.824031000001
399.89420100000103
399.977963000001
400.043669000001
400.109042000001
400.169403000001
400.23405500000104
400.318738000001
400.389776000001
400.45611500000103
400.520719000001
400.595257000001
400.669577000001
400.745188000001
400.810056000001
400.884279000001
400.947052000001
401.025778000001
401.08678100000105
401.14597000000106
401.2162730000011
401.29096200000106
401.36748500000107
401.43235600000105
401.50809500000105
401.57787200000104
401.63910800000104
401.70453200000105
401.77131700000103
401.84743700000104
401.937370000001
402.011986000001
402.091318000001
402.17288200000104
402.24656300000106
402.3067170000011
402.37883500000106
402.4411710000011
402.51207600000106
