0.032799
0.192725
0.364341
0.546674
0.71593
0.878177
1.0310489999999999
1.2053059999999998
1.3708159999999998
1.5126229999999998
1.6584869999999998
1.8057499999999997
1.9535869999999997
2.1018589999999997
2.246453
2.3950679999999998
2.540958
2.6925749999999997
2.8356149999999998
2.980418
3.128707
3.274494
3.4211229999999997
3.5704219999999998
3.7127039999999996
3.8592979999999995
4.005565
4.155247
4.307341
4.46093
4.607458
4.74976
4.8912260000000005
5.037945000000001
5.183044000000001
5.329608
5.473286000000001
5.621292
5.775667
5.922583
6.08326
6.237945
6.388034
6.5353270000000006
6.6811300000000005
6.850306000000001
7.0409060000000006
7.221781000000001
7.403060000000001
7.5824180000000005
7.767843000000001
7.947526000000001
8.130349
8.325124
8.514115
8.699501
8.88617
9.077231
9.265766
9.456985
9.649621
9.838525
10.027616
10.213788000000001
10.400490000000001
10.592978000000002
10.776561000000003
10.965076000000003
11.151214000000003
11.335015000000004
11.519806000000004
11.705611000000005
11.889445000000004
12.076201000000005
12.263430000000005
12.450405000000005
12.632387000000005
12.815783000000005
13.006645000000004
13.189221000000003
13.372887000000004
13.553364000000004
13.730777000000003
13.909237000000003
14.093801000000003
14.268388000000003
14.447449000000004
14.624859000000004
14.805807000000005
14.995391000000005
15.170623000000004
15.340030000000004
15.508678000000003
15.682744000000003
15.849873000000002
16.026365000000002
16.194975000000003
16.364951
16.532979
16.702828
16.865629000000002
17.032555000000002
17.224471
17.397696
17.571447
17.758233999999998
17.946700999999997
18.136967
18.317199
18.509995
18.691752
18.876498
19.053224
19.242855
19.420955
19.606293
19.797722
19.973859
20.150353000000003
20.329146
20.512712
20.694239
20.874503
21.062117
21.249071
21.42499
21.606575
21.774886
21.971006
22.180708
22.370835
22.581598
22.766410999999998
22.953750999999997
23.13846
23.327986
23.511511
23.686291999999998
23.874934999999997
24.058403
24.244625999999997
24.431724999999997
24.616128999999997
24.801143999999997
24.999426999999997
25.190136999999996
25.387561999999996
25.581775999999994
25.767371999999995
25.975850999999995
26.151360999999994
26.332043999999993
26.527103999999994
26.706793999999995
26.893181999999996
27.072256999999997
27.278242999999996
27.455058999999995
27.641929999999995
27.828459999999996
28.009044999999997
28.173506999999997
28.345857
28.524841
28.701234
28.882186
29.073549
29.245566
29.419084
29.591129000000002
29.764343000000004
29.946050000000003
30.118524000000004
30.298710000000003
30.466674000000005
30.641261000000004
30.806699000000005
30.972878000000005
31.145488000000004
31.316033000000004
31.487044000000004
31.650606000000003
31.814625000000003
31.994947000000003
32.177678
32.350409
32.521615
32.695128999999994
32.86285399999999
33.037651999999994
33.21948199999999
33.398903999999995
33.580372
33.798373999999995
34.00388399999999
34.189955999999995
34.384266999999994
34.57981399999999
34.77195699999999
34.960705999999995
35.161137999999994
35.34162499999999
35.529304999999994
35.72635199999999
35.92744199999999
36.111692999999995
36.290842
36.470793
36.649617
36.833519
37.010319
37.195023000000006
37.37908000000001
37.56181800000001
37.75310500000001
37.93849000000001
38.12609500000001
38.31404800000001
38.49927400000001
38.68639400000001
38.87919600000001
39.084061000000005
39.290023000000005
39.499978000000006
39.70328800000001
39.890420000000006
40.07399600000001
40.24851600000001
40.42441300000001
40.60732600000001
40.77877300000001
40.953742000000005
41.130664
41.294108
41.453707
41.612121
41.784242
41.952945
42.124833
42.293087
42.477561
42.650471
42.816936000000005
42.98972500000001
43.163667000000004
43.34734
43.537295
43.715416
43.900028
44.079954
44.256196
44.429777
44.613505
44.812050000000006
44.99243800000001
45.16215700000001
45.33436600000001
45.50779600000001
45.68237300000001
45.839230000000015
46.007973000000014
46.161724000000014
46.305728000000016
46.45523700000002
46.601238000000016
46.756453000000015
46.910451000000016
47.08172300000002
47.25039400000002
47.427809000000025
47.627084000000025
47.812149000000026
48.00689000000003
48.19298800000003
48.380790000000026
48.565642000000025
48.74228000000002
48.91698100000002
49.11296900000002
49.28307600000002
49.450571000000025
49.61904800000003
49.788239000000026
49.96029900000003
50.12590000000003
50.30542600000003
50.45362700000003
50.60200800000003
50.748877000000036
50.89601300000004
51.05446900000004
51.20961300000004
51.36235300000004
51.51270400000004
51.656401000000045
51.808505000000046
51.953777000000045
52.10751200000004
52.24960600000004
52.39394900000004
52.536844000000045
52.680219000000044
52.83617200000004
52.98261800000004
53.13121500000004
53.27528900000004
53.414593000000046
53.556941000000045
53.699314000000044
53.857562000000044
54.022733000000045
54.169051000000046
54.308846000000045
54.458012000000046
54.62219400000004
54.77381300000004
54.92701600000004
55.06506000000004
55.21268200000004
55.392457000000036
55.53727400000004
55.68085900000004
55.83585900000004
55.97527400000004
56.12825500000004
56.27811000000004
56.42171800000004
56.573509000000044
56.72752300000004
56.87065400000004
57.01606500000004
57.17285600000004
57.32145100000004
57.47871100000004
57.61669400000004
57.76716800000004
57.93287700000004
58.07170200000004
58.22131300000004
58.36212000000004
58.50571600000004
58.653553000000045
58.79438800000005
58.93209600000005
59.09150100000005
59.22249100000005
59.384767000000046
59.53029600000005
59.67617200000005
59.80584000000005
59.93746900000005
60.06947500000005
60.211795000000045
60.34091700000005
60.47063300000005
60.59670900000005
60.722433000000045
60.86418200000004
60.98809300000004
61.10727900000004
61.24813800000004
61.36554100000004
61.479058000000045
61.60729300000004
61.72421600000004
61.85246200000004
61.96524800000004
62.07231800000004
62.18917400000004
62.32682300000004
62.44933400000004
62.57062600000004
62.68385100000004
62.80397300000004
62.92568600000004
63.03260100000004
63.137151000000046
63.240042000000045
63.34419800000005
63.467882000000046
63.58764700000005
63.707573000000046
63.808309000000044
63.91805400000004
64.02494300000004
64.13672400000003
64.24171600000003
64.35019000000003
64.46131400000003
64.58146800000003
64.69621800000003
64.79982700000004
64.91695100000004
65.02223900000004
65.12948200000004
65.25943400000004
65.36730600000004
65.47891100000004
65.59357800000004
65.70209100000004
65.80850600000004
65.90875600000004
66.02891400000004
66.14322800000004
66.26237400000004
66.37354100000003
66.47998700000004
66.58589200000004
66.70688400000004
66.80589800000004
66.89820900000004
66.99699000000004
67.11102700000004
67.20946800000003
67.30141100000003
67.41077300000003
67.51276400000003
67.62873400000004
67.71969500000003
67.81770900000004
67.91151200000003
68.02964000000003
68.15878900000003
68.26149500000002
68.37408800000003
68.47649600000003
68.56938400000003
68.66620400000002
68.77354000000003
68.87425900000002
68.96839900000002
69.07511000000002
69.17856800000003
69.28601300000003
69.38510400000003
69.48634700000002
69.58094600000003
69.68723300000002
69.79505400000002
69.92377700000002
70.02192400000001
70.13573500000001
70.238493
70.353492
70.46565700000001
70.564233
70.675601
70.783873
70.894856
71.00284500000001
71.108187
71.224571
71.338381
71.450318
71.560619
71.68639
71.805138
71.913444
72.02977
72.157558
72.283813
72.393402
72.508403
72.630903
72.74973200000001
72.87302100000001
72.98146000000001
73.10006600000001
73.22556200000001
73.35955700000001
73.47364600000002
73.59593200000002
73.71310700000002
73.82839500000003
73.98316700000002
74.10831500000002
74.23442900000002
74.36125400000002
74.49504300000001
74.63282600000001
74.754569
74.884713
75.020786
75.149574
75.266444
75.38528000000001
75.50008500000001
75.63688000000002
75.75689400000002
75.86697100000002
75.99188100000002
76.10687700000003
76.21505500000002
76.33536700000002
76.45662300000002
76.58615900000002
76.70385100000003
76.82613900000003
76.95093100000003
77.06282100000003
77.19081700000002
77.30952400000002
77.43701600000003
77.56341500000003
77.68849400000003
77.81467200000003
77.95267400000003
78.08059600000003
78.20437500000003
78.33011200000003
78.46795800000002
78.60711100000002
78.74470100000002
78.89062700000002
79.02266300000002
79.16423900000002
79.31914900000002
79.47171300000002
79.61298600000002
79.76499000000003
79.91573500000003
80.05321200000003
80.19007700000003
80.33145500000003
80.49168700000003
80.63872900000003
80.78684800000002
80.91827800000002
81.05954500000001
81.19396500000002
81.35154300000002
81.49207200000002
81.63568400000003
81.77387500000003
81.91593800000003
82.05453900000002
82.19783500000003
82.33032600000003
82.45914000000003
82.58814100000004
82.73321500000003
82.90186400000003
83.04601100000004
83.18312600000003
83.31997600000003
83.45644900000002
83.59519400000002
83.73314100000002
83.87107500000002
84.00243600000002
84.14536700000002
84.28488900000002
84.43195000000001
84.57924800000002
84.72558700000002
84.86877700000002
85.02869700000002
85.17089900000002
85.31696300000002
85.46937700000001
85.61382800000001
85.76585700000001
85.92035800000001
86.06294100000001
86.21344800000001
86.37725000000002
86.53866500000002
86.67765600000003
86.82168300000002
86.98964500000002
87.14275800000003
87.29998100000003
87.45429700000003
87.60645200000002
87.76386200000002
87.91673300000002
88.06866800000002
88.22211100000001
88.38042700000001
88.536184
88.705173
88.857262
89.016283
89.17903700000001
89.33288900000001
89.489956
89.641326
89.801713
89.967872
90.132084
90.29040900000001
90.44685000000001
90.60886800000002
90.76169300000001
90.921271
91.079441
91.242872
91.412102
91.58217400000001
91.747668
91.907854
92.072264
92.231013
92.38696900000001
92.55993900000001
92.72314200000001
92.882433
93.043473
93.203664
93.36466800000001
93.52126500000001
93.68774100000002
93.84823800000002
94.01184700000002
94.18014000000002
94.34929000000002
94.52687000000003
94.70553200000003
94.87199400000003
95.03558200000003
95.20950900000004
95.37617600000004
95.53630500000004
95.70986000000003
95.87566000000004
96.04511100000003
96.21371300000004
96.37951800000005
96.54433700000004
96.72007900000004
96.88943500000003
97.05106700000003
97.21936700000003
97.38970400000004
97.55402900000004
97.72451500000004
97.90018800000004
98.07587300000004
98.25065900000004
98.42524300000004
98.58639400000004
98.77696400000004
98.95238300000004
99.12128100000004
99.32586400000004
99.51518800000004
99.69749900000004
99.88057800000004
100.06140500000004
100.23831800000004
100.42742700000004
100.59993100000004
100.76831000000004
100.94397800000004
101.11714900000004
101.30073500000005
101.47148600000004
101.65647100000004
101.83607200000004
102.01894000000004
102.20563200000004
102.39011400000004
102.56593800000005
102.75119700000005
102.92753400000005
103.10130400000006
103.28305200000005
103.46023200000006
103.63587900000006
103.80718800000005
103.98129900000005
104.15248000000005
104.32083700000005
104.50589500000005
104.69060100000006
104.87117400000005
105.04595600000005
105.21949700000005
105.40155400000005
105.58583400000005
105.75690800000005
105.92183400000005
106.09082800000004
106.26179100000004
106.43309500000005
106.61915800000006
106.80567600000006
106.99214300000006
107.17367100000006
107.35726900000006
107.55052700000006
107.73212000000007
107.91600100000007
108.09044200000007
108.27142300000007
108.45791200000006
108.64568900000006
108.82742900000007
109.03068000000006
109.21429600000006
109.39606600000006
109.57352500000006
109.75382600000006
109.93811600000006
110.11333700000006
110.30559800000006
110.49443000000007
110.68391300000006
110.86985900000006
111.04877100000006
111.24280700000006
111.42510500000006
111.61683200000006
111.81071800000007
112.02265700000007
112.22335200000006
112.40143600000006
112.59368400000007
112.77435000000007
112.95305000000008
113.13683500000008
113.32915500000007
113.52372700000006
113.71045000000007
113.90186100000007
114.08244700000007
114.26481400000007
114.47715700000008
114.67591700000007
114.86975100000006
115.05207900000006
115.23537400000006
115.42796700000007
115.61671800000006
115.81344200000007
116.00088000000007
116.19229300000006
116.37441300000006
116.56126800000006
116.75647200000006
116.94650900000006
117.15205000000006
117.33464600000006
117.51874700000006
117.70590200000007
117.89223500000007
118.06810300000006
118.24847300000006
118.45020000000007
118.62849500000007
118.80383500000008
118.97519600000008
119.14559300000008
119.34439400000008
119.52213500000008
119.70072400000008
119.88612700000007
120.05779000000007
120.21996400000006
120.40165500000006
120.56328300000006
120.72588600000006
120.89088000000005
121.08194100000006
121.25893300000006
121.43951400000006
121.62029300000006
121.80203800000007
121.97729200000006
122.16332300000006
122.35994600000006
122.53858300000006
122.71716700000006
122.88431800000006
123.06740400000007
123.24779400000007
123.43106900000006
123.62448100000006
123.81173800000006
123.99415000000006
124.17221200000006
124.37726700000006
124.56242200000005
124.74785500000006
124.92975000000006
125.11523500000006
125.30475400000006
125.49244100000006
125.67398100000005
125.85758100000005
126.04837700000006
126.23253500000006
126.44108200000005
126.64063500000005
126.82985000000005
127.01363200000004
127.19805000000004
127.38044700000003
127.57504300000004
127.75678600000003
127.92921500000003
128.10463900000002
128.28564000000003
128.45909900000004
128.63339300000004
128.80403100000004
129.00106000000002
129.19719300000003
129.38378200000002
129.56216600000002
129.738177
129.91122000000001
130.08680700000002
130.26319700000002
130.43266200000002
130.61189900000002
130.78569600000003
130.96404300000003
131.13955600000003
131.33989700000004
131.52167700000004
131.69227100000003
131.86985200000004
132.04345300000003
132.21317900000003
132.396283
132.578644
132.752999
132.932393
133.11611599999998
133.28397999999999
133.45803099999998
133.638289
133.81752999999998
133.99848199999997
134.16945699999997
134.33221499999996
134.52286599999996
134.69066899999996
134.86323299999995
135.02052699999996
135.20442699999995
135.36963499999996
135.53559299999995
135.70194499999994
135.86236199999993
136.03734499999993
136.19651099999993
136.35251699999992
136.5167739999999
136.69132599999992
136.87354299999993
137.05780499999992
137.23470999999992
137.41754599999993
137.59447499999993
137.77256399999993
137.94361299999994
138.12600399999994
138.29156599999993
138.46407099999993
138.63333299999994
138.80039099999993
139.00428299999993
139.17567499999993
139.34703699999991
139.5142119999999
139.6864999999999
139.8527039999999
140.0102519999999
140.1721419999999
140.33173999999988
140.49555999999987
140.65826799999988
140.81885099999988
140.97813999999988
141.1402179999999
141.30362999999988
141.47042899999988
141.62972899999988
141.8127339999999
141.98166399999988
142.14027999999988
142.29739599999988
142.4497479999999
142.6112209999999
142.79642499999989
142.97554299999987
143.14399799999987
143.30649099999988
143.4677569999999
143.62317699999988
143.80325899999988
143.97248199999987
144.13346899999988
144.2949939999999
144.4599439999999
144.6332119999999
144.8023749999999
144.9715069999999
145.1389889999999
145.31032899999988
145.4746449999999
145.6614129999999
145.8448139999999
146.0193649999999
146.19457799999992
146.36725099999992
146.53983799999992
146.7295259999999
146.9127649999999
147.09712899999988
147.27969699999989
147.4553749999999
147.6672189999999
147.8392209999999
148.0203349999999
148.1974449999999
148.3680809999999
148.54421699999992
148.7144749999999
148.8937169999999
149.0648919999999
149.2401459999999
149.42610799999989
149.61301399999988
149.7955349999999
149.9859499999999
150.1915599999999
150.3793709999999
150.55986599999991
150.7383319999999
150.9215539999999
151.1017659999999
151.2800169999999
151.4574119999999
151.63320899999988
151.80632599999987
151.98938099999987
152.17728999999986
152.36087399999985
152.54503399999984
152.72951199999986
152.91557199999986
153.10287799999986
153.29120099999986
153.47451399999986
153.66584399999985
153.84701699999985
154.02816399999986
154.21174899999986
154.39603499999984
154.58587799999984
154.76936199999983
154.96374799999984
155.13597899999985
155.30665499999984
155.48499699999982
155.64802099999983
155.83457899999982
156.00626499999981
156.18064999999982
156.34832499999982
156.50871399999983
156.66389599999982
156.8335909999998
157.0089709999998
157.1681549999998
157.3348749999998
157.49127799999982
157.64446799999982
157.80318299999982
157.9486749999998
158.1151729999998
158.2649289999998
158.41373099999979
158.55330199999977
158.69061799999977
158.82237899999978
158.9613019999998
159.0945439999998
159.22716599999978
159.35507099999978
159.48384299999978
159.61032799999978
159.7414369999998
159.87213699999978
160.02010699999977
160.15017299999977
160.28778599999976
160.42728299999976
160.55923899999976
160.68683599999977
160.81633499999978
160.9513059999998
161.09727199999978
161.24112899999977
161.38534299999978
161.51885399999978
161.6501299999998
161.79154699999978
161.92955199999977
162.06758999999977
162.21621799999977
162.36937599999976
162.51451199999977
162.65697599999976
162.79440599999975
162.93076099999976
163.06500399999976
163.19882699999977
163.33772399999975
163.47771299999977
163.61355899999975
163.74723399999976
163.88712199999978
164.01956099999978
164.17524099999977
164.31979299999978
164.45864999999978
164.59882999999977
164.73524499999976
164.86852199999976
165.00909999999976
165.14148499999976
165.28406899999976
165.41613399999977
165.55124999999978
165.6961959999998
165.85733599999978
165.99942299999978
166.14652999999979
166.2936499999998
166.4284759999998
166.56709999999978
166.70656699999978
166.84492099999977
166.98751199999978
167.1311729999998
167.2788629999998
167.4240019999998
167.5651989999998
167.7121279999998
167.8539459999998
168.00694899999982
168.1523049999998
168.30976899999982
168.44917899999982
168.5872959999998
168.7448779999998
168.9017729999998
169.0666299999998
169.2122289999998
169.36505199999982
169.51350099999982
169.65423899999982
169.81524799999983
169.96333999999982
170.12447399999982
170.2762249999998
170.4297169999998
170.59286299999982
170.7481939999998
170.8979639999998
171.0522769999998
171.2079859999998
171.3721479999998
171.52692099999982
171.67909099999983
171.84107399999982
172.0092379999998
172.18108699999982
172.36527199999983
172.52785399999982
172.68547599999982
172.85731599999983
173.02130699999984
173.18389399999984
173.33890199999985
173.50452099999984
173.67184399999985
173.83325499999984
173.98712599999985
174.13725499999984
174.28728299999983
174.43648499999983
174.58324099999984
174.72943499999985
174.86931999999985
175.01600299999984
175.15819199999984
175.30124999999984
175.44307199999983
175.58970699999983
175.72959899999984
175.88037899999983
176.02474999999984
176.17371799999984
176.32239699999982
176.45765499999982
176.59912099999983
176.76025999999982
176.9305859999998
177.0817829999998
177.2225789999998
177.3671849999998
177.5046559999998
177.6606859999998
177.8040419999998
177.9516239999998
178.09929199999982
178.24594999999982
178.40500499999982
178.5778069999998
178.7367019999998
178.8911159999998
179.05229399999982
179.2010059999998
179.3526609999998
179.49815499999983
179.63838799999982
179.77337999999983
179.90845799999983
180.04991299999983
180.19193399999983
180.34580799999983
180.49493599999983
180.63491099999982
180.7765869999998
180.9330179999998
181.07161299999981
181.21749299999982
181.36223899999982
181.5051629999998
181.65644599999982
181.78662199999982
181.94369999999984
182.08304999999984
182.22327099999984
182.35999899999985
182.49280099999984
182.63800399999985
182.78972199999984
182.92676799999984
183.06997099999984
183.20331399999984
183.33830399999982
183.4714369999998
183.6024289999998
183.7404359999998
183.8751699999998
184.0071839999998
184.1425889999998
184.27494099999979
184.42470899999978
184.56786599999978
184.69321999999977
184.82625199999976
184.95255699999976
185.08743199999975
185.21358399999974
185.34102899999974
185.47159299999973
185.60090099999974
185.72931999999975
185.85405799999975
185.98480699999976
186.10938199999975
186.24826999999976
186.39516199999977
186.53415499999977
186.66278499999976
186.83232999999976
186.95525599999976
187.08766499999976
187.21014399999976
187.35299899999976
187.48055299999976
187.61264099999977
187.74517899999978
187.8746539999998
188.0010479999998
188.1387639999998
188.2663769999998
188.3952509999998
188.5356059999998
188.6711119999998
188.80248899999978
188.92922399999978
189.05651799999978
189.1825389999998
189.31570399999978
189.44089899999977
189.56656699999976
189.69498799999977
189.82642699999977
189.94913999999977
190.07737999999978
190.21305699999976
190.35743799999977
190.49152499999977
190.62453499999978
190.75305799999978
190.88824799999978
191.01716699999977
191.14572899999976
191.28236099999975
191.43787999999975
191.57928499999974
191.71055199999975
191.85417099999975
191.98785099999975
192.13345699999974
192.27844799999974
192.42539699999975
192.57357099999976
192.71457099999975
192.87311599999975
193.02023499999976
193.16988299999977
193.31659099999976
193.46318799999978
193.60586899999979
193.7563159999998
193.8969089999998
194.0480119999998
194.2140829999998
194.3567639999998
194.5081039999998
194.6470939999998
194.7840369999998
194.92521199999982
195.0720779999998
195.2088199999998
195.3481199999998
195.4919049999998
195.6354049999998
195.78174299999978
195.93105099999977
196.07860499999978
196.21615899999978
196.35300699999976
196.50287599999976
196.65241799999976
196.79667899999976
196.94212399999975
197.08329399999974
197.22827999999973
197.37225999999973
197.51848099999972
197.65130599999972
197.78382699999972
197.92046299999973
198.05443399999973
198.19279899999972
198.33386399999972
198.4953639999997
198.6600059999997
198.8061329999997
198.95928199999972
199.09690699999973
199.23467099999974
199.37860399999974
199.51816599999975
199.65576299999975
199.79973799999976
199.94890499999977
200.10833999999977
200.27834199999978
200.42532799999978
200.57333899999978
200.73373099999978
200.88364599999977
201.04207499999978
201.18983699999978
201.3308759999998
201.4909619999998
201.6397249999998
201.7961969999998
201.9553889999998
202.1135109999998
202.2670429999998
202.4229059999998
202.5802959999998
202.7372549999998
202.8898239999998
203.0395759999998
203.2257379999998
203.37875399999982
203.5296509999998
203.6895449999998
203.83355699999981
203.98597899999982
204.15186099999983
204.3161759999998
204.4865129999998
204.66026299999982
204.82509899999982
204.97907799999982
205.1415679999998
205.3046269999998
205.4632749999998
205.6213299999998
205.7790359999998
205.9377809999998
206.0896599999998
206.2473779999998
206.3994289999998
206.5497019999998
206.7143539999998
206.8649839999998
207.01568899999978
207.16593799999978
207.31849799999978
207.47293499999978
207.6222339999998
207.78411599999978
207.9401359999998
208.09478099999978
208.25370199999978
208.4091369999998
208.57131199999978
208.7260949999998
208.8877249999998
209.06250899999978
209.22309199999978
209.38653599999978
209.55073299999978
209.7121699999998
209.87897199999978
210.0393939999998
210.19976899999978
210.37508099999977
210.53170699999976
210.68951299999975
210.84881999999976
211.01897199999976
211.17953499999976
211.33486999999977
211.48286799999977
211.63065799999976
211.78606799999974
211.93726599999974
212.08456199999975
212.23194299999975
212.39244699999975
212.55229699999975
212.69835699999976
212.85683099999977
213.02034399999977
213.17690999999976
213.32660699999977
213.48659099999978
213.63606499999977
213.79176599999977
213.94329499999978
214.09089299999977
214.25160999999977
214.39444399999977
214.54457399999976
214.70085699999976
214.84463499999976
214.99495599999975
215.13754199999974
215.29471299999975
215.44005799999974
215.58834199999973
215.72786299999973
215.87845599999972
216.0291569999997
216.1723049999997
216.3431369999997
216.5107159999997
216.6592639999997
216.8036959999997
216.94061099999968
217.08266599999968
217.25169499999967
217.40065199999967
217.54967299999967
217.70847299999969
217.86677499999968
218.01485099999968
218.16545999999968
218.3195899999997
218.4687769999997
218.6189939999997
218.7577489999997
218.8954239999997
219.0455629999997
219.1927369999997
219.33182899999971
219.46714999999972
219.6032199999997
219.7512969999997
219.8898059999997
220.0326289999997
220.1920619999997
220.34575199999972
220.49700999999973
220.63348499999972
220.7844139999997
220.94270899999972
221.08539199999973
221.22042799999974
221.35942599999973
221.49978799999974
221.64876899999973
221.80521299999972
221.94410399999973
222.0928619999997
222.24538499999971
222.39617399999972
222.5359369999997
222.6795799999997
222.8275869999997
222.96821799999972
223.10494499999973
223.24642599999973
223.40235199999972
223.55701199999973
223.69984199999973
223.84622799999974
223.99573699999974
224.15333799999974
224.30419699999973
224.45685499999973
224.58978299999973
224.74679099999972
224.87978999999973
225.02567799999974
225.17061299999975
225.31277299999974
225.46090299999975
225.60489099999975
225.74012699999975
225.87073799999973
226.00464599999972
226.1389379999997
226.28624599999972
226.41958599999973
226.56080399999973
226.70178699999974
226.84697299999974
226.98264199999974
227.11985299999975
227.26067499999976
227.40341499999977
227.54350499999975
227.68316199999975
227.83185499999976
227.98313299999975
228.12868099999974
228.28171499999974
228.43019999999973
228.56683399999972
228.69606499999972
228.84355599999972
228.97855099999973
229.13243799999972
229.28735099999972
229.4333929999997
229.5737859999997
229.7212179999997
229.8742959999997
230.0343989999997
230.1759909999997
230.3136009999997
230.4637069999997
230.6134239999997
230.7624679999997
230.9067919999997
231.0597559999997
231.21207199999972
231.3691829999997
231.5072319999997
231.6574249999997
231.8005059999997
231.9517679999997
232.0917169999997
232.2381739999997
232.3818539999997
232.5568879999997
232.6954979999997
232.8378239999997
232.9920979999997
233.1373709999997
233.2735479999997
233.4174849999997
233.57336699999968
233.72544199999967
233.88884799999968
234.03298599999968
234.19594399999968
234.38046399999968
234.5280309999997
234.6833009999997
234.8293299999997
234.97558599999968
235.12790499999969
235.2943749999997
235.43955099999968
235.5808719999997
235.7390659999997
235.8935509999997
236.03358399999968
236.17928799999967
236.31325599999968
236.45063199999967
236.60234699999967
236.74758499999967
236.88862699999967
237.04181699999967
237.19396199999966
237.33971499999967
237.48658699999967
237.63009499999967
237.76925999999966
237.91058699999965
238.06725799999964
238.20855499999965
238.36844799999966
238.51675899999967
238.66824499999967
238.81448199999969
238.9540589999997
239.1031459999997
239.2428149999997
239.3986799999997
239.5425929999997
239.6758809999997
239.82484099999968
239.9761689999997
240.1181859999997
240.2599369999997
240.4269479999997
240.5607199999997
240.7150419999997
240.86295599999968
241.0351109999997
241.18272899999968
241.32336599999968
241.4702249999997
241.61246199999968
241.74874699999967
241.91549699999968
242.0611149999997
242.2008459999997
242.3724459999997
242.50953099999973
242.67129599999973
242.81479899999974
242.96507699999972
243.11911799999973
243.27122899999972
243.40810099999973
243.54668399999974
243.70555399999975
243.84987699999976
243.99180699999977
244.13726999999977
244.28054599999976
244.43869699999976
244.58721099999977
244.73806899999977
244.89392599999977
245.05126799999977
245.20862799999978
245.34883599999978
245.48378599999978
245.61966399999977
245.77450499999978
245.92868899999976
246.08981599999976
246.24607799999976
246.38112499999974
246.52571099999975
246.66305599999976
246.82017299999976
246.97012799999976
247.11824199999975
247.27645399999975
247.43841099999975
247.58943799999975
247.74211199999974
247.88669699999974
248.04378599999976
248.19629599999976
248.34365599999975
248.50055099999975
248.66014099999975
248.82529899999975
248.99277999999975
249.14737999999974
249.29978599999976
249.46329699999976
249.62527699999976
249.78701299999975
249.97683399999974
250.20069799999973
250.36317899999975
250.52024899999975
250.67730099999974
250.83516199999974
251.02268899999973
251.21501299999974
251.40030399999975
251.56710199999975
251.74570999999975
251.92179799999974
252.10231899999974
252.26405399999973
252.47261499999973
252.66579699999974
252.82711699999973
253.02126199999972
253.1821549999997
253.3364489999997
253.5135929999997
253.6755429999997
253.8287289999997
253.9853929999997
254.1757169999997
254.3630149999997
254.5325789999997
254.7170209999997
254.87917699999971
255.0420599999997
255.19577399999972
255.3655359999997
255.5416459999997
255.7183679999997
255.87436499999973
256.04111999999975
256.20579799999973
256.37489999999974
256.54191499999973
256.7544599999997
256.9234039999997
257.09045299999974
257.2476359999997
257.4207019999997
257.6232959999997
257.7999859999997
258.01561899999973
258.22110799999973
258.41339699999975
258.6126149999997
258.8297739999997
259.0283879999997
259.2269209999997
259.4127399999997
259.6244439999997
259.8167159999997
260.0025729999997
260.1744799999997
260.36407999999966
260.56236999999965
260.75269899999967
260.9699809999997
261.1856909999997
261.4282129999997
261.6361009999997
261.8989889999997
262.13809899999967
262.35991999999965
262.59442999999965
262.79631099999966
263.0075589999997
263.2136509999997
263.4503449999997
263.6816939999997
263.9351399999997
264.2201019999997
264.4593659999997
264.7460889999997
265.0223509999997
265.2786489999997
265.4927849999997
265.68992699999967
265.8744229999997
266.0760809999997
266.3019499999997
266.4952869999997
266.7365279999997
266.9410059999997
267.15037699999965
267.35385499999967
267.57625599999966
267.79798799999963
268.0255949999996
268.2514829999996
268.4664259999996
268.65342499999963
268.83555999999965
269.01313699999963
269.2071969999996
269.3828709999996
269.58772399999964
269.78305499999965
269.96068499999967
270.12384799999967
270.2913959999997
270.46267299999965
270.62738999999965
270.82990199999966
271.01511299999964
271.2037919999996
271.40238099999965
271.57824799999963
271.7618559999996
271.9708419999996
272.2004939999996
272.3938459999996
272.6099589999996
272.8283449999996
273.0371929999996
273.2226999999996
273.40655999999956
273.60420099999953
273.79537199999953
273.99245399999955
274.20836599999956
274.42960199999953
274.5982669999995
274.7996789999995
275.0163569999995
275.2187699999995
275.41030999999947
275.6067599999995
275.80674399999947
276.0196089999995
276.2398429999995
276.4394789999995
276.6275279999995
276.84047499999946
277.02824099999947
277.20759499999946
277.37661699999944
277.54828899999944
277.7415599999994
277.91696399999944
278.08455599999945
278.2785499999994
278.4583949999994
278.62119099999944
278.79654499999947
278.98951999999946
279.17357499999946
279.35646899999944
279.56463999999943
279.7593999999994
279.9419299999994
280.1384179999994
280.30656599999935
280.47188599999936
280.64839399999937
280.82140199999935
280.9852089999994
281.16354699999937
281.37671799999936
281.5668239999994
281.78816399999937
281.9911519999994
282.2001879999994
282.3857379999994
282.5619699999994
282.7779419999994
283.01222499999943
283.2086489999994
283.40874799999943
283.5831969999994
283.7579619999994
283.9392009999994
284.1071539999994
284.3056409999994
284.4868179999994
284.6857239999994
284.8583259999994
285.0329219999994
285.2051419999994
285.3638859999994
285.5569009999994
285.72833999999943
285.8962779999994
286.0634939999994
286.22619699999944
286.38807199999945
286.61909699999944
286.8270729999994
287.0199059999994
287.19146099999944
287.39761599999946
287.59063399999945
287.78595299999944
287.98709199999945
288.1841719999995
288.35988499999945
288.54173999999944
288.7286389999994
288.9244879999994
289.12685999999945
289.3255169999995
289.5293119999995
289.7122029999995
289.90652799999947
290.09078899999946
290.28216399999945
290.49007899999947
290.71175799999946
290.90770999999944
291.10657999999944
291.28750399999944
291.46809499999944
291.64938399999943
291.8563419999994
292.0344799999994
292.2230929999994
292.40132399999936
292.56619399999937
292.7397959999994
292.9146879999994
293.07009299999936
293.25098199999934
293.42111699999936
293.60590199999933
293.8042199999993
293.9901439999993
294.1801619999993
294.3605519999993
294.5338169999993
294.7176789999993
294.9042679999993
295.08397099999934
295.27356399999934
295.46718799999934
295.65706699999936
295.86446799999936
296.08017899999936
296.27349799999934
296.50253199999935
296.74085299999933
296.9734739999993
297.15761199999935
297.3627029999993
297.5666249999993
297.7429379999993
297.9242079999993
298.11784299999925
298.3072019999993
298.4808929999993
298.6728789999993
298.85934999999927
299.01868399999927
299.1968839999993
299.3853869999993
299.5643629999993
299.74621399999927
299.9495389999993
300.11736399999927
300.33028899999925
300.55678699999925
300.7664289999992
300.9497409999992
301.18054899999925
301.36642299999926
301.60482599999926
301.78598499999924
301.97181699999925
302.16438599999924
302.34352399999926
302.5314879999993
302.7202629999993
302.9115649999993
303.1371629999993
303.36243199999933
303.5679979999993
303.7668039999993
303.9830759999993
304.2098509999993
304.4317459999993
304.6108729999993
304.8057609999993
304.9945019999993
305.1748829999993
305.4293679999993
305.6277409999993
305.82198399999925
306.0252069999992
306.22622999999925
306.43213099999923
306.65864699999923
306.91670399999924
307.12734399999925
307.32506199999926
307.51062599999926
307.7048939999993
307.90068499999927
308.09535199999925
308.28217999999924
308.47193299999924
308.66429599999924
308.8620259999992
309.0459749999992
309.2417279999992
309.43881699999923
309.6403299999992
309.8347179999992
310.0207409999992
310.2148309999992
310.4050519999992
310.5860309999992
310.7821399999992
310.9672879999992
311.1508889999992
311.3439029999992
311.5742659999992
311.77573999999925
311.97426499999926
312.1574159999993
312.34836799999925
312.52877799999925
312.7128689999993
312.9002979999993
313.08055299999927
313.2537689999993
313.42961599999927
313.60597199999927
313.79784199999926
313.97950899999927
314.16258299999924
314.34565999999927
314.5252239999993
314.7095399999993
314.8871539999993
315.0696589999993
315.24814799999933
315.42277099999933
315.6122799999993
315.8845959999993
316.14777899999933
316.39279499999935
316.64531099999937
316.86526199999935
317.08843999999937
317.27238899999935
317.45349899999934
317.6341869999993
317.83147199999934
318.0319689999993
318.2228779999993
318.3902379999993
318.56045299999926
318.72420799999924
318.89294699999925
319.06950099999926
319.2389789999993
319.4142259999993
319.5855869999993
319.7536759999993
319.9203009999993
320.0818139999993
320.35891299999935
320.54067099999935
320.79818699999936
320.99826799999937
321.24562099999935
321.48618799999934
321.73663399999936
321.97504699999934
322.2182999999993
322.46806999999933
322.71786599999933
322.9814979999993
323.2680779999993
323.5474819999993
323.80951599999935
324.05710499999935
324.34982399999933
324.62685599999935
324.88196699999935
325.13594599999936
325.39209999999935
325.64713499999937
325.89369299999936
326.16241199999934
326.42990299999934
326.68318899999935
326.93691999999936
327.19301799999937
327.4439399999994
327.6915459999994
327.8999219999994
328.17055399999936
328.45004599999936
328.7477249999994
329.0556769999994
329.36154399999936
329.68109599999934
330.0006299999993
330.30638699999935
330.58701299999933
330.8645969999993
331.1030679999993
331.3136739999993
331.49152699999934
331.69840499999935
331.8807859999994
332.0714159999994
332.2877689999994
332.5563059999994
332.85406699999936
333.16790099999935
333.4816959999994
333.78958599999936
334.0551339999994
334.32101499999936
334.59618399999937
334.79960699999936
335.00556799999936
335.20306599999935
335.41669199999933
335.69102399999935
335.97250099999934
336.22346399999935
336.49059599999936
336.77481399999937
337.06090499999937
337.32714799999934
337.59798799999936
337.85911999999934
338.1388029999993
338.4476429999993
338.7648059999993
339.06366699999927
339.31848799999926
339.59344299999924
339.8656729999992
340.10621299999923
340.3935909999992
340.6382349999992
340.9031829999992
341.1643339999992
341.4353019999992
341.7379099999992
342.0438609999992
342.3448449999992
342.6056389999992
342.8377259999992
343.0561099999992
343.2607639999992
343.4634169999992
343.6616469999992
343.85865999999925
344.05705299999926
344.26894599999923
344.53002199999924
344.77176099999923
345.00565799999924
345.2217149999992
345.4735849999992
345.7302459999992
345.9528299999992
346.2113109999992
346.48085199999923
346.75523599999923
347.01974699999926
347.28190599999925
347.52299699999924
347.7773949999992
348.0454069999992
348.30514899999923
348.5559679999992
348.7868299999992
348.9728839999992
349.16699999999923
349.35275999999925
349.55235399999924
349.76629999999926
349.9727239999993
350.1642019999993
350.3657939999993
350.5629059999993
350.7607869999993
350.9630319999993
351.1818679999993
351.4228649999993
351.7019399999993
351.9924649999993
352.3071239999993
352.5853769999993
352.8551989999993
353.1432489999993
353.41561599999926
353.67534099999926
353.93067399999927
354.17509099999927
354.41728499999925
354.66214899999926
354.89853199999925
355.12664499999926
355.34530999999924
355.59300999999925
355.78641599999924
355.96749399999925
356.16242399999925
356.3422329999992
356.52006799999924
356.6967029999992
356.8785709999992
357.0645629999992
357.2506439999992
357.4343609999992
357.6033379999992
357.7686459999992
357.9455699999992
358.1189259999992
358.2828699999992
358.4622229999992
358.6994449999992
358.9398029999992
359.1771079999992
359.4114759999992
359.6521489999992
359.8780239999992
360.1172319999992
360.3581849999992
360.5907569999992
360.7993469999992
361.0289759999992
361.2604569999992
361.4707389999992
361.67459499999916
361.8866929999992
362.1033399999992
362.3380749999992
362.5451039999992
362.7651989999992
362.9754469999992
363.1330229999992
363.29094699999916
363.4460439999992
363.61617099999916
363.7731549999992
363.93107499999917
364.0882189999992
364.2377319999992
364.4014599999992
364.5762109999992
364.7277079999992
364.8793899999992
365.0262569999992
365.1759339999992
365.31926899999917
365.48268599999915
365.66588199999916
365.84727699999917
366.02847999999915
366.2114429999991
366.39873399999914
366.59597499999916
366.79595499999914
366.98721399999914
367.14254399999913
367.33900399999914
367.53194499999915
367.73701499999913
367.93947599999916
368.11643799999916
368.32032799999917
368.5148429999992
368.7213569999992
368.90574399999923
369.08474799999925
369.27396699999923
369.48671899999925
369.68734499999925
369.8568689999993
369.9945789999993
370.1306329999993
370.26802899999933
370.4058719999993
370.5489309999993
370.7103449999993
370.8894589999993
371.0964429999993
371.3009579999993
371.4779399999993
371.6852999999993
371.8962799999993
372.0982899999993
372.29943999999927
372.5303149999993
372.7818059999993
372.9570029999993
373.1367099999993
373.3199049999993
373.49354999999935
373.66323699999936
373.82924499999933
374.00294299999933
374.18447099999935
374.35829999999936
374.5706039999994
374.7793369999994
375.03425599999935
375.28352899999936
375.55394999999936
375.81448299999937
376.0869919999994
376.3425269999994
376.6027609999994
376.8778289999994
377.1401509999994
377.41273699999937
377.68484799999936
377.9494509999994
378.19191799999936
378.37946099999937
378.5688219999994
378.7546589999994
378.93462599999935
379.12074899999936
379.29778999999934
379.50204099999934
379.7685959999993
379.9739369999993
380.1701509999993
380.3696459999993
380.5586279999993
380.77944299999933
381.02272899999934
381.2902999999993
381.5355469999993
381.7980489999993
382.0465119999993
382.2823369999993
382.5515969999993
382.8342599999993
383.0774089999993
383.3563629999993
383.6345219999993
383.9223539999993
384.19456499999933
384.49646099999933
384.7614139999993
385.0225879999993
385.30943299999933
385.5887939999993
385.89469499999933
386.16330699999935
386.44445099999933
386.70988499999936
386.91560299999935
387.11139399999934
387.3097089999993
387.5072499999993
387.7002659999993
387.9077359999993
388.1238149999993
388.3287039999993
388.54642699999926
388.7734329999993
389.0054359999993
389.2654929999993
389.5546259999993
389.8510549999993
390.0927359999993
390.3385949999993
390.5704789999993
390.7864359999993
390.9919429999993
391.20070799999934
391.41260899999935
391.6257439999994
391.84503999999936
392.07080099999934
392.28344899999934
392.5057189999993
392.7114839999993
392.9202829999993
393.1312219999993
393.3503299999993
393.5799419999993
393.79645099999925
393.99932899999925
394.2090869999993
394.41039099999927
394.61430299999927
394.82818899999927
395.0396119999993
395.2430649999993
395.45802499999934
395.66965299999936
395.88552199999936
396.09753699999936
396.3082609999994
396.5095629999994
396.7195579999994
396.9173219999994
397.1138769999994
