0.007886
0.052623
0.10519
0.161228
0.21077600000000002
0.259927
0.316763
0.377077
0.421633
0.47164
0.52835
0.581342
0.6331490000000001
0.7005450000000001
0.744033
0.7929700000000001
0.849774
0.905053
0.961996
1.0105629999999999
1.0576899999999998
1.1105019999999999
1.15587
1.208489
1.258432
1.319265
1.363341
1.4164379999999999
1.4632599999999998
1.5099519999999997
1.5780079999999996
1.6355259999999996
1.6845839999999996
1.7283789999999997
1.7905199999999997
1.8435139999999997
1.8980619999999997
1.9584599999999996
2.0115479999999994
2.0789259999999996
2.1430769999999995
2.2281379999999995
2.2860809999999994
2.3398059999999994
2.3886009999999995
2.4352629999999995
2.5026669999999993
2.5513279999999994
2.5991099999999996
2.6464139999999996
2.6944909999999997
2.741901
2.8019119999999997
2.8521249999999996
2.9097959999999996
2.9675479999999994
3.0404409999999995
3.0906339999999997
3.1593419999999997
3.204925
3.2532859999999997
3.2992679999999996
3.3485959999999997
3.3982289999999997
3.4453129999999996
3.4967029999999997
3.5512339999999996
3.5972689999999994
3.6760809999999995
3.7245909999999993
3.7738969999999994
3.8191049999999995
3.8628739999999997
3.910223
3.978459
4.028944
4.077494
4.1163479999999995
4.163296
4.209728
4.264454
4.32364
4.378837
4.423141
4.467308
4.521383
4.578246
4.627909
4.6776979999999995
4.7246879999999996
4.775716999999999
4.829952
4.880754
4.926379
4.975373
5.026403
5.077915
5.144673
5.18909
5.2376320000000005
5.295352
5.352335
5.40068
5.464405
5.521107
5.593293
5.641632
5.700474000000001
5.751730000000001
5.808192000000001
5.869599000000001
5.933778000000001
5.9961090000000015
6.052990000000001
6.114338000000001
6.182746000000001
6.231841000000001
6.292809000000001
6.348277000000001
6.417024000000001
6.474338000000001
6.544368000000001
6.603206000000001
6.663105000000001
6.725947000000001
6.796571
6.8711850000000005
6.943537000000001
7.007427000000001
7.063958
7.119587
7.177984
7.251810000000001
7.309420000000001
7.370676000000001
7.445043000000001
7.516069000000001
7.5849590000000005
7.644406
7.709484
7.772419999999999
7.830909999999999
7.897044999999999
7.955819999999999
8.014384999999999
8.079479999999998
8.145443999999998
8.207216999999998
8.285607999999998
8.362092999999998
8.428904999999999
8.508171999999998
8.581520999999999
8.661684999999999
8.724203999999999
8.793103999999998
8.866664999999998
8.933009999999998
8.994413999999997
9.062212999999998
9.133869999999998
9.209505999999998
9.270128999999997
9.335521999999997
9.397108999999997
9.450988999999996
9.522753999999996
9.589901999999995
9.649059999999995
9.711460999999995
9.775785999999995
9.837973999999996
9.903777999999996
9.969523999999996
10.032277999999996
10.093459999999997
10.166380999999996
10.234618999999995
10.295688999999996
10.364471999999996
10.435331999999995
10.497687999999995
10.576402999999996
10.646858999999996
10.711581999999996
10.774683999999997
10.833316999999997
10.904029999999997
10.967926999999998
11.044983999999998
11.117294999999997
11.174340999999997
11.239792999999997
11.301615999999997
11.407885999999998
11.473563999999998
11.536268999999997
11.592399999999998
11.655548999999997
11.726558999999996
11.787793999999996
11.852106999999997
11.919683999999997
11.984610999999997
12.050190999999998
12.127298999999999
12.190501
12.251975999999999
12.312159999999999
12.369105999999999
12.436784
12.499034
12.570692
12.643367999999999
12.711526
12.799546
12.888307
12.960462999999999
13.020544
13.086188
13.137731
13.198613
13.257709
13.317439
13.375808000000001
13.448118000000001
13.521449
13.582213000000001
13.66946
13.726205
13.783921
13.84108
13.908414
13.969631
14.021809
14.095868
14.166559999999999
14.222074
14.28685
14.366947999999999
14.418356999999999
14.480451999999998
14.532566999999998
14.589621
14.644171
14.706501
14.777097999999999
14.825411999999998
14.875200999999999
14.926988999999999
14.985346
15.066378
15.121425
15.167661
15.226172
15.282118
15.333749000000001
15.40478
15.458885
15.510637000000001
15.568202000000001
15.619982000000002
15.675167000000002
15.725349000000001
15.789694
15.846133
15.91066
15.959607
16.014615
16.061422999999998
16.117530999999996
16.166720999999995
16.223612999999997
16.277608999999998
16.335843999999998
16.416109
16.478804
16.540927
16.592821999999998
16.645605999999997
16.699883999999997
16.757267
16.819625
16.871710999999998
16.924114
16.981777
17.054161
17.10598
17.156283
17.220606999999998
17.280904999999997
17.337493999999996
17.392147999999995
17.473887999999995
17.522144999999995
17.570525999999994
17.627794999999995
17.675707999999997
17.725661999999996
17.784352999999996
17.835491999999995
17.901567999999994
17.957412999999995
18.003816999999994
18.047303999999993
18.098469999999992
18.14560699999999
18.21670499999999
18.27093999999999
18.327518999999988
18.374395999999987
18.426896999999986
18.491553999999987
18.539275999999987
18.614650999999988
18.670994999999987
18.73665899999999
18.786470999999988
18.843128999999987
18.890926999999987
18.947263999999986
18.993605999999986
19.045710999999987
19.097134999999987
19.155023999999987
19.212039999999988
19.269604999999988
19.31780099999999
19.39192199999999
19.44777799999999
19.507103999999988
19.556532999999988
19.613972999999987
19.67578999999999
19.740151999999988
19.801303999999988
19.872547999999988
19.939076999999987
20.008964999999986
20.067849999999986
20.133958999999987
20.201155999999987
20.259870999999986
20.318016999999987
20.393162999999987
20.468697999999986
20.529595999999987
20.591606999999986
20.660965999999984
20.717969999999983
20.792459999999984
20.852188999999985
20.913796999999985
20.977730999999984
21.035158999999986
21.102319999999985
21.167152999999985
21.230877999999986
21.296498999999987
21.377494999999985
21.448786999999985
21.511660999999986
21.573723999999984
21.645577999999983
21.718107999999983
21.80124299999998
21.87087599999998
21.939494999999983
22.007545999999984
22.087667999999983
22.156082999999985
22.214720999999983
22.284702999999983
22.353061999999984
22.431421999999984
22.491910999999984
22.556061999999983
22.63373299999998
22.706120999999982
22.775347999999983
22.836557999999982
22.903741999999983
22.968135999999983
23.045928999999983
23.111948999999985
23.182596999999983
23.247595999999984
23.325548999999985
23.400139999999986
23.468656999999986
23.539134999999987
23.595956999999988
23.652687999999987
23.72350799999999
23.79453899999999
23.85675899999999
23.93323599999999
24.01654899999999
24.09427899999999
24.160077999999988
24.22483899999999
24.303626999999988
24.370591999999988
24.462888999999986
24.527403999999986
24.607418999999986
24.676629999999985
24.744783999999985
24.821078999999983
24.897365999999984
24.962889999999984
25.024040999999983
25.094385999999982
25.16313999999998
25.22850499999998
25.30138099999998
25.365453999999982
25.44596899999998
25.51524599999998
25.58975399999998
25.654473999999983
25.72141699999998
25.786222999999982
25.84867099999998
25.915847999999983
25.987028999999982
26.047569999999983
26.11061099999998
26.186189999999982
26.246667999999982
26.32199199999998
26.39540499999998
26.46355699999998
26.52632599999998
26.60194499999998
26.67146599999998
26.73533099999998
26.81470599999998
26.87665399999998
26.94118699999998
27.00309499999998
27.06882499999998
27.13410999999998
27.21180099999998
27.28206399999998
27.34797899999998
27.42844599999998
27.49419099999998
27.55479299999998
27.61831899999998
27.69361699999998
27.753917999999977
27.835528999999976
27.903708999999978
27.98927899999998
28.05222199999998
28.117657999999977
28.188604999999978
28.25571699999998
28.32468699999998
28.39349899999998
28.46518199999998
28.52916199999998
28.59677999999998
28.660462999999982
28.73097599999998
28.801125999999982
28.870359999999984
28.948745999999982
29.032320999999982
29.09780299999998
29.17421899999998
29.247759999999978
29.307200999999978
29.376056999999978
29.444006999999978
29.521239999999977
29.58981999999998
29.667066999999978
29.73439999999998
29.80673499999998
29.864042999999977
29.929389999999977
29.987145999999978
30.066945999999977
30.136143999999977
30.203155999999975
30.265457999999974
30.331026999999974
30.387481999999974
30.455102999999973
30.509010999999973
30.56885199999997
30.64914599999997
30.71411599999997
30.787445999999967
30.837769999999967
30.896257999999968
30.95106599999997
31.018744999999967
31.075510999999967
31.153532999999968
31.234464999999968
31.302390999999968
31.368435999999967
31.429449999999967
31.485385999999966
31.552212999999966
31.611676999999965
31.678700999999965
31.757645999999966
31.831917999999966
31.897495999999965
31.960952999999964
32.03067399999996
32.10372999999996
32.17462599999996
32.23992799999996
32.29666499999996
32.363863999999964
32.44372599999996
32.49987199999996
32.57689499999996
32.63333899999996
32.707895999999955
32.765858999999956
32.822029999999955
32.87761599999995
32.94724199999995
33.01214099999995
33.06910299999995
33.137015999999946
33.20124599999995
33.27508999999995
33.35013299999995
33.42178399999995
33.46963599999995
33.51658999999995
33.56189699999995
33.60876299999995
33.665872999999955
33.722670999999956
33.775937999999954
33.825842999999956
33.87325799999996
33.928176999999955
33.99875899999996
34.04893699999996
34.10706799999996
34.16564799999996
34.219624999999965
34.275485999999965
34.33433699999996
34.39008899999996
34.44787299999996
34.50811799999996
34.56226199999996
34.61437699999996
34.67802499999996
34.73174399999996
34.78280199999996
34.837597999999964
34.898380999999965
34.949454999999965
35.00891699999997
35.05996799999997
35.12096199999997
35.19536699999997
35.252883999999966
35.309136999999964
35.36916099999996
35.42321799999996
35.479041999999964
35.53456399999997
35.596051999999965
35.662834999999966
35.72233299999996
35.783075999999966
35.841858999999964
35.902759999999965
35.962344999999964
36.02508499999996
36.08105799999996
36.14365699999996
36.21124199999996
36.27066999999996
36.34019099999996
36.39492599999996
36.45319999999996
36.50819199999996
36.58135299999996
36.63981399999996
36.700842999999956
36.778725999999956
36.840105999999956
36.90149399999996
36.968474999999955
37.037830999999954
37.099148999999954
37.16334199999996
37.22803399999996
37.29830299999996
37.36405899999996
37.433117999999965
37.49841599999996
37.55766299999996
37.62735199999996
37.70387299999996
37.76920199999996
37.839199999999956
37.896878999999956
37.980477999999955
38.039710999999954
38.09934799999996
38.15851499999996
38.22428499999996
38.30208799999996
38.37034399999996
38.43476699999996
38.497985999999955
38.56092299999995
38.622771999999955
38.70636299999995
38.77162099999995
38.832003999999955
38.90753599999996
38.969082999999955
39.044218999999956
39.10999999999996
39.17705599999996
39.263759999999955
39.31625899999995
39.380088999999955
39.442127999999954
39.51701799999996
39.570625999999955
39.63568799999995
39.70139699999995
39.76908199999995
39.846731999999946
39.905348999999944
39.974669999999946
40.04038299999995
40.098110999999946
40.17083199999995
40.227447999999946
40.29689599999995
40.369212999999945
40.43746999999995
40.49167299999995
40.56275699999995
40.624013999999946
40.68777899999994
40.752011999999944
40.811263999999944
40.869947999999944
40.918758999999945
40.99920199999995
41.053208999999946
41.12350099999995
41.180904999999946
41.23887499999994
41.300627999999946
41.36378599999995
41.431594999999945
41.48993599999994
41.55072199999994
41.62567299999994
41.689139999999945
41.74898499999995
41.80723699999995
41.86522099999995
41.93101399999995
41.98698499999995
42.05223099999995
42.10678699999995
42.17123699999995
42.22857499999995
42.28398499999995
42.342253999999954
42.39920199999995
42.45690999999995
42.514567999999954
42.56976399999996
42.63308799999996
42.68738099999996
42.75621599999996
42.81339499999996
42.896830999999956
42.95410599999995
43.01312899999996
43.07731199999996
43.13262299999996
43.19282999999996
43.273975999999955
43.338915999999955
43.401829999999954
43.467934999999954
43.52581299999996
43.58667999999996
43.64418899999996
43.70235799999996
43.75889399999996
43.82617599999996
43.880791999999964
43.941019999999966
44.000911999999964
44.058668999999966
44.114167999999964
44.17369199999997
44.230296999999965
44.29258699999996
44.34589899999996
44.40307899999996
44.47057799999996
44.540393999999964
44.595646999999964
44.65253299999996
44.71391699999996
44.77652599999996
44.84365499999996
44.90828599999996
44.97142499999996
45.03544799999996
45.10609099999996
45.16802199999996
45.23114599999996
45.28843899999996
45.352347999999964
45.41086099999996
45.48558699999996
45.55065099999996
45.62698499999996
45.70155899999996
45.76527699999996
45.828107999999965
45.912080999999965
45.97682899999997
46.044710999999964
46.10836599999996
46.17148199999996
46.24384899999996
46.31653899999996
46.404611999999965
46.468135999999966
46.54418499999996
46.617200999999966
46.69103799999996
46.76382299999997
46.828183999999965
46.88341899999997
46.952493999999966
47.013037999999966
47.07933599999997
47.15161499999997
47.22665199999997
47.28760999999997
47.347964999999974
47.41027399999997
47.48905299999997
47.54864599999997
47.60878099999997
47.68944499999997
47.761742999999974
47.82372899999997
47.893609999999974
47.969268999999976
48.04315099999997
48.12638999999997
48.19624699999997
48.25592899999997
48.32300899999997
48.39587099999997
48.46459899999997
48.55137199999997
48.61376799999997
48.69828199999997
48.77386099999997
48.84137099999997
48.908053999999964
48.973966999999966
49.039638999999966
49.11842499999997
49.187417999999965
49.24132699999996
49.308522999999965
49.394403999999966
49.464797999999966
49.53150699999997
49.59562299999997
49.65137599999997
49.71276199999997
49.76754599999997
49.83035199999997
49.88797099999997
49.961124999999974
50.026404999999976
50.091156999999974
50.152235999999974
50.21953599999998
50.28297199999998
50.35557599999998
50.41455199999998
50.48040399999998
50.53647099999998
50.60265099999998
50.66607599999998
50.73435999999998
50.81344199999998
50.87654899999998
50.941144999999985
51.001725999999984
51.067444999999985
51.13769199999999
51.201776999999986
51.27636899999999
51.33598499999999
51.39915699999999
51.45844799999999
51.52837799999999
51.58508399999999
51.64669099999999
51.70870899999999
51.76704099999999
51.83538699999999
51.89083499999999
51.96248999999999
52.03447199999999
52.09172599999999
52.15717699999999
52.22630599999999
52.289948999999986
52.358794999999986
52.42521499999999
52.47442299999999
52.54041299999999
52.606279999999984
52.67716699999998
52.75278499999998
52.80760699999998
52.85372799999998
52.911104999999985
52.961404999999985
53.012064999999986
53.07043799999999
53.12526599999999
53.17815699999999
53.23775299999999
53.30164999999999
53.364341999999986
53.421528999999985
53.475946999999984
53.52261999999998
53.57032799999998
53.61998899999998
53.678544999999986
53.730806999999984
53.78783399999998
53.844940999999984
53.90384299999999
53.958004999999986
54.00815499999999
54.07587199999999
54.15727799999999
54.21901499999999
54.270993999999995
54.31922399999999
54.37325599999999
54.428113999999994
54.479851999999994
54.54839499999999
54.613519999999994
54.66093099999999
54.71505899999999
54.76729899999999
54.82377899999999
54.87886299999999
54.93240399999999
54.98594399999999
55.05078699999999
55.10748199999999
55.17845799999999
55.231874999999995
55.29860899999999
55.36316199999999
55.42314899999999
55.48527199999999
55.54673299999999
55.61002699999999
55.68321499999999
55.75195099999999
55.81312199999999
55.87642099999999
55.94409099999999
56.00581999999999
56.06814399999999
56.12852399999999
56.188430999999994
56.253859999999996
56.31269999999999
56.372063999999995
56.431439999999995
56.487199999999994
56.54320499999999
56.603199
56.666079999999994
56.71903499999999
56.78686899999999
56.84559799999999
56.89934799999999
56.94881799999999
57.012005999999985
57.07888099999999
57.13387599999999
57.201742999999986
57.251440999999986
57.31314099999999
57.37472899999999
57.42882999999999
57.486791999999994
57.54086399999999
57.59527099999999
57.64563499999999
57.70772499999999
57.77651299999999
57.83055899999999
57.894736999999985
57.962862999999984
58.013246999999986
58.05922099999999
58.11853699999999
58.17798599999999
58.23418999999999
58.294062999999994
58.351513
58.412546
58.4724
58.543126
58.595699
58.65448000000001
58.72438600000001
58.77823200000001
58.84599500000001
58.90539700000001
58.958808000000005
59.010833000000005
59.07412300000001
59.13416300000001
59.19047600000001
59.25664000000001
59.32119700000001
59.38433400000001
59.43398100000001
59.49376500000001
59.53538700000001
59.59279900000001
59.64408300000001
59.70317100000001
59.765794000000014
59.820985000000015
59.87105800000001
59.92068100000001
59.98072000000001
60.03417200000001
60.08655800000001
60.14380900000001
60.19905400000001
60.25420400000001
60.31485100000001
60.372287000000014
60.429811000000015
60.493636000000016
60.55187100000002
60.61636000000002
60.671598000000024
60.72838600000002
60.805176000000024
60.87006100000002
60.94328200000002
61.000070000000015
61.06431900000001
61.12313000000001
61.19373300000001
61.26283000000001
61.31520100000001
61.375355000000006
61.438002000000004
61.493443000000006
61.54886100000001
61.62188900000001
61.68364300000001
61.74972400000001
61.81839600000001
61.88376900000001
61.95774000000001
62.03478500000001
62.094302000000006
62.16087900000001
62.22011500000001
62.27938900000001
62.35182400000001
62.41419600000001
62.47634200000001
62.53508700000001
62.61847500000001
62.68817400000001
62.74422100000001
62.80239800000001
62.869760000000014
62.95342200000001
63.00705300000001
63.069657000000014
63.123958000000016
63.17587600000002
63.226576000000016
63.294727000000016
63.353684000000015
63.41586700000001
63.47534300000001
63.53354700000001
63.59127100000001
63.65788100000001
63.71977800000001
63.79009100000001
63.85195000000001
63.92582000000001
63.989351000000006
64.05362500000001
64.11273200000001
64.167786
64.22816
64.299595
64.369006
64.43727
64.510947
64.570053
64.634879
64.688773
64.741154
64.813074
64.876506
64.939064
65.00676
65.069965
65.131901
65.18836399999999
65.246681
65.31294299999999
65.36922399999999
65.43353899999998
65.51055299999999
65.57356999999999
65.641634
65.705972
65.78073400000001
65.84038100000001
65.89718300000001
65.95870500000001
66.03056500000001
66.10866200000001
66.18352600000001
66.24899200000002
66.32792100000002
66.40670700000001
66.46965900000001
66.54105600000001
66.626985
66.68983
66.760748
66.825489
66.887584
66.953956
67.015679
67.102215
67.170088
67.243441
67.32254
67.38248200000001
67.457001
67.525377
67.59138800000001
67.65761700000002
67.73270900000001
67.80319700000001
67.87483100000001
67.95451100000001
68.03011200000002
68.09684400000002
68.18138100000002
68.25439400000002
68.32093200000001
68.38634900000001
68.46648400000001
68.54420800000001
68.61053600000001
68.688004
68.76417900000001
68.83974600000002
68.91024200000003
68.98499800000002
69.05318100000002
69.12152500000002
69.19057800000002
69.25355500000002
69.32870700000002
69.39334500000002
69.47413400000002
69.53918800000002
69.62495000000003
69.68563100000003
69.77574200000002
69.84526700000002
69.90854100000003
69.99444900000003
70.06592200000003
70.12690700000003
70.18889200000004
70.26740900000004
70.33107700000005
70.40520300000006
70.46657700000006
70.53026700000005
70.59925500000006
70.67449400000005
70.74512500000006
70.80526400000007
70.87099900000007
70.93553700000007
71.00209300000007
71.06611100000008
71.14468000000008
71.21537300000008
71.28710200000009
71.37000100000009
71.43599300000008
71.50861400000008
71.57363000000008
71.64365100000008
71.72266100000007
71.79176900000007
71.86766000000007
71.94959100000007
72.01145600000007
72.09220700000007
72.15481100000007
72.22596500000007
72.30668900000008
72.38306900000008
72.44817000000008
72.52131300000008
72.58212100000007
72.66330800000007
72.73211000000008
72.79502200000007
72.86289200000007
72.92423300000007
73.00799300000007
73.07986500000007
73.15575700000007
73.22336200000007
73.29346700000006
73.35772700000007
73.42792800000007
73.49625700000007
73.57455000000007
73.64290900000007
73.71922500000008
73.77766900000007
73.83932300000008
73.90239700000008
73.97637100000009
74.04550900000008
74.12290100000008
74.19790200000008
74.25950500000009
74.33051200000008
74.40762700000009
74.47921200000009
74.53860000000009
74.61663300000009
74.70323700000009
74.78088900000009
74.84144600000009
74.9164230000001
74.98247000000009
75.04186000000009
75.10498000000008
75.17311000000008
75.24410900000008
75.30875300000008
75.38201500000008
75.44625700000007
75.50814800000008
75.58116300000007
75.65918600000008
75.72572500000008
75.78946100000009
75.85559400000008
75.92120700000008
76.00881700000008
76.08041300000008
76.15330600000007
76.22627100000007
76.29327500000007
76.36246800000006
76.44548100000006
76.51005800000006
76.57182100000006
76.64687800000006
76.71446200000005
76.78201800000005
76.85645700000005
76.92939800000005
76.99584400000005
77.07700800000005
77.14168100000005
77.20827800000005
77.27078300000005
77.34721800000005
77.40899100000006
77.48857300000006
77.55395900000006
77.63857000000006
77.70411900000006
77.77456700000006
77.84004300000007
77.91290900000007
77.98760300000006
78.04981600000006
78.11846500000006
78.18094100000006
78.24224000000007
78.31060200000006
78.37754200000006
78.45072600000006
78.51519200000006
78.58524300000006
78.64597200000006
78.70705300000006
78.78757200000005
78.85127700000005
78.90916000000006
78.98105700000006
79.05934000000006
79.11691300000007
79.17954300000007
79.24719300000007
79.31101600000007
79.38449700000007
79.46617500000006
79.52565100000007
79.59204100000007
79.65276000000007
79.71006300000008
79.77298500000008
79.82755000000007
79.88705300000008
79.96019600000008
80.02552900000008
80.09129000000007
80.15607800000006
80.21331500000007
80.27631300000006
80.33732800000006
80.39461400000006
80.44876900000006
80.50721900000005
80.56189300000005
80.61557400000005
80.67182300000005
80.73472900000004
80.79348900000005
80.84789400000005
80.89761600000006
80.96789100000005
81.02879300000005
81.09461500000005
81.15506400000005
81.21997100000006
81.28360300000006
81.33632900000006
81.38908900000007
81.44489900000006
81.50859200000006
81.56011600000006
81.60767900000006
81.65769400000006
81.71904400000007
81.77468100000007
81.84572700000007
81.90242100000006
81.97528400000006
82.03935300000006
82.11838800000007
82.18635600000006
82.25043400000006
82.30269800000005
82.35185100000005
82.40775100000005
82.47100300000005
82.52853100000006
82.59012100000005
82.64968500000005
82.72880800000004
82.78877000000004
82.85072600000004
82.90849600000004
82.98826800000005
83.06584600000005
83.13479600000005
83.18583000000005
83.24435000000005
83.30343800000006
83.36309900000006
83.41770900000006
83.48021000000006
83.54261500000005
83.62361700000005
83.68343300000005
83.74211100000005
83.81037700000005
83.87370400000005
83.93241700000004
84.00225100000004
84.08198300000005
84.13609900000004
84.21412700000005
84.27852200000005
84.34574500000005
84.40139000000005
84.47361900000004
84.53194900000004
84.58013500000004
84.64790300000004
84.71842500000004
84.79093800000004
84.84770100000004
84.93217200000004
84.99103900000004
85.06063300000004
85.12532000000004
85.18968500000004
85.25083900000004
85.31439100000004
85.38515900000004
85.47034100000005
85.54149700000005
85.60577100000005
85.68013600000005
85.75611100000005
85.82447500000005
85.89197600000004
85.95933100000005
86.03145100000005
86.08851600000004
86.14924100000005
86.20987600000005
86.27687500000005
86.34131900000004
86.40043600000004
86.46206700000005
86.51491600000004
86.58250100000004
86.64963600000003
86.71179000000004
86.76800100000004
86.83727100000004
86.89582700000004
86.95770900000004
87.04193800000003
87.10518400000004
87.17059500000003
87.25369800000003
87.30776600000003
87.37237700000003
87.43638400000003
87.52347000000003
87.58076300000003
87.64416400000003
87.70193500000003
87.76508400000003
87.82582800000003
87.89726300000002
87.97489300000002
88.02930800000003
88.10284900000003
88.16614200000004
88.22549300000004
88.28346200000004
88.35211700000005
88.40821500000006
88.47037000000006
88.53262000000007
88.61139300000006
88.66291600000007
88.73639500000007
88.78778900000007
88.84168200000008
88.88723300000008
88.94447400000008
89.00048700000008
89.04463800000008
89.09608100000008
89.14374900000008
89.18521200000008
89.22769400000008
89.27735900000009
89.3358780000001
89.37977700000009
89.4310520000001
89.4840110000001
89.5418060000001
89.58864300000009
89.64628000000009
89.69585700000009
89.73381200000009
89.77417500000008
89.81536500000009
89.85211600000008
89.88801800000007
89.94399000000007
89.98318100000007
90.02113800000008
90.06082200000007
90.12143000000007
90.15956600000007
90.19590500000007
90.23974500000007
90.28702100000007
90.32797700000006
90.36480100000006
90.40000100000006
90.43628900000006
90.47388200000006
90.51362800000005
90.56152700000005
90.60371800000006
90.63700000000006
90.67089500000006
90.71350200000006
90.75686500000006
90.80086600000006
90.84475900000005
90.88266000000006
90.92647100000006
90.97489700000007
91.02600300000007
91.06349700000007
91.10735700000006
91.14791700000006
91.19493800000006
91.26544400000006
91.31130400000006
91.35788400000007
91.40342600000007
91.46297400000007
91.52426400000007
91.57859600000008
91.63337900000008
91.70404200000007
91.77271700000007
91.82352700000007
91.87312500000007
91.92728100000008
91.98149700000008
92.02932300000008
92.08585500000008
92.15279000000008
92.20415800000008
92.25640600000008
92.30700000000009
92.35731600000008
92.40982200000008
92.46130600000008
92.52191700000007
92.57250600000008
92.62343800000008
92.68616100000008
92.73931700000009
92.78181000000008
92.83215300000008
92.89453200000008
92.94074200000009
93.01080300000008
93.05947500000008
93.11521700000007
93.16369100000007
93.21451400000007
93.27133300000007
93.31495400000007
93.36146900000007
93.41289500000008
93.45121200000008
93.50085400000009
93.54633400000009
93.59197000000009
93.63601000000008
93.68726600000008
93.73750400000007
93.78199900000007
93.83308000000007
93.87848100000006
93.92211400000006
93.99416500000007
94.05641400000006
94.10524300000006
94.16606900000006
94.21532800000007
94.26333100000006
94.32901900000006
94.39110700000006
94.45673000000006
94.50025300000006
94.54174400000005
94.58591400000005
94.63611500000005
94.68397600000004
94.73102000000004
94.79332500000004
94.83598200000004
94.88062300000004
94.92407500000004
94.95952500000004
95.00125000000004
95.04615500000004
95.10499100000004
95.15044200000004
95.19353500000004
95.24246500000004
95.31851200000004
95.35699700000004
95.39510300000003
95.43683500000003
95.49008500000004
95.53014500000003
95.57380300000003
95.61580100000003
95.65717900000003
95.70752100000003
95.75025200000003
95.79551600000003
95.83608900000003
95.89953800000004
95.95105900000003
95.99633500000003
96.04443900000003
96.10561200000002
96.18265000000002
96.22069200000003
96.27388000000003
96.31670100000004
96.38154300000004
96.42315200000003
96.46342000000003
96.51177900000003
96.55807400000003
96.60077400000003
96.65334300000004
96.70140600000003
96.75471600000003
96.80251100000002
96.84739400000002
96.89239700000002
96.93394100000002
96.97455400000001
97.01958300000001
97.070406
97.10594
97.16658600000001
97.20312000000001
97.26465200000001
97.30675000000001
97.347075
97.40044
97.435303
97.484953
97.51974
97.557812
97.607429
97.665207
97.70044999999999
97.73807999999998
97.78134799999998
97.81717799999998
97.85717099999998
97.90025299999998
97.95584599999998
98.00106099999998
98.03781399999998
98.07380499999998
98.11441999999998
98.17128499999998
98.20888599999998
98.24226199999998
98.27826299999998
98.31442799999998
98.36305699999998
98.41928499999999
98.453476
98.509112
98.543702
98.58174199999999
98.628329
98.65701399999999
98.69516899999999
98.729997
98.760588
98.797476
98.836315
98.88455
98.91972600000001
98.97467100000001
99.00782700000002
99.03939400000002
99.08266400000002
99.11640100000002
99.14696500000002
99.18743100000002
99.21882000000002
99.25710600000002
99.29765600000002
99.33309000000001
99.36652900000001
99.40023800000002
99.44249700000002
99.48023500000002
99.51555700000002
99.56329600000002
99.59786100000002
99.63299400000002
99.66738200000003
99.71028100000004
99.75289600000004
99.79925200000004
99.83802300000004
99.87362100000003
99.90213600000003
99.93990400000003
99.97047400000002
100.01346700000002
100.06563000000001
100.10829200000002
100.14279600000002
100.17727200000002
100.20993200000002
100.24415400000002
100.27858500000002
100.31865500000002
100.35313400000003
100.38634400000002
100.41946100000003
100.45341400000002
100.48373500000002
100.52072400000003
100.55565800000004
100.59555800000004
100.63127500000004
100.67215700000004
100.71311800000004
100.74750500000003
100.78053700000004
100.81218500000004
100.84344600000004
100.87304900000004
100.91154300000004
100.95542500000003
100.98394500000003
101.02057800000003
101.06155500000003
101.09373100000003
101.12461200000003
101.16229100000002
101.18904700000003
101.21163700000002
101.24044900000003
101.26481200000002
101.29777800000002
101.33224400000002
101.36305900000002
101.39753500000002
101.42210800000002
101.44350200000002
101.47828500000003
101.51723200000002
101.54602600000003
101.58191900000003
101.61241200000003
101.65724600000003
101.68270800000003
101.70517200000003
101.73188100000003
101.76061400000003
101.78658900000003
101.81010000000003
101.82808300000003
101.85553500000003
101.88384300000003
101.91104300000002
101.93528200000002
101.95784900000001
101.98094300000001
102.014458
102.03790400000001
102.064091
102.086515
102.11332700000001
102.140088
102.161191
102.174594
102.19177
102.21549200000001
102.23948200000001
102.261542
102.28341
102.316226
102.350333
102.368392
102.390636
102.414376
102.43155200000001
102.44731000000002
102.48131200000002
102.50684500000001
102.54753500000001
102.56953100000001
102.595526
102.617873
102.639317
102.666414
102.680426
102.693977
102.718959
102.74448699999999
102.76332099999999
102.78907999999998
102.81275599999998
102.84715299999998
102.86539399999998
102.89342299999998
102.91308399999998
102.93165399999998
102.96958399999998
103.01004599999999
103.03462799999998
103.05720099999998
103.09823499999997
103.13402299999997
103.15949599999998
103.18649999999998
103.21075899999998
103.22690099999998
103.24553999999998
103.26839099999998
103.28886199999998
103.32699199999998
103.34994599999997
103.37027099999997
103.39667799999998
103.41665899999998
103.44889699999999
103.47282299999999
103.50636899999999
103.535164
103.55930199999999
103.58075799999999
103.61204799999999
103.63239499999999
103.65935999999999
103.677803
103.706594
103.733645
103.75785599999999
103.78866299999999
103.81672099999999
103.84009799999998
103.86141099999999
103.88477799999998
103.90820899999999
103.93740099999998
103.97197699999998
104.00110299999999
104.02689299999999
104.04868199999999
104.07318099999999
104.09459499999998
104.13256799999998
104.16024599999997
104.19014699999997
104.21568599999996
104.24812799999997
104.26707699999997
104.28934099999998
104.31196999999997
104.34832599999997
104.36688099999998
104.38201199999997
104.41102699999998
104.43481199999998
104.45373099999998
104.47907199999997
104.50149999999998
104.52107699999998
104.54903799999998
104.57508499999999
104.61006099999999
104.63606599999999
104.67023399999998
104.69207399999998
104.71618099999998
104.75301699999997
104.77742499999997
104.79215799999997
104.80678499999998
104.82464699999997
104.84626099999997
104.87269299999997
104.89172599999996
104.91272099999996
104.93826799999997
104.96513099999997
104.98474599999997
105.00130799999997
105.03633199999997
105.05711599999998
105.08714199999999
105.10836699999999
105.13163499999999
105.15461199999999
105.18347099999998
105.20322999999998
105.22375699999998
105.24436599999997
105.27092299999997
105.29653899999997
105.32006299999996
105.34582999999996
105.38069199999997
105.41940499999997
105.44196399999997
105.46931099999998
105.48886599999997
105.50566199999997
105.53441599999998
105.55829799999998
105.57235199999998
105.59427699999998
105.61449399999998
105.64167099999997
105.66628399999998
105.68872399999998
105.70950099999997
105.73414499999997
105.75731799999997
105.78066999999997
105.81013399999998
105.83524399999997
105.85990399999997
105.88843399999998
105.91581999999998
105.95360999999998
105.97378199999999
106.00118899999998
106.02831099999999
106.05118399999999
106.07006999999999
106.09079899999999
106.11600899999999
106.142208
106.174644
106.19774
106.223861
106.252915
106.287806
106.312619
106.338031
106.363175
106.388655
106.415178
106.454358
106.48224
106.505213
106.52642999999999
106.557628
106.591276
106.615499
106.64477
106.672073
106.710705
106.735251
106.76689
106.792195
106.82538600000001
106.862295
106.894549
106.93917499999999
106.97335199999999
107.007009
107.032782
107.058387
107.094381
107.134436
107.16366699999999
107.19016599999999
107.229385
107.26269699999999
107.285811
107.330024
107.359504
107.392456
107.43321499999999
107.463551
107.49023799999999
107.52608899999998
107.55279599999999
107.59466599999999
107.62635999999999
107.65364
107.69001899999999
107.72958799999999
107.76803199999999
107.80966899999999
107.87040899999998
107.90214599999999
107.94594799999999
107.99743199999999
108.03125999999999
108.064844
108.09136699999999
108.13403899999999
108.17077799999998
108.20978099999998
108.24751099999997
108.31247899999997
108.35479599999996
108.39212599999996
108.43625799999997
108.48307099999997
108.51806899999997
108.56932499999996
108.61166199999997
108.65414999999997
108.69975799999997
108.73544799999998
108.77159799999998
108.80796499999998
108.84759199999998
108.88636899999997
108.93084399999998
108.97398999999997
109.02459899999997
109.06373499999997
109.10477199999997
109.14875699999997
109.19617099999998
109.24087099999998
109.30833799999998
109.35225999999997
109.41539499999998
109.48237299999998
109.52593199999998
109.58702899999999
109.637031
109.683844
109.74122
109.802116
109.86056599999999
109.90125199999999
109.94726699999998
110.01449699999998
110.08582299999998
110.13375799999997
110.17935899999998
110.23412799999997
110.28207699999997
110.32953099999997
110.39340799999998
110.43517999999997
110.49812699999997
110.54438299999997
110.61032799999997
110.66206799999996
110.73864199999996
110.78889599999995
110.83933399999995
110.90360399999994
110.95589199999995
111.00922299999995
111.06170699999996
111.11776199999996
111.16580299999995
111.21324799999995
111.25811999999995
111.31475399999995
111.36639999999996
111.41613099999995
111.47052699999995
111.52569699999995
111.58581599999995
111.63984899999996
111.69832599999995
111.76091299999995
111.82537099999995
111.88466899999995
111.93389599999995
111.99087499999995
112.04970099999994
112.11104899999994
112.16897299999994
112.22350699999994
112.29118499999994
112.34985599999995
112.40647999999995
112.47095399999995
112.52985399999994
112.59562599999994
112.65732999999994
112.72237199999995
112.79351199999995
112.85781099999996
112.92115999999996
112.98937299999996
113.05773699999996
113.12540299999996
113.19053799999996
113.26961699999995
113.33488399999996
113.40396799999996
113.46568799999996
113.54286399999995
113.62108599999995
113.70830899999994
113.77658099999994
113.85450099999994
113.92140499999994
113.98823799999994
114.06136999999994
114.12938499999994
114.19607799999994
114.27141499999995
114.33800699999995
114.40677399999994
114.47291499999994
114.54127599999994
114.61569799999994
114.67702699999994
114.74097899999994
114.80645799999994
114.87419899999993
114.93952199999994
115.00528499999994
115.08522399999994
115.14600499999995
115.20403299999994
115.26928899999994
115.33582199999995
115.40158499999995
115.48046899999996
115.55170099999995
115.63107899999996
115.71838199999996
115.79354499999997
115.86154999999997
115.94397299999997
116.02071999999997
116.08545999999997
116.15290599999997
116.22089599999997
116.31222999999997
116.39465799999996
116.46404699999997
116.54897899999996
116.61739099999996
116.69167199999995
116.76191899999995
116.84339299999995
116.91525399999995
116.99848999999995
117.06925299999995
117.14147199999995
117.22896899999995
117.32247399999994
117.38805199999994
117.46780899999995
117.53425999999995
117.61921999999994
117.69755699999995
117.77023899999995
117.84360099999995
117.91582499999996
117.98647699999995
118.05596799999995
118.12295999999995
118.18583699999995
118.26038099999995
118.33078299999995
118.41405699999996
118.48233099999996
118.55791899999996
118.63018299999996
118.69584699999996
118.77670199999996
118.84376999999996
118.91089799999996
118.97571199999996
119.05243199999995
119.11663599999996
119.19753399999996
119.27099199999996
119.35165699999996
119.41955899999996
119.49116799999996
119.55365199999996
119.62600899999995
119.69321099999995
119.75738599999995
119.82239199999995
119.88302599999994
119.94691599999994
120.02053899999994
120.08973499999995
120.15635899999995
120.21743999999995
120.27287299999995
120.34376799999994
120.42875999999994
120.49735899999995
120.55247599999994
120.60964299999995
120.68661799999995
120.74471399999996
120.81588099999996
120.88422099999997
120.95775499999996
121.02263599999996
121.08740799999997
121.15429199999997
121.23490899999997
121.29637499999997
121.37143099999997
121.43342899999998
121.50232799999998
121.56947499999998
121.65131399999999
121.72491799999999
121.80154799999998
121.86918899999998
121.94885399999998
122.01493299999998
122.08096199999999
122.14752899999999
122.231911
122.303676
122.37337099999999
122.44657299999999
122.52655299999999
122.604063
122.678502
122.749426
122.81946
122.89701000000001
122.968541
123.044021
123.126592
123.196462
123.27138
123.351254
123.42669
123.50054399999999
123.58571099999999
123.66636299999999
123.75058899999999
123.84028599999999
123.931191
124.025882
124.101227
124.172435
124.251166
124.31756899999999
124.392445
124.473901
124.557874
124.627876
124.695191
124.78149699999999
124.86481799999999
124.93642399999999
125.01276899999999
125.082337
125.17586299999999
125.246145
125.320708
125.398274
125.477315
125.553239
125.624063
125.708725
125.774683
125.849522
125.925226
126.00375199999999
126.07539799999999
126.15437999999999
126.233848
126.310013
126.386462
126.461565
126.542583
126.620013
126.691871
126.76827
126.853236
126.92897099999999
127.00459699999999
127.08161499999999
127.16631699999998
127.23744099999998
127.31159799999998
127.38230499999997
127.44881199999998
127.52006099999997
127.58459599999998
127.67996599999998
127.74417099999998
127.81795899999997
127.89389099999997
127.96648799999997
128.03097199999996
128.09581099999997
128.17711199999997
128.24232899999996
128.30587699999995
128.37519899999995
128.44680699999995
128.51690899999994
128.58985599999994
128.65641399999993
128.72033899999994
128.79365199999995
128.86366499999994
128.93547599999994
128.99718799999994
129.08308299999993
129.15370399999992
129.2230869999999
129.2945469999999
129.36984399999992
129.4498389999999
129.5156849999999
129.5830629999999
129.6505969999999
129.7241019999999
129.7956049999999
129.86323399999992
129.9433999999999
130.0050359999999
130.0776259999999
130.1643249999999
130.2377809999999
130.3032289999999
130.3929759999999
130.4540969999999
130.51475699999992
130.59780999999992
130.6534479999999
130.71309799999992
130.78037199999991
130.8446509999999
130.90419899999992
130.9693809999999
131.0519889999999
131.1144269999999
131.1967619999999
131.2546409999999
131.3299839999999
131.3976279999999
131.4656099999999
131.52730899999992
131.60087299999992
131.67106199999992
131.7337919999999
131.8101849999999
131.8754409999999
131.94256399999992
132.0058539999999
132.0781259999999
132.15252399999991
132.21982599999993
132.29173499999993
132.36306099999993
132.42923199999993
132.49025799999993
132.5591799999999
132.64041099999992
132.70491399999992
132.77208199999993
132.84119899999993
132.91087399999992
132.97486199999992
133.0449189999999
133.1343619999999
133.1972889999999
133.2746829999999
133.3549699999999
133.4227969999999
133.49677099999988
133.56404799999987
133.65252899999987
133.72047999999987
133.79060399999986
133.86262699999986
133.93515599999986
134.00678199999987
134.0776629999999
134.1470629999999
134.21521899999988
134.28806599999987
134.35948899999988
134.4316229999999
134.50919799999988
134.5787309999999
134.6465179999999
134.7166789999999
134.8121969999999
134.87783299999992
134.94011399999994
135.00723999999994
135.07491599999994
135.14788399999995
135.21550399999995
135.28256899999997
135.34750299999996
135.43520699999996
135.52663399999997
135.59373199999996
135.66346999999996
135.73828799999995
135.80592099999996
135.87733699999995
135.95897199999996
136.02942299999995
136.09923899999995
136.17630599999995
136.24238599999995
136.32908999999995
136.41086099999995
136.48215199999996
136.54771799999995
136.61247899999995
136.67792999999995
136.77065899999994
136.84099999999995
136.91772199999994
136.97826399999994
137.05975699999993
137.14136199999993
137.20267299999992
137.26555399999992
137.33819799999992
137.40123299999993
137.49121699999992
137.5621879999999
137.6225199999999
137.6944709999999
137.75868899999992
137.82111099999992
137.89419199999992
137.95831299999992
138.0356309999999
138.0976069999999
138.1580849999999
138.2212929999999
138.2920419999999
138.3603009999999
138.4302249999999
138.5050599999999
138.5720529999999
138.6523839999999
138.7132289999999
138.7930889999999
138.8643559999999
138.9303529999999
138.9959709999999
139.06223899999992
139.1219179999999
139.19372399999992
139.25498599999992
139.3205189999999
139.3920119999999
139.4499569999999
139.5116039999999
139.5870559999999
139.6646409999999
139.7509859999999
139.80778399999988
139.86751799999988
139.94019299999988
140.0020139999999
140.0757699999999
140.1433129999999
140.20484999999988
140.27215999999987
140.33845299999987
140.39966999999987
140.47263999999987
140.53598999999988
140.60487499999988
140.68427499999987
140.75793599999986
140.82489399999986
140.88777499999986
140.94384499999987
141.00982799999986
141.08363799999987
141.13271899999987
141.19390799999988
141.2593869999999
141.31334699999988
141.36114999999987
141.41040999999987
141.47512399999988
141.5435859999999
141.5979089999999
141.6700669999999
141.7448799999999
141.80549499999992
141.86585099999994
141.92285799999993
141.98859099999993
142.04731899999993
142.11643399999994
142.17498699999993
142.23186299999992
142.29129099999992
142.35869899999992
142.42095799999993
142.48543499999994
142.54954299999994
142.61781599999995
142.68423399999995
142.75407999999996
142.82851499999995
142.90314899999996
142.97360699999996
143.03451799999996
143.09505999999996
143.17682199999996
143.23807299999996
143.29615599999997
143.36483699999997
143.42523999999997
143.49145699999997
143.54597199999998
143.611237
143.672147
143.741931
143.80755
143.875151
143.934789
143.99302
144.059476
144.11290799999998
144.16856499999997
144.23441399999996
144.29332299999996
144.36071499999997
144.43104599999998
144.50841499999999
144.58053299999997
144.64078999999998
144.69721199999998
144.75647999999998
144.81067099999999
144.866796
144.92505599999998
144.98156999999998
145.03914699999999
145.093843
145.151036
145.212629
145.282724
145.351256
145.408544
145.46655
145.532033
145.60462700000002
145.66840700000003
145.72687200000004
145.79344200000006
145.88010000000006
145.94431600000004
146.01363800000004
146.07492800000006
146.13932700000007
146.20194600000008
146.2635850000001
146.3207700000001
146.3829560000001
146.4387260000001
146.5169250000001
146.5922040000001
146.6671630000001
146.73373300000011
146.7887630000001
146.8514910000001
146.9214950000001
146.9841780000001
147.0444490000001
147.1291430000001
147.19655000000012
147.25771700000013
147.32002700000012
147.38944600000013
147.43911600000013
147.51343300000013
147.57742000000013
147.65482100000014
147.71337200000013
147.78135800000013
147.85159400000012
147.9169240000001
147.9790580000001
148.0648940000001
148.12635200000008
148.1867770000001
148.2491650000001
148.31118600000008
148.38176100000007
148.44558000000006
148.51696400000006
148.59245600000006
148.66306700000007
148.72077100000007
148.77740100000008
148.83049100000008
148.88526200000007
148.94654500000007
149.00175900000008
149.06009400000008
149.13672500000007
149.21315800000008
149.28039600000008
149.3342800000001
149.4111290000001
149.4703170000001
149.5261650000001
149.5819260000001
149.6377730000001
149.7029500000001
149.7633760000001
149.8220690000001
149.86978600000012
149.9235440000001
149.97838400000012
150.05390800000012
150.10665400000013
150.16213600000015
150.21251800000016
150.27403000000015
150.33212200000014
150.41454900000014
150.46617100000014
150.52024700000015
150.56617600000015
150.61928600000016
150.67170500000014
150.73316300000013
150.79016600000014
150.84087700000015
150.90082100000015
150.95882000000015
151.01953800000015
151.07144200000016
151.12415600000017
151.17737700000018
151.24463700000018
151.30122900000018
151.35198100000017
151.41499800000017
151.48505600000016
151.54674900000015
151.60419400000015
151.67343300000016
151.73144800000017
151.79024300000017
151.85095400000017
151.90552000000017
151.95990200000017
152.02540500000018
152.0852770000002
152.1477070000002
152.2058170000002
152.2753170000002
152.3378990000002
152.4022680000002
152.4583040000002
152.5201490000002
152.5780100000002
152.6359280000002
152.6929540000002
152.74834900000022
152.8054820000002
152.86440000000022
152.92030400000021
152.9794530000002
153.0339580000002
153.08879000000022
153.1661630000002
153.2207850000002
153.27266500000022
153.34021900000022
153.4109420000002
153.4673880000002
153.5281270000002
153.58852800000022
153.66218500000022
153.71149300000022
153.7789740000002
153.83855400000022
153.90049900000022
153.96133200000023
154.02788000000024
154.09400500000024
154.15422800000024
154.21342100000024
154.26874000000024
154.34530900000024
154.40634300000025
154.45891600000024
154.51196200000024
154.57477600000024
154.63506000000024
154.70945200000023
154.76899300000022
154.82325200000022
154.88634400000024
154.94306100000023
154.99715000000023
155.05289700000023
155.11817600000023
155.17196200000024
155.23259600000023
155.29254200000022
155.34413500000022
155.40182500000023
155.46971800000023
155.52373600000024
155.58839300000025
155.64650200000025
155.70715300000026
155.77805800000027
155.83794600000027
155.90452800000028
155.97624100000027
156.04725600000026
156.11121800000026
156.16861000000026
156.22390000000027
156.28665700000028
156.34683500000028
156.4051680000003
156.4706740000003
156.5270460000003
156.5781730000003
156.6342460000003
156.6920870000003
156.7484850000003
156.7979180000003
156.8539620000003
156.9260020000003
156.97989500000028
157.04356800000028
157.1116910000003
157.1782550000003
157.2462350000003
157.3194160000003
157.3864840000003
157.4331020000003
157.4876060000003
157.5470490000003
157.6068500000003
157.65524800000028
157.71154800000028
157.76156700000027
157.80895500000028
157.85794600000028
157.9055250000003
157.9521850000003
158.0138490000003
158.06364700000032
158.11667700000032
158.16473500000032
158.23865700000033
158.28532200000032
158.3365580000003
158.4012990000003
158.4486010000003
158.50098700000032
158.55033700000033
158.59293600000032
158.62975600000033
158.66758400000032
158.73140200000032
158.77640800000032
158.8160810000003
158.8588840000003
158.8926660000003
158.94595200000032
158.9821270000003
159.0208150000003
159.0593070000003
159.1015120000003
159.1385730000003
159.1740130000003
159.20779700000028
159.24213200000028
159.2792090000003
159.3165920000003
159.3550460000003
159.3873910000003
159.43517100000028
159.47247600000028
159.50093800000027
159.53800900000027
159.58883300000028
159.63215400000027
159.68633300000027
159.71342900000027
159.74528800000027
159.79082600000027
159.82236400000028
159.85557000000028
159.88878200000028
159.90971700000028
159.94374900000028
159.98094100000029
160.01333200000028
160.03875200000027
160.07082200000028
160.1068750000003
160.1330670000003
160.1583520000003
160.1877870000003
160.2194290000003
160.2449160000003
160.2823910000003
160.31391700000032
160.34734900000032
160.36955700000033
160.39318500000033
160.42132600000033
160.45074500000032
160.48153700000032
160.51100300000033
160.54972800000033
160.58224800000033
160.60745000000034
160.63342700000035
160.66414200000034
160.69435300000035
160.72054200000034
160.75198300000034
160.77672700000034
160.80404900000033
160.83601500000034
160.86304200000035
160.89402500000034
160.92227500000035
160.95100700000035
160.98622500000033
161.04050600000033
161.08326300000033
161.11115000000032
161.14067500000033
161.17361000000034
161.21285200000034
161.24443300000033
161.27050500000033
161.29573500000032
161.3283060000003
161.3579580000003
161.3851550000003
161.4213630000003
161.4539070000003
161.4769010000003
161.4969640000003
161.5264580000003
161.5525800000003
161.5787750000003
161.61023200000028
161.62946300000027
161.65117000000026
161.68497500000026
161.71249900000026
161.73620200000028
161.7633270000003
161.7918410000003
161.8258610000003
161.8525710000003
161.8799070000003
161.91483900000028
161.93938500000027
161.96532000000028
161.98807800000029
162.00592500000027
162.03360000000026
162.06089200000025
162.08769500000025
162.11335300000025
162.15762300000026
162.19113500000026
162.21631100000025
162.23979100000025
162.26448800000026
162.30355900000026
162.34344500000026
162.36851400000026
162.39687500000025
162.41940800000026
162.44675600000025
162.47822800000026
162.51263000000026
162.53202300000027
162.56076800000025
162.58595000000025
162.61565900000025
162.64674100000025
162.66459000000026
162.67853100000025
162.70049500000025
162.72296400000025
162.74043300000025
162.76799200000025
162.80119000000025
162.82845700000024
162.85123200000024
162.88153200000025
162.90368800000024
162.93491700000024
162.95859300000023
162.98505500000024
163.01127800000023
163.03546800000024
163.06223200000022
163.08426000000023
163.11324800000023
163.13511600000024
163.16478100000023
163.18417000000022
163.21287300000023
163.23974000000024
163.27310900000023
163.30227100000025
163.33200500000024
163.37148900000022
163.39501500000023
163.42178200000023
163.45462900000024
163.48611100000025
163.51142100000024
163.54859500000023
163.59769600000024
163.62760500000024
163.65604200000024
163.68136700000025
163.71073600000025
163.74407400000024
163.78423500000025
163.82426000000027
163.85630300000025
163.88418700000025
163.92660800000024
163.96654500000025
164.00783200000026
164.04457600000026
164.09891300000027
164.14287100000027
164.17671000000027
164.21014900000026
164.24416000000025
164.27792000000025
164.30961700000026
164.33593200000027
164.36774500000027
164.39938700000027
164.43099300000029
164.47062100000028
164.50230800000028
164.5336570000003
164.57406200000028
164.60881800000027
164.63786400000026
164.67363700000027
164.70424000000028
164.73650700000027
164.76443300000028
164.80440000000027
164.83203200000028
164.86186400000028
164.88845500000028
164.91222000000027
164.94120000000026
164.96935500000026
164.99743500000025
165.02658300000024
165.05552300000025
165.10390500000025
165.12691500000025
165.15600000000026
165.18375200000025
165.20737400000024
165.22883500000023
165.25187900000023
165.27801300000024
165.30048300000024
165.33954300000025
165.37514000000024
165.39998400000025
165.41912800000026
165.45489300000025
165.48211400000025
165.50764000000026
165.53909400000026
165.57136700000027
165.61727900000025
165.64362600000024
165.66931700000023
165.69156400000023
165.71848700000024
165.75085800000025
165.76650600000025
165.78673300000025
165.80056000000025
165.82252700000024
165.84578600000023
165.87194400000024
165.89299800000023
165.91511800000023
165.93312400000025
165.94808200000026
165.96204600000024
165.98621100000025
166.00842000000026
166.04101200000025
166.06534000000025
166.08642800000024
166.10692400000025
166.13041700000025
166.15975100000026
166.18927800000026
166.21166800000026
166.23115800000025
166.25124000000025
166.26966800000025
166.29417700000025
166.32485400000024
166.35051800000025
166.38285000000025
166.41312100000025
166.43552400000024
166.47125900000023
166.50950900000024
166.53314500000025
166.56269100000026
166.59291700000026
166.62396500000025
166.64810300000025
166.67887100000024
166.71181100000024
166.73747300000025
166.76631200000026
166.80581400000025
166.83161800000025
166.86123700000024
166.89019500000023
166.92526300000023
166.96072300000023
166.98980600000024
167.02441800000025
167.05812600000024
167.09500000000025
167.13330900000025
167.17059800000024
167.20403100000024
167.23991700000025
167.26818900000023
167.30040100000022
167.33766000000023
167.37660200000022
167.44021100000023
167.47725700000024
167.50684600000022
167.5423100000002
167.60220400000023
167.64352300000022
167.6840640000002
167.7204750000002
167.7735760000002
167.8074680000002
167.8452730000002
167.88616400000018
167.93037300000017
167.99216400000017
168.03695700000017
168.08097800000016
168.12595400000015
168.17666500000016
168.23503500000015
168.28493400000016
168.33282500000016
168.40057000000016
168.46353200000016
168.51408500000016
168.57453500000017
168.62283500000018
168.6664180000002
168.7087180000002
168.7741330000002
168.8226150000002
168.86711000000022
168.91324200000022
168.98080300000024
169.02882300000024
169.08620400000024
169.15064300000023
169.21865300000022
169.2644720000002
169.31727800000021
169.37204100000022
169.42136900000023
169.47670700000023
169.52814600000022
169.58113300000022
169.63051800000022
169.68823400000022
169.73288700000023
169.78359200000023
169.84836700000022
169.90516100000022
169.95658300000022
170.02008100000023
170.07540700000024
170.13547800000023
170.19262400000022
170.2529560000002
170.3098730000002
170.3596850000002
170.4269940000002
170.48183500000022
170.5393840000002
170.58804500000022
170.64981600000021
170.71000400000023
170.76530800000023
170.81305500000022
170.8691320000002
170.9216490000002
170.98039500000021
171.04845400000022
171.10874300000023
171.16423000000023
171.21964800000023
171.27550000000022
171.34227800000022
171.4088690000002
171.4641010000002
171.5136530000002
171.5855320000002
171.6437640000002
171.7047360000002
171.7645720000002
171.8233110000002
171.89512200000019
171.95715000000018
172.0145910000002
172.0699090000002
172.1285560000002
172.2034920000002
172.25432700000022
172.31372600000023
172.36954000000023
172.42819200000022
172.48641500000022
172.54366400000023
172.60029400000025
172.66202900000025
172.72542200000024
172.77955500000024
172.83815500000026
172.89737400000027
172.95679400000026
173.03129500000026
173.09494800000024
173.15984800000024
173.22603900000024
173.28248500000024
173.34041800000023
173.40333000000024
173.48106700000025
173.53600600000024
173.60663200000025
173.66983900000025
173.72735400000025
173.79263400000025
173.85321000000025
173.92292200000026
173.98529200000024
174.04223200000024
174.10614900000024
174.16351000000023
174.22300800000022
174.28265000000022
174.33888900000022
174.41330000000022
174.4716730000002
174.5279640000002
174.59597300000019
174.65671700000019
174.71783700000017
174.77900100000016
174.84617000000017
174.90185100000016
174.95709800000017
175.02598200000017
175.10118700000018
175.1728110000002
175.2474370000002
175.31326100000018
175.37427500000018
175.44910300000018
175.5081100000002
175.57027400000018
175.64170600000017
175.70124800000016
175.75569400000018
175.81807200000017
175.87616600000018
175.93442700000017
175.99349900000016
176.04996000000017
176.10364100000018
176.15450300000018
176.2155800000002
176.2735160000002
176.3420850000002
176.4144750000002
176.4871760000002
176.5502330000002
176.6208790000002
176.6857510000002
176.7526430000002
176.8373900000002
176.9122500000002
176.9799120000002
177.04954500000022
177.12211800000023
177.19439400000022
177.2636160000002
177.3350360000002
177.4342100000002
177.5020000000002
177.56923700000021
177.65517000000023
177.71750700000024
177.79509100000024
177.86707700000025
177.93858700000024
178.01524100000023
178.08594700000023
178.16902200000024
178.23454600000025
178.30107400000026
178.36570400000025
178.44032100000024
178.51839400000023
178.58309600000024
178.65038900000025
178.73462700000024
178.79746400000025
178.88451700000024
178.95566200000025
179.02676100000025
179.09298700000025
179.15072200000026
179.24475700000025
179.32160100000024
179.38810200000023
179.45869600000023
179.53046000000023
179.59944400000023
179.66602900000024
179.75399500000023
179.82885500000023
179.90855900000022
179.9842790000002
180.0541430000002
180.1326960000002
180.1979240000002
180.2869340000002
180.3571260000002
180.4225040000002
180.4902590000002
180.5662920000002
180.6393050000002
180.7009990000002
180.7708140000002
180.8408300000002
180.9117850000002
180.9779930000002
181.04708300000019
181.11868300000017
181.20107700000017
181.26652300000018
181.34703900000017
181.41214900000017
181.49447700000016
181.56744100000017
181.63231300000018
181.71441700000017
181.77644900000016
181.83523200000016
181.89725100000015
181.97797400000016
182.05566700000017
182.14357000000018
182.20870600000018
182.28322100000017
182.35384700000017
182.43185600000018
182.50990100000018
182.5814690000002
182.6480930000002
182.7242540000002
182.8035510000002
182.8728320000002
182.95337000000018
183.02431500000017
183.08717400000018
183.15889700000017
183.22812000000016
183.29501000000016
183.36115000000015
183.43719800000014
183.50297600000013
183.58017900000013
183.64784100000014
183.72746500000014
183.80916800000014
183.87140800000014
183.94295400000016
184.01565800000014
184.08823600000014
184.15446000000014
184.22894600000015
184.29200700000015
184.35530800000015
184.42198600000015
184.47960800000016
184.55545400000017
184.62219800000017
184.67811600000016
184.74562600000016
184.80260700000017
184.86347200000017
184.92523400000016
184.98536600000017
185.05050100000017
185.12016400000016
185.18646900000016
185.24657200000016
185.31058700000017
185.37506900000017
185.43486000000016
185.51043400000015
185.57102200000014
185.62737700000014
185.68753600000014
185.75070000000014
185.80943800000014
185.87498200000013
185.93952600000014
186.01733000000013
186.08038600000012
186.15334100000013
186.22540600000013
186.31256400000012
186.39973800000013
186.4549600000001
186.52694800000012
186.58358900000013
186.66060900000014
186.72824600000013
186.78140600000012
186.84286500000013
186.91497000000012
186.96239700000012
187.0204330000001
187.0686810000001
187.12698000000012
187.1924120000001
187.2652170000001
187.3362910000001
187.3863290000001
187.4394640000001
187.5043490000001
187.5534890000001
187.6057300000001
187.66236200000012
187.72550000000012
187.79390200000012
187.84805500000013
187.90360100000012
187.96669400000013
188.05128000000013
188.11513400000013
188.16621600000013
188.21886100000015
188.28677200000016
188.34633800000015
188.40459300000015
188.46076700000015
188.52076500000015
188.57412800000014
188.63310700000014
188.68626500000013
188.74258800000013
188.80043800000013
188.85632000000012
188.92150500000014
188.98908600000013
189.04889300000013
189.10127900000015
189.15101800000014
189.21368400000014
189.28500600000015
189.35593100000014
189.40918000000013
189.46626100000015
189.54998100000014
189.61426000000014
189.67060100000015
189.73172600000015
189.81773400000014
189.87382400000016
189.93280600000014
190.00754500000014
190.07431400000013
190.15995200000012
190.2250430000001
190.29284400000012
190.34715500000013
190.41426200000012
190.48711800000012
190.54870700000012
190.61081100000013
190.67259100000012
190.73198300000013
190.79410800000014
190.85374400000015
190.92335100000014
190.99240000000015
191.05265200000014
191.12117300000014
191.19071800000015
191.25589200000016
191.32728700000015
191.39315400000015
191.45932100000016
191.52270400000015
191.59951300000014
191.66322300000013
191.72504200000014
191.79907200000014
191.88183400000014
191.95583300000013
192.01283600000014
192.07851500000012
192.15050800000012
192.2121340000001
192.27121800000012
192.34430000000012
192.41928200000012
192.47897800000013
192.54396300000013
192.60417900000013
192.66400600000014
192.71942100000015
192.78172100000015
192.83938600000013
192.89250300000012
192.9513920000001
193.0316440000001
193.0913980000001
193.1492410000001
193.2084760000001
193.2694930000001
193.3313780000001
193.3909960000001
193.4650560000001
193.5437280000001
193.61014000000011
193.67647600000012
193.74097800000013
193.80079000000012
193.85856300000012
193.92089300000012
193.9896900000001
194.0636630000001
194.1135910000001
194.1860790000001
194.2574960000001
194.3257360000001
194.3844550000001
194.44420000000008
194.50852700000007
194.55970400000007
194.61312200000006
194.67412000000007
194.72921800000006
194.78404600000005
194.84924700000005
194.93156900000005
194.98900200000006
195.05594600000006
195.11117600000006
195.16383900000005
195.21492000000006
195.26319400000006
195.32718400000005
195.38127400000005
195.45250000000004
195.51264000000003
195.56878000000003
195.63979000000003
195.70667600000004
195.77533400000004
195.83677000000003
195.89130900000004
195.96938100000003
196.04135600000004
196.10210100000003
196.15698800000004
196.21444600000004
196.27142300000003
196.32706900000002
196.38443200000003
196.43805600000005
196.49400200000005
196.55330500000005
196.61345200000005
196.67754000000005
196.74609000000004
196.81493700000004
196.87391700000003
196.93315800000002
196.99355200000002
197.06302000000002
197.13037300000002
197.18864000000002
197.25647500000002
197.311381
197.390181
197.466056
197.526136
197.586419
197.643583
197.696979
197.753379
197.81410499999998
197.88235699999998
197.94634499999998
198.01427599999997
198.08949299999998
198.16960699999998
198.239062
198.327092
198.393039
198.45159299999997
198.52168899999998
198.591051
198.651365
198.712697
198.78667
198.84765499999997
198.92051099999998
198.98197299999998
199.04488999999998
199.10933799999998
199.172643
199.248624
199.332315
199.400615
199.47857399999998
199.54402799999997
199.61394399999998
199.68869299999997
199.77054699999997
199.83978299999995
199.90798699999996
199.97378199999997
200.03938199999996
200.11044599999997
200.17978999999997
200.25161799999998
200.32448999999997
200.40638999999996
200.46883299999996
200.53199399999997
200.59790499999997
200.66880799999996
200.74497399999996
200.80078899999995
200.86871899999994
200.92808699999995
200.98877599999994
201.05668499999993
201.13028999999992
201.1939879999999
201.26058099999992
201.3351859999999
201.4029329999999
201.4680989999999
201.54044699999992
201.6092789999999
201.6827219999999
201.7762479999999
201.8402189999999
201.9035939999999
201.9705339999999
202.0379609999999
202.0990909999999
202.1712129999999
202.2343319999999
202.30175799999992
202.37043799999992
202.43500399999994
202.50632899999994
202.57962199999994
202.64429299999995
202.70639299999993
202.76728999999995
202.82235799999995
202.88817599999996
202.95226199999996
203.01423499999996
203.07507999999996
203.13554099999996
203.20087399999997
203.26623999999998
203.327588
203.390796
203.45288299999999
203.53331899999998
203.61019599999997
203.67288899999997
203.74899599999998
203.83280299999998
203.90703799999997
203.97736599999996
204.03925399999997
204.09874599999998
204.17257299999997
204.24831899999998
204.31654199999997
204.38310099999998
204.44360899999998
204.50667299999998
204.57391499999997
204.63296899999997
204.694901
204.750656
204.80830899999998
204.86324299999998
204.937144
204.992156
205.048763
205.105222
205.172328
205.22937299999998
205.302698
205.364036
205.428205
205.49077599999998
205.541859
205.613339
205.668462
205.725761
205.775215
205.84153700000002
205.89558100000002
205.94971
206.013314
206.065075
206.12695200000002
206.190626
206.24086200000002
206.30962000000002
206.359776
206.424527
206.4734
206.53161
206.581957
206.642414
206.697843
206.75646700000001
206.80985900000002
206.859914
206.920024
206.969887
207.018804
207.071453
207.120615
207.17816299999998
207.229077
207.283763
207.334314
207.385916
207.43796400000002
207.503621
207.55146000000002
207.619018
207.669924
207.739167
207.793646
207.86016899999998
207.90794699999998
207.96309899999997
208.01617999999996
208.06834899999996
208.12798199999995
208.18501799999996
208.23573999999996
208.28341099999997
208.33978599999998
208.41185399999998
208.46760199999997
208.52466899999996
208.57427799999996
208.62515699999997
208.67868299999998
208.73189899999997
208.78100499999996
208.83525899999995
208.88915299999996
208.94253299999997
209.00522999999998
209.065351
209.126473
209.180687
209.233728
209.29308200000003
209.34261100000003
209.38835500000005
209.44586000000004
209.52171100000004
209.59017600000004
209.67427600000005
209.74966700000004
209.80350400000003
209.85334200000003
209.90507800000003
209.95336900000004
210.00376500000004
210.05882600000004
210.11162700000003
210.16584200000003
210.22348800000003
210.28755600000002
210.34308600000003
210.40440600000002
210.46502500000003
210.52359400000003
210.57902200000004
210.63628000000003
210.68791800000002
210.74104200000002
210.79205500000003
210.84639800000002
210.908721
210.96380100000002
211.02607300000003
211.08698300000003
211.19748600000003
211.25316200000003
211.31359900000004
211.38472600000003
211.45117700000003
211.53114800000003
211.60218800000004
211.65059100000005
211.71684100000004
211.77221600000004
211.82561500000006
211.89215100000007
211.95255500000007
212.01070900000008
212.07839100000007
212.13431500000007
212.19281900000007
212.24799400000006
212.31262300000006
212.37769100000006
212.42732800000005
212.47785700000006
212.54179900000005
212.60304400000007
212.65869400000008
212.71424900000008
212.7685060000001
212.8243740000001
212.8935400000001
212.9491920000001
213.0180720000001
213.0693530000001
213.13776700000008
213.2040240000001
213.2587900000001
213.32038100000008
213.38612500000008
213.45899200000008
213.52527500000008
213.58900300000008
213.65417300000007
213.71518300000008
213.7852320000001
213.8535660000001
213.9158740000001
213.9786500000001
214.0433310000001
214.10141500000012
214.1596980000001
214.2172890000001
214.2842150000001
214.3413000000001
214.3967550000001
214.4664040000001
214.5482250000001
214.6289710000001
214.6821130000001
214.7440250000001
214.8079480000001
214.87124000000009
214.9404780000001
214.9965980000001
215.0566560000001
215.1188960000001
215.17780900000008
215.2377290000001
215.28960700000007
215.35645700000006
215.41649100000006
215.48864100000006
215.55306800000005
215.60954200000006
215.67385900000005
215.74524100000005
215.80211400000005
215.86275300000005
215.92243000000005
215.98434200000005
216.03487300000006
216.09404000000006
216.15707600000007
216.21845000000008
216.27573400000009
216.3440850000001
216.4107490000001
216.4696260000001
216.53655300000008
216.59378400000008
216.6520250000001
216.7154160000001
216.7796840000001
216.8344940000001
216.8941520000001
216.9651710000001
217.04081500000012
217.10640200000012
217.16751300000013
217.26414000000014
217.34488200000013
217.4207610000001
217.4865520000001
217.5623600000001
217.6260900000001
217.70652700000008
217.76899100000009
217.8470700000001
217.9090520000001
217.97128700000007
218.03053000000008
218.0841580000001
218.13709400000008
218.1887030000001
218.2484070000001
218.3167220000001
218.3789210000001
218.43152100000012
218.4897000000001
218.5404810000001
218.59934200000012
218.6562500000001
218.71650800000012
218.77450100000013
218.82974700000014
218.88370800000013
218.94477100000012
219.0056090000001
219.0579930000001
219.1135760000001
219.1707050000001
219.2306610000001
219.2866580000001
219.3438000000001
219.3955990000001
219.44998800000008
219.50615500000006
219.56953600000006
219.63341500000004
219.70493600000003
219.77526400000002
219.84611
219.89759500000002
219.95039400000002
220.02488200000002
220.07906900000003
220.13301100000004
220.18753300000003
220.24160000000003
220.31163000000004
220.35701500000005
220.40721900000005
220.46745000000004
220.52658200000005
220.57687600000006
220.63053800000006
220.68909200000004
220.75515800000005
220.81179600000004
220.87372000000005
220.93665700000005
220.99405000000004
221.05896600000005
221.11853100000005
221.19737900000004
221.26797200000004
221.33794000000003
221.39637300000004
221.45963700000004
221.52552400000005
221.59372100000004
221.68074900000005
221.74663600000005
221.82702100000006
221.89963700000007
221.95602900000006
222.02517600000004
222.08374400000005
222.16592200000005
222.22120000000004
222.29617200000004
222.36937800000004
222.42909500000005
222.50456100000005
222.56386700000004
222.62903100000005
222.69018700000007
222.75634200000007
222.81680200000008
222.88225200000008
222.94588000000007
223.01225600000006
223.09059200000007
223.15886700000007
223.22855800000008
223.3019180000001
223.36144000000007
223.42998100000008
223.49256000000008
223.55806600000008
223.6394520000001
223.7097500000001
223.7690740000001
223.8336030000001
223.8997360000001
223.9580720000001
224.0168400000001
224.08147000000008
224.13949400000007
224.20668200000006
224.26881000000006
224.32785300000006
224.38742100000007
224.45573400000006
224.51235200000005
224.56702100000004
224.62088600000004
224.67733000000004
224.72637900000004
224.79220700000005
224.84237500000006
224.88980500000005
224.94337600000006
225.00056000000006
225.05846500000007
225.11571200000006
225.15599800000007
225.20097800000008
225.24306000000007
225.28471000000008
225.32493000000008
225.37765800000008
225.43854800000008
225.5124250000001
225.55554500000008
225.5977560000001
225.6360270000001
225.6727290000001
225.7048200000001
225.7458490000001
225.7965300000001
225.8463100000001
225.9021460000001
225.9453700000001
225.99732900000012
226.04048400000013
226.07960900000015
226.13395900000015
226.17321500000014
226.20892700000013
226.24272700000014
226.30136100000016
226.35059500000017
226.39303800000016
226.43992600000016
226.48143500000015
226.52858900000015
226.57186100000015
226.61310900000015
226.65191800000014
226.70576300000013
226.74289500000015
226.79897000000014
226.84830000000014
226.89188000000013
226.95291000000012
227.00720400000012
227.0564360000001
227.1092900000001
227.1567770000001
227.2057800000001
227.25835300000008
227.31879500000008
227.37932400000008
227.43528600000008
227.51086500000008
227.55981000000008
227.62427100000008
227.67827400000007
227.72552900000008
227.7905010000001
227.8411440000001
227.8901870000001
227.9459570000001
228.00564900000012
228.06705300000013
228.11563800000013
228.16418800000014
228.21611200000015
228.28013300000015
228.32913000000016
228.37619500000017
228.41904000000017
228.46221900000018
228.51067800000018
228.5643960000002
228.62227000000019
228.6726190000002
228.7215380000002
228.7682490000002
228.8248340000002
228.8706390000002
228.9094890000002
228.9545060000002
228.9956450000002
229.04282800000018
229.08617000000018
229.12869900000018
229.1843410000002
229.2299980000002
229.27363500000018
229.3274090000002
229.3646560000002
229.4045890000002
229.44865100000018
229.49456900000018
229.55071900000019
229.58627200000018
229.64502600000017
229.67663800000017
229.71617500000016
229.74562400000016
229.77873900000017
229.81850500000016
229.85902600000017
229.89797400000018
229.93560900000017
229.97350100000017
230.01358600000017
230.07036000000016
230.10729800000016
230.13942700000015
230.17576800000015
230.21377900000016
230.25496900000016
230.31258500000015
230.35492000000016
230.39097600000017
230.43077300000016
230.47375000000017
230.53233100000017
230.57174700000016
230.61221500000016
230.65177400000016
230.69354100000015
230.72468800000016
230.75607800000014
230.78741300000016
230.81552500000015
230.85254400000014
230.88257600000014
230.91065000000015
230.94018600000015
230.96584200000015
230.99847100000014
231.03097000000014
231.06107800000015
231.09782800000016
231.13099800000018
231.15877200000017
231.22505000000018
231.2545280000002
231.2891110000002
231.33114800000018
231.3614140000002
231.4031480000002
231.43807000000018
231.4754510000002
231.5116160000002
231.5766080000002
231.6217380000002
231.66728900000018
231.70140300000017
231.73247700000016
231.76468400000016
231.80262100000016
231.84221500000015
231.87698300000017
231.91489200000018
231.95208400000018
231.98944000000017
232.02265200000016
232.05410500000016
232.08857100000017
232.11883700000018
232.1626360000002
232.1933700000002
232.23417000000018
232.26585900000018
232.2925010000002
232.32716600000018
232.35921300000018
232.39117200000018
232.4274290000002
232.46541500000018
232.50098200000016
232.53449800000016
232.56382200000016
232.59156900000016
232.65347900000017
232.68849100000017
232.71659600000018
232.7415480000002
232.7715790000002
232.80328500000022
232.84990000000022
232.88427400000023
232.90993300000022
232.9372030000002
232.95906000000022
232.9934200000002
233.02085300000022
233.05411700000022
233.0823420000002
233.1084180000002
233.1350610000002
233.1717420000002
233.2027350000002
233.23950600000018
233.26762000000016
233.29553000000016
233.31860400000016
233.35343700000016
233.39092900000014
233.40954400000015
233.44196000000017
233.46889700000017
233.49190400000018
233.52209300000018
233.5635500000002
233.5917920000002
233.6288290000002
233.6472370000002
233.6735010000002
233.70334800000018
233.71848200000017
233.74781800000017
233.76825300000016
233.79196300000015
233.80833000000015
233.82194000000015
233.83628800000017
233.85947500000017
233.88171200000016
233.91040300000017
233.93348700000018
233.95592700000017
233.97186000000016
233.99012900000017
234.02110100000016
234.03940800000015
234.05969100000016
234.08311900000015
234.09710000000015
234.12200600000014
234.14753400000015
234.17225300000015
234.19583900000015
234.21715400000014
234.24639900000014
234.27164800000014
234.29389000000015
234.32857700000014
234.36407900000015
234.37746400000015
234.40402000000014
234.43065100000015
234.47058600000017
234.50480500000018
234.52010400000017
234.53857700000017
234.55882000000017
234.58774500000015
234.61127300000015
234.62744500000017
234.64637900000017
234.67205300000018
234.69942700000018
234.7291970000002
234.7518430000002
234.7789210000002
234.8008950000002
234.8196220000002
234.8490970000002
234.8740940000002
234.89750600000022
234.93068900000023
234.95576300000022
234.9869370000002
235.0092610000002
235.03128800000022
235.0535940000002
235.0791850000002
235.1138600000002
235.14275900000018
235.1638190000002
235.1944010000002
235.21961100000019
235.25053500000018
235.2724370000002
235.2968340000002
235.32325900000018
235.35236900000018
235.37559100000018
235.4044160000002
235.4251250000002
235.44470900000022
235.47116200000022
235.50205100000022
235.5258180000002
235.54762100000022
235.56808100000023
235.60499700000022
235.62789100000023
235.65820100000022
235.6968070000002
235.7299630000002
235.7604490000002
235.78127900000018
235.80908500000018
235.83411300000017
235.85640400000017
235.87562800000018
235.91046200000017
235.94558000000018
235.97091200000017
236.00280900000016
236.02578800000015
236.04794700000014
236.08159800000013
236.11560300000014
236.14171300000012
236.17113700000013
236.19287600000013
236.21096900000012
236.23272600000013
236.26032500000014
236.28318800000014
236.30955400000013
236.33490500000013
236.35560600000014
236.37817800000013
236.39898700000015
236.41733200000016
236.44898900000015
236.47252600000016
236.49960000000016
236.52866400000016
236.55977100000015
236.58019300000015
236.60380000000015
236.62417900000014
236.64659300000014
236.66553700000014
236.69205300000013
236.71802300000013
236.73922800000014
236.76557200000013
236.78935200000012
236.8128160000001
236.8378780000001
236.8747690000001
236.9057920000001
236.9311230000001
236.9498060000001
236.9751110000001
236.99622800000012
237.02452300000013
237.05656400000012
237.0841600000001
237.1102090000001
237.1331560000001
237.1559510000001
237.1751700000001
237.1967800000001
237.2148390000001
237.2298260000001
237.2490070000001
237.26939800000008
237.2930890000001
237.3182960000001
237.3472610000001
237.38218200000009
237.4051230000001
237.4282850000001
237.4581720000001
237.4791430000001
237.4973140000001
237.5236970000001
237.5576290000001
237.5912960000001
237.61900700000012
237.63819800000013
237.66460100000012
237.69923500000013
237.73060000000012
237.75303400000013
237.78113600000012
237.81962200000012
237.85216300000013
237.87709000000012
237.90105600000012
237.92748800000012
237.95185000000012
237.98248100000012
238.0027600000001
238.0311490000001
238.06376700000013
238.09653200000014
238.13099500000013
238.16354800000013
238.19703900000013
238.22438300000013
238.25426900000014
238.28332900000012
238.3107110000001
238.3426370000001
238.3755870000001
238.40695700000012
238.43723500000013
238.46400100000014
238.49411800000013
238.52601100000012
238.5534840000001
238.59263300000012
238.63353200000012
238.6743640000001
238.71041700000012
238.7487640000001
238.7807360000001
238.8304710000001
238.8653470000001
238.89876400000009
238.93124300000008
238.96166400000007
238.99583700000008
239.0380940000001
239.0685310000001
239.1007480000001
239.1372220000001
239.17017500000009
239.2129390000001
239.2465630000001
239.2813620000001
239.3227520000001
239.3606500000001
239.3984760000001
239.4299860000001
239.4607610000001
239.4961200000001
239.5320100000001
239.5808970000001
239.6125760000001
239.6378240000001
239.6695900000001
239.7031850000001
239.7441640000001
239.7807460000001
239.8174700000001
239.8533810000001
239.8967900000001
239.9276940000001
239.9794210000001
240.0213950000001
240.0730620000001
240.12520200000012
240.1676010000001
240.2029410000001
240.2410810000001
240.2841520000001
240.3210180000001
240.36834700000009
240.41607100000007
240.45931300000007
240.50942600000008
240.56924400000008
240.61917300000007
240.67034800000008
240.72150500000006
240.78468200000006
240.84669300000007
240.89314800000008
240.95173300000008
241.00297000000006
241.04346100000006
241.11212500000008
241.16130500000008
241.21193400000007
241.26213400000006
241.30524600000007
241.34875600000007
241.38786900000005
241.43009400000005
241.47561900000005
241.52262600000006
241.57469100000006
241.62335800000005
241.68040800000006
241.74541200000004
241.79142700000006
241.84646700000005
241.90268000000006
241.95750000000007
242.01454900000007
242.06016400000007
242.10304600000006
242.17232300000006
242.23656800000006
242.30412600000005
242.35043500000006
242.40039300000007
242.45299100000005
242.50925500000005
242.55734800000005
242.60853900000004
242.66825200000002
242.72332000000003
242.77903200000003
242.83798000000002
242.912021
242.97153
243.024759
243.08116299999998
243.135316
243.18571799999998
243.24158099999997
243.29272999999998
243.34080699999998
243.40263699999997
243.47133199999996
243.52558699999997
243.57668799999996
243.62807199999997
243.68432499999997
243.755105
243.814416
243.875395
243.93383599999999
243.98566599999998
244.04158999999999
244.094475
244.152468
244.219705
244.277591
244.359676
244.431095
244.492449
244.566613
244.637252
244.70082
244.779094
244.83400799999998
244.89483499999997
244.94888199999997
245.02177999999998
245.08395899999996
245.14050599999996
245.21061799999995
245.28034099999996
245.33351399999995
245.39317099999994
245.45137699999995
245.51537099999996
245.57588399999995
245.63712499999994
245.70661799999993
245.76386699999995
245.83412399999995
245.90402899999995
245.97045199999994
246.03434999999993
246.09855899999994
246.15613199999993
246.23669799999993
246.30319099999994
246.35953499999994
246.42215599999994
246.49139499999995
246.55664499999995
246.62640799999994
246.69400199999995
246.77172399999995
246.83539999999994
246.90240299999994
246.99098799999993
247.05783699999992
247.12739699999992
247.19323899999992
247.26078899999993
247.33256899999992
247.40523599999992
247.47701199999992
247.53891599999992
247.6151179999999
247.6781579999999
247.7526749999999
247.8225689999999
247.8856469999999
247.9584469999999
248.0406999999999
248.1095009999999
248.1862559999999
248.2528899999999
248.3104059999999
248.3818959999999
248.4424689999999
248.5025599999999
248.5748339999999
248.6392549999999
248.7012949999999
248.7765059999999
248.8431909999999
248.9074229999999
248.98341699999992
249.05986199999992
249.12431899999993
249.18887699999993
249.26151099999993
249.33786999999992
249.39667599999993
249.47021099999992
249.54822999999993
249.61344499999993
249.68475499999994
249.74273299999993
249.80575499999992
249.88167299999992
249.94730399999992
250.02579499999993
250.08599699999994
250.15317199999993
250.22560099999993
250.29660999999993
250.35075599999993
250.42784499999993
250.49266799999992
250.57590999999994
250.63842299999993
250.69143799999992
250.7512639999999
250.8171769999999
250.8756099999999
250.9366499999999
251.0049769999999
251.06828299999992
251.12667999999994
251.18356699999993
251.24123499999993
251.31150299999993
251.37289799999994
251.45083599999992
251.51825699999992
251.5827639999999
251.6508409999999
251.7085229999999
251.7812059999999
251.84720599999991
251.91999499999991
251.99311999999992
252.06465999999992
252.12712099999993
252.20898299999993
252.27512399999992
252.34824899999992
252.42410099999992
252.49821599999993
252.57595999999992
252.64446199999992
252.71120399999992
252.77282599999992
252.85837899999993
252.91878199999994
252.98562299999995
253.05864399999996
253.12479699999997
253.19889099999997
253.26027499999998
253.32980099999997
253.399433
253.46719399999998
253.53214699999998
253.60769699999997
253.67212899999998
253.74364899999998
253.80722199999997
253.89463799999996
253.96680399999997
254.04568599999996
254.11159599999996
254.17925799999998
254.25486299999997
254.34120999999996
254.42351999999997
254.49980699999998
254.58792699999998
254.664327
254.73683899999997
254.82577399999997
254.89586699999998
254.96505399999998
255.04014099999998
255.13116499999998
255.20467799999997
255.28581799999998
255.35777199999998
255.421733
255.50304599999998
255.59416599999997
255.66425699999996
255.73650499999997
255.81036799999995
255.88522099999994
255.95974899999993
256.0336729999999
256.1064679999999
256.1899689999999
256.26195899999993
256.33681199999995
256.4153069999999
256.48511499999995
256.55666199999996
256.63454699999994
256.69801199999995
256.77701999999994
256.84759399999996
256.93461799999994
257.00472499999995
257.08555599999994
257.1570239999999
257.2375569999999
257.30533899999995
257.3762019999999
257.44695699999994
257.51087199999995
257.5851789999999
257.65346099999994
257.72518599999995
257.81000099999994
257.88294799999994
257.95071399999995
258.01843999999994
258.10120299999994
258.17688999999996
258.266466
258.338512
258.40291399999995
258.4739119999999
258.55172099999993
258.6231199999999
258.6914129999999
258.7571719999999
258.8312539999999
258.8998999999999
258.9812839999999
259.0490949999999
259.12248399999993
259.1860879999999
259.29135599999995
259.36914299999995
259.44370399999997
259.513041
259.58473799999996
259.66124599999995
259.72480599999994
259.79567399999996
259.86450799999994
259.93267199999997
259.993166
260.08088699999996
260.15868499999993
260.22662799999995
260.2841399999999
260.36428299999994
260.4228969999999
260.4944119999999
260.5551509999999
260.6201969999999
260.69317899999993
260.74840599999993
260.81585899999993
260.88200499999994
260.94263699999993
261.01325599999996
261.06639299999995
261.13905299999993
261.20445899999993
261.2627559999999
261.31939299999993
261.3813329999999
261.46399499999995
261.52996599999994
261.5983979999999
261.67673899999994
261.7464729999999
261.8258799999999
261.88540399999994
261.95014799999996
262.01715599999994
262.08572999999996
262.157158
262.224019
262.29577
262.359671
262.442934
262.50780899999995
262.57437899999996
262.65211999999997
262.73105699999996
262.800572
262.893615
262.96504
263.036925
263.101568
263.188091
263.259882
263.330556
263.412228
263.488238
263.55791000000005
263.6436350000001
263.71593300000006
263.78716700000007
263.8644730000001
263.9312270000001
263.9979410000001
264.07539500000007
264.1346730000001
264.2079070000001
264.29279500000007
264.36664700000006
264.43677500000007
264.5098090000001
264.59219500000006
264.65819200000004
264.72570800000005
264.80913300000003
264.884404
264.96368900000004
265.026196
265.106398
265.17445100000003
265.26074600000004
265.32457700000003
265.403049
265.469239
265.553268
265.623399
265.69618
265.775363
265.847441
265.918568
265.982764
266.05787899999996
266.12191199999995
266.19817599999993
266.28505999999993
266.35458299999993
266.42500699999994
266.50531699999993
266.57618399999996
266.6581249999999
266.72427099999993
266.7880629999999
266.8606439999999
266.9378239999999
267.0115179999999
267.0757229999999
267.14744999999994
267.2181939999999
267.28363399999995
267.34793799999994
267.43974899999995
267.51451299999997
267.57924799999995
267.64386299999995
267.713176
267.78712099999996
267.858976
267.92600699999997
267.98443999999995
268.05878799999994
268.12976999999995
268.20070599999997
268.269414
268.32827299999997
268.39111299999996
268.46174599999995
268.52884299999994
268.5934699999999
268.6519159999999
268.7099229999999
268.7690589999999
268.8277049999999
268.8909089999999
268.96580599999993
269.03016899999994
269.09630799999996
269.18517599999996
269.25731099999996
269.324936
269.385491
269.470611
269.526632
269.594193
269.66008600000004
269.73215700000003
269.796401
269.859064
269.932511
269.99096199999997
270.052176
270.10990499999997
270.173051
270.23558399999996
270.29633299999995
270.35423
270.416339
270.485452
270.55088
270.617225
270.67327700000004
270.73332000000005
270.789189
270.874366
270.9445
270.997598
271.047965
271.103005
271.150681
271.203542
271.26536100000004
271.33075500000007
271.39616200000006
271.46391200000005
271.52154200000007
271.58807200000007
271.6522100000001
271.7073470000001
271.7619630000001
271.8386460000001
271.9581430000001
272.0224640000001
272.07856800000013
272.13732900000014
272.1995200000001
272.26752800000014
272.32375000000013
272.38840900000014
272.45039000000014
272.51086000000015
272.56978300000014
272.63834400000013
272.7037790000001
272.76602400000013
272.8228770000001
272.8804110000001
272.9497830000001
273.0086470000001
273.0845070000001
273.1552490000001
273.2108820000001
273.27712800000006
273.3380870000001
273.41189900000006
273.4943590000001
273.5594430000001
273.6384770000001
273.69476800000007
273.75835300000006
273.82130000000006
273.88378000000006
273.94006600000006
273.99628500000006
274.05905600000006
274.12039300000004
274.18342800000005
274.24912500000005
274.31763600000005
274.38111100000003
274.44280000000003
274.49885600000005
274.56833600000004
274.62970100000007
274.68543300000005
274.7419340000001
274.80487200000005
274.8678340000001
274.9274070000001
274.9953690000001
275.07361700000007
275.13232200000004
275.18761500000005
275.25484000000006
275.32058900000004
275.38829400000003
275.46843
275.538069
275.598895
275.671054
275.732004
275.78880100000003
275.864888
275.923231
275.974835
276.04238499999997
276.10184
276.177777
276.256642
276.335093
276.405601
276.472751
276.539697
276.601791
276.658329
276.716352
276.77674099999996
276.84281999999996
276.91077799999994
276.9694129999999
277.0416419999999
277.10674599999993
277.1711029999999
277.2443589999999
277.3068829999999
277.3923459999999
277.4663609999999
277.5199129999999
277.5788839999999
277.6448239999999
277.6991739999999
277.76276799999994
277.8253669999999
277.88472699999994
277.94877199999996
278.02503899999994
278.08883599999996
278.15165899999994
278.2143479999999
278.2672159999999
278.3228469999999
278.3858709999999
278.4444889999999
278.5126249999999
278.5663969999999
278.6314199999999
278.6866489999999
278.7505889999999
278.8033849999999
278.8615309999999
278.9200069999999
278.9778359999999
279.0317169999999
279.0988769999999
279.16084799999993
279.20755999999994
279.26328099999995
279.3297519999999
279.38087199999995
279.47140099999996
279.53946399999995
279.59417399999995
279.64872199999996
279.69532399999997
279.75557499999996
279.81458799999996
279.867283
279.942701
279.997838
280.065924
280.125388
280.173244
280.225331
280.29810699999996
280.350669
280.402983
280.464601
280.530097
280.59121500000003
280.64907700000003
280.71209100000004
280.77163600000006
280.8282520000001
280.89001700000006
280.94605400000006
281.00144500000005
281.05464200000006
281.12430900000004
281.18941400000006
281.24189100000007
281.2985790000001
281.3519590000001
281.40562200000005
281.4590160000001
281.5271580000001
281.6007650000001
281.65106900000006
281.70718500000004
281.77417900000006
281.8561660000001
281.9073320000001
281.9796560000001
282.0354850000001
282.0937920000001
282.13993600000015
282.21051800000015
282.26587600000016
282.32682900000015
282.38757800000013
282.4507160000001
282.50386500000013
282.5590140000001
282.6162850000001
282.6709480000001
282.76255000000015
282.82398300000017
282.90012800000017
282.95975300000015
283.01921400000015
283.08249500000016
283.14197600000017
283.2007740000002
283.2587700000002
283.3186740000002
283.3710510000002
283.4268030000002
283.4799130000002
283.54269200000016
283.60552700000017
283.67512200000016
283.73197800000014
283.79451300000017
283.84748700000017
283.9435080000002
284.0088140000002
284.0744330000002
284.14271500000024
284.1946610000002
284.24220100000025
284.29823800000025
284.35569900000024
284.41148700000025
284.4693850000003
284.52141900000026
284.5860500000003
284.6498590000003
284.7108450000003
284.7596160000003
284.8151970000003
284.8809380000003
284.9393520000003
285.01434100000034
285.0707730000003
285.1352110000003
285.1885410000003
285.2451870000003
285.30498100000034
285.36675900000034
285.43020700000034
285.4882540000003
285.54167000000035
285.60642300000035
285.65698600000036
285.7294980000004
285.78322100000037
285.8428520000004
285.8990040000004
285.9526230000004
286.0189470000004
286.0897140000004
286.1517880000004
286.2068440000004
286.2650370000004
286.3211580000004
286.37698500000045
286.42903000000047
286.4785290000005
286.5416390000005
286.6169480000005
286.6705040000005
286.7208680000005
286.7774990000005
286.8247030000005
286.8814040000005
286.9447300000005
286.9937750000005
287.0392550000005
287.09966800000046
287.13659800000045
287.1784410000004
287.2351100000004
287.2891950000004
287.3306870000004
287.3891140000004
287.4324270000004
287.49507600000044
287.5382670000004
287.5798030000004
287.62282400000043
287.66228300000046
287.7181080000005
287.7638050000005
287.8059250000005
287.85612400000053
287.89799100000056
287.9390490000006
287.9782460000006
288.02312800000055
288.0798110000006
288.1231040000006
288.1506100000006
288.1824890000006
288.2259230000006
288.26605400000057
288.30375100000055
288.3386780000005
288.37884100000053
288.42016700000056
288.45246200000054
288.4904310000005
288.53362500000054
288.56883100000056
288.60572800000057
288.65609900000055
288.69545000000056
288.73476800000054
288.7662980000005
288.7954100000005
288.8228880000005
288.8658600000005
288.8954150000005
288.92708300000055
288.95529700000054
288.9857230000005
289.0129290000005
289.0530810000005
289.08823100000046
289.12381500000043
289.1524170000004
289.1840970000004
289.2162360000004
289.24182100000036
289.26574000000033
289.30660500000033
289.34073600000033
289.37380800000034
289.39780900000034
289.4237970000003
289.4448240000003
289.46953500000035
289.49951800000036
289.5339550000004
289.5610380000004
289.5902990000004
289.63410200000044
289.66373000000044
289.6868180000004
289.7398040000004
289.7842090000004
289.82368600000035
289.84788800000035
289.88147700000036
289.91354400000034
289.9422800000003
289.9653230000003
289.9908480000003
290.0120670000003
290.03853100000026
290.0654710000003
290.0967430000003
290.1258780000003
290.1565900000003
290.1884430000003
290.2191330000003
290.24579700000027
290.27737200000024
290.30024800000024
290.33463900000027
290.36022500000024
290.38265300000023
290.4040500000002
290.4532740000002
290.4871580000002
290.5118870000002
290.5313390000002
290.5600640000002
290.58436200000017
290.6095080000002
290.6382560000002
290.66724100000016
290.7006440000002
290.72373100000016
290.78477600000014
290.8178340000001
290.8425130000001
290.8678960000001
290.8985080000001
290.9226620000001
290.9493830000001
290.99161000000015
291.01516100000015
291.04434600000013
291.0710960000001
291.10026400000015
291.1371520000001
291.1645770000001
291.19287500000013
291.2204620000001
291.2464470000001
291.2871260000001
291.3098400000001
291.3344080000001
291.3575300000001
291.38278300000013
291.40517900000015
291.42429400000015
291.4493860000001
291.4753300000001
291.5015750000001
291.5302630000001
291.5482400000001
291.57445700000005
291.61243900000005
291.63089600000006
291.66011700000007
291.68921000000006
291.71057200000007
291.7444760000001
291.7768420000001
291.8002800000001
291.8247570000001
291.8519930000001
291.8796640000001
291.9047810000001
291.94197400000013
291.97465700000015
292.0086890000002
292.03708800000015
292.06742100000014
292.09612600000014
292.12435600000015
292.1517000000002
292.18392800000015
292.2166100000002
292.25824800000015
292.28958200000017
292.3213900000002
292.3561420000002
292.3850870000002
292.4208850000002
292.4657110000002
292.4981320000002
292.5358950000002
292.5734000000002
292.6064140000002
292.6507270000002
292.6773080000002
292.70589200000023
292.73731900000024
292.7710290000002
292.80213400000025
292.83271600000023
292.86394500000023
292.90295900000024
292.9346020000002
292.9648950000002
292.9945420000002
293.0221340000002
293.0585600000002
293.0848620000002
293.1315220000002
293.1567320000002
293.1817640000002
293.2063090000002
293.2436870000002
293.27389000000016
293.3076340000002
293.34220300000015
293.3762550000001
293.4105000000001
293.4347080000001
293.4651310000001
293.48828700000007
293.50776400000007
293.54629400000005
293.56835400000006
293.58926600000007
293.61291200000005
293.63730200000003
293.65997600000003
293.68369900000005
293.71175700000003
293.735336
293.776252
293.817581
293.844892
293.858698
293.878074
293.897981
293.923113
293.952199
293.975363
293.999111
294.02967900000004
294.04950500000007
294.0775750000001
294.10488900000007
294.12862800000005
294.167136
294.198618
294.23633
294.263638
294.279084
294.298644
294.33654
294.359103
294.380619
294.40760500000005
294.43264500000004
294.460028
294.49068300000005
294.51522800000004
294.544457
294.56982000000005
294.59576200000004
294.62326
294.653994
294.690566
294.722738
294.751464
294.779606
294.80978700000003
294.837685
294.86881900000003
294.89488700000004
294.93244000000004
294.971757
295.00441700000005
295.04328000000004
295.070012
295.09688600000004
295.13836200000003
295.170366
295.206491
295.235316
295.274919
295.3077
295.33933
295.37117
295.402833
295.445096
295.49762699999997
295.538505
295.57142899999997
295.62096299999996
295.655669
295.689467
295.72703099999995
295.76875199999995
295.80963599999995
295.84417599999995
295.8791969999999
295.9170689999999
295.9601909999999
296.0031739999999
296.0487479999999
296.08991299999985
296.13144999999986
296.17186399999986
296.2144089999999
296.2550649999999
296.3068679999999
296.3519039999999
296.3981449999999
296.4607729999999
296.5059049999999
296.56254999999993
296.61275699999993
296.67302899999993
296.7283949999999
296.7778199999999
296.8338919999999
296.88194799999985
296.9289699999999
296.97635099999985
297.02369699999986
297.0799759999999
297.14331299999986
297.1997259999999
297.24901999999986
297.2993099999999
297.35578299999986
297.4055989999999
297.4577659999999
297.50660999999985
297.56542699999983
297.60950099999985
297.65975099999986
297.7121089999999
297.77418999999986
297.83823199999983
297.9040239999998
297.9615459999998
298.0104109999998
298.0654839999998
298.1188059999998
298.17466799999977
298.2343289999998
298.2857909999998
298.34366099999977
298.40342099999975
298.4626899999997
298.5253949999997
298.5918989999997
298.64211999999975
298.6983469999997
298.7613529999997
298.8139509999997
298.8713299999997
298.9296489999997
298.9922759999997
299.0563399999997
299.1428869999997
299.2020059999997
299.2713589999997
299.3290329999997
299.3837939999997
299.44538199999965
299.50720799999965
299.56482199999965
299.62768999999963
299.69316199999963
299.7463049999996
299.8237649999996
299.8800929999996
299.9463599999996
300.0027329999996
300.0610839999996
300.1149879999996
300.1814299999996
300.24413999999956
300.30261999999954
300.3606209999995
300.44274599999954
300.50952299999955
300.5681579999995
300.62056799999954
300.6788679999995
300.7439559999995
300.80721199999954
300.8767629999995
300.9407809999995
300.9932709999995
301.06764199999947
301.12172799999945
301.18395799999945
301.24763099999944
301.31092199999944
301.3749799999994
301.43542399999944
301.49033299999945
301.54513799999944
301.61412599999943
301.67094499999945
301.7323519999994
301.7928279999994
301.8661769999994
301.9193809999994
301.9808759999994
302.0434069999994
302.10314699999935
302.1902909999994
302.27118899999937
302.3374879999994
302.4146459999994
302.5013639999994
302.5631649999994
302.6300859999994
302.69376599999936
302.75423999999936
302.81826599999937
302.88203099999936
302.9498809999994
303.0108629999994
303.0861899999994
303.1637509999994
303.22527599999944
303.2975519999994
303.36695599999945
303.4302089999994
303.4867469999994
303.5575329999994
303.6152559999994
303.6905459999994
303.75950199999943
303.8276809999994
303.8997949999994
303.9663249999994
304.0435319999994
304.1032809999994
304.1616889999994
304.2238229999994
304.28255399999944
304.37060899999943
304.4294459999994
304.4910109999994
304.5507909999994
304.6143209999994
304.6923069999994
304.7603089999994
304.83968299999935
304.90088599999933
304.97554399999933
305.05616099999935
305.12920099999934
305.2022889999993
305.26154499999933
305.3277679999993
305.3889449999993
305.4469199999993
305.5115259999993
305.5734389999993
305.64645199999933
305.7118889999993
305.7921819999993
305.8409599999993
305.9090419999993
305.96729999999934
306.02390299999934
306.0816119999993
306.14644399999935
306.20213599999937
306.26186899999936
306.3227419999994
306.38045699999935
306.44888799999933
306.5081339999993
306.5766659999993
306.6326769999993
306.6975059999993
306.7620029999993
306.82284899999934
306.89086199999934
306.9542939999993
307.0239829999993
307.0881939999993
307.1537019999993
307.22074799999933
307.28916699999934
307.35209099999935
307.4355639999994
307.5069319999994
307.5687269999994
307.6326949999994
307.70925399999936
307.76822499999935
307.84622899999937
307.9063399999994
307.9722839999994
