0.04836
0.254413
0.45376
0.6629659999999999
0.8757299999999999
1.102944
1.3334599999999999
1.557127
1.782397
2.007758
2.25517
2.486413
2.718398
2.945182
3.176234
3.405812
3.625893
3.862993
4.097562
4.327559
4.564677
4.788747
5.015471
5.232438999999999
5.449180999999999
5.674945999999999
5.884218
6.095129999999999
6.299344
6.520969
6.7354140000000005
6.946434000000001
7.142756000000001
7.339670000000001
7.5377540000000005
7.739915000000001
7.938337000000001
8.150052
8.368215000000001
8.582242
8.775512
8.964982000000001
9.152780000000002
9.332026
9.511571
9.697779
9.872001000000001
10.047616000000001
10.224595
10.400739000000002
10.576383000000002
10.759943000000002
10.936412
11.113391
11.295328
11.478657
11.667911
11.853199
12.045668
12.246134
12.426313
12.605310000000001
12.793551
12.969215
13.138217000000001
13.321826000000001
13.491424000000002
13.661252000000003
13.837110000000003
14.002500000000003
14.166558000000004
14.336380000000004
14.506700000000004
14.680127000000004
14.857350000000004
15.021377000000005
15.204560000000004
15.387680000000005
15.572014000000005
15.751028000000005
15.932644000000005
16.111370000000004
16.286321000000004
16.460517000000003
16.641599000000003
16.814602000000004
16.989962000000006
17.167128000000005
17.339498000000006
17.523768000000008
17.698512000000008
17.877081000000008
18.05811900000001
18.23766000000001
18.423220000000008
18.61387600000001
18.794179000000007
18.985072000000006
19.174880000000005
19.360330000000005
19.549049000000004
19.733137000000003
19.931749000000003
20.130453000000003
20.325000000000003
20.526790000000002
20.729566000000002
20.933973
21.124648
21.319705
21.519329
21.717955999999997
21.903537999999998
22.091959
22.285025
22.476478
22.664723
22.850683999999998
23.038908999999997
23.225229999999996
23.416244999999996
23.615044999999995
23.810939999999995
24.012741999999996
24.206682999999995
24.396997999999996
24.595965999999997
24.785092999999996
24.970433999999997
25.149182999999997
25.322741999999998
25.501337999999997
25.682788
25.856496999999997
26.027226
26.197671999999997
26.365847999999996
26.549590999999996
26.726853999999996
26.901365999999996
27.078972999999994
27.258435999999993
27.426147999999994
27.621358999999995
27.820869999999996
28.002036999999994
28.182515999999993
28.363128999999994
28.534840999999993
28.710625999999994
28.884599999999995
29.052788999999997
29.232044999999996
29.406993999999997
29.584314
29.75883
29.928997
30.092101
30.256406
30.426401
30.590943
30.744832
30.893794
31.042773
31.207407
31.369517
31.539054999999998
31.706132999999998
31.877
32.051387999999996
32.211943999999995
32.386174
32.545919999999995
32.728888999999995
32.89239799999999
33.047278999999996
33.201570999999994
33.367836999999994
33.524207
33.702203999999995
33.88337799999999
34.05619299999999
34.224112999999996
34.380005
34.543479999999995
34.691652
34.852863
35.014195
35.175925
35.327225
35.486568999999996
35.634021999999995
35.80355899999999
35.951184999999995
36.105580999999994
36.270661999999994
36.42491499999999
36.56331899999999
36.715683999999996
36.868441999999995
37.03187
37.188795
37.341713
37.505803
37.666563000000004
37.833569000000004
37.988635
38.141896
38.295289000000004
38.440952
38.590606
38.735997
38.876011999999996
39.031206999999995
39.172335
39.318796
39.471811
39.635924
39.793186000000006
39.95703
40.108792
40.25166
40.400472
40.554432
40.699318999999996
40.841744
40.993963
41.147175000000004
41.292294000000005
41.442153000000005
41.59411000000001
41.75736800000001
41.911306
42.061589000000005
42.211854
42.357241
42.498416
42.639134999999996
42.77967099999999
42.91823999999999
43.06700299999999
43.19298799999999
43.31346399999999
43.45039699999999
43.57761999999999
43.70480699999999
43.831597999999985
43.977907999999985
44.100090999999985
44.215741999999985
44.338484999999984
44.45961699999999
44.60115099999999
44.72238799999999
44.85520099999999
44.970793999999984
45.09132599999998
45.21505499999998
45.34327599999998
45.47469599999998
45.58685799999998
45.69680999999998
45.80742499999998
45.92585599999998
46.04657599999998
46.15372399999998
46.26770899999998
46.39290899999998
46.49104399999998
46.602339999999984
46.70837899999999
46.827272999999984
46.93004099999998
47.04600499999998
47.15087199999998
47.25691499999998
47.35951299999998
47.46278099999998
47.578936999999975
47.67953199999997
47.787836999999975
47.88963399999997
48.00393999999997
48.10930999999997
48.217501999999975
48.312754999999974
48.41142899999998
48.51456699999998
48.61611499999998
48.725462999999976
48.82373199999998
48.92753399999998
49.03530899999998
49.14103599999998
49.257872999999975
49.362668999999975
49.471050999999974
49.57225199999998
49.673333999999976
49.78924199999997
49.898016999999975
50.000304999999976
50.121772999999976
50.24162499999998
50.34764699999998
50.43843399999998
50.54780599999998
50.65799199999998
50.76763999999998
50.87481299999998
50.97717299999998
51.08963699999998
51.21563599999998
51.315522999999985
51.41305399999998
51.50454999999998
51.61284999999998
51.712094999999984
51.811230999999985
51.91815899999999
52.01988099999999
52.13959599999999
52.238719999999994
52.334948
52.446875
52.550087999999995
52.66123999999999
52.77634899999999
52.88430699999999
52.998825999999994
53.10855599999999
53.22474299999999
53.33012499999999
53.44034999999999
53.552387999999986
53.66536999999999
53.77360299999999
53.88539699999999
54.01357399999999
54.123293999999994
54.238851
54.351848
54.461596
54.571204
54.679277
54.795494
54.909403
55.022174
55.135747
55.24257
55.363444
55.492258
55.606336
55.729757
55.860569
55.969547
56.078647
56.192282
56.310992
56.425222999999995
56.535937999999994
56.654945999999995
56.764602999999994
56.880703999999994
57.006325
57.124559
57.259198999999995
57.37438399999999
57.497170999999994
57.624312999999994
57.757614
57.880452
58.011604
58.136215
58.258686
58.380942
58.515206
58.637907999999996
58.766983999999994
58.89697399999999
59.019245999999995
59.14137399999999
59.274961999999995
59.403076999999996
59.545770999999995
59.676404999999995
59.818121999999995
59.946254999999994
60.084441999999996
60.208358
60.344815999999994
60.465380999999994
60.59472399999999
60.709008999999995
60.84170699999999
60.96003399999999
61.07921799999999
61.21024599999999
61.34377999999999
61.46912499999999
61.59155199999999
61.732836999999996
61.884131999999994
62.01221199999999
62.14404699999999
62.277499999999996
62.418558999999995
62.542362
62.683155
62.825222
62.964560999999996
63.103198
63.233575
63.373279000000004
63.513375
63.669502
63.806461
63.946324
64.084367
64.232385
64.388898
64.534371
64.720366
64.86798
65.00738700000001
65.15774400000001
65.296896
65.434267
65.572553
65.708606
65.84400000000001
65.999272
66.141384
66.292322
66.441037
66.58268699999999
66.734799
66.89934
67.036367
67.168919
67.302145
67.44656599999999
67.59784799999998
67.74838399999999
67.90864899999998
68.06360599999998
68.21066699999997
68.35850599999998
68.51029099999998
68.65509299999998
68.79765099999997
68.95955599999998
69.11248499999998
69.27475799999998
69.42087499999998
69.56977699999999
69.723739
69.87355099999999
70.043657
70.20587499999999
70.378727
70.53347
70.718003
70.871696
71.030123
71.183059
71.331175
71.479209
71.62855
71.784918
71.953854
72.11583300000001
72.28768600000001
72.455566
72.618723
72.78771400000001
72.94246400000002
73.10351000000001
73.27874100000001
73.44463900000001
73.608197
73.774125
73.946856
74.105899
74.268002
74.430301
74.600771
74.77474199999999
74.94426499999999
75.11378999999998
75.28615599999998
75.44886699999998
75.61262999999998
75.78664599999998
75.96103699999998
76.13144699999998
76.30283999999997
76.46586999999998
76.63641899999998
76.80940399999997
76.97010899999997
77.12829099999996
77.29490199999996
77.45919499999997
77.62207199999996
77.79063899999996
77.95690299999995
78.12564999999995
78.30382699999996
78.46649099999996
78.64044399999996
78.81299999999996
78.98930699999995
79.16029699999996
79.34060199999996
79.51704099999996
79.68567699999997
79.85069399999998
80.01804699999998
80.18170099999998
80.35124299999998
80.54262099999998
80.71272999999998
80.89543199999999
81.06910099999999
81.24927799999999
81.42842599999999
81.60148699999999
81.78265199999998
81.95696099999998
82.13230799999998
82.32079799999998
82.49943499999998
82.68461599999998
82.87860599999998
83.06543799999997
83.24282199999998
83.43515199999997
83.62013799999997
83.81000199999997
83.99511199999996
84.18255699999996
84.36925499999997
84.55653399999997
84.75050999999998
84.94898599999998
85.13792599999998
85.33525399999998
85.56284099999998
85.76664899999997
85.96752199999997
86.15612599999997
86.34418299999997
86.53766299999997
86.72883999999996
86.92174799999997
87.11361799999996
87.30817799999996
87.49389899999996
87.67791199999995
87.86014099999996
88.05269299999996
88.25876899999996
88.45532899999996
88.64702299999996
88.83494099999996
89.02522199999996
89.22028199999995
89.40826799999995
89.59216999999995
89.77657699999995
89.96645499999994
90.16459099999994
90.35643899999994
90.53938699999993
90.72887899999994
90.92389799999994
91.10843099999994
91.28900999999993
91.47392399999994
91.65028699999993
91.83291399999993
92.01101099999993
92.20290999999993
92.37796499999993
92.57261999999993
92.77227599999993
92.96414799999994
93.15880599999994
93.36737399999994
93.56135799999994
93.74764399999994
93.93634999999993
94.11488899999993
94.29947899999993
94.48813899999993
94.68505899999994
94.88196699999993
95.06511599999993
95.25213199999993
95.44392499999994
95.62847799999993
95.80358399999993
95.99272399999992
96.18131799999992
96.38110399999992
96.56240999999993
96.75279399999992
96.93662999999992
97.12857699999992
97.31878199999993
97.49880099999993
97.69389199999993
97.87238399999994
98.05833999999994
98.24960599999994
98.43869299999994
98.62126799999994
98.81497199999994
99.01975599999994
99.21276999999995
99.40602899999995
99.59729699999994
99.77918899999995
99.95425499999995
100.14121099999994
100.34586799999994
100.52904699999993
100.71713399999993
100.89900999999993
101.08241199999993
101.28103299999994
101.47270599999993
101.68133599999993
101.86982999999994
102.04615799999993
102.23950199999993
102.42001099999993
102.60389399999993
102.78844599999992
102.99298299999992
103.18822299999992
103.37337599999992
103.56468699999992
103.77424699999992
103.95477299999992
104.14159799999992
104.32102599999992
104.49569099999992
104.68143099999992
104.85812399999992
105.03177299999992
105.21968099999991
105.4049319999999
105.6017649999999
105.7779859999999
105.9515039999999
106.1313979999999
106.3203899999999
106.5144409999999
106.6936059999999
106.87570599999991
107.0473519999999
107.2392619999999
107.42785599999989
107.59983499999989
107.78531699999988
107.96725999999988
108.15029299999988
108.34221499999988
108.53997899999989
108.72623699999988
108.90786799999988
109.09573599999987
109.29237799999987
109.48408499999987
109.67995799999987
109.85243099999987
110.02490099999987
110.22888399999987
110.41189299999986
110.59917099999987
110.80091499999988
110.99207099999988
111.18422599999988
111.37601099999988
111.56269499999988
111.75257199999987
111.95682399999987
112.15109599999987
112.33983099999986
112.52811799999986
112.71616399999986
112.90654999999987
113.12954599999986
113.32326899999987
113.50788799999987
113.69134299999986
113.88093499999987
114.05632699999987
114.22640299999986
114.41408799999986
114.59953399999986
114.78469799999986
114.96517599999986
115.15654099999986
115.33342599999986
115.52485799999987
115.76311599999987
115.96970199999987
116.16416399999987
116.35441599999987
116.55572099999988
116.74314499999987
116.92806899999987
117.11508199999986
117.29098199999986
117.48195999999986
117.66805799999986
117.86294299999986
118.04569899999986
118.26587899999986
118.45866799999986
118.64902399999986
118.84110999999986
119.01795599999986
119.18959299999986
119.36918799999987
119.54363899999987
119.71164799999987
119.88682099999987
120.06111799999987
120.23379699999987
120.42047799999986
120.60288399999986
120.77821999999986
120.96504699999986
121.13813699999986
121.30147399999986
121.47163799999986
121.65476799999986
121.82636999999986
122.00756299999985
122.18588899999985
122.37481299999985
122.54412099999985
122.72396099999985
122.89661699999985
123.08127799999986
123.26002799999985
123.43705099999985
123.60798899999986
123.78466099999986
123.95942699999986
124.12852599999987
124.29542199999986
124.45789099999986
124.63524699999986
124.80009699999987
124.96612699999987
125.13258999999987
125.29434199999987
125.45837999999988
125.61310899999988
125.77116699999988
125.92056399999987
126.07397499999988
126.21904499999988
126.36320199999989
126.54048399999989
126.69309399999989
126.85341899999989
127.00444799999988
127.15732999999989
127.32648799999988
127.48551799999989
127.63917599999988
127.79584899999988
127.95368799999987
128.12518099999988
128.28652299999987
128.44998699999988
128.6113099999999
128.80016499999988
128.97515199999987
129.13791999999987
129.29911099999987
129.46864999999985
129.64179899999985
129.84732099999985
130.01950199999985
130.18637999999984
130.37442699999986
130.56243299999986
130.74801899999986
130.92654299999987
131.10623599999985
131.28607099999985
131.48968499999984
131.66910099999984
131.86471999999983
132.04665399999985
132.23490399999986
132.40800999999985
132.59638399999986
132.78324499999985
132.98597199999986
133.20255999999986
133.40888499999986
133.60926599999985
133.80027799999985
133.99708599999985
134.19208399999985
134.37969599999985
134.56090299999985
134.74573699999985
134.93223399999985
135.12160599999984
135.30243699999986
135.48848099999987
135.67728899999986
135.89844099999985
136.09957099999986
136.28902999999985
136.48176299999986
136.66192599999985
136.86019599999986
137.05327299999985
137.23931199999984
137.43854399999984
137.62008599999984
137.80679999999984
137.99111699999983
138.17019599999983
138.34693199999984
138.51703399999985
138.68962799999986
138.88311499999986
139.05676699999987
139.21859099999986
139.39881999999986
139.56212299999987
139.72309099999987
139.88089599999986
140.03385599999987
140.17854199999988
140.31695899999988
140.44553899999988
140.58201499999987
140.71432399999986
140.83637799999985
140.96856399999984
141.09332699999985
141.21774299999984
141.34974299999985
141.47210099999984
141.61656699999983
141.74982799999984
141.86793299999985
141.99411699999985
142.12995099999983
142.24918199999985
142.36683699999986
142.48993999999985
142.61418799999984
142.74131899999983
142.86888699999983
142.99825699999982
143.1455179999998
143.2790619999998
143.4073479999998
143.5421989999998
143.67246399999982
143.80141699999982
143.93429399999982
144.05813399999982
144.19520799999984
144.32260899999983
144.44600199999982
144.57577399999983
144.70390299999983
144.83286899999982
144.9649199999998
145.13843499999982
145.2708099999998
145.40442099999981
145.53530799999982
145.6584429999998
145.7828999999998
145.9092759999998
146.0388569999998
146.1689599999998
146.3029499999998
146.4297219999998
146.5717649999998
146.7034479999998
146.83743999999982
146.98531299999982
147.1298029999998
147.2641129999998
147.38907699999982
147.51697999999982
147.6460589999998
147.7805869999998
147.9155829999998
148.0789259999998
148.2241759999998
148.3797069999998
148.5437169999998
148.6865019999998
148.82803299999978
148.96500399999977
149.10171199999976
149.23981899999976
149.37962899999977
149.52502299999978
149.66632599999977
149.81159399999976
149.95998399999976
150.10825199999977
150.25598499999975
150.41067699999977
150.57188999999977
150.72747099999978
150.8747239999998
151.0265669999998
151.1829779999998
151.3329549999998
151.4993939999998
151.6661169999998
151.82324599999978
151.97933999999978
152.1380629999998
152.2977759999998
152.4510139999998
152.61118699999977
152.76685999999978
152.9241539999998
153.0758419999998
153.2337779999998
153.4000819999998
153.5616229999998
153.7212709999998
153.8798709999998
154.0735429999998
154.2498529999998
154.4120809999998
154.5823919999998
154.7473269999998
154.9263999999998
155.09977799999982
155.26503199999982
155.43675099999982
155.5975979999998
155.75984299999982
155.91517899999982
156.07882499999982
156.24095899999983
156.40934299999984
156.57502199999985
156.74031799999986
156.89458699999986
157.06865399999987
157.22318899999988
157.38712199999986
157.53720099999987
157.68778199999986
157.85748699999985
158.00157699999986
158.14187399999986
158.29312299999987
158.44665599999988
158.60348499999986
158.75515099999987
158.90844699999988
159.08050599999987
159.24215699999988
159.39607799999987
159.55271499999986
159.70589199999986
159.86086899999987
160.00703499999986
160.15728199999987
160.30819599999987
160.46039599999986
160.61807099999987
160.76950599999986
160.94703599999985
161.10581199999984
161.26112799999984
161.41531499999985
161.57174999999984
161.72107399999985
161.86854399999984
162.01830399999983
162.16529099999983
162.32773399999982
162.48461599999982
162.6321099999998
162.78759099999982
162.93656399999983
163.10150399999984
163.24977099999984
163.39895999999985
163.54376999999985
163.69007199999984
163.83311099999983
163.97480399999984
164.11066599999984
164.25066799999985
164.39786399999986
164.53878799999987
164.67875899999987
164.82316799999987
164.96112099999988
165.11119899999989
165.2556849999999
165.39923699999989
165.53498999999988
165.68186399999988
165.81418299999987
165.96209999999988
166.11187699999988
166.2425449999999
166.37752199999989
166.50832299999988
166.63461999999987
166.78739599999986
166.91827299999986
167.05187599999985
167.18679499999985
167.31375599999984
167.44046599999984
167.57083099999986
167.70818599999987
167.83555299999986
167.97060699999986
168.09605399999987
168.22077199999987
168.36072299999987
168.51109299999987
168.63914499999987
168.78076399999986
168.91660099999987
169.03782499999988
169.17197999999988
169.30240699999987
169.43459299999986
169.57710899999987
169.69562199999987
169.81788799999987
169.94836199999986
170.08496099999985
170.21814099999986
170.34763599999985
170.47564799999986
170.60811599999985
170.73270899999986
170.85711499999985
170.98054799999986
171.11076499999984
171.23999499999985
171.37135499999985
171.49990699999987
171.63110199999986
171.77427199999985
171.91898599999985
172.05024599999985
172.18519499999985
172.32140999999984
172.44894199999985
172.61016799999985
172.75581399999984
172.93057699999986
173.08480499999985
173.23836499999985
173.38692899999984
173.54821499999983
173.69970799999982
173.8476989999998
174.0037789999998
174.1615029999998
174.3103939999998
174.4698999999998
174.6241519999998
174.7893069999998
174.9520889999998
175.1093219999998
175.2693429999998
175.4238389999998
175.58765599999978
175.7473119999998
175.8998429999998
176.0598839999998
176.21385499999982
176.36883999999984
176.52619999999985
176.68841599999985
176.84123799999983
176.99194299999982
177.1602209999998
177.3292299999998
177.4779139999998
177.6308299999998
177.7813049999998
177.92801599999981
178.09474099999983
178.24421599999982
178.38956799999983
178.54395799999983
178.68742799999984
178.82952199999983
178.96779499999982
179.10744299999982
179.2567069999998
179.4011729999998
179.55192399999981
179.70423099999982
179.84615099999982
179.98772899999983
180.13686299999983
180.29792899999984
180.44741799999983
180.59709399999983
180.74036399999983
180.89727299999984
181.05806799999985
181.20872099999985
181.36237399999985
181.51548299999985
181.66737299999986
181.83206299999986
181.98258499999986
182.13689099999985
182.29028799999986
182.44298499999985
182.59031899999985
182.74814699999985
182.91888799999984
183.08481699999984
183.29205199999984
183.46593199999984
183.64142299999983
183.82022499999982
183.98495499999981
184.1389469999998
184.2983259999998
184.4529979999998
184.6308669999998
184.8113769999998
185.0086259999998
185.1775149999998
185.3383069999998
185.5068809999998
185.6613579999998
185.8281689999998
186.0058429999998
186.1670259999998
186.3222849999998
186.4771869999998
186.6439579999998
186.8125339999998
186.9672369999998
187.1293309999998
187.2844129999998
187.4396149999998
187.6071589999998
187.7783529999998
187.94564199999982
188.13145199999983
188.30325399999984
188.48110299999985
188.64866599999985
188.81590199999985
188.97719699999985
189.14151399999986
189.31162599999985
189.46640899999986
189.63183799999985
189.80265799999984
189.95529299999984
190.11265299999985
190.27094199999985
190.44003899999984
190.59878299999986
190.76146899999986
190.91858599999986
191.09419099999985
191.25536399999984
191.42243499999984
191.58704799999984
191.74376199999983
191.90566699999982
192.0709949999998
192.2414429999998
192.4025879999998
192.5615999999998
192.7215379999998
192.88401999999982
193.05533499999981
193.21215399999983
193.37847499999984
193.53613499999983
193.69960299999983
193.8581549999998
194.0194029999998
194.1819679999998
194.34056999999981
194.4978579999998
194.6531509999998
194.8209839999998
194.9810509999998
195.1391609999998
195.2985089999998
195.4532189999998
195.6164479999998
195.7629259999998
195.9050619999998
196.05932299999978
196.19865699999977
196.34258499999976
196.47747999999976
196.61995399999975
196.76122899999976
196.90178199999977
197.05459499999978
197.20706399999978
197.36392199999977
197.5174989999998
197.66681999999977
197.8277929999998
197.9965239999998
198.15979099999979
198.32133199999979
198.4836679999998
198.65238499999978
198.81583099999978
198.97800699999976
199.14594999999977
199.31440899999978
199.47343299999977
199.64666699999978
199.80650899999978
199.96857699999978
200.1244409999998
200.2919229999998
200.4456439999998
200.6046169999998
200.7648509999998
200.9329639999998
201.0892829999998
201.2444869999998
201.4070959999998
201.56696399999979
201.73725299999978
201.9025519999998
202.0752119999998
202.2353539999998
202.3979279999998
202.5726539999998
202.7302869999998
202.8974499999998
203.07673699999978
203.2487089999998
203.40673099999978
203.5593519999998
203.72154899999978
203.87496199999978
204.0355199999998
204.18885799999978
204.3515999999998
204.5033469999998
204.66128899999978
204.80882899999978
204.95891899999978
205.1075199999998
205.2568079999998
205.41656699999982
205.57124699999983
205.74267399999982
205.90749299999982
206.05667099999982
206.2125319999998
206.37803299999982
206.53466499999982
206.70715699999982
206.86555999999982
207.01984699999983
207.17579999999984
207.32607399999983
207.48054899999983
207.6504249999998
207.81251599999982
207.96899099999982
208.1301619999998
208.28269199999983
208.43870699999982
208.59822199999982
208.75789699999982
208.92086599999982
209.07944199999983
209.24005199999982
209.3988379999998
209.56263899999982
209.72541699999982
209.89606399999983
210.07091799999984
210.24137399999984
210.40179799999984
210.56137799999985
210.73570999999984
210.90734199999983
211.08502399999983
211.25441599999982
211.4154999999998
211.57726099999982
211.73649499999982
211.8981199999998
212.07122999999982
212.22167699999983
212.38608699999983
212.55217899999982
212.71104799999983
212.86232299999983
213.01586899999984
213.18171299999983
213.35090499999984
213.50449799999984
213.66339899999983
213.82593399999982
213.99828999999983
214.15969999999982
214.3273919999998
214.4834139999998
214.63798299999982
214.79582599999983
214.96448799999985
215.13316399999985
215.30635099999986
215.46243299999986
215.63245699999987
215.79123299999986
215.95743199999987
216.13136099999986
216.29347699999985
216.45601399999984
216.61142399999983
216.76778999999982
216.9261949999998
217.09669099999982
217.26076699999982
217.4258469999998
217.5973499999998
217.7625059999998
217.9226209999998
218.0978759999998
218.25738199999978
218.4258089999998
218.60483599999978
218.7607449999998
218.92376199999978
219.0769339999998
219.2404909999998
219.40400499999978
219.5866369999998
219.7457589999998
219.9053989999998
220.0676159999998
220.2460159999998
220.4058829999998
220.56157499999978
220.72292699999977
220.88625199999976
221.06468399999974
221.22942899999975
221.40004099999976
221.57395699999975
221.73540399999976
221.91200199999977
222.08875199999977
222.23820399999977
222.39824199999975
222.56638499999974
222.72632499999975
222.89090199999976
223.05526699999976
223.20830599999977
223.37506299999976
223.53103299999975
223.69080399999976
223.85588499999974
224.02510199999975
224.20766899999975
224.37465599999976
224.52965099999977
224.68485499999977
224.84200899999976
225.00266199999976
225.16094199999975
225.32279099999974
225.48796999999973
225.66053799999975
225.81774099999976
225.98539899999975
226.14181499999975
226.30297299999975
226.46231999999975
226.62328299999976
226.78999799999977
226.94659599999977
227.10465199999976
227.26551099999975
227.43442499999975
227.59717099999975
227.76067099999975
227.93276399999974
228.10107699999975
228.26449199999973
228.41656499999974
228.57415499999973
228.73604099999974
228.90264899999974
229.05905399999975
229.21665099999976
229.38885899999977
229.56449999999978
229.7218059999998
229.8813829999998
230.04525999999981
230.2202809999998
230.3881589999998
230.5704209999998
230.7295789999998
230.8936409999998
231.0490689999998
231.2023709999998
231.3623249999998
231.5164939999998
231.6959689999998
231.86196199999978
232.01562699999977
232.18877199999977
232.3463899999998
232.50291199999978
232.6579319999998
232.81669499999978
232.98189499999978
233.14075999999977
233.31860199999977
233.48354899999978
233.64701399999979
233.80794699999979
233.98587099999978
234.15760999999978
234.3105229999998
234.4751109999998
234.6502669999998
234.8161949999998
234.9892719999998
235.15893499999981
235.3230549999998
235.4836859999998
235.6412189999998
235.8023599999998
235.9634959999998
236.1248899999998
236.2840349999998
236.4507169999998
236.6140629999998
236.7802509999998
236.95647599999978
237.13605099999978
237.30161199999978
237.48197999999977
237.64461599999976
237.81083099999975
237.97321799999975
238.15672399999974
238.31072399999974
238.47083199999975
238.62835199999975
238.79085099999975
238.95164099999974
239.09988399999975
239.26290499999973
239.41248399999972
239.56475699999973
239.71991699999973
239.88431399999973
240.06674199999972
240.2281509999997
240.39728799999972
240.56748099999973
240.73229799999973
240.89614599999973
241.06700899999973
241.23179099999973
241.40409999999974
241.56911499999975
241.73264099999975
241.89466099999976
242.06657899999976
242.24274399999976
242.40206899999976
242.56186499999976
242.72256599999974
242.91053899999974
243.08386099999976
243.23982999999976
243.40500899999975
243.55794199999974
243.71811799999975
243.86999199999974
244.02969199999973
244.19662899999972
244.3733689999997
244.5473759999997
244.7213479999997
244.8758369999997
245.0285319999997
245.1988749999997
245.3694539999997
245.5235979999997
245.69355599999972
245.85231099999973
246.00921099999974
246.16430299999973
246.31660699999972
246.4824169999997
246.6578429999997
246.8156899999997
246.97600999999972
247.13986799999972
247.29118499999973
247.43896399999974
247.59076999999974
247.74390599999973
247.8945099999997
248.04607399999972
248.2075619999997
248.35821299999972
248.5051579999997
248.6630319999997
248.8134889999997
248.9715599999997
249.1169759999997
249.27777099999972
249.43306999999973
249.58531899999974
249.74824199999975
249.90850799999976
250.06001099999975
250.22675899999976
250.38032099999975
250.53721199999976
250.69747299999975
250.85949099999974
251.02531499999972
251.18976999999973
251.34435599999972
251.51004999999972
251.66714599999972
251.8204379999997
251.98038999999972
252.13953099999972
252.2981609999997
252.46022599999972
252.6197909999997
252.77793999999972
252.93218399999972
253.0915229999997
253.25773399999972
253.42134199999973
253.59018899999973
253.76257099999972
253.92040399999973
254.08098299999975
254.23153799999974
254.39058599999976
254.54770199999976
254.69983999999977
254.85680199999976
255.01068699999976
255.17335999999978
255.34304899999978
255.5094939999998
255.66342799999978
255.81745099999978
255.96031499999978
256.1077849999998
256.2649859999998
256.4121649999998
256.5592929999998
256.72431199999977
256.8718619999998
257.0222399999998
257.1719289999998
257.3218789999998
257.4774109999998
257.6395129999998
257.79284599999977
257.93960199999975
258.08094399999976
258.23616299999975
258.37975799999975
258.52036699999974
258.67427699999973
258.82230899999973
258.96695599999975
259.11042499999974
259.2620419999997
259.40603999999973
259.54881699999976
259.70691399999976
259.8672739999998
260.02260699999977
260.1744779999998
260.3240819999998
260.4792209999998
260.62166399999984
260.78021099999984
260.9343709999998
261.0900619999998
261.24168999999983
261.3813119999998
261.5395939999998
261.6940479999998
261.8489049999998
262.01403199999976
262.15101799999974
262.29812499999974
262.44829499999975
262.5906619999997
262.7360169999997
262.88753099999974
263.04078599999974
263.1941169999997
263.3505679999997
263.48510299999975
263.62996299999975
263.77352799999977
263.93814199999974
264.10023799999976
264.23553199999975
264.38390899999973
264.52322899999973
264.6650499999997
264.80922799999973
264.95130999999975
265.10024999999973
265.24633799999975
265.38665199999974
265.5255489999997
265.66470499999974
265.80784999999975
265.96290799999974
266.11438299999975
266.25918699999977
266.41965699999975
266.57329599999974
266.71613899999977
266.86298699999975
267.01042499999977
267.1707469999998
267.32518399999975
267.47393099999977
267.62951099999975
267.76944099999974
267.9118549999997
268.0557089999997
268.2140959999997
268.3563669999997
268.5035039999997
268.6546419999997
268.79288999999966
268.93522299999967
269.0736339999997
269.2212549999997
269.3599689999997
269.5100579999997
269.66358899999966
269.8074449999997
269.9589389999997
270.1178199999997
270.2662229999997
270.4086519999997
270.5602639999997
270.6986539999997
270.8469229999997
270.9905279999997
271.1309069999997
271.2706499999997
271.4058509999997
271.5542819999997
271.6945669999997
271.8478329999997
272.0039909999997
272.1669069999997
272.3255879999997
272.4843859999997
272.62699999999967
272.77639199999965
272.92278499999964
273.06329299999965
273.20089399999966
273.3497719999997
273.50042699999966
273.6352779999997
273.7695359999997
273.9165729999997
274.0580139999997
274.21210899999966
274.35456399999964
274.50518199999965
274.6470109999996
274.80271699999963
274.9524869999996
275.0986069999996
275.2553379999996
275.3938259999996
275.53344799999957
275.67837399999956
275.81287499999956
275.96552299999956
276.10585999999955
276.25205099999954
276.38709599999953
276.52611599999955
276.71711099999953
276.8627389999995
277.0057309999995
277.1490229999995
277.2888159999995
277.43624899999946
277.57336399999946
277.7128299999995
277.8591889999995
278.0042249999995
278.14258899999953
278.2875919999995
278.4299229999995
278.58661799999953
278.74532199999953
278.91362999999956
279.06731799999955
279.20424299999956
279.3465509999996
279.4866339999996
279.6461249999996
279.8028269999996
279.95269199999956
280.08868399999955
280.2306469999995
280.37615399999953
280.51553899999954
280.6568679999995
280.8049909999995
280.9522159999995
281.0860599999995
281.2465469999995
281.3804459999995
281.5235089999995
281.6603519999995
281.8091639999995
281.9645149999995
282.1324889999995
282.2668519999995
282.41064199999954
282.5446539999995
282.69330699999955
282.84892099999956
283.0084289999996
283.1532619999996
283.29132799999957
283.4445119999996
283.58563899999956
283.7336149999996
283.8760839999996
284.0075759999996
284.1438949999996
284.28455299999956
284.41615499999955
284.56251399999957
284.7068059999996
284.85204999999956
285.00114599999955
285.15474799999953
285.3006949999995
285.4546979999995
285.59519899999947
285.73079199999944
285.87445999999943
286.0168459999994
286.15041899999943
286.29049499999945
286.4282929999994
286.56929999999943
286.7032849999994
286.8447489999994
286.9788659999994
287.1118999999994
287.2408689999994
287.3948279999994
287.5419749999994
287.6855559999994
287.8255329999994
287.9631149999994
288.09814299999937
288.22834299999937
288.36370099999937
288.51085999999935
288.64200399999936
288.78254599999934
288.9441159999993
289.08783999999935
289.22476499999937
289.36717299999935
289.5202139999993
289.65729599999935
289.81249299999934
289.9660739999993
290.1163109999993
290.2504139999993
290.3935949999993
290.53410099999934
290.67605299999934
290.82804999999934
290.9673789999993
291.1138369999993
291.2624089999993
291.4142879999993
291.55607599999934
291.70817799999935
291.84208999999936
291.9695559999994
292.1079939999994
292.2562899999994
292.4019969999994
292.5525969999994
292.6936059999994
292.8348699999994
292.9944649999994
293.14321199999944
293.28848699999946
293.41824599999944
293.5602529999994
293.71198999999945
293.86105299999946
294.0091469999995
294.1555769999995
294.29983799999945
294.4478369999995
294.6157689999995
294.7598639999995
294.89090299999947
295.03471099999945
295.1671519999994
295.3141509999994
295.45159399999943
295.5852949999994
295.7243589999994
295.86598699999945
296.01259999999945
296.16491799999943
296.3227039999994
296.48117199999945
296.63835899999947
296.79022199999946
296.9357249999995
297.0842659999995
297.2290249999995
297.37162699999953
297.52813699999956
297.6747879999996
297.81576099999955
297.95713099999955
298.10307199999954
298.25587999999954
298.4229239999995
298.5665289999995
298.7280049999995
298.88629199999946
299.04582599999947
299.18352699999946
299.33591199999944
299.48578999999944
299.6456759999994
299.79613099999943
299.95548199999945
300.09831599999944
300.25300599999946
300.40817599999946
300.56480899999946
300.7283689999995
300.87160799999947
301.01595399999945
301.15727099999947
301.2922379999995
301.4360099999995
301.5880739999995
301.7365699999995
301.8828109999995
302.0200209999995
302.1570199999995
302.29702199999946
302.4422999999995
302.5900389999995
302.7303629999995
302.8697739999995
303.0232559999995
303.1584089999995
303.3051029999995
303.4381419999995
303.57103399999954
303.71196999999955
303.8680529999996
304.00837099999956
304.14967999999953
304.29576499999956
304.4400329999996
304.5715589999996
304.7287459999996
304.8722789999996
305.0066819999996
305.1450839999996
305.2870509999996
305.4313089999996
305.5671569999996
305.6975869999996
305.8259189999996
305.9528769999996
306.0770959999996
306.2057859999996
306.3248889999996
306.4622949999996
306.6010889999996
306.75237599999963
306.89641699999964
307.0305449999996
307.1532019999996
307.2829319999996
307.4127119999996
307.5369909999996
307.6672689999996
307.81386499999957
307.94781099999955
308.0902009999995
308.2321809999995
308.3652889999995
308.50689499999953
308.63661599999955
308.75787299999956
308.88327699999957
309.0192309999996
309.1410799999996
309.25598099999957
309.38317599999954
309.5144639999995
309.64586999999955
309.77750399999957
309.89206599999955
310.00890899999956
310.12250299999954
310.24806599999954
310.3602829999995
310.4944069999995
310.6103279999995
310.72334599999954
310.85305499999953
310.9613809999995
311.0943309999995
311.2075359999995
311.3354909999995
311.4552429999995
311.5705859999995
311.6856099999995
311.79760499999946
311.9185449999995
312.0533819999995
312.1653449999995
312.2758159999995
312.3896209999995
312.5147099999995
312.6310499999995
312.7476449999995
312.8765019999995
312.9927409999995
313.1170269999995
313.2379039999995
313.3535419999995
313.4608729999995
313.58786299999946
313.7133519999995
313.83237199999945
313.96131599999944
314.08208399999944
314.2062159999994
314.32569099999944
314.4370809999994
314.5659379999994
314.7003899999994
314.8299999999994
314.9494939999994
315.0665299999994
315.19878599999936
315.3148609999994
315.4402409999994
315.5588489999994
315.6785079999994
315.8035689999994
315.93522699999943
316.05269599999946
316.17866899999945
316.3100279999994
316.4462279999994
316.5748229999994
316.7018959999994
316.8346039999994
316.9785159999994
317.1040079999994
317.2339299999994
317.3735009999994
317.5186129999994
317.6757239999994
317.81689199999937
317.95000799999934
318.09286699999933
318.2283849999993
318.3751589999993
318.5213959999993
318.6638529999993
318.8080249999993
318.9617309999993
319.11970399999933
319.27527399999934
319.43077999999934
319.58866799999936
319.73616099999936
319.8852409999994
320.03737699999937
320.1794999999994
320.3310119999994
320.47242099999943
320.6247109999994
320.7759019999994
320.92700799999943
321.0931729999994
321.27181399999944
321.43806199999943
321.5891389999994
321.7385219999994
321.8872319999994
322.0526029999994
322.2070689999994
322.3619549999994
322.5129939999994
322.68299699999943
322.8482589999994
322.99963799999944
323.1482179999994
323.3003549999994
323.4649549999994
323.6086149999994
323.7730889999994
323.9243339999994
324.07972299999943
324.22261999999944
324.36089599999946
324.5048909999995
324.6531709999995
324.80062199999946
324.93771999999944
325.0914789999994
325.2446259999994
325.4050679999994
325.5673839999994
325.73034999999936
325.88762099999934
326.04711799999933
326.2065229999993
326.37228599999935
326.53934899999933
326.7087559999993
326.8723459999993
327.0369959999993
327.19985399999933
327.36248799999936
327.52562899999936
327.69359599999933
327.8564699999993
328.0188079999993
328.1906889999993
328.36279699999926
328.52972999999923
328.69795499999924
328.86665199999925
329.03721999999925
329.1867029999992
329.3443729999992
329.5102849999992
329.6741059999992
329.8518889999992
330.0162599999992
330.1852229999992
330.3467869999992
330.5116539999992
330.67399499999925
330.82650099999927
330.98586299999926
331.1475319999993
331.30932499999926
331.47098499999925
