0.026847
0.140317
0.23873699999999998
0.35726499999999994
0.47451599999999994
0.586749
0.690414
0.7924059999999999
0.9141809999999999
1.0222989999999998
1.140629
1.2504639999999998
1.3669549999999997
1.4617409999999997
1.5838699999999997
1.6818149999999996
1.8041939999999996
1.9154179999999996
2.032818
2.140313
2.25058
2.355711
2.4533329999999998
2.5742689999999997
2.6673389999999997
2.767454
2.8848689999999997
2.9898689999999997
3.095471
3.196542
3.300267
3.4010789999999997
3.506643
3.619766
3.7320089999999997
3.841595
3.9584539999999997
4.069427
4.191471
4.310556
4.433032
4.547636
4.651079999999999
4.7636519999999996
4.891322
4.996677
5.104555
5.199185000000001
5.313950000000001
5.422124000000001
5.534705000000001
5.638879000000001
5.740572000000001
5.865252000000001
5.9756730000000005
6.072224
6.185326
6.2958799999999995
6.3999
6.507937999999999
6.608763999999999
6.704264999999999
6.806262999999999
6.904540999999998
7.026218999999998
7.139185999999999
7.241634999999999
7.343139999999999
7.446899999999999
7.5525139999999995
7.660248999999999
7.774661999999999
7.884608999999999
7.9929179999999995
8.107007
8.207414
8.315959
8.425633999999999
8.529647999999998
8.642717999999999
8.738274999999998
8.841078999999999
8.940596
9.057592999999999
9.165683999999999
9.279869999999999
9.389698999999998
9.480837999999999
9.594242999999999
9.705129
9.792354
9.887436
9.981465
10.071352
10.168436999999999
10.272682
10.36829
10.48135
10.571158
10.675357
10.78212
10.901608000000001
11.017644
11.119166
11.223777
11.334987
11.441218
11.547837999999999
11.651376999999998
11.758781999999998
11.871586999999998
11.976252999999998
12.075060999999998
12.184616999999998
12.278790999999998
12.378259999999997
12.473490999999997
12.566858999999997
12.673967999999997
12.768443999999997
12.856904999999998
12.938729999999998
13.016855999999997
13.107916999999997
13.192295999999997
13.261640999999997
13.352901999999997
13.438410999999997
13.520881999999997
13.594686999999997
13.690387999999997
13.771352999999998
13.862030999999998
13.942596999999997
14.014800999999997
14.089161999999996
14.177176999999997
14.262768999999997
14.399411999999996
14.477575999999996
14.543264999999996
14.625464999999997
14.693249999999997
14.771788999999997
14.847707999999997
14.914955999999997
15.004006999999996
15.084098999999997
15.157764999999996
15.217769999999996
15.280979999999996
15.343706999999997
15.420514999999996
15.485975999999997
15.567899999999998
15.644702999999998
15.723708999999998
15.806914999999998
15.884187999999998
15.940990999999999
16.011675999999998
16.072602999999997
16.154942
16.231782
16.297034999999997
16.367323999999996
16.427564999999998
16.518293999999997
16.602254999999996
16.684524999999997
16.748037999999998
16.814165999999997
16.886380999999997
16.953835999999995
17.035365999999996
17.093608999999997
17.177477999999997
17.23868
17.323857
17.39008
17.451598
17.537069
17.607943
17.692563999999997
17.767584999999997
17.823268999999996
17.887219999999996
17.965500999999996
18.029475999999995
18.099430999999996
18.169982999999995
18.238426999999994
18.315122999999993
18.376568999999993
18.43385899999999
18.487128999999992
18.546410999999992
18.610459999999993
18.66115599999999
18.72880499999999
18.78655599999999
18.85225299999999
18.89911499999999
18.957015999999992
19.00471899999999
19.06026099999999
19.10399399999999
19.16977699999999
19.220379999999988
19.278472999999988
19.326443999999988
19.389474999999987
19.456966999999988
19.517948999999987
19.583994999999987
19.629549999999988
19.679049999999986
19.729885999999986
19.785530999999985
19.851602999999983
19.916014999999984
19.988882999999984
20.057246999999983
20.10260399999998
20.16412499999998
20.21932999999998
20.270217999999982
20.32702199999998
20.38719199999998
20.453611999999982
20.504077999999982
20.583057999999983
20.642521999999982
20.72544399999998
20.799791999999982
20.86173399999998
20.92311999999998
20.98594899999998
21.05662899999998
21.11343099999998
21.16449499999998
21.21426999999998
21.26987799999998
21.34291799999998
21.41433099999998
21.47622599999998
21.53449399999998
21.59096899999998
21.66485399999998
21.72895399999998
21.80325899999998
21.87037199999998
21.942330999999978
22.01297399999998
22.08126999999998
22.14547499999998
22.22199399999998
22.31653199999998
22.388156999999982
22.47980399999998
22.55182599999998
22.62524799999998
22.71040099999998
22.77826799999998
22.85917199999998
22.96329499999998
23.057256999999982
23.142725999999982
23.23099299999998
23.312312999999982
23.40124399999998
23.48688199999998
23.56390199999998
23.66169599999998
23.74774899999998
23.82333699999998
23.92060099999998
24.01770499999998
24.10497699999998
24.20095799999998
24.29753899999998
24.39739899999998
24.48828899999998
24.572767999999982
24.64703199999998
24.71551799999998
24.79682899999998
24.876858999999982
24.95515199999998
25.029735999999982
25.12156699999998
25.20697399999998
25.297524999999982
25.37282899999998
25.477714999999982
25.562794999999984
25.642615999999983
25.742738999999982
25.826915999999983
25.900470999999982
25.98215199999998
26.057478999999983
26.12440499999998
26.203511999999982
26.27505199999998
26.348944999999983
26.40771799999998
26.48192399999998
26.545388999999982
26.606160999999982
26.68155099999998
26.746139999999983
26.826287999999984
26.901037999999986
26.977850999999987
27.042488999999986
27.117423999999986
27.183670999999986
27.268042999999984
27.365619999999986
27.441148999999985
27.514507999999985
27.578813999999984
27.652206999999983
27.716072999999984
27.775909999999985
27.853854999999985
27.912980999999984
27.970694999999985
28.032956999999985
28.111499999999985
28.181636999999984
28.242574999999984
28.302113999999985
28.370718999999987
28.440732999999987
28.511551999999988
28.575311999999986
28.643142999999988
28.71128099999999
28.76965499999999
28.828261999999988
28.921928999999988
28.98749199999999
29.06555299999999
29.12949999999999
29.20926899999999
29.28580199999999
29.35559399999999
29.41902499999999
29.50672199999999
29.57983699999999
29.669682999999992
29.741127999999993
29.808049999999994
29.877247999999994
29.973941999999994
30.045834999999993
30.129669999999994
30.214896999999993
30.292187999999992
30.360937999999994
30.423431999999995
30.488659999999996
30.569031999999996
30.641755999999997
30.719205
30.793692
30.877587
30.948551
31.023522
31.084824
31.171963
31.253242
31.315564000000002
31.403290000000002
31.479249000000003
31.539827000000002
31.61604
31.690904000000003
31.777011
31.861747
31.949773
32.032123
32.115335
32.197602
32.276657
32.339522
32.408460000000005
32.47941000000001
32.570026000000006
32.64402700000001
32.72079500000001
32.81319600000001
32.906576000000015
32.98033200000002
33.06168400000002
33.12811500000002
33.21857300000002
33.30120600000002
33.38302600000002
33.451123000000024
33.519626000000024
33.59130100000002
33.685315000000024
33.770642000000024
33.84816500000002
33.925811000000024
33.999667000000024
34.087903000000026
34.181301000000026
34.26287300000003
34.33917700000003
34.42596900000003
34.50091100000003
34.57226900000003
34.642988000000024
34.71804100000002
34.80749900000002
34.88136600000002
34.96276900000002
35.03830500000002
35.11858600000002
35.19502100000002
35.27606900000002
35.37151400000002
35.457450000000016
35.540962000000015
35.62673500000002
35.70859200000002
35.80570400000002
35.87510500000002
35.96560400000002
36.04211200000002
36.11909300000002
36.19684700000002
36.28369900000002
36.37212900000002
36.472036000000024
36.558167000000026
36.627574000000024
36.70723900000002
36.773611000000024
36.85272700000002
36.92712000000002
37.01075900000002
37.07593100000002
37.151541000000016
37.213684000000015
37.28594500000001
37.36404200000001
37.440179000000015
37.51523700000001
37.592981000000016
37.67953400000002
37.749293000000016
37.85587000000002
37.93455500000002
38.02472100000002
38.09599000000002
38.191056000000025
38.268168000000024
38.35198400000002
38.445500000000024
38.52901600000003
38.61384400000003
38.69781100000003
38.77483400000003
38.859869000000025
38.943062000000026
39.02422200000002
39.115990000000025
39.188982000000024
39.274694000000025
39.347033000000025
39.41914500000002
39.501113000000025
39.59421700000002
39.67337200000002
39.761523000000025
39.83713700000003
39.93098800000003
40.01936700000003
40.095338000000034
40.186850000000035
40.26280400000004
40.34350900000004
40.41458300000004
40.49523600000004
40.56692600000004
40.63756100000004
40.70610300000004
40.80174400000004
40.89172100000004
40.97802800000004
41.062863000000036
41.13967000000004
41.21498500000004
41.28759400000004
41.36143000000004
41.43745300000004
41.49984100000004
41.572834000000036
41.642772000000036
41.717819000000034
41.790402000000036
41.87228600000004
41.95694600000004
42.03188700000004
42.11603100000004
42.20155900000004
42.26839300000004
42.33442300000004
42.420978000000034
42.480643000000036
42.54754600000004
42.60955500000004
42.672761000000044
42.74664900000004
42.82090900000004
42.88563300000004
42.94606400000004
43.01639100000004
43.07172900000004
43.12772600000004
43.18216800000004
43.24396700000004
43.30356800000004
43.37226300000004
43.43976300000004
43.511054000000044
43.56154600000004
43.61680000000004
43.67070000000004
43.73574300000004
43.80882500000004
43.85991300000004
43.94561800000004
44.01521800000004
44.07963900000004
44.15356800000004
44.21396900000004
44.27697000000004
44.33712200000004
44.40906400000004
44.47414500000004
44.53125400000004
44.61513500000004
44.673983000000035
44.735723000000036
44.793718000000034
44.847043000000035
44.905504000000036
44.98089500000004
45.04221000000004
45.10872900000004
45.18014800000004
45.24281600000004
45.30006100000004
45.353549000000044
45.433142000000046
45.49359800000005
45.55947000000005
45.624036000000046
45.697645000000044
45.76385600000005
45.82712600000005
45.88866400000005
45.94872600000005
46.01570600000005
46.08743500000005
46.16992700000005
46.23877400000005
46.30048600000005
46.35302700000005
46.435144000000044
46.50548900000005
46.593347000000044
46.65498100000004
46.71081500000004
46.78203300000004
46.84093300000004
46.90400000000004
46.96529300000004
47.03221600000004
47.09583600000004
47.17509000000004
47.23853600000004
47.29868900000004
47.36298200000004
47.43283500000004
47.48814800000004
47.546906000000035
47.62571000000003
47.686448000000034
47.756929000000035
47.827540000000035
47.89180100000004
47.95448300000004
48.02134600000004
48.081314000000035
48.139511000000034
48.21291200000003
48.28509400000003
48.347401000000026
48.421736000000024
48.49244400000003
48.56804700000003
48.65670000000003
48.74280600000003
48.82042900000003
48.89630900000003
48.97650600000003
49.06960300000003
49.15874300000003
49.25489400000003
49.33700000000003
49.43134400000003
49.52147400000003
49.615890000000036
49.68730700000003
49.78209100000003
49.86572000000003
49.95588700000003
50.04292000000003
50.13801700000003
50.229495000000036
50.32669900000003
50.41608200000003
50.50817400000003
50.61321600000003
50.71062700000003
50.81582200000003
50.90319600000003
51.00476600000003
51.10551200000003
51.19669100000003
51.30436400000003
51.40113300000003
51.49170100000003
51.588776000000024
51.70464400000002
51.813098000000025
51.901447000000026
52.00533600000003
52.10250800000003
52.19947800000003
52.30199200000003
52.404492000000026
52.50538400000003
52.610282000000026
52.70846100000003
52.81447000000003
52.89534400000003
53.00386100000003
53.09086200000003
53.18692300000003
53.26709400000003
53.34782200000003
53.43575200000003
53.51408900000003
53.595789000000025
53.67693200000002
53.76854300000002
53.867144000000025
53.96051800000002
54.03453100000002
54.124137000000026
54.213728000000025
54.30016500000002
54.38062000000002
54.47471700000002
54.56141100000002
54.65838700000002
54.744309000000015
54.827970000000015
54.91056200000001
55.005620000000015
55.10297700000002
55.197837000000014
55.29344500000001
55.38365500000001
55.47148300000001
55.56481700000001
55.66624000000001
55.749843000000006
55.84447900000001
55.95656100000001
56.05574500000001
56.16223700000001
56.247450000000015
56.34824500000001
56.450994000000016
56.541547000000016
56.642598000000014
56.74278000000001
56.82303000000001
56.90946500000001
56.99346700000001
57.08659100000001
57.190086000000015
57.28234100000002
57.373243000000016
57.474533000000015
57.580447000000014
57.67307300000002
57.780631000000014
57.87569100000001
57.96843700000001
58.05360800000001
58.14174000000001
58.232354000000015
58.330762000000014
58.42804200000001
58.52516600000001
58.62253300000001
58.71761400000001
58.80505000000001
58.919250000000005
59.02573700000001
59.13292400000001
59.23125200000001
59.33391800000001
59.43507300000001
59.52919700000001
59.62815300000001
59.731859000000014
59.825094000000014
59.934789000000016
60.04437900000001
60.14706300000002
60.24486200000002
60.337952000000016
60.42820500000001
60.522373000000016
60.62342000000002
60.72222700000002
60.820219000000016
60.912039000000014
61.00575600000001
61.10097200000001
61.204493000000014
61.300322000000016
61.389173000000014
61.48415700000001
61.58212200000001
61.67357100000001
61.76835900000001
61.87333200000001
61.97610600000001
62.06907800000001
62.155698000000015
62.255488000000014
62.359082000000015
62.45441300000002
62.54343900000001
62.639406000000015
62.74748800000002
62.82600100000002
62.90926600000002
63.004092000000014
63.10459500000002
63.19283500000002
63.267598000000014
63.349716000000015
63.431432000000015
63.51394000000001
63.59455700000001
63.66289400000001
63.744628000000006
63.823114000000004
63.896533000000005
63.973414000000005
64.067937
64.146869
64.216206
64.317015
64.39054
64.465083
64.53407700000001
64.62291400000001
64.69789300000001
64.788859
64.867963
64.952959
65.03256300000001
65.09833800000001
65.17718100000002
65.25656900000001
65.34412700000001
65.43420300000001
65.50835300000001
65.59167200000002
65.67588300000001
65.75593200000002
65.84667100000001
65.93285600000002
66.02706600000002
66.10553700000001
66.17441900000001
66.23825700000002
66.31998800000002
66.39966300000002
66.46994000000002
66.54863300000002
66.63788100000002
66.70769900000002
66.78082500000002
66.86646200000003
66.95999100000003
67.03908800000004
67.12340500000003
67.21310200000003
67.31073900000004
67.39175500000005
67.48178500000004
67.55677100000004
67.64649900000003
67.72919200000004
67.80451200000005
67.89579100000005
67.97731900000005
68.06229200000006
68.14946400000005
68.23816900000006
68.33460100000005
68.42000200000005
68.49735800000005
68.58855600000005
68.68036200000006
68.76326100000006
68.86274400000006
68.96288600000007
69.04223100000007
69.12710300000008
69.21642200000008
69.29202600000008
69.39068600000007
69.48694100000007
69.57749800000008
69.67901000000008
69.75573300000008
69.83597300000008
69.92493600000009
70.01396400000009
70.10369400000009
70.20166700000009
70.30074000000009
70.40077800000009
70.48877500000009
70.5779580000001
70.6604830000001
70.7575690000001
70.8599080000001
70.9659910000001
71.06598100000011
71.16516000000011
71.24979500000012
71.34074700000012
71.42934900000012
71.52418800000011
71.6116030000001
71.7096030000001
71.8049550000001
71.90801300000011
71.99952300000011
72.09110600000011
72.1967620000001
72.2819640000001
72.3645810000001
72.4486260000001
72.5251520000001
72.6060130000001
72.6985500000001
72.7928070000001
72.8931150000001
72.9816300000001
73.0684330000001
73.1645280000001
73.2476330000001
73.3315920000001
73.4096720000001
73.4923120000001
73.5763540000001
73.6539950000001
73.72778800000009
73.80975100000009
73.89803200000009
73.99528100000009
74.07510100000009
74.16731400000009
74.25891900000009
74.35275900000009
74.4255290000001
74.4995940000001
74.5729780000001
74.6539000000001
74.7445380000001
74.82142800000011
74.88689400000011
74.95332100000012
75.02610900000012
75.10664500000011
75.18202700000012
75.23804300000012
75.31035500000011
75.39989100000011
75.47474500000011
75.55356000000012
75.61112100000013
75.67039000000013
75.73169900000012
75.78520900000012
75.83848500000012
75.89622500000011
75.96169100000012
76.02700000000011
76.09158700000012
76.15625300000012
76.20392300000012
76.26930500000012
76.32341400000011
76.38657400000011
76.45594500000011
76.51567500000012
76.58715100000012
76.64187000000013
76.69225900000012
76.74777000000012
76.79931100000012
76.86809000000012
76.92617700000012
76.98490700000012
77.06572100000012
77.14598000000012
77.21467800000012
77.27239500000012
77.33268000000011
77.3959020000001
77.47653100000011
77.5449250000001
77.6144660000001
77.6839180000001
77.7643850000001
77.8324570000001
77.9062370000001
77.97565800000011
78.0371020000001
78.1011000000001
78.18653400000011
78.27119400000011
78.35175000000011
78.42838100000012
78.51521300000012
78.60914700000012
78.69074200000011
78.78165500000011
78.86593500000012
78.94509700000012
79.02260400000011
79.09454000000011
79.1645230000001
79.2510180000001
79.3203240000001
79.3945600000001
79.48047700000009
79.5587140000001
79.6587220000001
79.7437250000001
79.8324660000001
79.9145420000001
79.9992220000001
80.0915470000001
80.17040800000011
80.24613000000011
80.3287830000001
80.3927430000001
80.46017600000009
80.53027600000009
80.60729700000009
80.67805400000009
80.7638320000001
80.83291800000009
80.91431500000009
81.00153800000008
81.07273300000008
81.13796600000009
81.22265900000009
81.29968900000009
81.36239500000009
81.43035700000009
81.51224100000009
81.59903400000009
81.66672200000009
81.73782900000009
81.81135500000009
81.88580500000009
81.95591600000009
82.0395430000001
82.1412910000001
82.2081230000001
82.2829670000001
82.3576110000001
82.4372510000001
82.5219790000001
82.5994620000001
82.6693860000001
82.7364060000001
82.8148340000001
82.8950020000001
82.9621310000001
83.0366080000001
83.1155630000001
83.18491500000009
83.26372100000009
83.3429360000001
83.41823800000009
83.49651700000008
83.58497100000008
83.66369900000008
83.73945500000008
83.81931700000008
83.89526100000009
83.97634100000009
84.0683050000001
84.15077200000009
84.21733700000009
84.29202300000009
84.37795500000009
84.46060700000008
84.54080100000009
84.60660100000008
84.67488300000008
84.75130100000008
84.81748200000008
84.89162600000009
84.95335500000009
85.02534000000009
85.11104400000009
85.18263700000008
85.24338100000008
85.31636700000008
85.39032500000009
85.49032900000009
85.55465500000008
85.61211900000008
85.68684900000008
85.76734100000009
85.83117300000009
85.8998690000001
85.97119000000009
86.0572560000001
86.12268500000009
86.19908700000009
86.28864300000009
86.3657420000001
86.4323400000001
86.5312580000001
86.61992800000009
86.71543400000009
86.80139500000008
86.88275400000009
86.95812200000009
87.03306900000008
87.10821700000008
87.18913000000008
87.27101500000008
87.34831100000008
87.41930100000008
87.49967900000007
87.57779200000007
87.65124500000007
87.73626100000007
87.82436000000007
87.89478000000007
87.97257400000007
88.04515400000007
88.11865500000006
88.19230200000005
88.27275100000006
88.34956500000006
88.42725600000006
88.49933100000005
88.57522100000006
88.64611100000006
88.71863500000006
88.79116700000006
88.86388700000006
88.94664200000007
89.03022100000007
89.10927100000006
89.17443400000006
89.24126400000006
89.32465800000006
89.38613800000006
89.46754000000006
89.52809300000006
89.58600500000006
89.64829700000006
89.71969200000005
89.79289000000006
89.86334300000006
89.94103000000005
90.00118900000005
90.08803400000005
90.15933700000005
90.23104800000004
90.31144200000004
90.37359600000005
90.45785300000004
90.52356500000005
90.59754500000005
90.67786900000006
90.75416000000006
90.83456800000006
90.91297300000006
90.99005600000007
91.06990500000006
91.14663500000006
91.23020000000005
91.30655900000005
91.38760700000005
91.48742900000005
91.57719600000004
91.65238300000004
91.73203100000005
91.82122600000005
91.91628200000005
91.99442000000005
92.07932100000005
92.15662900000005
92.24351500000006
92.32742200000006
92.40269300000006
92.47458800000005
92.54766800000006
92.63627400000006
92.71394300000006
92.79407000000006
92.86625600000006
92.95403500000006
93.04556200000006
93.13531000000006
93.23124300000006
93.31173700000006
93.39630900000006
93.49505200000006
93.58697600000006
93.67037100000006
93.73564500000006
93.82057700000006
93.89496300000006
93.97795600000006
94.04540000000006
94.12364600000005
94.21484000000005
94.28983200000005
94.37753200000004
94.46377600000004
94.52723600000004
94.59316200000005
94.66439100000005
94.73347800000005
94.81457100000004
94.90168200000004
94.98083000000004
95.04633700000004
95.11782500000004
95.19926300000004
95.26583700000005
95.35385000000005
95.42491800000005
95.49951900000005
95.58452300000005
95.65626500000005
95.74074100000004
95.82827300000004
95.91254800000004
95.99657000000005
96.07174600000005
96.13826300000005
96.22238800000005
96.30289100000005
96.37617800000004
96.46226000000004
96.53260000000004
96.61255900000005
96.70331200000005
96.80481800000005
96.88299600000005
96.97211000000004
97.05065900000004
97.12966700000004
97.20067400000003
97.28239400000004
97.37018800000004
97.44412800000003
97.53630300000003
97.60852900000003
97.68167400000003
97.76556300000003
