0.039358
0.159632
0.294308
0.437056
0.5721620000000001
0.7130160000000001
0.8521770000000001
0.9870340000000001
1.1303320000000001
1.272863
1.405332
1.540066
1.6811559999999999
1.820263
1.956901
2.093097
2.226516
2.3603370000000004
2.492332
2.6441760000000003
2.7840710000000004
2.9246910000000006
3.0496810000000005
3.1950350000000007
3.3273680000000008
3.452562000000001
3.577127000000001
3.699243000000001
3.828665000000001
3.957477000000001
4.084003000000001
4.2187220000000005
4.35632
4.4930010000000005
4.6262810000000005
4.760718000000001
4.900479000000001
5.038615000000001
5.170263000000001
5.311998000000001
5.450660000000001
5.585301000000001
5.714451000000001
5.851327000000001
5.983416000000001
6.113894000000001
6.238324000000001
6.368802000000001
6.5141810000000016
6.644578000000002
6.790842000000002
6.923194000000002
7.049010000000003
7.178251000000003
7.305413000000003
7.432202000000003
7.557410000000003
7.683975000000003
7.818266000000003
7.949593000000003
8.074134000000003
8.202231000000003
8.326738000000002
8.451472000000003
8.587367000000002
8.709440000000003
8.845269000000002
8.975829000000001
9.099414000000001
9.226265000000001
9.361326000000002
9.482422000000001
9.604276000000002
9.723829000000002
9.842816000000003
9.963654000000002
10.085719000000001
10.199135000000002
10.316138000000002
10.442745000000002
10.582429000000003
10.715368000000003
10.851315000000003
10.987255000000003
11.135711000000002
11.274550000000003
11.408404000000003
11.545588000000002
11.677501000000003
11.814259000000003
11.950867000000004
12.081563000000004
12.210911000000005
12.341801000000006
12.468863000000006
12.599747000000006
12.727948000000007
12.861698000000006
12.986841000000005
13.116759000000005
13.257900000000005
13.385138000000005
13.514424000000005
13.643676000000005
13.768329000000005
13.904684000000005
14.030120000000005
14.156416000000005
14.281286000000005
14.409583000000005
14.539684000000005
14.657230000000006
14.802675000000006
14.954428000000005
15.094546000000005
15.239477000000004
15.381809000000004
15.538758000000005
15.695776000000006
15.831864000000007
15.971608000000007
16.119137000000006
16.255801000000005
16.400882000000006
16.541732000000007
16.679441000000008
16.81924800000001
16.960715000000008
17.09924700000001
17.24483600000001
17.38949700000001
17.528116000000008
17.669757000000008
17.80880000000001
17.940176000000008
18.06811800000001
18.19490300000001
18.32532900000001
18.46557800000001
18.617886000000013
18.756475000000012
18.91060900000001
19.049134000000013
19.187583000000014
19.325096000000013
19.456156000000014
19.598112000000015
19.730653000000014
19.873831000000013
20.023510000000012
20.167388000000013
20.30934200000001
20.45150500000001
20.594858000000013
20.740567000000013
20.882569000000014
21.024235000000015
21.170287000000016
21.322924000000015
21.479166000000014
21.650026000000015
21.806688000000015
21.954965000000016
22.110220000000016
22.260898000000015
22.415614000000016
22.561589000000016
22.710403000000017
22.87314500000002
23.02029600000002
23.17679200000002
23.33063800000002
23.48491800000002
23.649912000000022
23.803429000000023
23.95955700000002
24.11586100000002
24.27929800000002
24.43583900000002
24.59397300000002
24.755779000000018
24.91433100000002
25.07487700000002
25.23290800000002
25.39643400000002
25.551099000000022
25.703870000000023
25.863355000000023
26.014037000000023
26.176757000000023
26.322647000000025
26.496123000000026
26.646389000000024
26.804353000000024
26.967886000000025
27.124536000000024
27.285201000000026
27.441389000000026
27.596981000000024
27.752040000000026
27.903737000000024
28.053182000000024
28.200335000000024
28.357499000000026
28.525491000000027
28.68253400000003
28.848111000000028
29.00623900000003
29.16204700000003
29.31311700000003
29.47494200000003
29.62618800000003
29.783231000000033
29.938898000000034
30.102332000000033
30.268222000000033
30.434024000000033
30.600821000000032
30.76477000000003
30.92524400000003
31.08306000000003
31.25072100000003
31.41846900000003
31.59591700000003
31.764408000000028
31.932981000000026
32.109132000000024
32.27661500000002
32.46408700000002
32.63678700000002
32.80828100000002
32.978801000000026
33.17528100000003
33.37617600000003
33.56541900000003
33.755236000000025
33.94430700000002
34.13234200000002
34.326806000000026
34.507012000000024
34.69530100000002
34.887508000000025
35.083811000000026
35.274038000000026
35.46528800000002
35.66568000000002
35.85673200000002
36.041391000000026
36.22507700000003
36.42048700000003
36.60968200000003
36.79967000000003
36.979966000000026
37.17119400000003
37.37621600000003
37.56579900000003
37.780548000000024
37.968461000000026
38.15232600000002
38.345265000000026
38.53031000000003
38.73095800000003
38.92966800000003
39.13090400000003
39.33003500000003
39.53446900000003
39.74987200000003
39.95563900000003
40.15275300000003
40.36892800000003
40.573333000000034
40.766776000000036
40.96146500000003
41.160717000000034
41.350566000000036
41.547587000000036
41.738298000000036
41.936121000000036
42.12080200000003
42.31894300000003
42.523356000000035
42.71983000000004
42.91078800000004
43.11322900000004
43.30052900000004
43.49945900000004
43.69591400000004
43.890994000000035
44.08863200000003
44.30173100000003
44.51277300000003
44.71972000000003
44.92546300000003
45.13501800000003
45.36042400000003
45.57554000000003
45.78223700000003
45.98527800000003
46.190000000000026
46.397634000000025
46.59665100000002
46.807821000000025
46.98985800000003
47.204235000000025
47.39231100000003
47.57869100000003
47.77244400000003
47.963052000000026
48.15333500000003
48.354080000000025
48.55791200000002
48.75764400000002
48.95877200000002
49.15871700000002
49.35131800000002
49.54324800000002
49.74625000000002
49.93827700000002
50.13258100000002
50.32008700000002
50.50667200000002
50.689744000000026
50.86442700000003
51.03258300000003
51.188387000000034
51.350763000000036
51.51543200000004
51.67331600000004
51.82449600000004
51.97994200000004
52.125617000000034
52.285944000000036
52.44416600000004
52.597808000000036
52.755705000000034
52.909073000000035
53.059314000000036
53.21020700000004
53.35236800000004
53.49607100000004
53.63707300000004
53.788009000000045
53.918891000000045
54.05741300000005
54.19231800000005
54.32465900000005
54.464049000000045
54.60327700000005
54.739921000000045
54.87506600000005
55.012866000000045
55.146455000000046
55.28302400000005
55.416431000000046
55.55750000000005
55.69791100000005
55.837710000000044
55.98078700000004
56.125326000000044
56.27045800000004
56.41259200000004
56.55900700000004
56.70872200000004
56.849905000000035
56.998982000000034
57.149724000000035
57.30420200000003
57.467608000000034
57.62333900000004
57.78974000000004
57.941131000000034
58.13651200000003
58.29656400000003
58.47555900000003
58.65329700000003
58.82424100000003
59.00016400000003
59.17184900000002
59.345153000000025
59.523292000000026
59.69276800000003
59.86482300000003
60.03739900000003
60.21227300000003
60.392311000000035
60.56840000000003
60.757413000000035
60.95958800000003
61.15808100000003
61.35620500000003
61.55059500000003
61.74247900000003
61.93567600000003
62.12419900000003
62.31524800000003
62.510976000000035
62.70226800000003
62.897084000000035
63.10803700000004
63.31623900000004
63.51630000000004
63.715334000000034
63.906942000000036
64.10148600000004
64.30113700000004
64.49437700000004
64.68049100000005
64.86665100000005
65.05711600000005
65.25448000000004
65.45781200000005
65.65958400000005
65.85605300000005
66.04892700000005
66.26372800000004
66.45387700000005
66.64496600000005
66.83038000000005
67.01836800000005
67.20857500000005
67.39566000000005
67.58384900000004
67.77370400000004
67.95971100000004
68.14190300000004
68.35045700000005
68.54804900000005
68.74346900000005
68.95188900000005
69.15364000000005
69.34603200000005
69.53967300000005
69.74579200000005
69.93484000000005
70.12324500000005
70.32687000000006
70.51997000000006
70.71892200000006
70.90611900000006
71.09538000000006
71.28904600000006
71.47475100000005
71.66982600000006
71.87460700000005
72.06080500000006
72.25182000000005
72.44133500000005
72.64056900000006
72.83144200000005
73.02542000000005
73.22662200000005
73.42871200000005
73.63808600000004
73.84539400000004
74.05068100000004
74.25651200000004
74.45508200000005
74.64670000000005
74.84277700000005
75.03688300000006
75.22403300000006
75.41802000000007
75.61062100000007
75.80845000000006
76.00667100000007
76.20045100000007
76.39344200000008
76.58953400000007
76.77810200000008
76.97138400000007
77.16221400000008
77.35383600000007
77.53873400000008
77.73841400000008
77.92273200000008
78.10134700000008
78.28212100000007
78.47085800000008
78.65434300000008
78.84494600000008
79.03611300000007
79.22214500000007
79.41807300000006
79.60214600000006
79.78989700000007
79.96878300000007
80.15494200000008
80.33234200000008
80.52551100000008
80.71084500000008
80.89530800000007
81.08487700000008
81.27027700000008
81.45376600000007
81.63681600000007
81.82015500000007
82.00422300000007
82.18847400000007
82.39956300000007
82.59055900000007
82.77575800000007
82.96644900000007
83.16450300000007
83.36897000000006
83.57535200000007
83.77965700000007
83.97651100000007
84.18037900000007
84.37947200000008
84.58346700000008
84.79135600000008
84.99933200000008
85.20114700000008
85.40469300000008
85.61833100000008
85.83357700000008
86.04327100000008
86.24841800000007
86.44949800000008
86.65089400000008
86.87475900000008
87.07932600000008
87.29462200000007
87.49543600000007
87.70380800000007
87.90984300000007
88.11539000000006
88.32636900000006
88.53563300000006
88.75360200000006
88.96360300000006
89.17183200000007
89.38911400000006
89.60009800000006
89.80979200000006
90.00867500000005
90.21360000000006
90.42242200000005
90.62845300000005
90.85308700000004
91.06038300000004
91.27400800000004
91.49449600000004
91.70755200000004
91.91352400000004
92.12088600000004
92.33077300000004
92.55207900000003
92.75584900000004
92.97805600000004
93.18673100000004
93.39071600000004
93.60251700000003
93.81460500000003
94.03774700000002
94.25219400000003
94.46508000000003
94.66942000000003
94.88026200000003
95.08847700000003
95.29337800000003
95.49566400000003
95.70466400000004
95.92316900000003
96.13085000000002
96.33951700000003
96.54256000000002
96.74699100000002
96.95557300000003
97.15710900000003
97.36110500000004
97.56735800000004
97.76764600000004
97.97860100000004
98.18586600000005
98.39301800000004
98.59665800000003
98.79759500000003
99.00211300000002
99.20078100000002
99.39996600000002
99.61077500000002
99.81558600000002
100.01414900000002
100.20786800000002
100.40148900000001
100.60880100000001
100.80344800000002
100.99528800000002
101.18405700000001
101.377046
101.574976
101.76671
101.96541500000001
102.158708
102.347284
102.543212
102.733812
102.919165
103.105658
103.31271000000001
103.50146500000001
103.68745400000002
103.88229500000001
104.07485800000002
104.26296600000002
104.44630600000002
104.62712900000002
104.81213600000002
104.99549700000003
105.18311300000003
105.37652800000004
105.58203700000004
105.77672400000004
105.96759000000004
106.16650200000005
106.37060800000005
106.56936900000005
106.76900400000005
106.97021000000005
107.16291100000005
107.35726200000005
107.56367700000006
107.77321800000006
107.97002200000006
108.17077800000006
108.39960200000006
108.61240000000006
108.82157900000007
109.02817900000007
109.23704500000007
109.44748000000007
109.65656600000007
109.85763600000007
110.06246100000007
110.27035100000008
110.46040200000007
110.64726100000007
110.82935000000008
111.00945000000007
111.18914100000008
111.36234400000008
111.53810000000009
111.70636900000008
111.87704800000009
112.05100400000009
112.2223090000001
112.3879300000001
112.5542890000001
112.7173480000001
112.8747240000001
113.0331480000001
113.1888980000001
113.34336600000009
113.49838600000008
113.64918500000009
113.80588500000009
113.96440600000008
114.11038700000009
114.26221500000008
114.41840100000009
114.57162900000009
114.72598900000008
114.87388900000009
115.02175500000008
115.16931400000009
115.31277900000009
115.4563460000001
115.5995190000001
115.7478880000001
115.8964880000001
116.0434980000001
116.1907150000001
116.34880200000009
116.49534800000009
116.64458500000009
116.81013500000009
116.9674070000001
117.1247710000001
117.2854330000001
117.4390460000001
117.5925060000001
117.7450220000001
117.89695400000011
118.0541400000001
118.2119280000001
118.3726040000001
118.53925200000009
118.70568900000009
118.87998100000009
119.04700600000008
119.21457900000009
119.37915300000009
119.54737200000008
119.71061900000008
119.87599600000009
120.03589500000008
120.20577400000008
120.37626000000007
120.55529500000007
120.72989600000007
120.91321700000007
121.09190600000008
121.28653500000009
121.45981000000009
121.63527000000009
121.83392200000009
122.01423800000009
122.1972100000001
122.3851610000001
122.5716570000001
122.7609150000001
122.9497860000001
123.13531900000011
123.3154990000001
123.4951460000001
123.67905300000011
123.87865900000011
124.06700800000011
124.25151100000012
124.43430300000013
124.62262700000012
124.80687100000013
124.98394300000012
125.16052600000012
125.33635700000012
125.51226700000012
125.69237200000012
125.88725800000012
126.06466900000012
126.24705500000012
126.42606000000012
126.61327100000013
126.79425900000012
126.97156000000012
127.14777600000012
127.32962700000012
127.50406900000011
127.68345900000011
127.84981000000012
128.02798100000012
128.20845600000013
128.38363200000012
128.55193400000013
128.72520600000013
128.89717700000014
129.08506000000014
129.25704000000013
129.43939200000014
129.61529600000014
129.78552400000015
129.95034800000016
130.12642500000015
130.30274200000017
130.48101800000018
130.65119000000018
130.82278500000018
130.99641500000018
131.16555600000018
131.3345890000002
131.4972350000002
131.6553950000002
131.8191650000002
131.9778980000002
132.1607400000002
132.3479330000002
132.52560200000022
132.69992000000022
132.86883300000022
133.0368520000002
133.2002060000002
133.3633800000002
133.5277500000002
133.6917490000002
133.8502140000002
134.0155230000002
134.1902390000002
134.3668610000002
134.5396910000002
134.7182870000002
134.9179610000002
135.1094900000002
135.2973970000002
135.4806980000002
135.66965200000018
135.84903700000018
136.03474100000017
136.23580500000017
136.42938100000018
136.61439500000017
136.79269600000018
136.9886230000002
137.1765710000002
137.37103200000018
137.5540610000002
137.7275760000002
137.9121470000002
138.09355200000022
138.28687900000023
138.48227400000022
138.6817230000002
138.8814190000002
139.0807340000002
139.2715410000002
139.47566600000022
139.6768140000002
139.8688930000002
140.06692500000023
140.25253400000022
140.45128000000022
140.64565500000023
140.82810900000024
141.01203400000023
141.19730600000022
141.39517400000022
141.59207400000022
141.79347300000023
142.00954300000024
142.20820700000024
142.39744800000025
142.60740000000024
142.80509000000023
142.99141600000024
143.18809800000025
143.37121800000025
143.56258300000025
143.74565000000024
143.95123500000025
144.13337500000026
144.31767100000025
144.50440000000026
144.69966900000026
144.89724000000027
145.08395100000027
145.27874200000028
145.47364100000027
145.67360000000028
145.87712400000026
146.06458400000025
146.25991900000025
146.44816800000027
146.63001400000027
146.81461800000028
147.0084840000003
147.2113050000003
147.4174610000003
147.6203020000003
147.8226450000003
148.0239040000003
148.2193000000003
148.40417000000028
148.58603100000028
148.77787000000026
148.97517100000027
149.16058400000028
149.34681200000028
149.52636600000028
149.70827600000027
149.89645800000028
150.08543400000028
150.28018500000027
150.45982900000027
150.64038200000027
150.81346800000028
150.98655300000027
151.16713100000027
151.35075400000028
151.5181570000003
151.6884420000003
151.8577340000003
152.0236330000003
152.1986330000003
152.3734460000003
152.5497050000003
152.7259790000003
152.9071290000003
153.09043900000032
153.26878400000032
153.44520900000032
153.6193940000003
153.7965520000003
153.9727030000003
154.1423820000003
154.3136990000003
154.4757650000003
154.63719000000032
154.79974000000033
154.95918700000033
155.12824800000033
155.31218300000032
155.4854230000003
155.6589870000003
155.8313060000003
156.0094490000003
156.1902960000003
156.36572300000032
156.55380600000032
156.72317900000033
156.89508600000033
157.06500300000033
157.23459200000033
157.41643800000034
157.62284800000035
157.80610800000034
157.98534200000034
158.16188800000035
158.34165200000035
158.52121100000036
158.69846500000037
158.87914700000036
159.05100000000036
159.22762300000036
159.39653700000036
159.57035100000036
159.74437500000036
159.92384900000036
160.10471200000035
160.28321500000035
160.46144200000035
160.64166900000035
160.82015700000034
160.99658500000032
161.17288400000032
161.35356500000032
161.53801000000033
161.72065600000033
161.91159900000034
162.11015500000033
162.29276600000034
162.47759400000035
162.68500300000036
162.88112800000036
163.07832900000037
163.28453000000036
163.49240300000037
163.71704800000037
163.93322800000038
164.1560250000004
164.3789160000004
164.5936150000004
164.8062360000004
165.0153620000004
165.2361880000004
165.4685690000004
165.7056180000004
165.9316550000004
166.16401000000042
166.39392700000042
166.61889100000042
166.84721800000042
167.0752720000004
167.30659400000042
167.5305480000004
167.75380900000042
167.97930800000043
168.20371800000044
168.45644800000045
168.68719600000045
168.91345500000045
169.13179700000046
169.36212900000046
169.60751900000045
169.84987600000045
170.08977900000045
170.32851300000044
170.56610600000045
170.81106000000045
171.05501700000045
171.28852500000045
171.53800200000046
171.78106300000047
172.02244900000048
172.2687530000005
172.5027540000005
172.7475760000005
172.9837320000005
173.2222810000005
173.4652410000005
173.6978960000005
173.9386630000005
174.1739930000005
174.41445400000052
174.66169300000053
174.90574200000052
175.1472020000005
175.3831460000005
175.6216750000005
175.8595610000005
176.1022050000005
176.35812100000052
176.59058000000053
176.85086100000052
177.0988500000005
177.34687700000052
177.60527600000052
177.86244300000052
178.11619800000054
178.37445200000053
178.62958100000054
178.87756000000053
179.13082400000053
179.37082800000053
179.60984600000052
179.8462260000005
180.08508800000052
180.32134300000052
180.56554400000053
180.79772300000053
181.03659300000052
181.2738210000005
181.4994820000005
181.72623300000052
181.95321100000052
182.18275200000053
182.40248600000052
182.62943400000051
182.85495600000053
183.08366100000052
183.32117600000052
183.56299000000053
183.80321700000053
184.04556900000054
184.28329800000054
184.51409800000053
184.75135300000053
184.98704000000055
185.21793800000054
185.43824500000053
185.66877400000052
185.8976270000005
186.1225350000005
186.34223900000052
186.55620600000051
186.76739000000052
186.9832750000005
187.1969110000005
187.4097900000005
187.6267760000005
187.8273540000005
188.0341670000005
188.2522080000005
188.47400400000052
188.69106000000053
188.92960600000055
189.15748100000056
189.37964100000056
189.59883900000057
189.82216400000056
190.03953600000057
190.25806200000056
190.47159700000057
190.68601500000057
190.90108200000057
191.10973600000057
191.32803200000058
191.53337700000057
191.73771900000057
191.94438100000056
192.14217900000057
192.34949900000058
192.5627280000006
192.7730520000006
192.9907350000006
193.2000850000006
193.4026890000006
193.6097850000006
193.80330500000062
194.00910700000063
194.2176400000006
194.42874500000062
194.62008000000063
194.81663500000062
195.00698000000062
195.19982600000063
195.39706000000064
195.60107700000063
195.79195000000064
195.98128400000064
196.16910700000065
196.34916300000066
196.53322500000067
196.71225800000067
196.88927600000068
197.0645120000007
197.23705300000069
197.4147670000007
197.5944390000007
197.7790130000007
197.9648130000007
198.15082200000072
198.3342510000007
198.52841000000072
198.71208100000072
198.89210900000072
199.0674550000007
199.2486280000007
199.4243960000007
199.60931600000072
199.7945470000007
199.9780200000007
200.1556290000007
200.3375300000007
200.5075230000007
200.6803680000007
200.85224800000069
201.02585900000068
201.19476000000068
201.3584360000007
201.52427000000068
201.6932490000007
201.8643800000007
202.0330260000007
202.2068910000007
202.3723620000007
202.5365700000007
202.7009810000007
202.8645560000007
203.0337500000007
203.2114260000007
203.3681960000007
203.53027000000068
203.6869690000007
203.8511420000007
204.01867600000068
204.2096510000007
204.38720500000068
204.54580800000068
204.70205700000068
204.88069700000068
205.05123600000067
205.20886500000066
205.37653200000065
205.56074700000065
205.73760900000065
205.90186400000064
206.06529600000064
206.23583800000065
206.40214000000066
206.57656000000065
206.75755900000067
206.92478200000068
207.09061600000067
207.25952000000066
207.45222800000067
207.63281400000068
207.81457000000069
207.9875130000007
208.1858770000007
208.36508300000068
208.54320600000068
208.71845800000068
208.9071040000007
209.09906200000069
209.2891730000007
209.4776020000007
209.6687710000007
209.8590570000007
210.0465310000007
210.2308310000007
210.4169840000007
210.6011240000007
210.7867430000007
210.9669630000007
211.1471240000007
211.3228570000007
211.5000600000007
211.6833080000007
211.8765280000007
212.0732900000007
212.2629390000007
212.4529520000007
212.6447620000007
212.8381690000007
213.02756600000072
213.20446100000072
213.37863300000072
213.5559260000007
213.7295000000007
213.9101120000007
214.09902500000072
214.2919890000007
214.47813400000072
214.66478700000073
214.84471100000073
215.02037600000074
215.19784300000074
215.38255300000074
215.56350400000073
215.74435500000072
215.92761700000074
216.11356200000074
216.29462300000074
216.46949400000074
216.64380000000074
216.80673400000074
216.99393600000076
217.16394400000075
217.33474300000074
217.50355200000075
217.67017300000074
217.83461100000073
218.00546900000074
218.17344600000075
218.33652200000074
218.50293700000074
218.67608100000075
218.85124500000074
219.02258100000074
219.19092200000074
219.35438000000073
219.51654900000074
219.67767300000074
219.85357000000073
220.01671900000073
220.18330100000074
220.34309400000075
220.50662800000075
220.68098100000074
220.85734900000074
221.03287700000075
221.19867400000075
221.36207800000076
221.52702600000077
221.68442100000078
221.85421700000077
222.01947800000076
222.17840800000076
222.33521600000077
222.49901900000077
222.67340500000077
222.84610100000077
223.01942500000078
223.19221200000078
223.36872400000078
223.5358220000008
223.7123030000008
223.88505900000078
224.0591700000008
224.2317070000008
224.3972060000008
224.5633000000008
224.73903000000078
224.92173700000077
225.10743400000078
225.28930700000078
225.46094200000078
225.6467750000008
225.8228600000008
226.0132150000008
226.1862580000008
226.3685960000008
226.5408740000008
226.7265530000008
226.9430650000008
227.12790000000078
227.31722400000078
227.51471300000077
227.70081400000078
227.88093400000076
228.06037200000077
228.24747100000076
228.44624600000077
228.63516800000076
228.85444600000076
229.05496900000077
229.25754700000076
229.45895300000075
229.66719800000075
229.86043700000076
230.05125800000076
230.23256300000077
230.41835400000076
230.62410900000077
230.83206700000076
231.03523900000076
231.23368100000076
231.44046100000077
231.63817100000077
231.82956500000077
232.02648300000078
232.23095700000079
232.4266170000008
232.61732800000078
232.8158580000008
233.00947300000078
233.19871700000078
233.3913920000008
233.5897630000008
233.7792130000008
233.9691220000008
234.15837200000078
234.35772000000077
234.56093000000078
234.7653790000008
234.96900300000078
235.16945100000078
235.37947900000077
235.57654300000078
235.7741500000008
235.9710270000008
236.17664400000078
236.37319600000077
236.59625500000078
236.7908900000008
236.9891710000008
237.1829860000008
237.3716340000008
237.5591670000008
237.7492920000008
237.92880300000078
238.11449300000078
238.30071400000077
238.49239600000075
238.70440700000074
238.91320900000073
239.11805300000074
239.32361900000075
239.53203800000074
239.73610800000074
239.93469000000073
240.13675100000071
240.34069600000072
240.54325400000073
240.74649800000074
240.95313700000074
241.15821000000074
241.35555700000074
241.56500400000076
241.78266300000075
241.98192100000074
242.18221400000073
242.38566600000073
242.58502300000072
242.78657000000072
242.97968900000072
243.1809360000007
243.36906400000072
243.5698170000007
243.76683800000072
243.96308000000073
244.17076400000073
244.36970700000074
244.56693100000075
244.76043000000075
244.95217200000076
245.14391000000074
245.33833100000075
245.52721300000076
245.71873200000076
245.91177000000076
246.11594800000077
246.31748700000077
246.52733600000076
246.77598500000076
246.98611300000076
247.20876700000076
247.41224100000076
247.62888100000077
247.84191600000077
248.05447900000075
248.27049000000076
248.47888600000076
248.68350000000075
248.89785700000076
249.10623000000075
249.31477500000074
249.52707200000074
249.73876300000074
249.94613700000073
250.15583800000073
250.36277300000071
250.5640340000007
250.77160100000071
250.98055200000073
251.18784700000072
251.39769300000071
251.6096810000007
251.8201340000007
252.0227200000007
252.2313710000007
252.45593600000072
252.66585600000073
252.87260900000072
253.09099900000072
253.29629200000073
253.50250000000074
253.71011700000074
253.92350400000075
254.12962600000074
254.33983300000074
254.55460400000075
254.76239000000075
254.97748500000074
255.18404400000074
255.39695200000074
255.61405000000073
255.83054800000073
256.04075100000074
256.2472350000007
256.4502350000007
256.6578640000007
256.8555340000007
257.0571790000007
257.2613660000007
257.4659780000007
257.6641400000007
257.8685050000007
258.0787070000007
258.28127800000067
258.4774840000007
258.6814850000007
258.8874440000007
259.0895560000007
259.2941510000007
259.5056270000007
259.7162840000007
259.9191460000007
260.1290660000007
260.3354060000007
260.5461880000007
260.74800000000073
260.9461530000007
261.14109500000075
261.34280300000074
261.54240500000077
261.7442600000008
261.9429030000008
262.1407520000008
262.3415100000008
262.5557450000008
262.7551400000008
262.9546610000008
263.1497150000008
263.3422600000008
263.5476590000008
263.7469000000008
263.9435130000008
264.1452010000008
264.3414980000008
264.5383340000008
264.7330610000008
264.9342330000008
265.1387930000008
265.3312780000008
265.5258630000008
265.7200940000008
265.9161780000008
266.1052790000008
266.30094000000076
266.4911600000008
266.6806390000008
266.8665170000008
267.0577660000008
267.2464530000008
267.43081600000085
267.62542300000086
267.81483500000087
267.99697900000086
268.18786200000085
268.36874800000083
268.55577600000083
268.7572680000008
268.9578240000008
269.1569200000008
269.3782400000008
269.5808950000008
269.7818270000008
270.0032780000008
270.19243400000084
270.38586100000083
270.58233600000085
270.7888470000008
270.9860540000008
271.1839190000008
271.3807080000008
271.5744200000008
271.7683380000008
271.9594630000008
272.1719310000008
272.37628700000084
272.58170800000084
272.79273300000085
272.99692300000083
273.1951480000008
273.4122560000008
273.62163200000083
273.82372100000083
274.02819700000083
274.23971900000083
274.43990600000086
274.6373720000009
274.8343210000009
275.0263140000009
275.2257670000009
275.42476600000094
275.64019800000096
275.863262000001
276.090832000001
276.317820000001
276.543177000001
276.76823900000096
276.99233200000094
277.2175320000009
277.4337200000009
277.6579720000009
277.8837230000009
278.1082500000009
278.3508060000009
278.5711150000009
278.81135100000085
279.06211300000086
279.30785500000087
279.55279900000085
279.80007600000084
280.0451560000008
280.2781560000008
280.5250540000008
280.77727400000083
281.01584900000086
281.24912500000084
281.48192800000083
281.7196190000008
281.9571670000008
282.23480700000084
282.49870100000084
282.75743900000083
283.01852800000086
283.26893400000085
283.53329400000086
283.78928700000085
284.05038900000085
284.30220500000087
284.55700700000085
284.81560000000087
285.0626200000009
285.3097960000009
285.5783310000009
285.8460580000009
286.1110690000009
286.3764740000009
286.6384230000009
286.9003680000009
287.15648800000093
287.4067190000009
287.65702300000095
287.9198650000009
288.17877500000094
288.44245700000096
288.68890600000094
288.94104400000094
289.1810340000009
289.4264710000009
289.6776530000009
289.93029800000085
290.19688400000086
290.45875400000085
290.7148910000009
290.96189900000087
291.2190350000009
291.4588300000009
291.6964030000009
291.9314580000009
292.16939800000085
292.41416200000083
292.65375300000085
292.88217700000087
293.11839800000087
293.35237400000085
293.57830600000085
293.8099010000009
294.03690100000085
294.26794000000086
294.49686600000086
294.7346150000009
294.9711500000009
295.2025960000009
295.4405440000009
295.6704470000009
295.91031800000087
296.1428870000009
296.3799620000009
296.6147990000009
296.8282080000009
297.05663000000095
297.26736500000095
297.47659700000094
297.68641100000093
297.89900800000095
298.10460900000095
298.3184370000009
298.5198780000009
298.7153130000009
298.9160330000009
299.12108200000085
299.3312230000009
299.5438690000009
299.7575000000009
299.9532980000009
300.1425860000009
300.3373600000009
300.5362330000009
300.7336200000009
300.9289470000009
301.1152600000009
301.2938820000009
301.4774080000009
301.66065700000087
301.84935600000085
302.03213500000084
302.2145500000008
302.3890000000008
302.5749010000008
302.7683480000008
302.9549300000008
303.12974000000077
303.3048040000008
303.46797200000077
303.63117900000077
303.79099200000076
303.96291500000075
304.14913900000073
304.3252300000007
304.4957060000007
304.66192400000074
304.83136800000074
304.99080900000075
305.15284800000074
305.30769400000077
305.4784570000008
305.6491880000008
305.8200620000008
306.0011060000008
306.1836330000008
306.3549200000008
306.5278580000008
306.68922500000076
306.87695300000075
307.04595100000074
307.22031400000077
307.39574600000077
307.57039500000076
307.75371400000074
307.93038300000075
308.10938700000077
308.3056370000008
308.48625800000076
308.66759400000075
308.84658400000075
309.0277010000007
309.19828600000073
309.39100400000075
309.56663100000077
309.7451650000008
309.9176060000008
310.08530100000075
310.2535860000008
310.42740300000077
310.5903750000008
310.7587980000008
310.9404850000008
311.11716800000085
311.28526000000085
311.4612200000008
311.6350070000008
311.8107780000008
311.9966160000008
312.1800610000008
312.36152200000083
312.5400670000008
312.7166940000008
312.8909440000008
313.07899100000077
313.2727630000008
313.4617910000008
313.6506110000008
313.8398080000008
314.0349330000008
314.22271500000085
314.41077800000085
314.61296100000084
314.81985800000086
315.02167400000087
315.2265960000009
315.4261840000009
315.6359950000009
315.8457960000009
316.06064200000094
316.2806600000009
316.49008300000094
316.7069450000009
316.9203440000009
317.1322300000009
317.3438240000009
317.5569040000009
317.7865290000009
318.0017360000009
318.2268750000009
318.4559320000009
318.68660900000094
318.9169170000009
319.13919100000095
319.37604100000095
319.59907000000095
319.82227600000095
320.04323000000096
320.26576300000096
320.485045000001
320.702532000001
320.92183300000096
321.13822500000094
321.36025200000097
321.567646000001
321.771983000001
321.973614000001
322.17428100000103
322.406212000001
322.613428000001
322.82127100000105
323.02107800000107
323.22618900000106
323.42835500000103
323.62611100000106
323.81840600000106
324.00764600000105
324.20013500000107
324.39022600000106
324.56908400000106
324.7507450000011
324.92928600000107
325.1116250000011
325.30050900000106
325.47823300000107
325.66240000000107
325.8405270000011
326.0172140000011
326.1900530000011
326.3629690000011
326.5345500000011
326.7079690000011
326.87778800000115
327.04581600000114
327.2285990000011
327.3920330000011
327.5660500000011
327.7357110000011
327.9034660000011
328.06731800000114
328.22773600000113
328.39640300000116
328.55436100000117
328.71916600000117
328.87828400000114
329.03541500000114
329.2031570000011
329.3702550000011
329.5295460000011
329.68640000000113
329.8531940000011
330.0149420000011
330.1725910000011
330.3243070000011
330.4770650000011
330.6241560000011
330.7670040000011
330.91912700000114
331.06418100000116
331.21046200000114
331.35013600000116
331.49682500000114
331.64061600000116
331.78027100000116
331.91678300000115
332.06060800000114
332.2101360000011
332.3528760000011
332.48896800000114
332.6353640000011
332.78068700000114
332.92947700000116
333.07654300000115
333.22101700000115
333.35964500000114
333.51028300000115
333.66418700000116
333.81111800000116
333.9600850000012
334.1149610000012
334.2716520000012
334.4319740000012
334.5929330000012
334.7565840000012
334.9164580000012
335.07333700000123
335.23333900000125
335.38760700000125
335.55693600000126
335.72822700000125
335.90638000000126
336.07882000000126
336.27942900000124
336.4543970000012
336.6256180000012
336.7900730000012
336.9552770000012
337.12320600000123
337.29099600000126
337.45827400000127
337.64164200000124
337.82111600000127
337.9993740000013
338.1701820000013
338.3456340000013
338.5229370000013
338.69782200000134
338.86797500000137
339.03470300000134
339.19989200000134
339.3719580000013
339.5449920000013
339.7111190000013
339.8758280000013
340.0407670000013
340.2094290000013
340.3860710000013
340.56125000000134
340.73899200000136
340.91883500000137
341.08970000000136
341.2644920000014
341.4364260000014
341.6168290000014
341.7875440000014
341.9558120000014
342.1219130000014
342.2911150000014
342.4516070000014
342.6230250000014
342.78541200000143
342.94969100000145
343.11637000000144
343.2902090000014
343.4661000000014
343.64213000000143
343.81138500000145
343.98524900000143
344.1639310000014
344.3301790000014
344.4957380000014
344.66462300000137
344.84537300000136
345.0179410000014
345.1864340000014
345.3521630000014
345.5254560000014
345.70010800000136
345.8894440000014
346.0553340000014
346.21812300000136
346.37744000000134
346.54533200000134
346.70202900000135
346.86512700000134
347.03244600000136
347.1968800000014
347.3605100000014
347.5309510000014
347.70227200000136
347.87124600000135
348.04001200000135
348.21810600000134
348.38704600000136
348.5663920000014
348.74259600000136
348.91348600000134
349.08385500000134
349.2547480000013
349.4257680000013
349.60017600000134
349.77209200000135
349.94797400000135
350.1198590000013
350.2953200000013
350.4680440000013
350.64212300000133
350.81473200000136
350.9940720000014
351.16374700000136
351.3258250000014
351.48829800000135
351.6544450000014
351.81831500000135
351.98489400000136
352.1524390000014
352.32339700000136
352.49396900000136
352.66318800000136
352.82252400000135
352.9905360000013
353.1672580000013
353.3416400000013
353.5111210000013
353.6733190000013
353.8435400000013
354.02104200000133
354.1800490000013
354.3434530000013
354.5067560000013
354.6689990000013
354.8296570000013
354.9947800000013
355.1561740000013
355.32620600000126
355.50359600000127
355.6835280000013
355.86209800000125
356.03843500000124
356.2175910000012
356.3977290000012
356.58209200000124
356.75833800000123
356.92867300000125
357.10398600000127
357.2781720000013
357.4468990000013
357.6185670000013
357.7853550000013
357.9570260000013
358.13222100000127
358.3044250000013
358.4741170000013
358.6409640000013
358.8080700000013
358.97067800000127
359.1400940000013
359.3111320000013
359.4808900000013
359.6491600000013
359.8204440000013
359.9876910000013
360.1588380000013
360.3286070000013
360.5054380000013
360.67864900000126
360.84743500000127
361.01224200000127
361.1738850000013
361.34304500000127
361.5080740000013
361.67626500000125
361.83962600000126
362.00507300000123
362.1701800000012
362.3326760000012
362.4958050000012
362.6590820000012
362.8163040000012
362.9815900000012
363.14041400000116
363.30364000000117
363.4701990000012
363.63784300000117
363.8096230000012
363.9725860000012
364.1418270000012
364.3056810000012
364.4737010000012
364.6538600000012
364.8168920000012
364.9778600000012
365.1597620000012
365.3217010000012
365.4861340000012
365.6495620000012
365.8113950000012
365.9684520000012
366.1350470000012
366.2961150000012
366.45879100000116
366.6226860000012
366.77763900000116
366.94456600000115
367.12503800000115
367.29271100000113
367.4550250000011
367.6240170000011
367.79368000000113
367.9663470000011
368.13810400000114
368.30412200000114
368.45988200000113
368.62486600000113
368.79764000000114
368.95641500000113
369.11466600000114
369.27507700000115
369.43484400000114
369.60866700000116
369.77658900000114
369.93771800000115
370.10583100000116
370.2749500000012
370.4356970000012
370.6022760000012
370.7659670000012
370.9257250000012
371.0931880000012
371.2533790000012
371.4125790000012
371.5704950000012
371.7315620000012
371.8925290000012
372.05194300000124
372.20814600000125
372.36532500000123
372.52650700000123
372.70761000000124
372.87724900000126
373.0430160000013
373.20733700000125
373.3726690000012
373.5375270000012
373.7000100000012
373.86696700000124
374.03291700000125
374.19724300000127
374.3626910000013
374.5255080000013
374.6894980000013
374.8497860000013
375.0155010000013
375.17518200000126
375.33776100000125
375.5029140000012
375.6716920000012
375.8406350000012
376.0096320000012
376.1738440000012
376.3405030000012
376.5107400000012
376.6750960000012
376.8405140000012
377.00188100000116
377.18303900000114
377.34785900000116
377.51325500000115
377.6747400000012
377.8337510000012
377.9931530000012
378.1616940000012
378.3258940000012
378.4936860000012
378.6592320000012
378.83607700000124
378.99800300000123
379.1553180000012
379.31433000000123
379.48136400000124
379.64242800000125
379.80808200000126
379.97921400000126
380.1425290000013
380.30635100000126
380.47590800000125
380.63855100000126
380.80656300000123
380.96551300000124
381.13047000000125
381.29989100000125
381.46339300000125
381.63059900000127
381.79774800000126
381.96476100000126
382.1271470000013
382.2948790000013
382.4620520000013
382.6237480000013
382.7881620000013
382.9479620000013
383.11242500000134
383.27956400000136
383.44604000000135
383.61198500000137
383.78602700000135
383.96215600000136
384.13042500000137
384.29532500000136
384.46724400000136
384.63394400000135
384.7995910000013
384.9597850000013
385.12649400000134
385.30156300000135
385.4666530000014
385.64021800000137
385.81462000000136
385.97742000000136
386.14137500000135
386.31747700000136
386.47359300000136
386.63415400000133
386.79727000000133
386.96099300000134
387.12357100000133
387.2882470000013
387.4485970000013
387.61620900000133
387.78747800000133
387.9528320000013
388.1210170000013
388.2862800000013
388.4529020000013
388.6114020000013
388.7761050000013
388.9442190000013
389.1073540000013
389.2703350000013
389.4375780000013
389.6139350000013
389.78122700000125
389.9413840000013
390.1068330000013
390.2726600000013
390.43562400000127
390.60011400000127
390.7612170000013
390.9289240000013
391.1086420000013
391.27370100000127
391.4383190000013
391.6005990000013
391.7677170000013
391.9301400000013
392.0956240000013
392.2588760000013
392.4214270000013
392.5908830000013
392.7535280000013
392.92424800000134
393.0992390000013
393.2566580000013
393.4193050000013
393.5871060000013
393.7519530000013
393.9133700000013
394.0792590000013
394.2517590000013
394.4079870000013
394.5711260000013
394.7365830000013
394.9011060000013
395.0602570000013
395.2171490000013
395.3727530000013
395.5272050000013
395.68519800000126
395.8408120000013
395.9969030000013
396.15716500000127
396.33562300000125
396.5124610000012
396.68835900000124
396.87049700000125
397.04600000000124
397.2238060000012
397.3998300000012
397.5744120000012
397.7380260000012
397.91074200000116
398.08128800000117
398.25604400000117
398.4289900000012
398.6183550000012
398.8089630000012
398.9917380000012
399.1839400000012
399.3627830000012
399.54067700000115
399.7221790000012
399.89829000000117
400.07924300000116
400.2580410000011
400.4479160000011
400.6317770000011
400.8190870000011
401.0068720000011
401.19049000000115
401.37843600000116
401.56136100000117
401.7383910000012
401.9170840000012
402.0957700000012
402.2738000000012
402.44861200000116
402.62664000000115
402.81522500000113
403.00909100000115
403.1979760000012
403.3760150000012
403.5548430000012
403.7352000000012
403.91773900000123
404.09015600000123
404.27515400000124
404.44905000000125
404.63812700000125
404.8150100000012
404.9985320000012
405.1781820000012
405.3678250000012
405.5435420000012
405.7205970000012
405.9022210000012
406.08849100000117
406.2722270000012
406.44730700000116
406.6223250000012
406.79447600000117
406.96532600000114
407.13706500000114
407.29975000000115
407.4828270000012
407.6575090000012
407.8379310000012
408.0165570000012
408.2094180000012
408.39533800000123
408.56999800000125
408.74887700000124
408.92134100000123
409.0843750000012
409.2454910000012
409.4122160000012
409.5869130000012
409.7564200000012
409.9256970000012
410.09742800000123
410.27625300000125
410.44191300000125
410.62185500000123
410.7872110000012
410.9535710000012
411.1213850000012
411.2900730000012
411.4571420000012
411.62410100000125
411.7928800000012
411.95519900000124
412.12288500000125
412.29729800000126
412.47807100000125
412.6475260000013
412.82197200000127
412.99963600000126
413.18216100000126
413.3548140000013
413.5430550000013
413.7326230000013
413.9060960000013
414.0902980000013
414.2686810000013
414.4532520000013
414.6309810000013
414.8124480000013
414.99402500000133
415.18095200000135
415.35918400000133
415.53689000000134
415.71267700000135
415.89387100000135
416.08411500000136
416.2852960000014
416.4877630000014
416.6820910000014
416.8670430000014
417.0526320000014
417.2346780000014
417.4177940000014
417.60460700000135
417.78746200000137
417.96859100000137
418.15814500000135
418.33891800000134
418.52533000000136
418.72841300000135
418.91721200000137
419.1115770000014
419.3007330000014
419.4959710000014
419.6858610000014
419.8708440000014
420.0520270000014
420.24293100000136
420.4275840000014
420.6106440000014
420.7962040000014
420.9834810000014
421.1767960000014
421.3564820000014
421.5387730000014
421.7119550000014
421.8778020000014
422.0514450000014
422.2165200000014
422.3845520000014
422.5413250000014
422.70346200000137
422.8670040000014
423.0241720000014
423.1773200000014
423.3284360000014
423.4750020000014
423.6237310000014
423.7743950000014
423.9318530000014
424.08485100000144
424.23420500000145
424.38406200000145
424.53758500000146
424.68751800000143
424.84401600000143
425.0008340000014
425.1539650000014
425.2995240000014
425.4639390000014
425.6069010000014
425.7506740000014
425.89194200000145
426.03287700000146
426.17799100000144
426.32247800000147
426.47433700000147
426.64500000000146
426.80958900000144
426.96112600000146
427.12009900000146
427.27411800000147
427.4200690000015
427.57608000000147
427.72830200000146
427.88203600000145
428.04537500000146
428.19984300000147
428.35275900000147
428.5028530000015
428.6477770000015
428.79663000000147
428.9405780000015
429.0852100000015
429.2293820000015
429.37302000000153
429.52055000000155
429.66237200000154
429.8086340000015
429.9733700000015
430.1218810000015
430.28138500000153
430.4319920000015
430.5855140000015
430.73621600000155
430.89672700000153
431.05784000000153
431.21280400000154
431.36637100000155
431.51810000000154
431.68253800000156
431.84827500000154
432.0113540000015
432.17374200000154
432.32723700000156
432.4815890000016
432.6367490000016
432.7857080000016
432.93624900000157
433.0801500000016
433.2293620000016
433.3854210000016
433.5461800000016
433.71027600000156
433.87269400000156
434.03484200000156
434.1896640000016
434.3560220000016
434.5092900000016
434.6682410000016
434.82374000000164
434.9888940000016
435.1504170000016
435.3098700000016
435.4717830000016
435.64144300000163
435.8033000000016
435.96143300000165
436.11165300000164
436.2610470000016
436.42462900000163
436.5800300000016
436.7356010000016
436.8934560000016
437.0529510000016
437.2060950000016
437.3658340000016
437.5270850000016
437.6930120000016
437.8585950000016
438.02245100000164
438.18382800000165
438.34408400000166
438.5090370000017
438.6785210000017
438.8443760000017
439.01065900000174
439.1825170000017
439.34713800000173
439.50861200000173
439.67230500000176
439.84281000000175
440.0043190000018
440.16719700000175
440.33147000000173
440.49545600000175
440.65447400000176
440.82283300000176
440.98431400000175
441.1538770000017
441.3261360000017
441.4842120000017
441.6445830000017
441.8050660000017
441.9732680000017
442.1367320000017
442.2966600000017
442.45926400000167
442.6317370000017
442.8050910000017
442.9718120000017
443.1343950000017
443.2998350000017
443.4636860000017
443.6274490000017
443.7936140000017
443.9552380000017
444.1158510000017
444.2900450000017
444.44764000000174
444.60342000000173
444.7628060000017
444.9235840000017
445.0825400000017
445.2417910000017
445.4019280000017
445.5618880000017
445.71815000000174
445.8806700000017
446.0437970000017
446.2074440000017
446.3689180000017
446.53249700000174
446.70658100000173
446.86505600000174
447.0189080000017
447.1857190000017
447.34319800000173
447.50260100000173
447.6582010000017
447.8150860000017
447.99042000000173
448.1571040000017
448.3211200000017
448.4794690000017
448.6439010000017
448.8091120000017
448.97504600000167
449.14429100000166
449.30504400000166
449.46374300000167
449.62494600000167
449.78475400000167
449.95211300000165
450.11153200000166
450.2772540000017
450.4408150000017
450.6057390000017
450.76915900000165
450.9346300000017
451.0970430000017
451.2572720000017
451.4210390000017
451.57771000000173
451.7388700000017
451.90396100000174
452.06968300000176
452.2270720000018
452.38850900000176
452.55061000000177
452.71042400000175
452.86988600000177
453.0242850000018
453.18588100000176
453.3553380000018
453.51938200000177
453.6790230000018
453.8342330000018
453.9951870000018
454.1582920000018
454.31921300000175
454.4797770000018
454.6472070000018
454.8061850000018
454.9647110000018
455.1301930000018
455.2975140000018
455.4549270000018
455.6168790000018
455.7748570000018
455.9379260000018
456.09901400000183
456.2594750000018
456.4220350000018
456.5847990000018
456.74513500000177
456.9100280000018
457.06930500000175
457.22929600000174
457.3895610000017
457.55113800000174
457.70686300000176
457.86611500000174
458.02938300000176
458.19241000000176
458.35284600000176
458.51002200000175
458.6760550000018
458.83773900000176
458.99644900000175
459.16484000000173
459.32498600000173
459.4856770000017
459.6454810000017
459.80600400000174
459.96260300000176
460.1243580000018
460.2817770000018
460.4443770000018
460.6129000000018
460.7737250000018
460.9376230000018
461.1041920000018
461.27085400000175
461.4349260000017
461.59587600000174
461.76038400000175
461.93104100000176
462.09907600000173
462.25791400000173
462.42633800000175
462.58472000000177
462.7492740000018
462.9093010000018
463.0674370000018
463.2259860000018
463.3891100000018
463.5508330000018
463.71702300000175
463.87240000000173
464.03144100000173
464.1904670000017
464.3498560000017
464.5067810000017
464.67053900000167
464.83769600000164
464.9943590000016
465.15965200000164
465.32603200000165
465.50120000000163
465.66048600000164
465.8338990000016
466.01151000000164
466.19693300000165
466.3792430000016
466.55192100000164
466.72357200000164
466.8964460000016
467.07571800000164
467.25226500000167
467.4220860000017
467.59799700000167
467.7723620000017
467.9521320000017
468.1348580000017
468.3111020000017
468.49053200000174
468.6618520000017
468.8307320000017
469.00757700000173
469.1818460000017
469.3580260000017
469.5378530000017
469.7087290000017
469.8738430000017
470.04513000000173
470.21339200000176
470.40291500000177
470.5962670000018
470.78761900000177
470.98014300000176
471.16845400000176
471.34957900000177
471.53492800000174
471.7265140000017
471.9197530000017
472.11247100000173
472.2994110000017
472.4862810000017
472.6691050000017
472.8642090000017
473.0843360000017
473.3000330000017
473.5128400000017
473.72682500000167
473.94168500000166
474.1550680000017
474.36880200000166
474.5703430000017
474.7636260000017
474.9593390000017
475.1484070000017
475.32743900000173
475.5079630000017
475.6908970000017
475.8725870000017
476.0640310000017
476.2440280000017
476.4345560000017
476.6239260000017
476.8169880000017
476.99389400000166
477.1730750000017
477.3529600000017
477.5229120000017
477.6973870000017
477.8636430000017
478.0429410000017
478.2166630000017
478.3838130000017
478.5513000000017
478.7234010000017
478.90131600000166
479.08321400000165
479.26177100000166
479.4386790000017
479.6197140000017
479.8019870000017
479.9755920000017
480.1484140000017
480.3117480000017
480.47783300000174
480.63490600000176
480.80550200000175
480.97967800000174
481.1515360000017
481.3183030000017
481.48454100000174
481.64452400000175
481.80714000000177
481.9597110000018
482.1229220000018
482.2788080000018
482.4322860000018
482.5799760000018
482.7397890000018
482.8984640000018
483.0508020000018
483.2076600000018
483.3632970000018
483.5169610000018
483.6686420000018
483.8315000000018
483.98342000000184
484.14419900000183
484.3039260000018
484.4697440000018
484.6303330000018
484.7914710000018
484.9541630000018
485.1237190000018
485.2851750000018
485.4539850000018
485.6186190000018
485.7757240000018
485.9353290000018
486.0976950000018
486.2684150000018
486.4408130000018
486.6153100000018
486.7867930000018
486.9581360000018
487.1321470000018
487.3066160000018
487.4693940000018
487.63663900000176
487.81741600000174
487.9832430000017
488.1442690000017
488.3107050000017
488.4772410000017
488.6467430000017
488.81368100000174
488.9738590000017
489.1384250000017
489.3322940000017
489.5218050000017
489.70082100000167
489.88354800000167
490.06076700000165
490.2388660000016
490.4159880000016
490.59134200000165
490.7715130000016
490.94250100000164
491.11244200000164
491.28517400000163
491.4524880000016
491.6204190000016
491.78758200000163
491.9536360000016
492.1220090000016
492.2881580000016
492.4483780000016
492.61231100000157
492.7736210000016
492.9359190000016
493.1003130000016
493.2694750000016
493.4250290000016
493.5835950000016
493.7406080000016
493.8982670000016
494.0545180000016
494.20780900000165
494.36745800000165
494.5259910000016
494.69070400000163
494.86446800000164
495.02465100000165
495.1927360000017
495.35345200000165
495.51416600000164
495.68079300000164
495.85061300000166
496.0169170000017
496.1853850000017
496.3529020000017
496.5133610000017
496.6840800000017
496.8407250000017
496.9937350000017
497.1589910000017
497.3223980000017
497.48886000000175
497.6700200000017
497.83743000000175
498.00336300000174
498.16724300000175
498.32672600000177
498.47775500000176
498.6322230000018
498.8031280000018
498.9753090000018
499.1453960000018
499.31183500000185
499.4834940000018
499.6367100000018
499.7982950000018
499.96401600000183
500.11533700000183
500.27509900000183
500.43280200000186
500.58864500000186
500.76257400000185
500.92811800000186
501.0946290000019
501.2613260000019
501.42142700000187
501.57027400000186
501.72261600000184
501.8811930000018
502.0392180000018
502.2059830000018
502.3690830000018
502.5301790000018
502.6961740000018
502.8566380000018
503.0174760000018
503.18724700000183
503.35786100000183
503.5305750000018
503.7018690000018
503.8725380000018
504.0342310000018
504.1949060000018
504.3603030000018
504.51602600000183
504.68191000000184
504.8427150000018
504.9978440000018
505.1776030000018
505.3375570000018
505.48850700000185
505.6584330000018
505.81037900000183
505.9651980000018
506.1130640000018
506.26332300000183
506.41255000000183
506.55688300000185
506.69908100000185
506.8410680000018
506.98497800000183
507.1274080000018
507.2791410000018
507.4179750000018
507.5604680000018
507.7003500000018
507.8365120000018
507.9792660000018
508.1185040000018
508.2585510000018
508.3926390000018
508.54079500000176
508.6833760000018
508.82995000000176
508.97409300000174
509.1210330000017
509.2780110000017
509.4247460000017
509.5809650000017
509.7384950000017
509.8964930000017
510.04607400000174
510.19961600000175
510.35146300000173
510.50467100000174
510.65802900000176
510.80780200000174
510.9558860000017
511.1053860000017
511.2533030000017
511.40225200000174
511.5467560000017
511.69030100000174
511.8423920000017
511.9941000000017
512.1505110000018
512.3086740000017
512.4716810000017
512.6456850000017
512.7969700000017
512.9505280000017
513.1061820000017
513.2623800000017
513.4101970000017
513.5631390000018
513.7186340000018
513.8727300000018
514.0240370000017
514.1711570000017
514.3279080000017
514.4741950000017
514.6155200000018
514.7621010000017
514.9009520000018
515.0430610000018
515.1892910000017
515.3393780000017
515.4761350000017
515.6153810000017
515.7721080000017
515.9347660000017
516.0902340000017
516.2424170000018
516.4005000000018
516.5569490000017
516.7098100000018
516.8665420000018
517.0187320000018
517.1757840000018
517.3247450000018
517.4816880000018
517.6345940000018
517.7946850000018
517.9660230000018
518.1156630000017
518.2641040000018
518.4155300000018
518.5737290000018
518.7163880000018
518.8793450000018
519.0357220000018
519.1849200000017
519.3354350000018
519.4837950000018
519.6380510000018
519.7886940000018
519.9433500000018
520.0930300000018
520.2609350000018
520.4115740000018
520.5679590000018
520.7457010000018
520.9096800000018
521.0613430000018
521.2256380000018
521.3804640000018
521.5409980000018
521.7005690000018
521.8761810000018
522.0448250000018
522.2132200000018
522.3783260000018
522.5473140000018
522.7223760000019
522.8929710000019
523.057890000002
523.221884000002
523.3939580000019
523.5601290000019
523.7251000000019
523.8922070000019
524.0515380000019
524.2168220000019
524.3809210000019
524.5491640000018
524.7172400000019
524.8849150000019
525.0477080000019
525.2167130000018
525.3851640000019
525.5678490000018
525.7438080000019
525.9145570000019
526.0911930000019
526.2643610000019
526.445015000002
526.628548000002
526.801499000002
526.9715050000019
527.151875000002
527.349635000002
