0.025476
0.118381
0.22220099999999998
0.349777
0.447559
0.541918
0.648459
0.751872
0.8571949999999999
0.9607249999999999
1.0585209999999998
1.1681869999999999
1.2683399999999998
1.3722679999999998
1.4713579999999997
1.5712009999999996
1.6762979999999996
1.7766089999999997
1.8828499999999997
2.0071749999999997
2.1145629999999995
2.2231669999999997
2.326866
2.435869
2.5424499999999997
2.6653969999999996
2.7737659999999997
2.8869049999999996
2.9908789999999996
3.0920659999999995
3.1980759999999995
3.3061209999999996
3.4132959999999994
3.5184679999999995
3.6253179999999996
3.7348519999999996
3.8527709999999997
3.9551329999999996
4.077382999999999
4.178546999999999
4.290756999999999
4.403859999999999
4.518554999999999
4.624616
4.756991999999999
4.865506999999999
4.972301999999999
5.085090999999999
5.207039999999999
5.312842999999999
5.411256999999999
5.514436999999999
5.627534999999999
5.755081999999999
5.863825999999999
5.958641999999998
6.065708999999998
6.167669999999998
6.271033999999998
6.373157999999998
6.471277999999998
6.5653359999999985
6.690471999999999
6.801199999999999
6.887712999999999
6.971535999999999
7.058923999999998
7.157950999999999
7.2438829999999985
7.314688999999999
7.394185999999999
7.474270999999999
7.567626999999999
7.662872999999999
7.743403999999999
7.825916999999999
7.912723999999999
8.009841999999999
8.092262999999999
8.192010999999999
8.291412
8.385150999999999
8.474452
8.571826999999999
8.659707999999998
8.757124
8.864125
8.959225
9.059502
9.152138
9.239924
9.335695
9.434806
9.540107
9.635944
9.733646
9.834225
9.931945
10.031199
10.136381
10.23846
10.340789
10.448521
10.553353999999999
10.662916999999998
10.770959999999999
10.883985
10.995944999999999
11.110924999999998
11.232186999999998
11.362962999999997
11.473886999999998
11.585432999999998
11.698567999999998
11.818153999999998
11.923303999999998
12.054395999999999
12.159697
12.265186
12.37369
12.483253
12.595550999999999
12.699119999999999
12.810215
12.921477999999999
13.028007999999998
13.137166999999998
13.251554999999998
13.364004999999999
13.478696999999999
13.590316999999999
13.696048999999999
13.797900999999998
13.902485999999998
14.006830999999998
14.109375999999997
14.210484999999997
14.316713999999997
14.426060999999997
14.537232999999997
14.641910999999997
14.751674999999997
14.858257999999998
14.962589999999997
15.078312999999996
15.173201999999996
15.282615999999996
15.392783999999995
15.498447999999996
15.609836999999997
15.715749999999996
15.824179999999997
15.928953999999997
16.041949999999996
16.149918999999997
16.260879999999997
16.370665999999996
16.487847999999996
16.604773999999995
16.720742999999995
16.837732999999997
16.955244999999998
17.076849
17.191634
17.308481
17.438818
17.559697
17.684025
17.800921
17.92014
18.042255
18.160493000000002
18.278778000000003
18.395219
18.517174
18.635697
18.761788
18.890787
19.034439
19.162765999999998
19.289832999999998
19.414533
19.555125
19.680534
19.804993000000003
19.92563
20.053710000000002
20.172666000000003
20.304315000000003
20.426714000000004
20.547575000000005
20.675586000000006
20.810089000000005
20.942321000000003
21.077176000000005
21.213871000000005
21.340724000000005
21.467128000000006
21.594291000000005
21.719425000000005
21.847791000000004
21.963282000000003
22.091363000000005
22.215331000000006
22.337183000000007
22.466589000000006
22.600773000000007
22.733036000000006
22.863018000000004
23.000871000000004
23.129892000000005
23.268188000000006
23.403478000000007
23.528216000000008
23.65204900000001
23.78127700000001
23.91261000000001
24.05436500000001
24.195813000000012
24.325462000000012
24.457344000000013
24.594749000000014
24.739426000000016
24.871150000000014
25.006425000000014
25.135971000000016
25.267764000000014
25.399268000000014
25.526901000000013
25.662093000000013
25.797100000000015
25.937382000000014
26.077744000000013
26.216097000000012
26.35226300000001
26.494441000000013
26.629783000000014
26.755099000000016
26.891604000000015
27.042302000000014
27.171304000000013
27.303644000000013
27.43424500000001
27.565854000000012
27.70357500000001
27.845390000000013
27.983564000000012
28.11645700000001
28.246749000000012
28.37739200000001
28.506644000000012
28.63459400000001
28.75737000000001
28.881768000000008
29.00146400000001
29.13557700000001
29.26049100000001
29.37572200000001
29.49386200000001
29.61679100000001
29.75895700000001
29.88221300000001
30.00847000000001
30.13384200000001
30.256775000000008
30.37930900000001
30.49831000000001
30.61683600000001
30.73914100000001
30.861125000000012
30.980779000000013
31.100752000000014
31.217338000000016
31.335341000000017
31.462339000000018
31.587795000000018
31.713948000000016
31.844877000000015
31.970798000000016
32.09935400000002
32.22103900000002
32.34453600000002
32.46839500000002
32.59149100000002
32.707267000000016
32.82368800000002
32.940055000000015
33.076568000000016
33.20736500000002
33.33025900000002
33.45238200000002
33.57764100000002
33.70346200000002
33.832553000000026
33.95360600000003
34.07737700000003
34.19840200000003
34.31489300000003
34.43257300000003
34.55763500000003
34.67692600000003
34.79800700000003
34.921311000000024
35.045689000000024
35.20258400000002
35.322326000000025
35.445930000000025
35.57109500000003
35.68673500000003
35.80458100000003
35.92227100000003
36.03531400000003
36.15328000000003
36.27539000000003
36.39561900000003
36.53335900000003
36.66415900000003
36.78445100000003
36.905550000000034
37.02339100000003
37.147841000000035
37.26549100000003
37.379700000000035
37.491678000000036
37.605379000000035
37.73256400000003
37.862285000000035
37.978336000000034
38.09569900000003
38.212134000000034
38.32863800000003
38.441527000000036
38.563454000000036
38.678041000000036
38.79633300000003
38.90581800000003
39.01453800000003
39.13120800000003
39.25130900000003
39.382783000000025
39.51417800000002
39.628322000000026
39.74342300000003
39.86131700000003
39.97614000000003
40.08819300000003
40.20173000000003
40.32626300000003
40.453395000000036
40.573454000000034
40.69931300000003
40.82532900000003
40.94265800000003
41.06926400000003
41.182069000000034
41.30033600000004
41.41378500000004
41.53476500000004
41.646472000000045
41.79030200000005
41.90942300000005
42.035606000000044
42.15392600000004
42.27574600000004
42.40963700000004
42.56815300000004
42.71786400000004
42.850647000000045
42.99110200000005
43.11872100000005
43.25125500000005
43.37815800000005
43.50503100000005
43.631758000000055
43.76592200000005
43.88576400000005
44.00838100000005
44.13190000000005
44.25535500000005
44.38260600000005
44.51269800000005
44.63069100000005
44.75741100000005
44.89083700000005
45.01788800000005
45.16936400000005
45.30074200000005
45.43544400000005
45.56608000000005
45.70534900000005
45.83370100000005
45.95739500000005
46.11553200000005
46.248065000000054
46.368860000000055
46.50094500000006
46.63365600000006
46.76276400000006
46.89377800000006
47.02659000000006
47.161293000000065
47.295535000000065
47.428437000000066
47.554068000000065
47.68346200000006
47.812714000000064
47.94064400000006
48.085932000000064
48.21069100000006
48.33813500000006
48.46531100000006
48.59374100000006
48.72054400000006
48.84838500000006
48.980585000000055
49.11175200000005
49.23480500000005
49.36502600000005
49.49779300000005
49.63334900000005
49.76634000000005
49.89594900000005
50.01702100000005
50.14404800000005
50.26260500000005
50.38119900000005
50.50234600000005
50.62844100000005
50.75135700000005
50.90102300000005
51.028017000000055
51.146640000000055
51.272642000000054
51.40208100000005
51.522256000000056
51.65267800000006
51.77855000000006
51.90712800000006
52.03815000000006
52.18185100000006
52.31507600000006
52.437393000000064
52.55407500000006
52.67103700000006
52.79363600000006
52.91376200000006
53.02654600000006
53.150796000000064
53.27189000000006
53.39735500000006
53.52280800000006
53.652918000000064
53.781900000000064
53.907178000000066
54.03377600000007
54.16726900000007
54.284773000000065
54.41277400000006
54.541930000000065
54.663128000000064
54.787863000000065
54.90631600000007
55.027988000000065
55.15127600000007
55.27490200000007
55.39373000000007
55.51458700000007
55.63402000000007
55.75708100000007
55.895366000000074
56.01628600000007
56.16968300000007
56.29365800000007
56.40725100000007
56.523084000000075
56.633787000000076
56.746905000000076
56.86041400000008
56.97544500000008
57.08648100000008
57.20129000000008
57.32040300000008
57.44417900000008
57.560016000000076
57.68600000000008
57.81338000000008
57.92742000000008
58.041444000000084
58.15639300000009
58.266433000000085
58.378501000000085
58.496606000000085
58.61067600000008
58.72215100000008
58.83511100000008
58.951563000000085
59.05620300000009
59.15784400000009
59.25776300000009
59.35681100000009
59.463441000000095
59.564013000000095
59.666769000000095
59.767735000000094
59.875024000000096
59.975469000000096
60.07237500000009
60.18099300000009
60.27487300000009
60.369866000000094
60.460798000000096
60.5644680000001
60.6787090000001
60.789576000000096
60.8962540000001
60.989538000000096
61.0830030000001
61.1788180000001
61.2666470000001
61.3499050000001
61.4447740000001
61.5523230000001
61.6508850000001
61.7366680000001
61.8242350000001
61.9309880000001
62.0403350000001
62.1328520000001
62.2194170000001
62.3084260000001
62.398197000000096
62.480544000000094
62.5790040000001
62.665491000000095
62.7578550000001
62.8651900000001
62.9636060000001
63.0708070000001
63.1673330000001
63.2638610000001
63.3673900000001
63.4638360000001
63.5700770000001
63.6689970000001
63.767600000000094
63.863739000000095
63.9634710000001
64.0610490000001
64.1648560000001
64.2638510000001
64.3634550000001
64.4730610000001
64.5940530000001
64.71105200000011
64.81761200000011
64.92224900000011
65.0333200000001
65.1371530000001
65.2413450000001
65.3429050000001
65.4343170000001
65.52858900000011
65.63208900000011
65.7249050000001
65.83515100000011
65.92899000000011
66.04510200000011
66.1420180000001
66.25068200000011
66.36750700000012
66.48661800000012
66.59054100000012
66.69667800000012
66.80109400000012
66.91171200000012
67.02567900000012
67.13794900000012
67.24974500000012
67.36242300000012
67.47461800000012
67.58147500000013
67.69263100000012
67.81126100000012
67.93177900000012
68.04866000000013
68.16257900000012
68.27418600000013
68.37440800000013
68.48499500000013
68.60105400000013
68.71905500000014
68.83746200000014
68.95642000000015
69.06679500000016
69.17381900000015
69.28385300000015
69.39393000000015
69.51704200000016
69.62548700000016
69.73717800000016
69.86196500000015
69.96811000000015
70.08317400000016
70.20154600000015
70.31953500000014
70.43109800000015
70.56805700000015
70.68290100000016
70.79572300000015
70.90270600000015
71.01846100000014
71.15049300000014
71.25910400000014
71.36347000000013
71.47072100000014
71.58155000000014
71.68722300000013
71.79506600000013
71.90276700000014
72.01692900000013
72.11333900000014
72.20770000000014
72.31135300000014
72.40647300000013
72.49960200000014
72.60633100000014
72.71803000000014
72.81219300000014
72.90286700000014
72.99205500000014
73.08826300000014
73.19111100000013
73.29454400000013
73.38912500000013
73.48945100000013
73.59977900000013
73.70936500000012
73.81036300000012
73.90904000000012
74.01794200000012
74.12718400000011
74.22180600000011
74.31580500000011
74.41199600000012
74.53123700000012
74.61987200000011
74.71614000000011
74.8163080000001
74.91817200000011
75.01944600000012
75.12212800000012
75.20799300000012
75.29593200000012
75.38629700000013
75.47191900000013
75.56368600000013
75.66884800000014
75.77405200000014
75.87116400000014
75.97358400000013
76.07336200000013
76.17418400000012
76.27447000000012
76.37061700000012
76.46949700000012
76.57150400000012
76.67480800000011
76.77903900000011
76.87909900000011
76.97562400000011
77.07859200000011
77.17469800000012
77.26806400000012
77.36495500000012
77.46300800000012
77.55472600000012
77.64550600000011
77.7381150000001
77.8446030000001
77.93746300000011
78.02821800000011
78.13492900000011
78.24383200000011
78.35469100000012
78.45792500000012
78.56664400000011
78.66677700000011
78.76531700000011
78.86154100000012
78.95770300000012
79.04598000000013
79.13432600000013
79.22158600000013
79.31525700000013
79.40562900000013
79.50082800000013
79.59325900000013
79.69303800000013
79.80739200000014
79.90076100000013
79.99688700000013
80.10351700000012
80.19932700000012
80.29599000000013
80.39176600000013
80.48447400000013
80.59794500000014
80.70142300000013
80.78589600000014
80.87067500000013
80.96375200000013
81.05371000000012
81.14194700000013
81.23257800000013
81.31738300000013
81.40448900000014
81.49024500000014
81.58258200000014
81.67384200000015
81.76484800000014
81.84704200000014
81.93961900000015
82.03311700000015
82.12132100000015
82.20468600000015
82.29152300000015
82.37514800000015
82.46262500000016
82.55745800000015
82.64581100000015
82.73592200000014
82.82550700000014
82.90957100000014
82.99112500000014
83.06846800000014
83.14693800000013
83.22069800000013
83.29663800000013
83.38252000000013
83.47613000000013
83.56473100000012
83.64529500000012
83.73182400000012
83.81904600000011
83.89947300000011
83.98575700000012
84.06607500000013
84.15523200000013
84.23982000000012
84.31752100000013
84.39278400000013
84.46798600000014
84.54974200000014
84.63210400000014
84.72271000000013
84.82301500000014
84.89866300000014
84.97710500000014
85.06040400000013
85.14872800000013
85.23985100000013
85.33219400000013
85.40834600000012
85.48786300000012
85.58797700000012
85.66327900000012
85.74728200000011
85.82978500000011
85.91957700000012
86.00768900000011
86.0997250000001
86.1977150000001
86.2880820000001
86.36995900000011
86.43942000000011
86.51917900000011
86.61370300000011
86.70365700000012
86.78404200000013
86.88350200000012
86.95646100000012
87.03272700000012
87.11663300000012
87.18658500000012
87.25876400000013
87.33268900000013
87.42698400000013
87.51289000000013
87.58207300000012
87.65055900000011
87.73124300000012
87.80176000000012
87.86584600000012
87.92958300000012
88.01315700000012
88.08814700000012
88.16050400000012
88.24599500000012
88.33804900000013
88.42445900000013
88.50164400000013
88.58450500000012
88.65512500000013
88.73540700000012
88.80781600000012
88.87919500000011
88.95377400000011
89.0580240000001
89.1377590000001
89.2116220000001
89.28523600000011
89.35582500000011
89.43440400000011
89.52688200000011
89.60831300000011
89.7000100000001
89.7686840000001
89.8486160000001
89.9461710000001
90.0155950000001
90.08155500000011
90.1603120000001
90.24033200000011
90.3156040000001
90.38851600000011
90.45683600000011
90.53079100000011
90.60711800000011
90.68119800000011
90.7570390000001
90.83871500000011
90.9154520000001
90.9945260000001
91.0705520000001
91.1469570000001
91.2172890000001
91.3029950000001
91.37835900000009
91.44917900000009
91.52966800000009
91.62631900000008
91.71358700000008
91.78627100000007
91.85689800000007
91.92886700000007
91.99982700000007
92.07012000000007
92.14236800000008
92.23069400000007
92.30913100000006
92.40606200000006
92.48707500000006
92.57419200000007
92.65180300000007
92.73031700000007
92.81215000000007
92.88446500000008
92.95570600000008
93.02180400000007
93.09090800000007
93.15852900000007
93.22543200000007
93.30080400000007
93.37423300000007
93.42603700000008
93.50208200000007
93.57230500000007
93.62102000000007
93.67947500000007
93.72698500000007
93.78785100000007
93.85448300000007
93.92329000000008
93.98573400000008
94.03728200000008
94.09176300000007
94.16563100000008
94.23188200000007
94.28397200000008
94.34848300000007
94.40536300000008
94.46846100000008
94.51456000000007
94.56888400000007
94.62731300000007
94.68991300000008
94.73836900000008
94.79020800000008
94.86530200000007
94.92178500000007
94.97661000000006
95.03652500000007
95.09725600000007
95.14887200000007
95.20809200000006
95.26868000000006
95.32045900000006
95.38417200000006
95.44555200000006
95.51947600000007
95.57904500000006
95.64333000000006
95.71908900000007
95.78536500000007
95.84152200000007
95.90983800000006
95.98634700000007
96.05487000000007
96.12541300000007
96.19850200000006
96.26880400000006
96.34704900000006
96.43785100000005
96.51025600000006
96.58667200000005
96.66148100000005
96.76500700000005
96.84735600000005
96.92743600000004
97.01083000000004
97.09136600000004
97.18626600000003
97.27003600000003
97.34850000000003
97.42434100000003
97.50619900000002
97.58326900000003
97.66853800000003
97.74618900000003
97.82284000000003
97.90739300000003
97.98448800000003
98.07990300000003
98.16221700000003
98.25049400000003
98.32590200000003
98.41484800000003
98.49615000000003
98.57977500000003
98.66107300000003
98.74107000000004
98.82564500000004
98.91536700000003
98.99781900000004
99.07629100000004
99.15305000000004
99.22830300000004
99.30747200000003
99.37905400000004
99.45898200000003
99.52941200000004
99.60362700000003
99.67300000000003
99.74499500000003
99.82014700000003
99.91153200000004
99.98765200000004
100.09396200000003
100.18153000000004
100.26561200000003
100.34130200000003
100.42177200000003
100.49370100000003
100.56905500000003
100.64733300000003
100.72030600000004
100.79391200000003
100.88003100000003
100.94685800000003
101.03681300000004
101.11201200000004
101.19627400000003
101.26977100000003
101.35171600000004
101.41950700000004
101.49224200000003
101.57184900000003
101.63596100000002
101.71350700000002
101.79484900000003
101.86760800000003
101.94366400000003
102.01936500000002
102.09511600000002
102.17415900000002
102.25059600000002
102.33205200000002
102.40527300000002
102.47244100000002
102.54846300000001
102.61408600000001
102.68269500000001
102.76386600000001
102.83083500000001
102.90412400000001
102.983231
103.051765
103.126681
103.18911700000001
103.256871
103.329413
103.40728200000001
103.478812
103.54605500000001
103.636244
103.700615
103.767853
103.848197
103.933033
103.998977
104.05989799999999
104.12493299999998
104.18767499999998
104.26853999999999
104.33266199999998
104.39693899999999
104.490563
104.563502
104.632475
104.706271
104.780663
104.84986
104.93422000000001
105.00731800000001
105.080205
105.154955
105.227808
105.316676
105.411546
105.486032
105.58465799999999
105.67754
105.764788
105.842151
105.925623
106.00900800000001
106.08896100000001
106.17218300000002
106.25449900000002
106.33928000000003
106.43324900000003
106.52017700000003
106.61221300000003
106.69823800000003
106.80785100000003
106.89083500000002
106.97563900000003
107.06144100000003
107.15461000000003
107.23896200000003
107.32413900000003
107.41398100000004
107.49669700000004
107.58714400000004
107.69881500000004
107.77964400000003
107.85761900000003
107.94169800000003
108.02326800000003
108.10012500000003
108.18307300000004
108.26563300000004
108.35100800000004
108.43628000000004
108.52305100000004
108.60586300000004
108.69528400000004
108.78309000000004
108.86560200000004
108.94727000000003
109.02223400000003
109.11484300000002
109.19926400000003
109.27830400000003
109.35352400000004
109.43748400000004
109.51685900000004
109.60203000000004
109.68321000000005
109.76606000000004
109.85078800000004
109.93605900000004
110.02124200000004
110.11824600000004
110.19486600000005
110.27829000000004
110.36544900000004
110.45074600000004
110.53830100000003
110.62005300000003
110.70358900000002
110.79222300000002
110.88388100000002
110.97658800000002
111.06352700000002
111.15887900000003
111.24837700000003
111.34417600000003
111.43877600000003
111.52302700000003
111.60778500000002
111.70253500000003
111.78518800000002
111.87479300000003
111.95965600000002
112.05509800000003
112.14444800000003
112.22925300000003
112.31041100000003
112.39720100000002
112.50173600000002
112.59158700000002
112.68241600000002
112.76852500000001
112.86171300000001
112.961065
113.06758400000001
113.16095200000001
113.24531100000002
113.32974600000001
113.41410300000001
113.527803
113.613211
113.708015
113.790366
113.885704
113.975204
114.060607
114.14187100000001
114.22718400000001
114.31104500000001
114.40170400000001
114.49195200000001
114.58690400000002
114.69569200000002
114.78904300000002
114.88354200000002
114.97102100000002
115.05898500000002
115.15136400000002
115.24042200000001
115.33265700000001
115.42596000000002
115.52751700000002
115.61726000000002
115.71251400000001
115.80810100000001
115.89392000000001
115.97699300000001
116.076515
116.168106
116.25526099999999
116.34346699999999
116.427432
116.514774
116.614093
116.70531199999999
116.798885
116.88647
116.989382
117.08091
117.168334
117.261114
117.35282600000001
117.44249900000001
117.542302
117.634923
117.736296
117.823897
117.912318
118.007963
118.11087400000001
118.206899
118.297633
118.38386100000001
118.490683
118.575449
118.664834
118.758715
118.848783
118.93595499999999
119.026614
119.121434
119.21491999999999
119.30965499999999
119.40382
119.487935
119.58358399999999
119.69444999999999
119.78575999999998
119.87782299999998
119.96555799999997
120.05803199999997
120.14962699999997
120.24136999999996
120.33346899999997
120.42301199999997
120.51124199999997
120.60282399999997
120.70265799999997
120.80278999999997
120.89858599999998
120.98639799999998
121.07271099999998
121.15603999999999
121.23717799999999
121.31881599999998
121.41575299999998
121.50499999999998
121.59534199999999
121.69179299999999
121.77905499999999
121.86663399999999
121.96421
122.044473
122.13753899999999
122.23413799999999
122.32538499999998
122.41137699999999
122.49658699999999
122.58602599999999
122.678677
122.76938799999999
122.86898
122.961283
123.05032999999999
123.14030799999999
123.24294099999999
123.33077399999999
123.41530099999999
123.51057499999999
123.60045199999999
123.685481
123.773826
123.864425
123.95450199999999
124.04964999999999
124.14806599999999
124.24530899999999
124.34168999999999
124.42679099999998
124.51965399999997
124.60713699999998
124.68717799999997
124.77858199999997
124.86329399999997
124.96035899999997
125.06205299999996
125.14925799999996
125.24719399999996
125.32881799999997
125.42413899999997
125.53193099999997
125.61684599999997
125.70839799999996
125.79755399999996
125.87575799999996
125.95755199999996
126.03898399999997
126.12405099999997
126.21244499999996
126.31169999999996
126.38708199999996
126.47289799999996
126.58470599999995
126.66470399999996
126.75205199999996
126.83870599999996
126.93537799999996
127.04013499999996
127.12613399999996
127.20985299999997
127.28635499999997
127.36124999999997
127.44082699999997
127.53699599999997
127.61116299999998
127.69151099999998
127.77204399999998
127.84740399999998
127.92649499999999
128.042126
128.132923
128.208177
128.303651
128.38254
128.46351
128.570029
128.657844
128.75332
128.84676
128.938743
129.01754599999998
129.103502
129.199489
129.297552
129.389735
129.478308
129.571611
129.660983
129.76088199999998
129.85786
129.942188
130.02643899999998
130.109322
130.20956999999999
130.29277599999998
130.38478999999998
130.493632
130.577375
130.67527299999998
130.76137199999997
130.85468499999996
130.93749299999996
131.01989099999997
131.11864599999998
131.20823199999998
131.297128
131.392427
131.475929
131.564831
131.654145
131.762676
131.858251
131.951648
132.041513
132.13316
132.226314
132.321257
132.419987
132.51371799999998
132.615559
132.720207
132.819246
132.916077
133.014282
133.104682
133.193282
133.288095
133.379999
133.474119
133.563911
133.669667
133.766075
133.892354
133.9855
134.106925
134.204142
134.329589
134.425783
134.513612
134.60797499999998
134.711213
134.802754
134.898746
134.99954699999998
135.11323799999997
135.20982899999996
135.30915599999994
135.40026599999993
135.50609599999993
135.61759399999994
135.72483499999993
135.82169399999992
135.93049399999992
136.02138599999992
136.1180209999999
136.2333639999999
136.33102599999992
136.4176999999999
136.5072949999999
136.61708599999992
136.70298699999992
136.78869899999992
136.89144599999992
136.9946199999999
137.0839489999999
137.1766009999999
137.2704859999999
137.36412799999988
137.4676009999999
137.57302899999988
137.67180999999988
137.76514299999988
137.89861099999987
137.9828999999999
138.0768599999999
138.1640319999999
138.2642699999999
138.3686939999999
138.4668979999999
138.5608519999999
138.6622519999999
138.7534469999999
138.8484629999999
138.9421459999999
139.0320519999999
139.12335499999992
139.2213169999999
139.3092059999999
139.4215859999999
139.5145699999999
139.6060349999999
139.6999789999999
139.7870919999999
139.88088799999989
139.9710649999999
140.0653609999999
140.16000799999992
140.24978099999993
140.34046799999993
140.43416299999993
140.52522599999992
140.6184629999999
140.7168369999999
140.8158809999999
140.9240679999999
141.0341089999999
141.13748699999988
141.23739899999987
141.33652799999987
141.43657999999988
141.53363299999987
141.62784699999986
141.72830199999987
141.83032299999988
141.93264899999988
142.02412999999987
142.12608299999988
142.23839899999987
142.33322499999989
142.4332409999999
142.5306529999999
142.6287099999999
142.7228509999999
142.8203549999999
142.9168609999999
143.0092129999999
143.1029039999999
143.19658399999992
143.2955709999999
143.3857079999999
143.48010599999992
143.57575299999993
143.66691999999995
143.76009499999995
143.85311499999995
143.94407199999995
144.03572199999994
144.12760499999993
144.22608299999993
144.32359699999992
144.41980299999992
144.52090099999992
144.6190009999999
144.7224439999999
144.82301299999992
144.9450319999999
145.0503009999999
145.1698959999999
145.27648599999992
145.3715459999999
145.4728039999999
145.61034299999992
145.7060779999999
145.8007159999999
145.8940999999999
146.0027059999999
146.1067249999999
146.2091909999999
146.31634199999988
146.41046699999987
146.51251299999987
146.60205199999987
146.69976399999987
146.79036399999987
146.88358699999986
146.99500599999988
147.08757699999987
147.17808199999988
147.2700709999999
147.35753199999988
147.4528319999999
147.5453959999999
147.6488909999999
147.7452759999999
147.8419009999999
147.93336899999989
148.02641299999988
148.11392499999988
148.20662799999988
148.3036489999999
148.3923649999999
148.4834709999999
148.5727889999999
148.69119499999988
148.77687199999988
148.87153799999987
148.97105799999989
149.0746989999999
149.1739639999999
149.2593409999999
149.3551599999999
149.4419289999999
149.5268719999999
149.6148609999999
149.7012149999999
149.7873119999999
149.8726879999999
149.9804499999999
150.0738299999999
150.1867599999999
150.2728309999999
150.3640059999999
150.4497819999999
150.54681499999992
150.6336579999999
150.72183099999992
150.8037089999999
150.8956149999999
150.9840889999999
151.0700159999999
151.1715319999999
151.2639769999999
151.3458259999999
151.43094799999992
151.5207269999999
151.6090309999999
151.6963759999999
151.7796959999999
151.8679379999999
151.9522829999999
152.03812699999992
152.13250199999993
152.23221599999994
152.32942499999993
152.41594399999994
152.49998799999995
152.58569899999995
152.68953999999994
152.78229799999994
152.87103299999995
152.95710099999997
153.04107799999997
153.14819099999997
153.23725699999997
153.32329399999998
153.40797099999997
153.496132
153.582346
153.672156
153.762722
153.848911
153.93002299999998
154.017126
154.103626
154.191213
154.296007
154.381319
154.477376
154.583136
154.67060999999998
154.760934
154.845326
154.935429
155.020181
155.112337
155.210573
155.296681
155.383415
155.46951800000002
155.55801100000002
155.640239
155.733538
155.82225300000002
155.904557
156.00613
156.09127
156.17435500000002
156.26032300000003
156.34392100000002
156.43400200000002
156.51383300000003
156.59730300000004
156.68867800000004
156.77063100000004
156.85744400000004
156.94579600000003
157.03900900000002
157.12258400000002
157.20696700000002
157.30846400000001
157.396722
157.480242
157.578314
157.664391
157.754434
157.846692
157.94163799999998
158.03119299999997
158.11783099999997
158.20334199999996
158.29706299999995
158.38931999999994
158.48036199999993
158.57236799999993
158.66099999999992
158.7497759999999
158.8513749999999
158.9414899999999
159.0297839999999
159.1142929999999
159.2056769999999
159.3006879999999
159.3877479999999
159.48303499999992
159.57017499999992
159.65662799999993
159.74403199999992
159.84291599999992
159.92701799999992
160.0193189999999
160.10717599999992
160.1911259999999
160.2790269999999
160.3681709999999
160.4542789999999
160.5371099999999
160.6200219999999
160.7053599999999
160.7972349999999
160.8831679999999
160.9687929999999
161.0542529999999
161.1398229999999
161.2320409999999
161.3166969999999
161.4121089999999
161.5044909999999
161.60163099999988
161.68984799999987
161.77451299999987
161.85923599999987
161.94457599999987
162.03966899999986
162.12720099999987
162.21275599999987
162.29934299999988
162.38551699999988
162.46848799999987
162.55634499999988
162.64176299999988
162.72798599999987
162.8137719999999
162.90032199999987
162.9841049999999
163.0710299999999
163.1526679999999
163.2416649999999
163.3313889999999
163.4173679999999
163.5035329999999
163.58927099999988
163.68323699999988
163.7780959999999
163.86482699999988
163.95134199999987
164.03865699999986
164.12556299999986
164.20678999999987
164.29360999999986
164.37644099999986
164.46451699999986
164.57506699999985
164.67117199999984
164.76333799999983
164.85361199999983
164.93830999999983
165.02954799999983
165.11121399999985
165.19450499999985
165.29884299999986
165.39780699999986
165.47981799999985
165.56405599999985
165.64842899999985
165.73354499999985
165.83081699999985
165.91723799999986
166.01769699999986
166.10976899999986
166.20405599999987
166.29080899999985
166.38309199999986
166.46951799999985
166.55525699999984
166.64133199999984
166.72944599999983
166.83187199999983
166.91689199999982
167.00106399999981
167.0821999999998
167.1690189999998
167.25077199999978
167.3379919999998
167.42538599999978
167.51107699999977
167.60176599999977
167.68827199999978
167.7796119999998
167.8834679999998
167.9664529999998
168.0544489999998
168.14131699999982
168.2348579999998
168.3193219999998
168.4017719999998
168.4921819999998
168.5895739999998
168.6766619999998
168.77238599999978
168.87037399999977
168.95982899999976
169.04957899999977
169.13310199999978
169.2216809999998
169.30940199999978
169.4014249999998
169.4986859999998
169.5865149999998
169.6731499999998
169.7684209999998
169.8512919999998
169.95217399999981
170.03621699999982
170.1254349999998
170.21014199999982
170.29638999999983
170.38257799999982
170.46375499999982
170.55067799999983
170.65279699999982
170.7377249999998
170.82280399999982
170.90802199999982
170.9950869999998
171.09394499999982
171.1770379999998
171.2664249999998
171.3505089999998
171.44030099999978
171.52719399999978
171.62012399999978
171.70323399999978
171.79162399999979
171.88051199999978
171.98428599999977
172.07472699999977
172.16135799999978
172.25295099999977
172.33779199999978
172.42512799999977
172.52700499999978
172.6274819999998
172.71301899999978
172.80223299999977
172.88892199999978
172.99290899999977
173.08732399999977
173.18257399999976
173.26949099999976
173.36574699999977
173.45389799999978
173.5418799999998
173.63066899999978
173.7188119999998
173.8068489999998
173.8950739999998
173.9878549999998
174.0910689999998
174.17281499999982
174.26568399999982
174.35017099999982
174.44082199999983
174.53543999999982
174.62520299999983
174.71838999999983
174.80620199999984
174.89942599999983
174.99440299999983
175.08888799999983
175.18100799999982
175.27252599999983
175.35872699999982
175.44893799999983
175.55295399999983
175.64384999999982
175.7339129999998
175.8259679999998
175.92566599999978
176.02429499999977
176.11597999999978
176.21536399999977
176.31030999999976
176.40635899999975
176.49717699999977
176.58946299999977
176.68250999999978
176.77095899999978
176.86677099999977
176.96239299999976
177.05355299999977
177.14156299999976
177.23142499999977
177.32994199999976
177.42549899999977
177.51955299999977
177.6176659999998
177.7113929999998
177.8015739999998
177.89736599999978
177.98654499999978
178.08154799999977
178.17620499999978
178.2692769999998
178.3627429999998
178.45911999999979
178.55440199999978
178.64441799999977
178.73795699999977
178.83680699999977
178.93244999999976
179.02549399999975
179.11819499999976
179.22419199999976
179.31374599999975
179.40522799999977
179.49790599999977
179.59879699999976
179.69070299999976
179.78269999999975
179.88421899999975
179.97380799999974
180.06360499999974
180.15475299999974
180.24816199999975
180.33873699999975
180.43517799999975
180.53045299999974
180.62584799999973
180.73191099999974
180.82135999999974
180.93146399999975
181.03400899999974
181.12886399999974
181.22683499999974
181.31925699999974
181.41330899999974
181.50705899999974
181.60037099999974
181.69156499999974
181.79463799999974
181.88871399999974
181.98677599999974
182.09018799999973
182.19273599999974
182.29704899999973
182.40710699999974
182.50380099999975
182.60225499999976
182.69844399999977
182.80774899999977
182.90185799999978
182.99942499999977
183.09793699999977
183.19621199999978
183.29290399999977
183.39234299999976
183.48926799999975
183.58757999999975
183.69232299999976
183.80212499999976
183.90418999999977
184.00293799999977
184.09901699999978
184.20730099999977
184.31327399999978
184.41315899999978
184.5191399999998
184.6178399999998
184.7300279999998
184.8227469999998
184.9234419999998
185.0220839999998
185.1407489999998
185.2363259999998
185.3435939999998
185.4376459999998
185.5365699999998
185.6386849999998
185.74696399999982
185.88564799999983
185.99368599999983
186.09638899999982
186.2117109999998
186.30522199999982
186.3981979999998
186.4932679999998
186.5922589999998
186.7095169999998
186.8244759999998
186.9231099999998
187.02788699999982
187.11865399999982
187.23147199999983
187.33604599999984
187.44281199999983
187.57053099999985
187.69586199999983
187.80217999999982
187.9274429999998
188.0551349999998
188.2161169999998
188.3169219999998
188.4349809999998
188.5507449999998
188.6556979999998
188.7669789999998
188.8649949999998
188.9784369999998
189.10214799999977
189.23135399999978
189.33167899999978
189.4551789999998
189.56195499999978
189.67732199999978
189.79957699999977
189.91614199999978
190.01590699999977
190.13058899999976
190.24019699999977
190.34484499999976
190.44851999999977
190.54797999999977
190.65989599999978
190.75473199999976
190.89667799999975
190.99889399999975
191.11370399999976
191.22412499999976
191.32949099999976
191.44306499999976
191.53821599999975
191.63453199999975
191.73772499999976
191.84432099999975
191.93724099999974
192.03316199999975
192.12998199999976
192.22693399999974
192.32944299999974
192.44281499999974
192.54843299999973
192.64758599999973
192.75182299999975
192.85396799999975
192.95523699999976
193.05204199999974
193.14342499999975
193.24339699999976
193.35241299999976
193.47254199999975
193.56880799999976
193.65505399999975
193.76944499999976
193.86840399999977
193.96702199999976
194.05844999999977
194.16385299999976
194.26664999999977
194.35296899999977
194.44269999999977
194.54519799999977
194.6578319999998
194.75622399999978
194.87270099999978
194.96846699999978
195.09911599999978
195.21227399999978
195.3307069999998
195.4573959999998
195.55539399999978
195.65167599999978
195.7585029999998
195.8962749999998
195.9995529999998
196.1028449999998
196.22996799999981
196.33899399999981
196.44444999999982
196.57013799999982
196.68060499999982
196.78497899999982
196.89013899999983
197.00067499999983
197.10179699999983
197.21370999999982
197.31706499999981
197.4282129999998
197.5198799999998
197.6233869999998
197.7239149999998
197.8544299999998
197.9687299999998
198.0613569999998
198.16684199999978
198.2514909999998
198.35232299999979
198.4408929999998
198.5373289999998
198.6362699999998
198.7232229999998
198.8269309999998
198.9203539999998
199.0276789999998
199.1323649999998
199.2158229999998
199.2997179999998
199.38745299999982
199.49455999999984
199.57470399999983
199.65740399999981
199.7420809999998
199.84053399999982
199.94063999999983
200.03798499999982
200.1301189999998
200.2102949999998
200.30849799999982
200.38622399999983
200.49513599999983
200.59681899999984
200.67200899999983
200.76322499999984
200.84626699999984
200.92536699999985
201.00553899999986
201.10270299999985
201.18787699999984
201.27938199999986
201.36384199999986
201.45763499999987
201.56474399999988
201.6599079999999
201.7361139999999
201.8163819999999
201.8962199999999
201.97768099999988
202.07176299999986
202.15597799999986
202.28296699999987
202.37763899999987
202.46337699999987
202.54721699999988
202.64739899999987
202.74672499999986
202.84390499999986
202.94987699999987
203.04040499999988
203.13352699999987
203.23537199999987
203.32155099999986
203.40755699999985
203.51195699999985
203.64262799999986
203.77445999999986
203.88473499999986
203.99397299999987
204.09684399999986
204.20125699999986
204.30511399999986
204.40747599999986
204.50273099999987
204.59677099999988
204.69784199999987
204.79460199999986
204.89410899999984
204.99403899999984
205.09648099999984
205.19904799999983
205.29678699999982
205.38402799999983
205.48292699999982
205.5807429999998
205.68768599999981
205.79016899999982
205.9029829999998
205.9974239999998
206.1024549999998
206.2027969999998
206.31281999999982
206.42106399999983
206.52693199999982
206.6344319999998
206.7455729999998
206.8528679999998
206.9690149999998
207.09416899999982
207.22779899999983
207.34180499999982
207.45493799999983
207.55946499999982
207.6705989999998
207.77943099999982
207.8901359999998
208.01261099999982
208.12126399999983
208.23606099999984
208.33955499999985
208.44805799999986
208.55532799999986
208.65560099999985
208.75898499999985
208.86392399999986
208.97828399999986
209.07735599999987
209.19294599999986
209.29968699999986
209.40981799999986
209.50967699999987
209.62071499999988
209.72503899999987
209.83653199999986
209.95508499999985
210.06589599999987
210.18797999999987
210.31976599999987
210.43622699999986
210.55791199999987
210.67829899999987
210.80917599999987
210.93298699999986
211.06098399999985
211.18581999999984
211.32262799999984
211.45079599999983
211.60668899999982
211.7383109999998
211.8534099999998
211.9712239999998
212.08954299999982
212.20634299999983
212.32524899999984
212.44937699999986
212.57010299999985
212.68519499999985
212.80784099999985
212.92795299999986
213.04835499999987
213.18356199999988
213.32725099999988
213.46279599999988
213.58731199999988
213.71607499999988
213.81962899999988
213.93082899999987
214.05325999999988
214.1711289999999
214.2931479999999
214.4177049999999
214.5464339999999
214.67083099999988
214.79651199999986
214.89962599999987
215.01137899999986
215.12873699999986
215.25324099999986
215.37075999999985
215.48827499999985
215.60112799999985
215.72227599999985
215.84685099999984
216.00174399999983
216.12917099999984
216.25034899999983
216.36774499999984
216.51750999999985
216.62883299999984
216.74783099999985
216.88448299999985
217.00736999999984
217.14294299999983
217.29599499999983
217.44365199999984
217.58518999999984
217.71965799999984
217.84103099999984
217.96367799999985
218.09093499999983
218.20704599999982
218.3326369999998
218.4711479999998
218.6003249999998
218.7212959999998
218.8432599999998
218.9684469999998
219.0861069999998
219.2068899999998
219.3329919999998
219.45360699999978
219.57024299999978
219.71085399999978
219.87015799999978
220.02462999999977
220.16719399999977
220.32275899999976
220.44544499999975
220.58835099999976
220.72905299999977
220.85128499999976
220.97317999999976
221.07794499999974
221.18430099999975
221.29195599999974
221.41979199999975
221.52355999999975
221.62855899999974
221.73214399999975
221.82918399999974
221.94358499999973
222.03765499999972
222.15043699999973
222.25603899999973
222.35369699999973
222.45236099999974
222.54795999999973
222.64985399999972
222.7568249999997
222.8642519999997
222.9617979999997
223.0920699999997
223.2229689999997
223.32720299999968
223.44994299999968
223.55597399999968
223.6636219999997
223.81063399999968
223.92148199999968
224.0334309999997
224.1390479999997
224.2445969999997
224.3522219999997
224.4512979999997
224.54760899999968
224.65190599999968
224.7623609999997
224.9187089999997
225.0170819999997
225.1277329999997
225.2395349999997
225.3411179999997
225.45732099999972
225.56281299999972
225.66656199999971
225.76934799999972
225.88494799999972
225.99372599999973
226.10459599999973
226.21367899999973
226.32116899999974
226.43480099999974
226.54135499999973
226.66741399999972
226.76384899999974
226.87111999999973
226.97342499999974
227.07811599999974
227.18269299999974
227.29042999999973
227.39755499999973
227.49754999999973
227.59439699999973
227.71131499999973
227.81683699999974
227.91770699999972
228.0196109999997
228.12080099999972
228.2224329999997
228.32817799999972
228.42228399999973
228.52003799999974
228.63877999999974
228.73907199999974
228.85140899999973
228.95532499999973
229.06009199999974
229.16301799999974
229.26120899999975
229.37776799999975
229.48071999999974
229.58555199999972
229.70649799999973
229.81542099999973
229.91443599999974
230.02031799999975
230.12751499999976
230.22531599999976
230.32837399999977
230.44223299999976
230.54637199999976
230.68515699999978
230.7909359999998
230.9149969999998
231.0238059999998
231.1273399999998
231.23591099999982
231.35211399999983
231.48312299999984
231.59565299999983
231.71302399999982
231.83329499999982
231.9454089999998
232.06151399999982
232.16719499999982
232.27006099999983
232.37573199999983
232.48936699999982
232.6094739999998
232.7239139999998
232.84493599999982
232.9665739999998
233.0856019999998
233.2023919999998
233.3259189999998
233.4486789999998
233.5587069999998
233.6693649999998
233.7900689999998
233.9001369999998
234.0250299999998
234.1363289999998
234.2458379999998
234.3625299999998
234.4766509999998
234.5947409999998
234.7188599999998
234.8357869999998
234.9595169999998
235.08102199999982
235.1985399999998
235.3324259999998
235.4473949999998
235.5767599999998
235.6852389999998
235.8055539999998
235.9197699999998
236.0309989999998
236.1507329999998
236.29994199999982
236.4529649999998
236.5774039999998
236.7150369999998
236.8386659999998
236.95658799999978
237.08206399999978
237.19857299999978
237.3292319999998
237.4561859999998
237.5843349999998
237.7059399999998
237.8244109999998
237.9457029999998
238.08462299999982
238.2137819999998
238.3396159999998
238.47085899999982
238.58725899999982
238.71723399999982
238.8390529999998
238.9623859999998
239.08689799999982
239.21744699999982
239.33348699999982
239.4544279999998
239.57023699999982
239.6963999999998
239.8211349999998
239.9486259999998
240.08955999999978
240.21466499999977
240.35138599999976
240.48118899999977
240.62648099999979
240.76252599999978
240.88677299999978
241.01225899999977
241.13362399999977
241.25766699999977
241.37604499999978
241.50553999999977
241.63544499999978
241.77817399999978
241.9100029999998
242.0527059999998
242.1950329999998
242.3336329999998
242.4768899999998
242.61541499999979
242.7444749999998
242.8769619999998
243.0013669999998
243.1294129999998
243.2616589999998
243.3909589999998
243.5164239999998
243.6453069999998
243.7744699999998
243.9025679999998
244.0272569999998
244.1550459999998
244.2865699999998
244.41960699999981
244.5587829999998
244.6834009999998
244.8258409999998
244.9544949999998
245.0772229999998
245.1945619999998
245.31187699999978
245.4367739999998
245.56044899999978
245.68089399999977
245.80040699999978
245.9151489999998
246.0438159999998
246.1633549999998
246.2987779999998
246.4217059999998
246.5384639999998
246.66580099999982
246.8201759999998
246.94343699999982
247.06343799999982
247.21472999999983
247.34317199999984
247.46040799999983
247.59119499999983
247.70714599999982
247.82397699999981
247.94425899999982
248.0620799999998
248.17721499999982
248.28780099999983
248.39602599999984
248.50742699999984
248.62470699999983
248.74158499999984
248.85395999999983
248.96952899999982
249.0941279999998
249.2142779999998
249.3284179999998
249.4434399999998
249.56456599999981
249.6845599999998
249.7916379999998
249.92419999999981
250.0397109999998
250.1495629999998
250.2638319999998
250.37281899999982
250.4884449999998
250.60604499999982
250.71820099999982
250.82415499999982
250.9289289999998
251.0392599999998
251.15176199999982
251.26153299999982
251.3783159999998
251.4884349999998
251.6018669999998
251.7204069999998
251.8449239999998
251.9802539999998
252.1203169999998
252.2405039999998
252.35721199999978
252.46877899999978
252.5820239999998
252.7097919999998
252.83010299999978
252.9590719999998
253.0718109999998
253.1979879999998
253.32209699999981
253.4426779999998
253.5765829999998
253.6966859999998
253.8176899999998
253.9362839999998
254.0506529999998
254.1757139999998
254.2979199999998
254.4250919999998
254.5544939999998
254.67595499999982
254.80331599999982
254.92892799999981
255.0606959999998
255.1847049999998
255.31893299999982
255.44857899999982
255.5788749999998
255.73206999999982
255.85739499999983
255.98734099999982
256.1094259999998
256.2459419999998
256.3784369999998
256.5123419999998
256.6582349999998
256.79300199999983
256.93508999999983
257.07473999999985
257.21836499999984
257.3810349999998
257.5146449999998
257.6580679999998
257.80878899999976
257.93978199999975
258.09353399999975
258.22476199999977
258.36312299999975
258.5015039999997
258.66776899999974
258.80528599999974
258.95926599999973
259.10012799999976
259.24514799999974
259.38209499999977
259.5267889999998
259.65857699999975
259.80710099999976
259.93952999999976
260.07163199999974
260.19702899999976
260.3289579999998
260.4652799999998
260.58499299999977
260.71574399999975
260.85056599999973
260.97708799999975
261.1073259999998
261.2365779999998
261.44666799999976
261.58081099999976
261.70885799999974
261.84380899999974
261.99247099999974
262.12467099999975
262.26801399999977
262.3828489999998
262.4989109999998
262.6117279999998
262.7208789999998
262.8360599999998
262.9479559999998
263.0607699999998
263.1829769999998
263.3093329999998
263.4170239999998
263.5439259999998
263.66350699999975
263.79055499999976
263.9098509999998
264.0429049999998
264.1642059999998
264.2773949999998
264.4004739999998
264.5136249999998
264.6272529999998
264.74105999999983
264.85725799999983
264.97012099999984
265.07965399999983
265.18948099999983
265.29894399999984
265.44340799999986
265.5609259999999
265.67433999999986
265.7935029999999
265.90315599999985
266.01500599999986
266.1324079999999
266.2485509999999
266.3652029999999
266.4739239999999
266.5802359999999
266.6851269999999
266.8038489999999
266.9092479999999
267.0238579999999
267.1365219999999
267.2474469999999
267.3507079999999
267.4707099999999
267.5846369999999
267.6917499999999
267.7895779999999
267.8922839999999
267.9940099999999
268.1046369999999
268.2105389999999
268.30704799999995
268.40725599999996
268.51496099999997
268.662606
268.76811799999996
268.87085799999994
268.97134099999994
269.07857499999994
269.18840199999994
269.29689899999994
269.41059199999995
269.52151599999996
269.63231399999995
269.748254
269.855303
269.966014
270.079637
270.183627
270.291426
270.400768
270.509205
270.633788
270.75190899999996
270.871949
271.03691499999996
271.16739199999995
271.29861199999993
271.4466939999999
271.62723399999993
271.7480269999999
271.86221399999994
271.98831499999994
272.10434699999996
272.22452899999996
272.35325499999993
272.50585399999994
272.60556299999996
272.72326
272.82124699999997
272.92154899999997
273.018921
273.118586
273.310388
273.420709
273.53360699999996
273.64165499999996
273.74583699999994
273.8528749999999
273.9678889999999
274.0892739999999
274.23886999999985
274.3539049999998
274.46208399999983
274.57412799999986
274.68910599999987
