0.019329
0.14223
0.23486200000000002
0.3346
0.443863
0.528127
0.6268
0.72065
0.829128
0.930029
1.031201
1.1260700000000001
1.215939
1.314899
1.413438
1.52241
1.64106
1.7655349999999999
1.8720569999999999
1.9859429999999998
2.1046839999999998
2.202508
2.316448
2.426967
2.5366009999999997
2.6434739999999994
2.7511779999999995
2.8625329999999996
2.9774849999999997
3.0935689999999996
3.1976709999999997
3.3072319999999995
3.4001739999999994
3.5251839999999994
3.6375549999999994
3.7679299999999993
3.8909449999999994
4.007207999999999
4.134226999999999
4.272264999999999
4.388482999999999
4.518654999999999
4.638754999999999
4.7442319999999985
4.8829889999999985
5.002093999999999
5.133088999999999
5.245676999999999
5.377785999999999
5.482995999999998
5.5946989999999985
5.723074999999999
5.851659999999999
5.986908999999999
6.113561999999999
6.234839999999999
6.345533
6.469189999999999
6.575112999999999
6.692499999999999
6.805145999999999
6.913396999999999
7.032502999999999
7.142689999999999
7.252914999999999
7.369570999999999
7.482303999999999
7.595791999999999
7.711123
7.816344
7.92416
8.033056
8.135206
8.245615
8.368595000000001
8.47574
8.574029
8.688602
8.807891
8.91133
9.023425999999999
9.141322999999998
9.254048999999998
9.385430999999999
9.513205
9.62849
9.747631
9.863112000000001
9.964232
10.082051000000002
10.205007000000002
10.333926000000002
10.451881000000002
10.572328000000002
10.678544000000002
10.806101000000002
10.919498000000003
11.042967000000003
11.156805000000002
11.258413000000003
11.380493000000003
11.502393000000003
11.620269000000004
11.721832000000004
11.833868000000004
11.946931000000005
12.053302000000004
12.158528000000004
12.261023000000003
12.370926000000003
12.462111000000002
12.563057000000002
12.671793000000003
12.760910000000003
12.859028000000002
12.978275000000002
13.076464000000001
13.187281000000002
13.296385000000003
13.407519000000002
13.514613000000002
13.629703000000003
13.750248000000003
13.863619000000003
13.980425000000004
14.090564000000004
14.209592000000004
14.322854000000005
14.436093000000005
14.547433000000005
14.678469000000005
14.803169000000006
14.932021000000006
15.050256000000006
15.162035000000007
15.273303000000007
15.399702000000007
15.515611000000007
15.622924000000006
15.740540000000006
15.883988000000006
15.997355000000006
16.111659000000007
16.22400100000001
16.35593500000001
16.47053100000001
16.588079000000008
16.712314000000006
16.831036000000005
16.938778000000006
17.074230000000007
17.20973800000001
17.33546100000001
17.44824800000001
17.55848800000001
17.67742500000001
17.79119300000001
17.91286500000001
18.02344700000001
18.14963200000001
18.263950000000012
18.37921600000001
18.50028700000001
18.628371000000012
18.74251400000001
18.85441300000001
18.97301900000001
19.085865000000013
19.19241900000001
19.30032100000001
19.41569300000001
19.515001000000012
19.623357000000013
19.737981000000012
19.843226000000012
19.958000000000013
20.091030000000014
20.213078000000014
20.326807000000013
20.431333000000013
20.552584000000014
20.685904000000015
20.800442000000015
20.906297000000013
21.012776000000013
21.122209000000012
21.23348700000001
21.34375300000001
21.45395300000001
21.55560100000001
21.67042000000001
21.75810900000001
21.85298900000001
21.974665000000012
22.092426000000014
22.201061000000013
22.296374000000014
22.396313000000013
22.508801000000012
22.61393400000001
22.73172000000001
22.83066000000001
22.93277500000001
23.02394200000001
23.112811000000008
23.21262400000001
23.30039600000001
23.39269600000001
23.52987800000001
23.61311000000001
23.70247100000001
23.79215000000001
23.89588000000001
24.00412300000001
24.10592800000001
24.20183700000001
24.290222000000007
24.39386100000001
24.48187400000001
24.57747700000001
24.67495300000001
24.771283000000007
24.859084000000006
24.946871000000005
25.044442000000004
25.142668000000004
25.224494000000004
25.310602000000003
25.406106
25.507472
25.599429
25.698438
25.788006
25.892045
25.985474
26.075948
26.165261
26.251540000000002
26.33799
26.431551000000002
26.528522000000002
26.619164
26.724383000000003
26.818024000000005
26.910926000000003
27.000191000000004
27.092031000000006
27.186915000000006
27.278926000000006
27.370981000000004
27.479017000000002
27.565114
27.658444000000003
27.740493000000004
27.833798000000005
27.919491000000004
28.007908000000004
28.083906000000002
28.185892000000003
28.279297000000003
28.383669000000005
28.455247000000004
28.535875000000004
28.605155000000003
28.670187000000002
28.761522000000003
28.831000000000003
28.898210000000002
28.962509
29.044383
29.121719
29.186453999999998
29.263022999999997
29.339260999999997
29.402758999999996
29.480292999999996
29.553420999999997
29.646125999999995
29.715458999999996
29.793946999999996
29.876135999999995
29.960517999999997
30.043703999999998
30.117413
30.190799
30.264608
30.330050999999997
30.393393999999997
30.458828999999998
30.526006
30.601101999999997
30.669835
30.739763
30.831974
30.907553999999998
30.979564999999997
31.060753
31.144012
31.216564
31.293766
31.360991000000002
31.44215
31.520515000000003
31.593767000000003
31.671922000000002
31.745865000000002
31.820068000000003
31.880763
31.953528000000002
32.016645000000004
32.089196
32.160752
32.234390000000005
32.310114000000006
32.405933000000005
32.476351
32.548754
32.617226
32.68555
32.772934
32.846661
32.923679
32.993815
33.074203
33.143407999999994
33.23596299999999
33.30055599999999
33.374781999999996
33.445969
33.536229999999996
33.632605999999996
33.71123599999999
33.793037999999996
33.86758999999999
33.962132999999994
34.03378299999999
34.09942199999999
34.19775299999999
34.27434199999999
34.35889699999999
34.45035099999999
34.53341199999999
34.63829799999999
34.73923699999999
34.821443999999985
34.904721999999985
34.98855599999999
35.07566299999999
35.17291399999999
35.26543199999999
35.33919699999999
35.42717199999999
35.50224099999999
35.59241599999999
35.68931599999999
35.79507799999999
35.88460399999999
35.97313999999999
36.058404999999986
36.13795099999999
36.21398199999999
36.29640999999999
36.365932999999984
36.467393999999985
36.55983599999998
36.649053999999985
36.736342999999984
36.83662099999999
36.921340999999984
37.00575099999998
37.10259499999998
37.18250699999998
37.25648399999998
37.37553399999998
37.45236699999998
37.53488499999998
37.60878399999998
37.69933999999998
37.78341699999998
37.86846999999998
37.946877999999984
38.056640999999985
38.134059999999984
38.21578799999998
38.295428999999984
38.37542599999998
38.44485899999998
38.53495499999998
38.60934399999998
38.70199899999998
38.76974799999998
38.842695999999975
38.926007999999975
39.012136999999974
39.09925799999998
39.17011899999998
39.24538799999998
39.31798299999998
39.38895299999998
39.47245299999998
39.56048099999998
39.62596699999998
39.70672999999998
39.79691499999998
39.887428999999976
39.981043999999976
40.06769299999998
40.139565999999974
40.21749799999997
40.29665599999997
40.35647199999997
40.41611499999997
40.47693999999997
40.54030199999997
40.59672599999997
40.66068299999997
40.73040099999997
40.804770999999974
40.87187399999998
40.94278599999998
41.002015999999976
41.064319999999974
41.12912299999997
41.20378099999997
41.26601299999997
41.321827999999975
41.39143599999998
41.47760899999998
41.54372599999998
41.60041899999998
41.656883999999984
41.706400999999985
41.774095999999986
41.846837999999984
41.917011999999986
41.968989999999984
42.03236699999999
42.108654999999985
42.17322199999998
42.23505799999998
42.30137499999998
42.385109999999976
42.46165299999998
42.521924999999975
42.603848999999975
42.659689999999976
42.724157999999974
42.791027999999976
42.86111199999998
42.933749999999975
43.03602899999998
43.10333199999998
43.17224299999998
43.23299299999998
43.29508499999998
43.38605799999998
43.46454899999998
43.533232999999974
43.588772999999975
43.665346999999976
43.726158999999974
43.808898999999975
43.87269999999997
43.93855499999997
44.001456999999974
44.07230999999997
44.143536999999974
44.22598299999997
44.28816399999997
44.34615099999997
44.42259999999997
44.49583799999997
44.56317199999997
44.624955999999976
44.68754999999997
44.74921699999997
44.818591999999974
44.88025799999998
44.95193399999997
45.02780799999997
45.10623099999997
45.19003499999997
45.267021999999976
45.334421999999975
45.41159099999997
45.487406999999976
45.595656999999974
45.66725999999998
45.72238599999998
45.798783999999976
45.85236699999998
45.93488999999998
46.00637599999998
46.08411399999998
46.15732299999998
46.21343699999998
46.27025099999998
46.32634699999998
46.389353999999976
46.45565999999997
46.52472099999997
46.58665299999997
46.64648899999997
46.71624599999997
46.77627799999997
46.85248999999997
46.918795999999965
46.99288599999996
47.05984799999996
47.14103999999996
47.21530499999996
47.29557599999996
47.36260999999996
47.444718999999964
47.52082399999996
47.60087799999996
47.66994599999996
47.74142099999996
47.82272299999996
47.90629399999996
47.99607499999996
48.07014299999996
48.13624799999996
48.21085399999996
48.29176299999996
48.36013499999996
48.43957999999996
48.52141399999996
48.59801599999996
48.68215199999996
48.78709999999996
48.85475899999996
48.92678699999996
49.00893599999996
49.08485199999996
49.160459999999965
49.23391699999996
49.31664599999996
49.40949099999996
49.50069599999996
49.58072699999996
49.64688299999996
49.73088099999996
49.79751899999996
49.87921199999996
49.94170399999996
50.01864099999996
50.09669499999996
50.17392999999996
50.24850399999996
50.316912999999964
50.388401999999964
50.465661999999966
50.55373499999997
50.65917999999997
50.73169899999997
50.81674799999997
50.90316299999997
50.97342699999997
51.051035999999975
51.13832299999998
51.23353699999998
51.31337599999998
51.40819399999997
51.502694999999974
51.589692999999976
51.67513599999997
51.74762399999997
51.84488199999997
51.92586399999997
51.99853099999997
52.08948599999997
52.175472999999975
52.257107999999974
52.32835499999997
52.41876199999997
52.502941999999976
52.589563999999974
52.68073499999998
52.760441999999976
52.84357799999998
52.93315899999998
53.02648799999998
53.11615499999998
53.211824999999976
53.32303599999997
53.41308099999998
53.501022999999975
53.590151999999975
53.67545499999998
53.77813899999998
53.85807099999998
53.93284199999998
54.00656799999998
54.07869899999998
54.16242999999998
54.250895999999976
54.339048999999974
54.42254199999997
54.51961099999997
54.62290599999997
54.709359999999975
54.789556999999974
54.88983399999997
54.97845399999997
55.08265699999997
55.178580999999966
55.26948499999997
55.359683999999966
55.457129999999964
55.56784299999996
55.65659799999996
55.74422199999996
55.83746999999996
55.94524299999996
56.03369699999996
56.11774299999996
56.206082999999964
56.315071999999965
56.406494999999964
56.49228099999996
56.59523099999996
56.68320699999996
56.78797599999996
56.88153199999996
56.96822899999996
57.062576999999955
57.161780999999955
57.262363999999955
57.35825099999995
57.48970999999995
57.601945999999955
57.72660999999996
57.81931199999996
57.92218799999996
58.022060999999965
58.12367899999997
58.21327699999997
58.32045399999997
58.41861699999997
58.52129399999997
58.61671099999997
58.72198999999997
58.83018699999997
58.92451599999997
59.032819999999965
59.13544999999996
59.23635199999996
59.338174999999964
59.43950499999996
59.546843999999965
59.64727399999997
59.75804799999997
59.868146999999965
59.97050799999997
60.093473999999965
60.204508999999966
60.30635999999997
60.41140899999997
60.50871599999997
60.610611999999975
60.69357399999998
60.79347299999998
60.889018999999976
60.99234999999997
61.107560999999976
61.22269299999998
61.33499799999998
61.43588399999998
61.53969999999998
61.62907199999998
61.72989599999998
61.81349599999998
61.90760899999998
62.00096299999998
62.092506999999976
62.217754999999975
62.33528199999998
62.45169599999998
62.56028599999998
62.67070099999998
62.78885199999998
62.88873599999998
62.98740899999998
63.09680799999998
63.21868399999998
63.33024099999998
63.446486999999976
63.57592499999998
63.69661499999998
63.81848099999998
63.929787999999974
64.04286299999997
64.14204299999997
64.25460199999998
64.38581699999997
64.49112099999998
64.59222899999997
64.71044999999998
64.82289699999998
64.97657699999998
65.09158799999997
65.20173399999997
65.32069499999997
65.42837799999997
65.53217599999996
65.64023599999996
65.75330499999995
65.85151599999996
65.95488599999996
66.06281599999996
66.16932599999996
66.27859999999995
66.39000499999996
66.52216399999996
66.63193599999997
66.74362399999997
66.84990799999997
66.95778699999997
67.06417499999996
67.17891199999997
67.28167199999997
67.38313299999997
67.48723699999998
67.58503199999998
67.69089699999998
67.78914499999998
67.90596099999998
68.01589799999998
68.10663799999998
68.21292999999997
68.29497299999997
68.37360799999998
68.47106399999997
68.56971499999997
68.65845599999997
68.74448999999997
68.84413399999997
68.93164399999996
69.02179599999997
69.11254499999997
69.21778799999997
69.31573499999998
69.40005299999997
69.49533899999997
69.58450199999997
69.67365199999998
69.76738499999998
69.85375499999998
69.93838099999998
70.02792699999998
70.11434999999997
70.19761199999998
70.27866599999997
70.39460299999998
70.49036599999998
70.57707599999998
70.66348799999997
70.75587699999997
70.85590899999997
70.95327899999997
71.04979799999997
71.14046899999997
71.22408399999996
71.30233799999996
71.38214399999997
71.46611499999997
71.55725999999997
71.64386499999998
71.75384299999997
71.83894899999997
71.92520799999997
72.02973899999996
72.12059199999996
72.19786199999996
72.27521599999996
72.35430199999996
72.42604999999996
72.51895599999996
72.58798099999996
72.66837899999996
72.74493699999996
72.82160799999997
72.91191499999996
72.99253899999997
73.06978899999997
73.15679099999997
73.23879399999997
73.31099299999997
73.38485199999997
73.46437799999997
73.53375399999997
73.61740399999998
73.70673699999998
73.77807999999997
73.85977899999997
73.93627899999997
74.02213299999997
74.09630099999997
74.16856899999996
74.24373299999996
74.32057899999997
74.40063799999997
74.46219799999997
74.54229599999998
74.60491399999998
74.68823599999997
74.77416899999997
74.84189299999997
74.92824099999997
75.00580999999997
75.08976699999997
75.16564799999996
75.25006299999997
75.32407099999998
75.39817499999998
75.45525999999998
75.55202499999999
75.62894199999998
75.71125399999998
75.77581699999999
75.87117899999998
75.93232599999999
76.00844
76.08924599999999
76.15468099999998
76.21839399999999
76.31006799999999
76.38153699999998
76.45370699999998
76.53185499999998
76.59424999999997
76.68131699999998
76.76527899999998
76.83041899999998
76.92124799999998
76.98842799999997
77.06863099999997
77.15823699999997
77.24675799999997
77.31348199999996
77.37657299999996
77.48073999999997
77.55605099999997
77.62955099999996
77.71999799999996
77.79284199999996
77.88305699999997
77.95509599999997
78.03127199999997
78.10461799999997
78.18985299999997
78.29831099999997
78.37627299999997
78.45891499999998
78.53868399999998
78.62253699999998
78.70324599999998
78.79351899999997
78.89601799999997
78.97935599999997
79.05075899999997
79.12808399999997
79.21667599999998
79.29720599999997
79.37748899999997
79.45172599999997
79.52205799999996
79.60073299999996
79.68217899999996
79.76295299999997
79.85784499999997
79.96160899999997
80.06597099999996
80.15127899999996
80.24525499999996
80.32195199999995
80.41519199999995
80.50809499999995
80.59376899999995
80.67624999999995
80.75885899999996
80.84503599999996
80.92020799999996
81.03686599999996
81.13523699999996
81.22412499999996
81.31693799999996
81.40079299999996
81.50286999999996
81.60663899999996
81.69796499999995
81.78150399999996
81.88209799999996
81.96215299999996
82.04892599999995
82.15090599999995
82.26213799999995
82.35379999999995
82.44370299999996
82.53121599999996
82.64040099999995
82.74988899999995
82.84761299999995
82.94216899999995
83.05248599999994
83.16217799999994
83.26558299999994
83.36766299999994
83.46393699999993
83.56420899999993
83.67545099999994
83.77644999999994
83.89466599999994
84.00299099999994
84.12007599999994
84.23650499999994
84.34643799999994
84.43878499999994
84.54460599999994
84.64194999999995
84.74136299999995
84.85546699999995
84.95599699999995
85.06403199999995
85.17881499999996
85.27602299999995
85.38690299999995
85.49765299999994
85.59415099999994
85.71450899999994
85.82052399999993
85.93076399999994
86.04312299999994
86.16539099999994
86.27160999999994
86.37816599999994
86.49730499999994
86.61592599999994
86.72539899999994
86.83217899999994
86.92113099999995
87.02620899999995
87.14406299999995
87.24601299999995
87.34279799999995
87.46756299999994
87.56699899999994
87.66258599999993
87.75230499999994
87.84551099999993
87.96811099999994
88.05717299999993
88.16312499999994
88.26670099999994
88.36925099999993
88.47604699999994
88.58457399999993
88.69094599999993
88.78605299999992
88.87274499999992
88.97278599999993
89.07290299999993
89.16940999999993
89.28376399999993
89.40586399999994
89.51553699999994
89.63497599999994
89.74004199999993
89.85959799999993
89.98365699999994
90.09155099999994
90.19239099999994
90.29575299999995
90.40695999999994
90.49562699999994
90.58932399999995
90.67652699999995
90.77372899999995
90.86396699999995
90.96960699999994
91.07737699999994
91.17861999999994
91.27076099999994
91.37870599999994
91.47567499999994
91.58276199999995
91.68973399999994
91.83136999999995
91.93239399999995
92.02160699999995
92.11656199999994
92.22582599999994
92.32681599999994
92.43107999999994
92.54061499999993
92.67030799999993
92.79778199999994
92.89525599999995
92.99882399999994
93.09340799999994
93.21785399999995
93.33039399999994
93.44321199999995
93.54856999999994
93.66105499999995
93.76002199999995
93.88431599999996
94.00848299999996
94.12763899999996
94.23753199999996
94.35307599999996
94.48766999999997
94.60263599999996
94.72579999999996
94.83959099999997
94.96215299999997
95.08108099999997
95.20749999999997
95.34602399999997
95.49826299999997
95.63520899999996
95.75592199999996
95.89005799999995
96.00909099999996
96.13946699999995
96.26648599999996
96.37922999999996
96.51198099999996
96.63885099999996
96.76944699999996
96.90428499999996
97.02507199999997
97.15961499999996
97.28220699999996
97.40314099999996
97.52247699999997
97.64714699999996
97.76989599999996
97.90508799999996
98.03691699999996
98.15673499999995
98.27729599999995
98.39860199999995
98.52544999999995
98.63513199999996
98.75673999999995
98.86768199999995
98.99494799999995
99.11701599999995
99.24110099999994
99.36139099999994
99.48211399999994
99.59205699999994
99.71320599999994
99.83286999999994
99.98070999999995
100.10606699999994
100.22218199999993
100.33430699999994
100.43310399999994
100.54003199999994
100.66376199999993
100.78230999999994
100.89548799999994
101.00481699999995
101.10418599999994
101.20795199999993
101.30462099999994
101.40162499999994
101.50575099999993
101.60089999999994
101.69320199999994
101.79220599999994
101.90008299999994
102.02939899999994
102.16509999999994
102.29144399999994
102.39967799999994
102.50983899999994
102.61275099999995
102.71064599999994
102.82509199999994
102.97991299999994
103.09124199999994
103.19838799999994
103.31720699999994
103.43601799999993
103.55479399999993
103.69215699999992
103.80951999999992
103.91524699999992
104.02715799999993
104.14366999999993
104.24148299999993
104.34885399999993
104.45940099999993
104.61945999999993
104.74792799999993
104.85121099999994
104.97141899999994
