0.035085
0.175015
0.317732
0.464067
0.6311599999999999
0.802383
0.950908
1.104795
1.246327
1.392649
1.535132
1.681646
1.820824
1.960834
2.104523
2.245299
2.3787390000000004
2.5167570000000006
2.6735220000000006
2.812477000000001
2.9459270000000006
3.0897490000000007
3.229183000000001
3.3758560000000006
3.5130290000000004
3.6604540000000005
3.7942860000000005
3.9370140000000005
4.075883
4.228327
4.37333
4.514372
4.667675
4.812045
4.957804
5.124791
5.297656
5.469784
5.639498
5.804698999999999
5.967648
6.1407419999999995
6.308612999999999
6.479844999999999
6.642067999999999
6.812454999999999
6.987196999999999
7.172905999999999
7.355897
7.543825999999999
7.7223049999999995
7.894248999999999
8.071059
8.253683
8.43356
8.62009
8.810464
9.00227
9.195580999999999
9.382623999999998
9.573225999999998
9.772141999999999
9.960863999999999
10.156293
10.354314
10.568341
10.786324
10.988581
11.198586
11.397093
11.609952
11.816051
12.022209
12.233429000000001
12.438828
12.639857000000001
12.855317000000001
13.075388000000002
13.292712000000002
13.514784000000002
13.740276000000001
13.965434000000002
14.187021000000001
14.416304000000002
14.636919000000002
14.861778000000003
15.084060000000003
15.319153000000004
15.553359000000004
15.788268000000004
16.023140000000005
16.252197000000006
16.474707000000006
16.697602000000007
16.930805000000007
17.159753000000006
17.385414000000004
17.637198000000005
17.890689000000005
18.149253000000005
18.387519000000005
18.621933000000006
18.851467000000007
19.098528000000005
19.318861000000005
19.541647000000005
19.755029000000004
19.975501000000005
20.215929000000006
20.441508000000006
20.666913000000005
20.894825000000004
21.125846000000003
21.351982000000003
21.568035000000002
21.783195000000003
21.998522
22.204774
22.409817
22.621154
22.816061
23.005861000000003
23.216823
23.421508000000003
23.630809000000003
23.840264
24.054725
24.254062
24.449461
24.651305999999998
24.845052999999997
25.041558999999996
25.233219999999996
25.425481999999995
25.621925999999995
25.799818999999996
25.977802999999994
26.158333999999993
26.32506499999999
26.49809399999999
26.66674399999999
26.835139999999992
26.998374999999992
27.155780999999994
27.323628999999993
27.490109999999994
27.650723999999993
27.81692599999999
27.99676299999999
28.17062099999999
28.32708199999999
28.48800099999999
28.64957399999999
28.81234599999999
28.96369799999999
29.14301199999999
29.294323999999992
29.438944999999993
29.576225999999995
29.714990999999994
29.857052999999993
29.992139999999992
30.123191999999992
30.25190299999999
30.377805999999993
30.508456999999993
30.631498999999994
30.760002999999994
30.891306999999994
31.010545999999994
31.132286999999994
31.254220999999994
31.365961999999993
31.48098299999999
31.598791999999992
31.714840999999993
31.828901999999992
31.956356999999993
32.080527999999994
32.195755999999996
32.308904999999996
32.421997
32.529702
32.638466
32.741925
32.843157000000005
32.946738
33.061886
33.173133
33.290949
33.402573999999994
33.517343
33.629507999999994
33.734528999999995
33.841221
33.954817
34.063482
34.170841
34.277728
34.385951000000006
34.48879300000001
34.59437200000001
34.697477000000006
34.80196000000001
34.89973700000001
34.99914000000001
35.10570000000001
35.223410000000015
35.32310300000002
35.42813000000002
35.52816100000002
35.62336900000002
35.73020500000002
35.82901100000002
35.93475600000002
36.035898000000024
36.13099800000003
36.236529000000026
36.34729800000002
36.445677000000025
36.54011500000002
36.64717200000002
36.759689000000016
36.86270200000001
36.963780000000014
37.06074200000001
37.175379000000014
37.27091500000002
37.36439700000002
37.46001300000002
37.55914900000002
37.66343300000002
37.75877100000002
37.857841000000015
37.95177300000002
38.05126400000002
38.14982400000002
38.24852100000002
38.35618100000002
38.45930500000002
38.55312200000002
38.65821500000002
38.77542400000002
38.87928600000002
38.97399500000002
39.07466300000002
39.17338400000002
39.27082700000002
39.362310000000015
39.45945000000002
39.562418000000015
39.676530000000014
39.772433000000014
39.87246300000001
39.96936300000001
40.07397400000001
40.17541700000001
40.27896200000001
40.38243200000001
40.48255000000001
40.58078700000001
40.67778800000001
40.780775000000006
40.88587700000001
41.003766000000006
41.099044000000006
41.19958400000001
41.293926000000006
41.39403300000001
41.49273800000001
41.59218000000001
41.69040200000001
41.788750000000014
41.88845900000001
41.98506500000001
42.08496000000001
42.20340700000001
42.305405000000015
42.399858000000016
42.49597300000001
42.59600600000002
42.69452600000002
42.79498500000002
42.90502100000002
43.01076200000002
43.10570300000002
43.21054800000002
43.309359000000015
43.404116000000016
43.50536500000002
43.60506200000002
43.700153000000014
43.79096400000002
43.88507300000002
43.98398900000002
44.08632600000002
44.19124300000002
44.29846800000002
44.40260300000002
44.50429100000002
44.60560300000002
44.713083000000026
44.82068400000003
44.93920800000003
45.03830000000003
45.13632500000003
45.23972500000003
45.33669200000003
45.440082000000025
45.54002500000003
45.63876700000003
45.73868500000003
45.836149000000034
45.940399000000035
46.03584500000004
46.14409900000004
46.24562300000004
46.341732000000036
46.44808900000004
46.56050300000004
46.66085200000004
46.75860700000004
46.85986500000004
46.95620500000004
47.05432200000004
47.155467000000044
47.25585700000004
47.36137300000004
47.47944700000004
47.57880600000004
47.679749000000044
47.787801000000044
47.89276400000004
47.99353600000004
48.091529000000044
48.191988000000045
48.298261000000046
48.411115000000045
48.511676000000044
48.613216000000044
48.70974400000004
48.810650000000045
48.914793000000046
49.01668100000005
49.11356200000005
49.21718200000005
49.319838000000054
49.42255500000005
49.51742500000005
49.61439500000005
49.71376200000005
49.82198100000005
49.916349000000054
50.01178600000005
50.10562400000005
50.21300100000005
50.30293400000005
50.40012400000005
50.49583800000005
50.58636800000005
50.69088600000005
50.77772900000005
50.86488200000005
50.959599000000054
51.04719300000006
51.13447500000006
51.22219600000006
51.30943200000006
51.39858500000006
51.48588100000006
51.57820500000006
51.67171600000006
51.76903400000006
51.86433500000006
51.97102300000006
52.06455000000006
52.15580900000006
52.25689400000006
52.35692800000006
52.45373200000006
52.55163300000006
52.64581100000006
52.74055700000006
52.83327500000006
52.92933200000006
53.02638500000006
53.125920000000065
53.219295000000066
53.309167000000066
53.40547200000007
53.49069900000007
53.58163000000007
53.67236500000007
53.76640100000007
53.854552000000076
53.941616000000074
54.03675500000008
54.13992700000008
54.22637900000008
54.31401900000008
54.40377100000008
54.493207000000076
54.584943000000074
54.66924600000007
54.757735000000075
54.84366900000008
54.93421600000008
55.02649100000008
55.12393800000008
55.21518500000008
55.304437000000085
55.39078700000009
55.480860000000085
55.575232000000085
55.66607300000008
55.74966100000008
55.84045700000008
55.92330400000008
56.01095800000008
56.10055500000008
56.188900000000075
56.27754100000008
56.362030000000075
56.451651000000076
56.544774000000075
56.63982200000007
56.730901000000074
56.82361000000007
56.908537000000074
57.00190500000007
57.093166000000075
57.182568000000074
57.26494700000008
57.35022600000008
57.437456000000076
57.521471000000076
57.611158000000074
57.698168000000074
57.792244000000075
57.88191500000008
57.96779200000008
58.05050700000008
58.142826000000085
58.24119800000008
58.32426900000008
58.41308900000008
58.502205000000075
58.582415000000076
58.67167500000008
58.75976900000008
58.84876000000008
58.932576000000076
59.01746600000008
59.097711000000075
59.18682200000008
59.27636100000008
59.35795200000008
59.44036700000008
59.52942100000008
59.619328000000074
59.704300000000075
59.79269200000007
59.881232000000075
59.966548000000074
60.06043200000008
60.14652400000008
60.23150100000008
60.32259400000008
60.40501100000008
60.49200100000008
60.58434000000008
60.670251000000086
60.761072000000084
60.869898000000084
60.95369700000008
61.03717200000008
61.123857000000086
61.218455000000084
61.303925000000085
61.39079200000008
61.47722500000008
61.57380900000008
61.65704000000008
61.75027900000008
61.83833800000008
61.93730800000008
62.02475000000008
62.10990800000008
62.19340900000008
62.27400000000008
62.35786100000008
62.450289000000076
62.54212100000007
62.628497000000074
62.713990000000074
62.800698000000075
62.88061800000008
62.96727300000008
63.05192900000008
63.14321400000008
63.22852600000008
63.31295200000008
63.39600900000008
63.480363000000075
63.57153900000007
63.65321400000007
63.76004700000007
63.83980400000007
63.92770600000007
64.01509600000007
64.09474700000007
64.17777100000006
64.25896100000007
64.34336000000008
64.43380600000008
64.51206400000008
64.59918800000008
64.69501500000008
64.78913700000008
64.87022700000009
64.95647700000009
65.0576720000001
65.1449130000001
65.2270980000001
65.3154340000001
65.4102370000001
65.4999730000001
65.5828320000001
65.6785350000001
65.76436200000009
65.85040000000009
65.93803900000009
66.02023800000009
66.10546100000009
66.18631800000009
66.26677900000008
66.35629000000009
66.43644500000009
66.5208270000001
66.6084650000001
66.6912430000001
66.7841800000001
66.8730890000001
66.95961500000011
67.05099400000012
67.13982600000011
67.22166500000012
67.30708700000011
67.39059600000012
67.47760800000012
67.55530100000011
67.63906800000011
67.72847700000011
67.8130720000001
67.8997080000001
67.9796020000001
68.0853520000001
68.1716990000001
68.2586670000001
68.3429840000001
68.4293350000001
68.5130880000001
68.59549900000009
68.6758400000001
68.75974800000009
68.8553470000001
68.94204000000009
69.0322870000001
69.1352990000001
69.2136450000001
69.2971060000001
69.3817610000001
69.46860100000009
69.5560230000001
69.6410210000001
69.72066800000009
69.8072960000001
69.89867100000009
69.9813150000001
70.06900500000009
70.1546480000001
70.2333570000001
70.3174720000001
70.40123400000009
70.4879400000001
70.57529300000009
70.67990500000009
70.76291000000009
70.84847100000009
70.93113800000009
71.01940600000009
71.10179900000009
71.18525100000008
71.26777500000009
71.35856000000008
71.44614600000008
71.53679300000009
71.62747000000009
71.71621500000009
71.8018630000001
71.8897020000001
71.9835130000001
72.0787780000001
72.1740720000001
72.2622610000001
72.3443470000001
72.4285830000001
72.5137720000001
72.6031720000001
72.7039990000001
72.79559600000009
72.88770300000009
72.97922300000009
73.06334200000009
73.15340700000009
73.23943500000009
73.32874400000009
73.42012100000008
73.50569600000009
73.58890700000009
73.6759240000001
73.76516800000009
73.8503320000001
73.9379680000001
74.0213980000001
74.11116100000011
74.19789700000011
74.30184400000012
74.38783500000012
74.47682500000012
74.56090900000012
74.64534000000012
74.72793300000012
74.81806700000013
74.90720700000013
74.99607900000012
75.08139600000013
75.16517500000013
75.25380100000014
75.33812800000014
75.43103500000014
75.52616900000014
75.62246700000014
75.71699300000014
75.81117300000014
75.90655600000014
76.00242500000013
76.09532500000013
76.19034100000013
76.28109800000013
76.36882200000012
76.45968800000013
76.54872000000013
76.64226700000013
76.73417600000013
76.82794900000013
76.91678800000012
77.00558500000012
77.09505100000013
77.18975300000012
77.29525100000012
77.39711700000012
77.48341400000012
77.57215200000013
77.67359500000013
77.76236000000013
77.85185200000014
77.94329600000013
78.02983300000014
78.11783000000014
78.21615100000014
78.30881500000014
78.40211100000013
78.48641100000013
78.56848600000014
78.65614500000014
78.73806400000014
78.82339000000013
78.91010600000013
78.99449000000013
79.07735800000013
79.15372400000012
79.24013200000013
79.32152300000013
79.40583200000013
79.48396000000014
79.56031000000014
79.65166900000014
79.72954900000013
79.81146500000014
79.89740500000013
79.99570300000013
80.07761800000013
80.15845800000012
80.23937500000012
80.32060200000012
80.40592800000012
80.49198300000012
80.57102700000011
80.65201600000012
80.73301800000011
80.81426300000011
80.8944280000001
80.9744450000001
81.0533740000001
81.1423930000001
81.2330680000001
81.32424900000011
81.41319100000011
81.50572500000011
81.5938770000001
81.68190600000011
81.76659000000011
81.8551640000001
81.9511640000001
82.0378470000001
82.1331780000001
82.2194850000001
82.30458200000011
82.3908420000001
82.4803950000001
82.5709280000001
82.65529600000009
82.74003700000009
82.81972600000009
82.91300200000009
82.9937710000001
83.08222600000009
83.16598100000009
83.25509200000009
83.3385730000001
83.4239860000001
83.5084490000001
83.5925460000001
83.6825680000001
83.7626110000001
83.8493660000001
83.9320320000001
84.02220100000011
84.10826200000011
84.19585500000011
84.2852900000001
84.3731830000001
84.4573760000001
84.5449570000001
84.6296280000001
84.7173560000001
84.8105470000001
84.9138940000001
85.00326200000009
85.09037700000009
85.17587200000008
85.26457300000008
85.35565700000008
85.44166000000008
85.53076000000009
85.61742200000009
85.70482000000008
85.79182900000008
85.88007500000008
85.96692500000007
86.05099800000008
86.13718800000008
86.21947800000008
86.30589000000008
86.38733200000007
86.47149900000007
86.55467400000006
86.64596800000007
86.73657800000007
86.82554400000006
86.91617500000007
87.00622300000006
87.10280800000007
87.19144400000006
87.27477000000006
87.36602000000006
87.44702900000006
87.53484800000005
87.63053400000005
87.71937200000005
87.80338100000004
87.88862800000004
87.96811500000004
88.05941900000003
88.14099000000003
88.22633100000003
88.31262200000003
88.39518100000004
88.47702300000003
88.56135500000003
88.64915500000004
88.73837500000003
88.82893200000004
88.91417400000003
88.99416400000003
89.07943600000003
89.16408600000003
89.24478000000002
89.33646800000002
89.42514400000003
89.50656900000003
89.59069200000003
89.68100700000004
89.76259500000003
89.85085100000003
89.95366300000003
90.03292900000004
90.12245800000004
90.20779100000004
90.28399700000004
90.37680600000004
90.45493500000005
90.55306900000005
90.63553700000006
90.73067600000006
90.81819100000006
90.90423300000006
90.98266100000006
91.06278900000007
91.14714200000006
91.22421900000006
91.30702900000006
91.39756500000006
91.48815200000006
91.56944700000005
91.65385200000006
91.73483000000006
91.82268100000006
91.90251500000007
91.99619700000007
92.11892100000007
92.20069200000007
92.28201500000007
92.36260300000008
92.44527500000008
92.53616300000009
92.61828000000008
92.70566400000008
92.79141900000009
92.87381100000009
92.95506600000009
93.0395880000001
93.12638200000009
93.2072070000001
93.3043230000001
93.3863180000001
93.4686130000001
93.5514680000001
93.6328170000001
93.7158600000001
93.7979980000001
93.8802450000001
93.9626030000001
94.04576300000011
94.13278100000011
94.2153890000001
94.3029380000001
94.3890830000001
94.4721510000001
94.5612570000001
94.6510720000001
94.7408300000001
94.8208740000001
94.9067460000001
94.99198800000009
95.07834900000009
95.15925400000009
95.2440130000001
95.3273330000001
95.4097850000001
95.4934970000001
95.57644900000011
95.65992100000011
95.74241200000012
95.82780600000011
95.91536800000011
96.00068300000011
96.10254400000011
96.18291800000011
96.27615700000011
96.36568300000012
96.46292900000012
96.54443400000012
96.62854300000012
96.72047900000013
96.81804000000012
96.90003300000012
96.98257500000012
97.07076500000012
97.15183700000013
97.24237200000013
97.33434300000013
97.41496100000013
97.50937100000013
97.59052300000013
97.68013500000013
97.75744800000014
97.83789100000014
97.91933000000014
97.99887800000015
98.08229900000015
98.16591800000015
98.24988600000015
98.34074600000015
98.42623200000016
98.53076800000015
98.61417300000015
98.69382100000016
98.78196600000015
98.86837600000015
98.94658000000015
99.03691200000016
99.11976300000016
99.20193000000016
99.31696400000016
99.40537200000016
99.48914600000016
99.57663600000016
99.66376700000016
99.74831100000016
99.82882800000016
99.92174000000016
100.00430000000016
100.08976100000015
100.17334200000015
100.26379100000015
100.34787900000015
100.44132700000014
100.53348900000015
100.62563800000015
100.70965400000016
100.80341000000016
100.88288700000015
100.97204800000016
101.05976100000015
101.14295400000015
101.23431200000014
101.32165300000014
101.41241000000014
101.50544500000014
101.59056000000014
101.68339200000014
101.77866400000013
101.86521300000014
101.95142600000014
102.04090200000014
102.13770100000015
102.22453200000015
102.31158700000016
102.40434300000015
102.49218900000015
102.57793400000016
102.66680000000015
102.76096800000015
102.85442400000015
102.94277300000014
103.04148500000015
103.12263100000015
103.20650200000016
103.30097700000016
103.39482800000016
103.47718300000017
103.58295800000016
103.66746100000016
103.75749800000015
103.85233100000015
103.93427800000015
104.04350800000014
104.13255500000014
104.21987600000014
104.31119200000015
104.39715300000015
104.48853700000015
104.57258600000014
104.65637600000014
104.74268800000014
104.83085100000014
104.91723300000014
105.00971300000013
105.09064900000013
105.17369100000013
105.25763300000013
105.34860600000013
105.45575500000014
105.53712200000014
105.62421400000014
105.70761200000014
105.78861300000014
105.88557800000014
105.96427300000013
106.05293300000014
106.14228000000014
106.22506600000014
106.32540800000014
106.41265300000013
106.49698800000013
106.60519000000014
106.70667600000013
106.79148000000013
106.88260000000014
106.96367300000014
107.05327300000015
107.14529800000015
107.25295400000016
107.34882600000016
107.43735500000015
107.52761300000016
107.61110300000016
107.71326100000016
107.82094100000016
107.92034600000017
108.00705400000017
108.09384100000017
108.19991800000017
108.28638400000017
108.36953500000017
108.45576600000017
108.54256400000017
108.62642700000016
108.71112300000016
108.79632200000016
108.88451900000015
108.97352900000016
109.06422400000015
109.14598100000015
109.24151400000015
109.32503300000015
109.41620500000015
109.50093200000015
109.59003900000015
109.67360100000015
109.76147200000015
109.84753000000015
109.93486800000015
110.02126600000015
110.10650700000015
110.18650700000015
110.26950800000014
110.35694300000014
110.44129200000015
110.53175600000014
110.62445700000015
110.71621700000014
110.80240300000014
110.88327600000014
110.96942000000014
111.06642600000013
111.15582000000013
111.24497800000013
111.33473700000013
111.42254300000013
111.52129800000013
111.61129900000013
111.69811600000013
111.78469600000012
111.87671100000013
111.96513300000012
112.05123900000012
112.13474700000012
112.23464700000012
112.32719300000012
112.41812300000012
112.51493100000012
112.59841300000012
112.68906600000012
112.77425900000013
112.86970800000013
112.95432400000013
113.05077600000013
113.15841700000013
113.24346000000013
113.32558600000013
113.41213300000013
113.50159500000012
113.58933000000012
113.67116200000012
113.75551000000013
113.84670400000013
113.93554600000013
114.02830400000013
114.12033500000014
114.20339200000014
114.28224400000013
114.36861200000013
114.45663600000013
114.54413700000013
114.62662600000013
114.71004800000013
114.80330300000013
114.88073100000013
114.97847500000013
115.05873300000013
115.14291200000014
115.23968100000013
115.32250700000013
115.40378100000012
115.49515800000012
115.57612300000012
115.67934300000012
115.75932700000011
115.84074400000011
115.92721300000011
116.00990600000011
116.09667400000012
116.17869700000013
116.25830700000013
116.34189000000013
116.41780900000013
116.49508800000014
116.57968700000013
116.67132400000014
116.78310000000015
116.86395000000014
116.95049400000015
117.02979800000014
117.11300100000014
117.19927000000014
117.28278600000014
117.37142800000014
117.45172200000013
117.53004300000013
117.62709900000013
117.71061300000012
117.80597100000013
117.91155500000012
117.98245300000012
118.06519500000012
118.14746400000011
118.23706800000011
118.32396600000011
118.41776500000012
118.50618200000012
118.61044600000012
118.69897200000013
118.78412500000013
118.86783700000014
118.96443900000014
119.04814600000014
119.13185300000015
119.23096800000015
119.31386100000014
119.39573800000015
119.48218200000015
119.58126400000015
119.66924500000015
119.76831700000015
119.85331500000015
119.93424100000016
120.01723300000016
120.09997700000017
120.18466500000017
120.26921400000016
120.36671900000016
120.46506400000015
120.54460400000015
120.64286700000015
120.72255700000015
120.80968200000015
120.89998300000015
120.97917300000015
121.06475300000014
121.14715100000014
121.25019500000013
121.33585500000014
121.43611200000014
121.52436800000014
121.61269400000013
121.69401600000013
121.79127200000013
121.88018100000014
121.96759600000013
122.05547400000013
122.13812500000013
122.23335800000012
122.31164700000012
122.39702700000012
122.47822700000012
122.56339400000012
122.64937400000012
122.75029700000012
122.83941900000012
122.92495900000011
123.01163100000011
123.10730000000011
123.1927840000001
123.2848530000001
123.37176100000009
123.4594700000001
123.54257300000009
123.6259190000001
123.7230910000001
123.81443400000009
123.90659200000009
123.99004300000009
124.07423100000008
124.16510100000008
124.25319700000007
124.34293500000007
124.43725800000007
124.52135100000007
124.61014500000006
124.69726000000006
124.79075800000005
124.87173700000005
124.95622300000005
125.04719400000005
125.13849200000004
125.22296900000005
125.30951900000005
125.39715600000005
125.48295600000006
125.56572200000006
125.65637700000006
125.74428200000007
125.83250900000007
125.92662700000007
126.00859000000007
126.09375900000006
126.17800300000006
126.26119100000007
126.34860600000006
126.43231200000007
126.52206100000006
126.60640300000007
126.69628800000007
126.78383500000007
126.88532600000006
126.96694600000006
127.07081600000006
127.15747300000007
127.25502700000007
127.35422800000006
127.44144400000006
127.53428300000006
127.62361200000007
127.71209600000006
127.80537500000005
127.91391500000006
128.00358400000005
128.09209500000006
128.17659900000007
128.26874700000008
128.35719600000007
128.44628500000007
128.54835400000007
128.63050100000007
128.71425700000006
128.80873500000007
128.89447000000007
128.98488400000008
129.06857900000008
129.15396800000008
129.24121200000008
129.32715900000008
129.41499000000007
129.50085800000008
129.5908210000001
129.6808890000001
129.7621540000001
129.8570420000001
129.9380230000001
130.0252320000001
130.1107890000001
130.1931690000001
130.2752590000001
130.3617100000001
130.4402250000001
130.52010500000011
130.6020630000001
130.6888320000001
130.7813870000001
130.87047300000012
130.96390500000012
131.05596600000013
131.14908200000013
131.24994000000012
131.33561900000012
131.43007700000013
131.51691700000012
131.60536200000013
131.69426000000013
131.78380300000012
131.86781500000012
131.95133200000012
132.0393460000001
132.1238410000001
132.2092190000001
132.29724600000011
132.3874530000001
132.4751720000001
132.5722110000001
132.6568660000001
132.7421450000001
132.83103900000012
132.9213150000001
133.01197600000012
133.1021940000001
133.1908800000001
133.2788540000001
133.3716380000001
133.4658230000001
133.5584280000001
133.6412730000001
133.7278310000001
133.8143660000001
133.8974120000001
133.98420800000008
134.0663930000001
134.1539830000001
134.2371030000001
134.3266980000001
134.4057580000001
134.4922720000001
134.5808750000001
134.6707160000001
134.76349600000012
134.8515850000001
134.94054800000012
135.0446590000001
135.1305440000001
135.2199860000001
135.3025220000001
135.3855870000001
135.4773130000001
135.5695520000001
135.6572390000001
135.7479250000001
135.8355720000001
135.9218020000001
136.0064750000001
136.09257600000012
136.18664000000012
136.28545300000013
136.36927800000012
136.45768300000012
136.53928100000013
136.62879300000014
136.71110700000014
136.79781400000013
136.88507700000014
136.97509500000012
137.05249400000014
137.13893600000014
137.22119600000013
137.30525000000014
137.40022000000013
137.48204400000014
137.57732900000013
137.65826100000012
137.74398700000012
137.8348470000001
137.9215940000001
138.00971400000012
138.09453600000012
138.18898000000013
138.27243300000012
138.35901100000012
138.44879000000012
138.5364740000001
138.62705800000012
138.71095500000013
138.79923800000012
138.8883880000001
138.9866540000001
139.0727630000001
139.15681400000008
139.24096200000008
139.33446300000008
139.4201280000001
139.5070170000001
139.5937020000001
139.6892750000001
139.7776950000001
139.86100400000012
139.94508600000012
140.0398200000001
140.1255090000001
140.21489700000012
140.30056500000012
140.39917700000012
140.49071200000012
140.58690200000012
140.67415500000013
140.75817400000014
140.85583200000013
140.94376900000015
141.02752300000014
141.10968400000016
141.19396000000015
141.28125600000016
141.36243200000015
141.44432500000016
141.52774100000016
141.61336400000016
141.69289200000017
141.77991400000016
141.86007800000016
141.94484800000015
142.02854700000015
142.11734800000013
142.21583500000014
142.32253400000013
142.42229600000013
142.51049700000013
142.59976000000012
142.68418700000012
142.77285800000013
142.86429700000014
142.95943900000015
143.04590500000015
143.13497200000015
143.23874200000014
143.32969900000015
143.41823500000015
143.50168900000014
143.59465100000014
143.68266900000015
143.76981000000015
143.85357900000014
143.94253300000014
144.03381300000015
144.11908500000015
144.20575000000017
144.29785900000016
144.37852000000015
144.46595000000016
144.54948300000015
144.62961800000016
144.71419600000016
144.79540700000015
144.88995700000015
144.98138100000014
145.06159900000014
145.14623700000016
145.23744300000016
145.32728300000016
145.40463900000017
145.48792400000016
145.56602500000017
145.64966100000018
145.73506700000019
145.8344520000002
145.9195530000002
146.0001710000002
146.0817700000002
146.1573140000002
146.24070300000022
146.31975800000023
146.40517600000024
146.49535300000025
146.57472700000025
146.65291500000026
146.73570400000025
146.82428000000024
146.90504700000025
146.98219400000025
147.06365100000025
147.14011600000026
147.22113200000027
147.30130600000027
147.38481500000026
147.46786300000025
147.54092200000025
147.63491800000025
147.72362100000026
147.79912700000025
147.89002600000026
147.97036700000027
148.05980600000026
148.13503000000026
148.21372500000027
148.28978700000027
148.37312900000026
148.45283000000026
148.53136800000027
148.61391300000028
148.6958520000003
148.78941100000029
148.88155600000027
148.97010100000028
149.0481670000003
149.1319510000003
149.2194000000003
149.2958110000003
149.3751320000003
149.45751700000028
149.53916700000028
149.6266990000003
149.7029500000003
149.7756640000003
149.8715830000003
149.9492410000003
150.03361300000032
150.1044550000003
150.1806450000003
150.27489900000032
150.3547600000003
150.4399120000003
150.52375100000032
150.60161500000032
150.67940500000032
150.76212100000032
150.84114600000032
150.92693700000032
151.0074080000003
151.09291300000032
151.17836900000032
151.2667860000003
151.3404920000003
151.4126290000003
151.4926020000003
151.5744200000003
151.65449700000028
151.72594600000028
151.80838700000027
151.88278300000027
151.9628840000003
152.0470870000003
152.12511200000029
152.20206800000028
152.2777690000003
152.3560370000003
152.4344120000003
152.5092190000003
152.5873970000003
152.6680690000003
152.7494090000003
152.8321930000003
152.9109030000003
152.9886710000003
153.0668670000003
153.1416340000003
153.21651100000028
153.3103120000003
153.3846500000003
153.4710540000003
153.5661620000003
153.6648630000003
153.74782600000032
153.82256300000032
153.91040900000033
153.99164900000034
154.08896200000035
154.17614700000036
154.24803700000035
154.33093400000035
154.40626600000036
154.48498300000037
154.56216400000037
154.64389100000037
154.72630200000037
154.80509200000037
154.88707300000038
154.96578400000038
155.04741400000037
155.13259300000038
155.2099830000004
155.2845500000004
155.3797070000004
155.4605470000004
155.54961700000038
155.6234250000004
155.70976100000038
155.7813670000004
155.86065200000039
155.9347350000004
156.0200150000004
156.0995730000004
156.1780760000004
156.2499060000004
156.3284960000004
156.4054810000004
156.4828970000004
156.55830400000042
156.6354200000004
156.7267710000004
156.8042340000004
156.8889370000004
156.9706860000004
157.0455160000004
157.12318300000038
157.2048600000004
157.2916950000004
157.3680340000004
157.4533320000004
157.53402900000037
157.61682700000037
157.69441300000037
157.77529400000037
157.85305700000038
157.93647300000038
158.01688300000038
158.09715800000038
158.1692780000004
158.2490320000004
158.3280900000004
158.4052540000004
158.48385000000042
158.57319800000042
158.65442700000042
158.7378140000004
158.8145920000004
158.89692200000042
158.98356800000042
159.0579930000004
159.1422230000004
159.2308080000004
159.3112960000004
159.4074470000004
159.4863040000004
159.5690630000004
159.6483270000004
159.7265070000004
159.8065300000004
159.88477600000041
159.9750380000004
160.05324800000042
160.13486200000042
160.22985700000044
160.30638400000043
160.38614100000044
160.46205100000043
160.55078500000042
160.6506720000004
160.72600100000042
160.8154210000004
160.89219400000042
160.9684300000004
161.05644700000042
161.14224500000043
161.22318400000043
161.29674700000044
161.38714600000043
161.46649400000044
161.54281200000042
161.62340900000044
161.70055800000043
161.77981800000043
161.85766200000043
161.93810600000043
162.01718300000044
162.10175600000045
162.19371900000044
162.28421500000044
162.36467400000043
162.44917800000044
162.53396800000044
162.61176000000043
162.68922000000043
162.76490800000045
162.85508300000043
162.93508700000044
163.01301300000043
163.10021000000043
163.17753500000043
163.25673700000044
163.33462800000044
163.41478100000043
163.49686800000043
163.57228700000044
163.65101100000044
163.72749500000043
163.80593400000043
163.88710400000042
163.96628200000043
164.04037600000044
164.11940400000043
164.19752400000044
164.28472700000043
164.37158200000044
164.45248300000046
164.53055000000046
164.61200700000046
164.69192600000045
164.77282400000044
164.85486700000044
164.94839300000044
165.04590100000044
165.12748800000045
165.20539600000046
165.28999400000046
165.36964500000047
165.44521500000047
165.52353400000047
165.61982500000047
165.71370400000046
165.79810500000048
165.88253500000047
165.95777200000046
166.03675500000045
166.11661900000044
166.19882700000045
166.28230500000046
166.35942600000047
166.43861400000046
166.51577200000045
166.59585400000046
166.67427900000047
166.75611100000046
166.83911300000045
166.91417800000045
166.99337000000045
167.07205200000044
167.15079500000044
167.22956700000043
167.31276800000043
167.41014100000044
167.49467800000045
167.57388000000046
167.65360500000045
167.73016000000047
167.80985200000046
167.89583000000047
167.97734500000047
168.05344400000047
168.13269300000047
168.2124110000005
168.29312700000048
168.37259100000048
168.45015800000047
168.52838200000048
168.61066300000047
168.69168200000047
168.77994600000048
168.85882300000048
168.93394700000047
169.02828200000047
169.10401600000048
169.18273900000048
169.2663430000005
169.3421370000005
169.4347830000005
169.51246200000048
169.5961090000005
169.6771120000005
169.7612250000005
169.8468230000005
169.9344610000005
170.0127210000005
170.0886420000005
170.1708570000005
170.2650030000005
170.3407430000005
170.41905000000048
170.51148200000048
170.5952110000005
170.67649200000048
170.75242400000047
170.84687000000048
170.9352020000005
171.00918500000049
171.0944530000005
171.1726880000005
171.2486760000005
171.3445680000005
171.42781900000048
171.5079320000005
171.5888340000005
171.6700140000005
171.74948300000048
171.82672000000048
171.90816000000046
171.99030100000047
172.06442200000046
172.15260100000046
172.23757100000046
172.31394200000045
172.39467200000044
172.47395300000045
172.55324200000044
172.63418200000044
172.70671900000045
172.78695700000046
172.87387500000045
172.95046300000044
173.03336900000045
173.10999800000045
173.19187100000045
173.27060100000045
173.36945500000044
173.45577500000044
173.53729200000043
173.62276500000044
173.70111600000044
173.77753300000043
173.86579600000044
173.94779300000044
174.02684200000044
174.10810600000045
174.19587600000045
174.27843400000046
174.37730300000047
174.45256300000045
174.52967600000045
174.60882000000046
174.69087800000045
174.76910400000045
174.84789400000045
174.93179300000045
175.00933700000044
175.10691700000044
175.19514400000043
175.28662600000044
175.37297400000043
175.45020600000043
175.52758200000042
175.6083910000004
175.68455200000042
175.76477200000042
175.84146400000043
175.92612500000044
176.00523300000043
176.08168800000044
176.16262900000044
176.27198400000043
176.35111100000043
176.43085000000042
176.51144600000043
176.59081900000044
176.67665300000044
176.75319400000043
176.84273600000043
176.91992300000044
176.99656800000045
177.07434200000046
177.15886500000045
177.23655200000044
177.32205900000045
177.40327900000045
177.49111000000045
177.56813900000046
177.64514600000047
177.72806200000048
177.81082400000048
177.91631300000049
177.9914050000005
178.0696670000005
178.1489540000005
178.22924600000047
178.31029300000048
178.3954170000005
178.4771690000005
178.5616980000005
178.6424790000005
178.7232740000005
178.80482500000048
178.88483800000049
178.9671800000005
179.0489790000005
179.1353980000005
179.21385300000048
179.29557300000047
179.37603900000047
179.46371700000049
179.54407200000048
179.63893000000047
179.71691500000048
179.80149100000048
179.88009200000047
179.96240500000047
180.06514900000047
180.14599200000046
180.23159700000045
180.31198100000046
180.38935500000045
180.48255000000046
180.56740000000045
180.64840600000045
180.73822200000046
180.82949300000047
180.92503400000047
181.00471700000045
181.09597700000046
181.18167200000045
181.26762200000044
181.34712300000044
181.44128400000045
181.51970200000045
181.60523600000045
181.68635800000044
181.76491000000044
181.84394100000043
181.92499300000043
182.0299830000004
182.1096890000004
182.1928980000004
182.2679720000004
182.36283100000043
182.44795500000043
182.53728300000043
182.61795700000042
182.69650800000042
182.78440200000043
182.86261700000043
182.96223900000044
183.03856800000042
183.1299250000004
183.2102020000004
183.29291500000042
183.38267500000043
183.46651200000042
183.5579260000004
183.6561360000004
183.7489710000004
183.8311610000004
183.9232560000004
184.0235020000004
184.1235490000004
184.2072140000004
184.3049920000004
184.4033600000004
184.48895400000038
184.58526800000038
184.67425800000038
184.76215500000038
184.84647100000038
184.92847800000038
185.01938000000038
185.1046480000004
185.1926990000004
185.2762880000004
185.3799870000004
185.4657250000004
185.5629260000004
185.6468230000004
185.7346340000004
185.8204220000004
185.9052780000004
185.9956950000004
186.0783900000004
186.1600310000004
186.2427070000004
186.3219830000004
186.4168250000004
186.50877700000038
186.60147200000037
186.68165600000037
186.76780400000038
186.8483350000004
186.9312790000004
187.0195640000004
187.0995070000004
187.18132900000037
187.26141400000037
187.34101000000038
187.42518100000038
187.50571700000037
187.59031200000038
187.6733880000004
187.7568240000004
187.8450300000004
187.9214640000004
187.9964380000004
188.07264700000042
188.14891000000043
188.23776400000042
188.33309900000043
188.41746700000044
188.50349800000043
188.57858800000042
188.65580900000043
188.73167200000043
188.81021300000043
188.88446000000044
188.96419400000045
189.03795100000045
189.11451100000045
189.19370400000045
189.27064100000044
189.34646800000044
189.42149800000044
189.49520900000044
189.57978000000045
189.66122100000047
189.74058400000047
189.81740800000046
189.89469800000046
189.99085900000046
190.09105800000046
190.17350300000047
190.26537700000046
190.35516100000046
190.44209700000047
190.52671000000046
190.62952600000045
190.71760700000044
190.81172700000045
190.89645000000044
190.97452600000045
191.06756800000045
191.14861500000046
191.23329400000046
191.31140500000046
191.39202600000047
191.47818900000047
191.55856900000046
191.64185800000047
191.73318800000047
191.81251300000048
191.90085100000047
191.98522300000047
192.06178800000046
192.13918500000045
192.21959200000046
192.30777800000047
192.38696400000046
192.47004300000046
192.55030000000045
192.63612600000044
192.72712300000043
192.82280800000044
192.90230100000045
192.97906700000044
193.07290600000044
193.15939200000045
193.24274700000046
193.32468200000045
193.40710900000045
193.50141400000044
193.58511700000045
193.66458200000045
193.74939700000044
193.83450200000044
193.91038900000044
193.99746500000043
194.07450200000042
194.15938300000042
194.2363060000004
194.3257950000004
194.4084540000004
194.5076830000004
194.5983840000004
194.69054200000042
194.7734560000004
194.86679600000042
194.94368000000043
195.01924200000042
195.10429700000043
195.18244000000044
195.26194200000043
195.35144400000044
195.43018500000045
195.51003200000045
195.58853800000045
195.67549200000045
195.76512400000044
195.84470000000044
195.91960100000045
196.00076700000045
196.09586900000045
196.18736200000046
196.26673100000048
196.3453800000005
196.43420300000048
196.5152850000005
196.5969080000005
196.6789950000005
196.7608010000005
196.8546300000005
196.9444030000005
197.0217780000005
197.1020420000005
197.1947370000005
197.27440600000048
197.3637390000005
197.4497760000005
197.5457430000005
197.62621500000049
197.70428500000048
197.78568600000048
197.86229000000048
197.94149000000047
198.01800000000048
198.1015910000005
198.1781970000005
198.2564450000005
198.3363480000005
198.4149690000005
198.4908790000005
198.57348800000048
198.65259500000047
198.73180200000047
198.81088700000046
198.89852600000046
198.98186000000047
199.05978000000047
199.14280100000047
199.22795400000047
199.30722300000048
199.43591800000047
199.51481300000046
199.59341700000047
199.67189400000046
199.75658400000046
199.83433700000046
199.91582300000047
199.99706900000047
200.07255900000047
200.15962000000047
200.23444800000047
200.31241500000047
200.39388800000046
200.47746500000045
200.56725700000044
200.65053100000043
200.72956000000042
200.80615500000042
200.8912190000004
200.9967600000004
201.0760110000004
201.15133600000038
201.2412090000004
201.3284070000004
201.4117950000004
201.51092400000041
201.59185000000042
201.69115900000043
201.77721900000043
201.86413800000042
201.95087800000042
202.0327890000004
202.1152940000004
202.19702700000042
202.29021500000042
202.38329700000043
202.45726600000043
202.53690200000042
202.61310300000042
202.6892730000004
202.7754700000004
202.8537800000004
202.9259610000004
203.0018440000004
203.0779450000004
203.1567910000004
203.23495400000039
203.3121420000004
203.3943550000004
203.4724320000004
203.55606600000038
203.6379710000004
203.7165070000004
203.7960030000004
203.87450700000042
203.96109300000043
204.04016300000043
204.11405100000044
204.19059500000046
204.26998400000045
204.34478900000045
204.42289400000044
204.50288300000045
204.58470800000046
204.67456400000046
204.77868200000046
204.85904800000046
204.93037800000045
205.01287400000044
205.09489600000043
205.17489700000044
205.25353400000043
205.33568100000042
205.42231300000043
205.49952400000043
205.57827200000042
205.65961700000042
205.74496100000042
205.83000500000043
205.91554300000044
205.99643300000045
206.07853700000044
206.16430100000045
206.25532600000045
206.33793300000045
206.43905500000045
206.51644600000046
206.59889000000047
206.67785300000045
206.76267200000046
206.84013200000047
206.92303700000048
207.00546600000047
207.08642700000047
207.16955000000047
207.25435300000046
207.32725000000048
207.4227850000005
207.5126920000005
207.5929180000005
207.6740950000005
207.7613870000005
207.8488120000005
207.9272990000005
208.00846600000048
208.0909120000005
208.1793260000005
208.2585510000005
208.3499670000005
208.4316990000005
208.52765900000048
208.60326200000048
208.71013000000048
208.79362200000048
208.87011700000048
208.95028800000048
209.0311240000005
209.1135610000005
209.19540600000047
209.28492800000046
209.38060400000046
209.45768700000045
209.53999200000044
209.62186900000043
209.69897800000044
209.77853800000042
209.8581080000004
209.94635900000043
210.02916400000043
210.11726100000044
210.20346700000044
210.28625500000044
210.36388500000044
210.44916900000044
210.52871500000043
210.60887900000043
210.69091200000042
210.78018200000042
210.86152100000044
210.94363600000042
211.0260210000004
211.12087200000042
211.20259400000043
211.28159700000043
211.35645700000043
211.43284400000044
211.51175600000045
211.59167600000043
211.67447100000044
211.75622600000042
211.83254200000042
211.9140030000004
211.9951590000004
212.0694450000004
212.1445000000004
212.2230180000004
212.3019550000004
212.38351800000038
212.46042700000038
212.5434100000004
212.6243260000004
212.7084580000004
212.7894330000004
212.8721830000004
212.9515710000004
213.0318480000004
213.1291990000004
213.2052710000004
213.29831800000042
213.37504200000043
213.45127600000043
213.53090300000042
213.6235320000004
213.7057080000004
213.7909980000004
213.8798300000004
213.9570850000004
214.0509500000004
214.13125300000038
214.21233900000038
214.29564700000037
214.37309000000036
214.45071400000035
214.54000700000034
214.61735100000035
214.69743100000036
214.77614700000035
214.86684900000034
214.95091200000033
215.02816600000034
215.11418000000035
215.19677300000035
215.29062700000034
215.38088500000035
215.45890900000035
215.54377900000034
215.62305200000034
215.70713400000034
215.78019000000035
215.85572800000034
215.93009600000033
216.00971200000032
216.1006530000003
216.1784770000003
216.2583280000003
216.3384760000003
216.4146460000003
216.4928680000003
216.5711350000003
216.65166700000032
216.7361230000003
216.8145220000003
216.8919160000003
216.9742810000003
217.0578890000003
217.1388880000003
217.2151130000003
217.2968850000003
217.37593400000029
217.4575130000003
217.5422240000003
217.62215300000028
217.70135900000028
217.7786240000003
217.86050200000028
217.94362800000027
218.02772900000028
218.11432900000028
218.1943750000003
218.2746340000003
218.3573310000003
218.4367490000003
218.5202380000003
218.6009140000003
218.6876080000003
218.76413900000028
218.8414520000003
218.91868000000028
219.00104800000028
219.09825300000028
219.19439100000028
219.27420300000028
219.35381400000028
219.4320930000003
219.5108030000003
219.5857000000003
219.67715900000027
219.75896100000028
219.83818200000027
219.92154300000027
220.01937800000027
220.09622500000026
220.18210800000026
220.27733300000025
220.37734300000025
220.45311500000025
220.53835600000025
220.61648000000025
220.69768600000026
220.77974000000026
220.86166700000027
220.95437500000025
221.03847100000024
221.11997700000023
221.19992400000024
221.29475900000023
221.37265800000023
221.45413300000024
221.53687100000025
221.62008000000026
221.71062900000027
221.79213400000026
221.87116400000025
221.95247400000025
222.03302300000024
222.11217700000023
222.19007700000023
222.27044700000022
222.36468700000023
222.43920600000024
222.52048500000024
222.60648100000023
222.68953100000022
222.77015400000022
222.8555780000002
222.9456620000002
223.0212960000002
223.0925480000002
223.1764030000002
223.25411600000018
223.3471870000002
223.42809500000018
223.50749700000017
223.58920200000017
223.66964600000017
223.75790700000016
223.83552100000017
223.91924400000016
224.00151700000015
224.08408200000014
224.16233500000013
224.24155500000012
224.32688000000013
224.40451300000012
224.48592200000013
224.57132600000014
224.65294400000013
224.73016200000012
224.8167010000001
224.9175990000001
225.0056200000001
225.0973150000001
225.1770480000001
225.2646520000001
225.34828700000008
225.44396500000008
225.52315700000008
225.60324400000007
225.6860580000001
225.76521000000008
225.84504000000007
225.92043800000008
226.0028920000001
226.09764500000009
226.1798870000001
226.2607570000001
226.3354270000001
226.4128300000001
226.4946480000001
226.5755500000001
226.6571450000001
226.7376520000001
226.8187840000001
226.9046290000001
226.98498900000013
227.06514800000014
227.16399800000013
227.24772200000012
227.32678900000013
227.40679700000013
227.48901900000013
227.56957700000012
227.64544100000012
227.72851700000012
227.81172600000014
227.89328500000013
227.97229400000015
228.05142700000016
228.14337500000016
228.21648000000016
228.31035900000015
228.39557100000016
228.48221200000015
228.58959800000014
228.66499100000013
228.74432500000012
228.83097100000012
228.9083900000001
229.0007220000001
229.0940810000001
229.16955500000012
229.2506570000001
229.3373910000001
229.4149680000001
229.4996940000001
229.58489400000008
229.68697400000008
229.77360900000008
229.86968900000008
229.97709500000008
230.05860800000008
230.13971400000008
230.2331350000001
230.31426800000008
230.41202900000008
230.50532600000008
230.5919700000001
230.6737050000001
230.7541800000001
230.8564200000001
230.9478130000001
231.03241700000012
231.11226100000013
231.19629800000013
231.27877800000013
231.36249800000013
231.45856300000014
231.54492100000013
231.62969600000014
231.71967600000013
231.81595400000015
231.90985300000014
231.99660900000015
232.07957600000015
232.16444300000015
232.24564200000015
232.32858800000014
232.41250600000015
232.49796500000014
232.58246800000015
232.66531300000014
232.75782400000014
232.84280700000014
232.92287000000013
232.99940600000014
233.08985900000013
233.17884100000012
233.2719880000001
233.3610230000001
233.4438250000001
233.5259660000001
233.6122490000001
233.7081060000001
233.7905570000001
233.8757640000001
233.9524430000001
234.0471130000001
234.1372390000001
234.2315950000001
234.3389790000001
234.42701700000012
234.52227200000013
234.61815900000013
234.71073700000014
234.81946600000015
234.90921900000015
235.00423700000016
235.09823700000015
235.19471800000017
235.28867500000015
235.38260900000014
235.48520100000013
235.57714000000013
235.67046000000013
235.76310100000012
235.85248100000013
235.94582700000012
236.03674200000012
236.12670900000012
236.2166240000001
236.3196310000001
236.4114150000001
236.51509700000008
236.61279900000008
236.71587200000008
236.8011510000001
236.9025860000001
236.9983250000001
237.0922230000001
237.1786330000001
237.2923190000001
237.3830320000001
237.4733740000001
237.5650320000001
237.6536800000001
237.7436470000001
237.8346520000001
237.9245980000001
238.0158340000001
238.1075030000001
238.1944940000001
238.2793610000001
238.37637200000012
238.4656560000001
238.55670000000012
238.6424940000001
238.7312050000001
238.8238210000001
238.9158790000001
239.0142160000001
239.1066580000001
239.2231210000001
239.3149130000001
239.4070680000001
239.5118390000001
239.60211600000008
239.69406300000009
239.79095500000008
239.88389800000007
239.97318000000007
240.06425000000007
240.15757900000008
240.24925700000009
240.3358470000001
240.4231130000001
240.5049140000001
240.5872470000001
240.6773800000001
240.7693110000001
240.8563900000001
240.9438790000001
241.0357830000001
241.1206990000001
241.2053590000001
241.2940000000001
241.3815820000001
241.46260500000008
241.55321900000007
241.64180700000006
241.73552800000004
241.82757600000005
241.92151500000006
242.01401800000005
242.10428000000005
242.19800600000005
242.29333500000004
242.39441300000004
242.48214000000004
242.57364000000004
242.66928000000004
242.76125300000004
242.85121300000003
242.93745500000003
243.02250800000002
243.11486900000003
243.20015000000004
243.28828600000003
243.37613400000004
243.46337200000005
243.54923000000005
243.63119800000004
243.72243900000004
243.81651900000003
243.90049500000003
243.98470300000002
244.071737
244.171253
244.25468700000002
244.34055300000003
244.42616900000002
244.51946500000003
244.60884800000002
244.69740700000003
244.78262600000002
244.870751
244.95865400000002
245.04588
245.12581400000002
245.21742300000003
245.29870300000002
245.38714000000002
245.471402
245.55410400000002
245.64813300000003
245.73109300000004
245.81555500000005
245.90820200000005
245.98759000000004
246.06854900000005
246.14778500000006
246.23206500000006
246.31995900000007
246.40430000000006
246.49704500000007
246.57450800000007
246.66185700000005
246.74842800000005
246.84013000000004
246.94343500000005
247.03218000000004
247.12138000000004
247.21407000000005
247.30971400000004
247.40423500000003
247.49532300000004
247.58772600000003
247.67775000000003
247.77069300000002
247.86576200000002
247.95563700000002
248.04291000000003
248.13556500000004
248.22293100000005
248.31136900000004
248.40392700000004
248.49599600000005
248.59270700000005
248.68090100000003
248.77207700000002
248.864807
249.02052700000002
249.11273200000002
249.20076200000003
249.298029
249.39306900000003
249.48326100000003
249.57705500000003
249.67036800000002
249.76141400000003
249.85598300000004
249.95393200000004
250.05374400000002
250.14434100000003
250.23358500000003
250.33424900000003
250.42955400000002
250.51343800000004
250.60050900000005
250.68682000000004
250.77386400000003
250.86761200000004
250.95668700000004
251.04636000000005
251.15711200000004
251.25263700000005
251.34040200000004
251.43209700000003
251.52135900000002
251.60854300000003
251.71069700000004
251.80364700000004
251.89477900000003
251.98689800000002
252.08420000000004
252.17656600000004
252.26922100000004
252.36596200000005
252.46239200000005
252.57395600000004
252.67014100000003
252.77618900000002
252.87154900000002
252.96005100000002
253.05707500000003
253.15026000000003
253.24443200000002
253.35233800000003
253.43855900000003
253.53493100000003
253.63925200000003
253.73107100000001
253.819827
253.906296
253.99872299999998
254.08868399999997
254.17233099999999
254.25866799999997
254.35292099999998
254.448962
254.534917
254.62071
254.711503
254.806691
254.897269
255.002276
255.084934
255.173834
255.260662
255.352707
255.43486900000002
255.53333
255.624122
255.734877
255.82066
255.91520500000001
256.000809
256.110553
256.201658
256.29046900000003
256.38688
256.483626
256.574175
256.66289
256.772436
256.86674800000003
256.95387000000005
257.0439640000001
257.13015700000005
257.2218480000001
257.3084300000001
257.3956500000001
257.4918620000001
257.5807980000001
257.68331700000005
257.77293700000007
257.8683500000001
257.9561700000001
258.0436850000001
258.13235700000007
258.2240560000001
258.31824300000005
258.4108140000001
258.5046030000001
258.5965690000001
258.6983390000001
258.8000990000001
258.8895780000001
258.9842930000001
259.0716350000001
259.1640720000001
259.2607460000001
259.3485410000001
259.43744400000014
259.52959300000015
259.6238500000002
259.71740500000016
259.81494200000014
259.90704300000016
259.9993880000002
260.0984070000002
260.2027970000002
260.2919930000002
260.3805640000002
260.4732770000002
260.56233600000024
260.65403500000025
260.75743500000027
260.85956900000025
260.94795800000026
261.04048600000027
261.1259410000003
261.2128470000003
261.3073930000003
261.39826600000026
261.49267600000024
261.58591200000023
261.6776680000002
261.7667000000002
261.85665100000017
261.94865000000016
262.04277000000013
262.1329910000001
262.22081100000014
262.3134850000001
262.4092460000001
262.5042340000001
262.5938970000001
262.6809860000001
262.7666720000001
262.8626470000001
262.9549970000001
263.0553030000001
263.1493980000001
263.2440680000001
263.33643300000006
263.42599100000007
263.51827800000007
263.6142970000001
263.7079720000001
263.7926700000001
263.8834240000001
263.9786520000001
264.0655350000001
264.1580800000001
264.2497380000001
264.3439320000001
264.4340120000001
264.5331870000001
264.6395900000001
264.7300560000001
264.81708600000013
264.90086200000013
264.9983380000001
265.0943910000001
265.1890910000001
265.2817800000001
265.38026900000006
265.46930800000007
265.5647640000001
265.6609930000001
265.7546970000001
265.8490530000001
265.9492340000001
266.0435540000001
266.1357530000001
266.23586000000006
266.32564300000007
266.4121390000001
266.5015700000001
266.59019600000005
266.67680000000007
266.7709080000001
266.86004500000007
266.94954600000005
267.037926
267.12781500000006
267.2316670000001
267.3197580000001
267.4091850000001
267.5007110000001
267.5933360000001
267.70059900000007
267.7938900000001
267.89154600000006
267.98121900000007
268.07575700000007
268.1758460000001
268.2688870000001
268.36449800000014
268.4482170000001
268.5407010000001
268.62895600000013
268.7149880000001
268.80179500000014
268.89561600000013
268.98498700000016
269.0704240000002
269.15706300000016
269.2458520000002
269.33380300000016
269.44220900000016
269.53596200000015
269.62476800000013
269.7141150000001
269.8065770000001
269.8931220000001
269.98067400000014
270.06714600000015
270.15414600000014
270.24418100000014
270.33123800000016
270.43190100000015
270.51882700000016
270.61011900000017
270.6972890000002
270.7826870000002
270.8854180000002
270.9871330000002
271.0808700000002
271.1781050000002
271.26911800000016
271.3667130000002
271.4537210000002
271.5483520000002
271.6446320000002
271.74161100000015
271.83859500000017
271.9480580000002
272.03530400000017
272.12606900000014
272.22450000000015
272.31818400000014
272.41509800000017
272.51517600000017
272.61561900000015
272.71050100000014
272.8000920000001
272.88649200000015
272.97369500000013
273.06696900000014
273.15501400000016
273.24444700000015
273.34188100000017
273.4308120000002
273.51930300000015
273.60943400000014
273.7088850000001
273.79724300000015
273.88390100000015
273.96808700000014
274.06727600000016
274.16304100000013
274.2772670000001
274.3665910000001
274.4595930000001
274.5495860000001
274.6435310000001
274.7287240000001
274.81656700000013
274.91456400000015
275.00635200000016
275.10041800000016
275.1945900000002
275.2808860000002
275.3820010000002
275.47726900000015
275.5706230000001
275.6598250000001
275.7529230000001
275.8442070000001
275.9384670000001
276.03540800000013
276.13185800000014
276.2204340000001
276.3137430000001
276.4030730000001
276.49366400000014
276.58416300000016
276.6796630000002
276.76783300000017
276.85448900000017
276.9464070000002
277.0448860000002
277.1316370000002
277.2338190000002
277.3324150000002
277.4236930000002
277.5107490000002
277.6010250000002
277.69337400000023
277.7892900000002
277.8787020000002
277.9732600000002
278.0612000000002
278.1465500000002
278.2368320000002
278.3293200000002
278.4199870000002
278.5140740000002
278.60613200000023
278.6949110000002
278.7840750000002
278.8703180000002
278.9622900000002
279.05391800000024
279.14139800000027
279.23688800000025
279.33261800000025
279.41905000000025
279.50894800000026
279.60403300000024
279.69321400000024
279.78135000000026
279.8753410000003
279.9583060000003
280.0572240000003
280.1444820000003
280.24515700000035
280.33300600000035
280.42263000000037
280.51188200000036
280.60597400000034
280.7127680000003
280.80970800000034
280.9021830000003
280.99229800000035
281.0857870000003
281.17897000000033
281.27523200000036
281.36553400000037
281.4604010000004
281.5538990000004
281.6539570000004
281.7519370000004
281.8431140000004
281.9340690000004
282.0327380000004
282.1223640000004
282.2154390000004
282.3087100000004
282.39878300000044
282.48596000000043
282.58099400000043
282.68484800000044
282.77943500000043
282.87464000000045
282.96899200000047
283.05862400000046
283.1470090000005
283.23889700000046
283.3236820000005
283.4191660000005
283.50670700000046
283.60841000000045
283.70097200000043
283.79179300000044
283.88553300000046
283.97710600000045
284.06748200000044
284.16257800000045
284.25106500000044
284.34338600000046
284.43092600000045
284.52194900000046
284.61236800000046
284.71339600000044
284.80723000000046
284.9011270000005
284.9870330000005
285.0790870000005
285.1879300000005
285.2780730000005
285.37645000000055
285.47438000000056
285.56809000000055
285.6641500000006
285.7578560000006
285.85172300000056
285.94315500000056
286.03553800000054
286.13651200000055
286.23717500000055
286.3386150000006
286.4303580000006
286.5414910000006
286.6442680000006
286.77123000000057
286.86350400000055
286.95982200000054
287.05037500000054
287.14250400000054
287.23609900000054
287.33029500000055
287.4240340000006
287.5141300000006
287.6225350000006
287.7154980000006
287.8282860000006
287.9216420000006
288.0273830000006
288.1166390000006
288.2068740000006
288.3166890000006
288.4071600000006
288.5003300000006
288.5930360000006
288.6988250000006
288.79423900000063
288.89084500000064
288.9822820000006
289.07980900000064
289.17482200000063
289.27281800000065
289.3766680000007
289.4744900000007
289.5842440000007
289.6823980000007
289.7880540000007
289.88189200000073
289.9691230000007
290.0645530000007
290.1613480000007
290.2587020000007
290.3688070000007
290.4618540000007
290.5504350000007
290.6534140000007
290.7412420000007
290.8311430000007
290.9210550000007
291.0076060000007
291.0942010000007
291.17868000000067
291.27164100000067
291.3622980000007
291.4552500000007
291.5404050000007
291.6353340000007
291.73039800000066
291.8234670000007
291.9132940000007
292.0036250000007
292.0930530000007
292.1841160000007
292.2773700000007
292.3666440000007
292.4589100000007
292.5483520000007
292.6347830000007
292.7236210000007
292.82216000000074
292.90858500000076
293.0061510000007
293.0870550000007
293.1731070000007
293.2696900000007
293.3613830000007
293.4491760000007
293.5338300000007
293.6249040000007
293.7261240000007
293.8105100000007
293.8946300000007
293.9809170000007
294.07024600000074
294.15874200000076
294.25759100000073
294.3426780000007
294.4303560000007
294.5197320000007
294.6295170000007
294.7206770000007
294.8185110000007
294.9230170000007
295.0080440000007
295.0996590000007
295.19236700000073
295.27982900000075
295.3752550000007
295.48154200000073
295.58253700000074
295.67808100000076
295.77536300000077
295.86949600000077
295.96487300000075
296.0607290000008
296.1535460000008
296.24706000000083
296.34366700000083
296.43961300000086
296.5334430000009
296.6284100000009
296.72698900000086
296.82366400000086
296.91792900000087
297.02422200000086
297.11825300000083
297.21089500000085
297.31134500000087
297.42105800000087
297.51267900000084
297.60770800000086
297.7004110000008
297.7933380000008
297.8880490000008
297.9795900000008
298.0794680000008
298.17971400000084
298.26785700000084
298.36012100000085
298.45749300000085
298.54991200000086
298.64112400000084
298.73491400000086
298.82371400000085
298.9173840000008
299.01209400000084
299.10601900000086
299.19719800000087
299.28681200000085
299.37940600000087
299.46969400000086
299.56623900000085
299.65276900000083
299.73818100000085
299.82560500000085
299.93045100000086
300.03579600000086
300.12364200000087
300.20690100000087
300.29833800000085
300.38571200000086
300.47687400000086
300.57423200000085
300.66625200000084
300.75421700000084
300.8424380000008
300.9413720000008
301.0338770000008
301.13111000000083
301.22386800000083
301.31584100000083
301.40074100000083
301.49323100000083
301.5822600000008
301.6697490000008
301.75842600000084
301.8608980000008
301.9479470000008
302.0336580000008
302.1162790000008
302.2007530000008
302.2847290000008
302.3684810000008
302.45625500000085
302.54192500000084
302.6314090000009
302.73198300000087
302.8207470000009
302.9041190000009
302.9850650000009
303.0832690000009
303.16799700000087
303.2505020000009
303.3394260000009
303.4506890000009
303.5404790000009
303.6240100000009
303.7267610000009
303.83689100000095
303.92057000000096
304.00820000000095
304.09513200000094
304.18668800000097
304.27265800000094
304.36313900000096
304.45350800000097
304.550047000001
304.633542000001
304.720526000001
304.805062000001
304.888360000001
304.978612000001
305.065518000001
305.161302000001
305.245378000001
305.33082900000096
305.43804100000096
305.523720000001
305.604637000001
305.689216000001
305.772673000001
305.867434000001
305.957089000001
306.05518000000103
306.138553000001
306.221569000001
306.305577000001
306.388206000001
306.472169000001
306.560311000001
306.651102000001
306.736795000001
306.821874000001
306.906575000001
306.993605000001
307.07696800000105
307.16454800000105
307.24956700000104
307.33224300000103
307.41815600000103
307.50084200000106
307.60303300000106
307.68951000000106
307.77533300000107
307.8612630000011
307.9469130000011
308.03373700000105
308.11864400000104
308.200720000001
308.284773000001
308.385971000001
308.474201000001
308.569751000001
308.64967000000104
308.739715000001
308.838219000001
308.926132000001
309.013853000001
309.108690000001
309.192304000001
309.278513000001
309.378953000001
309.462890000001
309.547646000001
309.631079000001
309.715982000001
309.79817600000104
309.88538800000106
309.97061600000103
310.06098600000104
310.150532000001
310.236278000001
310.342880000001
310.435882000001
310.523512000001
310.609225000001
310.706537000001
310.812037000001
310.896114000001
310.978061000001
311.062472000001
311.165948000001
311.248481000001
311.331971000001
311.420194000001
311.502444000001
311.592201000001
311.67207200000104
311.76398900000106
311.8498490000011
311.9328400000011
312.01578800000107
312.12268800000106
312.20496500000104
312.29447500000106
312.38323400000104
312.469743000001
312.558568000001
312.645228000001
312.732219000001
312.825991000001
312.912148000001
312.993271000001
313.078917000001
313.162262000001
313.254761000001
313.342959000001
313.42656500000095
313.51628400000095
313.60909400000094
313.6925360000009
313.7796440000009
313.8621630000009
313.9469830000009
314.0283810000009
314.11146400000086
314.19720900000084
314.29086900000084
314.37763400000085
314.47120100000086
314.57202400000085
314.6601590000009
314.74477700000085
314.83823600000085
314.91946700000085
315.0154330000008
315.10417900000084
315.1927330000008
315.27891100000085
315.35975400000086
315.44556200000085
315.53025700000086
315.61709800000085
315.71804600000087
315.81029200000086
315.89433700000086
315.9813040000009
316.06556300000085
316.15139000000084
316.23440400000084
316.31800100000083
316.4004580000008
316.4863900000008
316.57156000000083
316.65612300000083
316.7425430000008
316.8229660000008
316.9121790000008
316.9938610000008
317.08227900000077
317.16912300000075
317.24924800000076
317.33693900000077
317.42098700000076
317.5056580000008
317.58802100000077
317.67426200000074
317.7600490000007
317.8461680000007
317.9372170000007
318.0294410000007
318.1196670000007
318.20812900000067
318.2896700000007
318.3796340000007
318.4634260000007
318.5483290000007
318.6292260000007
318.7134160000007
318.81027900000066
318.8993580000007
318.9797960000007
319.0753800000007
319.16438900000065
319.2506550000007
319.33257300000065
319.41657300000065
319.49964900000066
319.58226500000063
319.66416200000066
319.74780900000064
319.83011500000066
319.92952700000063
320.0162630000006
320.1068020000006
320.1984730000006
320.28748500000063
320.3693950000006
320.4585750000006
320.54520200000064
320.6296420000006
320.7141630000006
320.80418700000064
320.89851300000066
320.9877280000007
321.0708190000007
321.1502900000007
321.23405600000075
321.3164270000008
321.4091530000008
321.5015660000008
321.6020310000008
321.6866200000008
321.7760070000008
321.8583840000008
321.9486340000008
322.04733200000084
322.1340170000008
322.21589500000084
322.3105530000008
322.39662200000083
322.48419800000084
322.56469200000083
322.65001300000085
322.73139700000087
322.8212260000009
322.9057650000009
322.99103200000087
323.0819650000009
323.1629900000009
323.2586950000009
323.3528630000009
323.4404760000009
323.5342940000009
323.6191430000009
323.7033240000009
323.7934980000009
323.88897300000093
323.9777760000009
324.0734360000009
324.16715500000095
324.25843400000093
324.34582400000096
324.44368100000094
324.52790100000095
324.61863900000094
324.7023550000009
324.78533400000094
324.87459300000097
324.95740800000095
325.045813000001
325.129061000001
325.212854000001
325.301412000001
325.392173000001
325.48440000000096
325.59571800000094
325.67814100000095
325.76274200000097
325.848918000001
325.931193000001
326.01529500000095
326.107458000001
326.205972000001
326.294592000001
326.384645000001
326.471444000001
326.563799000001
326.647683000001
326.733846000001
326.819837000001
326.901087000001
326.987150000001
327.077752000001
327.171350000001
327.258660000001
327.33970000000096
327.436980000001
327.522576000001
327.59926400000097
327.681367000001
327.770235000001
327.85219400000096
327.93615200000096
328.02904300000097
328.12901700000094
328.21060600000095
328.29172900000094
328.37495600000096
328.46616300000096
328.55542100000093
328.6506400000009
328.7520000000009
328.8317460000009
328.9170630000009
329.0088780000009
329.0961110000009
329.1821690000009
329.2721340000009
329.35821900000093
329.4418010000009
329.5257040000009
329.60785200000095
329.68738800000096
329.772552000001
329.858108000001
329.940860000001
330.022164000001
330.112754000001
330.20242000000104
330.28528900000106
330.38533000000103
330.471609000001
330.551043000001
330.63222100000104
330.71759400000104
330.80379100000107
330.8864810000011
330.9702140000011
331.0506070000011
331.1352610000011
331.2184970000011
331.3004550000011
331.38542800000107
331.47490700000105
331.55563700000107
331.64581700000105
331.73182000000105
331.82122200000106
331.9222160000011
332.0092470000011
332.0980660000011
332.1818190000011
332.2690450000011
332.3602100000011
332.4430380000011
332.5411470000011
332.6219910000011
332.7143650000011
332.81329100000113
332.90404400000114
332.98680200000115
333.07441000000114
333.16228400000114
333.25022400000114
333.34034700000115
333.42466500000114
333.5045540000011
333.59034600000115
333.6706210000011
333.75673200000114
333.8394340000011
333.9256700000011
334.0097000000011
334.0981420000011
334.18422500000105
334.27167400000104
334.369150000001
334.454521000001
334.54376200000104
334.630296000001
334.715051000001
334.79904100000095
334.88401600000094
334.97015100000095
335.05575200000095
335.142017000001
335.229189000001
335.316951000001
335.40375100000097
335.488240000001
335.571717000001
335.654905000001
335.742088000001
335.824159000001
335.90852600000096
335.99440400000094
336.0812950000009
336.16504000000094
336.25176600000094
336.3360880000009
336.42233200000095
336.50453300000095
336.59023600000097
336.67330100000095
336.76141400000097
336.84465500000096
336.92511800000096
337.026782000001
337.148544000001
337.233601000001
337.321051000001
337.407249000001
337.49412100000103
337.581349000001
337.665401000001
337.754401000001
337.840005000001
337.928478000001
338.01699500000103
338.10425500000105
338.189415000001
338.27955200000105
338.36562800000104
338.44922700000103
338.537472000001
338.624957000001
338.71737400000103
338.81161200000105
338.8993860000011
338.98870700000106
339.07904500000103
339.16391900000104
339.26396600000106
339.35143200000107
339.44809700000104
339.540077000001
339.62542000000104
339.72470800000104
339.830806000001
339.916657000001
340.002239000001
340.089008000001
340.177509000001
340.265292000001
340.347850000001
340.428723000001
340.539639000001
340.632472000001
340.71895800000095
340.80967800000093
340.89599400000094
340.97895700000095
341.06631000000095
341.1577510000009
341.2508130000009
341.3457190000009
341.4376410000009
341.5315070000009
341.6211160000009
341.7109390000009
341.8041680000009
341.9039540000009
341.9862000000009
342.0708140000009
342.1571180000009
342.24860500000085
342.34158700000086
342.43745300000086
342.52395300000086
342.6153780000009
342.71349800000087
342.80093200000084
342.89158800000087
342.98799700000086
343.07830600000085
343.17455800000084
343.26225400000084
343.3541630000008
343.44086200000083
343.53726000000086
343.6233240000009
343.71368000000086
343.81860800000084
343.90491900000086
343.99032000000085
344.0853400000008
344.1781990000008
344.2707350000008
344.3650530000008
344.4525640000008
344.5462660000008
344.6341860000008
344.7258900000008
344.8182460000008
344.9239070000008
345.0143840000008
345.1117920000008
345.2081750000008
345.2988190000008
345.39167800000075
345.48664400000075
345.5921130000008
345.6856770000008
345.7755470000008
345.8776130000008
345.9683260000008
346.0833250000008
346.1865000000008
346.2858870000008
346.3828220000008
346.47272600000076
346.5663570000008
346.65927900000077
346.75629900000075
346.85254200000077
346.9454730000008
347.0399360000008
347.1335490000008
347.2216910000008
347.3236240000008
347.4206770000008
347.5086660000008
347.6007810000008
347.6943290000008
347.7865430000008
347.8791030000008
347.96826500000077
348.0614690000008
348.15403300000077
348.24681300000077
348.34051900000077
348.4401140000008
348.5359160000008
348.6425930000008
348.73360200000076
348.82134000000076
348.91394600000075
349.0073240000007
349.10019100000073
349.20073000000076
349.30149200000074
349.3989370000007
349.48977600000075
349.5891420000007
349.6919700000007
349.7908300000007
349.8919480000007
350.00421500000067
350.09256400000066
350.19464600000066
350.29462900000067
350.38134200000064
350.47313400000064
350.56412600000067
350.6704530000007
350.7639480000007
350.85820600000073
350.9527500000007
351.04487200000074
351.14238100000074
351.23434400000076
351.3317320000008
351.4271910000008
351.5158050000008
351.6102560000008
351.70642400000077
351.79384700000077
351.89758000000074
351.9900080000007
352.0873230000007
352.17280000000073
352.2610610000007
352.3501290000007
352.44718300000073
352.54120000000074
352.6287010000007
352.72277900000074
352.81614200000075
352.90656700000073
352.9983440000007
353.0904550000007
353.1825590000007
353.26454700000073
353.3485140000007
353.4371700000007
353.52100700000074
353.61364700000075
353.70668400000073
353.7956200000007
353.89044300000074
353.9777400000007
354.0678910000007
354.1570350000007
354.2457890000007
354.3312360000007
354.43685400000066
354.52378900000065
354.61883900000066
354.7089580000007
354.7981350000007
354.8927580000007
354.9934590000007
355.08609700000073
355.1706420000007
355.2664050000007
355.3607790000007
355.4461770000007
355.5565010000007
355.6608170000007
355.7575790000007
355.8505660000007
355.9452510000007
356.03508100000073
356.14055500000075
356.2347420000007
356.32114300000075
356.41615200000075
356.51635700000077
356.6064760000008
356.69572800000077
356.78583600000076
356.89991800000075
356.99362000000076
357.0824090000008
357.1766310000008
357.2637880000008
357.3531180000008
357.43593500000077
357.52334500000075
357.61401400000074
357.6986960000007
357.7789400000007
357.86351900000074
357.9472980000007
358.02999200000073
358.11741500000073
358.2064640000007
358.2900260000007
358.3793100000007
358.4663470000007
358.5527800000007
358.6440180000007
358.7336670000007
358.8198150000007
358.9101910000007
359.00513800000067
359.09202800000065
359.17835300000064
359.26461700000067
359.36222400000065
359.44480500000066
359.55508600000064
359.64476100000064
359.73065800000063
359.81980500000066
359.9102360000007
360.01875900000067
360.11269600000065
360.19647400000065
360.28533400000066
360.3718480000007
360.4591280000007
360.5589260000007
360.64769000000075
360.73968600000075
360.83908600000075
360.92656900000077
361.03281600000076
361.1270750000008
361.21851400000077
361.31394000000074
361.40787400000073
361.4951200000007
361.5918680000007
361.67817800000074
361.7642360000007
361.8487360000007
361.9372270000007
362.01856000000066
362.10554000000064
362.19358800000066
362.28302600000063
362.37244900000064
362.46511500000065
362.5484760000007
362.6385500000007
362.7265110000007
362.8070980000007
362.8944440000007
362.9849390000007
363.07446600000065
363.15980300000064
363.25130100000064
363.34121600000066
363.42989500000067
363.52479500000067
363.6123020000007
363.7047500000007
363.79051400000066
363.87760500000064
363.97362500000065
364.06783000000064
364.15633000000065
364.25212200000067
364.34105600000066
364.42562100000066
364.51610600000066
364.60777200000064
364.70005900000064
364.78368000000063
364.87204900000063
364.97112900000064
365.0572350000006
365.1404820000006
365.2405780000006
365.3248230000006
365.4204470000006
365.5157130000006
365.60319200000055
365.68901300000056
365.77943100000056
365.87186000000054
365.96010900000056
366.04793400000057
366.13520300000056
366.23159000000055
366.3160080000006
366.4068480000006
366.4964970000006
366.5836940000006
366.6704710000006
366.7744120000006
366.8778410000006
366.97942000000063
367.06257700000066
367.1620130000007
367.25982200000067
367.34588100000065
367.42729000000065
367.51976400000063
367.61702400000064
367.71695900000066
367.8020090000007
367.8892640000007
367.97917700000073
368.06461400000074
368.14967600000074
368.2360940000007
368.3271530000007
368.4153800000007
368.4985660000007
368.58327800000075
368.66858000000076
368.76399500000076
368.85317100000077
368.93929500000075
369.02481100000074
369.11114600000076
369.19722700000074
369.2842940000007
369.3794170000007
369.47104500000074
369.55714100000074
369.64533300000073
369.73576400000076
369.83514400000075
369.92988500000075
370.01802400000076
370.1064050000008
370.19687600000077
370.2951410000008
370.3856860000008
370.4705540000008
370.5618390000008
370.64659500000084
370.7298840000008
370.8171130000008
370.9081580000008
371.0066010000008
371.08732200000077
371.16698400000075
371.26312900000073
371.3474080000007
371.4334340000007
371.5218900000007
371.61378900000074
371.6950930000007
371.7841840000007
371.8679350000007
371.95397900000074
372.04223200000075
372.12799500000074
372.21746100000075
372.30282000000074
372.39046100000076
372.48432700000075
372.56992500000075
372.6566400000008
372.74029100000075
372.8224150000008
372.9125090000008
372.9981620000008
373.0966980000008
373.2016820000008
373.2881720000008
373.3840840000008
373.4687040000008
373.5531380000008
373.63631600000076
373.72300200000075
373.81285800000074
373.89947400000074
373.9923570000007
374.0810480000007
374.1628930000007
374.2500670000007
374.3435040000007
374.4468010000007
374.5516740000007
374.6460770000007
374.7336050000007
374.8489020000007
374.9503870000007
375.03735200000074
375.1253200000007
375.22088300000075
375.3043590000008
375.38807700000075
375.47057100000075
375.5532290000007
375.63988600000073
375.72653900000074
375.8168970000007
375.9089810000007
376.0036110000007
376.0941880000007
376.1802630000007
376.2721780000007
376.35553500000066
376.45531900000066
376.53646600000064
376.62407400000063
376.7157810000006
376.8062260000006
376.8928170000006
376.9807290000006
377.06699500000065
377.1533460000006
377.2420740000006
377.35239200000063
377.4374770000006
377.5326500000006
377.6225010000006
377.7104970000006
377.8094180000006
377.8970240000006
377.9861530000006
378.07469500000064
378.16063300000064
378.25785100000064
378.34724500000067
378.43660600000067
378.54155100000065
378.64088900000064
378.73474900000065
378.83291800000063
378.9199660000006
379.0048080000006
379.0898210000006
379.1760070000006
379.2745040000006
379.3585660000006
379.44791600000065
379.53405500000065
379.62355000000065
379.7075380000006
379.80053800000064
379.90404000000063
379.99659400000064
380.0860530000006
380.1795740000006
380.2775800000006
380.37288200000063
380.4682390000006
380.5540270000006
380.6477240000006
380.7354420000006
380.8221360000006
380.9181250000006
381.0100790000006
381.1056120000006
381.1916170000006
381.2759230000006
381.3617970000006
381.4479440000006
381.5328410000006
381.6232280000006
381.7048180000006
381.78883600000063
381.87796300000065
381.95955900000064
382.0514670000006
382.1455140000006
382.2408390000006
382.3237200000006
382.4109060000006
382.5014820000006
382.59350400000056
382.67892600000056
382.7680990000006
382.8600420000006
382.9608330000006
383.0449930000006
383.1288870000006
383.21827600000057
383.3075200000006
383.40229200000056
383.48350700000054
383.5654030000005
383.6548940000005
383.73913600000054
383.82900800000056
383.9177070000006
384.00477400000057
384.0933350000006
384.1781640000006
384.2727090000006
384.36669400000056
384.48106900000056
384.56642700000054
384.65425200000055
384.74229300000053
384.82998200000054
384.9331990000005
385.0183370000005
385.1237400000005
385.2188950000005
385.3060830000005
385.3917530000005
385.4799920000005
385.5744430000005
385.6588470000005
385.7537730000005
385.8398580000005
385.9285600000005
386.0174220000005
386.1252930000005
386.21520700000053
386.29755600000055
386.3885060000006
386.4813330000006
386.57554100000056
386.6648910000006
386.7545580000006
386.8457210000006
386.9332610000006
387.03665700000056
387.11976300000055
387.20716700000054
387.3004970000005
387.40036300000054
387.48562600000054
387.57336600000053
387.6622160000005
387.7508540000005
387.8407620000005
387.9265540000005
388.01088500000054
388.09353800000054
388.18061400000056
388.2659590000006
388.35370800000055
388.45041500000053
388.5368730000005
388.62798400000054
388.71162100000055
388.8051130000006
388.8929600000006
388.9812310000006
389.0679500000006
389.1575680000006
389.2508480000006
389.3490830000006
389.4338950000006
389.5326160000006
389.6282080000006
389.7125390000006
389.8198440000006
389.9079270000006
390.00844200000057
390.0927330000006
390.1976290000006
390.28003300000057
390.36696600000056
390.4568570000006
390.55012100000056
390.6590380000006
390.7683440000006
390.8532900000006
390.9370900000006
391.0251780000006
391.1120850000006
391.1947500000006
391.2850620000006
391.3777690000006
391.4808960000006
391.5692800000006
391.6667060000006
391.7633250000006
391.8504300000006
391.9376500000006
392.0325050000006
392.1264500000006
392.2162630000006
392.3037810000006
392.3894400000006
392.4781200000006
392.5665130000006
392.6504920000006
392.73398800000064
392.81755600000065
392.90589900000066
392.98923400000064
393.07937900000064
393.16766200000063
393.2525890000006
393.3370440000006
393.4243100000006
393.5072770000006
393.61034100000063
393.69850100000065
393.78500500000064
393.87012100000067
393.95550600000064
394.0429840000006
394.1262510000006
394.2247800000006
394.3094800000006
394.41550400000057
394.50539100000054
394.58792400000056
394.6751560000005
394.7740660000005
394.8632890000005
394.94719500000053
395.03222300000056
395.13214100000056
395.21711600000054
395.30298900000054
395.3891600000005
395.4761210000005
395.5619880000005
395.6483140000005
395.7397900000005
395.82515100000046
395.90602500000045
395.98906300000044
396.07421500000044
396.15553700000044
396.2380860000004
396.3220470000004
396.4225570000004
396.52016200000037
396.60529800000035
396.69415600000036
396.77295600000036
396.8592020000004
396.94370600000036
397.03349400000036
397.11778600000036
397.2041870000004
397.3052300000004
397.3912090000004
397.4811270000004
397.56243800000044
397.64589800000044
397.73287400000044
397.82054600000043
397.9080640000004
397.9881510000004
398.0795570000004
398.16602500000045
398.2512730000004
398.3514670000004
398.4391260000004
398.5303970000004
398.6232370000004
398.70851400000043
398.7929520000004
398.8823130000004
398.9667600000004
399.0655990000004
399.1541360000004
399.24163800000036
399.32778700000034
399.41640600000034
399.50193500000034
399.59127800000033
399.69175700000034
399.78046600000033
399.86570400000033
399.9525300000003
400.0392890000003
400.1204970000003
400.21882800000026
400.31037100000026
400.40014000000025
400.50244200000026
400.60154500000027
400.6868860000003
400.7778710000003
400.8615280000003
400.9493810000003
401.0343510000003
401.1211400000003
401.2128140000003
401.3099400000003
401.3918580000003
401.4805030000003
401.56536500000027
401.6478340000003
401.7329960000003
401.8192600000003
401.92478100000034
402.0240090000003
402.1047230000003
402.18588000000034
402.28270600000036
402.37666500000034
402.4608770000003
402.55124100000035
402.64428900000036
402.73343000000034
402.82434000000035
402.92349900000033
403.0128460000003
403.1030790000003
403.1890490000003
403.2780720000003
403.3947200000003
403.4837320000003
403.5780990000003
403.6631160000003
403.7512650000003
403.85391300000026
403.93980600000026
404.02840200000026
404.12373600000024
404.20606800000024
404.29599300000024
404.38194600000026
404.47561400000023
404.58928100000026
404.67731800000024
404.76278500000024
404.85169600000023
404.94980600000025
405.04493700000023
405.13641400000023
405.23295100000024
405.32399700000025
405.42136700000026
405.5180800000003
405.6116400000003
405.6978330000003
405.7974830000003
405.8893420000003
405.9791000000003
406.0667490000003
406.1579590000003
406.2514420000003
406.3435730000003
406.4412800000003
406.5401610000003
406.6370880000003
406.7283200000003
406.8187560000003
406.9161750000003
407.0062530000003
407.1070790000003
407.20138000000026
407.29562100000027
407.38656000000026
407.48639000000026
407.58545300000026
407.6868520000003
407.7882730000003
407.8866830000003
407.9852050000003
408.0868280000003
408.1934490000003
408.2944310000003
408.3959780000003
408.5031850000003
408.61248600000033
408.72829300000035
408.83010900000033
408.92882700000035
409.02805200000034
409.13523500000036
409.2434350000004
409.36355700000036
409.47727300000037
409.58015100000034
409.68765200000036
409.79863300000034
409.9154230000003
410.02409200000034
410.14337300000034
410.25594000000035
410.37337400000035
410.49989100000033
410.62805800000035
410.75065700000033
410.87986300000034
411.00585600000034
411.13143400000035
411.25605200000035
411.39694900000035
411.53582100000034
411.6758470000003
411.8109370000003
411.95175500000033
412.0980800000003
412.25288600000033
412.4139420000003
412.5633520000003
412.71074100000027
412.8651430000003
413.0121510000003
413.1776360000003
413.3443520000003
413.5096360000003
413.6767810000003
413.83592200000027
413.9991440000003
414.1667910000003
414.3663580000003
414.5366980000003
414.7111520000003
414.8859870000003
415.0597670000003
415.2304650000003
415.4088290000003
415.5815200000003
415.7550780000003
415.9374420000003
416.1153700000003
416.2968910000003
416.4864820000003
416.6837840000003
416.8721650000003
417.06358600000027
417.2585760000003
417.4532940000003
417.6470570000003
417.8374200000003
418.0348400000003
418.23937800000033
418.43662500000033
418.6248030000003
418.8206780000003
419.0209470000003
419.2056860000003
419.3967830000003
419.59602500000034
419.7892720000003
419.97566100000034
420.1662980000003
420.3631010000003
420.55133500000034
420.74468800000034
420.94428000000033
421.14184000000034
421.34861200000034
421.55507200000034
421.76044000000036
421.96307300000035
422.1485600000004
422.3526510000004
422.5444310000004
422.74105200000037
422.9424590000004
423.1437280000004
423.33750000000043
423.5307470000004
423.7214470000004
423.9081360000004
424.0907550000004
424.2815020000004
424.47081100000037
424.65755600000034
424.85938000000033
425.0681380000003
425.2813250000003
425.4979010000003
425.7048340000003
425.9055440000003
426.1093970000003
426.3137410000003
426.5181000000003
426.7155040000003
426.9101550000003
427.10255700000033
427.2981920000003
427.4919390000003
427.6799720000003
427.8703320000003
428.0666160000003
428.2561500000003
428.4480320000003
428.6340980000003
428.8244600000003
429.01297700000026
429.19573000000025
429.39009100000027
429.58455000000026
429.77606500000024
429.95998300000025
430.15529700000025
430.34452800000025
430.54425500000025
430.72455700000023
430.9093650000002
431.0922990000002
431.2740300000002
431.4674090000002
431.6686820000002
431.8884480000002
432.0959130000002
432.3131540000002
432.52122500000024
432.71655900000025
432.91673500000024
433.11516900000026
433.30688500000025
433.49736500000023
433.69690700000024
433.89437800000024
434.08920000000023
434.28835900000024
434.4991920000002
434.6932260000002
434.8983830000002
435.1073990000002
435.3114580000002
435.5115260000002
435.70833100000016
435.90787100000017
436.1121560000002
436.3231010000002
436.5231360000002
436.7197460000002
436.92115400000023
437.12436400000024
437.32013900000027
437.52324100000027
437.7258180000003
437.9260000000003
