0.032146
0.165078
0.326326
0.479819
0.62568
0.7746930000000001
0.9053810000000001
1.0416120000000002
1.1740380000000001
1.3134740000000003
1.4473990000000003
1.5826250000000004
1.7173640000000003
1.8567460000000002
1.9893780000000003
2.119718
2.2551780000000003
2.3895360000000005
2.5321400000000005
2.6591440000000004
2.78833
2.913837
3.052887
3.1871460000000003
3.3213190000000004
3.4467170000000005
3.5784480000000003
3.712432
3.8574970000000004
3.9978880000000006
4.134570000000001
4.268092000000001
4.395574000000001
4.535290000000001
4.666402000000001
4.8080110000000005
4.9544950000000005
5.103256000000001
5.252624000000001
5.392358000000001
5.5387710000000006
5.682816000000001
5.824627
5.963523
6.0965560000000005
6.230887000000001
6.368329000000001
6.501498000000001
6.634270000000001
6.764549000000001
6.894704000000001
7.025222000000001
7.166025000000001
7.292511000000001
7.414230000000001
7.544130000000001
7.672888000000001
7.856129000000001
8.006882000000001
8.142922
8.281117
8.42448
8.568784
8.719192000000001
8.845914
8.992091
9.128932
9.259228
9.409867
9.553317
9.697729
9.835550000000001
9.978383000000001
10.128060000000001
10.256323000000002
10.383005000000002
10.508990000000002
10.644824000000003
10.783677000000003
10.922749000000003
11.063696000000004
11.202600000000004
11.338534000000005
11.486875000000005
11.640966000000004
11.795688000000004
11.944349000000004
12.082068000000005
12.228730000000004
12.391738000000004
12.543156000000003
12.689136000000003
12.845961000000003
12.996992000000002
13.149708000000002
13.301776000000002
13.463879000000002
13.620327000000001
13.777514000000002
13.933090000000002
14.085370000000001
14.236458
14.392047000000002
14.551048000000002
14.70559
14.858409
15.011758
15.176076
15.331139
15.495832
15.6475
15.803260000000002
15.973564000000001
16.128741
16.288299000000002
16.450577000000003
16.627382000000004
16.798140000000004
16.961142000000002
17.134514000000003
17.293418000000003
17.441688000000003
17.607541
17.768221
17.931011
18.086062000000002
18.248583000000004
18.416099000000003
18.577481000000002
18.754406000000003
18.908710000000003
19.072886000000004
19.229160000000004
19.389795000000003
19.541779000000002
19.698958
19.856515
20.015238
20.162773
20.320420000000002
20.473592000000004
20.631905000000003
20.789658000000003
20.950651000000004
21.131957000000003
21.319641000000004
21.509988000000003
21.688240000000004
21.871576000000005
22.056583000000003
22.235700000000005
22.418907000000004
22.600088000000003
22.786642000000004
22.965001000000004
23.157321000000003
23.358478
23.550197
23.735675
23.931214
24.114277
24.312592000000002
24.503827
24.704014
24.883396
25.067102000000002
25.248870000000004
25.436171000000005
25.634740000000004
25.821726000000005
26.021313000000006
26.208597000000005
26.403533000000003
26.595347000000004
26.811537000000005
26.986114000000004
27.165943000000006
27.344922000000004
27.536492000000003
27.722127000000004
27.910913000000004
28.099423000000005
28.290322000000007
28.483390000000007
28.675283000000007
28.857181000000008
29.04863600000001
29.234293000000008
29.421225000000007
29.604594000000006
29.795298000000006
29.994881000000007
30.190138000000008
30.37635600000001
30.56803100000001
30.75741800000001
30.942905000000007
31.13851100000001
31.321731000000007
31.511384000000007
31.700316000000008
31.88587400000001
32.07547000000001
32.26599700000001
32.44879500000001
32.63493300000001
32.82924300000001
33.017468000000015
33.21421500000002
33.400646000000016
33.58652100000002
33.76431400000002
33.95205600000002
34.14682700000002
34.32974000000002
34.51607600000002
34.70337800000002
34.890787000000024
35.08237700000002
35.29195200000002
35.48619100000003
35.677654000000025
35.87091600000002
36.05902700000002
36.24625800000002
36.43188900000002
36.63178400000002
36.81624400000002
37.00068700000002
37.21331000000002
37.398788000000025
37.58469700000003
37.769760000000026
37.95533400000003
38.15396500000003
38.34578500000003
38.54594100000003
38.740981000000026
38.948486000000024
39.144994000000025
39.33919300000002
39.55118100000002
39.746450000000024
39.947503000000026
40.144715000000026
40.33179200000003
40.52626900000003
40.724920000000026
40.913594000000025
41.11136200000003
41.30231000000003
41.497392000000026
41.682256000000024
41.87911700000002
42.06850600000002
42.25442900000002
42.453737000000025
42.65276000000002
42.844278000000024
43.045283000000026
43.24213900000002
43.455296000000025
43.64831000000002
43.83964900000002
44.04988600000002
44.234275000000025
44.42146400000002
44.60417700000002
44.79025000000002
44.976677000000024
45.17212000000002
45.35553600000002
45.54872500000002
45.74789600000002
45.938462000000015
46.124192000000015
46.31096500000002
46.49641000000002
46.69058900000002
46.88151000000002
47.06702600000002
47.26971800000002
47.45367700000002
47.65251400000002
47.83714600000002
48.03006900000002
48.21160900000002
48.403098000000014
48.60048600000001
48.78941000000001
48.98138600000001
49.17154700000001
49.351841000000015
49.54063900000001
49.74516600000001
49.93324700000001
50.122690000000006
50.31022600000001
50.50352900000001
50.69775800000001
50.88864900000001
51.07064100000001
51.25811600000001
51.45304900000001
51.64267400000001
51.831467
52.033537
52.233036000000006
52.425110000000004
52.615781000000005
52.80543300000001
52.99893800000001
53.19240500000001
53.38054700000001
53.570178000000006
53.77582100000001
53.97864400000001
54.17093300000001
54.35397800000001
54.541069000000014
54.72545400000001
54.90956900000001
55.09603300000001
55.281959000000015
55.470658000000014
55.666055000000014
55.90677500000002
56.112349000000016
56.31966700000002
56.51866300000002
56.72497400000002
56.92561400000002
57.12687000000002
57.311607000000016
57.515219000000016
57.70170500000002
57.907783000000016
58.10311500000002
58.30456800000002
58.509326000000016
58.71055600000002
58.90698900000002
59.12020600000002
59.31299400000002
59.506785000000015
59.70068900000002
59.91080500000002
60.12309000000002
60.32745200000002
60.52512000000002
60.71988100000002
60.90461200000002
61.09121700000002
61.291017000000025
61.487526000000024
61.673633000000024
61.86268800000003
62.04882300000003
62.232820000000025
62.42629300000002
62.62524800000002
62.81063300000002
63.002662000000015
63.18954500000002
63.37701400000002
63.56967400000001
63.765754000000015
63.96385100000001
64.15850600000002
64.37454400000001
64.57184300000002
64.76086100000002
64.96456100000002
65.14614200000001
65.339515
65.532032
65.734748
65.92974099999999
66.117933
66.31147499999999
66.49425299999999
66.70028999999998
66.90338799999998
67.10719799999998
67.29372499999998
67.48739399999998
67.68267799999998
67.88678199999998
68.07735699999998
68.28349799999998
68.47378199999999
68.65685799999999
68.85922899999998
69.04811299999999
69.23156999999999
69.414841
69.595654
69.787559
69.975825
70.166364
70.357096
70.550602
70.741244
70.938802
71.14672399999999
71.333766
71.528973
71.72224999999999
71.91188299999999
72.10993099999999
72.30671399999999
72.49973699999998
72.68822099999998
72.89297499999998
73.08405899999998
73.28527399999999
73.47961899999999
73.67463199999999
73.86904599999998
74.05405799999998
74.26609099999999
74.455215
74.657896
74.862372
75.053659
75.25769
75.441148
75.632561
75.82949599999999
76.01963099999999
76.20890499999999
76.40463799999999
76.61208599999999
76.79881499999999
77.002568
77.194425
77.394943
77.58590699999999
77.76932899999998
77.95733399999999
78.15018299999998
78.33935399999999
78.53110399999998
78.71779099999999
78.906055
79.095889
79.302644
79.486969
79.670533
79.859475
80.049608
80.24835300000001
80.44383800000001
80.63944200000002
80.83939400000001
81.02385900000002
81.21821200000002
81.42269100000003
81.61137800000003
81.80851300000003
82.00201600000004
82.22887800000004
82.42720400000003
82.61835100000003
82.80467800000004
83.00829200000004
83.22072300000004
83.41619100000004
83.62569100000005
83.81921700000005
84.01215500000005
84.20932900000005
84.39628600000006
84.58822500000007
84.79056000000007
84.99811500000007
85.19214800000007
85.38711000000008
85.58743500000008
85.79114300000009
85.9953520000001
86.1997420000001
86.3923760000001
86.5898260000001
86.7806490000001
86.99727300000009
87.1914460000001
87.3914470000001
87.5861840000001
87.7905810000001
87.9874790000001
88.18642000000011
88.38467800000011
88.57971400000011
88.78204300000012
88.98250800000011
89.18325000000011
89.38008000000012
89.58635300000012
89.79387800000012
89.99414800000012
90.19570400000012
90.38162900000012
90.57624400000012
90.77819200000012
90.97222700000012
91.16072600000011
91.35540300000011
91.54300300000011
91.74475400000011
91.95818700000011
92.14374500000011
92.34253400000011
92.53943400000011
92.72864700000011
92.92321100000011
93.1151880000001
93.2998250000001
93.4926310000001
93.6931900000001
93.8831990000001
94.0713350000001
94.2623830000001
94.4500500000001
94.64455000000011
94.83694000000011
95.02901700000011
95.22285300000011
95.41457800000012
95.60064500000011
95.79617000000012
95.99476000000011
96.1912910000001
96.37789400000011
96.58770900000012
96.78459700000012
96.97950400000012
97.17783300000012
97.37357500000012
97.56768300000012
97.76576500000012
97.96143200000012
98.16076300000012
98.35810800000012
98.55620000000012
98.75106800000012
98.93991800000012
99.13602900000012
99.32986500000013
99.52999100000012
99.72893300000013
99.92296100000013
100.11541900000013
100.30592600000013
100.50550100000012
100.70956000000012
100.90902300000012
101.10168400000012
101.29000200000011
101.48560000000012
101.67376100000011
101.88470600000011
102.0768850000001
102.27434500000011
102.47018500000011
102.66266700000011
102.85682400000012
103.07438100000012
103.27983900000011
103.49564900000011
103.70556900000011
103.90178800000011
104.08745300000011
104.28454400000011
104.4800830000001
104.66818400000011
104.86947300000011
105.05879200000011
105.24837500000011
105.45119600000011
105.6435830000001
105.83402400000011
106.02813200000011
106.22100000000012
106.41093600000012
106.60254300000013
106.79594000000013
106.98417500000014
107.17307700000013
107.36688800000013
107.56980600000013
107.77942800000012
107.99111300000013
108.20071700000013
108.41049600000012
108.61099900000012
108.80002900000012
109.00488700000012
109.20637200000013
109.41447000000014
109.60803700000014
109.79685200000014
110.00148900000015
110.19469300000014
110.39593000000015
110.59972500000015
110.80926500000015
111.01039100000015
111.21985900000016
111.41855800000016
111.61331600000015
111.80586200000015
112.01082800000015
112.20954000000015
112.41036500000014
112.63316500000015
112.82440200000015
113.02471500000014
113.21608900000014
113.42347500000014
113.62775300000014
113.82344900000014
114.01304500000013
114.21945100000013
114.41844900000014
114.63257500000013
114.82920800000014
115.02297400000013
115.21579800000013
115.40635800000014
115.59768800000013
115.80206200000013
115.99169600000013
116.18075300000014
116.37465800000014
116.56711900000013
116.76385200000013
116.95666000000013
117.15370300000012
117.34162400000012
117.53101900000013
117.71883700000012
117.90937600000012
118.11485300000012
118.31288500000012
118.51400400000013
118.71516100000012
118.90057100000013
119.08153900000012
119.28646400000012
119.47011300000013
119.65828400000012
119.83896400000012
120.03594500000011
120.2343440000001
120.4132270000001
120.6008410000001
120.7833240000001
120.9703400000001
121.16499800000011
121.36382900000011
121.54213800000011
121.73399400000011
121.93509600000012
122.12120400000012
122.30787300000011
122.49467700000011
122.6824260000001
122.86050200000011
123.0616250000001
123.2764710000001
123.5224270000001
123.72756000000011
123.93307700000011
124.14440600000012
124.36030100000012
124.55545200000012
124.76637800000012
124.96272900000012
125.16488300000012
125.36826800000011
125.56479500000012
125.77948700000012
125.98562100000012
126.20960400000013
126.41493800000012
126.62307600000013
126.81075600000013
127.01529900000013
127.23932100000013
127.43670400000013
127.62709700000013
127.82100900000013
128.02690900000013
128.23339500000014
128.41712900000013
128.60604600000013
128.79288100000014
128.98372600000013
129.19672500000013
129.41228900000013
129.61079100000012
129.8219110000001
130.0330880000001
130.2292980000001
130.4412990000001
130.6396460000001
130.8448430000001
131.0446710000001
131.2664470000001
131.48192000000012
131.68991900000012
131.87946600000012
132.07576500000013
132.27625200000014
132.46362100000013
132.64763700000015
132.84369700000013
133.04326400000014
133.24408300000013
133.45321300000012
133.65293900000012
133.8547260000001
134.0729610000001
134.2650770000001
134.4657700000001
134.6587390000001
134.8449710000001
135.0414460000001
135.2531360000001
135.4404810000001
135.6120820000001
135.79850700000011
135.9752690000001
136.14307600000012
136.30669100000011
136.46252400000012
136.61674500000012
136.77264400000013
136.93616500000013
137.10707600000012
137.27896800000013
137.43591300000014
137.58866900000015
137.73542200000014
137.88355200000015
138.03527200000016
138.19081500000016
138.34153100000015
138.49166000000014
138.64681000000013
138.78290300000012
138.93187000000012
139.07710000000012
139.21339100000012
139.3579370000001
139.5036640000001
139.6413910000001
139.7929380000001
139.94162900000012
140.11230800000013
140.27515100000014
140.42744900000014
140.57894700000014
140.74094500000015
140.88375800000014
141.03274300000015
141.17936600000016
141.34274000000016
141.51385400000015
141.68920100000014
141.85937300000015
142.02230300000014
142.18431400000014
142.34734700000016
142.53041100000016
142.70517700000016
142.87403900000015
143.04431800000015
143.21904600000013
143.41314200000014
143.61266200000014
143.80015400000013
143.99749700000012
144.18362400000012
144.39561600000013
144.60704600000014
144.80298000000013
144.99798000000013
145.18820800000012
145.39680000000013
145.58858900000013
145.77088800000013
145.95858800000013
146.16362100000012
146.3564850000001
146.5490190000001
146.7487990000001
146.94246400000011
147.1338280000001
147.3258140000001
147.5153050000001
147.7014040000001
147.8860580000001
148.07246200000012
148.24935400000012
148.43370100000013
148.63158200000012
148.83395300000012
149.03306000000012
149.22222400000012
149.4180930000001
149.6514480000001
149.8470260000001
150.0323130000001
150.2236940000001
150.4325060000001
150.6229810000001
150.81251200000008
151.00830100000007
151.21494000000007
151.41538600000007
151.61317100000008
151.81390300000007
152.02124700000007
152.22071400000007
152.41787800000006
152.62119600000005
152.82527500000006
153.04665500000007
153.24601100000007
153.44620200000006
153.63859300000004
153.82529200000005
154.02090400000006
154.22010800000007
154.41044600000006
154.60691000000006
154.80049500000007
154.98535900000007
155.18465700000007
155.37736300000006
155.56847800000006
155.75969200000006
155.94548100000006
156.13837200000006
156.31834600000005
156.50930700000004
156.68589400000005
156.86301100000006
157.06462900000005
157.26082100000005
157.45205000000004
157.63836400000005
157.83356300000005
158.01570900000004
158.20622800000004
158.41303900000003
158.61746100000002
158.82334200000003
159.04436100000004
159.24497200000005
159.44097500000004
159.64200100000005
159.84877400000005
160.05352700000006
160.26482500000006
160.46767300000005
160.66584400000005
160.87793900000005
161.09601000000006
161.30098200000006
161.51153900000006
161.71642200000005
161.92165900000006
162.13368600000007
162.34122300000007
162.55685500000007
162.78281000000007
162.99198400000006
163.19078600000006
163.40226300000006
163.60743300000007
163.80722400000008
164.00716100000008
164.20418600000008
164.4119900000001
164.62589300000008
164.82915200000008
165.02577100000008
165.25288800000007
165.46252000000007
165.67190900000006
165.88265900000005
166.09258500000004
166.30008700000005
166.52375100000006
166.73320900000007
166.94217700000007
167.15603600000009
167.37981200000007
167.63297400000008
167.86113700000007
168.09118900000007
168.32283900000007
168.53214900000006
168.74106000000006
168.95177900000007
169.16294300000007
169.37983000000008
169.59598400000007
169.80610200000007
170.02224900000007
170.23405000000008
170.4498260000001
170.66337700000008
170.8839250000001
171.09332400000008
171.3079280000001
171.51289100000008
171.7300600000001
171.96908800000008
172.19092400000008
172.42041500000008
172.64578900000006
172.85968000000005
173.05695900000006
173.28171700000007
173.49199900000008
173.69687400000007
173.90295500000008
174.11802400000008
174.31957100000008
174.51290200000008
174.7104300000001
174.9268940000001
175.1259610000001
175.3263180000001
175.5304800000001
175.7359500000001
175.9566990000001
176.1804360000001
176.3971260000001
176.6069660000001
176.8341630000001
177.0514460000001
177.25936300000012
177.46670600000013
177.66696500000012
177.88527300000013
178.09930500000013
178.30401100000012
178.5037290000001
178.7032900000001
178.9071580000001
179.1117580000001
179.3026150000001
179.4980260000001
179.7066200000001
179.9138530000001
180.1047490000001
180.30056300000012
180.49640600000012
180.69115500000012
180.9012200000001
181.09996100000012
181.30639400000013
181.49561500000013
181.70193900000012
181.89575100000013
182.10291600000014
182.29258700000014
182.50102300000015
182.69824400000016
182.89830700000016
183.09611300000017
183.28573700000018
183.47752800000018
183.66463200000018
183.86011700000017
184.05682600000017
184.24820200000016
184.44324200000017
184.63753600000018
184.82792100000017
185.02723700000018
185.2150400000002
185.4066120000002
185.6065150000002
185.7962060000002
185.99146900000022
186.17986500000023
186.37544300000025
186.58338200000026
186.78455000000025
186.98263800000026
187.16666000000026
187.35096700000025
187.53604800000025
187.73479000000026
187.95006800000027
188.1447670000003
188.33419700000027
188.53772100000026
188.73351000000025
188.91752400000024
189.09618400000025
189.28612600000025
189.47336100000024
189.66992700000023
189.84499400000024
190.02500000000023
190.21087600000024
190.40793900000023
190.61500100000023
190.80254900000023
191.00616100000022
191.20774100000023
191.4147440000002
191.6023830000002
191.8002410000002
191.9972570000002
192.1901550000002
192.3945950000002
192.5797990000002
192.7692500000002
192.9602810000002
193.15159400000022
193.35660600000023
193.55326900000023
193.75849300000021
193.95275300000023
194.16131200000024
194.35936400000023
194.54929300000023
194.74721200000025
194.96213500000025
195.16612200000026
195.36760700000025
195.57293500000026
195.76367300000027
195.96681300000026
196.17905400000026
196.37409900000026
196.57560000000026
196.77761400000026
196.97197600000027
197.16746000000026
197.34615300000027
197.52126400000026
197.69915200000025
197.89197400000026
198.06573100000026
198.23981500000025
198.41366900000025
198.58393500000025
198.73614000000026
198.90600600000027
199.07565700000026
199.24073100000027
199.39822300000026
199.55272800000026
199.71595500000026
199.87371400000026
200.03202600000026
200.18619200000026
200.34281800000025
200.50743700000024
200.65512400000023
200.80786200000023
200.95269500000023
201.10143000000022
201.2504340000002
201.40600700000022
201.5608750000002
201.7140620000002
201.87173800000022
202.02189300000023
202.18188700000024
202.33469300000024
202.50363100000024
202.66250200000025
202.82587300000026
202.99241800000027
203.15610400000028
203.3406520000003
203.5202020000003
203.7113270000003
203.8855180000003
204.0506050000003
204.2196290000003
204.3953350000003
204.5718130000003
204.7459860000003
204.9172670000003
205.0727280000003
205.2562100000003
205.4317990000003
205.5998470000003
205.76254000000029
205.9192400000003
206.0753520000003
206.2436580000003
206.39067000000028
206.5396210000003
206.6850730000003
206.8242420000003
206.96889300000032
207.12146400000032
207.27055400000032
207.41480200000032
207.57944500000033
207.73957800000034
207.89316300000033
208.04541300000034
208.21198100000035
208.37963900000034
208.54879300000033
208.72371500000034
208.88346300000035
209.06145400000034
209.22648200000035
209.39007200000034
209.56416600000034
209.73220600000033
209.89446300000034
210.05656100000033
210.22707600000032
210.3975370000003
210.5578430000003
210.7209390000003
210.8907570000003
211.0559210000003
211.2205100000003
211.3824220000003
211.5432850000003
211.7146410000003
211.88774900000033
212.05342400000032
212.21651600000033
212.40099100000032
212.57556800000032
212.7555310000003
212.9645280000003
213.14206300000032
213.3307040000003
213.50958700000032
213.6793830000003
213.8640290000003
214.0454800000003
214.22704200000032
214.41018800000032
214.59746100000032
214.7805290000003
214.9631800000003
215.1409880000003
215.3180160000003
215.5035570000003
215.69560400000032
215.8934760000003
216.1018590000003
216.3002870000003
216.49382700000032
216.68040600000032
216.8674490000003
217.0588540000003
217.2403540000003
217.4164630000003
217.6026400000003
217.79848600000028
217.99562600000027
218.18200600000029
218.37092900000027
218.55850600000028
218.74012100000027
218.93293000000028
219.1242900000003
219.3190910000003
219.5041840000003
219.6929110000003
219.8850670000003
220.0830240000003
220.2839640000003
220.48602800000032
220.67782300000033
220.87140900000034
221.07403600000035
221.27001600000034
221.46403500000034
221.66028000000034
221.85033400000034
222.05817300000035
222.25987400000037
222.44712900000036
222.65739500000035
222.85508700000034
223.04085400000034
223.22837400000034
223.40515200000036
223.59387900000036
223.80336400000036
224.00209300000034
224.20311400000034
224.38641100000035
224.57026800000034
224.75993900000034
224.95652200000035
225.14861900000034
225.33398600000035
225.53427800000034
225.71711300000035
225.92093500000036
226.11148400000036
226.30237300000036
226.48609300000035
226.68171200000035
226.87394600000036
227.07140100000035
227.27460600000035
227.47597200000035
227.67384000000035
227.88503400000036
228.08045900000036
228.28000000000037
228.47986900000038
228.68136000000038
228.88127100000037
229.06443100000035
229.24993300000037
229.43360700000036
229.62670300000036
229.80915700000037
229.99691000000036
230.18652100000037
230.38776100000038
230.57710100000037
230.79069900000036
230.99268400000037
231.19248200000035
231.38583900000035
231.58385600000034
231.78171600000033
231.96972400000033
232.16846300000032
232.3524400000003
232.5317930000003
232.7136860000003
232.9005880000003
233.0880540000003
233.26985400000032
233.4504250000003
233.6360360000003
233.8183770000003
233.99808400000032
234.18342100000032
234.37465500000033
234.56939400000033
234.76420900000033
234.96792400000032
235.17382900000032
235.3749100000003
235.5684140000003
235.7582460000003
235.9523450000003
236.1473770000003
236.35458100000028
236.5504850000003
236.73933900000029
236.93598200000028
237.12536100000028
237.3185180000003
237.5134150000003
237.70198900000028
237.88604700000027
238.08407600000027
238.27975100000026
238.46552100000025
238.65435000000025
238.84477800000025
239.03288700000024
239.21763300000023
239.40680200000023
239.59591200000023
239.80196000000024
239.99032800000023
240.18235200000024
240.37931100000023
240.58671600000022
240.78769900000023
241.00126100000023
241.19534300000024
241.39326800000023
241.58789600000023
241.79004900000024
241.99553500000025
242.19200500000025
242.38933000000026
242.58318900000026
242.78130800000025
242.98461000000026
243.19526500000026
243.40928600000026
243.61778800000027
243.83878200000026
244.05671800000027
244.25000100000028
244.44401200000027
244.63630800000027
244.83740200000028
245.04833900000028
245.2668610000003
245.4629480000003
245.6537160000003
245.8432260000003
246.0368850000003
246.2309510000003
246.4561920000003
246.6515570000003
246.8504400000003
247.0442870000003
247.24364900000032
247.43898000000033
247.63441400000033
247.82645700000035
248.01888200000033
248.20696400000034
248.41422400000033
248.61193400000033
248.80260500000034
248.99469000000033
249.20069400000034
249.39792900000035
249.59720400000035
249.78771800000035
249.98091800000034
250.17588300000034
250.36780900000034
250.56175200000033
250.75218800000033
250.94443000000032
251.13847400000031
251.33708300000032
251.52877200000032
251.7373690000003
251.92573500000032
252.12005300000033
252.3242300000003
252.53988100000032
252.72896800000032
252.9186890000003
253.12574900000033
253.32768800000034
253.52239900000035
253.71923200000035
253.92643100000035
254.12093000000036
254.31619600000036
254.51769900000036
254.71168500000036
254.90780300000037
255.10212200000038
255.29852000000037
255.49213000000037
255.68389000000036
255.87232100000037
256.05909800000035
256.26570400000037
256.46406000000036
256.65746900000033
256.87187300000033
257.07078100000035
257.2763960000004
257.48553900000036
257.67991500000034
257.8729350000003
258.0797320000003
258.2691680000003
258.4624520000003
258.66973400000035
258.87666500000034
259.07787400000035
259.28161200000034
259.52253200000035
259.73941100000036
259.94988300000034
260.1545220000003
260.3588190000003
260.55239200000034
260.74913700000036
260.94414000000035
261.13754500000033
261.3306750000003
261.5254930000003
261.71775500000035
261.90836800000034
262.1023790000003
262.29435200000034
262.48383600000034
262.67585700000035
262.88235500000036
263.0727260000004
263.2663740000004
263.4806230000004
263.6714740000004
263.8677580000004
264.0545570000004
264.24483700000036
264.4497130000004
264.6403390000004
264.8343120000004
265.0206010000004
265.2065170000004
265.3917240000004
265.5893780000004
265.7781610000004
265.9660460000004
266.15360300000043
266.3533820000004
266.5440870000004
266.7326170000004
266.9183760000004
267.1116280000004
267.3123960000004
267.4991320000004
267.68343700000037
267.87769000000037
268.08729900000037
268.28550100000035
268.47954900000036
268.68422400000037
268.90905400000037
269.12600600000036
269.33185500000036
269.54088100000035
269.7659490000004
269.9788010000004
270.2049110000004
270.43078500000036
270.64346200000034
270.85179200000033
271.07128100000034
271.28214300000036
271.4943590000004
271.70467700000034
271.91805900000037
272.1182690000004
272.3238480000004
272.53409800000037
272.76165500000036
273.0150050000004
273.2688910000004
273.5152020000004
273.77347600000036
274.01262700000035
274.2317940000004
274.45487100000037
274.67927500000036
274.90728700000034
275.14312200000035
275.37272700000034
275.59102100000035
275.82052700000037
276.06733700000035
276.28930900000034
276.50122000000033
276.7246590000003
276.9546900000003
277.1741910000003
277.3926960000003
277.6423700000003
277.89440900000034
278.1513760000003
278.3944940000003
278.6467840000003
278.88941200000033
279.13965100000036
279.40133000000037
279.6353600000004
279.8728210000004
280.1002810000004
280.3370010000004
280.5785950000004
280.8147290000004
281.0416690000004
281.2803520000004
281.5096150000004
281.7400460000004
281.9819520000004
282.22881100000035
282.46165600000035
282.68968000000035
282.9436550000004
283.19246700000036
283.42777000000035
283.66187100000036
283.90497800000037
284.1594050000004
284.4090590000004
284.66663900000043
284.9252880000004
285.1794640000004
285.4304920000004
285.68264700000043
285.93750900000043
286.18363000000045
286.4457760000004
286.7065010000004
286.9539650000004
287.2092310000004
287.46108600000036
287.70487100000037
287.9571790000004
288.2284740000004
288.4834320000004
288.74073600000037
288.98571900000036
289.23729100000037
289.47358500000036
289.71334400000035
289.94818700000036
290.19654500000036
290.43582200000037
290.67132900000036
290.90890000000036
291.1492540000004
291.38185500000037
291.6134960000004
291.8485900000004
292.0783480000004
292.3061250000004
292.5361940000004
292.7955380000004
293.0489920000004
293.3054970000004
293.5562720000004
293.8110180000004
294.0514460000004
294.2911510000004
294.5270750000004
294.7717490000004
295.0143870000004
295.2568310000004
295.49997300000035
295.73760800000036
295.98891300000037
296.2345640000004
296.49337400000036
296.72820000000036
296.96418200000033
297.19886300000036
297.43986600000034
297.68502100000035
297.92355400000037
298.1565230000004
298.3827380000004
298.6116050000004
298.8502960000004
299.0923290000004
299.3304240000004
299.5511050000004
299.7653700000004
299.9900970000004
300.2197930000004
300.43924500000037
300.65399800000034
300.86254300000036
301.09505400000035
301.32478200000037
301.5426920000004
301.7691130000004
302.0043470000004
302.2393280000004
302.4850120000004
302.71725300000037
302.9399130000004
303.1661640000004
303.39588500000036
303.60696400000035
303.82898200000034
304.0429460000003
304.2568050000003
304.4766810000003
304.69355600000034
304.90514100000036
305.12489100000033
305.3278160000003
305.5314820000003
305.74655700000034
305.9564460000003
306.1695850000003
306.37432900000033
306.57967800000034
306.77311900000035
306.9797650000003
307.2208750000003
307.4301250000003
307.64868700000034
307.8485580000003
308.0670920000003
308.2592940000003
308.4610940000003
308.6591280000003
308.8532310000003
309.03510500000027
309.2561950000003
309.45297900000025
309.64648400000027
309.8236860000003
309.9981100000003
310.1697740000003
310.3742300000003
310.5664390000003
310.7716290000003
310.9517460000003
311.1301510000003
311.3270520000003
311.5157560000003
311.7030820000003
311.8849890000003
312.0725210000003
312.27329100000026
312.4520940000003
312.6276750000003
312.7996990000003
312.9782930000003
313.1564000000003
313.3459030000003
313.5224330000003
313.68945700000035
313.85612400000036
314.02771000000035
314.19300700000036
314.36030900000037
314.53930800000035
314.70217200000036
314.86508900000035
315.02106900000035
315.1826200000003
315.3542120000003
315.5381350000003
315.7232350000003
315.89039200000025
316.08669000000026
316.24865800000026
316.4233420000003
316.58135900000025
316.74251300000026
316.9068150000003
317.07012200000025
317.22482400000024
317.37963100000024
317.54591600000026
317.71463900000026
317.8834860000003
318.05798200000027
318.2108710000003
318.3770190000003
318.5421950000003
318.70698800000025
318.8817330000002
319.0451530000002
319.2057150000002
319.36970000000025
319.5249470000002
319.69423000000023
319.8730030000002
320.0410450000002
320.19956200000024
320.3551210000002
320.52370700000023
320.71540700000025
320.88169900000025
321.04867300000024
321.21697000000023
321.3869360000002
321.5558010000002
321.7307810000002
321.8972320000002
322.0594450000002
322.2221770000002
322.38137100000023
322.54372100000023
322.69917300000026
322.85969900000026
323.0248560000003
323.1850690000003
323.3648370000003
323.53359400000033
323.71282700000035
323.8943040000003
324.0586700000003
324.2349990000003
324.4073390000003
324.56812700000035
324.7284620000003
324.89251600000034
325.0729310000003
325.2510940000003
325.4175280000003
325.6199390000003
325.81302900000026
325.99384700000024
326.1643150000003
326.3368390000003
326.5269690000003
326.7218130000003
326.9175260000003
327.0986030000003
327.2847770000003
327.4693230000003
327.6507460000003
327.83679600000033
328.0277050000003
328.20479500000033
328.3786140000003
328.5620160000003
328.7482610000003
328.9327140000003
329.1168650000003
329.2988220000003
329.5023290000003
329.6879020000003
329.8734930000003
330.0604950000003
330.2414850000003
330.4156510000003
330.5938630000003
330.7671040000003
330.9573030000003
331.1473690000003
331.33447900000033
331.5245070000003
331.7055060000003
331.8909600000003
332.0735690000003
332.2553980000003
332.4323070000003
332.61122600000033
332.79416900000035
332.97723300000035
333.16975800000034
333.3611190000003
333.5452880000003
333.7279800000003
333.9114620000003
334.0943680000003
334.2758590000003
334.4463560000003
334.6237290000003
334.7951350000003
334.9732340000003
335.13913100000025
335.3087210000003
335.48069500000025
335.64925400000027
335.8156030000003
335.9756030000003
336.1398070000003
336.3120720000003
336.4852990000003
336.64554100000026
336.81327100000027
336.9829130000003
337.1445350000003
337.3016710000003
337.45678300000026
337.61481600000025
337.78856500000023
337.9499320000002
338.11551800000024
338.2792300000002
338.4398530000002
338.6059280000002
338.7787040000002
338.9342920000002
339.0931910000002
339.2500030000002
339.4131910000002
339.57816900000023
339.73738100000025
339.9093830000003
340.07487100000026
340.24261200000024
340.41209500000025
340.57778300000024
340.75186400000024
340.92274200000026
341.1035480000003
341.2734530000003
341.4516370000003
341.6187230000003
341.78121100000027
341.94865300000026
342.12522200000024
342.30506400000024
342.4846460000002
342.6611630000002
342.8401840000002
343.0175890000002
343.18945500000024
343.36643400000025
343.53426400000023
343.70108500000026
343.8681830000003
344.0382260000003
344.2084850000003
344.37921900000026
344.5686960000003
344.7516890000003
344.9415000000003
345.1193440000003
345.3057250000003
345.4910310000003
345.6753440000003
345.8569000000003
346.0398100000003
346.2200600000003
346.39885700000025
346.59503900000027
346.7853720000003
346.9764030000003
347.1683350000003
347.3592720000003
347.5503510000003
347.7537090000003
347.9427450000003
348.1385210000003
348.33337200000034
348.52896800000036
348.72335900000036
348.91582200000033
349.1370960000003
349.3563720000003
349.5649650000003
349.7646860000003
349.96521100000035
350.17196400000034
350.38191600000033
350.5798250000003
350.7885860000003
351.0053540000003
351.2055430000003
351.4050280000003
351.6199150000003
351.81746300000026
352.0300780000003
352.2280060000003
352.4233170000003
352.6196010000003
352.8188220000003
353.0086800000003
353.2056010000003
353.3996940000003
353.5932460000003
353.7977430000003
353.9945290000003
354.1790710000003
354.3743540000003
354.5922080000003
354.8003790000003
355.0188330000003
355.2374710000003
355.4483910000003
355.6598270000003
355.8666630000003
356.0875060000003
356.3063670000003
356.5279690000003
356.7542690000003
356.9827820000003
357.20839300000034
357.43893400000036
357.65940000000035
357.89204200000034
358.1087980000003
358.31362300000035
358.51864100000034
358.72578800000036
358.94091200000037
359.15298600000034
359.35174400000034
359.5513650000003
359.76416200000034
359.97459500000036
360.17296700000037
360.37422600000036
360.57551300000034
360.79270400000036
361.01073200000036
361.21443900000037
361.4201030000004
361.62606900000037
361.8224970000004
362.0221940000004
362.2440290000004
362.44678500000043
362.65120600000046
362.8537120000005
363.0535070000005
363.25366600000046
363.4629080000005
363.6692460000005
363.8848410000005
364.1010950000005
364.3209560000005
364.53469600000045
364.7519740000005
364.9664840000005
365.17473000000047
365.39711500000044
365.5974760000004
365.7999590000004
365.9991200000004
366.2076160000004
366.4165820000004
366.6362870000004
366.8626370000004
367.0764110000004
367.2794750000004
367.4771280000004
367.6887200000004
367.8967270000004
368.1025000000004
368.3035800000004
368.49300600000043
368.6865060000004
368.88986900000043
369.0880240000004
369.2666730000004
369.4528980000004
369.64353900000043
369.84553700000043
370.03539100000046
370.23351700000046
370.42041400000045
370.60273500000045
370.78596400000043
370.9650030000004
371.1627510000004
371.3682470000004
371.5636230000004
371.7646640000004
371.9805900000004
372.1899470000004
372.39821900000044
372.6114580000004
372.8285970000004
373.0605140000004
373.29082800000043
373.5059340000004
373.7295980000004
373.9575380000004
374.1732360000004
374.3939450000004
374.6147570000004
374.8322780000004
375.0512940000004
375.2735720000004
375.5087370000004
375.7545800000004
376.0012230000004
376.24490500000036
376.4739380000004
376.7229190000004
376.9904800000004
377.25021700000036
377.52060100000034
377.7607730000003
378.0102080000003
378.2546670000003
378.51235900000034
378.75424500000037
378.99038600000034
379.23951200000033
379.52119000000033
379.78633500000035
380.08699000000036
380.40154400000034
380.67767700000036
380.9316770000004
381.1848700000004
381.4337150000004
381.6968830000004
381.9722810000004
382.2248730000004
382.4767900000004
382.7358420000004
382.9943130000004
383.23239000000035
383.48484700000034
383.74291000000034
384.0099400000003
384.2647900000003
384.5136370000003
384.7907590000003
385.07362200000034
385.33944900000034
385.61661700000036
385.9001530000004
386.17260800000037
386.4533770000004
386.7405000000004
387.0160320000004
387.2878240000004
387.5586060000004
387.8342290000004
388.1120070000004
388.3712810000004
388.6563970000004
388.93370400000043
389.21463000000045
389.48640000000046
389.77521100000047
390.06501900000046
390.3492140000005
390.63319900000045
390.90095300000047
391.1767080000005
391.4441010000005
391.7133940000005
391.97403300000053
392.24334400000055
392.5110980000006
392.7840820000006
393.0471340000006
393.30635300000057
393.57758800000056
393.85352400000056
394.13297900000055
394.40931100000057
394.68811800000054
394.95358700000054
395.21259000000055
395.47774600000054
395.7593610000005
396.02455400000053
396.2824170000005
396.54810100000054
396.82447000000053
397.12026000000054
397.3889340000005
397.65567400000054
397.92240300000054
398.18991300000056
398.4575580000006
398.7331460000006
399.0313540000006
399.3256310000006
399.60653500000063
399.8780700000006
400.1521570000006
400.4364040000006
400.7200510000006
400.9990170000006
401.2843500000006
401.5649480000006
401.8633110000006
402.16199400000056
402.44226400000053
402.7172630000005
402.9848690000005
403.25352700000053
403.52380400000055
403.79915500000055
404.0853040000006
404.3645950000006
404.64317700000055
404.91407500000054
405.1915280000005
405.4624050000005
405.7269150000005
405.98800300000045
406.2695800000005
406.5569030000005
406.8433380000005
407.11984100000046
407.39051800000044
407.67408300000045
407.94534100000044
408.23157800000047
408.5127110000005
408.78428300000047
409.0730220000005
409.3705310000005
409.6414150000005
409.9186590000005
410.1910770000005
410.4768790000005
410.7573460000005
411.03698500000047
411.3137690000005
411.6061030000005
411.87760700000047
412.15304900000046
412.44335700000045
412.72547600000047
413.01017600000046
413.28399900000045
413.55695600000047
413.8363060000005
414.1517700000005
414.4476070000005
414.7638050000005
415.0576320000005
415.32588400000054
415.63113600000054
415.9144420000005
416.20397000000054
416.4784720000005
416.7672670000005
417.0292850000005
417.31135800000055
417.5903690000006
417.8516930000006
418.1139190000006
418.3869640000006
418.67146800000063
418.95032800000064
419.23781400000064
419.5069800000006
419.7836460000006
420.0452800000006
420.3236720000006
420.6056520000006
420.8735640000006
421.1439920000006
421.4182560000006
421.68484000000063
421.95219700000064
422.23654800000065
422.50077000000067
422.78530700000067
423.0565090000007
423.3251320000007
423.5949820000007
423.8647040000007
424.1374680000007
424.4072820000007
424.6810160000007
424.9488150000007
425.2164150000007
425.49455000000074
425.78754600000076
426.07163600000075
426.34980100000075
426.61320500000073
426.88937800000076
427.1625410000008
427.44242300000076
427.7288180000008
428.00935700000076
428.29197800000077
428.57976700000074
428.84994500000073
429.1505900000007
429.4320880000007
429.7080400000007
429.9901070000007
430.3006500000007
430.5972840000007
430.89972500000067
431.17455900000067
431.44262400000065
431.71164900000065
431.98824100000064
432.26338000000067
432.55953700000066
432.8236440000007
433.1033850000007
433.4056380000007
433.7000070000007
433.9828890000007
434.2609610000007
434.5451440000007
434.8262800000007
435.0914740000007
435.3471820000007
435.6174970000007
435.88624000000067
436.14806100000067
436.41555600000066
436.6884030000007
436.97146200000066
437.23452400000065
437.50739000000067
437.77295000000066
438.04722400000065
438.30351300000063
438.56523400000066
438.83475800000065
439.12643000000065
439.4046760000007
439.6738290000007
439.9353970000007
440.1980570000007
440.47343800000067
440.75780200000065
441.03384700000066
441.31296400000065
441.59022300000066
441.8607730000007
442.1481030000007
442.43631200000067
442.71837400000067
442.98402600000065
443.25534300000066
443.51900900000066
443.78132200000067
444.06664700000067
444.3362760000007
444.6043740000007
444.87482700000066
445.13753600000064
445.3967930000006
445.6658950000006
445.9384460000006
446.2112190000006
446.4698310000006
446.7388380000006
447.0044350000006
447.2767020000006
447.5641030000006
447.8341920000006
448.1051930000006
448.3692950000006
448.6263310000006
448.8954090000006
449.1640090000006
449.4354400000006
449.7137600000006
450.0039310000006
450.2653250000006
450.5283580000006
450.8027480000006
451.0816500000006
451.3596170000006
451.6474380000006
451.9216020000006
452.1971280000006
452.4624670000006
452.7273430000006
452.99140200000056
453.2621040000006
453.53298600000056
453.78764500000057
454.04942800000055
454.31180600000056
454.58807700000057
454.8537150000006
455.12409900000057
455.39272700000055
455.66648700000053
455.94455500000055
456.22069000000056
456.4992980000006
456.78532700000056
457.05597100000057
457.3220580000006
457.5951620000006
457.8537770000006
458.1199520000006
458.3911800000006
458.6596240000006
458.9432110000006
459.22131700000057
459.48736900000057
459.7543190000006
460.02909400000055
460.30150300000054
460.57898800000055
460.87243400000057
461.14988400000055
461.41328900000053
461.68127200000055
461.95091000000053
462.22807600000056
462.48767700000053
462.7516210000005
463.0178640000005
463.2799000000005
463.55139000000054
463.81424200000055
464.08687000000054
464.36440400000055
464.64353500000055
464.92631400000056
465.19970800000056
465.4874550000006
465.7654520000006
466.0320230000006
466.3039970000006
466.5676580000006
466.8347020000006
467.0987050000006
467.3610750000006
467.6247200000006
467.8833260000006
468.1548460000006
468.4136870000006
468.6792200000006
468.9380230000006
469.2136490000006
469.4826960000006
469.7569220000006
470.0292710000006
470.2995000000006
470.5710890000006
470.8476830000006
471.1241840000006
471.39839200000057
471.68654200000054
471.94759700000054
472.21700200000055
472.49080400000054
472.76775300000054
473.05127700000054
473.32335700000056
473.59385500000053
473.86280500000055
474.15126100000055
474.4241220000005
474.69615500000054
474.97724100000056
475.2602180000006
475.5373500000006
475.8223950000006
476.0948490000006
476.36182900000057
476.62426500000055
476.90303600000055
477.17476000000056
477.43777800000055
477.70988200000056
477.97673200000054
478.26011500000055
478.5356140000006
478.8099270000006
479.0807060000006
479.3417090000006
479.6139750000006
479.8835180000006
480.1571050000006
480.4351820000006
480.7042070000006
480.9656870000006
481.23511400000064
481.50183500000065
481.78263300000066
482.05200200000064
482.32739600000065
482.61890700000066
482.9044460000007
483.1786700000007
483.4692860000007
483.7427760000007
484.00287200000065
484.27444300000064
484.54742400000066
484.81662700000066
485.09019800000067
485.34995100000066
485.64299900000066
485.91340000000065
486.1926810000007
486.46173300000066
486.7382960000007
487.0237930000007
487.2872640000007
487.55552500000067
487.8252400000007
488.0891750000007
488.3657210000007
488.6477110000007
488.9188790000007
489.1903620000007
489.46986200000066
489.73443600000064
490.00145700000064
490.27017800000067
490.54081100000064
490.8059280000006
491.07330000000064
491.34639900000064
491.63063700000066
491.89788400000066
492.18015500000064
492.4716320000006
492.7611240000006
493.03493700000064
493.3145090000006
493.6084190000006
493.89125500000057
494.19889700000056
494.50129200000055
494.7794920000006
495.0569600000006
495.3510800000006
495.6444950000006
495.9111760000006
496.1795880000006
496.4555670000006
496.7252130000006
496.9973910000006
497.27462300000064
497.56956300000064
497.84979400000066
498.1283780000007
498.4116800000007
498.6904470000007
498.9686110000007
499.2419700000007
499.5075730000007
499.7940980000007
500.0521550000007
500.3132090000007
500.5784850000007
500.8588810000007
501.1407550000007
501.4158040000007
501.67349400000074
501.93790000000075
502.20527800000076
502.47822800000074
502.74504900000073
503.02161500000074
503.29025300000075
503.56148100000075
503.8226140000007
504.0981710000007
504.3610280000007
504.6355990000007
504.8979160000007
505.1668070000007
505.44284400000066
505.70750500000065
506.0020270000006
506.27147300000064
506.5344960000006
506.8152730000006
507.0726530000006
507.34075400000063
507.61107900000064
507.88969500000064
508.16621900000064
508.4395950000006
508.7049150000006
508.9820310000006
509.2543780000006
509.5234130000006
509.7986970000006
510.0825250000006
510.3688900000006
510.65584600000057
510.9305800000006
511.2028140000006
511.4805750000006
511.7426210000006
512.0139460000006
512.3039650000006
512.5745740000007
512.8492160000006
513.1202850000006
513.3925130000007
513.6567280000007
513.9226630000007
514.1918490000007
514.4632450000007
514.7355010000007
515.0102220000007
515.2699230000006
515.5338360000006
515.7967080000006
516.0649320000007
516.3355090000007
516.5934210000007
516.8598640000007
517.1347030000007
517.3978730000007
517.6636150000007
517.9452830000007
518.2078350000007
518.4933290000007
518.7810410000008
519.0561610000008
519.3246440000007
519.6039100000007
519.8837110000007
520.1690520000008
520.4386340000008
520.7271280000008
520.9971870000007
521.2830490000007
521.5555830000006
521.8216160000006
522.0959690000007
522.3669520000007
522.6372230000006
522.9056150000006
523.1714710000006
523.4376900000005
523.7080340000006
523.9849740000005
524.2578760000006
524.5210230000006
524.7917810000006
525.0582230000006
525.3253830000006
525.5850190000006
525.8546060000006
526.1139130000006
526.3828160000006
526.6546220000006
526.9300280000006
527.1909950000006
527.4731080000006
527.7285740000005
528.0039140000006
528.2726000000006
528.5567690000006
528.8253050000006
529.0909980000007
529.3508540000007
529.6300960000007
529.9058280000006
530.1808430000007
530.4522300000007
530.7182390000007
530.9920860000008
531.2506240000008
531.5138440000009
531.7939210000009
532.0524600000009
532.3250580000009
532.6025670000009
532.8739300000009
533.1386350000009
533.4211930000009
533.6940280000009
533.9559620000009
534.2212670000009
534.4873560000009
534.7580720000009
535.0342560000008
535.3074000000008
535.5751540000008
535.8502130000008
536.1144240000009
536.3827940000009
536.6533740000009
536.9271340000009
537.183295000001
537.453178000001
537.714482000001
537.979860000001
538.2499680000011
538.5063610000011
538.7794260000011
539.047639000001
539.312067000001
539.582594000001
539.8642260000009
540.123574000001
540.393257000001
540.658107000001
540.924853000001
541.184471000001
541.449428000001
541.7123350000011
541.969469000001
542.233688000001
542.495359000001
542.765957000001
543.024658000001
543.306564000001
543.568637000001
543.820633000001
544.077418000001
544.342552000001
544.615966000001
544.880371000001
545.140598000001
545.445656000001
545.708343000001
545.9658940000011
546.2340380000011
546.4926380000011
546.748014000001
547.0102520000011
547.2684440000011
547.5381930000011
547.7968970000011
548.0535540000011
548.3130190000011
548.5792760000011
548.8602590000011
549.119003000001
549.382211000001
549.6547040000011
549.9196800000011
550.1980490000011
550.4660000000011
550.7317560000012
551.0063440000011
551.2766710000011
551.5503720000011
551.8330440000011
552.1066540000011
552.3790290000011
552.655968000001
552.9249940000011
553.194288000001
553.457413000001
553.714068000001
553.979256000001
554.246382000001
554.5199360000009
554.791260000001
555.072479000001
555.325678000001
555.586422000001
555.8544090000009
556.1151400000009
556.378042000001
556.653970000001
556.9179500000009
557.1778310000009
557.4371790000009
557.712104000001
557.975207000001
558.237733000001
558.503623000001
558.790396000001
559.066890000001
559.336151000001
559.606973000001
559.879579000001
560.142528000001
560.417840000001
560.6761000000009
560.9510060000009
561.2202010000009
561.4944410000008
561.7722790000008
562.0493740000009
562.3267570000008
562.6072230000009
562.8746150000009
563.1550170000008
563.4408650000008
563.7183980000008
563.9903550000008
564.2527920000008
564.5157590000008
564.7678160000008
565.0335790000008
565.3037260000008
565.5676890000008
565.8236640000008
566.0833340000008
566.3480650000008
566.6111730000008
566.8772930000008
567.1400260000008
567.4043830000008
567.6666280000009
567.9252510000008
568.1904260000008
568.4586150000008
568.7197530000008
568.9842450000008
569.2544660000008
569.5178080000007
569.7892370000008
570.0593640000008
570.3294200000007
570.6042580000008
570.8510760000007
571.1119260000007
571.3760280000007
571.6291070000007
571.8891080000006
572.1585150000006
572.4214340000007
572.6772460000007
572.9367360000007
573.1856300000006
573.4542130000007
573.7091070000007
573.9530480000006
574.2152100000006
574.5023390000007
574.7917980000007
575.0741940000006
575.3569820000006
575.6375250000006
575.9133730000005
576.1874820000005
576.4656490000006
576.7407200000006
577.0011260000006
577.2698000000006
577.5332990000006
577.8011380000006
578.0632660000006
578.3273600000006
578.5948040000005
578.8567150000006
579.1215400000006
579.3675210000006
579.5994350000005
579.8402760000006
580.0925830000006
580.3310780000005
580.5709380000005
580.8012990000005
581.0372600000005
581.2693940000005
581.5021030000005
581.7303200000005
581.9435340000005
582.1625500000005
582.3860060000005
582.6146970000005
582.8325910000005
583.0474380000005
583.2642860000005
583.4784400000005
583.7355220000005
583.9595170000005
584.1767390000005
584.3789760000004
584.5851290000004
584.7895310000004
584.9868740000004
585.1905460000004
585.4007120000003
585.6001390000004
585.8020970000003
586.0018230000004
586.1890740000003
586.3812300000003
586.5749860000003
586.7618690000003
586.9465910000002
587.1270600000003
587.3140320000002
587.5007040000003
587.6985500000003
587.8882260000003
588.0902180000003
588.2792190000002
588.4609640000002
588.6427200000002
588.8332920000001
589.0239450000001
589.2078960000001
589.3899220000001
589.5644850000001
589.7412760000001
589.9255120000001
590.1123740000002
590.3154460000002
590.4904450000001
590.6555300000001
590.8397400000001
591.0172430000001
591.1737120000001
591.3294920000002
591.4912500000002
591.6479590000001
591.8100140000001
591.9762580000001
592.1531570000002
592.3212360000002
592.5045950000002
592.6649250000003
592.8242960000002
592.9925590000003
593.1707990000002
593.3365760000003
593.4932230000003
593.6523050000003
593.8109100000003
593.9698330000002
594.1303340000002
594.3194280000001
594.4989710000001
594.6782310000001
594.8443940000001
595.015383
595.1981010000001
595.373187
595.549649
595.732032
595.916731
596.0949400000001
596.27165
596.475897
596.657852
596.859011
597.051869
597.251885
597.462273
597.661079
597.8515279999999
598.0433879999999
598.249599
598.429397
598.604467
598.791098
598.967349
599.197994
599.373731
599.5404550000001
599.717654
599.892961
600.072538
600.244903
600.426823
600.604009
600.794341
600.973172
601.143608
601.31659
601.5011930000001
601.678118
601.8766340000001
602.0640300000001
602.2518350000001
602.4393800000001
602.6207130000001
602.8019720000001
602.9878760000001
603.1759230000001
603.3854290000002
603.5742790000002
603.7792770000002
603.9737900000002
604.1662600000002
604.3590900000002
604.5559520000002
604.7681830000001
604.9617010000002
605.1874150000002
605.4104430000002
605.6185970000002
605.8396110000002
606.0574800000002
606.2781770000001
606.4974560000002
606.7185530000002
606.9417080000002
607.1576980000002
607.3788130000003
607.5984040000003
607.8302470000003
608.0599820000003
608.2834700000003
608.4943620000003
608.7006320000003
608.9028390000003
609.1077880000004
609.3103420000003
609.5169380000003
609.7116590000003
609.8992800000003
610.0894090000003
610.2713840000002
610.4571160000003
610.6516460000003
610.8557980000003
611.0438130000002
611.2294110000003
611.4059520000003
611.5717580000003
611.7395490000002
611.9008120000002
612.0804450000002
612.2481040000001
612.4079520000001
612.5614860000002
612.7169750000002
612.8679910000002
613.0200960000002
613.1773350000002
613.3311100000002
613.5001070000002
613.6642840000002
613.8179450000002
613.9709160000002
614.1236250000002
614.2747580000001
614.4256130000001
614.5868190000001
614.7641050000001
614.9308020000001
615.0975900000001
615.266826
615.433297
615.601571
615.766422
615.932492
616.122522
616.2980680000001
616.461223
616.62604
616.796058
616.967231
617.1286699999999
617.2846699999999
617.4555129999999
617.6239179999999
617.7946229999999
617.9706589999998
618.1526579999999
618.3491739999998
618.5363759999998
618.7181859999998
618.9051059999998
619.0918519999998
619.2705619999998
619.4577649999998
619.6396039999997
619.8118279999998
620.0017999999998
620.1761189999997
620.3615929999997
620.5409599999997
620.7252069999997
620.9054189999997
621.0792049999997
621.2528979999996
621.4305489999996
621.6061309999996
621.7814329999995
621.9742169999995
622.1427719999995
622.3099269999994
622.5037109999995
622.6794669999995
622.8672839999995
623.0422619999995
623.2102939999995
623.3799379999995
623.5540119999995
623.7193619999995
623.8797979999995
624.0422569999995
624.2069149999995
624.3706649999996
624.5415039999996
624.7002109999996
624.8603539999996
625.0403169999996
625.2129169999996
625.3873119999996
625.5472249999996
625.7040959999996
625.8713599999996
626.0313529999996
626.1907379999997
626.3547579999997
626.5088169999997
626.6742059999997
626.8253489999997
626.9772639999998
627.1371199999998
627.3001969999998
627.4540849999998
627.6095299999998
627.7733249999999
627.9350719999999
628.0974739999999
628.2543669999999
628.4152049999999
628.5774589999999
628.7375399999999
628.9166859999998
629.0731929999998
629.2300929999998
629.3936409999998
629.5561399999998
629.7116119999998
629.8696309999998
630.0259749999998
630.1840189999998
630.3427529999998
630.5035049999998
630.6706039999998
630.8282129999998
630.9810069999997
631.1379529999997
631.2971219999997
631.4634059999997
631.6231709999997
631.7823659999997
631.9455779999997
632.1202629999997
632.2843199999996
632.4469669999996
632.6124409999996
632.7799709999997
632.9461569999997
633.1133799999998
633.2686339999998
633.4278939999998
633.5921519999998
633.7540889999998
633.9225599999997
634.0976289999998
634.2795369999998
634.4384219999998
634.5936359999998
634.7591839999998
634.9225479999998
635.0825049999997
635.2685809999997
635.4260819999997
635.5927649999998
635.7476539999998
635.9135319999998
636.0948759999998
636.2484269999998
636.4091389999998
636.5673979999998
636.7413739999998
636.9024629999998
637.0607009999998
637.2088389999998
637.3764139999998
637.5359739999999
637.7041029999999
637.874975
638.045543
638.2008969999999
638.3567919999999
638.5428459999999
638.7015469999999
638.8713729999998
639.0378519999998
639.2099469999998
639.3777199999998
639.5528609999999
639.7238799999999
639.8952639999999
640.0528069999999
640.2158529999999
640.3778359999999
640.5442239999999
640.7150019999999
640.8827339999999
641.0541529999999
641.2167489999999
641.4096179999999
641.5887959999999
641.7651809999999
641.9614699999998
642.1466639999999
642.3195289999999
642.5045259999998
642.6851699999999
642.8606859999999
643.0355529999998
643.2075559999998
643.3753819999998
643.5501729999999
643.7248989999998
643.8922259999998
644.0613539999998
644.2473739999998
644.4156159999998
644.5831749999998
644.7513499999998
644.9173319999998
645.0831459999997
645.2494369999997
645.4237059999997
645.5970949999997
645.7690459999998
645.9488759999998
646.1112299999999
646.2843229999999
646.4560419999999
646.6304969999999
646.7879649999999
646.9552239999998
647.1220729999998
647.2921719999998
647.4691289999998
647.6330709999999
647.7980939999999
647.9640609999999
648.1306169999999
648.2994519999999
648.4628949999999
648.6321989999999
648.7956559999999
648.9579659999999
649.121995
649.286573
649.454646
649.616592
649.780073
649.947702
650.1168530000001
650.2803260000001
650.445594
650.6054700000001
650.7639530000001
650.9356100000001
651.113676
651.2970290000001
651.476985
651.66017
651.838038
652.015908
652.194035
652.382249
652.549096
652.7114879999999
652.8762439999999
653.0526729999999
653.212728
653.376315
653.547832
653.71766
653.887731
654.0553070000001
654.2279010000001
654.38696
654.554556
654.720231
654.894017
655.0593339999999
655.228182
655.39974
655.568507
655.723545
655.9079409999999
656.0885109999999
656.264103
656.4394589999999
656.6169389999999
656.8051299999998
656.9942899999999
657.1746499999998
657.3611829999999
657.5356379999998
657.7052849999999
657.8747749999999
658.0475259999998
658.2176829999999
658.3859139999998
658.5494639999998
658.7041969999998
658.8614649999998
659.0168059999999
659.1708129999998
659.3185979999998
659.4664359999998
659.6257309999999
659.7780329999998
659.9289639999998
660.0750289999999
660.2428189999998
660.3884159999998
660.5612949999997
660.7248579999997
660.8768129999997
661.0526209999997
661.2155689999997
661.3808649999997
661.5416319999997
661.7047579999997
661.8793839999997
662.0454519999997
662.2169319999997
662.3853509999997
662.5478939999997
662.7209999999997
662.8832539999996
663.0509269999997
663.2138609999996
663.3747219999996
663.5339789999996
663.6964659999996
663.8654999999997
664.0419539999997
664.2079349999997
664.3617959999997
664.5184759999997
664.6836089999997
664.8421549999997
665.0153709999997
665.1887359999997
665.3483249999997
665.5137509999997
665.6918479999997
665.8688179999997
666.0435459999997
666.2213649999997
666.3927399999997
666.5618899999996
666.7445129999996
666.9126359999997
667.0838989999996
667.2590629999996
667.4435549999996
667.6322869999996
667.8205529999996
667.9984729999995
668.1796719999995
668.3432749999995
668.5078399999995
668.6757379999996
668.8408819999996
668.9982849999997
669.1626739999997
669.3376219999997
669.4889999999997
669.6496549999997
669.8179019999997
669.9882759999997
670.1739569999997
670.3481429999997
670.5215519999997
670.6941669999997
670.8704739999996
671.0602229999996
671.2307469999996
671.4159759999997
671.5899189999997
671.7571009999997
671.9246829999997
672.1039819999997
672.2800139999997
672.4548939999997
672.6176489999997
672.7917499999996
672.9569369999996
673.1146139999996
673.2837479999996
673.4474129999996
673.6237319999997
673.7862919999997
673.9576769999996
674.1302589999997
674.3013509999997
674.4658769999998
674.6349049999998
674.7981259999998
674.9721049999998
675.1435009999998
675.3020329999998
675.4645629999998
675.6268149999997
675.7877979999997
675.9528489999997
676.1116089999997
676.2790779999997
676.4548009999996
676.6403909999997
676.8109119999997
676.9891189999997
677.1691099999997
677.3425689999997
677.5545349999996
677.7504539999996
677.9250249999997
678.1071649999997
678.2831009999996
678.4660719999996
678.6643329999996
678.8396729999996
679.0284069999996
679.2207009999995
679.4050959999995
679.5940979999995
679.7829489999995
679.9663999999995
680.1478259999994
680.3459079999994
680.5451269999994
680.7290229999994
680.9100729999994
681.0939499999995
681.2747979999995
681.4503629999995
681.6296959999995
681.8061079999995
682.0044779999995
682.2100719999995
682.4072479999995
682.5969699999995
682.7978539999995
682.9851739999995
683.1669029999995
683.3697639999995
683.5638119999994
683.7462459999994
683.9283259999994
684.1264929999994
684.3038879999995
684.4893219999994
684.6663839999994
684.8485289999994
685.0479259999994
685.2333799999994
685.4192839999995
685.6121079999995
685.8029059999994
685.9973659999995
686.1860609999995
686.3737869999995
686.5559949999995
686.7370019999995
686.9349329999995
687.1281189999995
687.3091649999996
687.4994399999996
687.6744619999996
687.8502119999996
688.0325079999996
688.2094099999996
688.4087759999996
688.5984429999996
688.7711959999996
688.9447439999996
689.1272829999996
689.3016419999996
689.4828739999996
689.6532109999996
689.8244479999996
689.9935309999996
690.1767089999996
690.3399429999996
690.5070029999996
690.6767519999996
690.8415849999997
691.0077659999997
691.2002789999997
691.3713439999997
691.5508519999997
691.7314809999997
691.9099459999996
692.1049319999996
692.2909779999997
692.4708329999996
692.6522269999996
692.8196359999996
692.9953679999996
693.1659609999997
693.3387499999997
693.5153419999997
693.6936979999997
693.8935589999998
694.0898419999997
694.2834129999998
694.4748479999997
694.6528549999997
694.8407589999997
695.0292699999997
695.2121339999997
695.3938429999996
695.5763529999996
695.7657429999996
695.9531869999996
696.1557759999996
696.3460129999996
696.5393519999997
696.7372529999997
696.9373649999997
697.1299359999997
697.3146709999997
697.5076199999997
697.6899469999997
697.8855339999998
698.0843909999998
698.2930799999998
698.4895699999998
698.6858359999999
698.8740849999999
699.0623879999999
699.248697
699.438078
699.6234860000001
699.8001180000001
699.9908730000001
700.1882720000001
700.3850730000001
700.5760230000002
700.7699230000002
700.9748030000002
701.1672560000002
701.3653370000002
701.5521030000002
701.7412330000002
701.9311310000002
702.1191810000001
702.2965590000001
702.4835640000001
702.6649490000001
702.8360860000001
703.0155710000001
703.1844170000002
703.3523070000002
703.5195460000002
703.6878530000002
703.8572170000002
704.0226950000002
704.1880470000002
704.3616050000002
704.5188500000002
704.6818210000001
704.8487000000001
704.9962350000001
705.1485670000001
705.3197510000001
705.4912100000001
705.6522780000001
705.8162850000001
705.9866340000001
706.1380520000001
706.2848440000001
706.4355740000001
706.5821030000001
706.727692
706.906243
707.063582
707.225377
707.372661
707.519847
707.6691490000001
707.8129040000001
707.9560070000001
708.1029060000001
708.2508660000001
708.40308
708.5496300000001
708.6951120000001
708.8500540000001
709.0046550000001
709.1577420000001
709.334097
709.5051480000001
709.6762160000001
709.847924
710.025377
710.197403
710.3744790000001
710.5386460000001
710.7101920000001
710.8705360000001
711.0250460000001
711.1795730000001
711.3296890000001
711.4879800000001
711.6446160000002
711.8085560000002
711.9676350000002
712.1404330000001
712.2979760000002
712.4552250000002
712.6152250000001
712.7700460000001
712.9237630000001
713.0710460000001
713.2206530000001
713.3674370000001
713.5158640000001
713.6725560000001
713.8293080000001
713.9897530000001
714.148544
714.304039
714.473576
714.6236769999999
714.784064
714.952192
715.1071519999999
715.264733
715.427778
715.590107
715.758295
715.928918
716.0882049999999
716.253759
716.4317599999999
716.606144
716.773884
716.954396
717.121579
717.308494
717.475197
717.6300209999999
717.7912799999999
717.9476169999999
718.1068859999999
718.267581
718.4174579999999
718.5771419999999
718.7352379999999
718.8975159999999
719.0528289999999
719.2109009999998
719.3656929999999
719.5221939999999
719.6965049999999
719.8477229999999
719.9988739999999
720.165053
720.3374709999999
720.5295259999999
720.7077009999999
720.8847679999999
721.0619829999999
721.233044
721.409864
721.56124
721.722289
721.8827090000001
722.040956
722.207211
722.370846
722.524857
722.680934
722.843757
723.0004299999999
723.156389
723.313257
723.465621
723.621064
723.772144
723.928297
724.090671
724.236341
724.383469
724.530026
724.676567
724.842346
725.001435
725.1580270000001
725.3101760000001
725.476485
725.640386
725.82282
725.976126
726.129681
726.280134
726.43665
726.588396
726.751138
726.907836
727.0816609999999
727.248518
727.4099659999999
727.590753
727.761664
727.9305889999999
728.0962579999999
728.2766529999999
728.4484589999998
728.6221189999999
728.7966579999999
728.9667409999998
729.1447789999999
729.3207989999999
729.4984449999998
729.6745589999998
729.8567629999998
730.0368199999998
730.2204319999998
730.4287109999998
730.6258539999998
730.8357999999997
731.0285089999998
731.2138859999998
731.4032339999998
731.5980429999997
731.7947319999997
731.9937049999997
732.1824209999997
732.3771649999998
732.5739329999998
732.7549179999997
732.9553789999998
733.1531269999998
733.3467239999998
733.5379019999998
733.7265109999998
733.9027759999998
734.0975959999998
734.2817899999999
734.4576609999999
734.6331119999999
734.8080369999999
734.9937519999999
735.1693589999999
735.3554829999998
735.5308529999999
735.7104849999998
735.8826069999998
736.0600179999998
736.2290549999998
736.4067759999998
736.5716549999999
736.7494699999999
736.9355329999999
737.1031939999998
737.2686609999998
737.4377849999998
737.6112289999999
737.7863079999998
737.9546579999999
738.1335479999999
738.2999609999999
738.47038
738.6398369999999
738.7998739999999
738.959623
739.1200779999999
739.2856899999999
739.4492539999999
739.6206019999998
739.7792739999999
739.9357509999999
740.0880199999999
740.2447419999999
740.4040639999998
740.5555899999998
740.7106299999998
740.8782189999998
741.0445729999998
741.2105179999998
741.3701139999997
741.5481549999997
741.7128259999997
741.8816539999997
742.0466249999997
742.2248679999997
742.3890449999997
742.5568529999997
742.7252459999997
742.8976439999998
743.0660069999998
743.2366459999998
743.4101829999998
743.5795779999999
743.7497719999999
743.931172
744.0927039999999
744.2669779999999
744.4359069999999
744.6072909999999
744.7838239999999
744.9479359999999
745.1217039999999
745.3052999999999
745.4757489999998
745.6384129999998
745.8022429999997
745.9621289999998
746.1340389999998
746.3022519999998
746.4659879999998
746.6461219999998
746.8260819999998
747.0014549999999
747.1694949999999
747.3388229999998
747.5137879999999
747.6847819999998
747.8577509999998
748.0319609999998
748.2176999999998
748.4091369999998
748.6075469999997
748.8099189999997
748.9918659999997
749.1523109999997
749.3046059999997
749.4666399999996
749.6276479999997
749.7963649999997
749.9838119999997
750.1609629999997
750.3252269999997
750.4860229999997
750.6488759999997
750.8142749999997
750.9867649999998
751.1501999999998
751.3117919999999
751.4805369999998
751.6458519999998
751.8108319999998
751.9768239999997
752.1470889999997
752.3054459999997
752.4671759999998
752.6328129999997
752.7936349999998
752.9559079999998
753.1192279999998
753.2860559999998
753.4537259999998
753.6172369999998
753.7907979999998
753.9567219999998
754.1309069999998
754.3076759999998
754.4734869999997
754.6364469999997
754.7990219999997
754.9566859999996
755.1107979999997
755.2707909999997
755.4354999999997
755.6066599999997
755.7779469999997
755.9440759999997
756.1104589999997
756.2736029999996
756.4396159999997
756.5960459999997
756.7656179999997
756.9429669999997
757.1104199999997
757.2760139999998
757.4356399999998
757.5932689999999
757.7734609999999
757.9410229999999
758.1146789999999
758.2879869999999
758.4477929999999
758.6085219999999
758.7645799999999
758.9288049999999
759.0870879999999
759.2533619999999
759.4148559999999
759.5746529999999
759.7317339999998
759.8917369999998
760.0560189999998
760.2321419999997
760.4091759999998
760.5920899999998
760.7732519999997
760.9548209999997
761.1243569999997
761.2895869999996
761.4544539999996
761.6533639999996
761.8247789999996
761.9994389999996
762.1621139999996
762.3397629999996
762.5059789999996
762.6688239999995
762.8292439999996
762.9901279999996
763.1525249999996
763.3144499999996
763.4759269999996
763.6315859999996
763.7978519999996
763.9535029999996
764.1295569999996
764.2917399999997
764.4600949999997
764.6195279999997
764.7837879999997
764.9330819999998
765.0893239999998
765.2441339999998
765.4099909999998
765.5618229999998
765.7154099999998
765.8680459999998
766.0302599999998
766.1856149999998
766.3392999999998
766.4919889999998
766.6510889999997
766.8124529999998
766.9720729999998
767.1304679999998
767.2935009999999
767.4483949999999
767.6073179999999
767.7638159999999
767.9244289999999
768.0766749999999
768.2336779999999
768.3947629999999
768.5694949999998
768.7355109999999
768.8911419999998
769.0665939999998
769.2397949999997
769.4116399999997
769.5789229999997
769.7453289999997
769.9128049999997
770.0768809999997
770.2380149999997
770.3942499999997
770.5598479999998
