0.030952
0.163218
0.30405000000000004
0.44509400000000005
0.583207
0.747766
0.886924
1.019004
1.156524
1.3139640000000001
1.4492730000000003
1.5900810000000003
1.7269240000000003
1.8841760000000003
2.0421630000000004
2.1865850000000004
2.3307850000000006
2.4743780000000006
2.6201190000000008
2.763420000000001
2.896769000000001
3.0350260000000007
3.1746240000000006
3.3181370000000006
3.4546750000000004
3.5933980000000005
3.7413760000000007
3.8782840000000007
4.022991000000001
4.163475000000001
4.302920000000001
4.437414000000001
4.578643000000001
4.714118000000001
4.848079000000001
4.9832420000000015
5.1197370000000015
5.2533530000000015
5.386401000000001
5.529747000000001
5.6690520000000015
5.812699000000001
5.954876000000001
6.088816000000001
6.238350000000001
6.383918000000001
6.523022000000001
6.665372000000001
6.813823000000001
6.9544320000000015
7.095026000000002
7.226800000000002
7.363100000000002
7.504328000000002
7.644363000000002
7.779867000000002
7.919861000000002
8.054899000000002
8.195822000000003
8.373784000000004
8.538675000000005
8.709910000000004
8.868115000000005
9.035476000000005
9.211016000000004
9.375994000000004
9.531411000000004
9.687977000000004
9.873475000000004
10.039293000000004
10.193576000000004
10.357095000000005
10.518307000000005
10.682978000000006
10.843579000000005
11.006658000000005
11.182228000000006
11.351142000000007
11.513939000000006
11.677719000000005
11.833441000000006
11.993565000000006
12.157886000000005
12.316465000000004
12.471353000000004
12.630149000000005
12.793591000000005
12.950734000000004
13.118229000000005
13.286352000000004
13.444838000000004
13.618340000000003
13.789364000000003
13.968306000000002
14.137373000000002
14.310418000000002
14.481195000000001
14.656832000000001
14.832747000000001
15.007664000000002
15.190760000000003
15.365145000000002
15.539663000000003
15.715923000000002
15.889384000000002
16.054629000000002
16.221561
16.387344000000002
16.554953
16.718951
16.891912
17.069898000000002
17.260639
17.441794
17.618057
17.78669
17.95499
18.130491
18.298396
18.462273
18.631942
18.793136999999998
18.96362
19.139487
19.315666999999998
19.492573999999998
19.670274999999997
19.844911999999997
20.022916
20.185990999999998
20.359814999999998
20.521157
20.700277
20.876026
21.042663
21.203288
21.368308
21.532224
21.692058
21.852754
22.017396
22.194943000000002
22.372745000000002
22.554035000000002
22.734203
22.911495000000002
23.092852
23.257131
23.428201
23.583733000000002
23.751547000000002
23.932307
24.097214
24.252998
24.428701
24.597204
24.779642000000003
24.952233000000003
25.132019000000003
25.306253
25.475671000000002
25.645232000000004
25.820725000000003
26.006230000000002
26.187490000000004
26.365800000000004
26.528556000000005
26.708489000000004
26.888492000000003
27.089757000000002
27.285745000000002
27.466878
27.664288000000003
27.848935000000004
28.036139000000006
28.222375000000007
28.406804000000008
28.59499900000001
28.774681000000008
28.969670000000008
29.177187000000007
29.372442000000007
29.576714000000006
29.769665000000007
29.966762000000006
30.164247000000007
30.361768000000005
30.561173000000004
30.762678000000005
30.952732000000005
31.152574000000005
31.345105000000004
31.533280000000005
31.732559000000006
31.936853000000006
32.14625900000001
32.355422000000004
32.543862000000004
32.74431800000001
32.93334500000001
33.12691200000001
33.33797700000001
33.52833900000001
33.72691700000001
33.925247000000006
34.12545000000001
34.318155000000004
34.520480000000006
34.71159500000001
34.90041300000001
35.10632700000001
35.30588100000001
35.50320800000001
35.71379900000001
35.911747000000005
36.12992200000001
36.33023300000001
36.51682100000001
36.720093000000006
36.90532400000001
37.08890000000001
37.27070900000001
37.46786700000001
37.66107700000001
37.85750400000001
38.05101900000001
38.24206300000001
38.43418700000001
38.61533200000001
38.80419900000001
39.00395900000001
39.19664600000001
39.38668600000001
39.57987200000001
39.77119900000001
39.95946100000001
40.14614900000001
40.33173500000001
40.51471200000001
40.70605200000001
40.90065500000001
41.09824400000001
41.28861200000001
41.484497000000005
41.67822100000001
41.87404000000001
42.07593200000001
42.26949200000001
42.463845000000006
42.668217000000006
42.859691000000005
43.06018100000001
43.252925000000005
43.44563900000001
43.64197000000001
43.83779800000001
44.037088000000004
44.230558
44.42299
44.628957
44.828945
45.052963999999996
45.270264999999995
45.4888
45.690306
45.894351
46.091271
46.293878
46.496716
46.697131
46.89236
47.092541999999995
47.29131699999999
47.480262999999994
47.670165999999995
47.87043799999999
48.05686699999999
48.24253599999999
48.420810999999986
48.59566599999999
48.769004999999986
48.94157199999999
49.11125399999999
49.27780899999999
49.45069799999999
49.62024899999999
49.789884999999984
49.95996499999998
50.12435999999998
50.29665799999998
50.47350599999998
50.64751899999998
50.81263599999998
50.97347899999998
51.14043599999998
51.31772699999998
51.48221399999998
51.653881999999975
51.82837499999997
51.99972399999997
52.165327999999974
52.327836999999974
52.49839099999998
52.67188399999998
52.84720799999998
53.01824899999998
53.18289699999998
53.342869999999984
53.50292499999998
53.658475999999986
53.82514999999999
53.98218999999999
54.13841799999999
54.294997999999985
54.44784999999999
54.60796299999999
54.77960399999999
54.96142999999999
55.11897199999999
55.28582099999999
55.450641999999995
55.61532999999999
55.779920999999995
55.939646999999994
56.106503
56.26566999999999
56.43016299999999
56.602889999999995
56.779135
56.948153999999995
57.13317599999999
57.30221799999999
57.473978999999986
57.65086299999999
57.821001999999986
57.98663099999999
58.15689599999999
58.32257999999999
58.49532399999999
58.66498899999999
58.84504599999999
59.01126199999999
59.19095399999999
59.35407099999999
59.52054699999999
59.693751999999996
59.86861
60.046999
60.223912
60.400935
60.581863
60.763106
60.942559
61.114609
61.286415
61.46048
61.626507
61.798978
61.965978
62.138879
62.311477000000004
62.483598
62.651067
62.817249
62.997648999999996
63.15744599999999
63.321889999999996
63.498538999999994
63.66018
63.823741999999996
63.987224
64.151552
64.310991
64.479187
64.650587
64.83028
65.00975700000001
65.18378700000001
65.36753200000001
65.55028600000001
65.72540800000002
65.90700300000002
66.08737600000002
66.26806300000003
66.44504700000003
66.62400100000004
66.79858600000003
66.97450200000003
67.14087500000002
67.32129200000003
67.49167500000003
67.66275400000004
67.85531300000004
68.02116400000004
68.18807100000004
68.36422400000004
68.52974300000004
68.69320600000003
68.88315900000003
69.07852500000004
69.27940600000004
69.45209000000004
69.62925500000004
69.80533100000004
69.97939000000004
70.15271900000003
70.33101500000004
70.50450400000004
70.67610800000004
70.84757000000005
71.01889800000005
71.18684900000005
71.35559200000006
71.52189300000006
71.69314000000006
71.86156500000006
72.04182000000006
72.23318500000006
72.40822900000006
72.58539300000007
72.76043100000007
72.93943500000007
73.12021600000007
73.29780700000008
73.48259000000007
73.65766100000008
73.83834100000007
74.01588000000007
74.20478000000007
74.39647200000007
74.58506900000008
74.78740100000007
74.97554900000007
75.15541600000007
75.33589100000007
75.52279800000008
75.71005000000008
75.90592900000009
76.09632500000009
76.3014410000001
76.50103400000009
76.69826600000009
76.8986700000001
77.0993070000001
77.30976300000009
77.52109700000008
77.73135500000008
77.95722700000007
78.16403900000007
78.38620900000008
78.59544600000008
78.79300300000008
79.00550800000008
79.19951800000008
79.39444800000008
79.59414400000009
79.78815000000009
79.98727100000009
80.20353000000009
80.41653700000009
80.62326900000009
80.8232120000001
81.02385700000009
81.2226800000001
81.42433800000009
81.62647300000009
81.82307000000009
82.01825500000008
82.20900600000009
82.39748000000009
82.5900880000001
82.7927790000001
82.99987900000009
83.23249800000009
83.4387670000001
83.6368360000001
83.8302350000001
84.0320690000001
84.2262630000001
84.4199890000001
84.6116810000001
84.79263300000011
84.9788350000001
85.16574800000011
85.35620200000011
85.5544940000001
85.7412620000001
85.92592400000011
86.10694000000011
86.30009000000011
86.47845400000011
86.66839200000011
86.84800600000011
87.02367800000012
87.19512300000012
87.37058500000012
87.54668800000012
87.72530600000012
87.89396300000011
88.06602400000011
88.24312200000011
88.42762800000011
88.5995280000001
88.7900680000001
88.98590700000011
89.14985100000011
89.31850800000011
89.48328000000011
89.64980000000011
89.81234300000011
90.00066000000011
90.17780300000011
90.34702600000011
90.52364200000011
90.70266400000011
90.87742000000011
91.04904600000012
91.22352000000012
91.44145600000012
91.63155400000012
91.84008600000013
92.02952600000013
92.21831000000013
92.40977600000014
92.60260700000013
92.78717800000014
92.98029300000015
93.18214200000014
93.36773800000014
93.55840400000014
93.75666600000014
93.94754000000013
94.12932200000013
94.30975300000013
94.48989700000013
94.67312800000013
94.86260700000014
95.05023300000013
95.23585800000014
95.41992200000014
95.61418700000014
95.81598500000014
96.01268500000015
96.19808400000015
96.38016200000015
96.55879800000015
96.74917400000015
96.93335900000015
97.11652900000016
97.30766500000016
97.49513000000016
97.67805000000016
97.86222100000016
98.04516700000016
98.22715200000016
98.41920600000016
98.62379700000015
98.82731600000015
99.03536900000016
99.24828800000016
99.44686400000016
99.65443900000017
99.85464100000017
100.04570300000017
100.23823300000018
100.43276200000018
100.64005200000018
100.86101200000019
101.06068500000019
101.2700850000002
101.4707990000002
101.6792750000002
101.8883760000002
102.08386600000021
102.27176200000021
102.4618820000002
102.6558700000002
102.8483860000002
103.05724400000021
103.2553620000002
103.4511940000002
103.6444120000002
103.8411840000002
104.05019900000019
104.23893800000019
104.4252540000002
104.60787100000019
104.79656800000019
104.98999700000019
105.17713700000019
105.36388300000019
105.54529700000019
105.7441810000002
105.9350560000002
106.1214460000002
106.30621400000021
106.48636200000021
106.67071600000021
106.85771100000021
107.0531990000002
107.2388600000002
107.4300070000002
107.6088940000002
107.7922640000002
107.9849890000002
108.1638420000002
108.3594650000002
108.5594220000002
108.7487290000002
108.94313800000019
109.1200710000002
109.30730900000019
109.49597100000018
109.67647900000019
109.87054000000019
110.0714680000002
110.2691890000002
110.4661830000002
110.6699680000002
110.8791450000002
111.0899360000002
111.2936790000002
111.4889060000002
111.69124000000019
111.89765800000019
112.09783600000019
112.31334000000018
112.51909100000019
112.73251300000018
112.93242000000018
113.14257500000018
113.34980900000018
113.56514800000018
113.78558300000017
113.99530100000017
114.20737900000017
114.41593900000018
114.62366400000018
114.82589900000018
115.04365000000018
115.24952100000019
115.45964200000019
115.67378000000019
115.8845820000002
116.0998340000002
116.3112030000002
116.52079400000021
116.7293750000002
116.93774900000021
117.15739400000021
117.37629500000021
117.60742800000021
117.82140800000022
118.03474500000021
118.24969000000021
118.45805700000021
118.66970100000022
118.90745500000021
119.1244060000002
119.33526900000021
119.54528800000021
119.74768600000021
119.95642500000021
120.1580890000002
120.3620920000002
120.56152800000021
120.76476400000021
120.96378000000021
121.17162700000021
121.38686400000022
121.59824100000021
121.81749800000021
122.02165200000022
122.23100000000022
122.43928700000022
122.64947900000023
122.85332000000022
123.05766800000022
123.24954800000022
123.44701900000021
123.64410200000022
123.84192500000022
124.04427300000022
124.23905900000021
124.4358150000002
124.6327170000002
124.8347180000002
125.03365700000019
125.2235420000002
125.41534500000019
125.60481300000019
125.79667100000019
125.99947400000019
126.2172650000002
126.4207930000002
126.6300420000002
126.8394850000002
127.0514120000002
127.2558110000002
127.46864100000019
127.67801400000019
127.89064800000018
128.09560500000018
128.29777100000018
128.50173900000019
128.70394300000018
128.9063990000002
129.1070270000002
129.30438200000017
129.50520100000017
129.70528700000017
129.91732600000017
130.11729300000016
130.30550300000016
130.49942600000017
130.70109800000017
130.89471400000016
131.08656500000018
131.2815470000002
131.48625200000018
131.67694100000017
131.86764000000016
132.06111400000017
132.24994100000018
132.43397700000017
132.62409900000017
132.82358100000016
133.00550100000015
133.20535300000014
133.40552100000014
133.60139500000014
133.78972900000014
133.98835700000015
134.17103300000014
134.35848000000013
134.55360500000012
134.7567780000001
134.94379200000012
135.1289890000001
135.3157660000001
135.5072500000001
135.6945730000001
135.87621500000012
136.05874900000012
136.24219700000012
136.42409200000012
136.60999000000012
136.79941500000012
136.9915800000001
137.17329000000012
137.3572600000001
137.54917100000011
137.7333960000001
137.9283650000001
138.11348400000008
138.30850400000008
138.49775300000007
138.6857990000001
138.8729820000001
139.0571030000001
139.2571250000001
139.4465020000001
139.6364180000001
139.8255630000001
140.01299000000012
140.2125830000001
140.4122630000001
140.6063840000001
140.7936260000001
140.9958600000001
141.17543200000011
141.36298400000013
141.55847700000012
141.74784600000012
141.93935700000011
142.12399700000012
142.31092900000013
142.49878400000014
142.69162700000015
142.88151100000016
143.07776200000015
143.27060900000015
143.46498300000016
143.65233400000017
143.85801400000017
144.06333800000016
144.25626400000016
144.45128800000015
144.63403700000015
144.82228200000014
145.01428300000015
145.20303500000014
145.38950600000015
145.58013700000015
145.76714900000016
145.96174700000017
146.14778000000018
146.3437180000002
146.5371990000002
146.72103000000018
146.9126490000002
147.09998400000018
147.29029600000018
147.49703900000017
147.69375000000016
147.88290000000018
148.07532400000017
148.27418200000017
148.45987600000018
148.64284100000017
148.83646200000018
149.01981900000018
149.21326600000017
149.39615300000017
149.60192500000016
149.79024400000017
149.97769000000017
150.16075900000016
150.35584900000015
150.54935700000016
150.73705000000015
150.91924400000016
151.11244000000016
151.29648100000017
151.47918800000016
151.66846100000015
151.85756400000014
152.03867800000015
152.22811300000015
152.41818400000014
152.60287800000015
152.79528800000014
152.97666600000014
153.15953600000014
153.35390100000015
153.54027300000016
153.73540700000015
153.92079600000014
154.12919200000013
154.31546900000012
154.50485900000012
154.6903940000001
154.88048000000012
155.07009500000012
155.26535800000013
155.45398100000014
155.63154100000014
155.81633500000015
156.00367600000015
156.19139800000016
156.37254300000015
156.55932900000016
156.74985400000017
156.93991800000018
157.13220100000018
157.32001800000018
157.51053500000017
157.69624300000018
157.88611800000018
158.06926400000017
158.25387500000016
158.44872400000017
158.63521300000016
158.82079800000017
159.01231700000017
159.20280400000016
159.40159900000015
159.59219200000015
159.78230600000015
159.97393900000014
160.16665700000016
160.36785700000016
160.55727100000016
160.75333100000014
160.94460700000013
161.13289300000014
161.33354900000015
161.52083100000016
161.70301400000017
161.89649900000018
162.08540700000017
162.28137200000018
162.46796900000018
162.6525730000002
162.8443710000002
163.0287520000002
163.2273850000002
163.4092740000002
163.59930500000021
163.78494500000022
163.97248500000023
164.15855500000023
164.34503000000024
164.53512400000022
164.72122700000023
164.90659400000024
165.10335700000024
165.29514500000025
165.50137100000023
165.68267500000024
165.86850100000024
166.05774800000023
166.24219300000024
166.42919900000024
166.62151000000023
166.80512800000022
166.9876790000002
167.17123500000022
167.3589980000002
167.5506350000002
167.7446790000002
167.9300370000002
168.1132960000002
168.2959100000002
168.4792070000002
168.6698860000002
168.8545120000002
169.0408820000002
169.2243980000002
169.4094910000002
169.5933020000002
169.7782680000002
169.9702800000002
170.1524200000002
170.3374480000002
170.52160800000019
170.71005600000018
170.8959870000002
171.08039600000018
171.2704460000002
171.4614880000002
171.6466220000002
171.83416200000022
172.01702100000023
172.20136100000022
172.39189900000022
172.57969900000023
172.76234500000024
172.94328100000024
173.12953200000024
173.32248600000023
173.50561100000021
173.6894090000002
173.8843150000002
174.0771630000002
174.2826750000002
174.4704000000002
174.6581030000002
174.8490240000002
175.03318700000023
175.2215480000002
175.4071690000002
175.60512400000022
175.79893400000023
175.98981900000024
176.18146300000024
176.37257000000022
176.56244600000022
176.75130300000023
176.94670600000023
177.13287400000024
177.31961300000023
177.50726300000022
177.70006100000023
177.89475900000022
178.08615600000022
178.27740300000022
178.4718530000002
178.65529800000022
178.84617300000022
179.0338570000002
179.22457400000022
179.41780300000022
179.61820400000022
179.80707900000021
180.0036080000002
180.19779200000022
180.40026200000023
180.59447800000024
180.78183800000025
180.97048400000025
181.15449200000026
181.33739800000026
181.52526700000027
181.71867700000027
181.89941700000026
182.08804000000026
182.27859800000027
182.45916900000026
182.65106400000025
182.83991200000025
183.02126500000026
183.20900500000025
183.40229300000024
183.59285500000024
183.77618200000023
183.96770700000025
184.14891100000025
184.34354300000027
184.53089700000027
184.71798400000026
184.90263500000026
185.10159000000027
185.28558800000027
185.46611400000026
185.64730100000025
185.83182100000025
186.02146400000024
186.21194400000024
186.40265700000023
186.59859200000022
186.78728700000022
186.9798910000002
187.1674410000002
187.3564030000002
187.5443610000002
187.7314240000002
187.91414600000022
188.1029220000002
188.29084500000022
188.47786200000021
188.6615280000002
188.8535350000002
189.0432310000002
189.2279830000002
189.4163710000002
189.6089830000002
189.8076590000002
189.9976810000002
190.1874750000002
190.3829890000002
190.5669020000002
190.7552460000002
190.94215500000018
191.13322600000018
191.3190450000002
191.51159100000018
191.71174300000018
191.9113750000002
192.09270900000018
192.2890420000002
192.4830390000002
192.66148100000018
192.84392500000018
193.02991600000018
193.22167600000017
193.40680200000017
193.59366800000018
193.7769640000002
193.9623810000002
194.14936600000019
194.3396210000002
194.5269190000002
194.7090930000002
194.8897550000002
195.0739570000002
195.27142700000022
195.46089600000022
195.64591600000023
195.83820200000022
196.0598610000002
196.2887810000002
196.5022690000002
196.70656200000022
196.9095090000002
197.1254330000002
197.3417760000002
197.5573720000002
197.76950900000023
197.98561400000023
198.21056200000024
198.42342100000025
198.63572900000025
198.85473500000026
199.06780400000025
199.26953200000025
199.48348100000027
199.70050100000026
199.92054300000027
200.12554400000027
200.3350240000003
200.53923200000028
200.76198000000028
200.96289000000027
201.17515200000028
201.39939900000027
201.60920700000028
201.81515900000028
202.0203500000003
202.23849600000028
202.4502300000003
202.6578110000003
202.8638380000003
203.0833980000003
203.2971080000003
203.5154760000003
203.7362030000003
203.9674850000003
204.1788490000003
204.3999320000003
204.6049250000003
204.81040600000028
205.02069100000028
205.2360170000003
205.4446900000003
205.6565910000003
205.8563440000003
206.0680940000003
206.28098300000028
206.48859300000026
206.69155300000025
206.89523200000025
207.09617000000026
207.31156800000025
207.52214300000026
207.73633400000026
207.94094200000026
208.14141000000026
208.34378500000025
208.54469700000024
208.75293300000024
208.97392000000025
209.18849800000024
209.39628900000022
209.60451000000023
209.80630600000023
210.00686400000023
210.20414700000023
210.41496300000023
210.61923300000024
210.82597100000024
211.03684900000025
211.24505000000025
211.44202900000025
211.65138200000024
211.85276400000024
212.06352700000022
212.25776800000023
212.4593330000002
212.6591060000002
212.86204600000022
213.0493260000002
213.27736000000021
213.4718440000002
213.6621720000002
213.8639580000002
214.05704700000018
214.2567690000002
214.4570310000002
214.6600310000002
214.84438500000022
215.03420100000022
215.21147700000023
215.40440000000024
215.59560500000023
215.79278900000023
215.97942900000024
216.17019000000025
216.36036500000026
216.54512300000025
216.74499900000023
216.94025200000024
217.14822500000025
217.34781100000026
217.54966100000027
217.74448000000027
217.93082500000025
218.13045400000024
218.32247800000025
218.51795800000025
218.70690600000026
218.89122300000025
219.07924300000025
219.27933200000024
219.47659300000024
219.66479200000023
219.85671500000024
220.04518200000024
220.23507100000023
220.43096700000024
220.62619800000024
220.82710700000024
221.02038900000025
221.22210300000026
221.41620900000026
221.60409200000026
221.78431200000026
221.97090000000026
222.15650700000026
222.35471700000025
222.53231600000024
222.70942100000025
222.89023600000024
223.06959500000025
223.25343200000026
223.43978600000025
223.63152100000025
223.82344200000026
224.01247700000025
224.19959900000023
224.38630500000022
224.56765500000023
224.75256200000024
224.94375800000023
225.12926800000022
225.32065000000023
225.50072100000023
225.6752020000002
225.8568510000002
226.0409040000002
226.22398700000022
226.40106200000022
226.5835120000002
226.7757290000002
226.9633530000002
227.15526300000022
227.3521770000002
227.5387360000002
227.7234320000002
227.9158150000002
228.1140990000002
228.3071400000002
228.4916010000002
228.6664860000002
228.85491300000018
229.0294200000002
229.22023100000018
229.40113400000018
229.6001350000002
229.7918240000002
229.98493200000019
230.17118700000017
230.34934100000018
230.54323600000018
230.71749500000018
230.8833580000002
231.0511080000002
231.2139520000002
231.3715520000002
231.5467130000002
231.7282120000002
231.9065830000002
232.08830600000022
232.2787010000002
232.4542910000002
232.62403500000022
232.79650500000022
232.97461600000022
233.14365100000023
233.31188200000022
233.48712500000022
233.66791400000022
233.84829000000022
234.02888500000023
234.21497100000022
234.39388300000022
234.57854600000022
234.75730800000022
234.93441200000024
235.12009700000024
235.30197400000023
235.47465300000022
235.6517870000002
235.8442340000002
236.0213550000002
236.1899960000002
236.3683320000002
236.5425400000002
236.7197060000002
236.9000520000002
237.08819600000018
237.27905500000017
237.45826300000016
237.64226300000016
237.82204000000016
238.00497200000015
238.18337400000016
238.36137600000015
238.53685400000015
238.72116900000015
238.90471000000014
239.07600200000013
239.24484900000013
239.41662900000014
239.57784600000014
239.74267600000013
239.91214700000012
240.0852620000001
240.26397900000012
240.43469300000012
240.60416200000012
240.77125200000012
240.92579900000013
241.0818290000001
241.2299200000001
241.3981720000001
241.5462170000001
241.7026820000001
241.8485030000001
241.9942100000001
242.1374220000001
242.2994460000001
242.4522710000001
242.6210770000001
242.7767230000001
242.9356860000001
243.0969120000001
243.25424400000009
243.40453200000007
243.56233400000008
243.71341100000006
243.87681800000007
244.03098500000007
244.19512800000007
244.36485100000007
244.52689700000008
244.68394900000007
244.83559900000006
244.98168500000006
245.12688500000004
245.27500400000005
245.41289300000005
245.55634700000004
245.69980200000003
245.83859400000003
245.98197200000004
246.12137500000003
246.26234800000003
246.40249100000003
246.55629600000003
246.70572000000004
246.85438200000004
247.00488600000006
247.15290300000007
247.29915700000006
247.44498700000005
247.58971100000005
247.73966600000006
247.88175900000005
248.02908500000004
248.18149400000004
248.33522300000004
248.48961000000006
248.64871500000007
248.81942300000006
248.99248500000004
249.14869000000004
249.30418400000005
249.46159500000005
249.61174600000004
249.78062700000004
249.94953200000003
250.11682400000004
250.28888000000003
250.45791800000003
250.65452600000003
250.85131300000003
251.04178800000003
251.22771100000003
251.41794000000002
251.596821
251.777302
251.985646
252.179218
252.362969
252.557211
252.746999
252.95485699999998
253.14116299999998
253.34186499999998
253.53230399999998
253.709916
253.892796
254.076476
254.25752300000002
254.43578100000002
254.616552
254.796307
254.96826000000001
255.13871300000002
255.32295500000004
255.50669400000004
255.68822200000002
255.90252600000002
256.108153
256.310718
256.50494100000003
256.687271
256.869612
257.05352400000004
257.24876700000004
257.42543600000005
257.6020510000001
257.7908470000001
257.9720460000001
258.1554930000001
258.3527990000001
258.5363370000001
258.7201060000001
258.9065940000001
259.0997150000001
259.2897410000001
259.4856770000001
259.67731100000015
259.8851750000001
260.0713680000001
260.2569570000001
260.4329750000001
260.61294600000014
260.7879160000001
260.9700230000001
261.1545860000001
261.3479250000001
261.5395850000001
261.7375810000001
261.9359160000001
262.1383550000001
262.3419730000001
262.54477500000013
262.75833700000015
262.96137600000014
263.1476020000001
263.3455310000001
263.55319500000013
263.7589150000001
263.9585030000001
264.1513620000001
264.35729500000014
264.55069300000014
264.7625800000001
264.95901000000015
265.14645700000017
265.3422630000002
265.5330880000002
265.7204080000002
265.9133010000002
266.1211520000002
266.31533000000024
266.51345600000025
266.69890800000024
266.88886400000024
267.0811470000002
267.27485100000024
267.47129000000024
267.6624420000002
267.85378400000025
268.04855100000026
268.25391600000023
268.4525220000002
268.6470950000002
268.8456700000002
269.0496560000002
269.2535730000002
269.44671000000017
269.63529800000015
269.82799600000016
270.01378300000016
270.19562000000013
270.3768630000001
270.5621790000001
270.76011900000015
270.96589600000016
271.16333500000013
271.36292600000013
271.56670100000014
271.75387900000015
271.95613100000014
272.1441150000001
272.3241450000001
272.5232250000001
272.6953010000001
272.8752320000001
273.0536030000001
273.23627600000015
273.41375000000016
273.5961780000002
273.7753420000002
273.9542470000002
274.13223000000016
274.3188460000002
274.4934800000002
274.66172000000023
274.8281760000002
274.99360100000024
275.1545890000002
275.3197140000002
275.4770370000002
275.62681500000025
275.77525100000025
275.92399700000027
276.0704060000003
276.22331000000025
276.38145000000026
276.5284600000003
276.6817860000003
276.8362240000003
276.9857400000003
277.1263700000003
277.2661130000003
277.4087810000003
277.5545250000003
277.7045600000003
277.8512710000003
277.9945950000003
278.1550140000003
278.29488100000026
278.45675600000027
278.60756600000025
278.7571630000003
278.90429900000026
279.0441710000003
279.1878860000003
279.3366800000003
279.4797350000003
279.6277120000003
279.7825040000003
279.9383810000003
280.0961410000003
280.2460390000003
280.4022220000003
280.5523280000003
280.71952600000026
280.87522400000023
281.0219150000002
281.1771970000002
281.3254180000002
281.4684970000002
281.6247260000002
281.7675340000002
281.9250900000002
282.0701860000002
282.2169950000002
282.3944820000002
282.5517020000002
282.7088450000002
282.8635940000002
283.0101950000002
283.17606800000016
283.3460860000002
283.5276790000002
283.7056100000002
283.8855820000002
284.06933900000024
284.2487870000002
284.43065400000023
284.62283300000024
284.8036080000002
284.99456700000025
285.19588800000025
285.39615500000025
285.58743000000027
285.78824400000025
286.00598100000025
286.21515900000026
286.4264000000002
286.63291800000025
286.8401050000002
287.0398730000002
287.2356880000002
287.4532460000002
287.6688480000002
287.8924690000002
288.0982670000002
288.3036780000002
288.4954090000002
288.7093900000002
288.9032270000002
289.0977670000002
289.2868800000002
289.47061000000025
289.64935900000023
289.8349970000002
290.02676500000024
290.21693900000025
290.41158400000023
290.5943630000002
290.7966590000002
290.9943240000002
291.1881960000002
291.37514200000015
291.5612560000001
291.7413540000001
291.9500280000001
292.13816900000006
292.3219010000001
292.5047860000001
292.68864600000006
292.8779370000001
293.06168800000006
293.2401100000001
293.4265880000001
293.6072120000001
293.79709300000013
293.96693900000014
294.13941800000015
294.31458200000014
294.4918250000001
294.6671940000001
294.8539950000001
295.0350620000001
295.2065840000001
295.3904160000001
295.5694060000001
295.75419300000004
295.91638600000005
296.08596800000004
296.250643
296.418848
296.581607
296.75412600000004
296.92744300000004
297.10490200000004
297.26967
297.43888000000004
297.603826
297.765305
297.932359
298.11048800000003
298.292954
298.47578400000003
298.65893300000005
298.83208600000006
299.00477700000005
299.187378
299.371822
299.542379
299.719287
299.901966
300.077511
300.251273
300.428531
300.600911
300.773105
300.946672
301.11839499999996
301.293278
301.47156
301.65990500000004
301.82984100000004
302.00117200000005
302.17711700000007
302.34505200000007
302.5151170000001
302.6826250000001
302.8502580000001
303.02484700000014
303.19409000000013
303.3743460000001
303.5496450000001
303.7203240000001
303.8937170000001
304.0711000000001
304.2448730000001
304.4163220000001
304.5861740000001
304.7560670000001
304.9398900000001
305.1081310000001
305.2814480000001
305.4442730000001
305.62330100000014
305.78846600000014
305.9559130000001
306.11899800000015
306.28788500000013
306.46398200000016
306.62778200000014
306.7939440000001
306.9640000000001
307.1343300000001
307.30810600000007
307.47822400000007
307.6490600000001
307.82071900000005
307.99630600000006
308.1594120000001
308.3251550000001
308.49159300000014
308.66014900000016
308.83339400000017
309.00010100000014
309.17018900000016
309.33923400000015
309.51373900000016
309.6822260000002
309.8514010000002
310.0229860000002
310.1908680000002
310.3667010000002
310.54527600000023
310.71660600000024
310.89538500000026
311.06900200000024
311.2301920000002
311.3929670000002
311.55815200000023
311.72464100000025
311.88983400000023
312.05324400000023
312.22297800000024
312.39523700000024
312.56221600000026
312.73450100000025
312.89835700000026
313.06347400000027
313.22760900000026
313.40103900000025
313.56217100000026
313.72893500000026
313.8956250000003
314.06674200000026
314.2352310000003
314.40646300000026
314.5824030000003
314.75329300000027
314.9250020000003
315.1023150000003
315.2746200000003
315.4440810000003
315.6183070000003
315.7908140000003
315.9649590000003
316.1397140000003
316.3349350000003
316.5096480000003
316.6753170000003
316.8527140000003
317.03026700000026
317.21033900000026
317.3853160000003
317.5632420000003
317.7465920000003
317.9254850000003
318.0934930000003
318.2663290000003
318.4342960000003
318.6019790000003
318.7752110000003
318.9425240000003
319.11167700000027
319.28369200000026
319.45530100000025
319.63219600000025
319.80257800000027
319.98094300000025
320.14800000000025
320.3167600000003
320.4836040000003
320.6583410000003
320.8271440000003
320.99406000000033
321.1624250000003
321.3265560000003
321.49662400000034
321.66987300000034
321.83684000000034
322.0082920000003
322.18153000000035
322.35686600000037
322.5308100000004
322.70392900000036
322.8866720000004
323.05513000000036
323.21750700000035
323.39733300000034
323.57240800000034
323.74383000000034
323.91477300000037
324.08504900000037
324.2510820000004
324.4242560000004
324.5938220000004
324.7593050000004
324.9293300000004
325.0938940000004
325.2704410000004
325.4370730000004
325.6092460000004
325.7796720000004
325.9551380000004
326.1241430000004
326.29393600000043
326.4623950000004
326.6482760000004
326.8203510000004
326.9890140000004
327.1535760000004
327.32115900000036
327.49065800000034
327.66469300000034
327.84849600000035
328.0162850000004
328.18443100000036
328.35946300000035
328.5243920000003
328.6965660000003
328.8633250000003
329.0422470000003
329.2102480000003
329.3720840000003
329.5391260000003
329.7136970000003
329.8814810000003
330.0544180000003
330.2220390000003
330.3933730000003
330.56007600000027
330.72502100000025
330.8980560000003
331.0707550000003
331.2398450000003
331.41042100000027
331.57697000000024
331.74435900000026
331.91738500000025
332.08426100000025
332.25586500000026
332.42994500000026
332.5968580000003
332.7677990000003
332.9336270000003
333.0997530000003
333.2633980000003
333.4256810000003
333.5945520000003
333.7782950000003
333.9556920000003
334.1260110000003
334.2913250000003
334.4614200000003
334.6308880000003
334.79991800000033
334.97317900000036
335.13728100000037
335.3090570000004
335.4785490000004
335.65234700000036
335.83249500000034
336.00318900000036
336.1728960000004
336.3482110000004
336.5101300000004
336.6807150000004
336.84830800000043
337.01207100000045
337.17624200000046
337.34888200000046
337.52146500000043
337.6874890000004
337.8533140000004
338.01867200000044
338.1914990000004
338.3610660000004
338.5293310000004
338.6967460000004
338.85692900000043
339.03573800000044
339.21269100000046
339.39242600000046
339.57632900000044
339.74919700000044
339.90996400000046
340.07364400000046
340.25426200000044
340.4210530000004
340.5927570000004
340.7674550000004
340.9362390000004
341.1183290000004
341.28429900000043
341.44682400000045
341.6177410000004
341.7924400000004
341.9632440000004
342.1295290000004
342.2952810000004
342.4664990000004
342.6353170000004
342.8033870000004
342.9661790000004
343.1374560000004
343.3097730000004
343.4865860000004
343.6636080000004
343.8395560000004
344.0078260000004
344.1791210000004
344.3476800000004
344.5213210000004
344.6915310000004
344.8721230000004
345.0384300000004
345.2102700000004
345.38154400000036
345.56001900000035
345.71961000000033
345.8822580000003
346.04744100000033
346.21059700000035
346.3755250000003
346.54071100000033
346.71210800000034
346.87705000000034
347.0560730000003
347.24471000000034
347.42263800000035
347.60071000000033
347.7773610000003
347.9627750000003
348.1452680000003
348.33168200000034
348.51282200000037
348.69318800000036
348.87360700000033
349.05853400000035
349.24384500000036
349.4214280000004
349.6028980000004
349.7820340000004
349.9601510000004
350.1380540000004
350.3166610000004
350.4945780000004
350.6678700000004
350.8440720000004
351.02408200000036
351.19418400000035
351.36983900000035
351.54848500000037
351.7350360000004
351.9236160000004
352.11217800000037
352.30297500000034
352.4947870000004
352.6809250000004
352.8686850000004
353.05593100000044
353.24334300000044
353.44291200000043
353.65745100000044
353.87445900000046
354.08272400000044
354.29140200000046
354.49708100000043
354.69328400000046
354.88744500000047
355.0784950000005
355.2734620000005
355.46964300000053
355.67226700000055
355.87331400000056
356.07671900000054
356.2881140000005
356.4808360000005
356.6737730000005
356.8769160000005
357.0863770000005
357.2974890000005
357.4961930000005
357.6939250000005
357.9001940000005
358.09894200000053
358.30224400000054
358.50444100000055
358.70329200000054
358.8999180000005
359.11920200000054
359.3161230000005
359.5046540000005
359.68982700000055
359.88177700000057
360.0776730000006
360.2733230000006
360.4796840000006
360.6751920000006
360.8757720000006
361.0728930000006
361.2631590000006
361.4513880000006
361.6401670000006
361.8187670000006
362.0149070000006
362.1993750000006
362.3806520000006
362.5609920000006
362.7437220000006
362.9246310000006
363.1038280000006
363.2804280000006
363.4552600000006
363.6245460000006
363.7900480000006
363.9659510000006
364.1387380000006
364.31929800000063
364.4985840000006
364.67267700000065
364.8513820000006
365.01644900000065
365.18920400000064
365.36665400000066
365.54002500000064
365.72000200000065
365.89663500000063
366.0680850000006
366.2373950000006
366.40890500000063
366.58234600000065
366.74969700000065
366.91113400000063
367.07260200000064
367.23799200000065
367.40997000000067
367.5779410000007
367.7452940000007
367.9114080000007
368.0742790000007
368.24690100000066
368.4086600000007
368.5721750000007
368.7364820000007
368.8959990000007
369.0556870000007
369.2204540000007
369.3759070000007
369.5356070000007
369.6989890000007
369.8716050000007
370.03417300000075
370.1842440000008
370.36508400000076
370.5319760000008
370.6958340000008
370.8541750000008
371.0115690000008
371.1761050000008
371.3340020000008
371.4958170000008
371.66817500000076
371.83616100000074
371.98976600000077
372.15063100000077
372.30519900000075
372.45982800000075
372.61474700000076
372.78207200000077
372.9426120000008
373.1034750000008
373.2788840000008
373.4343740000008
373.5912530000008
373.7664730000008
373.9312380000008
374.1121650000008
374.2761740000008
374.43223600000084
374.60334500000084
374.77888700000085
374.9596240000009
375.1169060000009
375.2782360000009
375.4410380000009
375.6134590000009
375.7812280000009
375.9412920000009
376.1037770000009
376.2757010000009
376.4498400000009
376.6253200000009
376.7891350000009
376.9603920000009
377.1508880000009
377.3146810000009
377.4700620000009
377.6298970000009
377.79122100000086
377.9369910000009
378.09545800000086
378.2577320000009
378.4232630000009
378.5883790000009
378.7466290000009
378.91142200000087
379.06044900000086
379.21974200000085
379.3771280000008
379.52614400000084
379.6855080000008
379.84944800000085
380.00527500000084
380.15841000000086
380.32333500000084
380.48124500000085
380.63672700000086
380.78883300000086
380.94522300000085
381.0997060000009
381.2538190000009
381.42669100000086
381.5978360000009
381.7735130000009
381.9438180000009
382.10302100000087
382.26055200000087
382.4200350000009
382.5688050000009
382.7352580000009
382.8972910000009
383.0778360000009
383.2432460000009
383.4191010000009
383.5905990000009
383.75415600000093
383.91814400000095
384.089761000001
384.268501000001
384.434315000001
384.601598000001
384.779091000001
384.96122700000103
385.12814700000104
385.29411600000105
385.46218200000106
385.6233550000011
385.7870700000011
385.9649070000011
386.1318030000011
386.3031430000011
386.47321100000113
386.64375300000114
386.80774100000116
386.9771320000012
387.14142200000117
387.29927800000115
387.46119400000117
387.62032900000116
387.78795300000115
387.9476140000012
388.1036750000012
388.2606310000012
388.4246210000012
388.5952270000012
388.7557810000012
388.9260970000012
389.1058740000012
389.2752820000012
389.4455420000012
389.6097890000012
389.77637500000117
389.94749500000114
390.11560000000117
390.2939310000012
390.48031600000115
390.6584610000011
390.83479100000113
391.01084400000116
391.21334700000114
391.42132700000116
391.61449800000116
391.7997640000012
391.9785940000012
392.15658100000115
392.33703500000115
392.52965200000114
392.7124090000011
392.90935700000114
393.10822100000115
393.31795900000117
393.5208280000012
393.7182770000012
393.9152560000012
394.1343820000012
394.3497120000012
394.5684140000012
394.7969740000012
395.0102620000012
395.21529000000123
395.4215020000012
395.6280760000012
395.8425700000012
396.0499480000012
396.25434600000125
396.45891600000124
396.66593200000125
396.86608100000126
397.0666340000013
397.28216600000127
397.4750670000013
397.67743700000125
397.87533600000125
398.07018100000124
398.2657060000012
398.4733620000012
398.7025350000012
398.9170570000012
399.13552300000117
399.34709300000117
399.55943000000116
399.7725890000012
399.9913840000012
400.2034410000012
400.4143460000012
400.6145630000012
400.84456100000125
401.05455600000124
401.25673300000125
401.46021800000125
401.66202100000123
401.87534300000124
402.08519300000125
402.28642600000126
402.49905600000125
402.69796700000126
402.89494700000125
403.0952690000013
403.2910310000013
403.4778500000013
403.6595730000013
403.8494590000013
404.0329970000013
404.2189830000013
404.4082080000013
404.6023140000013
404.7901880000013
404.9766670000013
405.1653930000013
405.3437900000013
405.5452070000013
405.7375310000013
405.94386400000127
406.1324130000013
406.3317770000013
406.52133600000127
406.7051340000013
406.8988280000013
407.09034300000127
407.28400000000124
407.49198900000124
407.68308100000127
407.87619600000124
408.05828300000127
408.25281800000124
408.4385940000012
408.6364020000012
408.8370300000012
409.0186100000012
409.2004350000012
409.3950070000012
409.58578300000124
409.78951900000123
409.9750420000012
410.1702450000012
410.35965100000124
410.53967100000125
410.7265740000012
410.9277000000012
411.1117130000012
411.3069790000012
411.52472800000123
411.74471600000123
411.9551880000012
412.1561280000012
412.3525740000012
412.5622150000012
412.75744300000116
412.96331200000117
413.1681380000012
413.3784670000012
413.5919890000012
413.7913340000012
413.9926060000012
414.19669100000124
414.39201800000126
414.59337300000124
414.80056400000126
415.00017500000126
415.2162190000013
415.4203280000013
415.6107080000013
415.8129570000013
416.0183820000013
416.2250140000013
416.4277820000013
416.63690400000127
416.8341270000013
417.0312390000013
417.23763400000126
417.44922300000127
417.6785900000013
417.9095700000013
418.12623400000126
418.32964000000123
418.53284400000126
418.73360900000125
418.95281400000124
419.15341300000125
419.36853100000127
419.5629820000013
419.7631050000013
419.9689410000013
420.1720880000013
420.3764630000013
420.5730130000013
420.7826460000013
420.98562700000133
421.19736400000136
421.39706800000135
421.61036300000137
421.81851200000136
422.01792700000135
422.21772100000135
422.41783000000135
422.6221110000013
422.82597400000134
423.0281170000013
423.2235170000013
423.42999200000133
423.64477600000134
423.85872900000135
424.0666150000013
424.2758940000013
424.4776650000013
424.6889440000013
424.9005600000013
425.1150460000013
425.31289400000134
425.52686400000135
425.73521800000134
425.94126900000134
426.1478680000013
426.34612600000133
426.54765400000133
426.7503140000013
426.9571940000013
427.1612700000013
427.3756360000013
427.5855350000013
427.7975910000013
427.99690600000133
428.20047500000135
428.42609200000135
428.63011400000136
428.83346100000136
429.04610700000137
429.26009100000135
429.46972800000134
429.66677600000133
429.86629400000135
430.06988900000135
430.2810420000014
430.4832660000014
430.6934270000014
430.8920410000014
431.0925420000014
431.2977450000014
431.50806300000136
431.70391900000135
431.91124800000136
432.1180100000014
432.3143200000014
432.5199570000014
432.7189020000014
432.9253040000014
433.1250990000014
433.3297750000014
433.5370850000014
433.74441300000143
433.96095000000145
434.1767820000014
434.38151800000145
434.5906430000014
434.7929350000014
434.99949700000144
435.20921300000145
435.42353000000145
435.62758400000143
435.83126900000144
436.03285800000145
436.2432210000014
436.46137500000145
436.66551500000145
436.8648670000014
437.0607670000014
437.2658310000014
437.4678980000014
437.6759280000014
437.8775220000014
438.0819350000014
438.28750500000143
438.4869010000014
438.7062160000014
438.9089760000014
439.12204300000144
439.31874200000146
439.52057200000144
439.72142300000144
439.91439400000144
440.12554600000146
440.32180100000147
440.5340590000015
440.7336260000015
440.9398410000015
441.14130400000147
441.34443900000144
441.5535410000014
441.75335000000143
441.95790600000146
442.14943500000146
442.37716500000147
442.58062900000147
442.77836000000144
442.97690500000147
443.18174500000146
443.38448200000147
443.58677900000146
443.7828240000015
443.9945880000015
444.1918060000015
444.3957850000015
444.59663200000153
444.80333300000154
445.0041490000015
445.2094580000015
445.41318600000153
445.60964500000154
445.81463800000154
446.0113510000015
446.21278400000153
446.4154650000015
446.6376410000015
446.8531520000015
447.0632970000015
447.2700250000015
447.4793030000015
447.7003530000015
447.90976800000146
448.11483500000145
448.32105000000143
448.52916600000145
448.73679100000146
448.94348000000144
449.1488860000014
449.34628200000145
449.54909800000144
449.75885600000146
449.9638650000015
450.17381400000147
450.3812090000015
450.59379800000147
450.79666100000145
450.99390800000145
451.1983530000015
451.39786300000145
451.60422900000145
451.81845700000144
452.02090200000146
452.2176230000015
452.4241480000015
452.62613300000146
452.82740800000147
453.0151490000015
453.21871000000147
453.4148740000015
453.6201380000015
453.8269470000015
454.0320820000015
454.2459000000015
454.44171500000147
454.64838200000145
454.85238500000145
455.04396600000143
455.23938300000145
455.44070700000145
455.63323700000143
455.82767100000143
456.02654000000143
456.22645700000146
456.42712900000146
456.63183400000145
456.83083300000146
457.04164600000144
457.25820200000146
457.46115800000143
457.66254800000144
457.86138900000145
458.05924400000146
458.26116200000143
458.45367600000145
458.64848700000147
458.8421740000015
459.0355940000015
459.2342600000015
459.43365300000147
459.64076900000146
459.8384570000015
460.03366400000147
460.23006400000145
460.42852600000145
460.61841100000146
460.82063400000146
461.0133970000015
461.2187270000015
461.42791400000146
461.63959900000145
461.83221300000145
462.0326910000014
462.23648400000144
462.43166300000144
462.64800300000144
462.86142000000143
463.06106900000145
463.26435300000145
463.46499700000146
463.66864700000144
463.87496600000145
464.07820400000145
464.2858670000015
464.48062700000145
464.68229300000144
464.8829680000014
465.0873320000014
465.2920660000014
465.4894480000014
465.6965970000014
465.90117600000144
466.1122350000014
466.32818800000143
466.53975500000143
466.7389490000014
466.9469370000014
467.1473210000014
467.3543140000014
467.5558920000014
467.7828420000014
467.98835900000137
468.2012920000014
468.41014500000136
468.61546400000134
468.8162360000013
469.0199720000013
469.2165450000013
469.4151190000013
469.6180500000013
469.8237600000013
470.0293450000013
470.2215400000013
470.4247050000013
470.6212370000013
470.8200180000013
471.0321250000013
471.2324220000013
471.4388630000013
471.64086900000126
471.8468200000013
472.0455140000013
472.2606380000013
472.4651100000013
472.6651710000013
472.8614500000013
473.0708410000013
473.27939700000127
473.48138000000125
473.67691300000126
473.8845150000013
474.0790570000013
474.27212900000126
474.47626400000127
474.67640300000124
474.87655700000124
475.09154800000124
475.29925900000126
475.50968000000125
475.71364500000124
475.9189810000012
476.1409110000012
476.3444120000012
476.55140800000123
476.77152700000124
476.97364000000124
477.1685120000012
477.3631500000012
477.5665280000012
477.7748170000012
477.97603900000115
478.18605900000114
478.3918010000011
478.5951370000011
478.7953840000011
478.99311400000107
479.20383000000106
479.41166700000105
479.61440200000106
479.82038600000106
480.02031300000107
480.2113650000011
480.4197770000011
480.61156500000106
480.80479200000104
481.01457800000105
481.22641000000107
481.42564100000106
481.6246200000011
481.8161220000011
482.0201140000011
482.2143720000011
482.4169140000011
482.6300790000011
482.8215680000011
483.0197000000011
483.21474800000107
483.41661100000107
483.62793200000107
483.83435200000105
484.031070000001
484.226630000001
484.41823900000105
484.622140000001
484.82587000000103
485.02151500000105
485.23102500000107
485.42762500000106
485.62712500000106
485.82118500000104
486.01231200000103
486.21966100000105
486.42257000000103
486.614934000001
486.811693000001
487.011369000001
487.20165800000103
487.39050900000103
487.578534000001
487.765337000001
487.954739000001
488.145409000001
488.337958000001
488.53568400000097
488.72102500000096
488.923175000001
489.110216000001
489.304587000001
489.490121000001
489.67196000000104
489.84961000000106
490.0348090000011
490.22875300000106
490.41905300000104
490.60395300000107
490.7864310000011
490.96964100000105
491.14887700000105
491.32680900000105
491.50818600000105
491.68247300000104
491.877634000001
492.050752000001
492.232291000001
492.405068000001
492.576988000001
492.752715000001
492.929647000001
493.106221000001
493.273986000001
493.445815000001
493.619396000001
493.784673000001
493.96201600000103
494.13919700000105
494.32932900000105
494.50257100000107
494.67684000000105
494.84914900000103
495.02470900000105
495.200220000001
495.38282800000104
495.55445300000105
495.722691000001
495.89422000000104
496.06318300000106
496.2346920000011
496.40632200000107
496.5648440000011
496.73760500000105
496.91589100000107
497.0926720000011
497.2638670000011
497.43971400000106
497.60375200000107
497.77714100000105
497.94373400000103
498.11623400000104
498.27847000000105
498.45718400000106
498.64613000000105
498.82848000000104
499.013874000001
499.199959000001
499.367477000001
499.52780700000096
499.69371500000096
499.854280000001
500.011090000001
500.16645000000096
500.326995000001
500.50011300000097
500.67704000000094
500.86298200000095
501.02067800000094
501.1928340000009
501.35306300000093
501.5117080000009
501.6711260000009
501.8240490000009
501.9851860000009
502.1483470000009
502.3057740000009
502.4645660000009
502.6298810000009
502.79258200000095
502.95201000000094
503.1049110000009
503.26797300000095
503.4133130000009
503.56712500000094
503.71740200000096
503.87463800000097
504.032484000001
504.191607000001
504.352584000001
504.509854000001
504.67313600000097
504.823888000001
504.98672100000095
505.14232300000094
505.29895600000094
505.45526400000097
505.613085000001
505.78424800000096
505.94324300000096
506.104550000001
506.26513000000097
506.42145400000095
506.57437000000095
506.737138000001
506.91151900000096
507.07716500000095
507.24935800000094
507.42820600000096
507.59788500000093
507.76414900000094
507.9265090000009
508.0930090000009
508.2669290000009
508.43395500000094
508.60030300000096
508.767394000001
508.948842000001
509.115021000001
509.280972000001
509.448675000001
509.614949000001
509.791510000001
509.948346000001
510.115875000001
510.27798400000097
510.443324000001
510.622371000001
510.808230000001
510.984693000001
511.156304000001
511.331332000001
511.527156000001
511.699056000001
511.864431000001
512.034700000001
512.2210840000009
512.395199000001
512.5606540000009
512.7411850000009
512.9108260000008
513.0887040000008
513.2668450000008
513.4482930000008
513.6229060000009
513.7917530000009
513.9526030000009
514.1247630000008
514.2939360000008
514.4588740000008
514.6239810000009
514.8005810000009
514.9688080000009
515.1324730000009
515.3151970000009
515.4889660000009
515.6564310000009
515.8160550000009
515.9786550000009
516.154831000001
516.327779000001
516.498134000001
516.660422000001
516.8213600000009
516.9815890000009
517.1459210000008
517.3023360000009
517.4741930000009
517.6366320000009
517.7970730000009
517.9697550000009
518.1341570000009
518.2936930000009
518.4615660000009
518.6336630000009
518.8050790000009
518.9767660000009
519.1602620000009
519.3350170000009
519.5228860000009
519.7000010000008
519.8701240000008
520.0445320000008
520.2271890000007
520.4167820000007
520.6160010000007
520.8047270000006
520.9882150000007
521.1833610000007
521.3609100000007
521.5359380000007
521.7247000000007
521.9160710000007
522.1077590000007
522.2910650000007
522.4712670000007
522.6605500000007
522.8429090000008
523.0365450000007
523.2075300000007
523.3837340000007
523.5554640000007
523.7290170000007
523.9014480000006
524.0784790000007
524.2682520000006
524.4639860000007
524.6550500000006
524.8346760000006
525.0205260000006
525.2138010000006
525.3882250000006
525.5682190000006
525.7514930000006
525.9276620000005
526.1094640000005
526.2920520000005
526.4883040000004
526.6953290000005
526.8862220000004
527.0751300000004
527.2678640000004
527.4614630000003
527.6535260000003
527.8416410000003
528.0300940000003
528.2153530000003
528.3957030000003
528.5865110000002
528.7794910000002
528.9596320000003
529.1407170000003
529.3359940000004
529.5294770000004
529.7228600000004
529.9289380000005
530.1003520000005
530.2757530000005
530.4570780000005
530.6399030000005
530.8347080000004
531.0094630000004
531.2008380000004
531.3789740000004
531.5509310000004
531.7367050000005
531.9077300000005
532.0821820000004
532.2614530000004
532.4325420000005
532.6106950000004
532.7840020000004
532.9441970000005
533.1048670000005
533.2694900000005
533.4325340000005
533.5913170000005
533.7490160000004
533.9015310000004
534.0605360000004
534.2139250000004
534.3628570000003
534.5233650000004
534.6761830000004
534.8329280000004
534.9785210000003
535.1252150000004
535.2760150000004
535.4317370000003
535.5740170000004
535.7099850000004
535.8583870000004
536.0152690000004
536.1698530000004
536.3239270000005
536.4733140000005
536.6118310000005
536.7605060000005
536.8857880000005
537.0175400000005
537.1409140000005
537.2626250000005
537.3975190000006
537.5397310000005
537.6803350000006
537.8168150000006
537.9596350000006
538.0927360000006
538.2114980000006
538.3405900000006
538.4515360000006
538.5885220000006
538.7260940000006
538.8590430000006
538.9816250000006
539.1001560000005
539.2202810000006
539.3507690000006
539.4864320000006
539.6206180000006
539.7381220000007
539.8540570000007
539.9613910000007
540.0713150000007
540.1794790000007
540.2863330000007
540.3908450000007
540.5033040000006
540.6176700000007
540.7404390000006
540.8457330000006
540.9458330000006
541.0444890000006
541.1563350000006
541.2662960000006
541.3687600000006
541.4711240000006
541.5789570000006
541.6865580000007
541.8062070000007
541.9205870000006
542.0357970000007
542.1447020000007
542.2568480000008
542.3557470000007
542.4566090000008
542.5765520000008
542.6931280000008
542.8031980000007
542.9276770000007
543.0528040000007
543.1681720000007
543.2987930000007
543.4134130000007
543.5375520000007
543.6621510000007
543.8089790000007
543.9416860000007
544.0722440000006
544.2073830000006
544.3353590000006
544.4620010000006
544.5942640000005
544.7196770000005
544.8498170000005
544.9849320000005
545.1120940000005
545.2319990000005
545.3515340000006
545.4837630000006
545.6096730000006
545.7429440000006
545.8780770000006
546.0031920000007
546.1311940000007
546.2537270000007
546.3713810000007
546.4802730000007
546.5851460000007
546.6984860000007
546.8044450000007
546.9074790000006
547.0105190000006
547.1221270000007
547.2329000000007
547.3373060000007
547.4605270000006
547.5773400000006
547.6866110000007
547.7933830000006
547.9068380000007
548.0184330000006
548.1360540000006
548.2410420000007
548.3627590000007
548.4736450000007
548.5876820000008
548.6989610000007
548.8096600000007
548.9278830000006
549.0329620000007
549.1409880000007
549.2656280000007
549.3764120000006
549.4810760000006
549.5870300000006
549.6931040000006
549.8006150000007
549.9099960000007
550.0155110000006
550.1164410000006
550.2249700000006
550.3267090000005
550.4358760000005
550.5479360000005
550.6568680000005
550.7744260000005
550.8835790000005
550.9897300000005
551.0945380000005
551.2003710000005
551.3179650000005
551.4178520000005
551.5290610000005
551.6294570000006
551.7444110000006
551.8445260000005
551.9453070000005
552.0701050000006
552.1827460000006
552.2831440000007
552.3959690000007
552.5144940000007
552.6258740000007
552.7356580000007
552.8465840000007
552.9618470000007
553.0724950000007
553.1845820000007
553.2951280000007
553.3997200000007
553.5017860000007
553.6132770000007
553.7254670000008
553.8379340000008
553.9431550000008
554.0454620000008
554.1527890000009
554.2517600000009
554.3586030000009
554.4641500000009
554.574236000001
554.6843010000009
554.794649000001
554.903290000001
555.004370000001
555.113779000001
555.215773000001
555.326236000001
555.436688000001
555.540366000001
555.645196000001
555.7566640000009
555.8609010000009
555.9690350000009
556.0860680000009
556.2004980000008
556.3090930000009
556.4102820000008
556.5172480000009
556.6243630000009
556.7336040000009
556.834763000001
556.933925000001
557.036885000001
557.148654000001
557.258060000001
557.374465000001
557.493898000001
557.606291000001
557.716364000001
557.820252000001
557.937879000001
558.042701000001
558.141775000001
558.245878000001
558.3654520000009
558.4774810000009
558.594093000001
558.714540000001
558.833273000001
558.943048000001
559.056357000001
559.1683570000009
559.2826420000009
559.404340000001
559.5289520000009
559.646500000001
559.765408000001
559.884906000001
559.9993040000011
560.110134000001
560.233030000001
560.353727000001
560.470891000001
560.601022000001
560.7236910000009
560.844985000001
560.970010000001
561.097319000001
561.228621000001
561.344460000001
561.470013000001
561.591128000001
561.716007000001
561.842209000001
561.9640430000011
562.0950560000011
562.2147760000012
562.3404240000011
562.4792570000011
562.5960900000011
562.7220890000011
562.8501030000011
562.9726420000011
563.096621000001
563.2250670000011
563.3490140000011
563.4843920000011
563.6146930000011
563.7383270000012
563.8600880000012
563.9841980000011
564.1175200000012
564.2409880000012
564.3573510000011
564.4799440000012
564.6001720000012
564.7312850000012
564.8572350000012
564.9921610000011
565.1360770000011
565.2565010000011
565.3848650000011
565.5188200000011
565.6532930000011
565.791869000001
565.9167150000011
566.0425300000011
566.1757530000011
566.3189680000012
566.4463420000012
566.5743810000012
566.7012050000012
566.8332530000013
566.9676090000013
567.0982580000012
567.2222510000013
567.3537370000013
567.4796770000013
567.5994760000012
567.7303900000012
567.8551180000012
567.9819740000012
568.1077610000011
568.2340670000011
568.3620710000012
568.4991940000011
568.6265870000011
568.7520010000011
568.8803800000011
569.0011410000011
569.1237980000011
569.2514470000011
569.3894100000011
569.5311300000011
569.669162000001
569.8046320000011
569.9394570000011
570.0779300000011
570.2163820000011
570.3595240000011
570.5097000000011
570.6617870000011
570.8201930000012
570.9866530000012
571.1384160000011
571.3101300000011
571.4850210000011
571.700232000001
571.868302000001
572.047209000001
572.227187000001
572.402988000001
572.578469000001
572.7500950000009
572.9252790000008
573.0998660000008
573.2844160000008
573.4822120000008
573.6664300000008
573.8459690000008
574.0225740000008
574.1880210000007
574.3613820000007
574.5304630000007
574.7197710000007
574.9186100000007
575.1163300000007
575.2960800000008
575.4698360000008
575.6416270000008
575.8164080000008
575.9788840000008
576.1502650000008
576.3216780000008
576.4983810000008
576.6872590000008
576.8539720000008
577.0294100000008
577.1951900000008
577.3596900000008
577.5299050000008
577.7016610000007
577.8679100000007
578.0376730000007
578.2065690000007
578.3719210000007
578.5404260000007
578.7058560000007
578.8756360000007
579.0367160000006
579.2105990000007
579.3833500000006
579.5567570000006
579.7273550000007
579.8905230000007
580.0762410000007
580.2468160000006
580.4195210000006
580.5826560000006
580.7619900000007
580.9339020000007
581.1176360000006
581.3068920000006
581.4952280000007
581.6727620000007
581.8616360000008
582.0561750000007
582.2435480000007
582.4383320000007
582.6343680000008
582.8241490000008
583.0167320000008
583.2004520000008
583.3859850000008
583.5677400000008
583.7513280000007
583.9365360000007
584.1253280000008
584.3189220000007
584.5053850000007
584.6891180000007
584.8709290000007
585.0483730000008
585.2196820000007
585.3952240000007
585.5746700000007
585.7506280000007
585.9339390000007
586.1062390000006
586.3030570000006
586.4883440000007
586.6745210000007
586.8558020000007
587.0350500000008
587.2142940000008
587.3966750000008
587.5786450000007
587.7571060000007
587.9319080000007
588.1385400000007
588.3182760000008
588.5087320000008
588.6800260000008
588.8496960000008
589.0181260000007
589.1909970000007
589.3779510000007
589.5703980000008
589.7414110000008
589.9124880000007
590.0802870000007
590.2520960000007
590.4366050000008
590.6346160000007
590.8190180000007
591.0023690000007
591.1927730000007
591.3809300000007
591.5649370000007
591.7526690000007
591.9441340000006
592.1518830000007
592.3500870000007
592.5491750000007
592.7438250000007
592.9289220000007
593.1158070000007
593.2893970000007
593.4751230000007
593.6568090000007
593.8428020000008
594.0322940000008
594.2290200000008
594.4474460000008
594.6389670000008
594.8278630000008
595.0098040000008
595.1829750000009
595.3538700000008
595.5192900000009
595.6843450000009
595.8440080000009
596.005195000001
596.166266000001
596.321030000001
596.484121000001
596.645857000001
596.833634000001
596.991290000001
597.156280000001
597.3210900000009
597.4767150000009
597.624576000001
597.781770000001
597.925949000001
598.063731000001
598.2259020000009
598.3713930000009
598.5195460000009
598.6733550000009
598.852733000001
599.040451000001
599.208961000001
599.3821190000009
599.5508190000008
599.7191740000009
599.8779640000008
600.0342520000008
600.1841830000009
600.3389890000009
600.5098960000009
600.6652580000009
600.8298290000009
600.9973120000009
601.1532290000009
601.339585000001
601.510201000001
601.686180000001
601.8540570000009
602.020106000001
602.1777180000009
602.335841000001
602.494883000001
602.651203000001
602.8072140000011
602.9633590000011
603.1186240000011
603.2787110000011
603.438441000001
603.620050000001
603.792949000001
603.976644000001
604.145762000001
604.307584000001
604.469286000001
604.627898000001
604.785714000001
604.951590000001
605.114871000001
605.282026000001
605.457404000001
605.625281000001
605.8252760000009
606.0028880000009
606.1846420000008
606.3583280000008
606.5268440000008
606.6902440000008
606.8626830000009
607.0225750000009
607.1880980000009
607.3577920000009
607.515383000001
607.681124000001
607.841684000001
608.008470000001
608.178082000001
608.345742000001
608.510559000001
608.694402000001
608.862727000001
609.033276000001
609.2088730000011
609.3658280000011
609.5337820000011
609.719053000001
609.884825000001
610.050248000001
610.210469000001
610.370366000001
610.531608000001
610.703757000001
610.867648000001
611.019317000001
611.166178000001
611.320754000001
611.473293000001
611.6283560000011
611.780529000001
611.945116000001
612.128184000001
612.2923450000011
612.4456650000011
612.5909090000011
612.7409040000011
612.8867220000011
613.0270550000012
613.1740040000011
613.3169840000011
613.4763450000011
613.633640000001
613.7988410000011
613.9612430000011
614.1204350000011
614.273593000001
614.4330180000011
614.584419000001
614.7429430000011
614.8902840000011
615.039617000001
615.186428000001
615.350732000001
615.501634000001
615.672837000001
615.831772000001
616.006836000001
616.166748000001
616.329015000001
616.5040330000011
616.664209000001
616.820058000001
616.969612000001
617.122535000001
617.272192000001
617.431418000001
617.571860000001
617.7175610000011
617.864914000001
618.015213000001
618.163782000001
618.308798000001
618.4496880000011
618.603919000001
618.759636000001
618.913876000001
619.060379000001
619.206913000001
619.343876000001
619.494864000001
619.6411430000011
619.7972810000011
619.9417520000011
620.087795000001
620.231762000001
620.382554000001
620.5406910000011
620.705237000001
620.872496000001
621.0496560000009
621.2108630000009
621.361645000001
621.515694000001
621.6749290000009
621.8266070000009
621.9825570000008
622.1447150000008
622.3137190000008
622.4963510000008
622.6618470000008
622.8253040000008
622.9906740000008
623.1611350000009
623.3355500000008
623.4966670000008
623.6502910000008
623.8205920000008
623.9850560000008
624.1446720000008
624.3044840000008
624.4673780000008
624.6292620000008
624.8046810000009
624.9783610000009
625.1474180000008
625.3150520000008
625.4713550000008
625.6256700000008
625.8019580000008
625.9641540000008
626.1249360000008
626.2828310000009
626.4421650000008
626.6044010000008
626.7588200000008
626.9196960000008
627.0717460000009
627.2298750000009
627.4017230000009
627.5608540000009
627.7328880000009
627.903667000001
628.0701140000009
628.2422130000009
628.408437000001
628.575163000001
628.732156000001
628.9015420000011
629.0734560000011
629.2396410000011
629.4135730000012
629.5815990000012
629.7443310000012
629.9050680000013
630.0784750000013
630.2403910000013
630.4141080000013
630.5775460000013
630.7458350000013
630.9062100000014
631.0606400000014
631.2138730000014
631.3746490000015
631.5419350000014
631.7267770000014
631.8908150000015
632.0570740000014
632.2201980000015
632.3849130000015
632.5581010000014
632.7272520000015
632.8888000000015
633.0505330000016
633.2191140000016
633.4040910000016
633.5748690000016
633.7355130000017
633.8909740000016
634.0462620000017
634.2083750000016
634.3636650000017
634.5218010000017
634.6761980000017
634.8324170000017
634.9833140000017
635.1506770000017
635.3002220000017
635.4517410000017
635.6032890000017
635.7722690000018
635.9329810000017
636.0975170000017
636.2579620000017
636.4213230000017
636.5880700000017
636.7475900000018
636.9058800000017
637.0656900000017
637.2190210000017
637.3743440000017
637.5200450000017
637.6700250000017
637.8196840000018
637.9834790000018
638.1452850000018
638.3035400000018
638.4665690000019
638.6278000000019
638.804968000002
638.9729010000019
639.1355780000019
639.303965000002
639.474900000002
639.654817000002
639.824854000002
639.989093000002
640.1598510000019
640.3456590000019
640.5260480000019
640.7022700000019
640.8726760000019
641.0587450000019
641.2385500000019
641.4047620000018
641.5802580000018
641.7607120000018
641.9525160000019
642.1363740000019
642.3220260000019
642.4994770000019
642.6803220000019
642.8502880000019
643.0258630000019
643.2100840000019
643.3840220000019
643.5634290000019
643.7286060000018
643.8987540000019
644.0735490000019
644.2605930000019
644.4642150000019
644.649128000002
644.830759000002
645.026530000002
645.2204920000021
645.4127450000021
645.6126170000022
645.8066380000022
645.9927270000022
646.1901080000022
646.3801090000022
646.5841040000022
646.7794410000022
646.9667230000022
647.1490780000022
647.3375450000021
647.5209790000022
647.7154380000022
647.9175650000022
648.1053180000023
648.3003290000023
648.4900640000023
648.6718220000023
648.8514300000023
649.0437630000023
649.2424970000022
649.4349670000022
649.6385830000022
649.8337070000022
650.0303360000022
650.2245580000022
650.4115120000022
650.6014510000022
650.7784080000022
650.9533880000022
651.1211760000022
651.3016160000021
651.4915510000021
651.6696750000021
651.8458790000021
652.0209920000021
652.1918760000021
652.3645640000021
652.5262470000022
652.6939420000022
652.8629160000022
653.0443870000022
653.2136900000022
653.3821500000022
653.5640790000022
653.7482320000022
653.9148080000022
654.0795870000021
654.2452380000021
654.4132480000021
654.6002470000021
654.7781250000021
654.9631970000021
655.1306410000021
655.3024580000022
655.4844890000022
655.6515990000022
655.8307330000022
656.0020910000022
656.1657760000022
656.3337760000022
656.5048190000023
656.6735670000023
656.8477720000024
657.0173960000023
657.1810080000023
657.3507780000023
657.5153250000022
657.6778400000022
657.8344690000022
657.9897410000021
658.1468830000022
658.3032690000022
658.4683160000021
658.6185130000022
658.7677110000021
658.9153040000022
659.0707000000021
659.2416810000021
659.4031010000022
659.5571050000021
659.7115830000022
659.8555270000022
660.0133550000022
660.1646050000022
660.3177000000022
660.4695130000022
660.6191760000022
660.7706240000022
660.9282090000022
661.0985430000022
661.2541400000022
661.4025390000022
661.5580090000022
661.7065940000023
661.8716910000022
662.0210430000022
662.1783130000023
662.3337680000022
662.4927760000022
662.6725820000022
662.8351620000022
662.9967720000022
663.1583280000023
663.3244750000023
663.4745040000023
663.6280930000023
663.7976740000023
663.9597890000023
664.1327670000022
664.2909650000022
664.4472500000022
664.6100720000022
664.7713240000022
664.9391970000022
665.1043890000022
665.2641740000023
665.4204220000023
665.5773730000024
665.7537320000024
665.9291600000024
666.0958830000025
666.2668750000024
666.4397060000024
666.6117710000024
666.7720420000023
666.9561870000023
667.1363940000023
667.3117290000023
667.4810520000023
667.6563780000023
667.8307010000023
668.0024390000023
668.1602950000023
668.3147450000023
668.4885320000022
668.6511960000022
668.8095240000022
668.9677170000022
669.1254330000022
669.2739130000022
669.4428200000021
669.5949560000022
669.7451940000021
669.8957740000021
670.0474660000021
670.2026570000021
670.3497190000021
670.5155930000021
670.6798290000021
670.8350870000021
670.988743000002
671.1537540000021
671.3096920000021
671.4604270000021
671.6075940000021
671.7755660000021
671.9176320000021
672.079259000002
672.2269780000021
672.374100000002
672.5349680000021
672.686872000002
672.8392340000021
672.9926040000021
673.1337100000021
673.2842160000021
673.436387000002
673.580164000002
673.734256000002
673.883429000002
674.028287000002
674.1708320000021
674.315785000002
674.4571650000021
674.5973650000021
674.7425790000021
674.8919570000021
675.0472000000021
675.2013440000021
675.3551920000021
675.5129540000022
675.6579880000022
675.8033920000022
675.9536860000022
676.1002530000022
676.2488990000022
676.4019010000022
676.5534720000022
676.7017690000022
676.8516310000022
676.9923260000022
677.1426260000022
677.2872670000022
677.4402370000022
677.5929230000022
677.7466630000022
677.8938990000022
678.0402160000021
678.1845500000021
678.3562330000021
678.5014770000022
678.6477930000021
678.7930700000021
678.9467030000021
679.1105760000021
679.270044000002
679.4435280000021
679.5980170000021
679.772246000002
679.9346450000021
680.0871130000021
680.2372680000021
680.3923430000021
680.5434000000022
680.6933260000022
680.8393740000022
680.9874190000022
681.1324000000022
681.2798770000022
681.4300570000022
681.5955990000022
681.7551930000021
681.9057130000022
682.0624230000021
682.2120930000021
682.3612270000021
682.5127030000021
682.6615420000021
682.8115630000021
682.9558660000022
683.1061510000022
683.2664000000022
683.4213680000023
683.5855330000023
683.7369380000023
683.8973260000023
684.0450060000023
684.1925700000023
684.3414160000024
684.4833500000024
684.6317480000024
684.7856100000024
684.9316510000024
685.0763970000024
685.2233760000024
685.3673010000024
685.5136410000024
685.6536030000024
685.8110390000023
685.9601780000023
686.1179190000023
686.2710420000024
686.4328900000023
686.5902400000023
686.7536480000023
686.9130590000022
687.0753010000022
687.2366150000022
687.3916410000022
687.5504300000022
687.7109930000022
687.8560700000022
688.0086840000022
688.1632020000022
688.3224700000022
688.4814420000022
688.6516550000022
688.8101490000022
688.9632430000022
689.1268110000022
689.2753000000023
689.4232880000023
689.5778270000023
689.7354830000023
689.8975530000023
690.0526480000023
690.2102100000022
690.3663480000023
690.5268630000023
690.6868330000024
690.8486490000024
691.0147100000024
691.1754750000024
691.3314920000024
691.4933810000024
