0.035349
0.16763599999999998
0.3091
0.4513
0.593407
0.736947
0.878541
1.018309
1.1601819999999998
1.3083189999999998
1.4500859999999998
1.6028289999999998
1.7593379999999998
1.9123709999999998
2.065772
2.226452
2.3838310000000003
2.5421500000000004
2.7060890000000004
2.8599700000000006
3.0261880000000008
3.1912160000000007
3.364843000000001
3.5326020000000007
3.6881240000000006
3.8482810000000005
3.9991450000000004
4.141899
4.286982
4.4352920000000005
4.575248
4.7217150000000006
4.869829
5.012514
5.168248
5.30651
5.442095
5.582447
5.7298610000000005
5.874346000000001
6.0293220000000005
6.1712620000000005
6.317106000000001
6.461953000000001
6.597847000000002
6.750610000000002
6.894932000000002
7.046793000000002
7.185127000000002
7.338798000000002
7.469466000000002
7.600244000000003
7.737755000000003
7.890944000000003
8.035206000000002
8.189894000000002
8.337835000000002
8.499527000000002
8.642859000000001
8.794049000000001
8.942679000000002
9.086321000000002
9.230816
9.370896
9.510069
9.648639
9.786411
9.923926999999999
10.062128999999999
10.201474
10.339599
10.469749
10.617213
10.760266999999999
10.904867999999999
11.041922
11.179350999999999
11.317046999999999
11.452208999999998
11.586106999999998
11.721810999999999
11.859675
12.004271999999998
12.139117999999998
12.271954999999998
12.406081999999998
12.539106999999998
12.673513999999997
12.808643999999997
12.942353999999998
13.093831999999999
13.22656
13.361284
13.492754
13.631698
13.760242
13.926014
14.082213000000001
14.234800000000002
14.407168000000002
14.555160000000003
14.704573000000002
14.857182000000002
15.009360000000001
15.15905
15.308828
15.456285
15.604424999999999
15.749682
15.898404
16.051337
16.206114
16.348841
16.493505
16.637946
16.781108
16.932996
17.065642999999998
17.211166999999996
17.344209999999997
17.490698
17.639011999999997
17.774717
17.916939
18.052062
18.186072
18.319744
18.458058
18.588775000000002
18.718647
18.853695000000002
18.980962
19.111832000000003
19.240504000000005
19.368759000000004
19.499521000000005
19.628406000000005
19.756589000000005
19.912087000000007
20.053144000000007
20.179169000000005
20.307297000000005
20.436690000000006
20.576633000000005
20.717673000000005
20.853794000000004
20.983528000000003
21.116200000000003
21.253866000000002
21.378761
21.510959
21.644507
21.776204
21.902939
22.031214
22.178808
22.341195
22.495603
22.643765
22.791991
22.951788999999998
23.110552
23.271559999999997
23.429010999999996
23.588141999999994
23.750693999999996
23.920593999999994
24.068695999999996
24.223910999999994
24.370613999999993
24.522525999999992
24.67592399999999
24.821364999999993
24.96966099999999
25.106602999999993
25.248340999999993
25.393506999999993
25.532907999999992
25.678202999999993
25.83191799999999
25.981515999999992
26.14387599999999
26.28852299999999
26.42830299999999
26.57086799999999
26.71778299999999
26.86705399999999
27.01679999999999
27.16487299999999
27.31293999999999
27.44894399999999
27.58756499999999
27.72262599999999
27.86888399999999
28.00954699999999
28.15063399999999
28.31224199999999
28.45253799999999
28.60379899999999
28.74800399999999
28.91418599999999
29.05878299999999
29.205391999999993
29.349787999999993
29.492169999999994
29.648377999999994
29.787470999999993
29.925489999999993
30.074830999999993
30.21110699999999
30.35028299999999
30.49232399999999
30.62729399999999
30.763251999999987
30.906606999999987
31.048715999999988
31.208683999999987
31.368697999999988
31.538353999999988
31.705647999999986
31.857198999999987
32.018258999999986
32.17931999999998
32.331997999999984
32.488235999999986
32.640396999999986
32.795298999999986
32.948810999999985
33.10252099999998
33.26640899999998
33.419063999999985
33.57151299999998
33.72224799999998
33.87786199999998
34.02567999999998
34.18300499999998
34.34217499999998
34.48753199999998
34.65058899999998
34.79526399999998
34.947524999999985
35.10105799999999
35.251260999999985
35.40383499999999
35.558345999999986
35.72024899999999
35.87357799999999
36.041454999999985
36.18860499999999
36.34840599999999
36.49194599999999
36.64081899999999
36.77872899999999
36.92190399999999
37.08629799999999
37.24978899999999
37.423919999999995
37.594190999999995
37.747961999999994
37.906290999999996
38.07143799999999
38.228032999999996
38.402688
38.560553
38.71751
38.872977999999996
39.035413
39.183707999999996
39.333684
39.479138
39.630751
39.779697
39.921718999999996
40.056098999999996
40.190433
40.323036
40.438378
40.559377
40.678576
40.807828
40.942837
41.068433999999996
41.200982999999994
41.331714999999996
41.487336
41.623011999999996
41.765680999999994
41.92230899999999
42.07182099999999
42.210187999999995
42.364039999999996
42.510352
42.669458
42.829796
42.980699
43.133593000000005
43.28427800000001
43.44429000000001
43.58542900000001
43.730044000000014
43.86847700000001
44.012388000000016
44.149456000000015
44.279440000000015
44.42106300000002
44.55721000000002
44.69865400000002
44.838025000000016
44.994487000000014
45.160573000000014
45.31162800000001
45.459738000000016
45.63700700000002
45.80307800000002
45.96893600000002
46.14147200000002
46.30963200000002
46.47892400000002
46.64474000000002
46.81540100000002
46.978934000000024
47.15031100000002
47.33212700000002
47.497742000000024
47.66637600000002
47.840411000000024
48.01607000000003
48.19809300000003
48.38081600000003
48.55901300000003
48.74308500000003
48.93184200000003
49.10800100000003
49.28491600000003
49.46064500000003
49.63490100000003
49.81175400000003
49.98600400000003
50.15893400000003
50.33434100000003
50.51718100000003
50.70096400000003
50.87528400000003
51.053132000000026
51.22240800000003
51.40197400000003
51.59747000000003
51.78222600000003
51.95905300000003
52.12874400000003
52.29513400000003
52.47724800000003
52.64995300000003
52.82275100000003
52.993046000000035
53.17199200000004
53.34642300000004
53.52011800000004
53.69763500000004
53.88851000000004
54.067363000000036
54.268836000000036
54.480013000000035
54.695273000000036
54.900118000000035
55.100718000000036
55.30244400000004
55.538658000000034
55.734145000000034
55.93926600000003
56.151356000000035
56.35088000000003
56.55331800000003
56.746204000000034
56.93903200000003
57.12904600000003
57.32950900000003
57.53743900000003
57.731548000000025
57.93497600000003
58.14629600000003
58.35288800000003
58.55106200000003
58.75683500000003
58.96451400000003
59.17646400000003
59.39005600000003
59.59025500000003
59.796620000000026
60.00074900000003
60.20351800000003
60.40826200000003
60.60542100000003
60.80739500000003
61.02375300000003
61.23133600000003
61.42731200000003
61.63569000000003
61.851577000000034
62.051139000000035
62.27078300000004
62.486683000000035
62.70185700000003
62.905361000000035
63.10138200000004
63.30098600000004
63.501252000000036
63.70826900000004
63.91494000000004
64.12097500000004
64.32359800000005
64.53334800000005
64.73893500000004
64.93713300000005
65.14321500000004
65.34047100000004
65.53976200000004
65.74291500000004
65.94459800000004
66.15581800000004
66.35847000000004
66.55884100000004
66.75443200000004
66.96256300000003
67.16596300000003
67.38237500000004
67.59661200000004
67.79834500000004
68.00977300000004
68.21064500000004
68.41328000000004
68.62161700000004
68.83297100000004
69.03444000000005
69.23969800000005
69.44104500000005
69.65171500000004
69.86361600000004
70.06794200000003
70.27228500000002
70.47133100000002
70.67130100000001
70.87754400000001
71.07957800000001
71.285649
71.50577200000001
71.70749900000001
71.908831
72.12403400000001
72.333228
72.535807
72.73465900000001
72.94966000000001
73.15626200000001
73.35585900000001
73.56444100000002
73.78138800000002
73.98769700000003
74.19425000000003
74.40518200000002
74.62210900000002
74.82930000000002
75.02585200000001
75.25325100000002
75.45171300000003
75.64857600000002
75.85274900000002
76.05266400000002
76.25609600000003
76.46350400000003
76.66719900000002
76.87101900000002
77.07754800000002
77.28110100000002
77.48663100000002
77.68387200000002
77.88202300000002
78.07636200000002
78.27645900000002
78.48068300000001
78.68877200000001
78.89064000000002
79.09312500000001
79.29360000000001
79.48897900000001
79.69674100000002
79.91328800000002
80.13700000000003
80.34277700000003
80.54498500000003
80.74641500000003
80.96285400000002
81.17798900000003
81.39176000000002
81.59125100000001
81.79618100000002
81.99567700000001
82.19696100000002
82.40393300000001
82.61128300000001
82.80401300000001
83.01971900000001
83.227614
83.456653
83.667641
83.870721
84.07997900000001
84.28769000000001
84.48730200000001
84.68823800000001
84.89737600000001
85.10423100000001
85.30898700000002
85.51546500000002
85.71663100000002
85.92039900000002
86.12489700000002
86.32983800000002
86.53877600000003
86.75291000000003
86.95978300000003
87.15416800000003
87.36706400000003
87.57083200000002
87.78641100000003
87.98504700000002
88.19600600000003
88.41420700000002
88.62269700000002
88.83163200000001
89.02700500000002
89.23265200000002
89.44434800000002
89.66255800000002
89.87358700000001
90.06940200000001
90.27764200000001
90.50492300000002
90.71764900000002
90.91294100000002
91.10249500000002
91.31413400000002
91.52951100000003
91.73420400000003
91.92185700000003
92.13254700000003
92.33842500000003
92.53354000000003
92.73462400000003
92.93383500000003
93.13319000000003
93.34066400000003
93.54444700000003
93.75344200000004
93.95532500000003
94.16773100000003
94.39393800000003
94.61274500000003
94.82309000000004
95.02548500000003
95.22959000000003
95.43760200000003
95.64340600000003
95.87788100000003
96.09057700000002
96.30430700000002
96.50442700000002
96.69464800000002
96.89899200000002
97.10773600000002
97.31874200000001
97.51772100000001
97.72055900000001
97.93521000000001
98.13843400000002
98.35290100000002
98.55607600000002
98.76956900000002
98.98394700000001
99.18800900000001
99.42997100000001
99.648283
99.852339
100.056019
100.26342700000001
100.462911
100.66202100000001
100.861939
101.06531000000001
101.285621
101.51308200000001
101.72667600000001
101.94243700000001
102.16957800000002
102.39612300000002
102.59920300000002
102.79974500000002
103.01005000000002
103.21729100000002
103.42697500000001
103.64061200000002
103.83904600000002
104.03849400000003
104.24759900000002
104.44670400000003
104.65548300000003
104.86736400000004
105.08425500000004
105.28703900000004
105.49728800000004
105.70248300000004
105.89881600000004
106.10989300000004
106.32647200000004
106.53278300000004
106.74256500000004
106.95935900000003
107.15944100000003
107.35934500000003
107.58578600000003
107.79276800000002
107.98950000000002
108.20239000000002
108.41500500000002
108.62348800000002
108.82877000000002
109.04929300000002
109.27598500000002
109.48718200000002
109.70073200000002
109.90278000000002
110.11596600000001
110.32456800000001
110.54736500000001
110.77250700000002
110.99198100000002
111.20758000000002
111.41835000000002
111.62405500000001
111.82448600000001
112.031698
112.23814700000001
112.45551800000001
112.66855800000002
112.87373700000002
113.08407800000002
113.29407200000001
113.52414500000002
113.73234100000002
113.93989000000002
114.15064000000002
114.35579300000002
114.57137300000002
114.77276100000002
114.96868800000001
115.17507300000001
115.38606200000001
115.603565
115.810759
116.01255
116.219812
116.439119
116.656715
116.87110700000001
117.08691
117.290897
117.502766
117.73724299999999
117.95027499999999
118.162786
118.376749
118.58517900000001
118.78707600000001
118.99435600000001
119.19871800000001
119.41839700000001
119.61743100000001
119.830008
120.06233700000001
120.28090500000002
120.49215600000002
120.68579100000002
120.88667700000002
121.10339200000001
121.30630400000001
121.51202400000001
121.71170800000002
121.90482600000001
122.10487100000002
122.31231000000001
122.527043
122.744639
122.94004000000001
123.16224400000002
123.36849500000001
123.57449600000001
123.77933900000001
123.97721000000001
124.19174600000001
124.41249900000001
124.614551
124.81549600000001
125.01739800000001
125.22556700000001
125.42868700000001
125.62443700000001
125.82262700000001
126.02751200000002
126.22974900000001
126.435674
126.638129
126.84156200000001
127.04257700000001
127.24118100000001
127.442907
127.639268
127.846898
128.0436
128.245584
128.445525
128.639331
128.839123
129.045229
129.244924
129.442323
129.644813
129.842497
130.053942
130.240881
130.437893
130.645821
130.844163
131.040436
131.237082
131.431469
131.633865
131.845477
132.05085899999997
132.25608899999997
132.45070199999998
132.65697299999997
132.86171599999997
133.07529099999996
133.27192199999996
133.49506399999996
133.70117099999996
133.91256099999995
134.13029899999995
134.35333399999996
134.55474099999995
134.77474199999995
134.97892399999995
135.18527699999996
135.39226499999995
135.59488899999994
135.79796899999994
135.99747799999994
136.21084999999994
136.41926399999994
136.62712999999994
136.82597499999994
137.04893999999993
137.25872899999993
137.46164499999992
137.67450799999992
137.8783549999999
138.10143799999992
138.29993099999993
138.50229899999994
138.71621999999994
138.92996399999993
139.13892399999992
139.33870199999993
139.53696499999992
139.74704699999992
139.95018099999993
140.15104299999993
140.36366199999992
140.5853749999999
140.7964489999999
141.0027309999999
141.2156789999999
141.4192419999999
141.6175369999999
141.8104319999999
142.0162129999999
142.23023199999992
142.4165639999999
142.61681599999991
142.80981599999993
143.00160299999993
143.19724399999993
143.37958899999992
143.56460499999991
143.74227499999992
143.94479799999993
144.12533199999993
144.30891799999992
144.48843599999992
144.67773199999993
144.87110899999993
145.07178999999994
145.26471299999994
145.45308199999994
145.63863299999994
145.82717099999994
146.01143199999993
146.19524299999992
146.3812279999999
146.5694289999999
146.7604519999999
146.9522149999999
147.1406849999999
147.3362129999999
147.5412279999999
147.7572919999999
147.9488879999999
148.1443769999999
148.3519489999999
148.5510979999999
148.76001699999992
148.97199199999991
149.19475999999992
149.39478399999993
149.58588999999992
149.78805899999992
149.99437699999993
150.20446399999992
150.40099299999991
150.60434299999991
150.8114309999999
151.01495999999992
151.21112399999993
151.40584099999992
151.60533699999993
151.82176399999994
152.03074299999994
152.23474399999995
152.43729099999996
152.64019499999995
152.84091099999995
153.04113999999996
153.24108999999996
153.44626599999995
153.64621699999995
153.84483799999995
154.05011699999994
154.24991899999995
154.45303799999994
154.65739199999993
154.86282199999994
155.06924799999993
155.27277799999993
155.47901099999993
155.68702099999993
155.88491299999993
156.10165599999993
156.30240099999995
156.51746699999995
156.71712599999995
156.91583199999994
157.11502899999994
157.30936199999994
157.51390499999994
157.73340599999995
157.93528299999994
158.13344399999994
158.33954999999995
158.54634499999995
158.76789299999996
158.98883999999995
159.20473499999994
159.40729299999995
159.61135699999994
159.81819799999994
160.01346699999993
160.22880599999993
160.43431599999994
160.63431599999993
160.83281999999994
161.03295399999993
161.24831499999993
161.46178799999993
161.65466999999992
161.87219499999992
162.07514999999992
162.28409799999991
162.48936799999993
162.68632099999994
162.89032299999994
163.10316699999993
163.31124999999992
163.51616399999992
163.71465799999993
163.91870599999993
164.11885799999993
164.32943099999994
164.53759999999994
164.75151699999995
164.95747999999995
165.17414699999995
165.37963499999995
165.58159399999994
165.78689299999994
165.99354799999995
166.19811899999993
166.41774699999993
166.62847299999993
166.83831299999994
167.04177299999995
167.24697499999996
167.46008499999996
167.67004599999996
167.88414199999997
168.09876699999998
168.31042799999997
168.52340499999997
168.73777499999997
168.94858699999997
169.17071499999997
169.39354699999998
169.622415
169.84094499999998
170.05521599999997
170.26521599999998
170.46838799999998
170.67757299999997
170.90591099999997
171.149095
171.35751199999999
171.57062399999998
171.80270099999998
172.03535499999998
172.240773
172.445552
172.657771
172.865992
173.068105
173.28185200000001
173.482648
173.68602700000002
173.89097500000003
174.09563000000003
174.30585500000004
174.51521400000004
174.71435800000003
174.92387500000004
175.13409400000003
175.35288200000002
175.564849
175.779653
175.991843
176.206989
176.422651
176.638635
176.86657
177.084396
177.274384
177.472858
177.679756
177.88836
178.087504
178.291621
178.497253
178.695235
178.893774
179.103725
179.298711
179.50493
179.698723
179.909709
180.102569
180.30214199999998
180.497877
180.69653599999998
180.911543
181.113858
181.323578
181.530974
181.730957
181.92541599999998
182.11831899999999
182.31919499999998
182.52219599999998
182.72431199999997
182.93663299999997
183.14406499999998
183.34839899999997
183.55853199999999
183.75730299999998
183.96746499999998
184.16243699999998
184.382952
184.582787
184.783887
184.984909
185.180612
185.380156
185.573856
185.775124
185.987106
186.18989200000001
186.376335
186.571124
186.76289
186.952122
187.162656
187.38511499999998
187.601496
187.811634
188.030046
188.263933
188.47416700000002
188.69351000000003
188.90634600000004
189.13555700000003
189.36767400000002
189.58929400000002
189.80180400000003
190.00390200000004
190.21180500000003
190.43385600000002
190.648703
190.858583
191.070099
191.300145
191.519172
191.731064
191.96239400000002
192.17243200000001
192.38458300000002
192.59378500000003
192.78928400000004
192.99258100000003
193.19184000000004
193.39477700000003
193.59361000000004
193.78881200000004
193.97468200000003
194.16167800000002
194.35079700000003
194.54372300000003
194.72940600000004
194.91324700000004
195.10844500000005
195.32584400000005
195.52106700000004
195.71225600000005
195.90325900000005
196.08461800000003
196.25987300000003
196.43624200000002
196.60993800000003
196.78177700000003
196.94934600000002
197.12009600000002
197.28513300000003
197.45382000000004
197.60968000000003
197.77901300000002
197.95619700000003
198.11298700000003
198.27058800000003
198.43738300000004
198.58550600000004
198.72924000000003
198.87609200000003
199.03472300000004
199.19713900000005
199.37236300000004
199.53550000000004
199.70336600000005
199.87092800000005
200.02756100000005
200.18129800000006
200.34053500000005
200.50040900000005
200.66268500000004
200.81215500000005
200.97123400000004
201.13757300000003
201.30229800000004
201.47118100000003
201.63724200000004
201.80498300000005
201.97491800000006
202.13376000000005
202.30036000000004
202.46019600000005
202.63180500000004
202.79097300000004
202.96891300000004
203.14297800000006
203.33211500000004
203.51475400000004
203.71793800000003
203.88551500000003
204.05601700000003
204.23331700000003
204.42286700000002
204.61318900000003
204.80517600000005
204.99223800000004
205.18058200000004
205.36862000000005
205.56571700000006
205.75699900000006
205.96680800000007
206.16906000000006
206.36621700000006
206.58673800000005
206.79230400000006
206.99920100000006
207.20677700000005
207.42720300000005
207.64272200000005
207.85390300000006
208.06585600000005
208.28082400000005
208.48024000000007
208.68527900000007
208.88552400000006
209.08254200000007
209.29497500000008
209.5121560000001
209.75049600000008
209.96219000000008
210.16577700000008
210.36837300000008
210.57877800000009
210.7850190000001
210.9782270000001
211.1796930000001
211.3890580000001
211.58881000000008
211.78284300000007
211.98097900000008
212.18436400000007
212.39501600000008
212.6136630000001
212.8254100000001
213.0345420000001
213.2408510000001
213.4462500000001
213.6479650000001
213.84668600000012
214.03648100000012
214.23710500000013
214.43471300000013
214.64348900000013
214.84750300000013
215.04098600000012
215.23894000000013
215.4381080000001
215.6485170000001
215.83352600000012
216.02656100000013
216.21347400000013
216.40289700000014
216.59604400000015
216.78171500000016
216.96766700000015
217.15697800000015
217.34869800000016
217.54581000000016
217.74299100000016
217.95577400000016
218.16965400000015
218.38893900000016
218.60645800000017
218.81953800000016
219.02742900000015
219.23514800000015
219.44496200000015
219.64874700000016
219.86638600000015
220.08621400000015
220.30622200000016
220.51233500000015
220.72400400000015
220.93868300000014
221.14341400000015
221.35267400000015
221.57112500000014
221.79647000000014
222.01227800000015
222.23837800000015
222.45661200000015
222.66646000000014
222.89592400000015
223.10716400000015
223.35053500000015
223.57784100000015
223.79608200000015
224.01717500000015
224.22538900000015
224.44160600000015
224.65255800000014
224.86371000000014
225.09028100000015
225.29273400000014
225.52280300000012
225.74433700000012
225.95553100000012
226.17666700000012
226.39190700000012
226.60641200000012
226.81223900000012
227.02245700000012
227.2376890000001
227.4542540000001
227.6675770000001
227.8954440000001
228.1087910000001
228.3233780000001
228.5404180000001
228.74706100000012
228.95950400000012
229.19137500000014
229.40183800000014
229.62672600000013
229.84246100000013
230.05370100000013
230.26387100000014
230.48256700000013
230.70317000000014
230.92057000000014
231.12986900000013
231.34300300000012
231.55723400000014
231.76165500000013
231.96842200000015
232.17422600000015
232.38479500000014
232.59616000000014
232.80402700000013
233.01115600000014
233.22443500000014
233.43331700000013
233.64524700000013
233.85801900000013
234.08827700000012
234.3074150000001
234.52270400000012
234.74508800000012
234.96182300000012
235.17948000000013
235.40468700000014
235.62064100000015
235.83240000000015
236.04704600000014
236.27260400000014
236.50250500000016
236.71130000000016
236.92183500000016
237.13130600000017
237.33961800000017
237.54929300000018
237.76099500000018
237.97903400000018
238.19799700000019
238.4071550000002
238.66173000000018
238.89508300000017
239.12533600000017
239.35474700000017
239.57402600000017
239.80769000000018
240.01744900000017
240.22585100000018
240.44439500000018
240.6614750000002
240.8755190000002
241.0938650000002
241.3035430000002
241.51638800000018
241.72911700000017
241.93993200000017
242.15006500000018
242.3674030000002
242.5745940000002
242.78802300000018
243.0069050000002
243.2239850000002
243.4563410000002
243.6636800000002
243.8638290000002
244.08024400000022
244.30300100000022
244.52225800000022
244.72639700000022
244.9384760000002
245.15342800000022
245.36970300000021
245.58180000000021
245.79542600000022
246.0050960000002
246.2263340000002
246.43573500000022
246.66653600000024
246.87741500000024
247.08540300000024
247.29274300000023
247.50308100000024
247.71664500000023
247.92533700000024
248.13924100000025
248.35246200000026
248.57590600000026
248.78726700000027
248.99309400000027
249.19900600000028
249.41694900000027
249.62948400000028
249.84053000000029
250.0565750000003
250.26491700000028
250.48087700000028
250.69098300000027
250.89905200000027
251.10085100000026
251.30378600000026
251.52345600000027
251.72994100000025
251.94422100000025
252.17020400000027
252.39973900000027
252.61105900000027
252.82706700000026
253.04383200000026
253.26302900000027
253.48039600000027
253.69055800000027
253.90449600000028
254.12683800000028
254.33861800000028
254.5508800000003
254.77571300000028
254.9852960000003
255.19294900000028
255.4145980000003
255.6256950000003
255.8485760000003
256.0637050000003
256.2752100000003
256.4927310000003
256.70410500000025
256.9125540000002
257.12033300000024
257.33695000000023
257.54967800000026
257.76746500000024
257.97654600000027
258.1798430000003
258.3960990000003
258.6087830000003
258.8259850000003
259.0335180000003
259.2273760000003
259.42771400000026
259.62400000000025
259.8321780000002
260.0390220000002
260.23308700000024
260.42747100000025
260.62272300000024
260.81600100000026
260.99962600000026
261.18854700000026
261.37508600000024
261.56091000000026
261.7464250000003
261.9300680000003
262.1277690000003
262.32756800000027
262.54641400000025
262.7573660000003
262.9685720000003
263.17497000000026
263.36824300000023
263.56929500000024
263.7655410000002
263.96041500000024
264.15664400000026
264.35744700000026
264.56254100000024
264.77474100000023
264.97450600000025
265.17711300000025
265.38324800000026
265.60285400000026
265.80832400000025
266.01059000000026
266.21979500000026
266.44477900000027
266.6701610000003
266.89146600000026
267.1052790000003
267.3175230000003
267.5324610000003
267.7561900000003
267.9761690000003
268.18982300000033
268.40408700000035
268.6199890000004
268.82361900000035
269.03804600000035
269.23997300000036
269.45131500000036
269.6723120000004
269.87465100000037
270.0680020000004
270.2563280000004
270.43681300000037
270.6124170000004
270.7849180000004
270.9544500000004
271.1272140000004
271.30038000000036
271.46239400000036
271.62213700000035
271.78204000000034
271.93704600000035
272.08547600000037
272.26368000000036
272.42387700000035
272.58577400000036
272.74166900000034
272.89297800000037
273.04412500000035
273.19064400000036
273.3320720000004
273.48011400000036
273.6251870000004
273.7783330000004
273.92044500000037
274.06102500000037
274.21592700000036
274.37173400000034
274.54052500000034
274.69587900000033
274.84798300000034
274.99163700000037
275.13787200000036
275.29138200000034
275.4490160000003
275.6145490000003
275.7757000000003
275.93234500000034
276.12223100000034
276.3099640000003
276.48435300000034
276.66356500000035
276.8357890000004
277.02104700000035
277.20352100000036
277.3869800000004
277.58572300000037
277.77671600000036
277.95315800000037
278.14633300000037
278.3282900000004
278.51932800000037
278.72614700000037
278.9275090000004
279.12118600000036
279.3136810000004
279.4974570000004
279.6829740000004
279.8579060000004
280.0538730000004
280.2428560000004
280.4292480000004
280.6125710000004
280.7957950000004
280.9863380000004
281.16966100000036
281.34854000000036
281.5325620000004
281.70910800000036
281.88441500000033
282.0731410000003
282.2480510000003
282.4186620000003
282.6023160000003
282.7917330000003
282.9784400000003
283.14992500000034
283.33597800000035
283.51374600000037
283.68974300000036
283.86409100000037
284.0426660000004
284.2187060000004
284.4018150000004
284.5779740000004
284.75156500000037
284.93846000000036
285.11970100000036
285.28995200000037
285.4516000000004
285.6449280000004
285.8116980000004
285.9796270000004
286.1365140000004
286.30163600000037
286.4780990000004
286.6465020000004
286.81834200000037
286.98786000000035
287.1594540000004
287.3741960000004
287.59065800000036
287.80839900000035
288.00756600000034
288.1971710000003
288.3804010000003
288.5837560000003
288.7770660000003
288.96679700000027
289.16465900000026
289.38727900000026
289.5752460000003
289.7761430000003
289.96633300000025
290.16026600000026
290.35304100000025
290.5373510000002
290.73412400000024
290.92013200000025
291.1248910000003
291.3419520000003
291.5494240000003
291.7595450000003
291.9607300000003
292.1565230000003
292.3580960000003
292.5507960000003
292.74235100000027
292.93944400000026
293.1321870000003
293.32307100000025
293.52941500000026
293.7313400000003
293.94091200000025
294.13980000000026
294.34079000000025
294.53727800000024
294.73229600000025
294.91859800000026
295.1298640000003
295.3227830000003
295.5218210000003
295.73377500000026
295.93767300000025
296.13656900000024
296.34842000000026
296.54038600000024
296.73488600000024
296.92773600000027
297.1210420000003
297.3155170000003
297.51612700000027
297.7294890000003
297.9385130000003
298.15137000000027
298.3478000000003
298.5447150000003
298.7599690000003
298.9571850000003
299.1606100000003
299.3584600000003
299.56054000000034
299.74887600000034
299.9598220000003
300.1550060000003
300.3474820000003
300.5364850000003
300.7242570000003
300.9095320000003
301.0966230000003
301.3005210000003
301.4956760000003
301.6994540000003
301.9102380000003
302.11017600000025
302.29944800000027
302.4920030000003
302.6871720000003
302.8861840000003
303.0831780000003
303.2743340000003
303.4772320000003
303.6844390000003
303.8909580000003
304.0757970000003
304.2743930000003
304.4820220000003
304.6972370000003
304.9225420000003
305.1178610000003
305.3170920000003
305.5129450000003
305.7224220000003
305.9222530000003
306.1057020000003
306.2977720000003
306.48174700000027
306.68271400000026
306.87425300000024
307.05879300000026
307.25713000000025
307.4411920000002
307.63278800000023
307.8373610000002
308.0423320000002
308.2379480000002
308.4370210000002
308.6355220000002
308.8302860000002
309.0237840000002
309.2243260000002
309.4099920000002
309.6036900000002
309.7954730000002
309.9880820000002
310.1903680000002
310.37979400000023
310.59878700000024
310.79675900000024
310.99645500000025
311.21262500000023
311.4106220000002
311.61432700000023
311.8071440000002
312.0004590000002
312.1931980000002
312.3871190000002
312.5798660000002
312.7709970000002
312.9648420000002
313.1695990000002
313.35750900000016
313.54956300000015
313.72918100000015
313.92227000000014
314.12631200000015
314.33796400000017
314.54598000000016
314.7432000000002
314.9323590000002
315.1122750000002
315.2990520000002
315.4973550000002
315.6769590000002
315.8762960000002
316.0698920000002
316.2458200000002
316.4331230000002
316.6196520000002
316.8049820000002
316.9845360000002
317.1651310000002
317.3569100000002
317.5461370000002
317.7340640000002
317.92619300000024
318.1114280000002
318.3056450000002
318.4918770000002
318.6968540000002
318.9017570000002
319.0933300000002
319.2759450000002
319.4707890000002
319.6613180000002
319.8545370000002
320.04013800000024
320.23736600000024
320.4297840000002
320.6210530000002
320.8035100000002
320.9946280000002
321.1944710000002
321.3797240000002
321.5610340000002
321.7440750000002
321.9252900000002
322.1079650000002
322.30833300000023
322.51370300000025
322.72918200000026
322.93760200000025
323.16362100000026
323.35946100000024
323.56679200000025
323.77619900000025
323.9809790000003
324.17928900000027
324.3882630000003
324.57448800000026
324.7686240000003
324.96873700000026
325.1718510000003
325.3735070000003
325.5714680000003
325.77744800000033
325.98876200000035
326.2066680000004
326.4150530000004
326.6224050000004
326.8519430000004
327.0947320000004
327.31665300000043
327.5400460000004
327.7551900000004
327.9816050000004
328.2103480000004
328.42703800000044
328.64741000000043
328.86767000000043
329.10900200000043
329.35204400000043
329.59402800000043
329.83963800000043
330.0923690000004
330.3295210000004
330.5791960000004
330.82345200000043
331.05979900000045
331.30376800000045
331.55362400000047
331.8083010000005
332.06438800000046
332.33106900000047
332.5864460000005
332.8407680000005
333.08804900000047
333.33942200000047
333.5887000000005
333.83656700000046
334.07927500000045
334.32897900000046
334.56583400000045
334.81687600000043
335.06822100000045
335.32130800000044
335.59523000000047
335.8497260000005
336.1195570000005
336.3887230000005
336.6522910000005
336.9120710000005
337.1636030000005
337.4246940000005
337.6746110000005
337.93065000000047
338.17820200000045
338.42444300000045
338.66971300000046
338.92065500000047
339.16824400000047
339.41450900000046
339.6614850000005
339.9074260000005
340.1649680000005
340.4190810000005
340.6867800000005
340.94293800000054
341.20205200000055
341.46478000000053
341.70736300000056
341.95199900000057
342.2152590000006
342.45821800000056
342.68990800000057
342.93214200000057
343.1775240000006
343.4257580000006
343.6700360000006
343.8975550000006
344.1199670000006
344.3518200000006
344.5882270000006
344.8223090000006
345.0568790000006
345.2825620000006
345.5067580000006
345.73758800000064
345.97896700000064
346.23474200000067
346.4645200000007
346.6890530000007
346.9122510000007
347.1438050000007
347.36781500000075
347.60135500000075
347.83462100000077
348.05060300000076
348.26992700000073
348.4864530000007
348.71584900000073
348.94285200000076
349.1702380000008
349.4053570000008
349.6318710000008
349.84614900000076
350.0712400000008
350.2866050000008
350.5094810000008
350.73224600000077
350.9420050000008
351.1628490000008
351.3836930000008
351.5937000000008
351.8055900000008
352.0210100000008
352.2256250000008
352.43488500000075
352.63564000000076
352.83054600000077
353.02914600000076
353.23264100000074
353.4312730000007
353.62439400000073
353.8129320000007
354.01204900000073
354.2023720000007
354.38763300000073
354.58926900000074
354.7830350000007
354.98606100000075
355.18303200000076
355.3883550000008
355.5819540000008
355.7689940000008
355.9555450000008
356.15084700000085
356.32438200000087
356.5100750000009
356.68148400000086
356.86705600000084
357.05498200000085
357.24809200000084
357.42649400000084
357.60510000000085
357.78624100000087
357.95805300000086
358.1337050000009
358.33210900000086
358.5090630000009
358.69119000000086
358.86618200000083
359.0366640000008
359.21762600000085
359.40745900000087
359.57702600000084
359.7438900000008
359.9204360000008
360.0863490000008
360.27741500000076
360.45670800000073
360.6392840000007
360.8120020000007
360.99361100000067
361.1538580000007
361.3349910000007
361.51828800000067
361.6976090000007
361.8638750000007
362.0423010000007
362.2035620000007
362.3850080000007
362.5621310000007
362.7375440000007
362.9377260000007
363.1527820000007
363.3450280000007
363.5408410000007
363.73534900000067
363.92431900000065
364.11925600000063
364.30866200000065
364.4984260000007
364.7024880000007
364.88689200000067
365.08144600000065
365.30152300000066
365.4932470000007
365.6786770000007
365.86636800000065
366.04913200000067
366.2354300000007
366.4286300000007
366.61750900000067
366.81526000000065
367.00921300000067
367.2138380000007
367.4133610000007
367.5969250000007
367.8023840000007
367.9994220000007
368.2121370000007
368.41509600000074
368.6071770000007
368.8068390000007
368.9983740000007
369.1860310000007
369.3952200000007
369.5857080000007
369.7679440000007
369.9574630000007
370.1362970000007
370.32594700000067
370.50336800000065
370.6707490000006
370.85230000000064
371.03818200000063
371.21385300000065
371.38819200000063
371.5658770000006
371.7308430000006
371.8986170000006
372.06686200000064
372.23981700000064
372.4073300000006
372.5836000000006
372.74986100000064
372.9223990000006
373.1041730000006
373.27332300000063
373.44184400000063
373.61074600000063
373.79490500000065
373.96738200000067
374.1328790000007
374.3125400000007
374.4993680000007
374.6632520000007
374.8285090000007
375.0188610000007
375.1840960000007
375.3513900000007
375.5159780000007
375.6864580000007
375.8681560000007
376.0555190000007
376.24014700000066
376.4184290000007
376.60659300000066
376.7957960000007
376.9763630000007
377.14567600000066
377.31945100000064
377.50355500000063
377.69287500000064
377.8810820000006
378.0681800000006
378.2505500000006
378.4302310000006
378.6117710000006
378.8074860000006
378.9957670000006
379.18963100000065
379.38130100000063
379.5776820000006
379.76584700000063
379.96687300000065
380.1763580000006
380.37729500000063
380.5853990000006
380.8022120000006
381.00805500000064
381.2152600000006
381.41875900000065
381.62453700000066
381.83441800000065
382.03967600000067
382.2588030000007
382.4566730000007
382.6726770000007
382.8895430000007
383.0959110000007
383.3074790000007
383.5110810000007
383.71308800000065
383.92887400000063
384.1251640000006
384.3230980000006
384.5229760000006
384.7040510000006
384.8876080000006
385.0758140000006
385.2699880000006
385.4595850000006
385.64792700000055
385.83267800000056
386.01117500000055
386.18541500000055
386.35415300000057
386.52315000000056
386.70295400000055
386.87373200000053
387.0348760000005
387.20962400000053
387.37006200000053
387.54057800000055
387.70735700000057
387.8691120000006
388.0376130000006
388.1971020000006
388.3581210000006
388.5168550000006
388.6781720000006
388.82970200000057
388.98469000000057
389.15243300000054
389.3195630000005
389.4867380000005
389.6686190000005
389.8389560000005
390.0005360000005
390.1741740000005
390.3448780000005
390.5224270000005
390.6960420000005
390.8697340000005
391.0404720000005
391.2332620000005
391.4044370000005
391.6019040000005
391.7691820000005
391.9349430000005
392.1069550000005
392.2772280000005
392.4472010000005
392.61512500000055
392.78891000000056
392.95748600000053
393.1175920000005
393.2872860000005
393.4516590000005
393.62611300000054
393.7954540000005
393.9766750000005
394.1570460000005
394.3459270000005
394.52584800000045
394.7079580000005
394.8914440000005
395.0765370000005
395.2665060000005
395.4596260000005
395.6483530000005
395.8295680000005
396.0174000000005
396.20944400000053
396.40304500000053
396.5970850000005
396.7891030000005
396.9918700000005
397.1940990000005
397.3919830000005
397.6020400000005
397.8037190000005
397.9970570000005
398.1951860000005
398.38967400000047
398.59519600000044
398.80101500000046
398.99256400000047
399.1863650000005
399.3831840000005
399.57398200000046
399.77938000000046
399.97687800000045
400.1685310000004
400.37117200000046
400.58427700000044
400.77747500000044
400.96893800000043
401.1636460000004
401.3666410000004
401.5693790000004
401.7679160000004
401.9816670000004
402.1698910000004
402.3669790000004
402.5752650000004
402.7742350000004
402.9750150000004
403.1753390000004
403.3636900000004
403.5676940000004
403.76581400000043
403.96114200000045
404.16142800000046
404.35458900000043
404.55550800000043
404.75237200000043
404.9566740000004
405.1545640000004
405.3547550000004
405.5522910000004
405.75009600000044
405.95667000000043
406.15044600000044
406.34632500000043
406.53969300000045
406.74038000000047
406.94341600000047
407.14467500000046
407.3368740000005
407.53948800000046
407.7307180000005
407.92779600000046
408.1211830000004
408.3176280000004
408.5126580000004
408.70552300000037
408.89357300000034
409.0896830000003
409.2769130000003
409.46870600000034
409.6597040000003
409.8589330000003
410.05486800000034
410.2466510000003
410.4400760000003
410.6361750000003
410.82954700000033
411.0273400000003
411.22183400000034
411.41340600000035
411.60160400000035
411.7940700000004
412.00093500000037
412.2170220000004
412.4216490000004
412.6346150000004
412.8427660000004
413.04774100000037
413.24808400000035
413.45907200000033
413.66829900000033
413.8734090000003
414.0768970000003
414.2929320000003
414.5023070000003
414.6981000000003
414.9094840000003
415.11205900000033
415.3179770000003
415.53131800000034
415.73995900000034
415.94709100000034
416.17182700000035
416.3897530000003
416.59661100000034
416.81278400000036
417.01747100000034
417.23206100000033
417.44105800000034
417.6505860000003
417.87059000000033
418.08910900000035
418.31233300000036
418.5201110000004
418.7317670000004
418.94348000000036
419.16016500000035
419.37684600000034
419.5848200000003
419.79458200000033
419.99637400000034
420.19826600000033
420.40174200000035
420.61183400000033
420.8193150000003
421.0288440000003
421.23584800000026
421.4504030000003
421.66186900000025
421.8811050000003
422.1029960000003
422.3104900000003
422.5178630000003
422.72687700000034
422.93718800000033
423.14722300000034
423.3775310000003
423.5825680000003
423.7944120000003
424.0028260000003
424.2184430000003
424.4307080000003
424.6391530000003
424.8528570000003
425.0723130000003
425.2858460000003
425.49551000000025
425.70870600000023
425.93012500000026
426.14797700000025
426.36154900000025
426.5706310000003
426.7847400000003
426.9933700000003
427.2007670000003
427.41473300000035
427.62906400000037
427.8495170000004
428.05915700000037
428.2656330000004
428.48835400000036
428.69684100000035
428.90849000000037
429.1175030000004
429.3300820000004
429.5359840000004
429.75854900000036
429.96797800000036
430.19412000000034
430.4071130000003
430.6241600000003
430.8344300000003
431.06189900000027
431.27675700000026
431.49010600000025
431.69525300000026
431.90722800000026
432.11152700000025
432.32665500000024
432.53961100000026
432.76199700000024
432.97747800000025
433.2024730000002
433.4221310000002
433.6483210000002
433.86507500000016
434.0717250000002
434.2963560000002
434.51009200000016
434.73413900000014
434.9517710000001
435.1649130000001
435.38109300000013
435.58860400000015
435.80411300000014
436.0182770000001
436.2511450000001
436.4787280000001
436.7029270000001
436.9116100000001
437.1143950000001
437.3528650000001
437.5777890000001
437.8010720000001
438.02498900000006
438.24383000000006
438.45845600000007
438.6771330000001
438.90102700000006
439.12704500000007
439.3493930000001
439.56277100000005
439.76167300000003
439.97900400000003
440.18863100000004
440.397101
440.600518
440.805291
441.016978
441.228724
441.435135
441.656662
441.864125
442.073676
442.283845
442.488355
442.696615
442.91472400000004
443.13900500000005
443.3441040000001
443.55902800000007
443.76475200000004
443.97586000000007
444.19301600000006
444.40170100000006
444.62100000000004
444.82541100000003
445.03422400000005
445.25361100000003
445.468316
445.679106
445.885937
446.094662
446.29737200000005
446.50651500000004
446.721399
446.93575000000004
447.14722700000004
447.37412300000005
447.58885200000003
447.81041200000004
448.01871400000005
448.228986
448.437026
448.653225
448.86946
449.077403
449.309027
449.53448000000003
449.76666500000005
449.983377
450.195398
450.412547
450.62954
450.845316
451.056715
451.264077
451.487708
451.699755
451.911439
452.12281499999995
452.3306299999999
452.5335159999999
452.7382989999999
452.9506799999999
453.16867899999994
453.39062399999995
453.5904939999999
453.80897099999993
454.02169999999995
454.241185
454.458763
454.677302
454.896793
455.111638
455.321528
455.538927
455.747753
455.967912
456.20446400000003
456.42741400000006
456.64109300000007
456.85255100000006
457.06745700000005
457.29364000000004
457.51446500000003
457.74457400000006
457.95774100000006
458.17367600000006
458.39425500000004
458.602095
458.81598
459.03032
459.24737300000004
459.45770500000003
459.67068
459.88859
460.09828100000004
460.31023400000004
460.53053000000006
460.73511800000006
460.94123500000006
461.15047000000004
461.35877300000004
461.565489
461.777888
461.983246
462.186132
462.405889
462.631711
462.846207
463.05415999999997
463.274254
463.49316699999997
463.709069
463.929877
464.162261
464.378009
464.596357
464.806458
465.008275
465.216295
465.429118
465.640461
465.85906
466.0712
466.299713
466.516119
466.74198
466.969675
467.192408
467.405289
467.613704
467.826886
468.04669
468.26835900000003
468.496416
468.711475
468.96090100000004
469.177201
469.377136
469.577959
469.791921
470.014193
470.23420799999997
470.448244
470.655935
470.867824
471.067903
471.281124
471.48642099999995
471.68991199999994
471.90881299999995
472.12401099999994
472.32778099999996
472.53219299999995
472.73650899999996
472.94228499999997
473.163687
473.361625
473.564817
473.771428
473.96961500000003
474.16282
474.356103
474.55014800000004
474.74610400000006
474.94614800000005
475.14015000000006
475.3347810000001
475.5303640000001
475.7273550000001
475.9278570000001
476.12712000000005
476.31798900000007
476.51580700000005
476.72564200000005
476.93854300000004
477.142757
477.338628
477.53279200000003
477.729054
477.92521300000004
478.114772
478.318104
478.508817
478.70396400000004
478.911531
479.12190000000004
479.32788500000004
479.51646800000003
479.70698500000003
479.88342100000006
480.09010800000004
480.306369
480.512446
480.740071
480.961661
481.17139
481.385719
481.606661
481.81935999999996
482.02827299999996
482.23509599999994
482.4375749999999
482.6447099999999
482.84624899999994
483.05478299999993
483.25995199999994
483.4666879999999
483.65990299999993
483.8520659999999
484.0634359999999
484.2593789999999
484.46332899999993
484.65005999999994
484.83771699999994
485.04586399999994
485.25699599999996
485.46312599999993
485.66102499999994
485.8590269999999
486.0587999999999
486.2526259999999
486.4532969999999
486.6507059999999
486.8465039999999
487.0499899999999
487.2436169999999
487.4370489999999
487.6591729999999
487.8717079999999
488.0912929999999
488.3042819999999
488.5252299999999
488.7334979999999
488.9478739999999
489.1579979999999
489.3682119999999
489.5900909999999
489.80250499999994
490.01037199999996
490.21944399999995
490.42438699999997
490.648891
490.873183
491.10992699999997
491.34905799999996
491.58471299999997
491.82523799999996
492.05961799999994
492.28782399999994
492.52989899999994
492.77879499999995
493.0189629999999
493.2643799999999
493.4950469999999
493.7261119999999
493.9803639999999
494.2445189999999
494.5073749999999
494.7728479999999
495.0387359999999
495.3249139999999
495.5755199999999
495.83231199999994
496.07474699999995
496.3249339999999
496.5689509999999
496.8081839999999
497.0577359999999
497.3128249999999
497.55703099999994
497.80055899999996
498.06777999999997
498.33823299999995
498.60234799999995
498.87411699999996
499.15800199999995
499.42193799999995
499.686855
499.951396
500.207343
500.46808699999997
500.720802
500.98983499999997
501.24967399999997
501.50991
501.77457499999997
502.03795599999995
502.2999219999999
502.55390099999994
502.8045419999999
503.0514849999999
503.3130179999999
503.57236899999987
503.82027699999986
504.09322599999985
504.3660639999998
504.6421789999998
504.91423499999985
505.19397499999985
505.4608259999998
505.73142599999983
506.0015789999998
506.27390399999985
506.54281099999986
506.80956399999985
507.0928769999999
507.35704099999987
507.62359999999984
507.8872059999998
508.16775399999983
508.4190839999998
508.67931899999985
508.95021899999983
509.2087559999998
509.4724969999998
509.7391749999998
510.0072059999998
510.2776749999998
510.54335799999984
510.81272299999983
511.0678419999998
511.3324159999998
511.5906769999998
511.8710899999998
512.1276649999999
512.3803069999999
512.6479639999999
512.9055609999999
513.1729629999999
513.4295289999999
513.6836399999999
513.9365269999998
514.1889829999999
514.4539759999999
514.7100619999999
514.9741269999998
515.2324799999999
515.4855169999998
515.7498729999999
516.0154569999999
516.2693649999999
516.5345749999999
516.7948399999999
517.0634549999999
517.3456829999999
517.6053999999999
517.890415
518.146708
518.401914
518.6700850000001
518.9234260000001
519.178746
519.4405790000001
519.70869
519.9652870000001
520.2231480000002
520.4825330000001
520.7345720000001
520.981571
521.2418640000001
521.4948850000001
521.7565040000001
522.0122190000001
522.271692
522.5659410000001
522.838108
523.0992560000001
523.3611400000001
523.622955
523.891385
524.144317
524.409719
524.662129
524.911861
525.173543
525.434679
525.6983429999999
525.9568249999999
526.2143659999998
526.4733299999998
526.7393909999998
526.9995269999998
527.2550829999998
527.5047339999998
527.7546039999997
528.0128719999998
528.2651359999998
528.5171599999998
528.7784789999997
529.0306319999997
529.2924379999997
529.5443459999997
529.8033029999997
530.0653669999997
530.3314079999997
530.6071329999996
530.8644029999996
531.1174179999996
531.3677479999996
531.6761109999995
531.9403339999996
532.1977059999996
532.4495509999996
532.7213909999996
532.9823049999995
533.2518399999996
533.5054799999996
533.7645659999996
534.0219809999996
534.2861499999997
534.5495669999997
534.8400669999996
535.1103759999996
535.3768279999996
535.6340269999996
535.8928279999996
536.1512489999996
536.4139629999995
536.6773389999995
536.9390579999995
537.2014859999995
537.4630489999995
537.7294389999995
537.9930329999995
538.2535159999995
538.5146739999996
538.7854469999995
539.0613469999995
539.3187039999995
539.5792509999994
539.8293649999995
540.0819919999994
540.3486729999994
540.6088829999994
540.8680379999994
541.1201939999994
541.3747419999994
541.6324759999994
541.8966689999994
542.1488999999995
542.4061409999995
542.6624329999995
542.9189069999995
543.1824329999995
543.4401189999995
543.6969939999996
543.9467719999996
544.2024629999995
544.4539569999995
544.7022039999995
544.9466049999995
545.1943999999995
545.4567229999996
545.7112959999996
545.9674429999997
546.2232049999997
546.4728249999997
546.7434099999997
547.0011469999997
547.2622799999997
547.5257609999996
547.7870689999996
548.0349059999996
548.2921059999996
548.5488569999997
548.8021709999997
549.0569329999997
549.3241199999998
549.5774329999998
549.8234059999999
550.0925699999999
550.3550639999999
550.6139649999999
550.8687229999999
551.122723
551.381134
551.65149
551.8993899999999
552.154196
552.4074579999999
552.6652849999999
552.9165899999999
553.185759
553.4225359999999
553.6680019999999
553.9204019999999
554.1712369999999
554.429998
554.68751
554.9437379999999
555.1985669999999
555.44648
555.6914449999999
555.9473849999999
556.1941899999999
556.45485
556.699093
556.978449
557.227033
557.48616
557.739777
557.984088
558.2372320000001
558.510387
558.754708
558.999263
559.247664
559.496538
559.743472
559.990839
560.2593360000001
560.5096970000001
560.7780170000001
561.0446270000001
561.2935050000001
561.5481300000001
561.8199080000002
562.0828800000002
562.3349110000001
562.5984290000001
562.8473870000001
563.0941100000001
563.3427980000001
563.5946330000002
563.8589450000002
564.1260730000001
564.3827330000001
564.6374570000002
564.9005230000001
565.1708630000002
565.4186980000002
565.6745590000002
565.9301750000002
566.1864850000002
566.4412350000001
566.6975550000001
566.9560560000001
567.2238850000001
567.4855800000001
567.7454030000001
568.0000400000001
568.2661940000002
568.5152850000002
568.7739800000002
569.0367090000002
569.3036450000002
569.5696920000001
569.8309190000001
570.0894740000001
570.3545550000001
570.6223430000001
570.8887400000001
571.1553840000001
571.4213210000001
571.6872440000002
571.9557470000002
572.2239960000002
572.4819040000002
572.7448450000002
573.0026770000002
573.2709650000002
573.5390410000001
573.7945940000001
574.0472330000001
574.3144380000001
574.5714020000001
574.8343250000001
575.1019120000002
575.3679150000002
575.6313590000002
575.9053500000002
576.1684340000003
576.4432420000003
576.7256990000003
577.0039270000003
577.2749530000003
577.5452580000003
577.8086140000004
578.0656340000004
578.3272280000003
578.5829410000003
578.8364950000004
579.0957050000004
579.3575410000004
579.6219390000005
579.8775890000004
580.1425850000004
580.4009330000004
580.6638050000004
580.9281200000004
581.1956750000004
581.4653800000004
581.7407890000004
582.0273660000004
582.2903420000004
582.5631180000004
582.8292300000004
583.0964770000004
583.3582080000004
583.6140600000004
583.9007720000004
584.1785800000005
584.4490710000005
584.7118660000004
584.9817190000005
585.2404750000004
585.5159290000004
585.7816470000004
586.0544320000004
586.3066630000004
586.5666750000004
586.8208220000004
587.0691050000004
587.3408560000004
587.6049400000004
587.8692240000004
588.1251510000004
588.3849060000005
588.6424680000005
588.8945830000005
589.1539770000005
589.4220490000005
589.6770270000005
589.9319880000005
590.1894160000005
590.4434920000006
590.7007330000006
590.9568040000006
591.2352740000006
591.4890110000006
591.7536790000006
592.0109580000006
592.2687260000007
592.5336210000007
592.7863990000008
593.0501820000007
593.3066130000008
593.5604080000007
593.8150450000007
594.0648930000008
594.3163930000007
594.5781810000008
594.8467240000008
595.1022710000008
595.3614010000008
595.6200200000007
595.8717500000007
596.1435830000007
596.4012640000008
596.6635920000008
596.9231420000008
597.1805990000008
597.4521220000008
597.7056140000009
597.9590250000009
598.2411020000009
598.5024510000009
598.7606300000009
599.0392540000009
599.294370000001
599.566891000001
599.821491000001
600.085765000001
600.343690000001
600.603574000001
600.863114000001
601.124736000001
601.386025000001
601.647416000001
601.9039340000011
602.1597880000011
602.4200960000011
602.713793000001
602.9901640000011
603.243056000001
603.500147000001
603.790195000001
604.0568330000009
604.3500710000009
604.6022050000008
604.8664430000008
605.1152520000009
605.3856930000009
605.6442890000009
605.9075720000009
606.1693190000009
606.4403860000009
606.7098410000009
606.9624940000009
607.220264000001
607.474890000001
607.737881000001
607.9982660000011
608.267417000001
608.5274400000011
608.782007000001
609.035793000001
609.296791000001
609.5553250000011
609.820687000001
610.084657000001
610.362035000001
610.626079000001
610.893515000001
611.149503000001
611.403754000001
611.663871000001
611.9178100000009
612.1802970000009
612.4421950000009
612.7166930000009
612.9630570000008
613.2256090000009
613.4712320000009
613.7302030000009
613.9850600000009
614.2515010000009
614.5170190000009
614.770560000001
615.041723000001
615.3186240000009
615.5890340000009
615.8441030000009
616.1114470000009
616.3753540000009
616.638300000001
616.891463000001
617.1462900000009
617.410327000001
617.685037000001
617.951442000001
618.232194000001
618.500243000001
618.745639000001
619.000603000001
619.254103000001
619.509195000001
619.764846000001
620.0242770000009
620.3048190000009
620.5677530000008
620.8298030000009
621.0901570000009
621.3533560000009
621.6132190000009
621.8766120000008
622.1496360000008
622.4058430000008
622.6666450000008
622.9243870000008
623.1792860000008
623.4250330000009
623.6916660000009
623.9575940000009
624.2132420000008
624.4728350000008
624.7285170000008
624.9952270000008
625.2662380000008
625.5302350000009
625.7793320000009
626.0510210000009
626.3118480000009
626.5956060000009
626.8620910000009
627.1228410000009
627.3720470000009
627.6348430000008
627.8900460000009
628.1452600000009
628.3998140000009
628.6633090000009
628.9157890000009
629.1749790000009
629.4347710000009
629.6842440000008
629.9381450000009
630.1993870000009
630.4524560000009
630.7030950000009
630.9631490000008
631.2101390000008
631.4658830000009
631.7243600000008
631.9769230000009
632.2302500000009
632.4968160000009
632.7537470000009
633.0043750000009
633.2553320000009
633.5197800000009
633.7739650000009
634.0300600000008
634.2892650000008
634.5494940000008
634.8105030000007
635.0635960000008
635.3151100000008
635.5633740000007
635.8199210000007
636.0718470000007
636.3251410000007
636.5734940000007
636.8288010000007
637.0694570000006
637.3326510000006
637.5994680000006
637.8536870000006
638.1049280000007
638.3682750000006
638.6254080000006
638.8718180000005
639.1319730000006
639.3734530000006
639.6245620000007
639.8717440000006
640.1200000000006
640.3809630000005
640.6458390000005
640.9131670000005
641.1704420000005
641.4363690000006
641.6991100000006
641.9605480000006
642.2152370000006
642.4754710000005
642.7305910000006
642.9871570000006
643.2468830000006
643.5113650000006
643.7609360000006
644.0159230000006
644.2801880000006
644.5392200000007
644.7939780000007
645.0550000000007
645.3068260000008
645.5649330000008
645.8179300000008
646.0833940000008
646.3484950000008
646.6100920000008
646.8631300000008
647.1502070000007
647.4035960000007
647.6569430000006
647.9134460000006
648.1636330000006
648.4269960000006
648.6724160000006
648.9223400000005
649.1700650000005
649.4230400000005
649.6937710000004
649.9533980000004
650.2011880000005
650.4584270000005
650.7238150000005
651.0145350000005
651.2642790000004
651.5216480000005
651.7842660000005
652.0434850000005
652.3080600000005
652.5709710000006
652.8247910000006
653.0858900000005
653.3666750000006
653.6360990000005
653.8980050000005
654.1690400000005
654.4314950000005
654.7027670000004
654.9684140000004
655.2337180000004
655.4951740000004
655.7538220000004
656.0122970000003
656.2792100000004
656.5410240000003
656.8029290000003
657.0505040000003
657.3272220000002
657.5968770000002
657.8654270000002
658.1328750000001
658.4004030000001
658.6693040000001
658.9251050000001
659.1951100000001
659.4551320000002
659.7192230000002
659.9913090000001
660.2555840000001
660.5071030000001
660.7656390000002
661.0275100000002
661.2899730000003
661.5606640000003
661.8177860000003
662.0780280000002
662.3446090000002
662.6084490000002
662.8726950000001
663.1206590000002
663.3706700000001
663.6221030000002
663.8869680000001
664.1567980000001
664.4187280000001
664.6817370000001
664.9455240000001
665.2070990000001
665.465089
665.7177750000001
665.964504
666.2167010000001
666.470593
666.721148
666.9733739999999
667.2276589999999
667.4840259999999
667.7422659999999
668.0043099999998
668.2711529999998
668.5383899999998
668.7833919999998
669.0383899999998
669.3122459999998
669.5790459999998
669.8303689999998
670.0878059999998
670.3458409999997
670.6165079999997
670.8649099999998
671.1369409999998
671.4059229999998
671.6679309999998
671.9219849999998
672.1872069999998
672.4513959999998
672.7063979999998
672.9668689999999
673.2339309999999
673.4858829999998
673.7492339999998
674.0114849999998
674.2677199999997
674.5247729999998
674.7936239999998
675.0464439999998
675.3056999999999
675.5731029999998
675.8304279999999
676.0936529999999
676.3686619999999
676.6241369999999
676.8791569999999
677.1395159999998
677.4015849999998
677.6653669999998
677.9236059999998
678.1778689999999
678.4493699999998
678.7076659999998
678.9597349999998
679.2186999999998
679.4779879999998
679.7471679999998
680.0057189999998
680.2654719999998
680.5267579999999
680.7836929999999
681.0401899999998
681.3064059999998
681.5539189999998
681.8163719999999
682.0676869999999
682.3398169999998
682.6000359999998
682.8571259999998
683.1268389999998
683.3809979999997
683.6807409999998
684.0225399999998
684.3431019999998
684.6113109999998
684.8769819999998
685.1396179999998
685.3990169999998
685.6584979999999
685.9329819999999
686.187916
686.4488729999999
686.7212159999999
686.9780199999999
687.252404
687.51288
687.773724
688.0450020000001
688.3116950000001
688.574369
688.8447530000001
689.1021330000001
689.3685120000001
689.6203020000002
689.8844030000001
690.1454320000001
690.4118720000001
690.6807070000001
690.9575770000001
691.2256420000001
691.4876010000002
691.7530190000001
692.0137670000001
692.2755470000002
692.5294920000002
692.7781360000002
693.0324090000003
693.2912020000002
693.5424180000002
693.8034110000002
694.0661840000002
694.3368180000002
694.5816590000002
694.8416060000002
695.0901330000002
695.3430400000002
695.6053650000002
695.8676550000002
696.1189070000003
696.3809520000002
696.6381330000002
696.8915820000002
697.1403670000002
697.3816890000002
697.6289910000002
697.8757040000002
698.1268670000002
698.3721320000002
698.6156260000002
698.8653430000003
699.1001590000003
699.3455240000003
699.5724070000003
699.8059090000004
700.0484220000004
700.2850260000005
700.5325560000005
700.7897890000005
701.0442670000004
701.2983330000004
701.5559770000004
701.8038800000004
702.0555780000004
702.3056100000005
702.5565920000005
702.8127550000005
703.0662550000005
703.3137560000006
703.5559280000006
703.8077830000005
704.0554650000006
704.2947160000006
704.5420590000006
704.7726680000005
705.0060610000005
705.2452880000005
705.4745870000005
705.7129070000005
705.9406060000006
706.1654730000006
706.4014350000006
706.6215510000005
706.8378060000006
707.0500660000006
707.2630760000006
707.4747270000006
707.7024980000006
707.9167320000006
708.1469380000005
708.3794110000006
708.5951580000005
708.8156660000005
709.0303480000006
709.2414860000006
709.4496220000005
709.6507970000006
709.8513840000006
710.0755900000006
710.2730020000006
710.4609590000006
710.6620430000006
710.8539470000006
711.0430740000006
711.2377540000006
711.4264030000006
711.6279570000006
711.8144760000006
712.0150810000006
712.1989540000005
712.3762510000005
712.5491770000004
712.7286240000004
712.9095390000004
713.0828200000004
713.2564550000004
713.4267620000004
713.6000670000004
713.7663460000005
713.9342230000004
714.1000620000004
714.2585750000004
714.4300590000004
714.5964170000003
714.7733320000003
714.9491360000003
715.1161080000003
715.2880700000003
715.4966440000003
715.6963620000002
715.8733250000002
716.0670100000002
716.2481310000002
716.4264200000001
716.6281610000001
716.8045360000001
717.0061380000001
717.198242
717.3874470000001
717.572852
717.750997
717.935612
718.115774
718.296251
718.466907
718.644217
718.820973
718.999392
719.1819949999999
719.3866429999999
719.565574
719.745599
719.9219009999999
720.0982859999999
720.322383
720.521438
720.692235
720.875898
721.069188
721.2576310000001
721.444381
721.6350120000001
721.8253760000001
722.0134220000001
722.2303700000001
722.4296610000001
722.6262610000001
722.8235320000001
723.0253810000002
723.2203110000002
723.4470410000001
723.6705900000002
723.8919680000001
724.1046330000001
724.3145450000002
724.5327070000002
724.7474460000002
724.9901700000001
725.2192020000001
725.4461160000001
725.670826
725.898936
726.1482930000001
726.3639340000001
726.584011
726.8180060000001
727.0421880000001
727.2669090000002
727.4992530000002
727.7224880000002
727.9427520000003
728.1652160000002
728.3887950000002
728.6099630000002
728.8390010000002
729.0520410000001
729.2723440000001
729.5035030000001
729.7088220000002
729.9255450000002
730.1373700000001
730.3473110000001
730.5629970000001
730.7561370000001
730.9623500000001
731.1771910000001
731.3702840000001
731.5523640000001
731.7436900000001
731.9322200000001
732.1217870000002
732.3176410000002
732.4949190000002
732.6760770000002
732.8552020000002
733.0280470000002
733.2043850000002
733.3819030000002
733.5585440000002
733.7334670000002
733.9150830000002
734.0955640000002
734.2690400000002
734.4426800000002
734.6158740000002
734.7883820000002
734.9619870000001
735.1277630000002
735.2973110000001
735.4637930000001
735.6309690000002
735.8042730000002
735.9771590000001
736.1495960000001
736.3234190000001
736.485447
736.648917
736.813678
736.9775589999999
737.1412049999999
737.3048279999999
737.474161
737.635045
737.798463
737.9590479999999
738.134234
738.307183
738.481511
738.65221
738.822825
738.989664
739.1587949999999
739.321873
739.487123
739.648234
739.811224
739.9728650000001
740.1354510000001
740.2988530000001
740.4499940000002
740.6058510000001
740.7603820000002
740.9131040000002
741.0759940000002
741.2239470000002
741.3687220000002
741.5159910000002
741.6679790000002
741.8335740000002
741.9889530000003
742.1476960000002
742.3092780000002
742.4670420000002
742.6138000000002
742.7743820000002
742.9329390000001
743.0955530000001
743.2547940000001
743.413267
743.568025
743.7453360000001
743.9041820000001
744.0644090000001
744.2216330000001
744.3779430000001
744.5557640000001
744.7119050000001
744.8750180000001
745.0458430000001
745.2102440000001
745.3764500000001
745.5388130000001
745.7018820000001
745.8680250000001
746.031457
746.1978680000001
746.3591500000001
746.5165120000001
746.6716360000001
746.8273640000001
746.991062
747.151694
747.312285
747.475058
747.635982
747.795029
747.954738
748.1144820000001
748.278263
748.43551
748.5935890000001
748.7485610000001
748.9056420000001
749.0738590000001
749.2378440000001
749.4079860000002
749.5729840000001
749.7315170000002
749.9074390000002
750.0792890000001
750.2520010000002
750.4162110000002
750.5713970000002
750.7411800000002
750.9029480000003
751.0691450000003
751.2260090000003
751.3796800000003
751.5297940000004
751.6955950000004
751.8468870000004
752.0109550000004
752.1659310000005
752.3367200000005
752.5105480000004
752.6678130000005
752.8250980000005
752.9853240000004
753.1563050000004
753.3121650000004
753.4670530000004
753.6297920000004
753.7859930000004
753.9489850000004
754.1058330000004
754.2603920000004
754.4152740000004
754.5761270000004
754.7487820000003
754.9089350000004
755.0672790000004
755.2228960000004
755.3830680000004
755.5412510000004
755.7026340000004
755.8653970000005
756.0331900000004
756.1902080000004
756.3427810000004
756.5028490000004
756.6597710000004
756.8182660000004
756.9793860000004
757.1332170000004
757.3028550000004
757.4623060000004
757.6245450000004
757.7901070000004
757.9547520000003
758.1162820000003
758.2730790000003
758.4273890000003
758.5949320000003
758.7550750000003
758.9127480000003
759.0734870000003
759.2265810000004
759.3986700000004
759.5549320000003
759.7104750000003
759.8633980000003
760.0291250000002
760.1920400000002
760.3558750000002
760.5227820000002
760.6757420000002
760.8332690000002
760.9826860000002
761.1414910000002
761.3029070000002
761.4591330000002
761.6181460000001
761.7737580000002
761.9286380000002
762.0821870000002
762.2381100000002
762.3938120000003
762.5540780000002
762.7130590000003
762.8759430000002
763.0354870000002
763.1903090000002
763.3492580000002
763.5085580000002
763.6627820000002
763.8243420000002
763.9843830000002
764.1406240000002
764.2968980000003
764.4629140000003
764.6345800000003
764.7901930000003
764.9435010000003
765.1158690000003
765.2997850000003
765.4736110000002
765.6451760000002
765.8242950000002
765.9968460000002
766.1737860000002
766.3514560000002
766.5219800000002
766.6958220000002
766.8692470000002
767.0400710000002
767.2188210000003
767.3842150000003
767.5555600000002
767.7361930000002
767.9061060000001
768.0808680000001
768.2601950000001
768.4432790000001
768.6105950000001
768.7832380000001
768.9455600000001
769.1264970000001
769.301989
769.466846
769.641729
769.8169720000001
769.9838010000001
770.153985
770.323656
770.488507
770.651023
770.814363
770.971861
771.131514
771.293223
771.457521
771.6279020000001
771.805783
771.988464
772.177173
772.357436
772.535705
772.703422
772.8635670000001
773.0366930000001
773.2100080000001
773.3789250000001
773.551136
773.7261940000001
773.8851030000001
774.055553
774.2337190000001
774.4080500000001
774.5891600000001
774.7630470000001
774.9348880000001
775.1094360000001
775.284167
775.461042
775.633823
775.816003
775.984549
776.154529
776.330454
776.4964650000001
776.6821540000001
776.8618140000001
777.0316960000001
777.2086720000001
777.384753
777.560997
777.738153
777.906825
778.071421
778.24356
778.40661
778.565893
778.7346749999999
778.907169
779.0858059999999
779.2807799999999
779.4535199999999
779.6292709999999
779.7946559999999
779.9660829999999
780.1351669999999
780.3072659999999
780.4736919999999
780.637809
780.7992479999999
780.967544
781.124653
781.299866
781.466597
781.640391
781.814955
782.0013090000001
782.1742450000002
782.3492940000001
782.5128270000001
782.7080300000001
782.8694350000001
783.040381
783.212494
783.389031
783.561397
783.737513
783.918079
784.106531
784.286981
784.4770669999999
784.659728
784.848877
785.036908
785.2213270000001
785.4069690000001
785.5909620000001
785.7744360000002
785.9560000000001
786.1699530000001
786.3609280000001
786.546735
786.740766
786.936932
787.123085
787.311195
787.511141
787.709223
787.894911
788.073118
788.256985
788.432245
788.6152169999999
788.7960029999999
788.980741
789.170696
789.366546
789.566348
789.7598959999999
789.9437619999999
790.1301489999998
790.3213799999999
790.5095559999999
790.6920099999999
790.8785009999999
791.064361
791.246463
791.4285749999999
791.6116709999999
791.8102489999999
791.9973209999998
792.1883139999999
792.3960879999998
792.5880739999999
792.7803859999999
792.9699029999999
793.1686619999999
793.3576049999999
793.5478969999999
793.7335549999999
793.9159669999999
794.1063589999999
794.2877569999998
794.4686409999998
794.6598999999998
794.8445209999998
795.0273219999998
795.2035109999998
795.3773619999998
795.5528909999998
795.7300419999998
795.9141389999998
796.0898229999998
796.2643339999998
796.4556739999998
796.6289459999998
796.8027199999998
796.9930429999998
797.1830439999999
797.3730119999999
797.5577229999999
797.7437909999999
797.9242419999998
798.1071139999998
798.2879669999998
798.4683509999998
798.6573619999998
798.8326629999998
799.0041949999998
799.1866549999997
799.3597089999997
799.5436109999997
799.7183119999997
799.8875019999997
800.0615689999997
800.2308329999997
800.4000499999997
800.5745599999998
800.7409819999998
800.9115989999998
801.1022309999998
801.2816909999998
801.4633179999998
801.6507929999998
801.8180199999998
801.9988919999998
802.1729999999999
802.3496059999999
802.5271919999999
802.6940279999999
802.8694469999999
803.0424859999999
803.2156249999999
803.387084
803.55968
803.734933
803.904636
804.073259
804.2420500000001
804.4115
804.594102
804.780069
804.985486
805.163771
805.347827
805.5297330000001
805.7047990000001
805.886507
806.0669350000001
806.248857
806.4447220000001
806.6237540000001
806.8001730000001
806.9745750000001
807.1540890000001
807.3359500000001
807.5123850000001
807.7050960000001
807.8994030000001
808.0961480000001
808.3028640000001
808.5031320000002
808.7039570000002
808.9008980000002
809.0924670000002
809.2943060000001
809.4833230000002
809.6802810000002
809.8680840000002
810.0584900000002
810.2545060000002
810.4547980000002
810.6445530000002
810.8402360000002
811.0268410000002
811.2158520000003
811.3974750000002
811.6002690000003
811.8056310000003
812.0055280000003
812.2040360000002
812.4026160000002
812.5967960000002
812.7944450000001
812.9916700000001
813.1843070000001
813.3931350000001
813.5737660000001
813.7647390000001
813.9554720000001
814.1467680000001
814.3320550000001
814.5173100000001
814.712028
814.9042870000001
815.1011310000001
815.3047290000002
815.5214270000001
815.7260680000002
815.9161300000002
816.1169960000002
816.3081910000002
816.5067800000002
816.6992600000002
816.8865140000003
817.0717910000003
817.2504590000003
817.4255860000003
817.6034610000003
817.7764740000002
817.9507390000002
818.1344590000002
818.3106650000002
818.4977390000003
818.6835020000002
818.8516690000002
819.0181310000003
819.2003620000003
819.3580060000003
819.5169230000002
819.6714220000002
819.8262100000003
819.9774460000003
820.1336590000003
820.2858180000003
820.4405310000003
820.5997670000003
820.7486850000003
820.9041010000002
821.0537540000001
821.2125420000001
821.355123
821.498632
821.644767
821.78402
821.9234170000001
822.062397
822.205153
822.352292
822.497872
822.6518950000001
822.81212
822.97276
823.132649
823.290892
823.443372
823.592912
823.7526409999999
823.9091379999999
824.0674449999999
824.2248989999999
824.385194
824.534511
824.688012
824.8376159999999
824.9926909999999
825.1493209999999
825.3184699999998
825.4678149999999
825.6195619999999
825.7752629999999
825.9268129999999
826.0907289999999
826.2518249999999
826.411856
826.573238
826.727771
826.883604
827.040619
827.193678
827.35899
827.5191799999999
827.681577
827.8452239999999
828.0034679999999
828.1710699999999
828.3304839999998
828.4886869999998
828.6476409999998
828.8063539999998
828.9653739999999
829.1242989999998
829.2648529999998
829.4102559999998
829.5748079999997
829.7307329999998
829.8907389999997
830.0501879999997
830.2114589999998
830.3662929999998
830.5267219999998
830.6978319999998
830.8515889999999
831.0164489999999
831.1772059999998
831.3513539999998
831.5094089999998
831.6737759999997
831.8273519999998
831.9991999999997
832.1629029999998
832.3355499999998
832.5091569999997
832.6799349999998
832.8458649999998
833.0152439999998
833.1996359999998
833.3764689999998
833.5514499999998
833.7336409999998
833.9347889999998
834.1284859999998
834.3305499999998
834.5277599999998
834.7275529999998
834.9267669999998
835.1208479999998
835.3251079999998
835.5440329999998
835.7548909999998
835.9610489999998
836.1681849999998
836.3621529999998
836.5623669999998
836.7602969999998
836.9498029999999
837.1385219999999
837.3174799999998
837.5020229999998
837.6998669999998
837.8964729999998
838.0888419999998
838.2669389999998
838.4498219999997
838.6354749999997
838.8138479999997
838.9874199999997
839.1659269999997
839.3470529999996
839.5263599999996
839.7050859999996
839.8890909999996
840.0635439999995
840.2359689999995
840.4339449999995
840.6103769999995
840.7894329999995
840.9645809999995
841.1343689999995
841.3084649999995
841.4825149999995
841.6558509999994
841.8291019999995
842.0115609999995
842.1819639999994
842.3482009999994
842.5109279999995
842.6718479999995
842.8314649999995
843.0022619999995
843.1874219999995
843.3706679999996
843.5461759999996
843.7146729999996
843.8796549999996
844.0503489999996
844.2265179999996
844.4329419999996
844.6200209999996
844.8034999999996
844.9825019999996
845.1645629999996
845.3289329999996
845.5150109999995
845.7037399999995
845.8890159999995
846.0769869999995
846.2555529999995
846.4214119999995
846.5821629999995
846.7569649999995
846.9263719999994
847.0963189999994
847.2620129999995
847.4454519999995
847.6205339999995
847.7953059999994
847.9684459999994
848.1356499999994
848.2986919999994
848.4602859999994
848.6266019999995
848.8092829999995
848.9731169999994
849.1474139999995
849.3273559999994
849.5098519999995
849.6639179999994
849.8324959999994
849.9970709999994
850.1599489999994
850.3258589999995
850.4834829999995
850.6394349999995
850.7988789999995
850.9601019999994
851.1234209999994
851.3055109999995
851.4772769999995
851.6475549999996
851.8231629999996
851.9820419999995
852.1429749999995
852.3230939999995
852.5053049999996
852.6815409999996
852.8505849999996
853.0244129999995
853.1915909999996
853.3742889999995
853.5699619999996
853.7361029999996
853.9048929999996
854.0712259999996
854.2468609999996
854.4227929999996
854.6158739999996
854.7952419999996
854.9665039999995
855.1314439999995
855.2945239999996
855.4696229999996
855.6428849999996
855.8330979999996
856.0006179999996
856.1680419999996
856.3625739999995
856.5375979999995
856.7222469999996
856.8980699999996
857.0877229999996
857.2598239999996
857.4296109999997
857.5994399999997
857.7710929999997
857.9448589999997
858.1273749999997
858.3173249999996
858.4982189999996
858.6693789999996
858.8340439999996
858.9942799999997
859.1598349999997
859.3306529999998
859.5048759999997
859.6644259999997
859.8306559999997
860.0134379999997
860.1825999999998
860.3541639999997
860.5211109999998
860.6794949999997
860.8421829999997
861.0092029999997
861.1709399999997
861.3344599999997
861.5120019999997
861.6850349999997
861.8520469999997
862.0169959999997
862.1781089999997
862.3439809999998
862.5217479999998
862.6815699999997
862.8379419999998
863.0112279999997
863.1957799999998
863.3845189999998
863.5693319999998
863.7443649999998
863.9227419999997
864.1003999999997
864.2818179999997
864.4603199999997
864.6411639999997
864.8269869999997
864.9925819999997
865.1583879999997
865.3441929999997
865.5135559999997
865.6797969999997
865.8563189999996
866.0236609999996
866.1839129999996
866.3399709999997
866.5091829999997
866.6811859999997
866.8448589999997
867.0050179999997
867.1674779999997
867.3353169999997
867.4944059999997
867.6610599999997
867.8230709999997
867.9837119999997
868.1700129999997
868.3447319999997
868.5092369999996
868.6790969999996
868.8432539999997
869.0180779999996
869.2069899999996
869.3861969999996
869.5863279999996
869.7809549999996
869.9856809999997
870.1806989999997
870.3866739999996
870.5719029999997
870.7526149999997
870.9311829999997
871.1140819999997
871.2917979999997
871.4799629999998
871.6594299999998
871.8367169999998
872.0413269999998
872.2285049999998
872.4001669999998
872.5737099999998
872.7484599999998
872.9222459999997
873.0964439999998
873.2788069999998
873.4750699999998
873.6637789999999
873.8471179999999
874.0398809999999
874.2253599999999
874.4066639999999
874.5925289999999
