0.03217
0.220061
0.427024
0.6327400000000001
0.8308780000000001
1.0169400000000002
1.224093
1.4288530000000002
1.629779
1.8177850000000002
2.038333
2.23578
2.423409
2.6201659999999998
2.8186069999999996
3.021028
3.218406
3.404588
3.587614
3.783425
3.979879
4.186005
4.384327
4.592176
4.775701000000001
4.960292000000001
5.1553
5.351364
5.556303000000001
5.736273000000001
5.929909
6.117206
6.324629000000001
6.525119000000001
6.714639000000001
6.9060250000000005
7.104151000000001
7.294933
7.493009000000001
7.675743000000001
7.8589850000000006
8.057919
8.2552
8.446875
8.646367
8.837465
9.017873
9.212239
9.394254
9.600435000000001
9.804317000000001
9.995690000000002
10.193428
10.393702000000001
10.577777000000001
10.771034
10.955562
11.142731000000001
11.324891000000001
11.50215
11.686907
11.862686
12.040435
12.212871
12.384058
12.558645
12.742895
12.923284
13.084634000000001
13.250398
13.4131
13.579836
13.742493
13.910679
14.078351
14.243385
14.411643
14.603069999999999
14.792898
14.992018999999999
15.198125
15.39049
15.582632
15.776775
15.971226000000001
16.172124
16.377864
16.573622
16.768134
16.961179
17.154375
17.350611
17.535479000000002
17.724529000000004
17.905715000000004
18.103643000000005
18.284944000000007
18.472237000000007
18.654201000000008
18.834369000000006
19.007417000000007
19.203249000000007
19.390394000000008
19.585064000000006
19.777767000000008
19.970885000000006
20.158167000000006
20.359128000000005
20.538149000000004
20.718304000000003
20.895900000000005
21.073693000000006
21.250199000000006
21.422554000000005
21.594230000000007
21.769097000000006
21.935327000000004
22.109121000000005
22.276593000000005
22.455272000000004
22.636067000000004
22.819800000000004
23.003383000000003
23.184764
23.370384
23.550327000000003
23.726939
23.901233
24.06878
24.229793
24.401978
24.573988
24.742602
24.916588
25.091336000000002
25.257535
25.421013000000002
25.593079000000003
25.761392000000004
25.931365000000003
26.091645000000003
26.254361000000003
26.421602000000004
26.588353000000005
26.756897000000006
26.932271000000007
27.099116000000006
27.264456000000006
27.436970000000006
27.600889000000006
27.779334000000006
27.941911000000005
28.110789000000004
28.282742000000002
28.451089000000003
28.620736000000004
28.793571000000004
28.966479000000003
29.129013000000004
29.295275000000004
29.464932000000005
29.630977000000005
29.800019000000006
29.969513000000006
30.163613000000005
30.330644000000007
30.506931000000005
30.682432000000006
30.859387000000005
31.039061000000004
31.216281000000002
31.399649000000004
31.575874000000002
31.749753000000002
31.917852000000003
32.091514000000004
32.263630000000006
32.453880000000005
32.622922
32.783369
32.94565
33.11427
33.269946999999995
33.433539999999994
33.609607999999994
33.772414
33.929184
34.104522
34.262322000000005
34.422175
34.590032
34.746286
34.903110999999996
35.068116999999994
35.24973599999999
35.415966999999995
35.587056
35.75167
35.909565
36.088088
36.25767
36.425295999999996
36.594406
36.789891
36.945882999999995
37.100317
37.27121399999999
37.44220899999999
37.59808799999999
37.77174299999999
37.928342999999984
38.088886999999986
38.245176999999984
38.411416999999986
38.58837399999999
38.753464999999984
38.913218999999984
39.067301999999984
39.22403999999998
39.39947199999998
39.56815799999998
39.72591899999998
39.87867099999998
40.04764799999998
40.20630499999998
40.39434799999998
40.55752599999998
40.71614799999998
40.87806999999998
41.02704999999998
41.18383299999998
41.36562799999998
41.52691299999998
41.69059199999998
41.85187999999998
42.01169899999998
42.19190399999998
42.35900799999998
42.53331999999998
42.70001399999998
42.871603999999984
43.03675699999998
43.19998699999998
43.36660399999998
43.54412199999998
43.71843599999998
43.88791899999998
44.058298999999984
44.22857999999999
44.396557999999985
44.578090999999986
44.77136199999999
44.94996899999999
45.15263699999999
45.34108899999999
45.51805099999999
45.69264599999999
45.87604099999999
46.043652999999985
46.22396699999999
46.40423599999999
46.57602599999999
46.76236699999999
46.94885699999999
47.12166499999999
47.309518999999995
47.495605999999995
47.675478999999996
47.844789
48.025388
48.214921
48.404719
48.592338
48.776278999999995
48.94797
49.125648
49.30061
49.469699
49.638144
49.804786
49.994473
50.194300999999996
50.383919999999996
50.564189
50.748238
50.921437
51.093934999999995
51.27011999999999
51.446451999999994
51.612044999999995
51.791760999999994
51.99025199999999
52.17632799999999
52.35909899999999
52.54801299999999
52.72929399999999
52.91170299999999
53.088537999999986
53.262182999999986
53.444079999999985
53.629384999999985
53.820045999999984
54.008569999999985
54.192635999999986
54.373274999999985
54.558984999999986
54.74973399999998
54.939880999999986
55.12007999999999
55.29513799999999
55.47560999999999
55.65899699999999
55.84434699999999
56.037665999999994
56.228089999999995
56.411218999999996
56.608779
56.78884
56.979814
57.165544999999995
57.356975999999996
57.530013999999994
57.71422
57.91825
58.115483
58.325705
58.519377
58.717557
58.907334999999996
59.115770999999995
59.303639
59.49166099999999
59.70329199999999
59.90375799999999
60.10077099999999
60.314441999999985
60.526091999999984
60.721142999999984
60.926982999999986
61.12744099999998
61.333742999999984
61.533259999999984
61.731391999999985
61.932045999999985
62.14002699999998
62.34145199999998
62.55899199999998
62.777940999999984
62.988441999999985
63.21183199999999
63.425992999999984
63.64893199999998
63.87367899999998
64.08974799999999
64.29988599999999
64.50553199999999
64.72832599999998
64.94719499999998
65.16329999999998
65.37911599999998
65.59490699999998
65.81058299999998
66.01829899999998
66.23888499999998
66.47249999999998
66.70573299999998
66.93338699999998
67.16052199999999
67.39791499999998
67.61586599999998
67.83663499999999
68.04763499999999
68.26243299999999
68.48507099999999
68.71209199999998
68.94007599999999
69.16288099999998
69.37679299999998
69.60666099999997
69.83520099999997
70.06764599999997
70.29069899999996
70.52494699999995
70.74925199999996
70.98093299999995
71.21261799999995
71.44055699999996
71.68005199999996
71.96066599999996
72.18956399999996
72.42508799999996
72.65019899999996
72.90343299999996
73.15566599999997
73.41447099999996
73.64775099999996
73.88717499999996
74.12115799999995
74.36479399999995
74.60440299999995
74.83639299999994
75.06357599999994
75.28931699999994
75.53144999999994
75.76898499999993
76.00387399999993
76.23778999999992
76.47773999999991
76.7196319999999
76.9709039999999
77.21433899999991
77.46155699999991
77.70441099999991
77.9616009999999
78.2212779999999
78.4663129999999
78.7108139999999
78.9637429999999
79.22002699999989
79.46317199999989
79.70279599999989
79.9504129999999
80.2080389999999
80.4794499999999
80.7459999999999
81.0091979999999
81.28608799999989
81.5596259999999
81.8261999999999
82.0769839999999
82.3309499999999
82.5848869999999
82.83511999999989
83.1049359999999
83.3648149999999
83.62246599999989
83.86417499999989
84.1167229999999
84.40369299999989
84.67431199999989
84.95201699999988
85.23537299999988
85.52028599999989
85.77872499999988
86.05680299999987
86.34223299999988
86.64938799999987
86.95683299999988
87.24295799999987
87.52414599999987
87.83871899999987
88.13673999999988
88.42707499999987
88.70477399999987
88.97032799999987
89.24790699999987
89.52451499999987
89.79287899999987
90.06398999999988
90.32692799999988
90.60062699999988
90.87459999999987
91.14585199999988
91.40279999999987
91.65601199999988
91.92285999999987
92.19448099999987
92.45671399999986
92.71434899999986
92.96902799999985
93.22382099999986
93.47964499999986
93.73635099999986
93.99316199999986
94.24640899999986
94.50115999999986
94.78973299999986
95.07979899999985
95.38339899999986
95.65938499999986
95.92740299999986
96.20309599999986
96.46795499999986
96.73413799999986
96.99061599999986
97.25279599999986
97.51068099999986
97.76406499999986
98.02551399999986
98.28631099999986
98.53997299999986
98.78907899999986
99.03544499999985
99.28186299999986
99.52246999999986
99.76041099999986
100.00839999999987
100.25475999999986
100.49355399999986
100.73516799999986
100.96528999999985
101.19514599999985
101.43970499999985
101.68136299999985
101.90276699999986
102.12377499999985
102.34196999999985
102.55851199999985
102.79259199999986
103.03441399999986
103.29984999999985
103.55491999999985
103.80197199999985
104.04259199999986
104.26998599999986
104.50191399999986
104.72671699999985
104.96011099999986
105.19475399999986
105.42772099999986
105.64942899999987
105.87073399999987
106.09587099999987
106.31652699999988
106.54574699999988
106.77564899999987
107.00986799999987
107.26779099999987
107.49728599999987
107.73805699999987
107.98305799999987
108.23529199999987
108.46100799999988
108.72773099999988
108.96327599999988
109.19965999999988
109.43907999999988
109.67770299999988
109.91426799999988
110.15205799999988
110.38172099999989
110.60275499999989
110.82275299999989
111.0631759999999
111.2852299999999
111.5377539999999
111.79930499999989
112.03865099999989
112.29077399999989
112.53585199999989
112.77471899999989
113.00579599999989
113.23852999999988
113.47110599999988
113.70441499999988
113.93651499999989
114.16469099999989
114.39101099999989
114.6129399999999
114.83275599999989
115.06390699999989
115.27780999999989
115.50231999999988
115.72561599999989
115.95246399999989
116.17304599999989
116.40529399999988
116.62242999999988
116.85863999999988
117.07813899999988
117.29385799999989
117.52531299999988
117.72865799999988
117.94596999999989
118.16462599999988
118.38471499999989
118.60512799999988
118.81565499999988
119.02422399999988
119.25729999999987
119.49370399999987
119.72298599999986
119.95865999999987
120.18007199999987
120.40956199999987
120.64832499999987
120.88092099999987
121.11544699999988
121.33082799999987
121.55381099999987
121.77553999999986
121.99369899999986
122.20463099999986
122.42259699999987
122.63061799999987
122.84098999999988
123.04880599999987
123.26206199999987
123.46526599999987
123.67587899999987
123.87937999999987
124.08150899999987
124.28989799999987
124.50926199999986
124.72367099999987
124.94525499999986
125.15896999999985
125.41352399999985
125.62915599999985
125.84356399999986
126.07089299999986
126.29136199999985
126.51163399999984
126.73143699999984
126.94270999999985
127.15968199999985
127.37685799999984
127.58876799999985
127.80021599999985
127.99972399999984
128.21510799999984
128.42657999999983
128.63154299999982
128.82873399999983
129.03623599999983
129.25871699999982
129.47697999999983
129.69385399999982
129.92036599999983
130.13716699999983
130.36368699999983
130.57428899999982
130.78330899999983
131.00012799999982
131.20763099999982
131.4073269999998
131.6085979999998
131.8226729999998
132.0378079999998
132.23759799999982
132.45382099999983
132.68075499999983
132.87794999999983
133.09465999999983
133.31167299999984
133.52604799999983
133.75002699999985
133.97702299999986
134.21400199999985
134.43810099999985
134.65730499999984
134.88096499999983
135.10380799999984
135.33686699999984
135.53840399999984
135.74797099999984
135.98092199999985
136.19424999999984
136.39871699999983
136.61127399999984
136.84296199999983
137.07699099999982
137.30245199999982
137.53902999999983
137.77971799999983
138.02029499999983
138.25234799999984
138.48679499999983
138.71130499999984
138.96197699999985
139.18654099999983
139.42304399999983
139.64997899999983
139.87777699999984
140.09850199999983
140.32737799999984
140.55264299999985
140.77426099999985
141.00269899999986
141.22133599999987
141.44320399999987
141.65772399999986
141.87078599999987
142.09551799999986
142.32813199999987
142.56386099999986
142.80847099999986
143.05170099999987
143.27980999999986
143.50462299999987
143.73599299999987
143.97151299999987
144.19752399999987
144.44228299999986
144.67456499999986
144.89755099999985
145.11899499999984
145.34780799999984
145.57758199999984
145.80191499999984
146.02034699999984
146.24318299999985
146.46284799999984
146.68786599999984
146.90698499999985
147.12043999999986
147.33160599999985
147.54289599999984
147.77742899999984
148.01715499999983
148.24749499999984
148.46817599999986
148.69833999999986
148.92523199999985
149.14969999999985
149.37015499999984
149.59338799999983
149.81276299999985
150.03965899999986
150.26831199999987
150.48373499999985
150.72143399999985
150.93879599999985
151.17521099999985
151.38380799999985
151.62524599999983
151.85758599999983
152.09337999999983
152.33770099999984
152.57526399999983
152.82181999999983
153.05400299999982
153.28974099999982
153.51473899999982
153.74173799999983
153.96939499999982
154.19226399999982
154.41316599999982
154.62951899999982
154.8451859999998
155.04831899999982
155.24481099999983
155.44801899999982
155.64877799999982
155.85222799999983
156.05812499999982
156.2638439999998
156.4699979999998
156.6909009999998
156.8985529999998
157.0976929999998
157.2996699999998
157.4993379999998
157.69911299999978
157.9012079999998
158.0984229999998
158.2941379999998
158.4825769999998
158.6733249999998
158.8686069999998
159.0613779999998
159.26143399999978
159.45394799999977
159.63678499999978
159.81909599999977
160.00904699999978
160.23165099999977
160.43996699999977
160.64390799999975
160.85481999999976
161.04884599999977
161.24570499999976
161.45215599999975
161.64870799999974
161.84748399999975
162.05323699999974
162.25936299999975
162.46929499999976
162.67388499999976
162.86735799999977
163.05991499999976
163.24911699999976
163.44579999999976
163.65380999999977
163.86304599999977
164.08122299999977
164.29241799999977
164.50187999999977
164.71026499999977
164.91309799999976
165.11171699999977
165.30693499999978
165.51100599999978
165.70468799999978
165.89628799999977
166.09883799999977
166.30074799999977
166.50029899999979
166.7005149999998
166.9069009999998
167.11634899999981
167.3304079999998
167.5188889999998
167.71780999999982
167.94277399999982
168.15815599999982
168.37416799999983
168.59295899999984
168.82376999999983
169.04045599999984
169.25531799999985
169.46938799999984
169.70354899999984
169.91161299999985
170.12290299999984
170.33965399999983
170.54697899999982
170.7571439999998
170.9672869999998
171.1774099999998
171.41485499999982
171.64151899999982
171.86459899999983
172.08530699999983
172.30483299999983
172.52622299999985
172.75054599999984
172.98123999999984
173.19670699999983
173.41046899999984
173.63672899999983
173.85368899999983
174.08056499999984
174.30708899999985
174.54026399999984
174.77478699999983
175.01331799999983
175.25792599999983
175.50049299999984
175.72677899999982
175.95796899999982
176.18501299999983
176.40225599999982
176.61509699999982
176.83475599999983
177.06430999999984
177.28452199999984
177.50133499999984
177.71815399999983
177.95243699999983
178.17713399999982
178.40380499999983
178.63161499999984
178.86755499999984
179.08355699999984
179.29526599999986
179.52719599999986
179.73503699999986
179.93767199999985
180.13957899999986
180.34664299999986
180.56260299999985
180.78717499999985
181.00519599999984
181.22344299999983
181.44508799999983
181.66408199999984
181.86957899999985
182.07526599999986
182.28370899999985
182.48859999999985
182.69722399999984
182.89649099999983
183.09364099999982
183.30285199999983
183.50506199999984
183.70510499999983
183.90815799999984
184.10919399999983
184.30819099999982
184.51715799999982
184.71798299999983
184.92082799999983
185.12982399999984
185.35237899999984
185.56105299999984
185.78024199999984
185.98548999999986
186.20094699999984
186.40618299999986
186.61331099999987
186.82323899999986
187.03266599999986
187.23702899999986
187.43840499999988
187.63755699999987
187.83805899999987
188.04012299999988
188.2564829999999
188.4638619999999
188.68487799999988
188.8910829999999
189.0954039999999
189.29939899999988
189.5066059999999
189.72209599999988
189.92804699999988
190.13290599999988
190.3407539999999
190.5442359999999
190.7570339999999
190.9775739999999
191.20698699999988
191.44035299999987
191.66687499999986
191.87820399999987
192.11185899999987
192.32754199999988
192.54459099999988
192.76797999999988
192.99275699999987
193.23261299999987
193.44467699999987
193.66128099999986
193.88385999999986
194.08884599999985
194.30634299999986
194.51274099999986
194.72292899999985
194.94032499999986
195.15243799999985
195.38241599999984
195.63399699999982
195.86302799999982
196.0957729999998
196.3421759999998
196.5595509999998
196.7789209999998
196.9946159999998
197.2153709999998
197.42330999999982
197.6311779999998
197.8473399999998
198.0668569999998
198.2825079999998
198.50863999999982
198.74559299999981
198.96583499999983
199.18701199999984
199.40224999999984
199.61560899999984
199.82566199999982
200.03835199999983
200.25772399999983
200.47151699999984
200.69719699999985
200.92664099999985
201.15059499999984
201.38363099999984
201.61331499999983
201.84479199999984
202.07313599999983
202.30554299999983
202.54576999999983
202.77011499999983
202.98396199999982
203.20755999999983
203.42605599999982
203.63731699999983
203.85065299999982
204.06221599999984
204.29580099999984
204.53475099999983
204.76247099999983
204.99484399999983
205.21248099999983
205.43460599999983
205.66507099999984
205.88917899999984
206.13255099999984
206.34586499999983
206.55870399999984
206.78061999999983
206.99446999999984
207.20103599999985
207.41388399999985
207.62166599999986
207.83901599999987
208.05323299999986
208.26003299999985
208.46871499999986
208.67516799999987
208.87129699999988
209.06990099999987
209.26449499999987
209.46871999999988
209.66339499999987
209.87148499999986
210.08738499999987
210.28684399999986
210.48172399999987
210.67568899999986
210.86340899999988
211.05902999999986
211.25146599999985
211.43890399999984
211.63200599999985
211.82560199999986
212.00503699999987
212.18578099999988
212.3715779999999
212.54468099999988
212.71688599999987
212.89628599999986
213.07540999999986
213.25924199999986
213.43790999999985
213.62592199999983
213.81521099999983
213.99621999999982
214.17956799999982
214.3738939999998
214.55953399999981
214.76770999999982
214.96121199999982
215.15078399999982
215.34559899999982
215.53298299999983
215.71787799999984
215.89718999999985
216.08113499999985
216.25351899999984
216.42202799999984
216.58861599999983
216.76742799999982
216.96360899999982
217.16310899999982
217.3685219999998
217.5672609999998
217.7571139999998
217.9699219999998
218.1653439999998
218.3542729999998
218.5585219999998
218.7468129999998
218.92753099999982
219.11557799999983
219.29579399999983
219.49113599999984
219.67382499999985
219.84958799999984
220.03567799999985
220.21999999999986
220.40085299999987
220.57948499999986
220.76191299999985
220.95488999999986
221.14503999999985
221.33588799999984
221.52373899999984
221.71579699999984
221.90198599999985
222.08086399999985
222.25422799999984
222.43388999999985
222.60676799999985
222.77752499999986
222.94154799999984
223.11568499999984
223.28689899999983
223.46143899999984
223.62746899999985
223.79995499999984
223.97398299999983
224.16859599999984
224.34703199999984
224.54001499999984
224.74196799999984
224.95179299999984
225.14905199999984
225.35342799999984
225.55006899999984
225.73919299999983
225.94438599999984
226.12927799999983
226.32169299999984
226.51917599999985
226.72405999999984
226.93873999999983
227.16803499999983
227.37465299999982
227.59074399999983
227.79618399999984
228.00647999999984
228.21062999999984
228.40744999999984
228.63260099999985
228.85713299999986
229.07573999999985
229.28629699999985
229.50742499999984
229.71314999999984
229.93040499999984
230.15301499999984
230.36639699999984
230.56780799999984
230.76894499999983
230.97605499999983
231.18848699999984
231.40130999999982
231.60436399999983
231.81334699999982
232.01858699999983
232.22846499999983
232.44626599999984
232.63776899999985
232.82816399999984
233.01853699999984
233.21623899999983
233.40986999999984
233.60343199999983
233.79599599999983
233.99480299999982
234.19210899999982
234.39111499999981
234.5835129999998
234.77482599999982
234.97819499999983
235.17144899999982
235.37822199999982
235.57495399999982
235.77633299999982
235.97495799999982
236.16317499999982
236.34393399999982
236.53645399999982
236.72577699999982
236.9447679999998
237.13356099999982
237.3250149999998
237.5301919999998
237.7153809999998
237.8928169999998
238.08276799999982
238.28097399999982
238.4710549999998
238.65824799999982
238.8443789999998
239.0350199999998
239.2210659999998
239.40251699999982
239.59488699999983
239.79247299999983
239.98717499999984
240.17451699999984
240.36415699999984
240.54491699999983
240.75671299999982
240.94454699999983
241.13911299999984
241.33010799999983
241.51875899999982
241.7078059999998
241.8887479999998
242.0864559999998
242.2715599999998
242.4732239999998
242.6653499999998
242.85226699999978
243.04053699999977
243.23706899999976
243.41040799999976
243.58694699999975
243.77138499999975
243.95354699999976
244.13363199999975
244.33016199999975
244.58718499999975
244.78927899999974
244.99857299999974
245.19799499999974
245.39350099999973
245.62126399999974
245.80945799999975
245.99732499999976
246.20359599999975
246.40124199999974
246.60220999999973
246.79787999999974
247.02817899999974
247.29192499999974
247.53686599999975
247.79939899999974
248.03170999999975
248.26510999999974
248.51785399999974
248.77031299999973
248.99553699999973
249.21990899999972
249.45428499999971
249.6935249999997
249.9195589999997
250.14754699999972
250.37751699999973
250.61662199999972
250.84703699999972
251.0909179999997
251.3079449999997
251.5325059999997
251.7441479999997
251.9561239999997
252.1586199999997
252.3814879999997
252.5821289999997
252.8029859999997
253.0091229999997
253.2190779999997
253.4363979999997
253.65283499999973
253.86091199999973
254.05906199999973
254.26036099999973
254.44808699999973
254.63141099999973
254.83632299999974
255.04032799999973
255.24248299999974
255.43657399999972
255.63684099999972
255.83763099999973
256.0178339999997
256.2035889999997
256.39356999999967
256.58418399999965
256.79265999999967
256.98419499999966
257.1860069999997
257.37544999999966
257.56786499999964
257.76299299999965
257.95850199999967
258.15059799999966
258.3532429999997
258.5549489999997
258.75220899999965
258.94637199999966
259.15253799999965
259.3516209999996
259.5459469999996
259.7390089999996
259.9357699999996
260.1318669999996
260.3289539999996
260.5370509999996
260.7536229999996
260.9577559999996
261.17383899999965
261.3817939999997
261.6012829999997
261.8179629999997
262.0148079999997
262.2045999999997
262.4019129999997
262.6095389999997
262.8112469999997
263.0209729999997
263.22336599999966
263.4275869999997
263.62968099999966
263.8385439999997
264.0514989999997
264.2580599999997
264.4656989999997
264.6744469999997
264.8888249999997
265.09387899999973
265.2883419999997
265.4840339999997
265.70295899999974
265.90121499999975
266.09121499999975
266.28024699999975
266.47873399999975
266.69358399999976
266.89519799999977
267.0976379999998
267.28710799999976
267.49646699999977
267.69050599999974
267.87779799999976
268.07273199999975
268.2624499999998
268.4652339999998
268.67645099999976
268.88392099999976
269.09705199999974
269.31539099999975
269.52783299999976
269.75041899999974
269.9709329999997
270.1870559999997
270.4122689999997
270.6308859999997
270.84602099999967
271.06432999999964
271.28929299999965
271.51218699999964
271.73889699999967
271.95885099999964
272.19085999999965
272.4106309999996
272.64407899999964
272.8644529999996
273.0869949999996
273.3086679999996
273.5373429999996
273.7627159999996
273.9800719999996
274.1891949999996
274.4019799999996
274.61661499999957
274.8419099999996
275.0624119999996
275.2839829999996
275.5035639999996
275.72353799999956
275.93907299999955
276.15708799999953
276.36085599999956
276.56551899999954
276.7692609999995
276.98424599999953
277.1953489999995
277.40688599999953
277.61840599999954
277.82450499999953
278.03046199999955
278.23189499999955
278.42894299999955
278.63818999999955
278.86020899999954
279.0650059999995
279.28381299999955
279.50125999999955
279.72167599999955
279.93344899999954
280.1627409999995
280.36804599999954
280.5730719999995
280.7765189999995
281.0018669999995
281.2209769999995
281.4388799999995
281.6510239999995
281.8611769999995
282.0696319999995
282.2830619999995
282.4942269999995
282.7019709999995
282.9143729999995
283.1327719999995
283.3407129999995
283.5570509999995
283.7713029999995
283.9812659999995
284.1846299999995
284.39718199999953
284.61774899999955
284.83292399999954
285.04975499999955
285.2630679999996
285.4871289999996
285.7100899999996
285.93431699999957
286.15673699999957
286.3894659999996
286.6179839999996
286.8474659999996
287.0587019999996
287.2763529999996
287.5087639999996
287.7378369999996
287.95522699999964
288.17633299999966
288.38920299999967
288.6029899999997
288.8038889999997
289.01235599999967
289.22305499999965
289.44715699999966
289.6580459999997
289.8777839999997
290.0899319999997
290.3037549999997
290.5203129999997
290.7283459999997
290.9390889999997
291.14605199999966
291.35590699999966
291.5745349999997
291.8001199999997
292.0191349999997
292.2334719999997
292.4488679999997
292.6651199999997
292.8850869999997
293.1112179999997
293.3327619999997
293.5528489999997
293.7662849999997
293.9828989999997
294.19544499999967
294.42093399999965
294.64357499999966
294.86484999999965
295.07881099999963
295.29196899999965
295.5097849999997
295.7157209999997
295.9251539999997
296.13571399999967
296.3599259999997
296.5877939999997
296.8086219999997
297.0302679999997
297.2641199999997
297.4813409999997
297.6973839999997
297.90520699999973
298.11901999999975
298.3399179999997
298.56147799999974
298.76896899999974
298.99706199999974
299.2183889999997
299.4495629999997
299.67071599999974
299.8866819999997
300.10826499999973
300.3328259999997
300.55303799999973
300.78109899999976
301.0059209999998
301.22157199999975
301.46589999999975
301.70743099999976
301.93268799999976
302.1580509999998
302.38763799999975
302.60864299999974
302.83115099999975
303.0549079999997
303.2757369999997
303.4940199999997
303.7058549999997
303.9183149999997
304.13153899999975
304.33842599999974
304.54803099999975
304.79148499999974
305.0351439999997
305.2673129999997
305.51212799999973
305.73480999999975
305.96759599999973
306.20957299999975
306.45486699999975
306.7071989999998
306.94043499999975
307.2012319999998
307.3931209999998
307.63648799999976
307.83679999999976
308.0900089999998
308.2856559999998
308.4920689999998
308.7211329999998
308.9429209999998
309.1566049999998
309.3856439999998
309.6235309999998
309.8640039999998
310.0950469999998
310.3140659999998
310.5441589999998
310.7794869999998
311.0019199999998
311.2257879999998
311.4549289999998
311.6728719999998
311.9169299999998
312.1622969999998
312.3942029999998
312.6291619999998
312.9035899999998
313.1506629999998
313.42529999999977
313.6751349999998
313.92406199999976
314.2105989999998
314.4542929999998
314.7086409999998
314.9576459999998
315.20304099999976
315.43995999999976
315.6826779999998
315.9318389999998
316.1641069999998
316.4140329999998
316.64351099999976
316.90274199999976
317.12165999999974
317.3616229999997
317.5694399999997
317.8974339999997
318.1409389999997
318.47675599999974
318.77142699999973
319.05539099999976
319.40144599999974
319.74580599999973
320.12852899999973
320.4756819999997
320.8275139999997
321.15205699999973
321.4742879999997
321.8096279999997
322.0946779999997
322.4195439999997
322.7640319999997
323.1068549999997
323.4153539999997
323.7209199999997
324.0396769999997
324.3628489999997
324.6585819999997
324.95987499999967
325.26071399999967
325.56533899999965
325.86230699999965
326.23662399999967
326.5955849999997
326.9399229999997
327.3108639999997
327.6569459999997
327.99208699999974
328.3296299999997
328.5912359999997
328.8249669999997
329.0622639999997
329.31359999999967
329.63650699999965
329.96801399999964
330.3015059999996
330.6333959999996
330.9745789999996
331.38786499999964
331.70078999999964
331.95863899999966
332.2357839999997
332.51298899999966
332.77749399999965
333.03897399999966
333.38513099999966
333.72037899999964
334.03621499999963
334.37238999999965
334.70159399999966
335.0272329999997
335.3610019999997
335.7399509999997
336.0707769999997
336.42505199999965
336.74904299999963
337.1116179999996
337.4433679999996
337.7772899999996
338.0301299999996
338.2653209999996
338.4980649999996
338.7411139999996
338.9922979999996
339.2517399999996
339.5760549999996
339.91945599999957
340.27601799999957
340.6171079999996
340.9757309999996
341.34189399999957
341.69541799999956
342.00888599999956
342.33196999999956
342.6215179999996
342.92056099999957
343.25026999999955
343.62903199999954
343.92464099999955
344.16172699999953
344.39381699999956
344.62995399999954
344.8647199999995
345.1069179999995
345.34001999999947
345.56077999999945
345.79130199999946
346.04490499999946
346.35357899999946
346.65725499999945
346.97041199999944
347.29383399999944
347.6156169999994
347.9536119999994
348.2723799999994
348.59666399999935
348.91501499999936
349.2460599999994
349.5728769999994
349.8370809999994
350.0722269999994
350.3371429999994
350.6225579999994
350.8539569999994
351.0867789999994
351.3298919999994
351.5697529999994
351.8021959999994
352.0309529999994
352.25002599999937
352.5641139999994
352.87041099999936
353.1640599999994
353.46989999999937
353.76734299999936
354.08470399999936
354.38203299999935
354.68882099999934
354.99897599999935
355.30771399999935
355.58756199999937
355.87343499999935
356.16422999999935
356.45462399999934
356.7273689999993
357.00760299999934
357.22650399999935
357.4367339999994
357.63849499999935
357.8323989999993
358.03459899999933
358.21970899999934
358.41155099999935
358.5999849999993
358.7765059999993
358.9531789999993
359.15203599999927
359.3565729999993
359.6122369999993
359.8795059999993
360.1282219999993
360.3889039999993
360.6532159999993
360.9088999999993
361.18522999999925
361.47192299999926
361.7485989999993
362.0080989999993
362.2596739999993
362.56389499999926
362.85106499999927
363.13101299999926
363.4376739999993
363.7515489999993
364.06245599999926
364.32083999999924
364.5504239999992
364.7856859999992
365.0143349999992
365.3515139999992
365.68251199999924
365.96834999999925
366.27124999999927
366.5836589999993
366.8987699999993
367.23581899999925
367.47310799999923
367.7301199999992
367.9606669999992
368.2048409999992
368.44208399999917
368.6757309999992
368.9017699999992
369.1919439999992
369.51386199999916
369.85326399999917
370.16727799999916
370.49693899999914
370.8142419999991
371.1245219999991
371.4382229999991
371.7405659999991
372.0671509999991
372.3973779999991
372.7277749999991
373.0212949999991
373.2561729999991
373.4978809999991
373.7368439999991
373.9752249999991
374.2029209999991
374.4341489999991
374.6627539999991
374.8897269999991
375.1153889999991
375.3412199999991
375.6472099999991
375.9490579999991
376.27231699999913
376.6064599999991
376.93527399999914
377.27080699999914
377.58492499999915
377.91153499999916
378.2136519999992
378.54464499999915
378.86263799999915
379.17376899999914
379.4822239999991
379.7946889999991
380.0938659999991
380.3792769999991
380.6903029999991
380.93955099999914
381.1466009999991
381.3682399999991
381.5994229999991
381.8304629999991
382.09184399999907
382.3241239999991
382.54997599999905
382.77969299999904
383.02027599999906
383.24251199999907
383.48852899999906
383.71332399999903
383.938922999999
384.161257999999
384.380616999999
384.599642999999
384.822910999999
385.04592799999904
385.26579699999905
385.51386399999905
385.74543999999906
385.97491399999905
386.20491199999907
386.4302519999991
386.6513599999991
386.8800919999991
387.1088389999991
387.33271099999905
387.546720999999
387.769839999999
387.98606499999903
388.21122299999905
388.42293199999904
388.632843999999
388.840827999999
389.054111999999
389.267507999999
389.498532999999
389.710439999999
389.931117999999
390.136089999999
390.369034999999
390.580974999999
390.801648999999
391.03283699999895
391.25979599999897
391.47492899999895
391.7000149999989
391.9252979999989
392.1387309999989
392.3461589999989
392.56373299999893
392.7871699999989
392.9994819999989
393.2211459999989
393.4446749999989
393.67270999999886
393.89400199999886
394.1169309999989
394.3312159999989
394.5515609999989
394.7591009999989
394.9669939999989
395.1734369999989
395.3868359999989
395.59690099999887
395.80450599999887
396.0059569999989
396.2071599999989
396.4129289999989
396.6179249999989
396.84377499999886
397.0591859999989
397.27015099999886
397.47143999999884
397.67350599999884
397.87262599999883
398.07485099999883
398.26885599999883
398.46841899999885
398.66470499999883
398.86900099999883
399.0820399999988
399.2773359999988
399.5086429999988
399.72823799999884
399.9270729999988
400.1241649999988
400.3266979999988
400.5215839999988
400.7232949999988
400.9246959999988
401.13213099999876
401.3428129999988
401.54957299999876
401.75743599999873
401.9814609999987
402.1950979999987
402.4366839999987
402.6684219999987
402.9115359999987
403.1408629999987
403.3698809999987
403.5953159999987
403.8316759999987
404.0512309999987
404.2771669999987
404.5012159999987
404.7187639999987
404.9431909999987
405.2114109999987
405.4879019999987
405.7850669999987
406.07432199999874
406.38340099999874
406.69477099999875
407.0118099999988
407.3130729999988
407.62906999999876
407.92864599999876
408.2274479999988
408.54545199999876
408.85367799999875
409.1617309999987
409.46602499999875
409.7747559999988
410.06069099999877
410.35892799999874
410.6517109999987
410.95392099999873
411.2676439999987
411.5998659999987
411.9210189999987
412.2478869999987
412.57446699999866
412.8888949999987
413.2127319999987
413.5286089999987
413.8655169999987
414.2110199999987
414.5666539999987
414.90008599999874
415.2416559999987
415.59618399999874
415.93787899999876
416.31040099999876
416.6841329999988
417.0153089999988
417.3335599999988
417.65502599999877
418.00197899999876
418.31674999999876
418.6552899999988
418.9565289999988
419.2582889999988
419.5919009999988
419.9060919999988
420.1147849999988
420.3326839999988
420.54189099999877
420.7528669999988
420.96662499999877
421.1911519999988
421.3995239999988
421.6214939999988
421.8366079999988
422.0479389999988
422.2751619999988
422.4938619999988
422.7129029999988
422.93710899999877
423.1792479999988
423.4055359999988
423.6373909999988
423.8614089999988
424.0885989999988
424.3089189999988
424.5502239999988
424.78920399999885
425.03410699999887
425.2633469999989
425.49590899999885
425.7422269999988
425.98363799999885
426.22903899999886
426.4722329999989
426.7086749999989
426.9447309999989
427.1788549999989
427.4275979999989
427.67044999999894
427.9132509999989
428.1516629999989
428.3970099999989
428.6443939999989
428.8812309999989
429.1304109999989
429.3652629999989
429.6062249999989
429.84759399999894
430.08876699999894
430.33285799999896
430.595167999999
430.850495999999
431.101276999999
431.348505999999
431.582386999999
431.809835999999
432.054461999999
432.28859199999897
432.528001999999
432.76322099999896
433.002473999999
433.232742999999
433.452531999999
433.681390999999
433.919426999999
434.156458999999
434.391237999999
434.633841999999
434.873012999999
435.113169999999
435.336010999999
435.57602699999904
435.815475999999
436.049533999999
436.274385999999
436.506216999999
436.74272199999905
436.974695999999
437.227880999999
437.478411999999
437.729723999999
437.973383999999
438.200193999999
438.44430499999896
438.67642999999896
438.90799999999894
439.14817599999895
439.38781899999896
439.63939699999895
439.88114199999893
440.1181119999989
440.35142199999893
440.59249899999895
440.8232589999989
441.04898299999894
441.26689599999895
441.48396299999894
441.6884659999989
441.9152409999989
442.1257059999989
442.3418759999989
442.5621459999989
442.7865329999989
443.0029449999989
443.2443429999989
443.46908499999887
443.70943599999885
443.96073299999887
444.2685649999989
444.5912549999989
444.9256189999989
445.2402839999989
445.5565119999989
445.85549799999893
446.1654179999989
446.4730209999989
446.7951979999989
447.0855229999989
447.4042759999989
447.6973599999989
447.99360199999893
448.3107059999989
448.6304799999989
448.9284299999989
449.25303199999894
449.5716409999989
449.8741419999989
450.1330619999989
450.47261499999894
450.80233599999895
451.1152949999989
451.44557699999893
451.74212999999895
452.05429599999894
452.3790279999989
452.6943059999989
452.9911419999989
453.2833129999989
453.5633729999989
453.8540789999989
454.1545329999989
454.4371529999989
454.7310159999989
455.0151149999989
455.2812089999989
455.5579099999989
455.8584279999989
456.1328429999989
456.4238779999989
456.6952489999989
456.98470699999893
457.2764359999989
457.5590699999989
457.78741699999887
458.0096699999989
458.21471799999887
458.4232179999989
458.6259739999989
458.8285229999989
459.0356249999989
459.2424299999989
459.46102899999886
459.6794809999989
459.8895789999989
460.1042009999989
460.3125059999989
460.5651699999989
460.7990909999989
461.0324369999989
461.26216099999886
461.50558099999887
461.73644599999886
461.9631779999989
462.19152899999887
462.4168689999989
462.6488599999989
462.8836549999989
463.1117019999989
463.3533969999989
463.59800299999887
463.8378669999989
464.0832039999989
464.3225539999989
464.58444899999887
464.84522199999884
465.1079259999988
465.38333699999885
465.63689299999885
465.8835929999988
466.1342789999988
466.3722019999988
466.6131339999988
466.8536299999988
467.0903049999988
467.3273429999988
467.5561359999988
467.8135329999988
468.0593079999988
468.3048439999988
468.5462029999988
468.7749779999988
469.0056509999988
469.2402669999988
469.4874589999988
469.74069199999883
469.99615399999885
470.2410759999988
470.4932609999988
470.7437119999988
470.9920759999988
471.2328629999988
471.4790199999988
471.7236639999988
471.9888579999988
472.2611309999988
472.5107679999988
472.7449629999988
472.9890109999988
473.2437229999988
473.48650599999877
473.7205379999988
473.96514199999876
474.20195699999874
474.4395829999987
474.68050299999874
474.91730799999874
475.14815999999877
475.38900699999874
475.62565199999875
475.87258899999875
476.12349699999874
476.3646359999987
476.5975459999987
476.8342879999987
477.0849449999987
477.3816849999987
477.63640099999867
477.88201199999867
478.12280499999866
478.35495199999866
478.60498299999864
478.85468699999865
479.10727799999864
479.35718699999865
479.60993299999865
479.86393999999865
480.1048759999986
480.3530819999986
480.5970939999986
480.8400609999986
481.0872709999986
481.3301419999986
481.5702969999986
481.8064369999986
482.0648959999986
482.3239349999986
482.57887499999856
482.9028049999986
483.2315749999986
483.5547079999986
483.8523959999986
484.1882379999986
484.4956029999986
484.8035159999986
485.1298309999986
485.4485629999986
485.7762099999986
486.0975869999986
486.4251959999986
486.7529259999986
487.04660999999857
487.3528699999986
487.67268899999857
488.01122299999855
488.34841499999857
488.6846139999986
489.0398459999986
489.4072199999986
489.74374699999856
490.05140599999856
490.3474399999986
490.65175099999857
490.9532779999986
491.26639499999857
491.6023449999986
491.9114269999986
492.2306709999986
492.5691509999986
492.9117609999986
493.2553759999986
493.6028459999986
493.94867099999857
494.2977239999986
494.6308929999986
494.9674449999986
495.3624949999986
495.7214039999986
496.0475179999986
496.36989099999863
496.70242599999864
497.01795699999866
497.34950899999865
497.65784699999864
498.00296199999866
498.36018499999864
498.7553169999986
499.1223949999986
499.46512299999864
499.78696699999864
500.1121969999986
500.4407329999986
500.7904819999986
501.1337049999986
501.4540939999986
501.80996399999856
502.16963199999856
502.4822119999986
502.8743869999986
503.2202269999986
503.5418899999986
503.8857459999986
504.1922879999986
504.5189119999986
504.8844109999986
505.2292829999986
505.6214399999986
505.98521399999856
506.35364599999855
506.76146599999856
507.1616709999986
507.48656499999856
507.83900799999856
508.18887999999856
508.5488109999986
508.9625559999986
509.3457509999986
509.6739829999986
510.0384399999986
510.3795439999986
510.73323399999856
511.10628299999854
511.5289759999985
511.9324889999985
512.2962499999985
512.6822469999985
513.0510069999984
513.4169579999984
513.7888969999984
514.1427609999985
514.4944999999984
514.8666199999984
515.2434279999984
515.6094299999984
515.9841069999984
516.3364679999984
516.7019409999983
517.0594939999984
517.4114949999984
517.7673659999983
518.1225829999984
518.4623409999983
518.8114449999983
519.1934159999984
519.5807159999983
519.9744919999983
520.3442909999983
520.7400279999983
521.1021929999984
521.4814879999983
521.7949969999983
522.1946309999983
522.6154409999982
523.0265149999982
523.3982859999982
523.7738939999982
524.1353859999982
524.4929159999982
524.8733289999982
525.2945529999982
525.6796199999983
526.0851559999983
526.4184179999983
526.7064589999983
527.0282649999983
527.3589729999983
527.6813649999983
528.0035909999983
528.3787969999984
528.7398839999984
529.1277759999983
529.4671599999983
529.8001449999983
530.1435189999984
530.4823089999984
530.8330419999984
531.1763379999984
531.5604289999984
531.9416879999984
532.2988799999985
532.6523329999984
533.0193939999984
533.3681789999985
533.6934279999984
534.0023199999985
534.3016299999985
534.6130149999984
534.9512149999985
535.3144559999985
535.6592699999985
536.0698219999986
536.4176179999986
536.7732599999986
537.1313099999986
537.4763929999987
537.8226929999987
538.1730419999988
538.5396569999988
538.8984659999987
539.2506819999987
539.5949359999987
539.9533609999987
540.3125259999987
540.6529579999986
541.0114739999987
541.3532239999987
541.6578969999987
542.0160749999986
542.3581059999987
542.6927499999987
543.0205649999987
543.3279519999986
543.6735529999986
544.0840629999987
544.5071539999986
544.8712889999987
545.2297589999987
545.5993099999987
545.9766529999987
546.3558859999987
546.6866559999987
547.0385719999987
547.3696609999987
547.6984269999987
548.0618819999987
548.4407299999987
548.7573169999987
549.0976039999987
549.4363559999987
549.7667469999986
550.0750039999987
550.4287409999987
550.8003059999987
551.1829309999987
551.5195179999987
551.8506479999987
552.2396649999987
552.6113639999987
552.9818719999987
553.3453079999987
553.6081769999987
553.8628759999987
554.1266179999986
554.4461379999987
554.8045389999986
555.1638899999986
555.4922899999985
555.7868449999985
556.1477349999985
556.5120709999985
556.8922979999985
557.2919649999985
557.6709869999985
558.0209029999985
558.3727419999985
558.7008459999986
559.0230179999986
559.3811849999986
559.7138849999986
560.0174599999987
560.3665299999986
560.7411819999986
561.1020059999986
561.4505819999986
561.7976669999986
562.1683769999986
562.4461469999986
562.7215299999987
562.9906879999986
563.2436689999986
563.5047419999986
563.8535349999986
564.2119819999986
564.5731889999986
564.9257289999986
565.3036499999986
565.6541219999986
566.0188979999986
566.4091059999986
566.7921449999986
567.1829449999987
567.6125289999986
568.0129069999987
568.4269119999987
568.8254749999986
569.1892109999986
569.5304079999986
569.8640649999986
570.1977719999986
570.5456819999986
570.8986469999986
571.2801819999986
571.6534469999986
572.0677769999985
572.4575139999985
572.8800759999984
573.2760799999984
573.6838259999984
574.0484179999984
574.4125099999984
574.7821659999984
575.0907989999984
575.3888749999984
575.7519239999984
576.0915849999984
576.4695559999984
576.8729949999985
577.2500499999985
577.6239589999985
578.0391909999985
578.4760339999984
578.8204749999984
579.1758489999984
579.5167549999984
579.7729339999984
580.0347369999984
580.2938499999983
580.5495099999983
580.8078799999984
581.1456309999984
581.5157899999983
581.8905169999983
582.2554069999983
582.6174609999982
582.9962699999983
583.3637279999983
583.7234429999984
584.0803149999983
584.4441389999984
584.8053839999984
585.1484549999984
585.5094969999984
585.8685949999984
586.2286229999985
586.5641579999985
586.9609459999986
587.3502779999985
587.7134329999985
588.0706319999986
588.4101329999986
588.7584999999987
589.0948339999986
589.4343109999986
589.7718669999986
590.1092849999985
590.4467279999985
590.7895539999985
591.1530429999984
591.4898829999985
591.8230329999985
592.1693749999986
592.5915209999986
592.9833589999986
593.3595339999986
593.7485639999986
594.1445639999986
594.5364619999986
594.8850239999986
595.2061189999986
595.5560059999985
595.8752039999986
596.1750339999986
596.4316319999987
596.6833279999987
596.9385969999987
597.2084679999987
597.4791359999987
597.7424999999987
598.0054969999987
598.2796379999987
598.6429759999987
599.0081659999987
599.3699349999987
599.7173359999987
600.0839219999987
600.4391959999987
600.7875309999987
601.1399989999987
601.4861959999987
601.8397589999987
602.1758609999987
602.5010959999987
602.8842709999988
603.2075059999987
603.5595599999987
603.9309789999986
604.2984459999986
604.6470789999986
605.0077189999986
605.3883689999985
605.7496609999986
606.0833449999985
606.4485969999986
606.8035929999986
607.1659139999986
607.5218629999986
607.8806499999986
608.2539129999985
608.6014449999985
608.9968579999985
609.3743809999985
609.7573819999985
610.1705139999985
610.5784429999985
610.9461669999985
611.2986149999984
611.5733839999984
611.8412699999984
612.1158249999984
612.3831969999984
612.6544769999985
612.9121909999984
613.1791239999984
613.4505579999984
613.7136869999985
614.0327099999985
614.3594899999985
614.7118659999985
615.0518719999985
615.4118979999985
615.8040459999985
616.1676169999985
616.5383579999984
616.9398529999984
617.3296639999984
617.7258159999984
618.0885929999985
618.4740889999985
618.8240309999985
619.1808039999985
619.5410439999985
619.8842649999984
620.2295319999985
620.5846339999985
620.9243239999985
621.2846829999985
621.6074269999984
621.9174529999984
622.2399129999984
622.5768569999984
622.9201859999985
623.2770409999985
623.6558709999985
624.0359009999985
624.3935169999985
624.7366309999985
625.0671219999986
625.3980469999985
625.7489209999985
626.0771909999985
626.4024819999985
626.7738999999984
627.1020299999984
627.4036419999984
627.7195249999984
628.0618589999984
628.4167369999984
628.7393909999985
629.0890369999985
629.3474899999985
629.6071169999985
629.8523699999986
630.1048509999986
630.3518629999986
630.6011489999986
630.8508319999986
631.0996359999986
631.3422479999986
631.6286939999985
631.9755389999985
632.3061229999986
632.6712629999986
633.0327579999986
633.3950659999986
633.7591609999986
634.1031689999986
634.4749899999986
634.8049659999986
635.1360379999985
635.4689099999985
635.8395389999985
636.1661449999984
636.4849999999984
636.8457769999984
637.2126269999984
637.5657749999984
637.9188589999984
638.2612419999984
638.6002759999984
638.9469599999984
639.3033509999984
639.6880519999984
640.0630109999984
640.3783289999984
640.7169449999984
641.0407379999984
641.3565519999985
641.6728439999985
642.0416489999984
642.4424229999984
642.8199819999984
643.1848689999983
643.5444919999984
643.9123219999984
644.2795949999984
644.6472229999983
645.0105439999984
645.2953339999984
645.5480179999985
645.8066579999985
646.0472129999985
646.3771309999985
646.6854109999985
647.0337749999984
647.4034329999984
647.7313769999984
648.0480839999983
648.3824239999983
648.7690149999983
649.1345769999982
649.4814709999982
649.8531979999982
650.2035169999982
650.5541919999982
650.8699859999982
651.1882529999982
651.5208009999982
651.8453759999982
652.1634849999982
652.5238689999982
652.8752369999982
653.1495819999982
653.4372279999982
653.7129869999982
653.9620129999981
654.2108869999981
654.4606619999981
654.7010549999982
655.0197769999982
655.3478939999982
655.6586869999982
655.9674249999981
656.2546399999981
656.5481699999981
656.8117969999981
657.1165689999981
657.452370999998
657.762859999998
658.122507999998
658.470147999998
658.8081479999979
659.102617999998
659.4619559999979
659.7968809999979
660.1228199999979
660.4560849999979
660.7793459999979
661.1162669999978
661.4252699999978
661.7277329999978
662.0272259999978
662.3302869999977
662.6965789999978
663.0716399999977
663.4360179999977
663.8113509999977
664.1765349999977
664.5340349999976
664.8346669999976
665.1262129999976
665.4650549999976
665.8291779999976
666.1908749999976
666.5696859999977
666.9523859999977
667.3343149999977
667.6793319999977
667.9810259999977
668.2296699999977
668.4722989999976
668.7322379999977
668.9760569999977
669.2310109999977
669.4874689999976
669.7366829999977
669.9945629999977
670.2540729999977
670.5550929999977
670.8608629999977
671.1988349999978
671.5351019999978
671.8709219999978
672.2039189999978
672.5331019999977
672.8758169999977
673.2130869999977
673.5296949999977
673.8746109999977
674.2078889999976
674.6058299999976
674.9722669999976
675.3465569999976
675.6898639999976
676.0568259999975
676.3871639999975
676.7288809999975
677.0718369999975
677.4358799999975
677.7668669999975
678.0958619999975
678.4290679999975
678.7616649999975
679.1494709999974
679.5177649999974
679.8882939999975
680.2477529999975
680.6040339999975
680.9417349999975
681.3117609999975
681.6759449999976
682.0032119999976
682.3554839999975
682.6946679999976
683.0227699999975
683.3674869999975
683.7149349999975
684.0300869999975
684.3597849999975
684.7004209999975
685.0219069999976
685.3398699999975
685.6865719999976
686.0390779999975
686.3762789999976
686.7070239999975
687.0512839999975
687.3898969999975
687.7686529999975
688.1019779999974
688.4477149999974
688.7727269999974
689.0988129999974
689.4296699999975
689.6653829999975
689.9192079999975
690.1734979999975
690.4108389999975
690.6546089999975
690.8905319999975
691.1475629999975
691.3920059999975
691.6352239999975
691.8753389999974
692.1160479999975
692.3563859999974
692.5982159999975
692.8411399999975
693.1050239999975
693.3591089999975
693.6323769999975
693.8855789999975
694.1420619999975
694.4206529999975
694.6725399999975
694.9288309999976
695.1789879999975
695.4449839999975
695.7050809999974
695.9674039999975
696.2538119999975
696.5262269999976
696.7921339999975
697.0701219999976
697.3348229999975
697.6026309999975
697.8612299999975
698.1300579999975
698.3947549999974
698.6539639999975
698.9345789999975
699.2221189999975
699.5037949999975
699.7856609999975
700.0646959999975
700.3447189999976
700.6345869999975
700.9008939999975
701.1923789999975
701.5264009999975
701.8524839999975
702.1618979999974
702.4446389999974
702.7253809999975
703.0056179999975
703.2741489999976
703.5558499999976
703.8457539999976
704.1434229999976
704.4356039999976
704.7287819999976
705.0233259999976
705.3034389999976
705.5916849999976
705.8749679999976
706.1606019999975
706.4455169999975
706.7262959999975
707.0237289999975
707.3095359999975
707.5939599999974
707.8607599999974
708.1433699999974
708.4234049999974
708.7146919999974
709.0094659999974
709.3090259999974
709.5904699999974
709.9080889999974
710.1979709999974
710.4781259999975
710.7731469999975
711.0626109999974
711.3500349999974
711.6379909999974
711.9221659999974
712.2052349999974
712.4803199999974
712.7486559999974
713.0095799999974
713.2888069999974
713.5679739999974
713.8551769999974
714.1284709999974
714.4088539999974
714.6893549999974
714.9498399999974
715.2544469999974
715.5972889999974
715.9529639999975
716.2898979999975
716.6283309999975
716.9796229999974
717.3580239999975
717.7523709999975
718.1244159999975
718.4645769999975
718.8173339999975
719.1457189999975
719.4955249999974
719.8521629999974
720.2365789999974
720.6266729999974
721.0195539999974
721.3985999999974
721.7488229999974
722.1005329999974
722.4745399999974
722.8516769999974
723.2282359999974
723.5987849999974
723.9753369999974
724.3578889999974
724.7117469999973
725.0924159999973
725.4713799999973
725.8476819999973
726.1842409999973
726.5381219999973
726.8871199999974
727.2040319999974
727.5389109999974
727.8975319999973
728.2904709999973
728.6882139999973
729.0797799999973
729.4271579999973
729.7951779999973
730.1293019999973
730.4492619999974
730.7852469999974
731.1034119999974
731.4186379999975
731.7239239999975
732.0306519999975
732.3658139999975
732.6914519999975
733.0046349999975
733.3497799999975
733.6986759999975
734.0381769999975
734.3644289999975
734.6961059999975
735.0216789999974
735.3692309999974
735.7033209999973
736.0417269999973
736.3743869999973
736.7003009999974
737.0435729999973
737.4088919999973
737.7746109999973
738.0716929999974
738.3638249999974
738.7220969999975
739.0527539999974
739.3952429999974
739.7287359999974
740.0462889999974
740.3468769999973
740.6548529999974
740.9553849999974
741.2286579999974
741.5179389999973
741.8308439999973
742.1365259999974
742.4633869999974
742.7821599999974
743.0806839999974
743.3653979999974
743.6843979999974
743.9921269999974
744.2869939999973
744.5708629999973
744.8650249999973
745.1352979999973
745.4239929999973
745.7287199999972
746.0379719999972
746.3296889999972
746.6594419999972
746.9899349999972
747.3202689999972
747.6627879999972
747.9747039999972
748.3256509999973
748.7132109999973
749.0752159999972
749.4392539999973
749.7979229999972
750.1313439999973
750.4803909999973
750.8198619999973
751.1446379999974
751.4380439999974
751.7689769999973
752.1138329999974
752.4949399999974
752.8341339999974
753.1870149999975
753.5113379999975
753.8703179999975
754.1997449999975
754.5357189999975
754.8653019999974
755.1346969999975
755.4526869999975
755.7875909999975
756.1605969999976
756.5391219999975
756.9292919999975
757.2845309999975
757.6298539999975
757.9634659999975
758.2991149999975
758.6430019999975
759.0016109999975
759.3237629999975
759.6506519999975
759.9608449999976
760.3096469999975
760.6588709999976
761.0250599999976
761.3925309999976
761.7414399999976
762.0332049999977
762.3985289999977
762.7352169999976
763.0745109999976
763.3905449999976
763.7113189999976
764.0093209999976
764.3073389999976
764.6390319999975
765.0009749999975
765.2741839999975
765.5455129999975
765.8171419999975
766.0909189999975
766.3709159999975
766.6496049999975
766.9163049999975
767.1856919999975
767.4516309999975
767.7046139999975
767.9684559999974
768.2252909999975
768.4883139999974
768.7654909999975
769.0433629999975
769.3143799999975
769.5842199999976
769.8524399999976
770.1147809999976
770.3821619999976
770.6406319999976
770.9018059999976
771.1595559999976
771.4122649999975
771.6575739999976
771.9041749999976
772.1519909999976
772.4020329999976
772.6652289999976
772.9225369999975
773.1790049999976
773.4485099999976
773.6975609999976
773.9583279999976
774.2034129999976
774.4388909999975
774.6680089999975
774.9110039999974
775.1492039999974
775.4002799999975
775.6453699999975
775.9018439999975
776.1539189999975
776.4004699999974
776.6388599999974
776.8771279999974
777.1273039999974
777.3768649999973
777.6281779999973
777.8772279999973
778.1310099999973
778.3702439999973
778.6174689999973
778.8599129999973
779.0928229999972
779.3308739999973
779.5632289999972
779.7951909999972
780.0351469999972
780.2695929999973
780.5189829999972
780.7679669999972
781.0177789999972
781.2606259999972
781.4950749999972
781.7362779999972
781.9755039999973
782.2222399999973
782.4518229999974
782.6766379999974
782.9059369999974
783.1442149999974
783.3854009999974
783.6272969999974
783.8611139999974
784.0992799999974
784.3304869999974
784.5553299999974
784.7856249999974
785.0091899999974
785.2399129999974
785.4661149999973
785.6946919999973
785.9254989999973
786.1496169999973
786.3801929999973
786.6022929999973
786.8279969999973
787.0517499999972
787.2827309999973
787.5081849999973
787.7244499999973
787.9504549999973
788.1797409999973
788.4590979999973
788.7739339999973
789.0909209999974
789.4200629999974
789.7217279999974
790.0034589999974
790.2830459999974
790.5622779999974
790.8306749999974
791.1163609999975
791.4360009999975
791.7313419999975
792.0005689999975
792.2961159999976
792.5880299999976
792.8721579999976
793.1671409999976
793.4647249999977
793.7700929999977
794.0650379999977
794.3524129999977
794.6574539999976
794.9635459999977
795.2609709999977
795.5708419999977
795.8789139999977
796.2069079999977
796.5319809999977
796.8614089999977
797.1490569999977
797.5067239999977
797.8390009999977
798.1617349999976
798.4836729999977
798.7938909999976
799.0818439999977
799.3502219999976
799.6579369999977
799.9970189999976
800.3184169999977
800.6491629999977
800.9689839999977
801.2774019999977
801.5854659999976
801.9039589999976
802.2079149999976
802.5084949999975
802.7973149999975
803.0725789999975
803.3553219999975
803.6326819999975
803.9321029999976
804.2324979999976
804.5218119999976
804.8268709999976
805.1149549999976
805.3930049999976
805.6947319999977
805.9979909999977
806.3207649999977
806.6613369999976
806.9925369999976
807.3204469999976
807.6460499999976
807.9592199999976
808.2638009999976
808.5480099999976
808.8535949999975
809.1670359999976
809.4815359999975
809.8205149999975
810.1511259999975
810.4824619999974
810.8152399999974
811.1679469999974
811.5049879999974
811.8327579999974
812.1634759999974
812.4763709999975
812.7813089999975
813.1099169999975
813.4439589999974
813.7749389999974
814.0873549999974
814.4153809999974
814.7310419999974
815.0473019999974
815.3742519999975
815.6964469999974
816.0111939999974
816.3255299999975
816.6492309999975
817.0222769999975
817.3579299999975
817.7079519999975
818.0593729999974
818.3947349999975
818.7329779999975
819.0797479999975
819.4117019999975
819.7533929999975
820.0530769999974
820.3683399999974
820.6857149999973
821.0597589999974
821.4013829999974
821.7350409999974
822.0891509999974
822.4133329999974
822.7158909999973
823.0235329999973
823.3274769999973
823.6343039999973
823.9479779999973
824.2846889999973
824.6398349999973
824.9840469999973
825.3401599999974
825.6949249999974
826.0687919999974
826.4212239999974
826.7600769999974
827.0991659999974
827.4406099999974
827.8097389999974
828.1741509999974
828.5242039999974
828.8807049999974
829.2099819999975
829.5884659999974
829.9252919999974
830.2960019999974
830.6762739999974
831.0453469999974
831.4017609999974
831.7782509999973
832.1601779999974
832.5307809999973
832.9034379999973
833.2622989999974
833.6279039999973
833.9960759999973
834.3230119999973
834.7114219999974
835.0886109999974
835.3678149999974
835.6342729999974
835.9082799999974
836.1622209999974
836.4153719999974
836.6608289999974
836.8975279999975
837.1602949999975
837.4117189999976
837.6748149999976
837.9284019999976
838.1801359999977
838.4370199999977
838.6967159999977
838.9484389999976
839.2019349999977
839.4424289999977
839.6854929999977
839.9391189999977
840.1883299999977
840.4412549999977
840.6966099999977
840.9597969999977
841.2136859999977
841.4687699999977
841.7140729999977
841.9623049999977
842.2084189999978
842.4512129999978
842.6927669999977
842.9310419999978
843.1638549999977
843.4134209999977
843.6593679999977
843.9050659999976
844.1456509999977
844.3929439999977
844.6451059999977
844.8964669999976
845.1457799999977
845.3875929999977
845.6420489999977
845.8886649999977
846.1346459999977
846.3899179999977
846.6559709999977
846.9114849999977
847.1680659999977
847.4056319999977
847.6463339999978
847.8943249999977
848.1552209999977
848.4040859999977
848.6510979999978
848.9149629999978
849.1783509999977
849.4366339999978
849.7304019999978
849.9987739999978
850.2537419999977
850.5109929999977
850.7715789999977
851.0285259999977
851.2812029999976
851.5513409999976
851.8087219999976
852.0731809999976
852.3318739999976
852.5969819999976
852.8631349999977
853.1102579999977
853.3715959999977
853.6203499999976
853.8645479999976
854.1026879999977
854.3369029999976
854.5826169999976
854.8446849999976
855.1268579999976
855.3917849999975
855.6658049999975
855.9487459999975
856.2317269999975
856.4994929999975
856.7512109999975
857.0231179999976
857.2960379999976
857.5618229999976
857.8164529999976
858.0802589999977
858.3311729999976
858.6030059999977
858.8858059999976
859.1492119999976
859.3997029999977
859.6503549999976
859.9080849999976
860.1900539999976
860.4938509999977
860.8086459999977
861.1050919999976
861.4022149999977
861.7053569999977
861.9884979999977
862.3160009999976
862.6682929999977
863.0159009999977
863.3870259999977
863.6908319999977
863.9803279999977
864.3172529999977
864.6580629999977
864.9917289999977
865.3005729999977
865.6119079999977
865.9187669999977
866.2367799999977
866.5710079999977
866.8977279999978
867.2534309999977
867.6081769999977
867.9820409999977
868.3521099999977
868.6948569999977
869.0248039999976
869.3600129999976
869.7115049999976
870.0722689999976
870.4164079999977
870.7833229999976
871.1300539999976
871.5215479999976
871.8921789999976
872.2657699999976
872.6153599999976
872.9629449999976
873.3544329999976
873.7177099999976
874.0674519999976
874.4090569999976
874.7830759999975
875.1318969999976
875.4891119999976
875.8428389999976
876.2159099999976
876.6110829999976
876.9793299999976
877.3210169999976
877.6567989999976
878.0046219999975
878.3683359999975
878.6770689999975
879.0007409999974
879.3557999999974
879.6624519999974
879.9788679999974
880.3101219999974
880.6318649999973
880.9641349999973
881.3206669999973
881.6593839999973
881.9864959999974
882.3259769999974
882.6598579999974
883.0051739999974
883.3433059999974
883.6898869999974
884.0154839999974
884.3587399999974
884.6883689999974
885.0338579999974
885.3687689999974
885.7109249999975
886.0534809999974
886.3850799999974
886.7348469999974
887.0949259999975
887.4579729999975
887.8170829999975
888.1839099999975
888.5318319999975
888.9017449999975
889.2333749999975
889.5768929999975
889.9088739999976
890.1856669999976
890.4793509999976
890.8296079999976
891.1739819999976
891.5352169999976
891.8838479999976
892.2248899999976
892.5537619999976
892.8740459999976
893.2084699999976
893.5108829999976
893.8120269999977
894.1450769999976
894.4672929999977
894.7864679999976
895.1450529999976
895.5055639999975
895.8604439999975
896.1734559999975
896.4770189999975
896.8090319999975
897.1623369999975
897.4823609999975
897.8124959999975
898.1370919999976
898.4733099999976
898.7746049999976
899.0830449999976
899.4000889999976
899.7244559999976
900.0597459999976
900.3883919999977
900.7465019999977
901.0843439999977
901.4311989999977
901.7336019999977
902.0651209999977
902.4098569999977
902.7590349999978
903.0885729999977
903.4561519999977
903.8144779999977
904.2035139999978
904.5542559999977
904.8941779999977
905.1930339999977
905.4467429999977
905.6674989999977
905.9007419999978
906.1361059999978
906.3726039999978
