0.022351
0.109981
0.19744699999999998
0.280454
0.364726
0.457412
0.5380039999999999
0.6371729999999999
0.7266679999999999
0.8268159999999999
0.9262269999999999
1.0053189999999999
1.0995069999999998
1.2149599999999998
1.3166479999999998
1.4092029999999998
1.5033729999999998
1.602345
1.694167
1.784861
1.876986
1.952765
2.038113
2.126142
2.2076070000000003
2.283631
2.3724510000000003
2.4620580000000003
2.5407660000000005
2.6194060000000006
2.7028410000000007
2.7967870000000006
2.8989990000000008
2.9996020000000008
3.0843730000000007
3.1802070000000007
3.2739730000000007
3.3650440000000006
3.4607680000000007
3.5695800000000006
3.6638750000000004
3.7646940000000004
3.8571550000000006
3.9557160000000007
4.052065000000001
4.149598000000001
4.246588000000001
4.363500000000001
4.472397000000001
4.584922000000001
4.700349000000001
4.818405000000001
4.926719000000001
5.040402000000001
5.145934000000001
5.252748000000001
5.356777000000001
5.459023000000001
5.560771000000001
5.6740010000000005
5.766555
5.873501
5.995928
6.107102
6.21513
6.333431
6.457067
6.570939
6.68179
6.778332000000001
6.896240000000001
7.013531
7.122623000000001
7.231234000000001
7.340607
7.4565920000000006
7.556649
7.656523
7.762019
7.86872
7.984725999999999
8.089049999999999
8.200084999999998
8.309112999999998
8.422395999999997
8.534465999999997
8.668070999999996
8.784524999999995
8.891309999999995
9.004534999999995
9.122794999999995
9.225457999999994
9.335164999999995
9.442846999999995
9.558059999999996
9.660135999999996
9.770382999999995
9.888503999999996
9.994152999999995
10.104381999999996
10.203908999999996
10.306245999999996
10.412107999999996
10.521444999999996
10.632865999999996
10.748438999999996
10.862409999999995
10.981374999999995
11.086185999999994
11.209638999999994
11.320351999999994
11.433096999999995
11.540717999999995
11.644203999999995
11.751144999999996
11.847668999999996
11.956967999999996
12.075379999999996
12.190594999999995
12.304410999999995
12.417766999999994
12.522829999999994
12.645043999999993
12.741702999999994
12.836330999999994
12.935535999999994
13.038545999999993
13.138480999999993
13.241836999999993
13.345608999999993
13.449031999999992
13.538073999999991
13.63547999999999
13.74395399999999
13.85011899999999
13.94389999999999
14.03677899999999
14.13464799999999
14.23649599999999
14.34412099999999
14.452481999999991
14.54549699999999
14.644220999999991
14.747229999999991
14.867449999999991
14.96968799999999
15.082396999999991
15.179653999999992
15.293225999999992
15.396053999999992
15.505143999999992
15.608417999999993
15.711341999999993
15.810158999999993
15.913125999999993
16.024555999999993
16.125066999999994
16.218221999999994
16.314365999999993
16.427629999999994
16.528154999999995
16.630617999999995
16.729350999999994
16.834157999999995
16.929249999999996
17.037186999999996
17.143596999999996
17.238790999999996
17.340157999999995
17.446278999999997
17.556160999999996
17.666276999999997
17.764730999999998
17.862168999999998
17.958854999999996
18.053214999999994
18.167847999999996
18.268943999999994
18.368544999999994
18.463660999999995
18.573609999999995
18.689284999999995
18.804846999999995
18.908421999999995
19.014289999999995
19.115332999999996
19.236843999999998
19.346079
19.443424
19.551836
19.648384
19.760067
19.876969
19.987212
20.115917
20.222601
20.335934
20.454990000000002
20.578071
20.710710000000002
20.819729000000002
20.936456000000003
21.039863000000004
21.152583000000003
21.272558000000004
21.399065000000004
21.515664000000005
21.624542000000005
21.749553000000006
21.871915000000005
21.993064000000004
22.121113000000005
22.244156000000004
22.381517000000002
22.523543000000004
22.636542000000002
22.755714
22.888531
23.036888
23.154187
23.287079
23.406805
23.53258
23.654301999999998
23.775273
23.890552999999997
24.023739999999997
24.162539999999996
24.304532999999996
24.425142999999995
24.549823999999994
24.690412999999992
24.81471699999999
24.94462499999999
25.09096999999999
25.233019999999993
25.371017999999992
25.520894999999992
25.650976999999994
25.803920999999995
25.933687999999997
26.085226999999996
26.212847999999997
26.340338
26.506666
26.632448999999998
26.755964
26.888195
27.024623
27.168685
27.295874
27.431119000000002
27.55853
27.695616
27.831338000000002
27.950334
28.085383
28.211567
28.338604
28.479689
28.610036
28.75046
28.878887
28.996167
29.116077999999998
29.253187999999998
29.372560999999997
29.492603999999996
29.627157999999998
29.758684999999996
29.888027999999995
30.029831999999995
30.156760999999996
30.299867999999996
30.433398999999998
30.546839
30.682378999999997
30.816145999999996
30.952998999999995
31.088627999999996
31.223734999999998
31.346307999999997
31.465071
31.594973999999997
31.716050999999997
31.830062999999996
31.954250999999996
32.082147
32.187005
32.292948
32.412434000000005
32.537671
32.647139
32.763055
32.877359
32.99201
33.091336
33.195433
33.291101000000005
33.405634000000006
33.49459900000001
33.595400000000005
33.68556400000001
33.78041600000001
33.88249100000001
33.99442200000001
34.097336000000006
34.20670200000001
34.31287400000001
34.41894500000001
34.52606200000001
34.62219200000001
34.727271000000016
34.84690300000002
34.959482000000015
35.05577200000002
35.15928100000002
35.26261200000002
35.36498100000002
35.45781700000002
35.54625400000002
35.64228100000002
35.727257000000016
35.824491000000016
35.93390800000002
36.01805700000001
36.139840000000014
36.23774200000001
36.32803700000001
36.41526500000001
36.518473000000014
36.61157900000001
36.71107700000001
36.81187500000001
36.897079000000005
36.985876000000005
37.089569000000004
37.185853
37.276612
37.366225
37.453748
37.535056
37.623802
37.721591
37.803990999999996
37.897188
38.000176
38.088350000000005
38.16774100000001
38.27012800000001
38.353840000000005
38.438646000000006
38.526523000000005
38.641004
38.740212
38.83997
38.935725
39.023641999999995
39.106390999999995
39.189125999999995
39.27619899999999
39.358259999999994
39.44116499999999
39.52016299999999
39.59870199999999
39.68273099999999
39.77511299999999
39.85730199999999
39.96433899999999
40.05449099999999
40.13499799999999
40.23178199999999
40.32423999999999
40.426588999999986
40.521250999999985
40.62253999999999
40.71398699999999
40.81975199999999
40.916356999999984
41.007482999999986
41.101905999999985
41.19886799999998
41.31128899999998
41.40102199999998
41.508417999999985
41.62035299999999
41.733597999999986
41.826940999999984
41.93259299999998
42.04042599999998
42.150818999999984
42.26651599999998
42.365656999999985
42.457619999999984
42.551822999999985
42.63302599999999
42.725338999999984
42.821379999999984
42.91672599999998
43.01319599999998
43.11358099999998
43.20534999999998
43.29563399999998
43.38895799999998
43.48424299999998
43.57192299999998
43.677304999999976
43.774946999999976
43.86150299999998
43.93964999999998
44.02519099999998
44.12879099999998
44.22210199999998
44.30495799999998
44.38039699999998
44.46399399999998
44.54381199999998
44.63617999999998
44.71575199999998
44.82381599999998
44.91086199999998
45.01028799999998
45.107244999999985
45.183911999999985
45.26783599999999
45.35200799999999
45.42603499999999
45.518635999999994
45.593242999999994
45.676880999999995
45.753609999999995
45.845434
45.929503
46.011292
46.088949
46.180562
46.281885
46.360953
46.45806
46.569921
46.668448
46.742532
46.834534999999995
46.923778999999996
47.024482
47.10116
47.190014
47.280369
47.359771
47.45393
47.547123
47.636129
47.72295
47.813112999999994
47.90911199999999
48.00019199999999
48.08639199999999
48.17956499999999
48.27428099999999
48.35303599999999
48.43773399999999
48.534744999999994
48.628927
48.716186
48.789129
48.892527
48.979141
49.066865
49.146288
49.234463
49.307545999999995
49.378584999999994
49.46408399999999
49.54516799999999
49.63724599999999
49.71036099999999
49.79638899999999
49.87598699999999
49.95032099999999
50.032116999999985
50.13594399999999
50.23057799999999
50.32598799999999
50.40925999999999
50.486175999999986
50.562423999999986
50.63649599999999
50.71216699999999
50.78731299999998
50.89445999999998
50.97443499999998
51.06140799999998
51.14842199999998
51.23411799999998
51.31649299999998
51.40739299999998
51.499122999999976
51.57408099999998
51.669928999999975
51.746702999999975
51.84171299999998
51.92339999999998
52.00236899999998
52.07416799999998
52.15833599999998
52.23841999999998
52.317363999999976
52.405336999999975
52.47840599999997
52.55254099999997
52.62644199999997
52.70532899999997
52.782039999999974
52.87411699999998
52.95925399999998
53.02471599999998
53.10447799999998
53.17986099999998
53.26304999999998
53.34119099999998
53.41621999999998
53.48927599999998
53.57941599999998
53.678584999999984
53.75174299999998
53.83376599999998
53.917650999999985
54.008279999999985
54.082090999999984
54.15171499999998
54.22686199999998
54.33067299999998
54.429881999999985
54.52061299999998
54.60861399999998
54.69669899999998
54.786076999999985
54.85922999999998
54.940685999999985
55.027965999999985
55.11307699999998
55.192965999999984
55.27646999999998
55.36778099999998
55.44926699999998
55.54915099999998
55.63468499999998
55.71319099999998
55.80579899999998
55.89697099999998
55.98436799999998
56.060926999999985
56.14542799999999
56.23179499999999
56.31511799999999
56.39642799999999
56.484573999999995
56.56924599999999
56.65327899999999
56.73261599999999
56.83670699999999
56.917869999999986
57.00595699999999
57.08818399999999
57.16573599999999
57.24523199999999
57.320382999999985
57.39152499999999
57.47470899999999
57.56795899999999
57.65534799999999
57.72987499999999
57.83901199999999
57.92143599999999
57.995903999999996
58.07975999999999
58.164548999999994
58.253420999999996
58.33900499999999
58.43285199999999
58.51084899999999
58.604412999999994
58.680789
58.760298
58.825956
58.916534
58.989889
59.053604
59.12411
59.196854
59.274318
59.376349
59.446844999999996
59.51335099999999
59.586738999999994
59.672709999999995
59.769110999999995
59.83864
59.914882
59.994008
60.064587
60.15039
60.227891
60.309661
60.400878999999996
60.482476999999996
60.574254999999994
60.64668499999999
60.742811999999994
60.82335499999999
60.89683599999999
60.98019299999999
61.06943499999999
61.14730699999999
61.24726999999999
61.31966299999999
61.39882699999999
61.48464899999999
61.55809799999999
61.637050999999985
61.72122299999999
61.810397999999985
61.888759999999984
61.97585199999998
62.05909399999998
62.130651999999984
62.21635399999998
62.29349499999998
62.36835499999998
62.45609299999998
62.529806999999984
62.607311999999986
62.68733599999999
62.75581799999999
62.84024899999999
62.915552999999996
63.008258999999995
63.08411699999999
63.17050799999999
63.26077999999999
63.34210599999999
63.413823999999984
63.50688799999998
63.596775999999984
63.67773399999999
63.762095999999985
63.857052999999986
63.93136299999998
64.03287499999999
64.12203799999999
64.21452199999999
64.29713999999998
64.38370399999998
64.47910799999998
64.58213099999998
64.68310899999997
64.77191199999997
64.87041299999997
64.98101099999997
65.06840499999997
65.17736399999997
65.28284099999996
65.37121599999996
65.46141999999996
65.55554299999996
65.64621299999996
65.73290699999995
65.82146899999995
65.90974899999995
66.01216299999994
66.11115599999994
66.21419699999994
66.31348699999994
66.42054999999993
66.51782599999993
66.61507699999993
66.69926199999993
66.79759099999994
66.89743199999994
66.98459999999994
67.08240099999995
67.17539499999995
67.27154099999996
67.36736299999995
67.45803799999996
67.55043499999996
67.64077599999996
67.74066799999996
67.84757999999995
67.94577299999995
68.04060599999994
68.12940899999994
68.22141799999994
68.30699099999994
68.40136699999994
68.48608899999994
68.57607399999993
68.65548499999993
68.74076199999993
68.83821999999994
68.91654599999994
69.01060499999994
69.09021499999994
69.17457699999994
69.26275199999995
69.35352599999995
69.43518499999995
69.52775599999995
69.62458499999995
69.72154399999995
69.80596799999995
69.89338999999995
69.98746199999995
70.07137399999995
70.15204899999995
70.25779799999995
70.35698699999995
70.44581299999994
70.53182499999994
70.62257899999994
70.71356099999994
70.82831899999994
70.91542599999994
71.00662899999993
71.10245499999994
71.18501499999994
71.27308199999993
71.36960999999994
71.45812899999994
71.55103599999994
71.63530199999994
71.72588799999994
71.82335299999994
71.91569799999994
72.00130999999993
72.10464299999994
72.20264399999994
72.28568299999993
72.36723999999994
72.46419699999994
72.54814799999994
72.64795499999994
72.73528899999994
72.82285299999994
72.91224099999994
72.99943999999994
73.09431599999994
73.18900799999993
73.27386299999993
73.36946199999994
73.46731899999995
73.56070199999995
73.64358399999995
73.74203799999995
73.83021899999996
73.90447099999996
73.99655399999996
74.09665299999996
74.18299199999996
74.28169799999996
74.36773999999997
74.45322599999997
74.53837099999997
74.62562099999997
74.70398099999997
74.78537599999997
74.85996599999997
74.93939799999997
75.02861299999996
75.11906899999997
75.19880199999997
75.29651899999998
75.38019399999997
75.45641099999997
75.53606199999997
75.61309599999997
75.69602099999997
75.78782899999997
75.86200999999997
75.93671999999997
76.02065899999997
76.10146499999996
76.17643499999996
76.26589099999995
76.35270599999996
76.42557599999995
76.51111599999994
76.57926999999995
76.65955699999995
76.73536099999995
76.81191599999995
76.88768199999996
76.97286099999995
77.05951699999996
77.15170599999996
77.23663599999996
77.31967499999996
77.40983799999997
77.48241599999996
77.56414299999996
77.64106699999996
77.73104099999996
77.82646599999997
77.92339999999997
78.01982099999998
78.10052599999997
78.17641099999997
78.26466999999997
78.35347299999997
78.43738299999997
78.51442499999997
78.60034499999998
78.67924499999998
78.76174499999998
78.83356399999998
78.90952599999999
78.99542199999999
79.08329699999999
79.17009399999999
79.251511
79.32600699999999
79.41126599999998
79.48583999999998
79.56186599999998
79.63095099999998
79.72492899999999
79.80065099999999
79.88412399999999
79.98496799999998
80.07819299999998
80.16817099999999
80.26722799999999
80.35385999999998
80.44770099999998
80.54509999999998
80.62019799999997
80.71760699999997
80.78756899999998
80.88122799999998
80.95856599999998
81.04107199999997
81.12327399999997
81.21603299999997
81.28983399999997
81.38268299999997
81.46039899999997
81.53924999999997
81.63511299999996
81.73014699999996
81.80636799999996
81.90785999999996
81.99010999999996
82.07226799999997
82.15698199999997
82.24147799999997
82.31140999999997
82.39376199999997
82.49126499999997
82.57345999999997
82.65707699999997
82.74154399999998
82.84112499999998
82.93587899999997
83.02793199999998
83.11194999999998
83.19193199999998
83.29820199999997
83.38140999999997
83.46885899999998
83.54640599999998
83.64213299999997
83.73053899999998
83.81672199999998
83.89719599999998
83.98117299999998
84.07594199999998
84.18610599999998
84.28113499999998
84.37809499999997
84.48392899999997
84.59301699999997
84.68026899999998
84.78043499999998
84.87726699999999
84.96592399999999
85.05313499999998
85.14919899999998
85.23454599999998
85.33225099999999
85.43821199999998
85.51693799999998
85.61215099999998
85.71395399999999
85.79760899999998
85.89819599999998
85.98426299999998
86.06481699999999
86.159178
86.254204
86.338458
86.42913300000001
86.51205200000001
86.59111200000001
86.662141
86.759207
86.825278
86.916724
86.993493
87.070493
87.154765
87.231956
87.324766
87.415431
87.509506
87.593988
87.680678
87.764475
87.849108
87.956073
88.03654
88.131051
88.213817
88.30712000000001
88.40387100000001
88.48992400000002
88.58991400000002
88.67327400000002
88.77140300000002
88.86517400000002
88.96197200000003
89.06551600000003
89.15746300000004
89.24435900000003
89.33301700000003
89.42704000000003
89.52661600000003
89.60888700000004
89.69426000000004
89.80223000000004
89.89348100000004
89.97438900000003
90.06533600000003
90.16706600000003
90.25708100000003
90.36464900000003
90.45505100000003
90.55383900000002
90.63662300000003
90.72596200000002
90.81818700000002
90.89746200000002
90.99288300000002
91.07331400000002
91.16970400000002
91.26357700000003
91.34451500000003
91.44295000000002
91.53949800000002
91.61757000000003
91.71389900000003
91.79630000000003
91.89712900000004
91.98692100000004
92.07100200000004
92.15752400000004
92.25498800000004
92.34345800000004
92.43363900000004
92.52791600000005
92.60806800000005
92.71191900000005
92.79557700000005
92.88537100000005
92.97521100000004
93.05342500000005
93.14336100000004
93.23103400000004
93.31371700000004
93.39143100000004
93.47972400000003
93.58098400000003
93.68239800000003
93.77215100000004
93.86795400000004
93.95464700000004
94.04897300000003
94.14144500000003
94.23983300000003
94.34493300000003
94.44083600000003
94.54048600000003
94.62555300000002
94.71138900000003
94.79650600000002
94.90215400000002
94.97910800000002
95.06118600000002
95.15395100000002
95.25019200000003
95.33019500000003
95.42579700000003
95.51190600000002
95.59658600000003
95.69193700000002
95.78856600000002
95.88014500000001
95.97558200000002
96.05465900000002
96.14732700000002
96.24839100000001
96.33379100000002
96.41981800000002
96.50365200000002
96.59186800000002
96.66851400000002
96.75228100000001
96.82711700000002
96.90431300000002
96.97788000000001
97.06528200000001
97.167365
97.234525
97.311397
97.39074
97.45920199999999
97.53109199999999
97.60354799999999
97.67124899999999
97.757077
97.832189
97.89395999999999
97.95740699999999
98.02808499999999
98.09234599999999
98.165545
98.237645
98.30852
98.382757
98.463444
98.53941499999999
98.61643799999999
98.69903899999998
98.78309199999998
98.86193999999998
98.93592399999997
99.01848699999996
99.08671299999996
99.15434699999996
99.24699499999996
99.32604299999996
99.41410799999996
99.49918899999996
99.57395299999996
99.66498699999995
99.75713799999996
99.85759799999995
99.94261899999995
100.03286599999996
100.12809599999996
100.20285599999995
100.27304099999995
100.36555999999995
100.46273099999995
100.55522899999995
100.64364999999995
100.73357099999996
100.83471299999995
100.92204699999995
101.02052499999995
101.10904299999994
101.18860099999995
101.26621699999995
101.35035199999996
101.43823299999995
101.53024999999995
101.62404799999996
101.71374699999996
101.79817999999996
101.88730599999995
101.97719499999995
102.06970499999996
102.17290799999995
102.26048499999995
102.35015299999995
102.43563199999996
102.52981899999996
102.61339699999996
102.70374599999997
102.79012699999997
102.88634199999997
102.98366299999996
103.07628399999996
103.16225499999996
103.24050399999996
103.33950499999996
103.42551199999996
103.51922699999996
103.61264899999996
103.69935899999996
103.78379899999996
103.88593499999996
104.00659799999995
104.10987199999995
104.21471499999996
104.32282499999995
104.43829199999995
104.56321299999995
104.67211499999995
104.78803399999995
104.89539399999995
104.98714799999995
105.10127599999994
105.20614799999994
105.30319299999994
105.40908099999993
105.50904399999993
105.60854799999993
105.70499899999993
105.80534999999993
105.91103699999994
106.03026899999993
106.12389599999993
106.22779699999992
106.33505899999993
106.42512799999993
106.52718499999993
106.63021499999994
106.73096199999993
106.81479599999993
106.91620299999992
107.01326499999992
107.11411499999991
107.20864599999992
107.30363599999991
107.4004109999999
107.5047839999999
107.5900219999999
107.69046799999991
107.76862399999992
107.85930399999992
107.94890999999993
108.06129699999993
108.17558399999993
108.26492199999993
108.36136799999993
108.44683799999993
108.54017599999993
108.63917099999993
108.72965499999994
108.81896299999994
108.90661599999994
108.99984699999995
109.08806599999994
109.16888899999994
109.27367299999993
109.35843699999994
109.45895999999993
109.54621399999994
109.64404199999994
109.72600799999994
109.82840799999994
109.92781099999993
110.02775699999994
110.12362999999993
110.21821799999994
110.30630799999993
110.40547899999993
110.49534499999993
110.58440899999992
110.68322099999992
110.78278699999991
110.87032599999992
110.96108699999992
111.04784299999992
111.13724599999992
111.23816899999991
111.33520299999991
111.4294939999999
111.52115899999991
111.6094629999999
111.68205999999991
111.7532519999999
111.81921099999991
111.89844499999991
111.96563999999991
112.0355539999999
112.10687199999991
112.18528899999991
112.24894299999991
112.3206989999999
112.4012629999999
112.5063149999999
112.5918229999999
112.6750049999999
112.7454829999999
112.8136729999999
112.88253999999989
112.94895999999989
113.04407599999989
113.12875299999989
113.20254399999989
113.26900199999989
113.36684099999988
113.44716299999988
113.53269599999987
113.60341599999987
113.67522799999986
113.74535199999987
113.81984499999987
113.90309599999988
113.98230199999988
114.07087299999988
114.13501499999988
114.20107599999989
114.27652699999989
114.3603569999999
114.44871099999989
114.52341499999989
114.61947199999989
114.70502599999989
114.7898579999999
114.8779009999999
114.9695739999999
115.0558579999999
115.1388879999999
115.2174439999999
115.3182279999999
115.41886599999991
115.51411699999991
115.61135599999992
115.70235799999992
115.80105599999992
115.88274299999992
115.96901199999992
116.06768899999992
116.15735399999991
116.24664099999991
116.32625499999992
116.41621299999991
116.52101899999991
116.59527599999991
116.67940899999991
116.75323199999991
116.82681399999991
116.91324699999991
117.00501699999991
117.0983469999999
117.1823359999999
117.2537139999999
117.3245789999999
117.4077269999999
117.5022759999999
117.5996849999999
117.69231099999989
117.7902239999999
117.8774549999999
117.9867569999999
118.0828649999999
118.1815399999999
118.2716679999999
118.36269699999991
118.4581379999999
118.53162899999991
118.62600399999991
118.6999429999999
118.79328499999991
118.88268299999991
118.99140799999992
119.08946299999992
119.16721299999992
119.26364999999991
119.34196499999992
119.42637999999992
119.51007099999993
119.59646999999993
119.69229299999992
119.77829499999991
119.86174099999991
119.9526729999999
120.0488679999999
120.1340469999999
120.2199439999999
120.30314299999989
120.40579899999989
120.49800599999989
120.5845429999999
120.65741899999989
120.74485899999989
120.8388819999999
120.9452019999999
121.0307569999999
121.1070469999999
121.1810729999999
121.2716799999999
121.3613889999999
121.44699199999991
121.5373439999999
121.6225749999999
121.7128179999999
121.8024119999999
121.87733299999991
121.9702789999999
122.0593289999999
122.13043899999991
122.22168899999991
122.31443699999991
122.3842569999999
122.46860499999991
122.54675099999992
122.62815599999992
122.72177299999991
122.80304599999991
122.8920759999999
122.9650069999999
123.0447139999999
123.1248879999999
123.2011609999999
123.2711949999999
123.3442089999999
123.4151989999999
123.4905619999999
123.5606359999999
123.6506319999999
123.72617099999991
123.80780199999991
123.8953959999999
123.9980969999999
124.0928849999999
124.1879919999999
124.2694639999999
124.3548849999999
124.4469239999999
124.53393299999989
124.61536899999989
124.70045299999988
124.77972699999988
124.86330299999987
124.95254499999987
125.02582399999987
125.11751599999987
125.20207599999986
125.29569699999986
125.37625599999986
125.46730199999986
125.56416999999986
125.63026499999987
125.70713299999987
125.77854399999987
125.85313199999987
125.94062699999988
126.00626499999989
126.07594299999988
126.14940299999988
126.22202899999988
126.30866099999987
126.40293099999987
126.49868799999987
126.56700499999987
126.64274399999987
126.71461899999987
126.79115199999987
126.86609399999986
126.94017499999987
127.00635599999987
127.08848199999987
127.16237299999987
127.23137099999987
127.30244699999987
127.39097399999987
127.45179799999987
127.51472199999986
127.59161499999986
127.68587399999986
127.77572899999986
127.86171399999985
127.94308799999985
128.02316599999983
128.09595299999984
128.16567099999983
128.24814599999982
128.31608099999983
128.38292499999983
128.45819799999984
128.53562199999985
128.60289799999984
128.68380599999983
128.75148399999983
128.85053299999984
128.92209099999985
129.00797199999985
129.07689799999986
129.15973999999986
129.24418899999986
129.33269099999987
129.41085199999986
129.48404299999987
129.55346699999987
129.63383399999987
129.70675799999987
129.77452299999987
129.85159399999986
129.92239599999985
130.01277799999986
130.09520699999985
130.17152699999986
130.25831799999986
130.32727299999985
130.39443599999984
130.47036099999985
130.55119199999984
130.62154899999985
130.69725399999984
130.78278699999984
130.86567599999984
130.95015199999983
131.05439999999984
131.13722899999985
131.22581799999986
131.30411399999986
131.37893699999987
131.46817299999987
131.53949599999987
131.61208899999988
131.69375399999987
131.77310099999988
131.84833599999988
131.9181029999999
131.9891589999999
132.0746109999999
132.1510899999999
132.2328419999999
132.3198829999999
132.3937769999999
132.47760099999988
132.5556979999999
132.63672099999988
132.71111799999989
132.7960259999999
132.89287699999988
132.97224199999988
133.06087399999987
133.15622899999988
133.2517559999999
133.3409679999999
133.4376059999999
133.52150099999992
133.5950809999999
133.6828139999999
133.7684279999999
133.8468229999999
133.9284109999999
134.0287419999999
134.10330599999992
134.1913619999999
134.29680699999992
134.39162699999991
134.48449499999992
134.5810419999999
134.6673219999999
134.75777899999989
134.85330999999988
134.94684699999988
135.0499349999999
135.1469369999999
135.2382989999999
135.3161439999999
135.42272099999988
135.51064999999988
135.5988679999999
135.6863139999999
135.7851729999999
135.8843119999999
135.9948039999999
136.1047129999999
136.20449899999988
136.3071479999999
136.4130809999999
136.51478299999988
136.62432499999989
136.7434799999999
136.8417229999999
136.9527149999999
137.0545409999999
137.15960999999987
137.27046199999987
137.38571399999987
137.49560899999986
137.60746199999986
137.71332299999986
137.81765199999987
137.94399499999986
138.06295699999987
138.18146299999987
138.30545699999988
138.4238899999999
138.5359849999999
138.6506259999999
138.7645299999999
138.8779269999999
139.0005029999999
139.10969099999988
139.2311199999999
139.3427079999999
139.4592529999999
139.5702849999999
139.6979309999999
139.8206029999999
139.9493819999999
140.0734229999999
140.20715499999991
140.33406699999992
140.45995199999993
140.58366599999994
140.71948999999995
140.84671199999994
140.97588199999993
141.09184499999992
141.2122549999999
141.33167799999993
141.44654999999992
141.5665649999999
141.68907299999992
141.7994769999999
141.91424099999992
142.03183199999992
142.15205799999993
142.26754999999991
142.39467399999992
142.52007099999992
142.65285599999993
142.77162299999992
142.90779099999992
143.0417419999999
143.17596799999993
143.31051799999992
143.4382439999999
143.5614549999999
143.69246099999992
143.81749599999992
143.9375369999999
144.0728019999999
144.2059989999999
144.3375639999999
144.4684619999999
144.5966479999999
144.7259749999999
144.8517029999999
144.96849099999991
145.0827639999999
145.2081729999999
145.3204039999999
145.4350939999999
145.5426139999999
145.66535699999991
145.7814689999999
145.8886249999999
146.0035809999999
146.12521399999991
146.2509379999999
146.3804169999999
146.4956929999999
146.6198799999999
146.72826099999992
146.8422339999999
146.9432719999999
147.0401039999999
147.1626579999999
147.2775069999999
147.3897229999999
147.50995399999988
147.61262999999988
147.7216749999999
147.8202739999999
147.9256779999999
148.0256439999999
148.12500399999988
148.24301299999988
148.33888199999987
148.44099799999987
148.54453499999985
148.65996899999985
148.76190199999985
148.89080399999986
149.00480799999985
149.12684499999986
149.23329399999986
149.33846099999985
149.45590299999986
149.56713999999985
149.68545499999985
149.78718199999986
