0.030856
0.163887
0.304752
0.444758
0.590139
0.7386699999999999
0.88005
1.022668
1.1656389999999999
1.317065
1.464048
1.609979
1.758588
1.903458
2.0479570000000002
2.198621
2.3660710000000003
2.5144680000000004
2.6557980000000003
2.7981870000000004
2.9441760000000006
3.0865580000000006
3.2315550000000006
3.382491000000001
3.5221590000000007
3.6628880000000006
3.8104780000000007
3.9497780000000007
4.095715000000001
4.239748000000001
4.393313000000002
4.534230000000002
4.696963000000002
4.842585000000002
4.990670000000002
5.134762000000002
5.294996000000002
5.440870000000002
5.587634000000002
5.739728000000002
5.881539000000002
6.024505000000002
6.166344000000002
6.303848000000002
6.441651000000002
6.588393000000002
6.740620000000002
6.893375000000002
7.032005000000002
7.175619000000002
7.316220000000002
7.454114000000002
7.610971000000002
7.786242000000002
7.957215000000002
8.125241000000003
8.298953000000003
8.465998000000003
8.624754000000003
8.792428000000003
8.957932000000003
9.117753000000004
9.283515000000005
9.464626000000004
9.623800000000005
9.791648000000004
9.968795000000004
10.145227000000004
10.327671000000004
10.503142000000004
10.676968000000004
10.860052000000003
11.034009000000003
11.208921000000004
11.383662000000003
11.575983000000003
11.758990000000002
11.945316000000002
12.121295000000002
12.299615000000001
12.499943000000002
12.699713000000003
12.897319000000003
13.102453000000002
13.303854000000003
13.513147000000004
13.708198000000003
13.911628000000004
14.108890000000004
14.297706000000003
14.492098000000004
14.680735000000004
14.863061000000004
15.047085000000004
15.237974000000005
15.419188000000005
15.596005000000005
15.773839000000006
15.967432000000006
16.137754000000005
16.303268000000006
16.458760000000005
16.617680000000004
16.779718000000003
16.934469000000004
17.077933000000005
17.224301000000004
17.364790000000003
17.513559000000004
17.649018000000005
17.790354000000004
17.919567000000004
18.052948000000004
18.182592000000003
18.311952
18.433721000000002
18.55488
18.686364
18.812516000000002
18.922058000000003
19.026213000000002
19.134901000000003
19.233989
19.344862000000003
19.455137000000004
19.579200000000004
19.695435000000003
19.821367000000002
19.947173000000003
20.063985000000002
20.181871
20.296596
20.411371000000003
20.527705
20.634198
20.745649
20.855363
20.976416
21.086896
21.193400999999998
21.295506
21.389509
21.481519
21.576971999999998
21.688332999999997
21.799590999999996
21.918464999999998
22.025709999999997
22.156453999999997
22.286214999999995
22.434608999999995
22.555576999999996
22.679509999999997
22.804294999999996
22.941682999999998
23.087089
23.232328
23.381738
23.535187999999998
23.693735999999998
23.856184999999996
24.012449999999998
24.194589999999998
24.385672
24.580951
24.765653
24.946349
25.123439
25.303700000000003
25.485679
25.657671
25.829513000000002
25.996903000000003
26.175202000000002
26.346578
26.524745
26.699386
26.868913
27.045884
27.245050000000003
27.428729000000004
27.609209000000003
27.777441000000003
27.946905000000005
28.118448000000004
28.287662000000005
28.448999000000004
28.616877000000006
28.774653000000004
28.948322000000005
29.102045000000004
29.257109000000003
29.414112000000003
29.582718000000003
29.739217000000004
29.907582000000005
30.061583000000006
30.260851000000006
30.423245000000005
30.581187000000003
30.753077000000005
30.905706000000006
31.059402000000006
31.203032000000007
31.343797000000006
31.486602000000005
31.623140000000006
31.755273000000006
31.892784000000006
32.036447
32.169121000000004
32.307224000000005
32.44914800000001
32.582119000000006
32.71567700000001
32.83397800000001
32.95705000000001
33.08784800000001
33.22105900000001
33.35289500000001
33.48279000000001
33.607144000000005
33.732038
33.858971000000004
33.978789000000006
34.09696600000001
34.21517800000001
34.33669100000001
34.46460400000001
34.58684300000001
34.71124700000001
34.82686300000001
34.95016200000001
35.09987500000001
35.224221000000014
35.345967000000016
35.477277000000015
35.598132000000014
35.71289800000002
35.838980000000014
35.96642100000001
36.087477000000014
36.20577200000002
36.32353100000002
36.45598800000002
36.58445500000002
36.71916700000002
36.85269800000002
36.98761300000002
37.12597000000002
37.262397000000014
37.39854000000001
37.53509900000001
37.66950500000001
37.817302000000005
37.966455
38.106167000000006
38.24363700000001
38.387758000000005
38.52752400000001
38.67197600000001
38.82220600000001
38.96756200000001
39.09475200000001
39.25249000000001
39.38839800000001
39.52280000000001
39.660826000000014
39.79094100000002
39.92150200000002
40.05888800000002
40.19818700000002
40.34484500000002
40.48910000000002
40.64184900000002
40.78662800000002
40.92441000000002
41.07746000000002
41.23545000000002
41.39232900000002
41.53711100000002
41.67865000000002
41.82328800000002
41.97251800000002
42.12920800000002
42.296407000000016
42.45279400000002
42.595891000000016
42.73984700000002
42.891432000000016
43.06802200000001
43.22965300000001
43.402664000000016
43.564312000000015
43.723199000000015
43.889400000000016
44.04629300000001
44.21446500000001
44.38056900000001
44.54111900000001
44.71385800000001
44.87844200000001
45.058274000000004
45.230343000000005
45.406856000000005
45.574919
45.74038
45.9045
46.064693
46.232861
46.418487999999996
46.592037999999995
46.77203899999999
46.95890699999999
47.13146699999999
47.29580399999999
47.46822399999999
47.65799599999999
47.84424799999999
48.01518399999999
48.19924199999999
48.38740999999999
48.56848099999999
48.72949099999999
48.89427399999999
49.05221799999999
49.21283799999999
49.35613499999999
49.498001999999985
49.63802699999999
49.78010399999999
49.90864299999999
50.04304799999999
50.17307799999999
50.311207999999986
50.448419999999984
50.58708699999998
50.71961499999998
50.842632999999985
50.99285599999998
51.13074899999998
51.26804499999998
51.40947999999998
51.54031299999998
51.677137999999985
51.80484199999999
51.942616999999984
52.06570399999998
52.19095999999998
52.33469499999998
52.47226499999998
52.59735999999998
52.73169899999998
52.87104299999998
53.008440999999976
53.14821299999998
53.30372799999998
53.466392999999975
53.630134999999974
53.79277399999997
53.96383099999997
54.12290099999997
54.27356999999997
54.42093599999997
54.56962299999997
54.73148399999997
54.887558999999975
55.05000999999997
55.21643199999997
55.376037999999966
55.539810999999965
55.693094999999964
55.852020999999965
56.011247999999966
56.17803999999997
56.34498099999997
56.49943999999997
56.67183599999997
56.84113499999997
57.010889999999975
57.17276799999998
57.33389099999998
57.50460599999998
57.668278999999984
57.84955999999998
58.036388999999986
58.217114999999986
58.39210699999999
58.59556899999999
58.78606399999999
58.97948599999999
59.16804099999999
59.35263999999999
59.54498799999999
59.72704199999999
59.91756099999999
60.104662999999995
60.29583399999999
60.47947699999999
60.65927599999999
60.85033299999999
61.030469999999994
61.21733
61.391678999999996
61.560821
61.716508
61.870238
62.029184
62.182758
62.342757999999996
62.501033
62.656146
62.813317
62.964214
63.115618999999995
63.273090999999994
63.42733499999999
63.60194399999999
63.75263199999999
63.89781599999999
64.045881
64.225951
64.42023999999999
64.58402699999999
64.764253
64.92366299999999
65.082686
65.29389499999999
65.47231199999999
65.64841399999999
65.81055599999999
65.96697699999999
66.13352199999999
66.30325099999999
66.45619399999998
66.60579299999998
66.77218299999998
66.94062899999999
67.08969899999998
67.25003599999998
67.41737799999999
67.58507099999999
67.74711399999998
67.90430899999998
68.06143999999999
68.222957
68.373735
68.545085
68.696651
68.85365300000001
69.00559700000001
69.160711
69.31788200000001
69.47413200000001
69.62118900000002
69.78099200000001
69.93338100000001
70.07952700000001
70.24210400000001
70.395097
70.54746
70.703461
70.854782
71.017657
71.186809
71.347669
71.522277
71.685801
71.85596699999999
72.027644
72.200153
72.387121
72.57218999999999
72.74954199999999
72.92454099999999
73.09273199999998
73.26799899999999
73.44362299999999
73.61494199999999
73.78753799999998
73.97179599999998
74.15702799999998
74.34523999999998
74.52959899999998
74.71913099999998
74.90516299999997
75.11709699999997
75.30359899999998
75.49116399999998
75.68484999999998
75.87566299999999
76.05734999999999
76.23764999999999
76.42864999999999
76.60866399999999
76.79038599999998
76.98419999999999
77.16908799999999
77.36170299999999
77.552855
77.7408
77.93113
78.106163
78.285822
78.46463299999999
78.64468699999999
78.84195199999999
79.04644699999999
79.24735799999999
79.44035199999999
79.62800099999998
79.82015699999998
80.00760499999998
80.19036799999998
80.38249699999997
80.56247099999997
80.75200899999997
80.93820399999997
81.12603999999997
81.32562999999998
81.51677799999997
81.71813799999997
81.91699099999997
82.11089799999996
82.30584999999996
82.51764799999997
82.72106799999996
82.91584299999997
83.10111399999997
83.29117999999997
83.48258799999996
83.67160599999997
83.86866799999997
84.07858799999997
84.28754799999997
84.50176299999997
84.71252299999996
84.90929899999996
85.11425699999997
85.31728099999997
85.51953399999996
85.74601499999997
85.96904899999997
86.17948499999997
86.39552799999997
86.61615999999997
86.84504299999996
87.08034699999996
87.30115699999996
87.52281199999996
87.75224099999996
87.96676499999995
88.18988699999996
88.40676299999996
88.62724699999995
88.84215599999996
89.05949399999996
89.28520299999995
89.50666799999995
89.71471399999994
89.92227099999994
90.12755599999994
90.35089099999995
90.57128599999994
90.78275699999995
91.00528899999995
91.22884299999994
91.46500199999994
91.70391399999994
91.92825799999994
92.14890899999995
92.36328799999994
92.57767999999994
92.80004999999994
93.02136499999995
93.24691099999994
93.46949899999994
93.70152599999994
93.92510399999995
94.13448399999994
94.34343199999995
94.55144199999995
94.74536899999995
94.93713399999996
95.13373099999995
95.32974499999996
95.53086499999996
95.72289599999996
95.92588099999996
96.11869599999996
96.32218399999995
96.52530699999996
96.73501599999996
96.93663999999995
97.13640899999996
97.35432799999995
97.54619899999996
97.73381999999995
97.93909399999995
98.13280099999996
98.32140799999996
98.50742799999996
98.68649399999997
98.86458799999997
99.05293899999997
99.24346899999996
99.44786299999996
99.64760499999996
99.83785699999996
100.02798599999996
100.21743799999996
100.39462299999995
100.58399299999995
100.76696699999995
100.94237699999995
101.12100099999995
101.30429899999994
101.47800099999995
101.65437799999995
101.83120499999995
102.00856499999995
102.19639899999994
102.38325899999994
102.57162899999994
102.75831299999994
102.93747999999995
103.11890899999995
103.30593299999994
103.49258799999994
103.68142599999995
103.86786499999994
104.04482899999994
104.23424899999993
104.43953399999994
104.64904599999994
104.84869899999994
105.04045099999993
105.22109499999993
105.39335699999994
105.56904999999993
105.74091699999994
105.92894299999993
106.12790399999993
106.34431699999993
106.53586099999993
106.72389299999993
106.91889799999993
107.12027299999993
107.31158999999992
107.49288699999993
107.68329999999993
107.88140499999993
108.05861399999993
108.24829599999994
108.43622999999994
108.60838199999993
108.78679999999993
108.96041999999993
109.13819699999993
109.30885799999993
109.47507899999992
109.64030699999992
109.80780799999992
109.97996199999993
110.16039899999993
110.34890199999992
110.52500299999993
110.70782199999992
110.89091299999993
111.06700799999993
111.24786199999993
111.41941699999992
111.59974099999992
111.77943499999992
111.95025399999992
112.12357999999992
112.29459599999991
112.46898499999992
112.63577499999992
112.81653199999992
112.98744599999992
113.16843799999992
113.33462099999993
113.50680399999993
113.68378099999993
113.87647999999993
114.06619199999993
114.25638599999994
114.44042999999994
114.64023899999994
114.83355699999994
115.02962299999994
115.21661399999995
115.39760199999995
115.57597299999995
115.75586599999995
115.96589899999995
116.14508599999995
116.32722699999995
116.51243299999994
116.69073799999994
116.86574299999994
117.03851799999994
117.22774799999993
117.40897299999993
117.57994799999993
117.75340999999993
117.92736399999993
118.10305899999993
118.29292799999993
118.49364099999993
118.68540299999992
118.87906299999992
119.07542699999992
119.26745799999992
119.45911899999992
119.64616099999992
119.83294899999993
120.02220799999994
120.20884399999993
120.39498699999993
120.58042999999994
120.76650799999993
120.95474499999993
121.14153599999993
121.33311699999993
121.52045299999993
121.70467799999993
121.90773499999993
122.09435599999993
122.27209799999993
122.45291999999993
122.64301499999993
122.85765099999993
123.04786699999994
123.24538099999994
123.43579299999993
123.62177899999993
123.80812499999993
124.00891199999994
124.19340399999994
124.38364699999994
124.56916799999993
124.76219599999993
124.95350399999994
125.13739499999994
125.32721999999994
125.51294999999995
125.70523799999995
125.90584299999995
126.08495999999995
126.26773599999996
126.45708699999996
126.64671099999995
126.85602399999995
127.06794799999994
127.27063499999994
127.48143699999994
127.68750599999994
127.89566699999995
128.10847299999995
128.32437699999994
128.53839599999995
128.75489699999994
128.95113899999996
129.15646899999996
129.35792099999995
129.57413699999995
129.79179199999996
129.99055499999997
130.19101999999998
130.39234399999998
130.603075
130.80831799999999
131.041173
131.25082899999998
131.447466
131.648482
131.852828
132.04802199999997
132.239085
132.42733099999998
132.61260499999997
132.80171299999998
132.99155599999997
133.18271799999997
133.37453799999997
133.56475499999996
133.75539499999996
133.95122899999996
134.16222299999995
134.35517999999996
134.56541999999996
134.76732499999997
134.96899699999997
135.17491599999997
135.38027999999997
135.58657499999998
135.79628899999997
135.98954399999997
136.18354499999995
136.37907699999994
136.57119299999994
136.76720299999994
136.96091899999993
137.16083399999994
137.35355899999993
137.55944399999993
137.74258299999994
137.93954099999993
138.13805699999995
138.32615899999993
138.53182699999994
138.73800899999995
138.91655599999996
139.12055499999997
139.31688899999997
139.50600099999997
139.68407599999998
139.87016699999998
140.06325999999999
140.26926899999998
140.45886699999997
140.65271099999998
140.84818499999997
141.03702399999997
141.24497599999998
141.431278
141.618537
141.803705
141.989493
142.17821800000002
142.35145500000002
142.53473200000002
142.71730000000002
142.90422800000002
143.087736
143.277262
143.492535
143.674658
143.85231199999998
144.03085299999998
144.223527
144.42947099999998
144.63984599999998
144.85402899999997
145.07325199999997
145.28751899999997
145.50868599999998
145.71692699999997
145.93048299999998
146.14424699999998
146.35410499999998
146.55533699999998
146.761205
146.96650599999998
147.167421
147.37283399999998
147.57232
147.76953699999999
147.97422099999997
148.17190999999997
148.35840899999997
148.55692299999995
148.74227999999997
148.93053899999995
149.13083099999994
149.33399499999993
149.53814699999992
149.73035999999993
149.92232199999992
150.1143629999999
150.3094519999999
150.50308399999992
150.6972289999999
150.9105959999999
151.1244519999999
151.34617999999992
151.57238199999992
151.78546799999992
151.99928399999993
152.21260599999994
152.42509799999993
152.63223599999992
152.8496049999999
153.07432699999993
153.28981299999992
153.50862799999993
153.70404399999993
153.91710999999992
154.1220189999999
154.3432899999999
154.54701999999992
154.7655589999999
154.9697579999999
155.1660099999999
155.3651709999999
155.5640959999999
155.74358499999988
155.92213899999987
156.0959789999999
156.2802369999999
156.4528389999999
156.63325199999989
156.8088929999999
156.9810219999999
157.1642709999999
157.3353169999999
157.4991049999999
157.6639299999999
157.8295609999999
157.9946809999999
158.1648139999999
158.3320309999999
158.5226679999999
158.6963749999999
158.8815749999999
159.05487899999991
159.21873699999992
159.41067099999992
159.57753199999993
159.73610599999992
159.88804199999993
160.06959999999992
160.24435499999993
160.39398999999992
160.56294599999993
160.70898799999992
160.85555499999992
160.9932799999999
161.1244639999999
161.2505659999999
161.3791439999999
161.49803699999993
161.61791099999994
161.72878599999993
161.83682099999993
161.94456999999994
162.06088699999995
162.16543099999996
162.27215999999996
162.38176599999997
162.49471499999996
162.61538199999995
162.73663999999997
162.85301799999996
162.96172999999996
163.08214099999995
163.20456799999994
163.32490999999993
163.43873899999994
163.55674699999994
163.67438799999994
163.79145799999995
163.90493499999994
164.03231499999993
164.15528499999994
164.28158399999992
164.41203499999992
164.5422509999999
164.6647459999999
164.8013859999999
164.9451809999999
165.07034599999992
165.2113439999999
165.3594019999999
165.5006199999999
165.64610499999992
165.8009959999999
165.9481989999999
166.08799699999992
166.21890599999992
166.34787999999992
166.47896599999993
166.61124199999992
166.74783299999993
166.88090499999993
167.00662499999993
167.14257999999992
167.26889399999993
167.39972699999993
167.53306999999992
167.65620499999991
167.78678699999992
167.9218899999999
168.06667499999992
168.19892599999991
168.3241969999999
168.4610959999999
168.58504799999992
168.71893799999992
168.87160599999993
169.02729299999993
169.16891299999992
169.31237599999992
169.46774699999992
169.60964199999992
169.7465789999999
169.8960679999999
170.0424619999999
170.1952519999999
170.3453359999999
170.48967799999988
170.6437049999999
170.7885839999999
170.9300539999999
171.0623589999999
171.19695599999991
171.3284409999999
171.4591069999999
171.5961539999999
171.7219809999999
171.85381899999987
171.99183899999989
172.13567399999988
172.26349999999988
172.39583099999987
172.52409899999986
172.65284099999985
172.78497499999986
172.92544999999987
173.06695399999987
173.21184799999986
173.35473299999987
173.51210199999986
173.65741999999986
173.80452399999987
173.95648099999988
174.10272299999988
174.26214899999988
174.4119339999999
174.5579489999999
174.71010699999988
174.85169899999988
175.02958799999988
175.18989499999986
175.32795999999988
175.4657779999999
175.6146079999999
175.7501349999999
175.8952049999999
176.0328449999999
176.1624339999999
176.3086579999999
176.45419499999988
176.5984649999999
176.7428389999999
176.9040159999999
177.0464259999999
177.20687299999992
177.34691299999992
177.50033699999992
177.64142199999992
177.7886349999999
177.93197199999992
178.0705519999999
178.2162859999999
178.3568449999999
178.4949699999999
178.63703099999992
178.76880799999992
178.89529399999992
179.02815199999992
179.1630949999999
179.29460999999992
179.4163939999999
179.55173399999993
179.68844299999992
179.81044699999993
179.93083999999993
180.05627299999992
180.1764489999999
180.2945419999999
180.4138679999999
180.5418019999999
180.6688069999999
180.8059429999999
180.9205949999999
181.04430699999992
181.1648299999999
181.2846559999999
181.4120999999999
181.5351559999999
181.6548369999999
181.7725109999999
181.8970679999999
182.0202259999999
182.1460469999999
182.2729779999999
182.3976569999999
182.5226109999999
182.6652179999999
182.7956199999999
182.9438809999999
183.1057489999999
183.2505569999999
183.3854379999999
183.5239159999999
183.6590149999999
183.8143659999999
183.9837499999999
184.1175409999999
184.2700909999999
184.4107559999999
184.55488999999992
184.70784899999992
184.84175599999992
184.97479499999992
185.1244079999999
185.2604529999999
185.4177999999999
185.58046699999989
185.73081899999988
185.88672299999988
186.0362469999999
186.1766989999999
186.3188489999999
186.47007199999987
186.61588599999988
186.75982999999988
186.90902399999987
187.05619399999986
187.20195099999987
187.35370199999986
187.49488299999985
187.64148799999984
187.78322399999985
187.93496899999985
188.08402299999986
188.25518199999985
188.40561899999986
188.55252999999985
188.69660299999984
188.84172099999984
188.99223199999983
189.14111699999984
189.28856199999984
189.43418299999985
189.58386699999986
189.74977899999985
189.89637899999985
190.06828999999985
190.24380599999984
190.41903299999984
190.59981699999983
190.77240099999983
190.93530899999982
191.08843799999983
191.25008799999983
191.41140099999984
191.57257899999985
191.75020799999984
191.91093199999983
192.06860099999983
192.22042199999984
192.38134299999984
192.53646599999985
192.68709799999985
192.84002399999986
192.99285899999987
193.15103599999986
193.29853999999986
193.44883199999987
193.59788899999987
193.73855699999987
193.88882599999988
194.0642869999999
194.2192539999999
194.3736449999999
194.5213699999999
194.67520599999992
194.82186499999992
194.97318099999993
195.12222299999993
195.26928099999992
195.43945499999992
195.59336399999992
195.75062899999992
195.92215099999993
196.08636699999994
196.24807699999994
196.39425899999995
196.53918399999995
196.68853199999995
196.83734599999994
196.98445099999995
197.13170899999994
197.27989499999995
197.42716999999996
197.56816699999996
197.70302199999995
197.85328099999995
197.99613799999995
198.16543899999994
198.31334399999994
198.45753299999996
198.61009799999997
198.76983199999995
198.93449799999996
199.10048699999996
199.26245399999996
199.43245599999997
199.59253499999997
199.76212899999996
199.94925699999996
200.13885899999997
200.32913699999997
200.50243399999997
200.69870199999997
200.89153099999996
201.08097199999995
201.26871399999993
201.46232599999993
201.66719799999993
201.86834199999993
202.0792509999999
202.2888189999999
202.4914079999999
202.7017559999999
202.8996939999999
203.1051229999999
203.3260049999999
203.5347389999999
203.74155799999988
203.94667899999988
204.15093499999986
204.34613199999987
204.54683699999987
204.74416899999986
204.95951399999987
205.16120099999986
205.37378699999985
205.58558499999984
205.80892299999985
206.03382099999985
206.24169599999985
206.47124499999984
206.67608999999985
206.88389799999985
207.08899299999985
207.29179799999986
207.49717899999985
207.70754599999984
207.92616499999983
208.14097699999982
208.3416309999998
208.5319109999998
208.72397899999982
208.9353379999998
209.1318019999998
209.3430449999998
209.53260799999978
209.7238989999998
209.91659299999978
210.10943999999978
210.30305299999978
210.49549399999978
210.6748179999998
210.86036399999978
211.03905999999978
211.21260099999978
211.3868479999998
211.56825899999978
211.75294899999977
211.94417099999978
212.12416399999978
212.2998169999998
212.47844999999978
212.6591579999998
212.8290619999998
213.0111989999998
213.1929169999998
213.3730789999998
213.5605639999998
213.7320159999998
213.9038769999998
214.0918909999998
214.26853499999982
214.45620999999983
214.63790299999982
214.81714399999981
215.00616299999982
215.20282099999983
215.37746599999983
215.58606399999982
215.7733209999998
215.9591379999998
216.15259799999978
216.34148699999977
216.52699599999977
216.71405799999977
216.90082999999976
217.08924699999974
217.26938899999973
217.45715099999973
217.63796099999973
217.81885299999973
217.99966499999974
218.17423799999975
218.35116099999973
218.52661599999973
218.69626699999972
218.8726729999997
219.0548949999997
219.2373759999997
219.4258809999997
219.6239919999997
219.8100829999997
219.99495499999972
220.18327599999972
220.36540499999973
220.56240399999973
220.74338199999974
220.91846399999974
221.10010399999973
221.29587499999974
221.48615299999975
221.68490899999975
221.87602699999974
222.06260699999973
222.25304799999972
222.46144399999972
222.6495309999997
222.83360499999972
223.02127599999972
223.20505599999973
223.39819499999973
223.59066999999973
223.78433899999973
223.97329799999974
224.17292999999975
224.35879299999976
224.54972299999977
224.73576599999978
224.9262149999998
225.1125509999998
225.2930069999998
225.4741539999998
225.6551549999998
225.8503679999998
226.0362179999998
226.21227399999978
226.39005099999977
226.56129699999977
226.73722999999976
226.91923999999975
227.10022299999974
227.27874899999975
227.46072999999976
227.64594799999975
227.85261199999974
228.05307999999974
228.23414199999974
228.40178099999974
228.57451899999975
228.75294099999977
228.92877199999975
229.09942299999975
229.26560099999975
229.42502199999976
229.59395399999977
229.77243399999978
229.95590399999978
230.1375799999998
230.3177259999998
230.4991979999998
230.6806519999998
230.8601739999998
231.0401199999998
231.2278159999998
231.4059729999998
231.58749799999978
231.77961699999977
231.95877699999977
232.13844699999976
232.30915099999976
232.49784599999975
232.67319499999977
232.86030299999976
233.04811599999977
233.23915199999976
233.42578599999976
233.61635299999975
233.80333599999975
233.99542499999976
234.18728099999976
234.37456599999976
234.57410299999975
234.77200799999974
234.97260599999976
235.18039899999977
235.38121299999978
235.58131499999976
235.78254999999976
235.99491999999975
236.19162099999974
236.37962299999975
236.56969899999976
236.76183999999975
236.95337499999974
237.14920799999973
237.35215399999973
237.55199699999972
237.75374899999971
237.9399689999997
238.1384569999997
238.3279019999997
238.5120619999997
238.6911849999997
238.8827239999997
239.07009599999972
239.26781499999973
239.45422399999973
239.6340069999997
239.8167699999997
239.99985399999971
240.1867629999997
240.3911649999997
240.57434399999968
240.75101499999968
240.9553739999997
241.1380069999997
241.31781299999972
241.5026579999997
241.66192399999971
241.82492599999972
241.99322299999972
242.16567799999973
242.33489599999973
242.52068999999972
242.70328799999973
242.88839299999972
243.07048899999972
243.2421439999997
243.4081899999997
243.58296499999972
243.75822399999973
243.91678399999972
244.07802099999972
244.2458359999997
244.4103959999997
244.5771159999997
244.7411949999997
244.91115899999969
245.08079799999967
245.26193799999967
245.43567699999969
245.6069189999997
245.78361499999968
245.9628489999997
246.1414679999997
246.30680799999968
246.48056799999966
246.65298399999966
246.82315499999967
246.98011899999966
247.14277699999965
247.30235799999966
247.46528799999965
247.63384899999966
247.79975299999967
247.97017999999966
248.13324399999965
248.29158999999964
248.46666099999965
248.64061799999965
248.80676099999965
248.97628199999966
249.13955999999965
249.31112799999966
249.48748899999964
249.66423099999963
249.83124399999963
249.99655499999963
250.16514099999964
250.33745699999963
250.50332199999963
250.67078499999963
250.83716399999963
250.99801999999963
251.16757299999963
251.33148199999962
251.49783799999963
251.65735299999963
251.82354399999963
251.97675499999963
252.13540099999963
252.29181199999962
252.44619099999963
252.59417399999964
252.76530199999965
252.91991099999964
253.07779799999963
253.23088799999962
253.38700199999963
253.55315999999962
253.70046699999963
253.88513399999962
254.0643869999996
254.2241869999996
254.4000609999996
254.5615519999996
254.71148399999961
254.87204399999962
255.03008099999963
255.19433799999962
255.3776759999996
255.5496549999996
255.7146929999996
255.87110699999963
256.03830799999963
256.20116999999965
256.3670649999996
256.5289089999996
256.7045359999996
256.87649599999963
257.05728199999965
257.23973599999965
257.42384199999964
257.6049079999996
257.78027099999963
257.9691939999996
258.1472899999996
258.3324149999996
258.5178469999996
258.6967529999996
258.8779549999996
259.0706979999996
259.2533039999996
259.4434389999996
259.63768699999963
259.8275819999996
260.00959999999964
260.20655599999964
260.4027529999996
260.5884939999996
260.78846099999964
260.96899499999967
261.1568479999997
261.35041199999966
261.5403559999997
261.7366759999997
261.9324789999997
262.1216469999997
262.3157689999997
262.5065019999997
262.7112509999997
262.9438299999997
263.13080199999973
263.30938399999974
263.49181599999974
263.67560599999973
263.86029199999973
264.04130099999975
264.21880899999974
264.40506799999974
264.60459499999973
264.79595899999975
264.99116899999973
265.1794599999997
265.3666879999997
265.53902699999975
265.71838099999974
265.8888019999997
266.06373199999973
266.23601299999973
266.4031189999997
266.5690819999997
266.7355569999997
266.8878499999997
267.0417929999997
267.1961059999997
267.3550269999997
267.5025509999997
267.6535679999997
267.7968259999997
267.93924399999975
268.08309099999974
268.2191509999997
268.3719609999997
268.50555199999974
268.63209499999977
268.7789529999998
268.9203619999998
269.0524289999998
269.1754719999998
269.30392599999976
269.43390899999974
269.5646829999997
269.68985599999974
269.81784399999975
269.93932499999977
270.0742449999998
270.2172149999998
270.3517839999998
270.49163099999976
270.63446199999976
270.78040799999974
270.93111699999974
271.06983099999974
271.1995429999997
271.3295949999997
271.4578579999997
271.5907809999997
271.7262209999997
271.86951999999974
271.99687599999976
272.12591599999973
272.26531999999975
272.3944939999997
272.5234439999997
272.6579389999997
272.7842509999997
272.9103769999997
273.0327709999997
273.1598869999997
273.2848469999997
273.41707699999967
273.54037299999965
273.6674069999996
273.78544599999964
273.9063819999996
274.02889599999963
274.16105699999963
274.2818929999996
274.4061779999996
274.53994999999964
274.6795659999996
274.8127389999996
274.9297549999996
275.0593699999996
275.18456199999963
275.32015799999965
275.45896699999963
275.5974819999996
275.72904499999964
275.85094399999963
275.98255799999964
276.1063289999996
276.24399799999964
276.3689389999996
276.4950519999996
276.6194239999996
276.7466439999996
276.8705909999996
277.01237499999957
277.1354049999996
277.27115499999957
277.41318099999955
277.54021099999954
277.6786149999995
277.82152899999954
277.93902099999957
278.06159499999956
278.19370799999956
278.31277099999954
278.43788399999954
278.57035399999955
278.71179299999955
278.84793299999956
278.98934299999956
279.13954499999954
279.28503599999954
279.43124499999954
279.5715399999995
279.7103739999995
279.8470769999995
279.9722669999995
280.11970099999945
280.25232799999947
280.39143299999944
280.51120199999946
280.6350459999995
280.7773759999995
280.9108159999995
281.0428599999995
281.1837419999995
281.31001099999946
281.43911899999944
281.56342299999943
281.7141879999994
281.85516499999943
281.99698099999944
282.12152599999945
282.24591199999946
282.37137099999944
282.50305599999945
282.6456519999995
282.7846249999995
282.9242669999995
283.06870799999945
283.20509199999947
283.3603439999995
283.5109329999995
283.65382299999953
283.79627099999954
283.9459759999995
284.0916889999995
284.23714799999954
284.3863769999995
284.53012899999953
284.67050799999953
284.8215609999995
284.9819359999995
285.1453029999995
285.3257599999995
285.4904269999995
285.6502919999995
285.82598399999955
285.9978239999995
286.1611049999995
286.31955299999953
286.4759909999995
286.6324919999995
286.8020389999995
286.96118999999953
287.1217909999995
287.28413399999954
287.43984699999953
287.5930609999995
287.7573129999995
287.9134859999995
288.0625109999995
288.2315449999995
288.39965599999954
288.55963499999956
288.73759199999955
288.89526199999955
289.05004899999955
289.20753299999956
289.36837999999955
289.52295799999956
289.68583499999954
289.8373229999995
289.9881279999995
290.1415099999995
290.2944389999995
290.4451729999995
290.5964869999995
290.7435799999995
290.8968869999995
291.0471389999995
291.1984649999995
291.3522569999995
291.5094929999995
291.6761819999995
291.82839199999955
291.97540599999957
292.13636299999956
292.29180099999957
292.44834199999957
292.6022879999996
292.7448779999996
292.8933339999996
293.04002499999956
293.18376299999954
293.3271429999995
293.4831749999995
293.6406289999995
293.7953479999995
293.95664899999946
294.10582499999947
294.25415899999945
294.4056899999994
294.57393499999944
294.73128199999945
294.88668199999944
295.03444799999943
295.1808859999994
295.3297049999994
295.4772289999994
295.6225539999994
295.7696619999994
295.91050599999943
296.0450369999994
296.1802229999994
296.3326639999994
296.4812719999994
296.62574199999943
296.7677959999994
296.9031839999994
297.0429199999994
297.1815409999994
297.3169059999994
297.44450499999937
297.58718399999935
297.73663699999935
297.8895869999993
298.02189299999935
298.15792399999935
298.28971999999936
298.41202599999934
298.5586489999993
298.6915769999993
298.81913699999933
298.94618599999933
299.07757599999934
299.21087999999935
299.36274299999934
299.4929289999993
299.6220729999993
299.7717739999993
299.90435399999933
300.0451909999993
300.1810419999993
300.3136839999993
300.44337599999926
300.57226999999926
300.70770299999924
300.82952499999925
300.95580899999925
301.0802549999992
301.2020219999992
301.3195889999992
301.4385979999992
301.5599119999992
301.6823589999992
301.82302699999923
301.9456939999992
302.0657269999992
302.1880449999992
302.3101569999992
302.42924999999923
302.56552099999925
302.68914299999926
302.80667299999925
302.9288939999993
303.0580269999993
303.1856969999993
303.3331929999993
303.45746199999934
303.5909779999993
303.72234799999933
303.8521969999993
303.9737809999993
304.10088499999927
304.2308269999993
304.3542479999993
304.4728229999993
304.5978749999993
304.7263129999993
304.8467729999993
304.9677609999993
305.0937329999993
305.21327399999933
305.3316559999993
305.4543429999993
305.5793179999993
305.72277199999934
305.85913899999935
305.99024699999933
306.11695099999935
306.24963499999933
306.37562199999934
306.5081749999993
306.6400419999993
306.7727849999993
306.9012829999993
307.0286529999993
307.1545689999993
307.2852419999993
307.4136099999993
307.5405689999993
307.66547499999933
307.78724699999935
307.89720999999935
308.00753299999934
308.12009599999936
308.23130499999934
308.34994499999937
308.4549899999994
308.5627879999994
308.6649259999994
308.7680369999994
308.86857699999945
308.96929099999943
309.06927099999945
309.17385199999944
309.27353999999946
309.38170699999944
309.4823109999994
309.5924739999994
309.7079939999994
309.81573799999944
309.91963599999946
310.03624899999943
310.13893699999943
310.2305729999994
310.34518299999945
310.44479299999944
310.54196399999944
310.64827299999945
310.75251799999944
310.85862299999945
310.97031599999946
311.07859799999943
311.1853229999994
311.3065429999994
311.4295539999994
311.54119999999944
311.65393199999943
311.7660339999994
311.8917339999994
311.9915419999994
312.1044819999994
312.2161929999994
312.3245149999994
312.42836099999937
312.54677199999935
312.65801099999936
312.77632299999937
312.89122399999934
313.0057209999993
313.1284249999993
313.2441009999993
313.3640099999993
313.4766519999993
313.5911019999993
313.7048089999993
313.82011199999926
313.94551799999925
314.06500299999925
314.1853529999992
314.3160729999992
314.43915199999924
314.55564399999923
314.67552899999924
314.78960199999926
314.92951599999924
315.05984899999925
315.19025099999925
315.31207599999925
315.4246389999993
315.5458709999993
315.66223499999927
315.78716899999927
315.90994899999924
316.03365599999927
316.1591459999993
316.2774369999993
316.3946449999993
316.50990299999927
316.63160199999925
316.75655599999925
316.88128899999924
317.0093379999992
317.14002599999924
317.27043299999923
317.3935449999992
317.5230069999992
317.6520339999992
317.79778699999923
317.92833699999926
318.0913529999993
318.2305199999993
318.3598799999993
318.4927939999993
318.6261949999993
318.7558629999993
318.8920029999993
319.0246859999993
319.1540439999993
319.2850579999993
319.4176969999993
319.5485539999993
319.68398499999927
319.83199999999925
319.96636499999926
320.0894669999993
320.2170949999993
320.3555259999993
320.4804859999993
320.6033969999993
320.73504899999926
320.8598589999993
320.9874389999993
321.1148919999993
321.2467119999993
321.3795279999993
321.5116759999993
321.64087199999926
321.77276499999925
321.89654799999926
322.02164899999923
322.14894299999924
322.28291599999926
322.4122549999993
322.5519299999993
322.6698059999993
322.7864749999993
322.9097029999993
323.0316939999993
323.16286899999926
323.2909469999993
323.4181699999993
323.5512479999993
323.6762999999993
323.80997599999927
323.9339789999993
324.0515729999993
324.17093199999925
324.2879279999992
324.4136989999992
324.5386559999992
324.6675919999992
324.7918449999992
324.93228399999924
325.0599499999992
325.1840269999992
325.30400099999923
325.42779999999925
325.54652099999925
325.6622519999992
325.78167999999926
325.90438599999925
326.02062599999925
326.14636699999926
326.28973799999926
326.41826899999927
326.5587729999993
326.6840269999993
326.8113899999993
326.93835899999925
327.06249699999927
327.1856039999993
327.3175959999993
327.4478639999993
327.5704859999993
327.69589799999926
327.82209599999925
327.94492999999926
328.06639399999926
328.1848319999993
328.3089579999993
328.4421109999993
328.5554689999993
328.6796029999993
328.7931809999993
328.90725799999933
329.0344659999993
329.15623899999935
329.27794499999936
329.40478899999937
329.5262509999994
329.6445559999994
329.7655839999994
329.8911129999994
330.0108209999994
330.1220759999994
330.2567139999994
330.3695629999994
330.4799269999994
330.5977419999994
330.7126739999994
330.8314219999994
330.9589899999994
331.0853989999994
331.2026589999994
331.3269029999994
331.4486889999994
331.5727649999994
331.6948129999994
331.8188709999994
331.94283799999937
332.06845599999934
332.1896589999993
332.31221699999935
332.44686799999937
332.5788879999994
332.7354509999994
332.8683139999994
332.9999739999994
333.1336659999994
333.26675699999936
333.39907699999935
333.53812499999935
333.67186199999935
333.80408499999936
333.93897199999935
334.09763899999933
334.2455019999993
334.3876689999993
334.53237899999925
334.68048599999923
334.82815899999923
334.97535799999923
335.1303119999992
335.2794509999992
335.4225919999992
335.5631149999992
335.7151059999992
335.8862419999992
336.0419049999992
336.2046589999992
336.3722779999992
336.5432009999992
336.7027139999992
336.8601179999992
337.0182529999992
337.17584599999924
337.33200499999924
337.48185199999926
337.65150299999925
337.82497399999926
337.99531799999926
338.1639849999993
338.3353819999993
338.4987799999993
338.67588499999925
338.85441199999923
339.0303229999992
339.19892399999924
339.36870299999924
339.54269899999923
339.7106669999992
339.8959679999992
340.0708989999992
340.2525839999992
340.41718099999923
340.59129699999926
340.75185399999924
340.92257099999927
341.08994599999926
341.2546309999993
341.4170849999993
341.5738839999993
341.7271769999993
341.8906479999993
342.0501679999993
342.2146839999993
342.3916289999993
342.5691559999993
342.7535869999993
342.9293129999993
343.0965139999993
343.26996699999927
343.4387329999993
343.60509999999925
343.78647999999924
343.95530499999927
344.1271119999993
344.28690299999926
344.45439699999923
344.6174269999992
344.7784549999992
344.9424929999992
345.10384399999924
345.2660939999992
345.42951899999923
345.5890159999992
345.7555529999992
345.93654399999923
346.1052979999992
346.2755109999992
346.4407179999992
346.6163109999992
346.7830609999992
346.96701099999916
347.1321659999992
347.30499599999916
347.47473799999915
347.63933699999916
347.82308699999913
347.9931479999991
348.15287999999913
348.3178539999991
348.4774959999991
348.63657499999914
348.8127349999991
348.98847999999913
349.17410099999915
349.34235599999914
349.52541299999916
349.70751599999915
349.87632499999916
350.04527499999915
350.20998999999915
350.38341199999917
350.5482579999992
350.7121309999992
350.8702009999992
351.04325999999924
351.20266399999923
351.3675409999992
351.5286119999992
351.6895199999992
351.8566259999992
352.0235329999992
352.1878679999992
352.3445269999992
352.5100229999992
352.6880159999992
352.8471579999992
353.0149259999992
353.1764459999992
353.3338529999992
353.5130189999992
353.6665229999992
353.8323879999992
354.0031409999992
354.1653539999992
354.3410009999992
354.5301599999992
354.7066969999992
354.88259899999923
355.05687899999924
355.22929799999923
355.4075059999992
355.57872099999923
355.7513229999992
355.9187479999992
356.0849409999992
356.2644309999992
356.4422309999992
356.6217119999992
356.7947679999992
356.9579689999992
357.1159339999992
357.2823839999992
357.44233499999916
357.59969699999914
357.77216999999916
357.93971999999917
358.1091779999992
358.27158299999917
358.4472839999992
358.62085499999915
358.7856529999992
358.9493729999992
359.1224369999992
359.2885719999992
359.4589829999992
359.6404439999992
359.8129859999992
359.9850239999992
360.14860399999924
360.32218199999926
360.4956459999993
360.6683119999993
360.85421599999927
361.0441429999993
361.2102349999993
361.4285549999993
361.5952279999993
361.7708339999993
361.9397829999993
362.1190669999993
362.29045499999927
362.46765399999924
362.64091999999926
