0.04673
0.182672
0.331823
0.485167
0.633598
0.7717959999999999
0.914966
1.048884
1.191789
1.340206
1.479617
1.6255739999999999
1.7667
1.936207
2.089558
2.2298329999999997
2.3730189999999998
2.5219859999999996
2.675092
2.8249069999999996
2.9698759999999997
3.1309319999999996
3.2799809999999994
3.4381289999999995
3.5863899999999997
3.7545819999999996
3.900714
4.044333
4.185876
4.330484
4.473523
4.615096
4.760868
4.907083
5.055052
5.22189
5.366319
5.513808
5.651676
5.790978
5.9285499999999995
6.068929
6.214994
6.362001
6.517729
6.66937
6.826816
6.981329
7.130844
7.288425
7.451194
7.603614
7.761133
7.912431
8.059482
8.21064
8.365306
8.510719
8.657164999999999
8.804229999999999
8.949547999999998
9.121420999999998
9.287766999999999
9.455901999999998
9.618861999999998
9.785450999999998
9.938118999999999
10.092716
10.248498999999999
10.406643999999998
10.569330999999998
10.735918999999999
10.91101
11.073549
11.241103
11.401354000000001
11.569489
11.744438
11.912225000000001
12.071329
12.226262
12.381472
12.545222
12.71495
12.882318
13.04693
13.204031
13.358544
13.542163
13.699642
13.856250000000001
14.019216000000002
14.178927000000002
14.342800000000002
14.509501000000002
14.677379000000002
14.836797000000002
15.003983000000002
15.162942000000001
15.321359000000001
15.482625
15.649270000000001
15.818004000000002
15.993085000000002
16.161274000000002
16.328912000000003
16.489351000000003
16.655148000000004
16.825176000000003
16.991032000000004
17.150133000000004
17.314764000000004
17.500177000000004
17.667377000000005
17.834203000000006
18.005640000000007
18.179789000000007
18.345847000000006
18.516517000000007
18.695567000000008
18.875172000000006
19.052595000000007
19.24027300000001
19.41278500000001
19.58191600000001
19.762585000000012
19.929784000000012
20.109836000000012
20.276756000000013
20.446309000000014
20.623931000000013
20.80063600000001
20.973939000000012
21.15368900000001
21.33401800000001
21.509758000000012
21.68356800000001
21.86097500000001
22.032402000000012
22.21335600000001
22.388477000000012
22.56855200000001
22.75887800000001
22.95727400000001
23.143650000000008
23.34503700000001
23.530010000000008
23.722783000000007
23.915284000000007
24.113447000000008
24.307517000000008
24.49414700000001
24.679928000000007
24.870701000000007
25.069140000000008
25.25657600000001
25.44741100000001
25.64158400000001
25.83610700000001
26.02104900000001
26.213736000000008
26.41665400000001
26.60381700000001
26.79607700000001
26.986194000000012
27.176895000000012
27.369338000000013
27.574755000000014
27.773393000000013
27.974883000000013
28.16866800000001
28.36256800000001
28.557400000000012
28.75294500000001
28.950389000000012
29.14859200000001
29.347539000000012
29.53479900000001
29.73843200000001
29.923701000000012
30.115048000000012
30.31755700000001
30.50912100000001
30.69598100000001
30.88313500000001
31.07584300000001
31.26928200000001
31.46003300000001
31.65488800000001
31.85493900000001
32.04473000000001
32.24291100000001
32.434292000000006
32.626765000000006
32.817257000000005
33.010327000000004
33.20091600000001
33.39403500000001
33.59337200000001
33.78679300000001
33.98028500000001
34.17626200000001
34.37182400000001
34.56731900000001
34.75848000000001
34.952086000000016
35.14683700000001
35.33923100000001
35.544167000000016
35.744303000000016
35.946691000000015
36.14101400000001
36.337539000000014
36.527377000000016
36.727015000000016
36.91656600000002
37.11592700000002
37.31308800000002
37.50641400000002
37.69314600000002
37.89474100000002
38.08822400000002
38.28341200000002
38.47632700000002
38.66427500000002
38.85420800000002
39.052162000000024
39.246568000000025
39.434181000000024
39.633697000000026
39.83140900000003
40.03607300000003
40.23885600000003
40.42543000000003
40.615483000000026
40.802390000000024
40.989087000000026
41.17962500000002
41.368126000000025
41.559422000000026
41.75481300000003
41.94447700000003
42.129887000000025
42.317835000000024
42.516640000000024
42.709642000000024
42.90587900000003
43.09586900000003
43.28525600000003
43.478085000000036
43.67682200000004
43.869343000000036
44.06574600000003
44.262735000000035
44.45959600000003
44.660877000000035
44.85454200000004
45.04871200000004
45.24859800000004
45.450806000000036
45.65032800000004
45.84461500000004
46.05039900000004
46.24154300000004
46.42827800000004
46.61832300000004
46.80968300000004
47.006962000000044
47.20163400000004
47.40568400000004
47.605448000000045
47.79189900000004
47.983839000000046
48.17585700000004
48.371596000000046
48.56827300000005
48.76371400000005
48.96048600000005
49.15164300000005
49.35234500000005
49.54674600000005
49.739586000000045
49.93996300000005
50.136979000000046
50.32424400000004
50.52324600000004
50.72420100000004
50.92354400000004
51.11999700000004
51.30941600000004
51.50017800000004
51.69816200000004
51.89081000000004
52.09162400000004
52.28977000000004
52.48588200000004
52.71260200000004
52.910702000000036
53.114658000000034
53.314436000000036
53.51276700000004
53.71241800000004
53.90636400000004
54.10921300000004
54.30466400000004
54.49945900000004
54.693058000000036
54.89126900000004
55.082032000000034
55.27591800000003
55.472020000000036
55.67586800000004
55.865617000000036
56.063573000000034
56.269109000000036
56.466093000000036
56.66735200000004
56.86612800000004
57.06524700000004
57.26034100000004
57.45411400000004
57.66249200000004
57.86388900000004
58.06326600000004
58.27619100000004
58.47198500000004
58.66023600000004
58.84621000000004
59.044890000000045
59.23916500000004
59.43662600000004
59.62822000000004
59.820281000000044
60.01370400000005
60.21488600000005
60.40209700000005
60.59071400000005
60.80178900000005
60.98906400000005
61.19217700000005
61.38928600000005
61.582680000000046
61.788668000000044
61.995068000000046
62.192303000000045
62.380819000000045
62.582793000000045
62.77430200000005
62.96940300000005
63.17080600000005
63.37072700000005
63.569677000000056
63.77409200000005
63.96997000000005
64.17572500000006
64.36939700000006
64.56894500000006
64.77028800000005
64.96502800000005
65.15738000000005
65.35060800000005
65.54029800000005
65.74993700000005
65.94013500000004
66.14122700000004
66.33407300000005
66.52589500000005
66.72508000000005
66.92166100000004
67.12456600000004
67.31994400000005
67.52180900000005
67.71146600000004
67.90252400000004
68.10501400000004
68.30313400000004
68.49932500000004
68.69236000000004
68.88230500000003
69.07401300000004
69.26956800000004
69.46376100000003
69.66839400000003
69.86387000000003
70.06868400000003
70.27083000000003
70.46329600000003
70.65116400000002
70.84175800000003
71.04525200000003
71.23898600000004
71.42993100000004
71.63106500000004
71.82262800000004
72.01594700000004
72.21129800000004
72.40652300000004
72.59680300000004
72.79483900000004
72.99185100000004
73.18716800000004
73.37923800000004
73.57485500000004
73.76202500000004
73.95364400000004
74.14725300000003
74.33966200000003
74.53375000000003
74.72354800000002
74.91158200000002
75.10233200000002
75.29457300000001
75.48504500000001
75.67492400000002
75.86486100000002
76.05651900000002
76.24700500000003
76.44217000000003
76.63243500000003
76.82215500000002
77.01300600000002
77.20576600000003
77.39979500000003
77.59518000000003
77.78567600000002
77.98081200000003
78.17517000000002
78.36767700000003
78.57023700000003
78.77227000000003
78.96825700000004
79.16606400000003
79.35715200000003
79.55558300000003
79.74902600000003
79.94101000000003
80.12886700000003
80.32183900000003
80.51581200000003
80.70908100000003
80.89880200000003
81.09509100000002
81.28161300000002
81.46933100000003
81.67194600000002
81.87225400000003
82.06257500000002
82.26303000000003
82.46135700000004
82.65305800000003
82.84057200000002
83.03603600000002
83.23941600000002
83.43648700000001
83.62719500000001
83.83383800000001
84.03435700000001
84.23466400000001
84.42609900000001
84.61932800000001
84.819275
85.015899
85.219859
85.416172
85.611667
85.80307599999999
85.98975699999998
86.18217399999999
86.38927199999999
86.59074799999999
86.79670999999999
87.006846
87.209054
87.404376
87.595051
87.7824
87.97439
88.173774
88.373905
88.56867199999999
88.763751
88.959403
89.158766
89.343223
89.54099199999999
89.731017
89.93508299999999
90.12875899999999
90.32511099999999
90.526939
90.72234399999999
90.92126599999999
91.118602
91.31185699999999
91.51507999999998
91.71619099999998
91.91763399999998
92.11203899999998
92.30528499999998
92.49618899999999
92.687317
92.877912
93.068045
93.256204
93.44036899999999
93.62894399999999
93.82336099999999
94.01427399999999
94.21108199999999
94.40046399999999
94.59524499999999
94.792932
94.98677799999999
95.17650799999998
95.36721299999998
95.56197899999998
95.75490899999998
95.95152199999998
96.14382499999998
96.32999499999998
96.51627299999998
96.70823699999998
96.89705299999999
97.08240799999999
97.26960099999998
97.45754599999998
97.65645999999998
97.84594699999998
98.04568499999998
98.23407899999998
98.43202599999998
98.62677399999998
98.81405199999999
99.00091299999998
99.20775699999999
99.40269499999998
99.59866599999998
99.79532499999998
99.99409999999997
100.18902399999997
100.39097399999997
100.58903899999997
100.77752599999997
100.97269799999997
101.17308199999997
101.36733099999996
101.56578599999996
101.76422499999995
101.96674899999995
102.16172399999995
102.35349499999995
102.54909099999995
102.74727099999994
102.96401499999995
103.15576299999995
103.35451599999995
103.54644399999995
103.73545399999995
103.93160699999994
104.12879199999995
104.32589599999994
104.53202099999994
104.72015099999994
104.92979599999994
105.11580799999994
105.30225699999994
105.48450899999995
105.67166199999994
105.85911799999994
106.04563799999994
106.23000599999995
106.42072399999995
106.59953399999995
106.79524699999995
106.98809099999994
107.17222899999994
107.35559499999995
107.54116199999996
107.73540399999996
107.93665799999997
108.13278399999997
108.32018099999998
108.51403899999998
108.70474999999998
108.90484299999997
109.09667199999997
109.29131999999997
109.50027599999997
109.69846399999997
109.90303399999998
110.10400399999997
110.30595599999998
110.50278299999998
110.69574599999999
110.89049599999998
111.08231299999998
111.28278399999998
111.48306799999997
111.69361699999997
111.89385299999998
112.08557699999997
112.27988899999997
112.47448099999997
112.67150199999998
112.86519999999997
113.05977499999997
113.25400599999998
113.44495599999998
113.64142999999997
113.84364799999997
114.02808299999997
114.21975699999997
114.43159999999997
114.63255299999997
114.82576399999998
115.01791499999997
115.20889099999998
115.40379799999998
115.59701999999999
115.79049099999999
115.991419
116.18275999999999
116.37673299999999
116.571289
116.764456
116.95597
117.146335
117.331706
117.52393599999999
117.71091399999999
117.90281699999998
118.10862399999998
118.30282299999998
118.49250199999997
118.68411599999997
118.87173299999998
119.06578899999998
119.26637799999997
119.45843599999998
119.65227499999997
119.87034799999998
120.06907399999997
120.27007099999997
120.46012099999997
120.64853899999997
120.84012099999997
121.02719899999997
121.21549699999997
121.41532399999997
121.60158599999997
121.79189799999997
121.98543199999997
122.18409599999997
122.36925099999996
122.56813299999996
122.76544099999997
122.95483399999996
123.14699799999997
123.33762099999997
123.53018899999996
123.71865099999997
123.90888299999996
124.10758299999996
124.29808099999997
124.49755299999997
124.68065299999996
124.86447999999996
125.05478999999995
125.24977299999995
125.43943399999995
125.62168899999995
125.82086499999994
126.02138899999994
126.20268199999994
126.39576699999994
126.60309999999994
126.79323699999995
126.98097999999995
127.19274399999995
127.38412399999994
127.57864099999995
127.77577699999995
127.97524799999995
128.16735699999995
128.36035499999994
128.55298999999994
128.75590599999992
128.95833299999993
129.16140499999992
129.35961999999992
129.55215799999993
129.75067699999994
129.95545099999993
130.15485399999992
130.3538849999999
130.5551859999999
130.7509419999999
130.93735499999988
131.13339999999988
131.33212499999988
131.54881899999987
131.74137799999986
131.94133099999985
132.13555899999986
132.32386099999985
132.51926099999986
132.71206999999987
132.90014299999987
133.09684099999987
133.28437699999986
133.47913799999986
133.66658599999985
133.85043299999984
134.04580199999984
134.25240099999985
134.45633599999985
134.65952899999985
134.86594499999984
135.07256499999983
135.27855499999984
135.48762199999985
135.69917799999985
135.90606799999983
136.12437899999983
136.33652199999983
136.53920199999982
136.73776599999982
136.94125299999982
137.14423099999982
137.34512899999982
137.55996899999982
137.77455799999981
137.9838299999998
138.18108799999982
138.39728199999982
138.63172499999982
138.85524399999983
139.08482899999981
139.31380999999982
139.53257999999983
139.76756399999982
139.99932699999982
140.22549699999982
140.4476069999998
140.68234799999982
140.90634499999982
141.1470169999998
141.3684259999998
141.59244999999981
141.8235859999998
142.0699809999998
142.29494199999982
142.52459699999983
142.75504199999983
142.98453999999984
143.22662099999985
143.45601599999986
143.67521899999986
143.92566199999985
144.18135799999985
144.43636399999986
144.69120099999986
144.94487699999988
145.19942199999988
145.4577169999999
145.73383499999989
145.9957169999999
146.2435179999999
146.4986949999999
146.7501579999999
147.0020269999999
147.2514329999999
147.5111349999999
147.7534849999999
148.0033859999999
148.2414159999999
148.4815729999999
148.7125139999999
148.94547899999992
149.1683419999999
149.40233999999992
149.65267599999993
149.89129199999994
150.14098599999994
150.38598399999995
150.63282199999995
150.87541099999996
151.11449599999995
151.36223599999994
151.59043899999995
151.82001399999996
152.04540999999995
152.27180599999994
152.50175499999995
152.71449399999995
152.93258299999994
153.14808699999995
153.34964099999993
153.56377999999992
153.7803739999999
153.99598099999992
154.2027089999999
154.41796799999992
154.6297169999999
154.8306919999999
155.01969699999992
155.22462199999993
155.40892299999993
155.59743399999994
155.77390499999993
155.95178099999993
156.13792499999994
156.30108699999994
156.45963399999994
156.62077499999992
156.77077899999992
156.91189399999993
157.04834499999993
157.19268399999993
157.33149699999993
157.47033699999992
157.60030099999992
157.7413459999999
157.8656129999999
157.9940619999999
158.1188009999999
158.2349889999999
158.3586679999999
158.4793719999999
158.5923959999999
158.7074909999999
158.8316439999999
158.9519529999999
159.0662569999999
159.2028019999999
159.3195629999999
159.4266239999999
159.54044899999988
159.6497529999999
159.7537129999999
159.86644499999989
159.9733379999999
160.0805199999999
160.1908829999999
160.3026259999999
160.4184509999999
160.5307639999999
160.6508399999999
160.7707379999999
160.88743699999992
160.99555699999993
161.10581999999994
161.21469499999995
161.31804399999996
161.42545399999995
161.53612699999994
161.64725699999994
161.75492299999993
161.86505699999992
161.97528199999994
162.08494299999992
162.19900699999994
162.30874999999995
162.41531099999995
162.52067099999994
162.63089399999993
162.73360099999994
162.83950899999994
162.94691199999994
163.06814799999995
163.19584499999996
163.30619599999997
163.41555099999997
163.52235299999995
163.62568899999997
163.73480399999997
163.84751799999998
163.95288899999997
164.06819799999997
164.17807099999996
164.29278199999996
164.40752799999996
164.51909399999997
164.63011799999995
164.73840399999995
164.84697599999996
164.95371799999995
165.05838299999996
165.16588799999997
165.27473799999996
165.39229899999995
165.50892199999996
165.61975999999996
165.73017099999996
165.83822299999994
165.95133399999995
166.05849699999996
166.16608299999996
166.28441399999997
166.39599599999997
166.50877599999995
166.61991899999995
166.73459799999995
166.83927599999996
166.94513499999996
167.05428599999996
167.16628199999997
167.27167899999998
167.38136599999999
167.493077
167.60546
167.714801
167.83347999999998
167.95582299999998
168.08103799999998
168.19003299999997
168.30640999999997
168.41288899999998
168.521484
168.633751
168.74940999999998
168.86143099999998
168.97208799999999
169.080776
169.18648299999998
169.29721199999997
169.40905099999998
169.515899
169.620895
169.727204
169.840747
169.952676
170.066328
170.173326
170.282357
170.389683
170.496475
170.606973
170.713748
170.81753400000002
170.92952100000002
171.04263300000002
171.15202900000003
171.26630800000004
171.39694300000005
171.50185200000004
171.60820300000003
171.72001400000002
171.82431100000002
171.92760600000003
172.03822600000004
172.14480900000004
172.25163600000005
172.37019200000006
172.47811200000007
172.58945300000008
172.69545400000007
172.80321300000006
172.90575600000005
173.00946100000004
173.11873600000004
173.22751600000004
173.33665800000003
173.44870800000004
173.55606600000004
173.65956700000004
173.76767400000003
173.88594100000003
173.99516500000004
174.10953500000005
174.22403300000005
174.32541200000006
174.42826400000007
174.53080000000006
174.63439300000005
174.74855700000003
174.85119700000004
174.96146300000004
175.05866600000004
175.15726900000004
175.25508900000005
175.35321300000007
175.45100800000006
175.55456700000005
175.65761800000004
175.75077800000005
175.85110000000006
175.94968400000005
176.05828900000006
176.15332900000007
176.26289700000007
176.35984300000007
176.45936200000006
176.55296100000007
176.65018800000007
176.73951700000006
176.83436100000006
176.93673600000005
177.04692100000005
177.15497100000005
177.26082100000005
177.36674500000004
177.47006500000003
177.57322600000003
177.67420400000003
177.78273500000003
177.88288900000003
177.98577600000004
178.08387400000004
178.18299700000003
178.28142800000003
178.38699600000004
178.48920300000003
178.60322100000002
178.70399700000002
178.79918
178.902925
179.00498900000002
179.10296800000003
179.20174600000004
179.30897600000003
179.40396300000003
179.51226600000004
179.61384700000005
179.71834300000006
179.82108200000008
179.92640700000007
180.03407000000007
180.13773600000007
180.24308000000008
180.3508750000001
180.4642300000001
180.5625360000001
180.6645610000001
180.77040900000011
180.8832290000001
180.99852400000012
181.1030830000001
181.2137800000001
181.31972700000009
181.4255330000001
181.53525800000008
181.6482300000001
181.7489890000001
181.8596410000001
181.9753280000001
182.0880910000001
182.2031260000001
182.31561800000011
182.42415700000012
182.5363730000001
182.6527540000001
182.7655240000001
182.87960200000012
182.99305800000013
183.10393300000013
183.2316170000001
183.3548080000001
183.4791230000001
183.6034480000001
183.7296070000001
183.8572900000001
183.9956150000001
184.1299490000001
184.2660360000001
184.4085960000001
184.5422750000001
184.6749180000001
184.8245740000001
184.9691300000001
185.1121740000001
185.2605000000001
185.4011120000001
185.5523000000001
185.69925400000008
185.85291500000008
186.01441000000008
186.17354100000009
186.34007400000007
186.50285200000008
186.66403100000008
186.8268400000001
186.9867360000001
187.1450990000001
187.3045830000001
187.4691990000001
187.6463180000001
187.8243750000001
188.00078000000008
188.17498200000009
188.35157700000008
188.52434400000007
188.70096200000006
188.88760000000005
189.06468600000005
189.23514700000004
189.41773900000004
189.59443000000005
189.76875500000006
189.94781700000004
190.12347700000004
190.29895000000005
190.48898500000004
190.68612600000003
190.88656300000002
191.078098
191.272897
191.46668
191.669051
191.867162
192.073351
192.26708200000002
192.46059400000001
192.65611800000002
192.85036800000003
193.04436200000004
193.24229000000003
193.43136100000004
193.62573900000004
193.82179400000004
194.01451400000005
194.20896700000006
194.40347600000007
194.59764600000008
194.83144700000008
195.03333500000008
195.22662200000008
195.42354500000008
195.61478500000007
195.81337600000006
196.00877200000005
196.20247800000004
196.40254700000006
196.59760400000005
196.79983800000005
196.98580000000004
197.17303500000003
197.36650700000004
197.55833000000004
197.75218500000005
197.94306500000005
198.13168900000005
198.32418600000005
198.51664700000006
198.70338700000005
198.89663900000005
199.09429700000004
199.28639200000003
199.49529900000005
199.68338100000005
199.88092400000005
200.06570900000006
200.25180700000004
200.44329900000005
200.63217700000004
200.82074300000005
201.00481500000004
201.20226800000003
201.39125100000004
201.58330600000005
201.76988100000005
201.95736200000005
202.14591300000004
202.34104200000004
202.53289900000004
202.72295000000005
202.91821100000004
203.11182000000005
203.30036200000006
203.49529500000006
203.68568800000006
203.87778600000004
204.06816200000003
204.26255000000003
204.47084800000005
204.66408600000005
204.86186300000006
205.06320800000006
205.25270400000005
205.45937600000005
205.65480000000005
205.84965600000004
206.04962100000003
206.24533400000004
206.43785200000005
206.62942300000006
206.81871900000007
207.01851500000006
207.20807700000006
207.39981600000007
207.59499900000006
207.78606900000005
207.97818700000005
208.17556600000006
208.38441900000007
208.58189600000006
208.77377800000005
208.97080900000006
209.16904800000006
209.36266400000005
209.56345200000004
209.75419000000005
209.94820400000006
210.14656400000007
210.34481400000007
210.53740300000007
210.73184600000008
210.92880500000007
211.12635100000006
211.33436200000006
211.53992400000004
211.74337200000005
211.96018200000006
212.16232000000005
212.35555600000006
212.55053100000006
212.74390400000007
212.93516900000006
213.13006000000007
213.32823800000008
213.5185840000001
213.7122180000001
213.9213670000001
214.1238790000001
214.3165900000001
214.5156210000001
214.7136450000001
214.9048240000001
215.0978490000001
215.2909330000001
215.48083900000012
215.67245500000013
215.86328100000011
216.06273600000011
216.2695110000001
216.4792210000001
216.6690050000001
216.85976800000012
217.0519790000001
217.2398260000001
217.4345560000001
217.6274840000001
217.8159070000001
218.0053570000001
218.18944900000008
218.38166800000008
218.57773600000007
218.77028600000008
218.95822700000008
219.15458700000008
219.3718020000001
219.5766460000001
219.7827840000001
219.9901890000001
220.1918350000001
220.39698500000011
220.60137800000012
220.80538300000012
221.02605800000012
221.23948300000012
221.46694300000013
221.67927300000014
221.89941300000012
222.10774000000012
222.32388800000012
222.53009300000014
222.74380400000013
222.95502500000012
223.1620720000001
223.3667440000001
223.57389300000008
223.78245500000008
223.98952000000008
224.19049800000008
224.39986800000008
224.60651800000008
224.80791100000008
225.01156400000008
225.20922900000008
225.42591800000008
225.64615300000008
225.87310000000008
226.09034400000007
226.32085000000006
226.54689500000006
226.77848100000006
227.00060900000005
227.22812700000006
227.44402000000005
227.66597300000006
227.88086800000008
228.10119400000008
228.32696100000007
228.55442000000008
228.77563600000008
228.99676900000009
229.2150070000001
229.4260280000001
229.6387870000001
229.8548140000001
230.0880970000001
230.30251700000008
230.51398700000007
230.72637200000008
230.93867500000007
231.1458470000001
231.36208000000008
231.57019100000008
231.7745940000001
231.9858530000001
232.1863210000001
232.39135500000012
232.6011350000001
232.80188100000012
233.00888700000013
233.20165100000014
233.40537800000013
233.60276100000013
233.79914900000014
234.00001700000016
234.22595700000016
234.44427900000017
234.66539200000017
234.88288700000018
235.11198800000017
235.33687000000018
235.56096700000018
235.78362100000018
236.0075550000002
236.2530810000002
236.4786440000002
236.7106800000002
236.9248560000002
237.1470860000002
237.3667840000002
237.5781290000002
237.80253400000018
238.01900000000018
238.2369680000002
238.4460140000002
238.66398000000018
238.8683730000002
239.0804040000002
239.29771600000018
239.51380100000017
239.73189000000016
239.94348800000017
240.15447500000016
240.35885100000016
240.57260300000016
240.78652900000014
241.01271300000013
241.23049300000014
241.44132400000015
241.66026900000014
241.87150200000013
242.07782500000013
242.29058200000014
242.50324900000015
242.70996100000016
242.93027700000016
243.14779500000017
243.35028000000017
243.55584500000018
243.76090300000018
243.9726700000002
244.1749930000002
244.3806190000002
244.5805840000002
244.7836700000002
244.9885610000002
245.1923940000002
245.4066650000002
245.6116510000002
245.8209980000002
246.0211140000002
246.22911000000022
246.43514100000021
246.63804700000023
246.84774400000023
247.05718400000023
247.26605000000023
247.46397100000024
247.67615100000023
247.87964200000025
248.08507600000024
248.29089800000025
248.50810500000026
248.71965800000027
248.92891000000026
249.14045900000025
249.35048700000024
249.56238200000024
249.77339100000023
249.98232400000023
250.18285900000024
250.39743100000024
250.60017500000023
250.80404300000023
251.01115200000024
251.21505600000023
251.41855700000022
251.62593800000022
251.82930000000022
252.03265800000023
252.23559100000023
252.43275100000022
252.6319070000002
252.83226100000022
253.03846600000023
253.23039000000023
253.42883500000022
253.62709800000022
253.83211400000022
254.03218400000023
254.23579800000022
254.43772600000023
254.63777700000023
254.83874800000024
255.05361900000023
255.27087500000022
255.4737880000002
255.67980200000022
255.87683200000023
256.07784400000025
256.27779300000026
256.4761140000003
256.6821790000003
256.87394600000033
257.0739240000003
257.2866050000003
257.4955230000003
257.7048740000003
257.9136260000003
258.1148150000003
258.32425700000033
258.52458700000034
258.7336610000003
258.93632500000035
259.14246200000036
259.34967200000034
259.55089700000036
259.77069100000034
259.98858600000034
260.20075300000036
260.4009670000004
260.5996230000004
260.8002000000004
261.0124990000004
261.2096570000004
261.4180510000004
261.6198700000004
261.8150150000004
262.0250540000004
262.2166940000004
262.4148540000004
262.6108250000004
262.81551000000036
263.01732700000036
263.2177900000004
263.4247400000004
263.62091400000037
263.82942300000036
264.02768800000035
264.23884500000037
264.44683300000037
264.64888800000034
264.84125100000034
265.04067800000036
265.24144000000035
265.44483500000035
265.64339300000034
265.8512100000003
266.0504030000003
266.2601310000003
