0.015522
0.088791
0.14657799999999999
0.20676599999999998
0.271329
0.332644
0.398628
0.46107
0.522372
0.5931249999999999
0.6527919999999999
0.7159949999999999
0.794361
0.855425
0.917334
0.986794
1.081115
1.1645560000000001
1.230015
1.309415
1.380436
1.45128
1.523644
1.594474
1.676462
1.767723
1.832379
1.905703
1.974349
2.045395
2.1342820000000002
2.193947
2.280011
2.350972
2.4219150000000003
2.490063
2.557618
2.644582
2.7218150000000003
2.792454
2.858293
2.9307320000000003
2.9971780000000003
3.0617860000000006
3.1234380000000006
3.1887820000000007
3.2601880000000008
3.320512000000001
3.386381000000001
3.460302000000001
3.5551250000000008
3.622373000000001
3.693504000000001
3.7628460000000006
3.8442550000000004
3.9118480000000004
3.9976300000000005
4.056978000000001
4.118632000000001
4.1843330000000005
4.252771000000001
4.331476000000001
4.399928000000001
4.457603000000001
4.518363000000001
4.5847560000000005
4.657384
4.719013
4.782488000000001
4.843184000000001
4.916396000000001
4.9718990000000005
5.0434280000000005
5.096443000000001
5.159222000000001
5.2181310000000005
5.289469
5.356173
5.446319
5.504517
5.616014
5.686688999999999
5.76401
5.852667
5.921884
6.002788000000001
6.062897
6.150658000000001
6.229962
6.300614
6.361765
6.458748
6.537405
6.6145249999999995
6.701066
6.7893
6.858817
6.942064
7.03597
7.117952
7.197274
7.279395
7.350281
7.42538
7.51669
7.601312999999999
7.6791529999999995
7.757139
7.83362
7.93358
8.023297
8.117064
8.212162
8.297476
8.381693
8.461331
8.544725
8.624516
8.726677
8.801619
8.875488
8.957502
9.036871
9.120254
9.195511
9.278596
9.362286000000001
9.439492000000001
9.526040000000002
9.600741000000001
9.670257000000001
9.739764000000001
9.805911000000002
9.870718000000002
9.954830000000001
10.03095
10.112714
10.194757000000001
10.255345
10.323221
10.387578
10.484805999999999
10.554556
10.619384
10.688213
10.753639999999999
10.835289999999999
10.918995999999998
10.990740999999998
11.057184999999999
11.122867
11.201445
11.282733
11.338368000000001
11.412894000000001
11.498481000000002
11.562407000000002
11.659845000000002
11.720333000000002
11.781547000000002
11.851112000000002
11.915547000000002
11.996198000000001
12.061643000000002
12.132426000000002
12.206842000000002
12.282730000000003
12.371615000000002
12.441513000000002
12.516520000000002
12.578867000000002
12.643712000000003
12.715799000000002
12.794811000000003
12.859309000000003
12.919382000000002
12.976273000000003
13.050946000000003
13.141044000000003
13.202985000000002
13.294372000000001
13.353518000000001
13.424536000000002
13.505325000000001
13.562727
13.63711
13.694329
13.764531
13.838426
13.919065
13.997330999999999
14.059584
14.125696
14.192618
14.261123999999999
14.333860999999999
14.401803
14.485728
14.54664
14.616882
14.701188
14.782662
14.871043
14.940018
15.022099
15.097521
15.168332000000001
15.242992000000001
15.324006
15.404052
15.502743
15.587086000000001
15.660755000000002
15.738132000000002
15.803404000000002
15.884910000000001
15.959488000000002
16.021699
16.082899
16.142609
16.204788
16.272529000000002
16.345787
16.403299
16.46312
16.535529
16.605215
16.665072000000002
16.735479
16.803188000000002
16.859785000000002
16.923946
16.978493
17.048839
17.131264
17.181904000000003
17.243608000000002
17.293712000000003
17.350620000000003
17.435451000000004
17.503889000000004
17.565305000000006
17.625285000000005
17.692401000000004
17.749692000000003
17.821950000000005
17.903707000000004
17.976924000000004
18.036115000000002
18.105343
18.178294
18.244709
18.297741000000002
18.347360000000002
18.404482
18.465487000000003
18.532940000000004
18.615602000000003
18.690197
18.762716
18.829575000000002
18.900826000000002
18.987781000000002
19.065215000000002
19.14234
19.230933
19.325825000000002
19.411825
19.496402
19.579514
19.656211
19.739635999999997
19.814449999999997
19.890350999999995
19.952078999999994
20.045772999999993
20.109649999999995
20.178976999999996
20.251720999999996
20.314870999999997
20.403944999999997
20.461234999999995
20.569241999999996
20.628366999999997
20.696393999999998
20.780181
20.844703
20.926541
21.013859
21.068087
21.139550999999997
21.217979999999997
21.296918999999995
21.362235999999996
21.460104999999995
21.530727999999996
21.611722999999998
21.693389999999997
21.763049999999996
21.847386999999998
21.924317999999996
21.996267999999997
22.074747
22.146033
22.220264999999998
22.312434999999997
22.403920999999997
22.499974999999996
22.577836999999995
22.652399999999997
22.738696999999995
22.816285999999995
22.877142999999993
22.95628599999999
23.025024999999992
23.10214299999999
23.196467999999992
23.26865799999999
23.33102999999999
23.39614899999999
23.47570199999999
23.547319999999992
23.624577999999993
23.706024999999993
23.786004999999992
23.871539999999992
23.938173999999993
24.003334999999993
24.065721999999994
24.136689999999994
24.206961999999994
24.282020999999993
24.349015999999992
24.430055999999993
24.501200999999995
24.567950999999994
24.644157999999994
24.720976999999994
24.782047999999993
24.876189999999994
24.944154999999995
25.018506999999996
25.084897999999995
25.170146999999996
25.239214999999998
25.312167999999996
25.369536999999998
25.434212
25.49259
25.567108
25.623055
25.682859
25.75252
25.817437
25.887310000000003
25.963918000000003
26.040883000000004
26.099770000000003
26.185383
26.263735
26.334437
26.392585
26.458934
26.517922
26.590732
26.65015
26.726239
26.795659999999998
26.867335999999998
26.934473999999998
27.030233
27.109827
27.205804999999998
27.279590999999996
27.348917999999998
27.418563
27.485885999999997
27.554912999999996
27.635506999999997
27.719655999999997
27.797817999999996
27.883660999999996
27.970411999999996
28.063203999999995
28.150841999999994
28.222016999999994
28.299328999999993
28.365921999999994
28.451772999999996
28.517670999999996
28.587659999999996
28.654859999999996
28.724668999999995
28.798013999999995
28.878600999999996
28.957176999999998
29.046898999999996
29.124324999999995
29.214511999999996
29.281425999999996
29.361013999999997
29.429774
29.521988999999998
29.603407999999998
29.69089
29.77252
29.842322
29.925226
29.989873
30.076802999999998
30.165544999999998
30.257672
30.347269999999998
30.438906999999997
30.531970999999995
30.627177999999994
30.715385999999995
30.802161999999996
30.895397999999997
30.988317999999996
31.076461999999996
31.152765999999996
31.247137999999996
31.342888999999996
31.432906999999997
31.525123999999998
31.627809999999997
31.716889
31.803655999999997
31.895394999999997
32.008705
32.102356
32.186957
32.261852
32.340615
32.407888
32.48913
32.563689000000004
32.638238
32.722759
32.809763000000004
32.897728
32.964616
33.044062
33.125538999999996
33.220619
33.316694999999996
33.38302899999999
33.45368799999999
33.55057999999999
33.61505499999999
33.68562099999999
33.752692999999994
33.823010999999994
33.89262099999999
33.972109999999994
34.063793
34.132293999999995
34.20208099999999
34.30051499999999
34.36689899999999
34.43506799999999
34.51386999999999
34.59810899999999
34.66724999999999
34.75976999999999
34.83919399999999
34.90588199999999
35.00685599999999
35.09191099999999
35.16694499999999
35.25326299999999
35.33650899999999
35.417961999999996
35.489731
35.564835
35.638405
35.712486
35.776202
35.842465
35.909012
35.978688999999996
36.062785999999996
36.12254899999999
36.18611399999999
36.27030399999999
36.33546299999999
36.39680199999999
36.456724999999985
36.52358299999999
36.58680299999999
36.64765899999999
36.74269799999999
36.80116299999999
36.867479999999986
36.93347199999999
37.01020099999999
37.09133899999999
37.16156399999999
37.23096799999999
37.29569299999999
37.36846499999999
37.43375699999999
37.49861099999999
37.57810899999999
37.661244999999994
37.747659999999996
37.831041
37.908674
37.97773
38.061897
38.141281
38.207639
38.274292
38.337868
38.409245
38.488437
38.574746999999995
38.662017999999996
38.742745
38.832901
38.898196
38.976794999999996
39.05634799999999
39.11383899999999
39.17446599999999
39.23569099999999
39.30482899999999
39.37695999999999
39.438481999999986
39.514800999999984
39.57821399999998
39.65347499999998
39.75110799999998
39.84140899999998
39.91162299999998
39.993302999999976
40.071487999999974
40.13667999999998
40.23579699999998
40.31792399999998
40.39010399999998
40.47545099999998
40.54782799999998
40.615428999999985
40.72359199999998
40.811436999999984
40.917774999999985
41.01195199999999
41.10177499999999
41.17859299999999
41.27911499999999
41.36354699999999
41.43439599999999
41.507211999999996
41.586189
41.672185999999996
41.741738
41.83155
41.915394
42.019669
42.091094
42.173437
42.268284
42.339991000000005
42.422879
42.490457
42.560159
42.649291999999996
42.730095
42.805403
42.888389
42.973015
43.04459799999999
43.114929
43.201522
43.281293
43.372719
43.467642
43.542184999999996
43.628781999999994
43.70081199999999
43.78540199999999
43.86729199999999
43.95384399999999
44.05238999999999
44.11892499999999
44.19259299999999
44.279341999999986
44.35757599999999
44.45410099999999
44.539492999999986
44.62615799999999
44.70731799999999
44.79674699999999
44.87056099999999
44.95157799999999
45.02365299999999
45.11101799999999
45.20030999999999
45.27594299999999
45.35184999999999
45.42833399999999
45.49115799999999
45.55959699999999
45.61712099999999
45.68840499999999
45.75114099999999
45.82973299999999
45.90015199999999
45.97406599999999
46.05227899999999
46.123656999999994
46.208633999999996
46.280828
46.364399
46.45001
46.520015
46.591223
46.687546
46.758947
46.832582
46.915798
47.013626
47.097895
47.177389
47.265854999999995
47.36772499999999
47.448510999999996
47.534119999999994
47.627416999999994
47.712894999999996
47.800962999999996
47.874443
47.940553
48.036638
48.099267000000005
48.171015000000004
48.236834
48.32256
48.405292
48.493175
48.562734
48.624221
48.694137
48.758472999999995
48.831205
48.909524
48.997363
49.065721
49.14009
49.219135
49.276573
49.33168
49.402614
49.487561
49.562098999999996
49.62042099999999
49.68315299999999
49.77879699999999
49.84808799999999
49.91508699999999
49.989084999999996
50.047287999999995
50.117397
50.199965999999996
50.271488
50.344041999999995
50.40238599999999
50.467572999999994
50.53822699999999
50.620431999999994
50.688098
50.745836999999995
50.81013099999999
50.86673599999999
50.93100699999999
51.00900399999999
51.06955699999999
51.14694399999999
51.22671999999999
51.306157999999996
51.389475999999995
51.465298999999995
51.537246999999994
51.600725999999995
51.66284699999999
51.744688999999994
51.82285999999999
51.884252999999994
51.95305499999999
52.03830099999999
52.09659799999999
52.16135299999999
52.23669699999999
52.30710899999999
52.37727699999999
52.43957399999999
52.50055699999999
52.587258999999996
52.658136
52.740002
52.831267
52.903760999999996
52.990269
53.06369
53.158079
53.238568
53.325664
53.395673
53.475027000000004
53.573465000000006
53.66325400000001
53.727911000000006
53.82145800000001
53.884333000000005
53.95744800000001
54.025631000000004
54.101283
54.170559000000004
54.249770000000005
54.353174
54.426938
54.518914
54.606410000000004
54.68368400000001
54.772448000000004
54.862669000000004
54.942903
55.026788
55.105720000000005
55.176729
55.272314
55.36205
55.445489
55.523416000000005
55.608977
55.697726
55.795418000000005
55.893390000000004
55.999529
56.085646000000004
56.18041
56.264819
56.353903
56.439297
56.526474
56.615627
56.701088000000006
56.79739000000001
56.89027300000001
56.976862000000004
57.069494000000006
57.15511500000001
57.24058300000001
57.33692400000001
57.41404100000001
57.492528000000014
57.566209000000015
57.64937300000001
57.73477100000001
57.824858000000006
57.908325000000005
57.986872000000005
58.05291700000001
58.12759900000001
58.19322200000001
58.26183000000001
58.33451200000001
58.41126300000001
58.47675700000001
58.53529600000002
58.60188400000002
58.677455000000016
58.739021000000015
58.83047000000001
58.88798300000001
58.95966700000001
59.02278800000001
59.08492800000001
59.14843300000001
59.22505600000001
59.28564200000001
59.36003800000001
59.41609900000001
59.49656900000001
59.58381400000001
59.64554400000001
59.71531800000001
59.77484100000001
59.84798400000001
59.89768000000001
59.95755700000001
60.015918000000006
60.08950500000001
60.16911500000001
60.22838700000001
60.29574700000001
60.35820500000001
60.42044700000001
60.48571800000001
60.56433100000001
60.63525400000001
60.71864700000001
60.79653800000001
60.876525000000015
60.94044500000002
61.02152400000002
61.11291400000002
61.19087500000002
61.27465800000002
61.36657800000002
61.44275200000002
61.52132700000002
61.602206000000024
61.68244800000002
61.757887000000025
61.82652000000002
61.91088000000002
61.98870200000002
62.074722000000015
62.159360000000014
62.233854000000015
62.29760300000002
62.37289000000002
62.44132600000002
62.50600300000002
62.59373400000002
62.67029700000002
62.73142100000002
62.79937400000002
62.86777000000002
62.93823500000002
63.00842100000002
63.06619300000002
63.12781500000002
63.18757600000002
63.26519500000002
63.32561900000002
63.42616500000002
63.509889000000015
63.57713300000002
63.667819000000016
63.73324800000002
63.80827600000002
63.88439700000002
63.96258300000002
64.02683700000003
64.10984800000003
64.18366600000003
64.25797700000003
64.32541700000003
64.41101100000003
64.49908100000003
64.59003500000003
64.68933300000003
64.78468900000003
64.87441800000003
64.97735200000004
65.07059900000004
65.16091400000005
65.24076500000005
65.32572600000006
65.40238900000006
65.48374200000005
65.57242900000004
65.64619600000005
65.72536800000005
65.79837000000005
65.85846300000004
65.93724800000004
66.02211100000004
66.09477300000003
66.16601600000003
66.24125800000003
66.30994900000003
66.38370400000004
66.46237900000004
66.54205200000004
66.61501900000005
66.68941500000004
66.77735700000004
66.85329600000004
66.93687500000004
67.00449100000004
67.08602400000004
67.17240600000004
67.24991700000004
67.31222900000004
67.41036400000004
67.47175000000004
67.54553800000004
67.62218900000003
67.70285100000004
67.79443800000004
67.87976400000004
67.95266700000003
68.02470200000003
68.09421000000003
68.16472900000004
68.22754000000003
68.29792000000003
68.38051400000003
68.46006800000004
68.52911600000003
68.62758700000003
68.70179400000004
68.78108600000003
68.88217600000003
68.96360500000003
69.05400000000003
69.12331400000004
69.20376600000003
69.26771800000003
69.35571900000004
69.43179000000003
69.50859000000004
69.59642900000004
69.66552900000005
69.74959400000004
69.82231400000005
69.90085200000004
69.96948200000004
70.04836500000005
70.13398700000005
70.21309900000004
70.28918800000004
70.36611700000005
70.44412300000005
70.50145200000004
70.56806700000004
70.64564500000004
70.74436900000005
70.81710400000004
70.87720500000005
70.96485500000004
71.03398100000004
71.09754300000004
71.17664700000005
71.24357600000005
71.32470200000004
71.40153300000004
71.49740100000004
71.56452800000004
71.63672000000004
71.71346900000005
71.79378500000004
71.88191800000004
71.97668300000004
72.05646900000004
72.14482500000004
72.23236300000003
72.30273900000003
72.38243900000003
72.46029300000004
72.54441600000004
72.63410800000004
72.71232100000005
72.79753800000005
72.87084700000004
72.93582200000004
73.01467800000005
73.10183200000004
73.18501900000004
73.27221700000004
73.34480200000004
73.41296500000004
73.48476900000004
73.55158300000004
73.64342400000004
73.72394600000004
73.80859300000004
73.88301100000004
73.94647100000005
74.01682500000004
74.08635300000005
74.15412800000004
74.21944600000005
74.29518300000005
74.36493700000005
74.43246500000005
74.52673800000005
74.59147900000005
74.65819100000004
74.72642000000005
74.79980600000005
74.87203700000005
74.94613100000005
75.02409000000006
75.09382700000006
75.17213400000006
75.23000500000006
75.32439300000006
75.39088000000005
75.47036000000006
75.55133800000006
75.62466400000005
75.69107500000005
75.76395700000006
75.83318400000006
75.92030000000005
76.01287000000005
76.09600500000005
76.17265900000005
76.25776700000006
76.37848500000005
76.45229700000006
76.53681500000006
76.61681800000007
76.69995400000006
76.78209200000006
76.88782300000007
76.97079300000007
77.05900500000007
77.14649600000007
77.22251200000007
77.29922700000006
77.37383100000005
77.43935900000005
77.52027700000005
77.60030000000005
77.67845300000005
77.76915000000005
77.84349900000005
77.91661500000005
78.01645500000005
78.09171400000005
78.17455500000005
78.24781600000006
78.32692700000005
78.39213300000006
78.48050200000006
78.57281200000006
78.65849800000005
78.74610900000005
78.83074400000005
78.90915000000005
79.00865300000005
79.09589700000005
79.17538900000005
79.25077100000006
79.33931000000005
79.40320400000006
79.48322400000006
79.54211500000007
79.62170000000006
79.70090700000006
79.78647500000005
79.86673900000005
79.93815700000005
80.03006200000004
80.10447400000004
80.20054200000004
80.29700800000005
80.38162500000004
80.46682100000004
80.54766500000004
80.61758800000004
80.70467100000005
80.77901600000004
80.84815000000005
80.93212400000004
81.01122600000005
81.09512900000006
81.17551700000006
81.23670500000006
81.31614500000006
81.37853800000006
81.47832800000006
81.55046900000006
81.63818200000006
81.73507000000006
81.82035800000007
81.89260200000007
81.97887400000006
82.06545500000006
82.14209500000005
82.20800900000006
82.30220600000006
82.37264700000006
82.44651900000005
82.52355100000005
82.59835000000005
82.67131500000005
82.76602300000005
82.85187800000004
82.92030200000004
82.99091400000003
83.07309700000003
83.16114000000003
83.23985100000003
83.33482900000003
83.42289800000003
83.49413600000003
83.58476100000003
83.66074600000003
83.73967000000003
83.81325200000003
83.90270900000003
83.98844300000003
84.06449200000003
84.14895500000003
84.23017200000002
84.32280700000003
84.39836900000003
84.47651400000004
84.56332300000004
84.63680100000003
84.71268200000003
84.79514600000003
84.87467100000003
84.96040300000003
85.05157600000003
85.13657600000002
85.22758800000003
85.31888500000002
85.41196200000002
85.50426400000002
85.59385400000002
85.68497500000002
85.75420400000003
85.82917200000003
85.92741700000003
86.01540900000003
86.09369700000003
86.17827000000004
86.27388100000005
86.36664100000004
86.46054000000004
86.55158200000004
86.63511500000004
86.71867600000004
86.79862100000004
86.87797200000004
86.96336000000004
87.04366300000004
87.12823000000004
87.20871400000004
87.29463100000004
87.36967800000004
87.45243400000004
87.53588400000004
87.61205200000003
87.70156800000004
87.78311700000003
87.85559600000003
87.94507900000004
88.02644400000004
88.09763900000004
88.19359400000005
88.30135200000005
88.37420000000004
88.45627400000005
88.53529700000006
88.62545400000006
88.70494700000006
88.78416200000007
88.86513800000007
88.95997600000007
89.04547000000007
89.13096600000007
89.20620400000007
89.28474600000007
89.37323600000006
89.45272100000007
89.54110900000006
89.61088300000006
89.69811400000006
89.79137200000007
89.86449300000007
89.95408900000007
90.05045400000007
90.14785600000008
90.23401400000007
90.31538100000007
90.40578500000008
90.50573400000007
90.59926300000008
90.68615500000008
90.76752500000009
90.86269400000009
90.9630160000001
91.0378570000001
91.11620500000011
91.20290100000011
91.32825100000011
91.41728200000011
91.48856100000012
91.56451800000012
91.65105700000012
91.73860400000012
91.82494400000013
91.90306200000013
91.99358000000014
92.06984900000013
92.14668100000013
92.23480400000012
92.32042200000012
92.39538100000013
92.47351800000013
92.54815700000013
92.63651400000013
92.72487900000013
92.81974400000013
92.90435900000013
92.99444400000013
93.08210100000012
93.17518100000012
93.27172200000012
93.36884400000012
93.46736500000013
93.55300100000012
93.65249200000012
93.73576000000013
93.82130400000013
93.91814500000012
94.00140800000013
94.09046300000013
94.17238700000013
94.25515800000012
94.33926900000012
94.44016000000012
94.53322400000012
94.62638200000012
94.72551600000013
94.81652100000012
94.90688100000013
95.01276500000013
95.12181100000014
95.19558000000013
95.27768200000014
95.38290700000015
95.47786200000014
95.55479000000014
95.62978600000014
95.72579800000014
95.80580900000014
95.90342900000014
95.99138200000014
96.06791600000014
96.14846000000014
96.24089500000014
96.31761600000014
96.41329800000014
96.48918300000014
96.57885000000014
96.65108300000014
96.74822500000015
96.83495900000015
96.91998600000015
96.99072900000014
97.07158400000014
97.15678300000015
97.22868500000014
97.30602200000014
97.38597000000014
97.46496800000014
97.53965800000014
97.63486900000015
97.71279600000015
97.80616700000016
97.90622600000016
98.00536900000016
98.09077500000016
98.17443800000017
98.25659500000016
98.32736200000016
98.40420500000016
98.49489200000016
98.57907100000017
98.67071700000017
98.75113300000017
98.83593600000016
98.91796500000017
99.00230900000017
99.09406100000017
99.17301900000017
99.26721400000017
99.34594700000017
99.42042300000017
99.50284800000017
99.58904000000017
99.65647800000016
99.73295900000016
99.82220300000016
99.88726700000016
99.95127000000016
100.01992200000016
100.10759600000017
100.19127100000017
100.26240500000017
100.32022200000017
100.38904100000018
100.45838100000017
100.52169000000018
100.59135300000018
100.65779000000018
100.73397200000018
100.81730700000018
100.88257100000018
100.95560500000019
101.04122200000019
101.11530700000019
101.1831570000002
101.28474800000019
101.3660280000002
101.4347070000002
101.5014070000002
101.5775470000002
101.6527540000002
101.7307940000002
101.80097500000021
101.86537500000021
101.93578400000021
102.00601900000021
102.06542100000021
102.14389600000021
102.20947000000021
102.27196200000022
102.33461700000022
102.40126100000022
102.48228000000022
102.53870700000022
102.63103800000022
102.69271100000022
102.78222600000022
102.84462100000022
102.91879300000022
102.99003500000022
103.04424400000022
103.10522900000022
103.18152100000022
103.26216500000022
103.34574900000023
103.43748900000023
103.50817800000023
103.58206400000023
103.66208600000023
103.72594400000023
103.81529900000022
103.88320400000022
103.97470200000022
104.06098500000022
104.14650700000021
104.2304770000002
104.3126770000002
104.38764900000021
104.46633700000021
104.5275840000002
104.5964230000002
104.6672750000002
104.7361580000002
104.8034500000002
104.87538600000019
104.95627600000019
105.03016100000019
105.10339100000019
105.17813200000019
105.2577920000002
105.3471510000002
105.40706900000019
105.50244700000019
105.57322500000019
105.65657600000019
105.73321800000019
105.81672600000019
105.88432800000018
105.94738900000019
106.03928800000018
106.11867400000018
106.19758800000018
106.27035900000018
106.33615700000018
106.41298100000019
106.49706500000019
106.5617420000002
106.6460680000002
106.7240600000002
106.8070810000002
106.8819690000002
106.97373400000019
107.0371170000002
107.10932300000019
107.18759600000018
107.26663800000019
107.35288500000019
107.42766300000018
107.51864300000018
107.59910300000018
107.69035400000018
107.76823700000018
107.84902000000018
107.93671800000018
108.01358100000019
108.10482400000019
108.18681100000019
108.2741090000002
108.3495310000002
108.4374310000002
108.5064930000002
108.57758100000021
108.65731600000021
108.7443120000002
108.8315230000002
108.9092320000002
108.9835910000002
109.0613790000002
109.1548580000002
109.2330520000002
109.3272820000002
109.40744600000019
109.49481300000019
109.57847300000019
109.65219900000018
109.71883700000018
109.79589600000018
109.86797800000018
109.95327000000017
110.03393700000018
110.10129300000018
110.18627200000019
110.25751100000019
110.34454700000019
110.42516800000018
110.51052900000019
110.57674600000018
110.64960000000019
110.71443800000019
110.79233600000019
110.88476900000019
110.95564600000019
111.01387400000019
111.07682200000019
111.1437390000002
111.21664800000019
111.2738830000002
111.33648700000019
111.40612000000019
111.46742200000018
111.53030500000018
111.62637300000019
111.70856300000018
111.77987900000018
111.84319500000018
111.92360800000017
112.02008700000017
112.09871300000017
112.17971800000018
112.25926600000018
112.34644800000018
112.41304400000018
112.47376200000018
112.57459400000018
112.63471100000018
112.71352900000018
112.78858700000018
112.86825700000017
112.94820600000017
113.01748400000017
113.07868200000017
113.14542600000017
113.21875100000017
113.30405900000017
113.37392100000017
113.44632400000016
113.52012000000016
113.60062700000016
113.68051600000015
113.74376300000016
113.82213400000016
113.87864200000016
113.96430000000015
114.02655700000015
114.09145600000015
114.14770500000014
114.20059200000014
114.27093400000014
114.34546900000014
114.40317300000014
114.49640600000014
114.56479100000014
114.64776800000014
114.70110800000015
114.79204800000015
114.87694300000015
114.94034900000015
115.01530700000015
115.07270800000015
115.13542200000015
115.20633000000015
115.26706800000015
115.32924100000015
115.38879200000015
115.46892600000015
115.54333600000015
115.63892500000016
115.70245100000015
115.77427600000016
115.83278500000016
115.90489400000016
115.98781100000015
116.06483200000015
116.13145600000016
116.19063400000016
116.25006200000016
116.32231400000016
116.38931100000016
116.45620400000016
116.53674100000016
116.60939000000016
116.68608800000015
116.75934800000016
116.84311500000015
116.91171300000015
116.97947300000016
117.05422000000016
117.13288100000015
117.20001900000015
117.28188800000015
117.38334100000016
117.44810100000016
117.51880800000016
117.59292200000016
117.70610400000015
117.78929000000015
117.87531800000015
117.94113100000015
118.01215500000015
118.07926400000015
118.16520400000014
118.22101000000015
118.32220000000015
118.39347100000015
118.46306700000015
118.53323800000015
118.62411600000016
118.68526100000015
118.75738100000015
118.83699400000015
118.91896100000015
118.98955100000015
119.05138200000015
119.11767300000015
119.17866100000015
119.27401200000014
119.35654700000013
119.41960600000013
119.49246500000012
119.57477700000013
119.64077700000013
119.74845600000013
119.83247500000013
119.91984100000013
119.99856800000013
120.08033700000013
120.16288200000012
120.24576300000012
120.33543800000012
120.43503400000013
120.51075100000013
120.60317300000013
120.68229400000013
120.77798700000012
120.85983300000012
120.93948400000012
121.01376700000012
121.10753300000012
121.20168000000012
121.27774400000013
121.36611100000013
121.44318600000013
121.53490100000012
121.61422800000013
121.68867900000012
121.75540300000011
121.83563500000011
121.91123000000012
121.98677900000011
122.06138000000011
122.12741100000011
122.19390200000011
122.27564500000011
122.34476800000012
122.40380900000011
122.47848300000011
122.5601280000001
122.6229000000001
122.7136430000001
122.8019790000001
122.8829250000001
122.9560230000001
123.0340430000001
123.1040230000001
123.1732860000001
123.24056300000011
123.32004300000011
123.3814530000001
123.4479630000001
123.5197440000001
123.5888420000001
123.6582900000001
123.73921500000009
123.80132900000008
123.86302300000008
123.93506800000009
124.01844900000009
124.0848530000001
124.1544670000001
124.21632800000009
124.3108750000001
124.36908800000009
124.44777700000009
124.52383500000009
124.59665900000009
124.67754100000009
124.74194000000008
124.81137800000009
124.8697720000001
124.9518070000001
125.01007200000011
125.06611000000011
125.1574970000001
125.24674200000011
125.31972000000012
125.39056800000012
125.45022600000011
125.51037300000011
125.58318300000012
125.67216900000012
125.73291100000013
125.81353100000013
125.89008100000012
125.97354800000012
126.05187100000012
126.12506800000011
126.20745700000012
126.28616000000012
126.36501800000012
126.45291800000012
126.51887300000013
126.59052900000013
126.66725300000013
126.74192100000013
126.82326500000013
126.90501800000014
126.98061800000013
127.06981800000014
127.15242800000014
127.23047000000014
127.30948100000013
127.38626500000014
127.47035600000014
127.55099200000014
127.62599000000013
127.71754600000013
127.80128500000012
127.87758500000012
127.96143600000012
128.04739900000013
128.11350900000014
128.18529200000015
128.26428000000016
128.32777600000014
128.43091400000014
128.49880200000015
128.57432200000017
128.65055900000016
128.71373800000015
128.79182800000015
128.87175500000015
128.94727800000015
129.04588900000016
129.12053700000016
129.20369100000016
129.28641400000015
129.35923000000014
129.43750600000013
129.51683300000013
129.58925500000012
129.67011000000014
129.77656400000015
129.85726600000015
129.93555100000015
130.02756200000016
130.11821100000017
130.19342100000017
130.27384600000016
130.36132200000017
130.44387300000017
130.51258300000018
130.58157700000018
130.66091600000019
130.72766000000018
130.7978770000002
130.8722550000002
130.97125500000018
131.05164700000017
131.11762800000017
131.18393500000016
131.26676000000018
131.3417840000002
131.43495100000018
131.5182180000002
131.59541400000018
131.67322900000016
131.77791000000016
131.86038700000017
131.96566000000018
132.05726400000017
132.14995000000016
132.23047300000016
132.30902900000015
132.39483500000014
132.49196600000013
132.59062500000013
132.67787100000012
132.78208600000013
132.87212600000012
132.98258200000012
133.08107000000012
133.1914630000001
133.2932530000001
133.3842340000001
133.4735960000001
133.5746060000001
133.6703710000001
133.76109900000012
133.8571030000001
133.9525300000001
134.04198900000011
134.12237500000012
134.21330000000012
134.29214300000012
134.37163100000012
134.46429800000013
134.53636900000012
134.60948000000013
134.70805700000014
134.78167600000015
134.85670200000015
134.93108500000017
134.99904200000017
135.08751400000017
135.17134100000018
135.26103000000018
135.3469410000002
135.42504900000017
135.50388000000018
135.57879800000018
135.6732300000002
135.7433060000002
135.8306730000002
135.9070290000002
135.98034100000018
136.06442500000017
136.16683900000018
136.2350550000002
136.31392400000018
136.3883110000002
136.4529710000002
136.5427780000002
136.6111100000002
136.6890100000002
136.7708570000002
136.8504760000002
136.9360990000002
137.00948200000022
137.0864950000002
137.1501440000002
137.2319040000002
137.29973500000023
137.36600500000023
137.44261500000022
137.5203600000002
137.58411600000022
137.65441900000022
137.7424430000002
137.8340540000002
137.90833600000022
137.98557000000022
138.07789800000023
138.14884100000023
138.22175100000024
138.28171600000024
138.35879000000025
138.43020200000026
138.51730600000027
138.60202000000027
138.68074300000026
138.77898500000026
138.86167800000027
138.93579700000026
139.01632400000025
139.08577600000027
139.16026300000027
139.24818000000027
139.31726200000028
139.39990200000028
139.48868800000028
139.57147400000028
139.67453900000027
139.74465200000026
139.83692700000026
139.91382800000025
139.98433500000024
140.05875800000024
140.13319400000023
140.19408100000024
140.25515400000023
140.32165200000023
140.39000800000022
140.44564200000022
140.51158700000022
140.5871930000002
140.6484490000002
140.7103820000002
140.77806900000022
140.85284500000023
140.93008700000024
141.00793100000024
141.09351400000025
141.16787500000027
141.23282700000027
141.29325600000027
141.35809000000026
141.41889100000026
141.47739900000025
141.54075200000025
141.59875800000026
141.65857900000026
141.72043300000027
141.79169300000027
141.87128600000025
141.93961700000025
142.01344500000025
142.08616300000025
142.16803900000025
142.23208300000024
142.28661900000026
142.37778000000026
142.44165500000025
142.51573400000026
142.57777600000026
142.64692400000027
142.72902700000026
142.80857400000025
142.88158100000024
142.97323200000025
143.05426900000026
143.13217900000026
143.19344300000026
143.26898800000026
143.33409400000025
143.40584400000026
143.50592500000025
143.57855600000025
143.65542300000024
143.72881300000023
143.78924100000023
143.84818600000023
143.92089100000024
143.97944000000024
144.05542800000023
144.12093900000022
144.22310500000023
144.31444000000022
144.40937100000022
144.48875900000021
144.56046300000023
144.64992200000023
144.71491800000024
144.79274900000024
144.85850300000024
144.93543600000024
145.01744400000024
145.09029200000023
145.16289000000023
145.24023400000024
145.31453200000024
145.38921500000023
145.45099900000022
145.52601800000022
145.61820100000023
145.70851300000024
145.79832800000023
145.88618000000022
145.9748580000002
146.0552900000002
146.1258860000002
146.2004670000002
146.2670650000002
146.3484470000002
146.4099120000002
146.4777990000002
146.5500810000002
146.6206580000002
146.6863410000002
146.7520570000002
146.8278510000002
146.90830200000022
146.99177400000022
147.05607700000022
147.12321400000022
147.2044270000002
147.2946700000002
147.3669080000002
147.4379940000002
147.5181240000002
147.6021940000002
147.6846680000002
147.76248000000018
147.86194200000017
147.93682000000018
148.03108200000017
148.12756500000017
148.20766400000016
148.28850300000016
148.38046100000017
148.46098100000017
148.54853700000018
148.6159540000002
148.6996590000002
148.76792700000018
148.83788000000018
148.90710600000017
148.97970000000018
149.07065800000018
149.14683500000018
149.2303490000002
149.3282030000002
149.4095170000002
149.49876800000018
149.57417900000019
149.6455350000002
149.73300800000018
149.82250500000018
149.90219200000018
149.9852090000002
150.0557650000002
150.1297270000002
150.2023100000002
150.2882020000002
150.37357400000022
150.4507690000002
150.5340550000002
150.6189580000002
150.6941090000002
150.7740560000002
150.8519190000002
150.9364200000002
151.0138900000002
151.1014860000002
151.1802100000002
151.25367600000018
151.32787500000018
151.40208500000017
151.48956400000017
151.57337600000017
151.68837300000015
151.78653300000016
151.87280600000017
151.95777900000016
152.04377000000017
152.13933800000015
152.23042500000014
152.30167000000014
152.38417400000014
152.46818900000014
152.54869000000014
152.61765100000014
152.69734600000012
152.78617200000014
152.85979300000014
152.94232900000014
153.01934500000013
153.08821400000014
153.15218800000014
153.21502300000014
153.28742500000016
153.36530000000016
153.45075200000016
153.51842900000017
153.61334900000017
153.68664200000018
153.7489350000002
153.81120300000018
153.87771600000016
153.93425500000015
154.00291300000015
154.06754300000014
154.13142800000014
154.22178500000015
154.29264400000017
154.35409000000016
154.42740900000015
154.48879400000015
154.56164700000016
154.62278800000016
154.71151300000017
154.79054700000017
154.88119400000016
154.97165100000015
155.05386000000016
155.13327900000016
155.21068100000016
155.28551000000016
155.36559800000015
155.45720000000014
155.54110900000015
155.62680000000015
155.71577200000016
155.79376800000017
155.87749600000018
155.95398800000018
156.02870300000018
156.10326000000018
156.19543300000018
156.28096300000018
156.36299500000018
156.4311980000002
156.50573700000018
156.5943620000002
156.68254500000018
156.76416400000016
156.84659900000017
156.92603300000016
157.01122100000015
157.09412700000016
157.17749700000016
157.25685300000015
157.34674000000015
157.42853500000015
157.51402800000017
157.59330500000016
157.66782500000016
157.75017400000016
157.81591100000017
157.88413700000018
157.95069400000017
158.03666900000016
158.10612500000016
158.18542100000016
158.26457000000016
158.34604900000016
158.41567000000018
158.51000900000017
158.59068900000017
158.69792400000017
158.77832500000017
158.85034500000017
158.91945500000017
159.00373000000016
159.06833600000016
159.14336600000016
159.20741300000014
159.27058100000013
159.35133200000013
159.4411360000001
159.5125100000001
159.5850070000001
159.6535610000001
159.7468520000001
159.8310470000001
159.9187700000001
160.0103940000001
160.0854650000001
160.17142300000012
160.24462300000013
160.32051800000013
160.39117300000012
160.47416100000012
160.55085200000013
160.62200300000012
160.70104200000011
160.76788700000012
160.8381350000001
160.91032300000012
160.97961200000012
161.06047200000012
161.1364970000001
161.2244590000001
161.3061060000001
161.38045600000012
161.45927700000013
161.53255400000012
161.60707400000013
161.68723500000013
161.76471000000012
161.83676300000013
161.91518200000013
161.98926300000014
162.06486500000014
162.15622000000013
162.25091800000013
162.33324300000012
162.41896200000014
162.50124800000015
162.58201100000014
162.68478100000013
162.76569400000014
162.84499900000014
162.93631700000014
163.03793300000015
163.12655400000014
163.21452700000015
163.29696700000014
163.38738100000015
163.47430000000014
163.55246100000014
163.63833800000015
163.73796600000014
163.82449700000015
163.91189800000015
164.02375400000014
164.11531800000014
164.19975900000014
164.27779300000014
164.36556100000016
164.45413400000015
164.54388200000014
164.63155200000014
164.71926900000014
164.81390200000013
164.89925600000012
164.97924800000013
165.07601100000014
165.16290400000014
165.25119600000014
165.35643200000013
165.44839900000014
165.53918000000013
165.62095200000013
165.70845800000012
165.79653300000012
165.88008300000013
165.9640220000001
166.0517280000001
166.13314800000012
166.2147670000001
166.27985100000012
166.35137500000013
166.41947700000014
166.49043700000016
166.55261400000015
166.60514300000014
166.66242600000015
166.74554500000016
166.82087500000017
166.88448300000016
166.96415900000017
167.02769100000017
167.11094700000018
167.1807480000002
167.2592790000002
167.3323700000002
167.3922940000002
167.4623250000002
167.51620700000018
167.57921300000018
167.6433200000002
167.72245900000019
167.7883320000002
167.8685270000002
167.9404810000002
168.0091200000002
168.0948760000002
168.1815320000002
168.2521260000002
168.3308780000002
168.4092550000002
168.4859670000002
168.5505810000002
168.6205740000002
168.6901540000002
168.7626490000002
168.8317170000002
168.9200980000002
168.9958220000002
169.0674640000002
169.1509290000002
169.2430640000002
169.3679320000002
169.45856900000018
169.54401400000017
169.61333500000018
169.6842170000002
169.7564410000002
169.8197150000002
169.8944430000002
169.9782530000002
170.0556300000002
170.13070100000022
170.21024400000022
170.2711690000002
170.35238600000022
170.43259300000022
170.50314800000024
170.58826600000023
170.67617000000024
170.74300300000024
170.82998400000025
170.91927000000024
171.00231000000025
171.08447300000026
171.16197100000025
171.24892500000024
171.32944200000023
171.40869100000023
171.48996300000024
171.58878300000023
171.67284000000024
171.74232100000023
171.81081500000022
171.8782700000002
171.9584380000002
172.0317580000002
172.1239680000002
172.2045030000002
172.2688920000002
172.3600970000002
172.46557100000018
172.53296900000018
172.61364100000017
172.68575200000018
172.75746000000018
172.8413460000002
172.9136010000002
173.0013410000002
173.0688230000002
173.1331040000002
173.2127580000002
173.2723250000002
173.3579680000002
173.4351120000002
173.5092930000002
173.59461000000022
173.67028900000022
173.73079200000024
173.79557900000023
173.86396000000022
173.96068900000023
174.04663100000022
174.1384940000002
174.2180300000002
174.2987960000002
174.38784800000022
174.46251600000022
174.54810300000022
174.63354200000023
174.71584200000024
174.81677400000024
174.89249800000024
175.00096600000023
175.08195000000023
175.16275800000022
175.23946000000024
175.31606300000024
175.39741000000024
175.47581300000024
175.55480900000023
175.67035200000024
175.76158400000023
175.84653400000022
175.94481100000021
176.04085600000022
176.12056900000022
176.2180130000002
176.30337200000022
176.3869500000002
176.47638700000022
176.5620110000002
176.63609200000022
176.7341140000002
176.82301800000022
176.89765200000022
176.99658100000022
177.0830050000002
177.17031400000022
177.24286800000021
177.32323000000022
177.40799300000023
177.47220700000022
177.55899100000022
177.6227320000002
177.70662800000022
177.80012100000022
177.9013700000002
177.97692500000022
178.06350100000023
178.14579600000022
178.21173000000022
178.2840730000002
178.3655650000002
178.4330060000002
178.5051900000002
178.5887550000002
178.6653830000002
178.7323150000002
178.8049150000002
178.8707480000002
178.9611290000002
179.0458590000002
179.1172750000002
179.18321600000021
179.2675670000002
179.33997200000022
179.4155000000002
179.4872010000002
179.5537380000002
179.6183020000002
179.7191900000002
179.7941620000002
179.8824980000002
179.9610070000002
180.0285840000002
180.1187210000002
180.1938850000002
180.2607440000002
180.3351270000002
180.4282030000002
180.5051300000002
180.5736290000002
180.6408900000002
180.7338070000002
180.80371100000022
180.87982900000023
180.96866900000023
181.06293800000023
181.13311800000022
181.20877600000023
181.28770600000024
181.37240800000023
181.46069300000025
181.53515800000025
181.62065100000027
181.69704800000025
181.78284600000026
181.86754200000027
181.95056900000026
182.03925400000026
182.12318800000025
182.19659700000025
182.29403100000025
182.37265700000026
182.46650500000027
182.57721700000027
182.6518590000003
182.73979200000028
182.82290400000028
182.91009000000028
183.0014610000003
183.08488200000028
183.1644210000003
183.2481730000003
183.33225800000028
183.41263500000028
183.48446900000027
183.56454300000027
183.63626100000027
183.71875700000027
183.80022900000026
183.88025500000026
183.96628200000026
184.05611300000027
184.14045900000028
184.22157700000028
184.31599400000027
184.40135100000026
184.49442400000027
184.58089400000026
184.67748100000026
184.75236900000024
184.82934700000024
184.90617300000025
185.00761200000025
185.09695200000024
185.19306500000025
185.26992100000024
185.36061300000023
185.43778500000022
185.51484900000023
185.60238000000024
185.69989600000025
185.78988500000025
185.87255000000025
185.96642200000025
186.04510100000024
186.12534200000024
186.20220500000025
186.28666700000025
186.38567500000025
186.47742000000025
186.56798500000025
186.63957900000025
186.72636800000026
186.80553900000027
186.89602200000027
186.96410300000028
187.05536400000028
187.13519000000028
187.22993100000028
187.32205300000027
187.40692000000027
187.49077200000028
187.5918910000003
187.6726560000003
187.7417640000003
187.8121910000003
187.8845630000003
187.9516300000003
188.03364500000032
188.11711700000032
188.1864420000003
188.2652030000003
188.3625180000003
188.4440520000003
188.5277840000003
188.6082080000003
188.6937890000003
188.7712280000003
188.84765800000028
188.92427800000027
189.00152400000027
189.08067700000026
189.15696200000028
189.23756800000027
189.32458200000028
189.41144800000026
189.48865800000027
189.55780100000027
189.65969600000028
189.7440300000003
189.83154900000028
189.92017800000028
190.0084520000003
190.10934200000028
190.1999470000003
190.3022210000003
190.37595700000028
190.4657630000003
190.54913800000028
190.6219000000003
190.7021640000003
190.7739130000003
190.8487300000003
190.93565300000031
191.05861000000033
191.13960000000034
191.22917700000033
191.29787800000034
191.38331500000035
191.47375500000035
191.54480900000036
191.63740700000037
191.70801100000037
191.78230100000036
191.85457600000035
191.95512400000035
192.04421200000036
192.11594600000035
192.21537900000035
192.29525400000034
192.37360800000033
192.45633500000034
192.54432900000035
192.62177000000034
192.70699000000033
192.79864700000033
192.89036400000032
192.97381000000033
193.06483300000033
193.14899200000033
193.24001000000032
193.32576900000032
193.4184540000003
193.4985270000003
193.5894550000003
193.6863340000003
193.7779190000003
193.85227900000032
193.94604600000034
194.02330500000033
194.10833000000034
194.18131200000033
194.26656700000032
194.35375100000033
194.42519900000033
194.50865500000035
194.58542500000036
194.66578200000035
194.75351300000034
194.83883500000033
194.91422200000034
195.00020900000032
195.08722800000032
195.18380000000033
195.27014400000033
195.34888100000032
195.44134400000033
195.52909500000032
195.60452200000032
195.6924540000003
195.7646150000003
195.8418430000003
195.9312710000003
196.0100600000003
196.0978070000003
196.1793000000003
196.2595540000003
196.3334590000003
196.41898200000028
196.50942800000027
196.59533700000026
196.68608800000027
196.77756600000026
196.86557000000028
196.94434200000026
197.05092700000026
197.12151100000025
197.20810300000025
197.28663900000026
197.36370700000026
197.45191900000026
197.52869100000026
197.62094700000026
197.71362800000026
197.79105100000027
197.87058100000027
197.95471200000028
198.0236030000003
198.1061280000003
198.1671520000003
198.2326850000003
198.31300800000028
198.38557000000029
198.45320400000028
198.5224530000003
198.6100320000003
198.6961610000003
198.7561220000003
198.82548200000028
198.90834600000028
198.9975890000003
199.0735870000003
199.14477100000028
199.22890100000026
199.29881000000026
199.38051200000027
199.44045000000025
199.53304200000025
199.60879900000026
199.68398900000025
199.74581800000024
199.83222400000025
199.89366000000024
199.95903400000023
200.03798100000023
200.10895100000022
200.17367800000022
200.25291700000022
200.34331800000024
200.40735000000024
200.48513500000024
200.55339500000025
200.62440000000026
200.68808600000025
200.76807900000026
200.85870000000025
200.93922000000026
201.03345800000025
201.11395600000026
201.19056900000027
201.27790100000027
201.34706200000028
201.4267710000003
201.4967220000003
201.5899890000003
201.67616600000028
201.7624360000003
201.8438890000003
201.9217640000003
201.99407600000032
202.08132100000032
202.1482820000003
202.2363380000003
202.3244630000003
202.4038230000003
202.4904750000003
202.5729680000003
202.63732800000028
202.72779000000028
202.79941900000028
202.8743880000003
202.9502820000003
203.0256370000003
203.0862110000003
203.1539440000003
203.22221600000032
203.3077500000003
203.38511700000032
203.4722730000003
203.55278300000032
203.64111300000033
203.72203400000032
203.8049030000003
203.87662900000032
203.95914500000032
204.04910100000032
204.12891200000033
204.21602600000034
204.29019300000033
204.38283500000034
204.46829900000034
204.55757600000035
204.64762200000035
204.74073200000035
204.84574700000036
204.92750300000037
205.01184400000037
205.08478900000037
205.15909700000037
205.23265700000036
205.31517500000035
205.39838600000036
205.46367300000037
205.53829300000038
205.60674000000037
205.66904700000038
205.73907600000038
205.81633300000038
205.87795700000038
205.95016500000037
206.00492800000038
206.06685700000037
206.12277100000037
206.19516400000037
206.25127000000037
206.3147900000004
206.38926100000037
206.46426900000037
206.55223800000036
206.63312500000035
206.72022500000034
206.79958700000034
206.86523100000034
206.94285600000035
206.99621700000034
207.05358900000033
207.12516800000034
207.20011500000035
207.28050900000036
207.36214200000038
207.43627500000036
207.50875600000037
207.59188400000036
207.67144400000035
207.75790200000034
207.81380900000033
207.87344000000033
207.93886600000033
207.99174200000033
208.05686700000032
208.13897700000032
208.19816400000033
208.25589800000034
208.31271500000034
208.36997700000035
208.43222200000034
208.52357400000034
208.60205800000034
208.67780400000035
208.73760500000034
208.79443100000034
208.85344300000034
208.92917800000035
208.99849200000034
209.05938500000033
209.12147300000032
209.17830500000034
209.24727500000034
209.31431600000033
209.38350900000034
209.44119400000034
209.56841200000034
209.63551800000033
209.71020300000032
209.77723900000032
209.87043200000033
209.94327500000034
210.02429900000035
210.09683400000034
210.16182200000034
210.23556500000035
210.31048400000034
210.39393900000033
210.48337400000034
210.56316200000035
210.63167000000036
210.69635500000035
210.76546000000036
210.83128200000036
210.90817800000036
210.98802300000037
211.08169200000037
211.16270700000038
211.2343550000004
211.30944600000038
211.38033200000038
211.45979900000037
211.54725800000037
211.64165700000038
211.71325100000038
211.78015300000038
211.8695100000004
211.94327100000038
212.0175860000004
212.08011300000038
212.14216100000039
212.20354900000038
212.27469400000038
212.33933700000037
212.40668700000037
212.47027900000037
212.53198200000037
212.59499200000036
212.66648400000037
212.71704700000038
212.7819630000004
212.8343640000004
212.89913000000038
212.98264000000037
213.05563500000036
213.11833700000037
213.18216400000037
213.25675700000036
213.31406300000037
213.38491700000037
213.44855800000036
213.52515300000036
213.58158900000035
213.65427800000035
213.72576200000034
213.78748000000036
213.86828800000035
213.94662800000035
214.00881900000036
214.07907600000036
214.18376000000035
214.26438400000035
214.33380600000035
214.40999700000035
214.48335000000034
214.54458400000036
214.61373700000036
214.69670400000035
214.79704600000036
214.86578200000037
214.93206500000036
215.00764300000037
215.08441800000037
215.14744100000036
215.21528200000034
215.27943200000036
215.34107700000035
215.39735100000036
215.46984400000036
215.55008600000036
215.62457400000037
215.69608800000037
215.75900900000036
215.81554500000036
215.89144500000035
215.99324800000034
216.07973200000035
216.14989700000035
216.21985200000034
216.29461900000035
216.36445000000035
216.45241700000034
216.52208600000034
216.60055300000033
216.67091000000033
216.76927200000034
216.85099400000036
216.92135200000035
216.98613300000036
217.06212300000035
217.13286400000035
217.19512100000034
217.27462900000035
217.34651800000034
217.40588800000035
217.48852000000034
217.56084500000034
217.61756100000034
217.69234600000033
217.75656900000033
217.81817200000032
217.8782560000003
217.95027600000031
218.03227300000032
218.09724500000033
218.17085600000033
218.23476200000033
218.30164600000032
218.37289300000032
218.44284500000032
218.5258810000003
218.6149190000003
218.6732050000003
218.7216350000003
218.7874820000003
218.8439570000003
218.9115570000003
218.9775540000003
219.05353800000032
219.12632600000032
219.1769990000003
219.26033200000032
219.3377080000003
219.4070870000003
219.4810740000003
219.55880900000028
219.62619800000027
219.69630800000027
219.76484800000028
219.8312310000003
219.90782800000028
219.96615400000027
220.02473700000027
220.08898100000027
220.15008800000027
220.21481500000027
220.28375900000026
220.35257200000027
220.43633900000026
220.53539700000027
220.59831400000027
220.65188900000027
220.72581400000027
220.78702000000027
220.86053200000026
220.92595600000027
220.97932500000027
221.03312100000028
221.09212400000027
221.15314400000028
221.21089800000027
221.28042700000026
221.35984400000027
221.42283400000028
221.49249500000028
221.56669400000027
221.62888400000026
221.70441100000025
221.78544800000026
221.86168200000026
221.93403400000025
222.01426900000024
222.10175800000025
222.18837300000024
222.27274100000025
222.36866700000024
222.45350400000024
222.53496000000024
222.61324900000025
222.69271600000025
222.78083700000025
222.86420600000025
222.95166700000024
223.05659500000024
223.16159600000023
223.25728800000024
223.36122100000026
223.44324900000026
223.54198500000027
223.63901000000027
223.72221800000028
223.80337300000028
223.8971080000003
223.9875820000003
224.06451800000028
224.16203900000028
224.25672400000028
224.33780700000028
224.42934000000028
224.5182120000003
224.6121710000003
224.6873020000003
224.7633580000003
224.8513250000003
224.93215300000028
225.01956900000027
225.10422600000027
225.17764200000028
225.2562120000003
225.3471010000003
225.4423330000003
225.5207600000003
225.60761700000032
225.71026900000032
225.79449300000033
225.88969800000032
225.98591100000033
226.08353900000031
226.1832480000003
226.2782790000003
226.3810110000003
226.46918700000032
226.5493550000003
226.6394610000003
226.7401090000003
226.8168590000003
226.9071970000003
227.0289980000003
227.1176050000003
227.18925400000032
227.27802700000032
227.3678180000003
227.4443720000003
227.5325720000003
227.6147230000003
227.6869070000003
227.7675140000003
227.8437810000003
227.9294920000003
228.0160560000003
228.0947450000003
228.1902490000003
228.2716260000003
228.3541970000003
228.4534320000003
228.5477750000003
228.6439700000003
228.71961500000032
228.8253900000003
228.9349280000003
229.0135850000003
229.1097330000003
229.1880560000003
229.2744730000003
229.3587440000003
229.4554590000003
229.5397940000003
229.6256760000003
229.7169850000003
229.8160250000003
229.9202580000003
230.0174490000003
230.0964350000003
230.1784360000003
230.2746240000003
230.3692970000003
230.4433690000003
230.5245570000003
230.6031350000003
230.6947140000003
230.7679840000003
230.8453360000003
230.91681200000028
230.97706400000027
231.06497800000028
231.13484200000028
231.21567200000027
231.28080300000028
231.36313800000028
231.43260000000026
231.51482700000025
231.60147000000026
231.68748900000026
231.76366600000026
231.84709200000026
231.92207000000025
232.02046300000023
232.11021700000023
232.19972200000024
232.28595400000023
232.36227000000022
232.44867500000024
232.52875400000025
232.62853300000026
232.70842200000027
232.78695400000026
232.88752100000028
232.98600300000027
233.06779400000028
233.15733700000027
233.25127200000026
233.37366500000024
233.48273500000025
233.57990300000026
233.66792800000024
233.76512600000024
233.85756900000024
233.97954400000023
234.08061500000022
234.17646800000023
234.27319400000022
234.3696380000002
234.4707940000002
234.56234500000022
234.66591200000022
234.77232200000023
234.86696700000024
234.95276700000025
235.05940400000026
235.14574300000027
235.22765000000027
235.31575700000027
235.41418400000026
235.50764800000027
235.59372800000028
235.6697220000003
235.7476960000003
235.8296990000003
235.90162300000028
235.9783500000003
236.0642600000003
236.1365130000003
236.2189170000003
236.2990120000003
236.38869100000028
236.4766160000003
236.5707780000003
236.6439700000003
236.7378450000003
236.7977950000003
236.86534300000028
236.95592900000028
237.03203300000027
237.09830300000027
237.15879800000027
237.23323300000027
237.30569000000025
237.37849900000026
237.46276000000026
237.53320500000027
237.60317700000027
237.66785300000026
237.73817900000026
237.81481500000027
237.91836600000028
238.01061800000028
238.0912140000003
238.1703720000003
238.2505460000003
238.3284030000003
238.4057010000003
238.47495000000032
238.54757700000033
238.62759400000033
238.68648600000031
238.76721100000032
238.8580500000003
238.9441870000003
239.0243050000003
239.09530200000032
239.16958700000032
239.23920200000032
239.30597600000033
239.38280300000034
239.45285200000035
239.51449600000035
239.60264600000036
239.66806100000036
239.75209500000037
239.84305600000036
239.91157600000037
239.99022000000036
240.06132500000035
240.12676300000035
240.21749400000036
240.30855400000036
240.40811800000034
240.49446100000034
240.56913400000033
240.64074800000034
240.72035700000035
240.79474800000034
240.87467500000034
240.93715800000032
241.02013000000034
241.12013200000032
241.18578100000033
241.25105100000033
241.32231500000034
241.40712900000034
241.48096300000034
241.54828500000033
241.62769100000034
241.70721500000033
241.77779700000033
241.85979000000034
241.95731500000034
242.04033400000034
242.12103600000034
242.21173200000035
242.30170600000037
242.41070500000038
242.49931400000037
242.60249700000037
242.69239200000038
242.78729500000037
242.86328200000037
242.95626400000037
243.04078400000037
243.11273900000037
243.19620300000037
243.27988300000035
243.36443500000036
243.46556300000034
243.54260000000033
243.61520900000033
243.70738600000033
243.7826910000003
243.8705090000003
243.9615160000003
244.0420930000003
244.12569600000032
244.2027680000003
244.2874030000003
244.35942000000028
244.4174230000003
244.5002910000003
244.58225900000028
244.64709300000027
244.73982600000028
244.81251200000028
244.87563600000027
244.95022400000028
245.0315860000003
245.09603700000028
245.16534600000028
245.24481300000028
245.32348900000028
245.39616800000027
245.44571300000027
245.50212100000027
245.57440300000027
245.65486200000026
245.72180200000025
245.79477500000024
245.87779700000024
245.95319900000024
246.04530900000023
246.14000400000023
246.21855700000023
246.29122800000025
246.38199700000024
246.46494000000024
246.54953200000023
246.62714200000022
246.7077460000002
246.79489500000022
246.85944200000023
246.93490700000024
247.01789500000024
247.09310000000025
247.15937700000026
247.22971000000027
247.29230200000026
247.35545600000026
247.44307100000026
247.51823900000025
247.58912600000025
247.64968400000024
247.71976900000024
247.80510000000024
247.88344300000023
247.95435200000023
248.04173000000023
248.11890400000024
248.19202100000024
248.26720700000024
248.33439300000023
248.42693100000022
248.48975700000022
248.57881200000023
248.65601000000024
248.72510700000024
248.81009000000023
248.87456600000024
248.94193300000023
249.02689000000024
249.11918600000024
249.19629700000024
249.27125600000025
249.35536900000025
249.41655500000024
249.50015100000024
249.57733300000024
249.65303200000022
249.73471400000022
249.80473200000023
249.87679800000024
249.94760700000023
250.02363300000025
250.09095800000026
250.18500700000027
250.25696000000028
250.36134600000028
250.4396710000003
250.52234600000028
250.6021890000003
250.67980100000028
250.76138500000027
250.8437710000003
250.9157000000003
250.9983130000003
251.06146200000032
251.1456700000003
251.2350050000003
251.29704300000031
251.36791700000032
251.46249600000033
251.53158400000032
251.62199100000032
251.69770600000032
251.76628500000032
251.85233000000034
251.92992500000034
252.00583700000033
252.06175800000034
252.14794400000034
252.20783800000035
252.29533200000034
252.37153300000034
252.43290700000034
252.50544400000035
252.58872400000035
252.66032900000036
252.77444900000037
252.85148600000036
252.93766400000035
253.01653600000034
253.11003800000034
253.19239500000035
253.27402900000035
253.35987800000035
253.42774700000035
253.50409500000035
253.59654900000035
253.66076500000034
253.71051100000034
253.76200400000033
253.81802000000033
253.89716100000032
253.9554220000003
254.0259970000003
254.0830080000003
254.1584210000003
254.26086300000028
254.3393700000003
254.4182110000003
254.4919900000003
254.5643560000003
254.62898800000028
254.72289600000028
254.7903780000003
254.8733200000003
254.9484380000003
255.0468830000003
255.1246890000003
255.21475300000031
255.28335200000032
255.36868900000033
255.44232200000033
255.53323500000033
255.61230300000034
255.70514800000035
255.80248000000034
255.88053000000033
255.96928800000035
256.0643310000003
256.1598830000003
256.25060500000035
256.32353600000033
256.41307100000034
256.4925330000003
256.57558500000033
256.66477700000036
256.75173100000035
256.8550850000004
256.97177900000037
257.0769330000004
257.17539900000037
257.2774760000004
257.38260700000035
257.4809140000003
257.5722880000003
257.6898380000003
257.78875300000027
257.8863690000003
257.9621120000003
258.04740600000025
258.15025700000024
258.24001500000026
258.3376050000003
258.42467200000027
258.50845100000026
258.61283700000024
258.70415700000024
258.7974640000002
258.8930150000002
258.98229800000024
259.0687820000002
259.16427800000025
259.2465330000002
259.34012000000024
259.4235230000002
259.5070580000002
259.6314430000002
259.7285550000002
259.8218430000002
259.90619000000015
259.98987700000015
260.08673100000016
260.17532000000017
260.26630600000016
260.36145500000015
260.44840900000014
260.53619000000015
260.60920300000015
260.68918000000014
260.78407900000013
260.89000500000014
260.97950200000014
261.0785730000001
261.1552380000001
261.2316810000001
261.3166250000001
261.4013370000001
261.48909700000013
261.56677000000013
261.6613570000001
261.74882000000014
261.8390410000001
261.9152080000001
262.0086880000001
262.1004140000001
262.1960280000001
262.2976670000001
262.3923730000001
262.4791560000001
262.59369900000013
262.69987200000014
262.80662700000016
262.91025800000017
262.99674100000016
263.09476600000016
263.19757400000015
263.2806830000001
263.37644900000015
263.45449100000013
263.54298400000016
263.6267100000002
263.72195200000016
263.80446200000017
263.9071250000002
263.98672300000015
264.09326900000013
264.18492200000014
264.26076500000016
264.35316200000017
264.4565850000002
264.5371900000002
264.6150350000002
264.7150940000002
264.7958420000002
264.8763550000002
264.9625690000002
265.0558230000002
265.1504440000002
265.2366080000002
265.3089530000002
265.3870770000002
265.4846340000002
265.5794410000002
265.6619930000002
265.7632660000002
265.85714000000024
265.95025200000026
266.0421020000003
266.1309010000003
266.2325550000003
266.3440140000003
266.4454830000003
266.5376120000003
266.6330230000003
266.72325100000035
266.81601400000034
266.93025000000034
267.00566500000036
267.09395400000034
267.1953650000003
267.2951960000003
267.3735020000003
267.4649080000003
267.5508510000003
267.6322710000003
267.7247170000003
267.8065010000003
267.8889920000003
267.9834400000003
268.06803800000034
268.14496900000034
268.2270900000003
268.31826300000034
268.39919200000037
268.48238200000037
268.55091600000037
268.62999500000035
268.71345800000034
268.7963630000003
268.87841900000035
268.94758700000034
269.03313100000037
269.13412900000037
269.23391700000036
269.3329020000004
269.40693600000037
269.50487700000036
269.5974740000004
269.6774440000004
269.7659700000004
269.8697320000004
269.9625990000004
270.04312200000044
270.14758500000045
270.2355600000004
270.3294440000004
270.4388210000004
270.5450880000004
270.6819100000004
270.79643100000044
270.90278900000044
271.0032790000004
271.1007660000004
271.2022940000004
271.3099830000004
271.4006090000004
271.4894880000004
271.6022820000004
271.6936990000004
271.7620420000004
271.84121600000043
271.9170700000004
271.98115900000045
272.0626230000004
272.14125900000045
272.24370100000044
272.31731300000047
272.4071630000005
272.48858600000045
272.55653800000044
272.61897600000043
272.7086600000004
272.7879180000004
272.8601870000004
272.9425800000004
273.0072220000004
273.0734580000004
273.1810290000004
273.24503100000044
273.32765600000045
273.42616000000044
273.50846200000046
273.58115900000047
273.6700830000005
273.7419100000005
273.82024700000045
273.91029000000043
273.98346200000043
274.05969500000043
274.12810600000046
274.2308980000005
274.3171480000005
274.4087420000005
274.4916170000005
274.5626870000005
274.6353470000005
274.69283500000046
274.76180000000045
274.83638600000046
274.9140980000005
274.97561300000046
275.04225300000047
275.1206680000005
275.20103300000045
275.29467900000043
275.37984400000045
275.4499870000004
275.5266980000004
275.5969130000004
275.67426800000044
275.74424500000043
275.8219030000004
275.9213240000004
275.98496900000043
276.07097500000043
276.1520080000004
276.2141070000004
276.2953630000004
276.3833790000004
276.47002200000037
276.5513340000004
276.6273400000004
276.7097180000004
276.7796020000004
276.8464870000004
276.9216400000004
277.00356000000045
277.0797610000005
277.1630120000005
277.2397880000005
277.30112800000046
277.36836700000043
277.44324000000046
277.5120360000005
277.58258300000045
277.65904800000044
277.7535940000004
277.8309090000004
277.9175670000004
277.98604600000044
278.0728900000004
278.14423500000044
278.22624400000046
278.30792900000046
278.38610800000043
278.4675720000004
278.55874900000043
278.62847000000045
278.73171600000046
278.80953500000044
278.89684100000045
278.98605900000047
279.0746040000005
279.1626490000005
279.2466450000005
279.3234290000005
279.39789400000046
279.49223500000045
279.59141700000043
279.6658810000004
279.7533990000004
279.8379540000004
279.92127400000044
280.00995400000045
280.10782200000045
280.20730700000047
280.2979410000005
280.38145800000046
280.47665100000046
280.56100900000047
280.6438520000005
280.7265420000005
280.8188280000005
280.8767980000005
280.94294100000053
281.0116790000005
281.0890700000005
281.1582500000005
281.2516380000005
281.33882800000055
281.42728800000054
281.50313300000056
281.57807000000054
281.6523720000005
281.7144310000005
281.7773670000005
281.8420850000005
281.9182760000005
282.0011690000005
282.0880350000005
282.1561680000005
282.2443190000005
282.33555500000045
282.4198370000004
282.4924060000004
282.5865400000004
282.6576840000004
282.7480780000004
282.83042900000044
282.91542000000044
283.0093340000004
283.0899830000004
283.17534900000044
283.25711700000045
283.31939800000043
283.37846900000045
283.45006000000046
283.5482830000005
283.61781300000047
283.6993990000005
283.78716500000047
283.8655760000005
283.9385420000005
284.0044250000005
284.07951800000046
284.13873800000044
284.20856100000043
284.28976500000044
284.3594780000004
284.4389820000004
284.51176100000043
284.5730730000004
284.66355400000043
284.74280000000044
284.8107570000004
284.8655890000004
284.9349140000004
284.99631900000037
285.06330300000036
285.13026800000034
285.22581400000036
285.2821370000004
285.35518300000035
285.42991100000035
285.51442600000036
285.58535600000033
285.6469620000003
285.72631700000034
285.79327500000034
285.8708410000003
285.93910200000033
286.01668500000034
286.1004030000003
286.1590300000003
286.2296680000003
286.30392900000027
286.3881280000003
286.4526660000003
286.5224920000003
286.60627800000026
286.66118600000027
286.7383130000003
286.8190950000003
286.8852360000003
286.9596970000003
287.0451190000003
287.1243010000003
287.2020710000003
287.27456900000027
287.34390200000024
287.43326100000024
287.51223400000026
287.5904190000003
287.6678880000003
287.7540800000003
287.8435940000003
287.9125320000003
287.9810020000003
288.06041500000026
288.1449290000003
288.22950100000025
288.31273900000025
288.3878590000003
288.48148400000025
288.56305900000024
288.64768100000026
288.7445750000003
288.82495700000027
288.89825000000025
288.98825400000027
289.07303000000024
289.15946000000025
289.2461550000003
289.3414560000003
289.43383900000026
289.51368500000024
289.59998100000024
289.68746800000025
289.7696130000003
289.87136300000026
289.94918400000023
290.04365400000023
290.1321850000002
290.2312950000002
290.31970400000023
290.3997300000002
290.49074600000023
290.57629200000025
290.66853200000025
290.7635780000003
290.8577120000003
290.9491390000003
291.0439140000003
291.1356020000003
291.2161320000003
291.3035750000003
291.4034270000003
291.4839380000003
291.5882700000003
291.6894490000003
291.7873940000003
291.8788620000003
291.9850050000003
292.0782940000003
292.1554730000003
292.2241940000003
292.3163400000003
292.4003680000003
292.4774130000003
292.5588370000003
292.6342190000003
292.7216750000003
292.79555300000027
292.87593900000024
292.95178300000026
293.01888300000024
293.08409000000023
293.15342400000026
293.20448500000026
293.26653100000027
293.3599200000003
293.4162700000003
293.48980900000026
293.54254100000026
293.60925000000026
293.67810100000025
293.7681730000003
293.84770200000025
293.92101100000025
293.97196600000024
294.0318860000002
294.11209700000023
294.18371700000023
294.25141700000023
294.3305610000002
294.4033560000002
294.4821890000002
294.5446900000002
294.6026150000002
294.6732440000002
294.7308100000002
294.8155000000002
294.8806340000002
294.95868200000024
295.02922200000023
295.10720600000025
295.1655710000002
295.24256400000024
295.32719400000025
295.39552300000025
295.47920700000026
295.55173100000025
295.62012500000026
295.68902200000025
295.76307800000023
295.83813900000024
295.90358900000024
295.97225300000025
296.04090500000024
296.1269620000002
296.1936070000002
296.2734220000002
296.3490120000002
296.4412430000002
296.5264430000002
296.59796000000017
296.6762120000002
296.7639680000002
296.8513470000002
296.9238010000002
296.9809940000002
297.06523100000015
297.14817300000016
297.2319180000002
297.32349200000016
297.41119400000014
297.48659400000014
297.56662700000015
297.6369950000001
297.71610100000015
297.78757000000013
297.86738400000013
297.9556950000001
298.0498260000001
298.13440300000013
298.2346220000001
298.3375840000001
298.4178760000001
298.5161720000001
298.5995410000001
298.6962260000001
298.76242500000006
298.84855100000004
298.93083100000007
298.99847400000004
299.093131
299.16344200000003
299.24366200000003
299.31542
299.37953500000003
299.45218600000004
299.51818700000007
299.60392100000007
299.68452300000007
299.78737200000006
299.86061800000004
299.93047300000006
299.9994310000001
300.0809000000001
300.1609780000001
300.24098600000013
300.32426500000014
300.4159750000001
300.4779360000001
300.5439270000001
300.6139280000001
300.6960180000001
300.7950630000001
300.8965400000001
300.9742520000001
301.0639950000001
301.1366270000001
301.2150060000001
301.2947920000001
301.3668600000001
301.4611220000001
301.5556370000001
301.6234800000001
301.70740200000006
301.78221300000007
301.84350500000005
301.91550400000006
301.97532000000007
302.04025900000005
302.1191610000001
302.2102320000001
302.2814800000001
302.3591770000001
302.4406500000001
302.5175230000001
302.5782340000001
302.64563500000014
302.7309510000001
302.8174340000001
302.8873790000001
302.9654160000001
303.03693600000014
303.10490800000014
303.1825480000001
303.2500690000001
303.3302220000001
303.4251910000001
303.4964490000001
303.5726160000001
303.6569370000001
303.7279140000001
303.81460700000014
303.88694200000015
303.97513500000014
304.04586700000016
304.12502300000017
304.19462400000015
304.2622660000001
304.33648500000015
304.41934300000014
304.48503000000017
304.58814700000016
304.67947400000014
304.78655400000014
304.86188500000014
304.9697850000001
305.0581520000001
305.1491550000001
305.23697900000013
305.3116660000001
305.3776740000001
305.44170200000013
305.51759900000013
305.58243400000015
305.66963000000015
305.75813400000015
305.83376700000014
305.90232300000014
305.97091700000016
306.0556290000002
306.1334610000002
306.2126230000002
306.2823070000002
306.3714860000002
306.44632800000016
306.5260630000002
306.6074640000002
306.6729920000002
306.7449900000002
306.8190270000002
306.8954610000002
306.96652400000016
307.0796780000002
307.1424820000002
307.2203450000002
307.30352300000015
307.38687200000015
307.46036700000013
307.5506320000001
307.6246340000001
307.6892100000001
307.7608380000001
307.8312140000001
307.9030280000001
307.9710690000001
308.0342990000001
308.10889900000006
308.17984400000006
308.24925500000006
308.33411100000006
308.40717700000005
308.47855300000003
308.54852600000004
308.62713900000006
308.7154330000001
308.79399300000006
308.88250000000005
308.96647200000007
309.0413060000001
309.11538300000007
309.1851950000001
309.2579840000001
309.33411500000005
309.39864500000004
309.48629100000005
309.5576290000001
309.64163700000006
309.72883600000006
309.80632600000007
309.87101500000006
309.94049900000005
310.03126100000003
310.09768
310.171594
310.255192
310.34042900000003
310.413515
310.486236
310.55568600000004
310.63009700000003
310.71425100000005
310.80876100000006
310.8814940000001
310.9621920000001
311.0509780000001
311.1199260000001
311.2016990000001
311.2869970000001
311.3878320000001
311.4608990000001
311.5394150000001
311.60820500000005
311.7032280000001
311.7961200000001
311.8789280000001
311.9781950000001
312.07048800000007
312.1690920000001
312.2604600000001
312.3367370000001
312.42457400000006
312.50745700000004
312.596197
312.681514
312.765469
312.859913
312.958271
313.041672
313.138448
313.230196
313.311489
313.39007
313.49327999999997
313.59236899999996
313.673548
313.763619
313.852984
313.934377
314.028552
314.101976
314.18990599999995
314.272007
314.359782
314.440618
314.52469599999995
314.62116399999996
314.713398
314.799847
314.879502
314.961563
315.04751400000004
315.12105900000006
315.20891900000004
315.29791900000004
315.380891
315.46796
315.547998
315.613245
315.678656
315.74478
315.820271
315.907416
315.98240400000003
316.05827800000003
316.127745
316.196046
316.274083
316.372071
316.468241
316.54936299999997
316.636691
316.716613
316.790102
316.866733
316.927527
316.998088
317.082018
317.165923
317.243865
317.332423
317.406884
317.494333
317.586595
317.663523
317.744273
317.820624
317.904897
317.974976
318.056259
318.13415200000003
318.19993200000005
318.27038300000004
318.344284
318.425854
318.519021
318.613443
318.700019
318.782759
318.880951
318.962108
319.051013
319.13347600000003
319.228803
319.303966
319.36992
319.435124
319.50625699999995
319.57839299999995
319.65381799999994
319.72327299999995
319.80145099999993
319.89575999999994
319.97305199999994
320.04268399999995
320.141513
320.223691
320.31578299999995
320.41074399999997
320.50447599999995
320.59478899999993
320.6676949999999
320.75114799999994
320.84905699999996
320.923235
321.00309
321.090985
321.171885
321.264144
321.360733
321.46625
321.547176
321.625605
321.698658
321.770955
321.86802700000004
321.94590500000004
322.02873800000003
322.11226100000005
322.19117200000005
322.28717200000006
322.39281400000004
322.47492100000005
322.56060600000006
322.6372380000001
322.7227220000001
322.8085140000001
322.90788200000014
322.99614000000014
323.07180500000015
323.15663700000016
323.24799600000017
323.33047300000015
323.40817600000014
323.4856080000001
323.5809360000001
323.6754400000001
323.7505450000001
323.8452910000001
323.9294230000001
324.0040580000001
324.0975300000001
324.19454000000013
324.2777840000001
324.3727080000001
324.4589460000001
324.5436570000001
324.6137010000001
324.6888270000001
324.7820690000001
324.8755270000001
324.9689140000001
325.0539800000001
325.1510180000001
325.2376500000001
325.3146490000001
325.39586700000007
325.4843240000001
325.5746860000001
325.6420400000001
325.71623700000015
325.79225300000013
325.85859900000014
325.9607550000001
326.03363000000013
326.12176700000015
326.19795100000016
326.2745140000002
326.36039000000017
326.43830100000014
326.51890300000014
326.61287200000015
326.69295800000015
326.79451800000015
326.86231400000014
326.92879100000016
327.02483400000017
327.1271780000002
327.2195320000002
327.3160790000002
327.41397600000016
327.49602500000015
327.56975500000016
327.6449690000002
327.72523600000017
327.80559700000015
327.90362000000016
327.97678800000017
328.04340900000017
328.11678500000016
328.1986420000002
328.2915380000002
328.3861410000002
328.45740600000016
328.53033300000016
328.63191800000016
328.7199630000002
328.8027600000002
328.8709360000002
328.9511390000002
329.0204590000002
329.0993840000002
329.1815810000002
329.2672470000002
329.3398620000002
329.4218210000002
329.5108340000002
329.5985780000002
329.6804940000002
329.7603050000002
329.83999300000016
329.92670200000015
330.00294300000013
330.0878710000001
330.1652150000001
330.2479840000001
330.3299080000001
330.4068710000001
330.4956800000001
330.58244100000013
330.67251700000014
330.7871220000001
330.89738700000015
330.98401900000016
331.07110100000017
331.1488170000002
331.2315820000002
331.3136000000002
331.40431900000016
331.47966100000014
331.55043900000015
331.6221600000002
331.7003290000002
331.7965050000002
331.8930230000002
331.9699020000002
332.06098500000024
332.1470900000002
332.22676300000023
332.3177930000002
332.3933850000002
332.4726980000002
332.5421270000002
332.6217910000002
332.6941790000002
332.77357500000016
332.8810480000002
332.9902280000002
333.08866400000016
333.1853530000002
333.27035400000017
333.35076200000015
333.4350890000001
333.5122510000001
333.5924780000001
333.6931080000001
333.7877320000001
333.89340700000014
333.9884020000001
334.08099400000015
334.18512200000015
334.29912800000017
334.39641100000017
334.4830390000002
334.5729570000002
334.6637710000002
334.7503600000002
334.8378370000002
334.9400570000002
335.0244180000002
335.1001230000002
335.1829090000002
335.2639880000002
335.3613400000002
335.44799100000023
335.5292260000002
335.6150040000002
335.7061490000002
335.7907740000002
335.87030800000025
335.94960100000026
336.0321300000003
336.1163700000003
336.21206800000033
336.2972060000003
336.4047280000003
336.49590100000034
336.59197100000034
336.68114800000035
336.76093000000037
336.83779900000036
336.92527800000033
337.0093960000003
337.1009870000003
337.1817790000003
337.2576300000003
337.3330490000003
337.4313030000003
337.5449950000003
337.6482540000003
337.7460550000003
337.8481440000003
337.9402640000003
338.0351810000003
338.1244780000003
338.2095620000003
338.2954120000003
338.39382800000027
338.48938000000027
338.5880790000003
338.69778000000025
338.81267700000024
338.91721200000023
339.00980600000025
339.11225600000023
339.2050180000002
339.29444300000023
339.38522100000023
339.47097000000025
339.5675230000002
339.6771750000002
339.7747510000002
339.8866850000002
339.9834080000002
340.0734890000002
340.1560940000002
340.23380400000025
340.32609000000025
340.4173530000003
340.50023400000026
340.58825300000024
340.67084800000026
340.74510700000025
340.8307640000003
340.91213500000026
340.99534500000027
341.0869700000003
341.1806640000003
341.27496600000035
341.3701670000003
341.45539600000035
341.53483300000033
341.6124050000003
341.7031930000003
341.7787650000003
341.8521770000003
341.9244810000003
341.9977900000003
342.0775330000003
342.1737940000003
342.2538600000003
342.34026000000034
342.42903000000035
342.5282640000004
342.62377400000037
342.72268200000036
342.8110200000004
342.8906540000004
342.9759810000004
343.0830300000004
343.1634900000004
343.2475190000004
343.33128600000043
343.41253500000045
343.5042450000004
343.60840900000045
343.69549600000045
343.7722120000004
343.85521200000045
343.94249800000046
344.01915500000047
344.11342400000046
344.2032700000005
344.2936690000005
344.39061900000047
344.46827900000045
344.55630400000047
344.66613000000046
344.77412000000044
344.8802140000004
345.0028730000004
345.11379800000043
345.2098100000004
345.3115000000004
345.40197500000045
345.50191400000045
345.6019570000005
345.6908330000005
345.7839080000005
345.8839140000005
345.9757570000005
346.0748170000005
346.1652230000005
346.2425800000005
346.3203180000005
346.3970650000005
346.4863410000005
346.5729560000005
346.64548300000047
346.72361600000045
346.8000630000004
346.8758010000004
346.9574400000004
347.04262700000044
347.11997800000046
347.19347300000044
347.27114000000046
347.33972700000044
347.4341380000004
347.5053760000004
347.5917230000004
347.6751290000004
347.7568570000004
347.8650930000004
347.9513950000004
348.03490800000037
348.13606600000037
348.22219400000034
348.31537900000035
348.39775800000035
348.48178400000035
348.5558870000003
348.64291800000035
348.74792800000034
348.83646800000037
348.9248940000004
349.0076990000004
349.0886810000004
349.1892780000004
349.2701020000004
349.3661090000004
349.4692170000004
349.5637960000004
349.64702800000043
349.7248170000004
349.82419200000044
349.90483800000044
349.9915960000004
350.0844770000004
350.1675710000004
350.25439900000043
350.33648700000043
350.42987800000043
350.53311800000046
350.65096800000043
350.7598070000004
350.8475930000004
350.9423830000004
351.02948100000043
351.10926700000044
351.20294700000045
351.29101900000046
351.39467300000047
351.4890940000005
351.5833300000005
351.6716560000005
351.7734860000005
351.86965700000053
351.96106300000054
352.0560570000005
352.1681350000005
352.27183100000053
352.3680170000005
352.46234300000054
352.54602600000055
352.66815200000053
352.7613210000005
352.84700300000054
352.9548320000005
353.0496010000005
353.1598030000005
353.2668850000005
353.3776600000005
353.4923010000005
353.5832130000005
353.68343700000054
353.7801020000005
353.8726830000005
353.9881000000005
354.0798640000005
354.1727970000005
354.2577670000005
354.3465010000005
354.4395550000005
354.5448480000005
354.64325100000053
354.74194700000055
354.84930400000053
354.94459700000056
355.04805900000053
355.14619100000056
355.23512000000056
355.33540100000056
355.4260340000006
355.52098800000056
355.61032100000057
355.7101430000006
355.8158430000006
355.9037170000006
356.0001650000006
356.1007090000006
356.1979680000006
356.2839570000006
356.3756300000006
356.4612840000006
356.5376030000006
356.6091620000006
356.7029330000006
356.7901190000006
356.8849710000006
356.99730400000055
357.07074500000056
357.1690320000006
357.25218800000056
357.3557890000006
357.44785700000057
357.54154000000057
357.6344940000006
357.7157190000006
357.7907070000006
357.86866800000064
357.94598300000064
358.01751400000063
358.0997000000006
358.17774900000063
358.25602500000065
358.32017100000064
358.38823300000064
358.4824210000006
358.5500990000006
358.6105110000006
358.6956730000006
358.7751070000006
358.8381020000006
358.9128920000006
359.0005040000006
359.0695400000006
359.1384980000006
359.2079040000006
359.2919690000006
359.36954800000063
359.4564410000006
359.5364330000006
359.6587600000006
359.7332000000006
359.82220600000056
359.89477500000055
359.9695090000005
360.06622800000054
360.14623700000055
360.22929800000054
360.3076530000005
360.3709060000005
360.4542100000005
360.5206110000005
360.5992030000005
360.6696910000005
360.7501060000005
360.8323070000005
360.89968200000055
360.97156600000056
361.04595800000055
361.10920600000054
361.2030330000005
361.2606500000005
361.3407670000005
361.4485370000005
361.5116480000005
361.5883910000005
361.6613220000005
361.7511040000005
361.8367810000005
361.9034210000005
361.99391600000047
362.0787190000005
362.1732970000005
362.2552890000005
362.3374200000005
362.4148700000005
362.4941690000005
362.58016400000054
362.6541320000005
