0.048041
0.225982
0.430453
0.661624
0.935058
1.149915
1.348084
1.545897
1.745811
1.9512800000000001
2.16054
2.367986
2.556285
2.762222
2.981929
3.194983
3.3871640000000003
3.5869190000000004
3.872733
4.081904
4.2893539999999994
4.489927
4.699155
4.90188
5.1057440000000005
5.300995
5.4927850000000005
5.6978670000000005
5.905019
6.117141
6.304901
6.501755
6.71351
6.9170180000000006
7.111162
7.303634000000001
7.511535
7.7437000000000005
7.941576
8.146462
8.343649
8.543462
8.735966
8.92565
9.120474999999999
9.317227999999998
9.515397999999998
9.714702999999998
9.911414999999998
10.103408999999997
10.331639999999997
10.570443999999997
10.782056999999996
11.007219999999997
11.239105999999996
11.550840999999997
11.787193999999996
12.030690999999996
12.256243999999995
12.475141999999995
12.712260999999994
12.937878999999995
13.253576999999995
13.472199999999994
13.691186999999994
13.980987999999995
14.227288999999995
14.457159999999995
14.762764999999995
14.992890999999995
15.227905999999996
15.464661999999995
15.744213999999996
15.985798999999997
16.217299999999998
16.440863999999998
16.683802999999997
16.903570999999996
17.130172999999996
17.363807999999995
17.627931999999994
17.844721999999994
18.093481999999995
18.361964999999994
18.615452999999995
18.869258999999996
19.131572999999996
19.391146999999997
19.684789999999996
19.941183999999996
20.198456999999998
20.451085999999997
20.777872999999996
21.016278999999997
21.252508
21.494653
21.740667
22.015016999999997
22.271682
22.513006999999998
22.760205999999997
23.009097999999998
23.256019
23.499758999999997
23.823950999999997
24.070907999999996
24.306534999999997
24.552291999999998
24.77207
25.001431999999998
25.240042
25.459877
25.691208999999997
25.915575999999998
26.159415999999997
26.369876999999995
26.603349999999995
26.834753999999997
27.152439999999995
27.450860999999996
27.824390999999995
28.106124999999995
28.363421999999996
28.589127999999995
28.824122999999997
29.062045999999995
29.291775999999995
29.538774999999994
29.784041999999992
30.033500999999994
30.285021999999994
30.531827999999994
30.776739999999993
31.022881999999992
31.299764999999994
31.541641999999992
31.811275999999992
32.11861499999999
32.37111799999999
32.61683399999999
32.87426499999999
33.11801999999999
33.35885399999999
33.59081699999999
33.81074499999999
34.02321499999999
34.234900999999994
34.450677999999996
34.679677
34.896707
35.110968
35.323841
35.538803
35.747576
35.955953
36.175034000000004
36.387286
36.599622000000004
36.812556
37.021394
37.225995
37.428923
37.625586999999996
37.839667999999996
38.051584
38.270959
38.498709999999996
38.721227999999996
38.93574099999999
39.14784399999999
39.367014999999995
39.576792999999995
39.782937
39.990126999999994
40.20551699999999
40.412504999999996
40.627990999999994
40.83981299999999
41.040890999999995
41.244319999999995
41.449034999999995
41.653642999999995
41.859621999999995
42.066714
42.266031999999996
42.467862999999994
42.666273999999994
42.873439
43.073513
43.278345
43.474594
43.684254
43.903056
44.104378
44.315717
44.52095
44.726998
44.934191
45.144295
45.353947
45.557888999999996
45.76428799999999
45.97053
46.168271999999995
46.375882
46.576041
46.77589999999999
46.97277499999999
47.17878599999999
47.38138399999999
47.59000299999999
47.79072799999999
48.00681199999999
48.216472999999986
48.43629699999999
48.66669599999999
48.89571699999999
49.12780399999999
49.34566299999999
49.56848699999999
49.79002299999999
50.010386999999994
50.224039999999995
50.434664
50.65228
50.863034
51.076931
51.281388
51.478537
51.69684
51.912054000000005
52.130099
52.361121000000004
52.59471800000001
52.830509000000006
53.05046300000001
53.27051800000001
53.48625400000001
53.71555500000001
53.94839000000001
54.18997600000001
54.41326700000001
54.635939000000015
54.88296800000001
55.12159000000001
55.34298000000001
55.56877400000001
55.789510000000014
56.01397200000002
56.247309000000016
56.48685300000002
56.72390900000002
56.95839400000002
57.17673800000002
57.39426200000002
57.60168600000002
57.81053900000002
58.02683600000002
58.23914900000002
58.46523100000002
58.68286100000002
58.894415000000016
59.140346000000015
59.35141200000002
59.57082500000002
59.79138400000002
59.99632400000002
60.20123100000002
60.41552600000002
60.62658400000002
60.82349800000002
61.03340500000002
61.24362900000002
61.45055000000002
61.66868200000002
61.87366400000002
62.08359600000002
62.29836200000002
62.50649900000002
62.72330900000002
62.95367100000002
63.19308100000002
63.40670100000002
63.63028300000002
63.85812200000002
64.07645100000002
64.29254900000002
64.51929500000003
64.75126700000003
64.98332100000003
65.22095000000003
65.47205800000003
65.69545600000004
65.92160500000004
66.17165800000004
66.42482900000003
66.66245800000003
66.90672500000002
67.13953800000002
67.38006100000001
67.61424500000001
67.84181600000001
68.08820200000001
68.31710900000002
68.54540200000001
68.77822400000001
69.00082400000001
69.23195100000001
69.45927400000001
69.701733
69.95187
70.21383
70.443136
70.665193
70.88399700000001
71.10388700000001
71.32933100000001
71.548725
71.77979500000001
72.009152
72.233535
72.45065000000001
72.68346600000001
72.927778
73.152832
73.376845
73.594564
73.81604800000001
74.04070000000002
74.28920800000002
74.51783200000001
74.75681800000001
74.99354300000002
75.22322200000002
75.44100000000002
75.67581500000001
75.94727600000002
76.18409600000001
76.422233
76.654328
76.88941700000001
77.13373200000001
77.358096
77.60049500000001
77.84291800000001
78.07408600000001
78.30030300000001
78.52358500000001
78.750257
78.998728
79.322163
79.610821
79.827848
80.04246400000001
80.25615900000001
80.496424
80.727221
80.952794
81.177593
81.395977
81.621894
81.858779
82.100187
82.348608
82.563597
82.818992
83.04794199999999
83.28237899999999
83.50966399999999
83.72499099999999
83.946356
84.165928
84.379233
84.584214
84.796111
84.99622699999999
85.20029799999999
85.41498599999998
85.64104899999998
85.85439199999998
86.10623199999998
86.33092099999998
86.54372599999998
86.74561699999998
86.95738899999998
87.16293899999998
87.36550399999999
87.55714599999999
87.79906599999998
88.04612099999999
88.28804999999998
88.53248099999999
88.78420999999999
89.05602899999998
89.29999699999998
89.52297299999998
89.73160399999998
89.94941799999998
90.17849799999998
90.38248399999998
90.59341399999998
90.79770099999998
91.00805599999998
91.21198399999999
91.42002299999999
91.62088199999998
91.84484699999999
92.05286699999999
92.25742699999999
92.46855699999999
92.724605
92.954135
93.179572
93.468082
93.728235
93.954433
94.17791199999999
94.37149
94.565221
94.77746499999999
94.98565199999999
95.18063299999999
95.36482099999999
95.552567
95.763589
95.979883
96.17140500000001
96.367248
96.576051
96.761009
96.947404
97.151117
97.346861
97.54913
97.745417
97.93846
98.130283
98.351382
98.543459
98.743306
98.938094
99.122437
99.30131
99.50042
99.69411500000001
99.88560600000001
100.07444400000001
100.27028000000001
100.45620500000001
100.64333400000001
100.82201700000002
101.00647800000002
101.18112100000002
101.35260900000002
101.52842500000001
101.71068900000002
101.93494300000002
102.13084100000002
102.31168700000002
102.48874500000002
102.66797400000003
102.84242900000002
103.01486200000002
103.18954100000002
103.37388800000002
103.57896200000002
103.79096100000002
103.95818500000003
104.12937600000002
104.30068900000002
104.46944500000002
104.66055000000001
104.83439300000002
105.01050300000001
105.17743800000001
105.34633500000001
105.51263200000001
105.689333
105.856705
106.020612
106.191266
106.357548
106.52541799999999
106.70463499999998
106.87397799999998
107.04721899999998
107.21629299999998
107.37967299999998
107.56751699999998
107.75139599999999
107.92415199999999
108.10411599999999
108.29649599999999
108.479311
108.66161
108.836141
109.020105
109.21077
109.41266999999999
109.61128199999999
109.81804299999999
110.02102699999999
110.24638499999999
110.447724
110.64398399999999
110.83918999999999
111.03345799999998
111.23267099999998
111.43587699999998
111.63827599999998
111.85361599999997
112.06237099999997
112.26212799999998
112.47142499999998
112.67898299999999
112.88992099999999
113.10957999999998
113.31799899999999
113.52354699999998
113.72397999999998
113.93249699999998
114.12867399999999
114.33292699999998
114.53527399999999
114.75136999999998
114.96335499999998
115.16622499999998
115.40068899999999
115.61995199999998
115.85401599999999
116.06826299999999
116.26974899999999
116.46651499999999
116.67096599999999
116.887029
117.091212
117.296882
117.512874
117.738377
117.96531
118.200264
118.439327
118.64796000000001
118.86228600000001
119.082108
119.35574600000001
119.700078
120.017032
120.301701
120.547511
120.771391
121.00584599999999
121.21633499999999
121.422176
121.64287499999999
121.85583199999999
122.07289599999999
122.29794199999999
122.529485
122.74843399999999
122.96066699999999
123.18467399999999
123.40332299999999
123.61169899999999
123.83787399999999
124.07044299999998
124.28794299999998
124.50118499999998
124.73218299999998
124.95262899999997
125.16945199999998
125.38554199999997
125.59970699999997
125.81584599999996
126.02399899999996
126.22768099999996
126.44512399999996
126.65336599999996
126.86512099999996
127.07178899999995
127.28990399999995
127.51839299999995
127.73424199999995
127.95071399999995
128.15621199999995
128.36296699999994
128.56664399999994
128.77806999999993
128.97736499999993
129.17819499999993
129.39090799999994
129.58599599999994
129.78423199999995
129.97767499999995
130.16920599999995
130.36662599999994
130.57423899999995
130.78120599999994
130.98675099999994
131.18981699999995
131.39627299999995
131.61575699999995
131.82327999999995
132.03365399999996
132.26416499999996
132.47596999999996
132.68182899999996
132.87714499999996
133.07389499999996
133.27479899999997
133.46448399999997
133.65232499999996
133.84327299999995
134.03256699999994
134.22348299999993
134.41374499999992
134.59862799999993
134.77884799999993
134.95803999999993
135.14238599999993
135.33630999999994
135.51955399999994
135.70814399999995
135.89484599999994
136.07263899999995
136.25641899999997
136.45224499999998
136.64129799999998
136.84402599999999
137.05000299999998
137.25866399999998
137.470893
137.686976
137.914999
138.125763
138.33330800000002
138.548278
138.76919700000002
138.969071
139.170951
139.380067
139.581568
139.810706
140.044461
140.24127700000003
140.43845000000002
140.64776500000002
140.840605
141.043148
141.241005
141.444343
141.643046
141.842997
142.046034
142.25681699999998
142.46569499999998
142.662638
142.863859
143.06840599999998
143.272249
143.480966
143.686176
143.89775
144.099801
144.30858700000002
144.530741
144.73830900000002
144.95079500000003
145.14756400000002
145.37648900000002
145.61840700000002
145.830328
146.039402
146.23745399999999
146.43595399999998
146.63842899999997
146.84378399999997
147.03831999999997
147.23217499999998
147.42345699999998
147.625397
147.82449499999998
148.025129
148.21803699999998
148.41862299999997
148.61402999999996
148.80411099999995
148.99786199999994
149.19713599999994
149.38667399999994
149.57280599999993
149.76464599999994
149.95162599999995
150.14327099999994
150.32592999999994
150.50708599999993
150.69092399999994
150.86900399999993
151.04512999999994
151.22253999999995
151.40998999999996
151.60367099999996
151.79874199999998
151.99548499999997
152.19853799999999
152.419763
152.625587
152.818937
153.002142
153.185496
153.393283
153.590646
153.7774
153.965397
154.136029
154.310819
154.498872
154.696101
154.906879
155.102092
155.282264
155.471839
155.66736
155.865328
156.052821
156.276919
156.494651
156.696643
156.91699
157.131937
157.32976499999998
157.528709
157.73819699999999
157.929047
158.125026
158.310315
158.546888
158.740767
158.941495
159.155143
159.365925
159.560812
159.756382
159.965311
160.169913
160.365094
160.548777
160.760138
160.94082400000002
161.13744000000003
161.31821900000003
161.49393000000003
161.66704700000003
161.85014700000002
162.02271800000003
162.20039500000001
162.37681
162.554607
162.72237900000002
162.904996
163.088684
163.261903
163.43818
163.614974
163.789222
163.963
164.143258
164.327521
164.500574
164.671447
164.861525
165.035575
165.211807
165.431274
165.645554
165.835408
166.012788
166.19248
166.409486
166.61434699999998
166.82640999999998
167.02846999999997
167.22225099999997
167.41626399999998
167.62573799999998
167.820248
168.01985399999998
168.20976799999997
168.42514499999996
168.60757899999996
168.79321399999995
168.98810799999995
169.18073199999995
169.37701999999996
169.58137899999997
169.79541599999996
169.99098999999995
170.16850399999996
170.34834699999996
170.52210399999996
170.70186899999996
170.89640399999996
171.09103499999995
171.28425399999995
171.46853599999994
171.64619599999995
171.84585799999994
172.02315699999994
172.21598099999994
172.38825599999996
172.57092299999996
172.74228899999997
172.96558099999996
173.14273999999995
173.32997299999994
173.50030499999994
173.68012699999994
173.85008399999995
174.05391299999997
174.24124699999996
174.42941099999996
174.62919499999995
174.81778999999995
175.00592799999995
175.20048699999995
175.38884099999996
175.57091199999996
175.76715599999997
175.96095199999996
176.14924699999997
176.34453399999998
176.53854099999998
176.73160199999998
176.94489099999998
177.151447
177.366243
177.5802
177.79924799999998
177.99653399999997
178.19098399999996
178.39332999999996
178.59391899999997
178.79880799999998
178.993936
179.188057
179.424726
179.639122
179.855087
180.060759
180.275103
180.470515
180.663802
180.871832
181.07862300000002
181.283834
181.483351
181.691657
181.889965
182.078434
182.263962
182.452116
182.627894
182.809927
182.999134
183.195977
183.386593
183.57341200000002
183.75562200000002
183.954673
184.13888500000002
184.31803100000002
184.49267500000002
184.66384200000002
184.82749500000003
185.00542500000003
185.19822000000002
185.36621800000003
185.54399700000002
185.70627900000002
185.874332
186.030617
186.21085300000001
186.376008
186.544598
186.697166
186.85396
187.012061
187.18738199999999
187.34837199999998
187.509549
187.67403099999999
187.826981
187.99284999999998
188.16172399999996
188.34332499999996
188.50633199999996
188.67331699999997
188.83623199999997
189.00074999999995
189.17445199999995
189.32933899999995
189.52106499999994
189.72590099999994
189.89460699999992
190.0804449999999
190.2413659999999
190.4145969999999
190.5656989999999
190.7258909999999
190.8836549999999
191.0567979999999
191.21467499999991
191.37404099999992
191.52801699999992
191.68352199999993
191.85216299999993
192.02961799999994
192.20103499999993
192.37076699999994
192.53892299999995
192.71998899999994
192.90187799999995
193.06434099999996
193.23620099999997
193.40266999999997
193.56235799999996
193.73978099999997
193.90570299999996
194.09467199999995
194.26479799999996
194.42910399999997
194.60770599999998
194.790676
194.957855
195.135784
195.305273
195.474549
195.643577
195.804253
195.97046899999998
196.13570099999998
196.29761699999997
196.45996499999998
196.63734799999997
196.79582099999996
196.96561199999996
197.13773299999997
197.30312899999996
197.46505099999996
197.62394999999995
197.81244199999995
197.97342899999995
198.14961399999996
198.31291399999995
198.48744899999994
198.65576899999994
198.80906499999995
198.98816499999995
199.14546099999995
199.31213299999996
199.48826699999995
199.64604599999996
199.81414399999994
200.02161399999994
200.19116199999993
200.34993499999993
200.51183899999992
200.66965599999992
200.83183899999992
201.01937099999992
201.18812499999993
201.35662799999992
201.5152679999999
201.6953949999999
201.8655019999999
202.0256349999999
202.1993369999999
202.3699789999999
202.54488399999988
202.71858499999988
202.89267499999988
203.0610889999999
203.2410599999999
203.40158199999988
203.60730799999988
203.77896799999988
203.9398279999999
204.0976079999999
204.2738289999999
204.44826499999988
204.63314699999987
204.80711099999988
205.0114239999999
205.2009179999999
205.39169499999988
205.5842479999999
205.7583469999999
205.9516019999999
206.1569139999999
206.32703699999988
206.50241799999986
206.67027099999987
206.83258099999986
207.03991399999987
207.21648699999986
207.40067299999987
207.59338799999986
207.77426599999987
207.95894899999988
208.16844199999989
208.34257399999987
208.50941999999986
208.68999199999988
208.87980299999987
209.06263099999987
209.23811199999986
209.44469899999987
209.64175699999987
209.82532899999987
210.00311499999987
210.17520999999988
210.3471939999999
210.52285499999988
210.69226999999987
210.86264899999986
211.04681299999987
211.22931699999987
211.40555999999987
211.58929899999987
211.76819999999987
211.96524499999987
212.16449799999987
212.34417799999986
212.52077799999986
212.70765099999986
212.88865799999985
213.06641299999984
213.26048799999984
213.44263799999985
213.63262899999984
213.81441599999985
214.00081799999984
214.17419999999984
214.33731099999983
214.50952899999982
214.68671799999981
214.8746479999998
215.0561759999998
215.22963099999978
215.4108259999998
215.58569899999978
215.75889399999977
215.92217099999976
216.08480299999977
216.25485399999977
216.44141599999978
216.61830899999978
216.78944499999977
216.9568569999998
217.1265909999998
217.28840599999978
217.45081899999977
217.60629299999977
217.76248699999977
217.93049699999978
218.09674699999977
218.30032899999978
218.4576559999998
218.6359439999998
218.7971429999998
218.9633809999998
219.1234869999998
219.27987099999982
219.43278599999982
219.58927099999983
219.74809499999984
219.92587899999984
220.09247499999984
220.23847199999983
220.40384799999984
220.55797899999985
220.70381199999986
220.86838999999986
221.00990099999987
221.18259299999988
221.34661599999987
221.51422599999987
221.66385099999985
221.82439499999984
221.98028699999983
222.13502999999983
222.31170699999984
222.48392299999983
222.65351699999982
222.82353599999982
222.97649599999983
223.1282259999998
223.28532999999982
223.46088499999982
223.62813399999982
223.7908709999998
223.9483869999998
224.1103939999998
224.26223399999978
224.4134689999998
224.55208299999978
224.7019129999998
224.85107599999978
225.02985699999977
225.17443999999978
225.33922599999977
225.49174599999978
225.65804799999978
225.8087909999998
225.9619199999998
226.1108869999998
226.25967899999978
226.4044979999998
226.5555119999998
226.7009179999998
226.8513389999998
227.00288899999978
227.14993099999978
227.29299899999978
227.44384699999978
227.6069939999998
227.7658839999998
227.9278989999998
228.0787989999998
228.23235399999982
228.38253399999982
228.53212799999983
228.68614099999982
228.85512299999982
229.01100099999982
229.1594089999998
229.3093439999998
229.4491849999998
229.5996149999998
229.7447529999998
229.9114399999998
230.0689779999998
230.21929899999978
230.36359899999977
230.50614699999977
230.67651699999976
230.82956099999976
230.98292899999976
231.13859099999976
231.33555699999977
231.50319999999977
231.66765499999977
231.82518099999976
231.98471199999975
232.12615199999973
232.27170099999972
232.4043709999997
232.5326379999997
232.66838499999972
232.80514899999972
232.9343939999997
233.0807499999997
233.2277839999997
233.3767399999997
233.56019299999969
233.7215189999997
233.87182799999968
234.02518599999968
234.16667099999967
234.32693199999966
234.47131699999966
234.61317999999966
234.77530799999965
234.93148599999967
235.08485099999967
235.24181199999967
235.39515599999967
235.53939799999966
235.68902199999965
235.84519299999965
235.99054499999966
236.15289899999965
236.30046299999964
236.47785899999963
236.64047599999964
236.80106799999965
236.96538799999965
237.12097199999965
237.28251499999965
237.45232599999966
237.61637699999966
237.80928699999967
237.99740299999968
238.17344299999968
238.34927299999967
238.51805599999966
238.67647099999965
238.83685699999964
238.99260899999965
239.14730499999965
239.29928599999965
239.48339899999965
239.66414099999966
239.83642199999966
240.04054699999966
240.21898099999967
240.39938899999967
240.58265399999968
240.76151799999968
240.92369199999968
241.1009429999997
241.2719129999997
241.4335349999997
241.59447299999968
241.75268699999967
241.91844799999967
242.09043199999968
242.26270499999967
242.44080299999968
242.62582899999967
242.83725199999967
243.02347299999965
243.20112899999967
243.39949499999966
243.57912599999966
243.74782499999966
243.94026999999966
244.11630499999967
244.28254899999968
244.43975999999967
244.61318299999968
244.7834429999997
244.9535359999997
245.1276789999997
245.29043899999968
245.48944299999968
245.66931599999967
245.83620699999966
246.00749599999966
246.17247499999965
246.33870799999966
246.50780699999964
246.66980399999966
246.83314299999967
246.99391899999966
247.14561699999967
247.30149399999968
247.46160799999967
247.62677799999966
247.79178899999965
247.95360799999966
248.11916999999966
248.31202799999966
248.49768399999965
248.68050399999964
248.86966199999964
249.07175099999964
249.25037899999964
249.42801199999963
249.60721599999962
249.79444499999963
249.97906499999962
250.1607719999996
250.3811789999996
250.5814219999996
250.7750919999996
250.9754449999996
251.1632879999996
251.3370899999996
251.52221999999958
251.73881999999958
251.96844599999957
252.15523799999957
252.34901499999958
252.59548199999958
252.79910099999958
252.97896099999957
253.17136099999956
253.41119099999958
253.61400499999957
253.82720199999957
254.01508799999957
254.20225799999957
254.36660099999958
254.53356699999958
254.68988699999957
254.83290899999957
254.97050499999958
255.1102579999996
255.2678019999996
255.4371449999996
255.5988889999996
255.7548109999996
255.9063849999996
256.0834039999996
256.24398599999955
256.40708399999954
256.57121499999954
256.73448599999955
256.96742699999953
257.1571209999995
257.3606559999995
257.5547959999995
257.7419749999995
257.93410499999953
258.13301899999954
258.33803499999954
258.54549699999956
258.73179999999957
258.9161679999996
259.0999229999996
259.3104239999996
259.5221229999996
259.7169619999996
259.91654799999964
260.1348579999996
260.3388629999996
260.5265259999996
260.7100749999996
260.90001999999964
261.0762239999996
261.2558219999996
261.4421109999996
261.6391989999996
261.8271769999996
262.0149879999996
262.1973319999996
262.3774459999996
262.56869699999964
262.75023299999964
262.92231199999964
263.1361159999996
263.32880799999964
263.50779799999964
263.73397999999963
263.92917299999965
264.12667599999963
264.30277799999965
264.47206499999965
264.6507039999996
264.8268439999996
265.0141169999996
265.1916369999996
265.36836999999963
265.5476789999996
265.76354099999963
265.95398899999964
266.13771999999966
266.3253259999997
266.51110299999965
266.70153799999963
266.87441699999965
267.0610299999997
267.25221099999965
267.4384589999996
267.63011399999965
267.8216089999996
268.0318589999996
268.2251949999996
268.4327919999996
268.6357929999996
268.81669999999957
268.99274199999957
269.1890619999996
269.37044399999957
269.58768499999957
269.76289899999955
269.93875899999955
270.12139199999956
270.32935899999956
270.53414599999957
270.7399909999996
270.9357039999996
271.1267299999996
271.31421999999964
271.50027699999964
271.6885929999996
271.87478599999963
272.0551349999996
272.2390409999996
272.42875599999957
272.6707979999996
272.8783889999996
273.09736799999956
273.29765799999956
273.4997399999996
273.6910639999996
273.8932139999996
274.0968519999996
274.2988339999996
274.4801629999996
274.7011739999996
274.9111409999996
275.13850099999956
275.38976699999955
275.6142949999996
275.85088099999956
276.06758599999955
276.26537599999955
276.48164799999955
276.6776919999995
276.88434999999953
277.0873249999995
277.29985099999953
277.5260859999995
277.73271299999953
277.97014999999953
278.1553849999995
278.3467529999995
278.5370669999995
278.71841599999954
278.91252999999955
279.0949769999996
279.2735319999996
279.44532499999957
279.61915899999957
279.7853729999996
279.9870779999996
280.1937849999996
280.3812839999996
280.5681669999996
280.7671039999996
280.9415259999996
281.1080429999996
281.2672919999996
281.4369619999996
281.5964929999996
281.7584589999996
281.9171209999996
282.0740679999996
282.2602019999996
282.44001299999957
282.62893899999955
282.80742499999957
282.98896399999956
283.17954399999957
283.3623989999996
283.5556799999996
283.7331769999996
283.9188109999996
284.0887219999996
284.2493369999996
284.39922799999965
284.55186099999963
284.71546599999965
284.8808929999997
285.05189999999965
285.2638179999997
285.4695969999997
285.65188199999966
285.8342189999997
286.02152199999966
286.2101669999997
286.4002499999997
286.5685839999997
286.7457929999997
286.9317909999997
287.1185769999997
287.30385799999965
287.48656699999964
287.6662609999996
287.8430299999996
288.0270379999996
288.2109829999996
288.3960369999996
288.6015459999996
288.77948399999957
288.9539919999996
289.14674899999955
289.31090799999953
289.48673599999955
289.65732999999955
289.82090399999953
290.0048039999995
290.1772179999995
290.3458349999995
290.5267439999995
290.6965149999995
290.8704449999995
291.0489269999995
291.2783609999995
291.5004309999995
291.7457649999995
291.9474199999995
292.1312539999995
292.3180429999995
292.5221929999995
292.6888389999995
292.85730699999954
293.02728599999955
293.19634999999954
293.4020499999995
293.6323689999995
293.8260639999995
294.0182229999995
294.20601299999953
294.3854599999995
294.5770119999995
294.7872239999995
294.98094999999955
295.17070099999955
295.3483049999995
295.5284439999995
295.69725299999953
295.87103499999955
296.04388699999953
296.2310149999995
296.4390739999995
296.6448369999995
296.88146999999947
297.0971549999995
297.28193699999946
297.4651069999995
297.64466399999947
297.8218189999995
298.0104259999995
298.2202539999995
298.3974239999995
298.5680639999995
298.7560749999995
298.93755199999947
299.12298899999945
299.29725099999945
299.48226999999946
299.67234299999944
299.86402899999945
300.04428599999943
300.2443599999994
300.4421099999994
300.6551629999994
300.85811899999936
301.08367699999934
301.29241199999933
301.48105399999935
301.69241399999936
301.9014269999994
302.1117259999994
302.3170979999994
302.52519299999943
302.7317509999994
302.93268299999943
303.13875299999944
303.3488849999994
303.5339379999994
303.7270309999994
304.03633999999937
304.23929199999935
304.52423799999934
304.71742899999936
304.91602799999936
305.11865699999936
305.3133069999994
305.5049719999994
305.6794129999994
305.85626999999937
306.02523999999937
306.2027379999994
306.3721829999994
306.5616079999994
306.7471289999994
306.9168479999994
307.11410499999937
307.30586099999937
307.50786099999937
307.68593799999934
307.8614669999993
308.05636299999935
308.25322799999935
308.44578699999937
308.6155849999994
308.7834959999994
308.95270199999936
309.13793199999935
309.3426439999993
309.5824539999993
309.7869799999993
309.97872199999927
310.1573239999993
310.3446859999993
310.5283119999993
310.7099719999993
310.89323199999933
311.09272699999934
311.32744299999933
311.5159859999993
311.7281629999993
312.0050019999993
312.2196199999993
312.52312199999926
312.7456279999993
312.96764499999927
313.15589899999924
313.33897699999926
313.51392499999923
313.68833799999925
313.85872699999925
314.02662099999924
314.19236799999925
314.34884199999925
314.51678199999924
314.67344099999923
314.8377579999992
315.00388299999923
315.1728159999992
315.3484529999992
315.54042299999924
315.71672899999925
315.8835479999992
316.04787799999923
316.2025589999992
316.3540009999992
316.5100419999992
316.6571109999992
316.81512699999917
316.97023999999914
317.12793099999914
317.28994499999914
317.49106699999913
317.67184799999916
317.83965199999915
318.00017599999916
318.1644999999992
318.3279239999992
318.4936169999992
318.6562849999992
318.81469999999916
318.96950699999917
319.14273899999915
319.31428499999913
319.48605899999916
319.6701989999992
319.84464999999915
320.00994599999916
320.21543699999916
320.39969199999916
320.5900179999992
320.7830329999992
320.9682619999992
321.1587609999992
321.3317339999992
321.5062609999992
321.6963139999992
321.87888599999917
322.06407099999916
322.24199099999913
322.4210749999991
322.6025499999991
322.7961019999991
322.9884839999991
323.17469099999914
323.35767999999916
323.54144899999915
323.72406599999914
323.90383699999916
324.0905649999992
324.2801529999992
324.4581709999992
324.6466869999992
324.8264939999992
325.03270899999916
325.22581999999915
325.41394699999915
325.59835699999917
325.79839899999916
325.97290899999916
326.16048699999914
326.3535809999991
326.54289599999913
326.7238529999991
326.9255329999991
327.10834599999913
327.30744099999913
327.4973329999991
327.6798629999991
327.9055299999991
328.1060839999991
328.3173269999991
328.5396399999991
328.7497719999991
328.9598679999991
329.1418309999991
329.3493889999991
329.5506049999991
329.7465929999991
329.9240719999991
330.10462799999914
330.28022099999913
330.47726499999914
330.70600699999915
330.93527099999915
331.11764399999913
331.30536999999913
331.48885299999915
331.69445399999915
331.89853399999913
332.08526099999915
332.2993159999991
332.4886269999991
332.6881489999991
332.8861569999991
333.07013599999914
333.25248099999914
333.45400099999915
333.64541399999916
333.85148599999917
334.0720359999992
334.2688329999992
334.4658059999992
334.6773269999992
334.8951329999992
335.08496199999917
335.2768469999992
335.4827209999992
335.6662549999992
335.8809969999992
336.0882899999992
336.2795619999992
336.4708779999992
336.65246299999916
336.86659599999916
337.06610099999915
337.2669209999992
337.4644779999992
337.6602369999992
337.8566439999992
338.09679999999923
338.32702999999924
338.5541429999992
338.7651299999992
338.9755659999992
339.28851199999923
339.4992939999992
339.82048199999923
340.1375149999992
340.36436099999923
340.5705529999992
340.78328099999925
340.98991199999926
341.1983849999993
341.4064369999993
341.6391399999993
341.8414579999993
342.07107199999933
342.30209299999933
342.55028099999936
342.7837479999994
343.0180319999994
343.24606499999936
343.46809899999937
343.67508099999935
343.8717099999993
344.0708999999993
344.27023599999933
344.4728679999993
344.67380199999934
344.87180499999937
345.1365419999994
345.3461909999994
345.5520629999994
345.7675529999994
345.9774729999994
346.1734539999994
346.3732999999994
346.5689339999994
346.7608079999994
346.95517899999936
347.15378799999934
347.35524199999935
347.5544389999994
347.75207599999936
347.9658169999994
348.1608089999994
348.3567929999994
348.54498499999943
348.7471469999994
348.9386849999994
349.1351399999994
349.3334249999994
349.5184509999994
349.7024569999994
349.9103779999994
350.0978359999994
350.2769759999994
350.4935939999994
350.68565399999943
350.95132199999944
351.13279099999943
351.3091099999994
351.4834939999994
351.6701759999994
351.8992669999994
352.1201719999994
352.3119039999994
352.4860469999994
352.6737019999994
352.8512599999994
353.0789899999994
353.2777949999994
353.4916989999994
353.70053199999944
353.8941389999994
354.0966639999994
354.2940499999994
354.4731759999994
354.6567359999994
354.84494499999937
355.0409989999994
355.25370099999935
355.47020899999933
355.6931029999993
355.88734799999935
356.07429999999937
356.2623549999994
356.4423499999994
356.6242429999994
356.8120839999994
356.9957379999994
357.19518099999937
357.38234899999935
357.57552599999934
357.81528699999933
358.0474209999993
358.2764469999993
358.47093599999926
358.66177499999924
358.87039199999924
359.0553329999992
359.2353789999992
359.43736999999925
359.6317039999993
359.8373239999993
360.0188169999993
360.20641699999925
360.4269349999993
360.6426209999993
360.8544809999993
361.2026379999993
361.4365819999993
361.71129199999933
361.9246909999993
362.1567129999993
362.35928599999926
362.54859199999925
362.73169999999925
362.91555499999924
363.09586699999926
363.2851579999993
363.51670199999927
363.70931999999925
363.90893199999925
364.12435399999924
364.31430399999925
364.51351399999925
364.7100059999992
364.89527099999924
365.08842299999924
365.27527399999923
365.46199899999925
365.6372869999993
365.81700099999927
365.9965219999993
366.18414399999926
366.40033299999925
366.59294099999926
366.79789099999925
366.98623299999923
367.16089199999925
367.32665799999927
367.49585999999925
367.66714499999927
367.82909999999924
367.99563799999925
368.15519199999926
368.30358199999927
368.4541089999993
368.6026729999993
368.7573519999993
368.9001099999993
369.0474379999993
369.2097749999993
369.4032359999993
369.5419289999993
369.6831129999993
369.8548849999993
370.04200999999927
370.19780899999927
370.35466999999926
370.50093199999924
370.6431209999992
370.7879669999992
370.9316039999992
371.0850639999992
371.2459769999992
371.3968709999992
371.58126999999917
371.73914499999916
371.90580299999914
372.06702399999915
372.33821399999914
372.50569799999914
372.6763679999991
372.86568099999914
373.1020659999991
373.2762869999991
373.4362299999991
373.6218839999991
373.7915469999991
373.97264499999915
374.14187699999917
374.2996769999992
374.4702909999992
374.63512999999915
374.79000299999916
374.9353469999992
375.08550099999917
375.23491299999915
375.38919899999917
375.55241199999915
375.71570299999917
375.90043999999915
376.06850299999917
376.23144099999917
376.39821199999915
376.5569729999992
376.71867699999916
376.87344299999916
377.0316429999992
377.1847629999992
377.3334709999992
377.4898999999992
377.6448569999992
377.8064689999992
377.9559439999992
378.1152029999992
378.2674429999992
378.4244469999992
378.5746899999992
378.77718999999917
378.9385029999992
379.12828299999916
379.27708199999915
379.4220189999992
379.5761759999992
379.72358699999916
379.8917379999992
380.0402449999992
380.2041479999992
380.35891999999916
380.55580599999917
380.71525799999915
380.86227299999916
381.02739799999915
381.18344099999916
381.3443029999992
381.4910689999992
381.6382959999992
381.7848359999992
381.9476349999992
382.1199519999992
382.31293999999923
382.4816659999992
382.6379689999992
382.7957719999992
382.9588969999992
383.1293319999992
383.3248239999992
383.4975799999992
383.7003429999992
383.9154179999992
384.1499639999992
384.4416449999992
384.64304699999917
384.91221299999916
385.18438499999917
385.38824099999914
385.56690999999915
385.75920599999915
385.93538999999913
386.1114599999991
386.2861219999991
386.46685699999915
386.65342899999916
386.83671599999917
387.01577899999916
387.18846599999915
387.35666399999917
387.5342269999992
387.7501899999992
387.92276999999916
388.09265099999914
388.2678859999991
388.4422849999991
388.6018439999991
388.7614949999991
388.9214559999991
389.09913599999913
389.2570389999991
389.4175099999991
389.57167599999906
389.72713499999907
389.8852059999991
390.0384789999991
390.1943739999991
390.35826699999905
390.52403299999906
390.70342799999906
390.89206299999904
391.06712499999907
391.24364899999904
391.403307999999
391.56808499999903
391.721544999999
391.888403999999
392.089596999999
392.267104999999
392.45691099999897
392.73874799999896
392.92697499999895
393.1155199999989
393.3504819999989
393.6063999999989
393.8118049999989
394.0013299999989
394.1860479999989
394.3674739999989
394.5561899999989
394.7314179999989
394.9261599999989
395.1221779999989
395.3142289999989
395.5275039999989
395.7207789999989
395.9140969999989
396.12886999999887
396.31792499999887
396.50223899999884
396.6895429999988
396.8742949999988
397.06653499999885
397.29020799999887
397.4804239999989
397.6617089999989
397.8573409999989
398.03527799999887
398.2127539999989
398.3935259999989
398.56653399999885
398.75698699999884
398.94714599999884
399.1548069999988
399.3602309999988
399.5659539999988
399.7505019999988
399.9375699999988
400.1478269999988
400.3418869999988
400.53281899999877
400.7240679999988
400.9171079999988
401.10189399999877
401.28943799999877
401.4799509999988
401.65687799999876
401.83686399999874
402.01371599999874
402.20225299999873
402.38379799999876
402.56029799999874
402.74109199999873
402.9357849999987
403.1156139999987
403.32480399999866
403.50694999999865
403.68974799999864
403.88289699999865
404.0723229999987
404.28916899999865
404.49414399999864
404.69936299999864
404.89745699999867
405.08951299999865
405.30873399999865
405.52579799999864
405.78932999999864
406.02513899999866
406.23602799999867
406.51750399999867
406.80639299999865
407.0245469999987
407.22265899999866
407.44832599999864
407.65525699999864
407.8576239999986
408.0595349999986
408.2627799999986
408.46026499999857
408.6532559999986
408.8413609999986
409.02952199999856
409.2225569999986
409.39998099999855
409.5776279999985
409.7533359999985
409.92752099999853
410.1046949999985
410.28966599999853
410.4680559999985
410.6496959999985
410.82032599999854
410.99460299999856
411.18661299999854
411.36670499999855
411.53898699999854
411.71522299999856
411.8832879999986
412.05311999999856
412.23681099999857
412.4576679999986
412.6505019999986
412.8302629999986
413.00577199999856
413.18516299999857
413.3812569999986
413.5707119999986
413.7507899999986
413.9712729999986
414.15301899999855
414.32482699999855
414.50792199999853
414.68973899999855
414.8722989999986
415.0494849999986
415.2374729999986
415.4308249999986
415.6350409999986
415.83371499999856
416.04133099999854
416.22339399999856
416.40908099999854
416.5987509999985
416.7843859999985
416.9775349999985
417.1584019999985
417.3305619999985
417.5181049999985
417.7102729999985
417.9023169999985
418.07863999999853
418.28489199999854
418.49714799999856
418.69350099999855
418.9151649999985
419.10381099999853
419.2829239999985
419.4831699999985
419.6745229999985
419.9235909999985
420.1301689999985
420.4054899999985
420.6228639999985
420.81936199999853
421.0841379999985
421.3656339999985
421.57149899999854
421.75748999999854
421.94230299999856
422.1232419999986
422.3014199999986
422.4836449999986
422.6678049999986
422.8428849999986
423.0194789999986
423.19574199999863
423.3626069999986
423.5436449999986
423.7327389999986
423.8980359999986
424.06254599999863
424.23204799999866
424.39583999999866
424.56448999999867
424.73518099999865
424.91473999999863
425.0913449999986
425.2711969999986
425.4436549999986
425.6180979999986
425.7879459999986
425.95668199999864
426.1352949999986
426.2955989999986
426.4647259999986
426.6319859999986
426.79907899999864
426.96257899999864
427.14793099999866
427.32453699999866
427.49386399999867
427.66299699999865
427.83625499999863
428.0164249999986
428.1986399999986
428.38689099999857
428.5759579999986
428.7476009999986
428.9234099999986
429.10365399999864
429.27554999999865
429.4573609999986
429.63168099999865
429.8075069999986
429.97464999999863
430.13936199999864
430.3208579999986
430.48671199999865
430.64469399999865
430.80937099999863
430.9819999999986
431.1453419999986
431.3134579999986
431.4853749999986
431.6755859999986
431.8539059999986
432.05694399999857
432.23954499999854
432.42754599999853
432.6088789999985
432.7874209999985
432.9679659999985
433.1450229999985
433.3231749999985
433.5050499999985
433.6995459999985
433.8829079999985
434.0656269999985
434.3007999999985
434.5198309999985
434.7444529999985
434.93878099999847
435.12777399999845
435.31539399999843
435.5184589999984
435.7119729999984
435.9019099999984
436.0893259999984
436.29876099999836
436.5153889999984
436.7010619999984
436.9040229999984
437.1376489999984
437.36897499999844
437.59235499999846
437.8174459999985
438.0455599999985
438.2383709999985
438.4422289999985
438.6591779999985
438.87798599999854
439.11179199999856
439.3324709999986
439.5850589999986
439.8029439999986
440.0106899999986
440.2025049999986
440.3944799999986
440.60651799999863
440.8446169999986
441.0619939999986
441.2721199999986
441.4753779999986
441.70769599999863
441.9366949999986
442.1477959999986
442.3501699999986
442.5538229999986
442.7602749999986
442.96201899999863
443.1771689999986
443.3887849999986
443.59860999999864
443.84131299999865
444.06047399999864
444.26557399999865
444.48430799999863
444.69697699999864
444.9194509999986
445.1419899999986
445.3644639999986
445.5861399999986
445.8021399999986
446.0166099999986
446.2303889999986
446.45932499999856
446.68400299999854
446.94438499999853
447.15568199999854
447.3698889999985
447.58689899999854
447.80729499999853
448.02547799999854
448.25494599999854
448.4956119999985
448.7150649999985
448.9302509999985
449.1405689999985
449.3533969999985
449.5571219999985
449.7607299999985
449.97426499999847
450.1926929999985
450.40642999999847
450.6218879999985
450.83085499999845
451.04534399999847
451.2549429999985
451.4732619999985
451.6814789999985
451.89064699999847
452.0929589999985
452.3027599999985
452.5130389999985
452.7224329999985
452.9390899999985
453.1563279999985
453.3469129999985
453.5367549999985
453.7554609999985
453.9806849999985
454.1935639999985
454.4327889999985
454.63643899999846
454.83263799999844
455.0452959999984
455.2457039999984
455.4334369999984
455.64339399999835
455.83316899999835
456.0309919999984
456.2562259999984
456.47264099999836
456.7084489999984
456.90964899999835
457.11086699999834
457.3083469999983
457.49960199999833
457.71483499999835
457.90733299999835
458.10338799999835
458.31024399999836
458.50015699999835
458.69091599999837
458.91329499999836
459.11785899999836
459.3112049999984
459.49535799999836
459.68222799999836
459.86592399999836
460.05250499999835
460.2353539999983
460.4146669999983
460.5958629999983
460.7653969999983
460.9371379999983
461.1152419999983
461.2891619999983
461.47479299999833
461.66026599999833
461.83445899999833
462.0250259999983
462.23771299999834
462.41562399999833
462.5983779999983
462.7759789999983
462.9577149999983
463.1519139999983
463.3372539999983
463.5391219999983
463.7413659999983
463.9209919999983
464.1034289999983
464.2910989999983
464.4733299999983
464.6511079999983
464.84364399999833
465.04825699999833
465.22863699999834
465.4171139999983
465.59762799999834
465.78897499999835
465.97799599999837
466.1718889999984
466.3587749999984
466.5442999999984
466.7476029999984
466.9385829999984
467.1231329999984
467.3097829999984
467.4908379999984
467.6741469999984
467.85983599999844
468.05616099999844
468.2692429999984
468.46085699999844
468.63943599999845
468.82067999999845
469.00532399999844
469.18946599999845
469.36849399999846
469.54825299999845
469.73206199999845
469.91371199999844
470.11122399999846
470.28891699999843
470.45927699999845
470.62944099999845
470.80501399999844
470.9707719999984
471.14799499999845
471.3218139999984
471.4943199999984
471.6660009999984
471.8961059999984
472.0721629999984
472.2478059999984
472.42648299999837
472.6272779999984
472.8090259999984
472.99803299999843
473.19031899999845
473.3977779999984
473.5874929999984
473.7724869999984
473.9661849999984
474.1573329999984
474.3530579999984
474.5399389999984
474.7275759999984
474.9191939999984
475.1199159999984
475.3298619999984
475.5197459999984
475.7144899999984
475.9054569999984
476.1030709999984
476.3030909999984
476.5108739999984
476.7075829999984
476.9203089999984
477.11067899999836
477.30130899999835
477.49766499999834
477.69787799999835
477.89099299999833
478.0893739999983
478.3234109999983
478.52477399999833
478.7456709999983
478.9573729999983
479.26792999999833
479.4896799999983
479.7682499999983
479.9747569999983
480.1800189999983
480.3996799999983
480.5985509999983
480.8088319999983
481.0309589999983
481.2207069999983
481.4073499999983
481.5964939999983
481.8006579999983
481.9853589999983
482.18768499999834
482.37290899999834
482.56620699999837
482.7593749999984
482.94870599999837
483.13372999999837
483.3164749999984
483.5012509999984
483.6832959999984
483.8701439999984
484.0730699999984
484.26962699999837
484.4576579999984
484.64833999999837
484.84710799999834
485.03715299999834
485.2212179999983
485.4321439999983
485.6446119999983
485.8314739999983
486.0231029999983
486.2108759999983
486.4010509999983
486.5798509999983
486.7546349999983
486.9517069999983
487.1304279999983
487.3207649999983
487.5134929999983
487.7045909999983
487.8919039999983
488.0862709999983
488.2874959999983
488.4717419999983
488.6566109999983
488.8530309999983
489.0540649999983
489.2533339999983
489.4531269999983
489.6534439999983
489.87990099999826
490.09770499999826
490.29536599999824
490.49783099999826
490.70316999999824
490.90234499999826
491.10997699999825
491.33101899999826
491.54898799999825
491.77208499999824
492.03324699999825
492.26396999999827
492.50983599999824
492.7314309999982
492.9733139999982
493.19828899999817
493.39838499999814
493.60906999999816
493.81717199999815
494.02254099999817
494.23030899999816
494.44543099999817
494.65080999999816
494.86377999999814
495.0679719999981
495.31303399999814
495.5271739999981
495.73886599999815
495.95425499999817
496.1775879999982
496.4015099999982
496.6154139999982
496.8271459999982
497.0461539999982
497.25482299999817
497.4619699999982
497.6713799999982
497.87201499999816
498.07251199999814
498.26769399999813
498.48299599999814
498.6941429999981
498.9033559999981
499.1146499999981
499.3812199999981
499.6177859999981
499.8576219999981
500.05913999999814
500.2551099999981
500.4527459999981
500.6443769999981
500.8634399999981
501.0608949999981
501.2501539999981
501.43396999999806
501.6506389999981
501.84807299999807
502.0397989999981
502.2651119999981
502.4415309999981
502.62958299999815
502.8199559999982
503.04243099999815
503.24652599999814
503.40978999999817
503.6633399999982
503.9449919999982
504.12781899999817
504.38381199999816
504.54168299999816
504.69912499999816
504.87282799999815
505.04436399999815
505.2034849999982
505.37651299999817
505.5395159999982
505.7017519999982
505.9131109999982
506.0863379999982
506.2616099999982
506.4330819999982
506.6145029999982
506.7823239999982
506.9583359999982
507.1173379999982
507.2732979999982
507.4386059999982
507.59661999999815
507.7809119999982
507.95216499999816
508.1083589999982
508.2684579999982
508.4237919999982
508.5946659999982
508.7623799999982
508.9434679999982
509.1066429999982
509.2723099999982
509.43070699999816
509.5923089999982
509.7463679999982
509.9213129999982
510.09854999999817
510.2653349999982
510.4332919999982
510.6007079999982
510.7648399999982
510.9442049999982
511.1018189999982
511.2624159999982
511.4227799999982
511.57625499999824
511.72502299999826
511.87702699999824
512.0313179999982
512.1794119999983
512.3337689999983
512.4868489999983
512.6490659999984
512.8015709999984
512.9568049999983
513.1091319999983
513.2778469999984
513.4525929999984
513.6128439999984
513.7887699999984
513.9554939999985
514.1241759999984
514.2801779999984
514.4368539999983
514.5890669999983
514.7361349999983
514.8987769999983
515.0450059999982
515.1963099999982
515.3471999999982
515.4945479999982
515.6464729999982
515.8013109999982
515.9566259999982
516.1124319999982
516.2641749999982
516.4114249999982
516.5728489999982
516.7225099999982
516.8903619999983
517.0359699999983
517.1827129999983
517.3296459999983
517.4784979999984
517.6375079999983
517.7874649999983
517.9550889999983
518.1391599999984
518.3022259999983
518.4922409999983
518.6687009999984
518.8352489999984
518.9843529999984
519.1241729999983
519.2729409999984
519.4424689999984
519.5862349999984
519.7394449999983
519.8851329999983
520.0380839999983
520.2247979999984
520.4083889999984
520.5760939999983
520.7395639999983
520.8931439999983
521.0647099999983
521.2276829999983
521.3792409999983
521.5381749999983
521.6993239999983
521.8850809999983
522.0570209999983
522.2236789999982
522.3981169999983
522.5710499999982
522.7298759999982
522.8919399999982
523.0390839999982
523.1856579999982
523.3354009999981
523.4874809999981
523.6488009999981
523.8124829999981
523.9655039999981
524.125187999998
524.307928999998
524.466486999998
524.624808999998
524.7743229999979
524.9249009999979
525.0728239999979
525.2182849999979
525.3851849999979
525.536067999998
525.701134999998
525.848004999998
525.997735999998
526.182042999998
526.351435999998
526.520073999998
526.717741999998
526.886145999998
527.052176999998
527.205803999998
527.360621999998
527.509677999998
527.675002999998
527.845934999998
528.009699999998
528.188980999998
528.362792999998
528.558477999998
528.735331999998
528.905983999998
529.067817999998
529.2325109999981
529.4054269999981
529.5737559999981
529.7540539999981
529.905776999998
530.061053999998
530.217537999998
530.364639999998
530.511525999998
530.6558049999979
530.8283719999979
530.982575999998
531.1306009999979
531.2830689999979
531.435379999998
531.581278999998
531.7239039999979
531.8767469999979
532.0323439999978
532.1791149999978
532.3347639999978
532.4972369999978
532.6485069999977
532.8375039999977
533.0180669999977
533.1831269999977
533.3448359999977
533.4967159999977
533.6449399999977
533.8009129999978
533.9479949999977
534.0803789999977
534.2194649999977
534.3793739999977
534.5370649999977
534.7032589999977
534.8735489999978
535.0580589999978
535.2201859999979
535.4002929999979
535.5631509999979
535.7131469999979
535.8751939999979
536.0277559999979
536.176336999998
536.327354999998
536.4959149999979
536.6692519999979
536.8240959999979
536.9823619999979
537.1278949999979
537.2863969999979
537.443801999998
537.5955629999979
537.754368999998
537.917643999998
538.094907999998
538.281496999998
538.446162999998
538.6373379999981
538.8020559999981
538.9624909999981
539.124840999998
539.317264999998
539.4965019999979
539.679388999998
539.867025999998
540.0396359999979
540.2083759999979
540.3727019999978
540.5375319999979
540.727081999998
540.9016759999979
541.0746679999979
541.250307999998
541.432721999998
541.596131999998
541.767069999998
541.9200389999979
542.072810999998
542.2268229999979
542.3792569999979
542.5386839999979
542.6952539999979
542.8611009999979
543.024629999998
543.180061999998
543.353411999998
543.513409999998
543.666490999998
543.846132999998
544.006288999998
544.165145999998
544.325459999998
544.478697999998
544.633096999998
544.792391999998
544.945658999998
545.1043679999981
545.2565479999981
545.4039259999981
545.5627639999981
545.7185959999981
545.8778779999981
546.0404239999981
546.1912719999981
546.3595799999981
546.5151569999981
546.6708029999982
546.8224809999981
546.9709699999981
547.1190599999982
547.2635009999982
547.4240929999982
547.5976119999982
547.7652049999982
547.9248149999983
548.0805719999983
548.2622349999982
548.4519309999982
548.6591429999983
548.8247249999982
548.9904229999983
549.1571799999982
549.3363719999982
549.4962439999981
549.6633269999982
549.8219759999981
549.9830989999981
550.1373939999982
550.3136789999982
550.4845259999981
550.6610829999981
550.8463419999981
551.0108199999981
551.1828519999981
551.3861389999981
551.5570109999982
551.7243409999982
551.8851389999982
552.0530319999982
552.2161459999982
552.3740069999982
552.5382699999982
552.6947039999982
552.8800119999981
553.0322309999981
553.1763679999981
553.330927999998
553.483507999998
553.647947999998
553.805013999998
553.955638999998
554.120110999998
554.286845999998
554.478033999998
554.633439999998
554.792591999998
554.944922999998
555.100281999998
555.247605999998
555.407282999998
555.560327999998
555.714469999998
555.872386999998
556.0277939999979
556.199114999998
556.3799229999979
556.547003999998
556.708333999998
556.874275999998
557.0617839999979
557.2602889999979
557.4425959999979
557.6294799999979
557.8280029999979
558.0506809999979
558.2308329999979
558.4129839999979
558.5964139999979
558.7686509999979
558.941724999998
559.101473999998
559.265958999998
559.425681999998
559.586051999998
559.7398349999979
559.9190619999979
560.0983299999979
560.2618529999979
560.441316999998
560.6254159999979
560.828352999998
561.010209999998
561.191169999998
561.374887999998
561.554313999998
561.7601639999981
561.9288019999981
562.096326999998
562.268244999998
562.442745999998
562.599719999998
562.778182999998
562.961987999998
563.1335639999979
563.3068369999979
563.4713379999979
563.6601409999979
563.8357119999979
564.0156119999979
564.1807339999979
564.3628619999979
564.5581469999979
564.7510159999979
564.9322219999979
565.1192059999979
565.3107079999979
565.4968139999979
565.6971069999979
565.8728589999979
566.0521189999979
566.2395289999979
566.4197509999979
566.6017189999978
566.7746179999979
566.9729529999979
567.1620019999979
567.3784549999979
567.5720989999978
567.7766549999978
567.9914529999978
568.2236679999978
568.4225739999978
568.6293229999977
568.8351839999978
569.0416609999977
569.2416839999977
569.4382059999976
569.6448579999976
569.8360779999977
570.0410309999977
570.2557939999976
570.4813359999977
570.7035399999977
570.9116769999977
571.1115719999976
571.3047589999976
571.5074679999976
571.7130929999977
571.9076209999977
572.1049169999977
572.3077869999977
572.5456959999976
572.7438319999976
572.9382199999976
573.1291439999976
573.3077969999977
573.5061049999977
573.7058319999977
573.9135419999977
574.0902829999977
574.2939609999977
574.4940899999976
574.6982309999977
574.8881449999977
575.0627689999977
575.2503809999977
575.4380579999977
575.6187029999977
575.7981019999977
575.9693839999977
576.1375989999977
576.3707759999977
576.5769109999977
576.7787569999978
576.9452359999977
577.1249909999977
577.3120989999977
577.5045789999978
577.6826609999978
577.8605899999977
578.0427189999978
578.2197869999977
578.3974639999977
578.5747239999978
578.7402819999978
578.9173629999979
579.0881609999979
579.2823939999979
579.4533769999979
579.6143909999979
579.798041999998
579.977970999998
580.180748999998
580.3725279999979
580.5569729999979
580.7423319999979
580.9322109999979
581.0979579999979
581.281163999998
581.479147999998
581.656362999998
581.8524409999981
582.053364999998
582.2643609999981
582.458400999998
582.655823999998
582.842106999998
583.054703999998
583.236399999998
583.405648999998
583.588590999998
583.764472999998
583.9307929999981
584.0980109999981
584.2709639999981
584.4356569999982
584.6563629999981
584.8433059999982
585.0123749999982
585.1791089999982
585.3385999999982
585.5062329999982
585.6643259999983
585.8346749999982
586.0040499999982
586.1771879999982
586.3374509999982
586.5043389999981
586.6718359999982
586.8568889999982
587.0411019999982
587.2078219999983
587.3715769999983
587.5318669999983
587.6914459999983
587.8471779999983
588.0043419999982
588.1555639999982
588.3161719999982
588.4822339999982
588.6462419999982
588.8156319999982
589.0296509999982
589.2148969999982
589.4068679999982
589.5964909999982
589.7857329999982
589.9605239999983
590.1444019999983
590.3245549999983
590.4906829999983
590.6669129999983
590.8717979999983
591.0933939999983
591.2935559999983
591.5158349999982
591.7119639999983
591.9061459999982
592.0921469999982
592.2686709999982
592.4445829999983
592.6346709999982
592.8313719999982
593.0253159999982
593.2465769999982
593.4707129999982
593.6930999999983
593.9090559999983
594.1262609999983
594.3330459999983
594.5426589999983
594.7436519999983
594.9420389999983
595.1505019999984
595.3575799999984
595.5691849999984
595.7874609999983
596.0629239999982
596.3324579999983
596.5681249999983
596.8163949999984
597.0690509999984
597.3001699999984
597.5165519999983
597.7386199999984
597.9783559999984
598.2060669999984
598.4348789999983
598.6603889999983
598.8944519999983
599.1656659999983
599.4241789999983
599.6578789999983
599.9072869999983
600.1626169999982
600.3798819999982
600.5993919999983
600.8536819999982
601.0760229999983
601.2958049999983
601.5093449999982
601.7273899999982
602.0037069999981
602.2397629999981
602.4853589999981
602.709531999998
602.929811999998
603.1590839999981
603.3965909999981
603.6133199999981
603.8247059999981
604.051439999998
604.264509999998
604.482714999998
604.770412999998
605.025792999998
605.261240999998
605.486044999998
605.7001179999979
605.9136469999979
606.137515999998
606.3601509999979
606.5785869999979
606.8023069999979
607.0253529999978
607.2677769999979
607.5043489999979
607.7366249999978
607.9602509999978
608.1903079999978
608.4122779999979
608.6339299999978
608.8511869999978
609.0718299999978
609.2853729999978
609.5051229999978
609.7636879999977
609.9861029999977
610.2156939999977
610.4357789999978
610.6547289999977
610.8689689999977
611.0853809999977
611.3085439999977
611.5380509999977
611.7985999999977
612.0280139999977
612.3023209999977
612.5560049999978
612.8186529999978
613.0619119999977
613.3009929999978
613.5391429999978
613.7762399999978
614.0016499999978
614.2301919999977
614.4620349999977
614.6906049999977
614.9190619999978
615.1502139999977
615.4323319999977
615.6875919999977
615.9676279999977
616.2258829999977
616.4619019999977
616.6980709999978
616.9300529999978
617.1546079999978
617.3796799999977
617.6231019999977
617.8866079999978
618.1582599999978
618.3921199999978
618.6407519999979
619.0479119999978
619.3511599999979
619.673634999998
619.930964999998
620.199320999998
620.460552999998
620.694432999998
620.927675999998
621.165823999998
621.417149999998
621.6538839999979
621.9021339999979
622.1344439999979
622.4136179999979
622.6638079999979
622.9293309999979
623.1813479999979
623.4226669999979
623.6553059999978
623.8748189999978
624.0924069999978
624.3178779999978
624.5369039999978
624.7595379999977
624.9719439999977
625.1880999999977
625.4145159999977
625.6272319999977
625.8793549999976
626.1589029999976
626.3923219999976
626.6057819999977
626.8274519999977
627.0473239999977
627.2659749999978
627.4793899999978
627.6873739999978
627.9119009999978
628.1468099999978
628.3570249999977
628.5703349999977
628.8026949999977
629.0068809999977
629.2531179999977
629.4890449999976
629.7076089999977
629.9204379999977
630.1309019999977
630.3402559999977
630.5355829999977
630.7185749999977
630.9269379999977
631.1308549999977
631.3501309999978
631.5821059999978
631.8160839999978
632.0271119999978
632.2298269999978
632.4268579999979
632.6515049999979
632.9124419999979
633.1689269999979
633.4738309999979
633.7311539999979
634.0433049999979
634.2792869999979
634.5208579999979
634.7360529999979
634.936685999998
635.1387449999979
635.337486999998
635.532899999998
635.728430999998
635.926377999998
636.1279859999979
636.3721249999979
636.587936999998
636.8119319999979
637.028460999998
637.2239489999979
637.4176589999979
637.6116869999979
637.806602999998
638.037308999998
638.237675999998
638.435934999998
638.6388719999981
638.8635159999981
639.071839999998
639.277937999998
639.472539999998
639.669372999998
639.8623459999981
640.0565959999981
640.244421999998
640.4376269999981
640.6277909999981
640.8159219999981
641.025551999998
641.232677999998
641.431763999998
641.617095999998
641.799220999998
641.980661999998
642.159149999998
642.3295649999981
642.503803999998
642.671731999998
642.845907999998
643.036366999998
643.218913999998
643.398964999998
643.575844999998
643.747802999998
643.934003999998
644.1169799999981
644.2963609999981
644.4721809999982
644.6470879999981
644.8897939999981
645.0612249999981
645.2766659999982
645.4615369999982
645.6498249999981
645.8434709999981
646.038689999998
646.219937999998
646.421082999998
646.617309999998
646.824909999998
647.015211999998
647.1975959999979
647.3827099999979
647.6071739999979
647.8109479999979
648.0313349999979
648.2374039999978
648.4275849999979
648.6220949999979
648.8190059999979
649.0222759999979
649.2358539999979
649.4716699999979
649.6811329999979
649.9682309999979
650.1953059999979
650.4451439999979
650.6641519999979
650.8812469999979
651.1066209999979
651.3038329999979
651.5202689999979
651.715283999998
651.925251999998
652.133413999998
652.357071999998
652.546184999998
652.7333439999979
652.9216689999979
653.1085029999979
653.3335299999978
653.5311319999978
653.7205899999977
653.9092139999977
654.0881149999977
654.2688539999978
654.4476189999978
654.6237759999977
654.7917219999978
654.9702449999978
655.1830269999978
655.3685659999977
655.5454739999977
655.7235959999978
655.9212549999978
656.0937869999979
656.2633279999978
656.4369389999979
656.6092899999979
656.8057969999979
656.9785449999979
657.1805809999979
657.3485419999979
657.5193949999979
657.6818089999979
657.8365529999979
657.994671999998
658.153010999998
658.324465999998
658.482376999998
658.647762999998
658.798846999998
658.952882999998
659.108504999998
659.253386999998
659.3971429999981
659.5410859999981
659.6880079999981
659.8299179999982
659.9710689999982
660.1286929999983
660.2737119999983
660.4125059999983
660.5786839999982
660.7188899999983
660.8929179999983
661.0242809999983
661.1552639999983
661.2923449999982
661.4319839999982
661.5657209999982
661.7096309999982
661.8677599999983
662.0231859999983
662.1580239999982
662.2961769999982
662.4361829999982
662.5762049999983
662.7118579999983
662.8600819999983
663.0059969999983
663.1886289999983
663.3231839999983
663.4632749999982
663.5995559999983
663.7548479999983
663.9025049999983
664.0406999999983
664.1736359999983
664.3044919999983
664.4379409999983
664.5649649999983
664.6898949999983
664.8224189999983
664.9519049999983
665.0811349999983
665.2075519999983
665.3548269999983
665.4838699999983
665.6429159999983
665.7664559999984
665.8969759999984
666.0263099999984
666.1612679999984
666.2909099999983
666.4299239999983
666.6153759999984
666.7872619999983
666.9667399999984
667.2299699999984
667.3855279999984
667.5432109999985
667.7525289999985
667.9229069999985
668.0765429999985
668.2413789999986
668.3946889999986
668.5514979999986
668.7128629999986
668.8882149999986
669.0507739999986
669.2111329999985
669.3825099999985
669.5489739999986
669.7197219999986
669.8903439999985
670.0598139999986
670.2348589999986
670.3970929999986
670.5657159999986
670.7275019999986
670.8962609999986
671.0577569999987
671.2181969999987
671.3794839999987
671.5365629999986
671.7082369999987
671.8696039999987
672.0236709999988
672.1917999999988
672.3609169999988
672.5281659999988
672.6953359999989
672.8632309999989
673.0271019999989
673.2100869999989
673.3692189999989
673.533506999999
673.698301999999
673.876396999999
674.048218999999
674.218948999999
674.399334999999
674.577342999999
674.796401999999
674.9752799999991
675.146228999999
675.329949999999
675.506574999999
675.669268999999
675.835867999999
676.010974999999
676.184165999999
676.3393099999989
676.500146999999
676.6751439999989
676.870415999999
677.039037999999
677.221346999999
677.411434999999
677.597583999999
677.7822169999989
677.9542719999989
678.131493999999
678.303278999999
678.495674999999
678.688996999999
678.861497999999
679.033237999999
679.209464999999
679.381330999999
679.552567999999
679.727564999999
679.903797999999
680.084581999999
680.254170999999
680.4241789999991
680.6091859999991
680.7758279999991
680.9454949999991
681.1251769999991
681.2999889999991
681.4802889999991
681.654687999999
681.8233189999991
681.997362999999
682.179384999999
682.346011999999
682.513025999999
682.6866319999989
682.8768799999989
683.0623659999989
683.2487869999989
683.4289409999989
683.6123289999989
683.7944859999989
683.9884329999988
684.2109809999988
684.3924449999988
684.5692139999989
684.7618969999988
684.9497929999989
685.1609139999989
685.3323319999989
685.5358739999989
685.7244229999989
685.8912349999989
686.0568569999989
686.2374639999989
686.4263819999989
686.6124639999989
686.7950499999989
686.966819999999
687.1399209999989
687.3019799999989
687.470827999999
687.6520799999989
687.8408889999989
688.0231659999989
688.238068999999
688.431590999999
688.632868999999
688.814231999999
688.994934999999
689.182276999999
689.3660579999989
689.549407999999
689.7325979999989
689.9150289999989
690.0991769999989
690.278331999999
690.463981999999
690.658958999999
690.854250999999
691.0523859999989
691.2349969999989
691.4222059999989
691.6078179999989
691.7993219999989
691.9771499999989
692.147433999999
692.3294169999989
692.5098979999989
692.6964539999989
692.8779379999988
693.0679509999989
693.2480919999989
693.4268999999989
693.6217889999989
693.7954969999989
693.9789079999989
694.1881669999989
694.3721999999989
694.5638539999989
694.7472739999988
694.9386269999989
695.1197469999988
695.2963969999988
695.4972029999988
695.7201269999988
695.9531939999988
696.1493429999988
696.3305369999988
696.5249299999988
696.7344769999988
696.9206229999988
697.1012219999989
697.2890959999988
697.4762259999989
697.6624149999989
697.9113909999988
698.1160289999989
698.4632509999989
698.6670319999989
698.9451069999989
699.1381079999989
699.3414499999989
699.5569689999988
699.7413359999988
699.9380409999987
700.1270089999988
700.3311019999987
700.5334039999988
700.7442459999987
700.9308149999987
701.1208209999987
701.3025039999987
701.4731059999988
701.6522249999988
701.8632329999988
702.0457409999988
702.2326909999988
702.4225329999988
702.6477139999988
702.8425679999988
703.0460739999987
703.2416189999988
703.4517809999987
703.6412369999987
703.8587209999987
704.0562259999987
704.2490899999987
704.4400429999987
704.6180749999987
704.8037519999988
704.9978249999988
705.1684679999988
705.3484979999988
705.5395759999988
705.7220869999987
705.9323659999988
706.1220129999988
706.3081089999988
706.4974559999988
706.6786649999988
706.8558709999987
707.0642049999988
707.2524199999988
707.4564329999988
707.6388449999988
707.8232189999989
707.9998349999988
708.2007239999988
708.3945729999988
708.5838969999988
708.7692169999989
708.9609819999989
709.140455999999
709.3254849999989
709.533638999999
709.734460999999
709.939113999999
710.134229999999
710.335758999999
710.531773999999
710.719044999999
710.914257999999
711.101514999999
711.287989999999
711.490652999999
711.680463999999
711.924521999999
712.126143999999
712.3585659999991
712.589126999999
712.8903959999991
713.1385199999991
713.379155999999
713.5827709999991
713.7890719999991
714.0105839999991
714.199671999999
714.387492999999
714.577616999999
714.787355999999
714.9913639999991
715.193954999999
715.4074779999991
715.599764999999
715.797704999999
715.9868969999991
716.1913389999991
716.3948469999991
716.6009049999991
716.792657999999
716.992810999999
717.190530999999
717.459545999999
717.699363999999
717.9653319999991
718.1779069999991
718.3842769999991
718.5884169999991
718.7882599999991
718.9921439999991
719.1867239999991
719.3824929999992
719.5720819999991
719.7599979999991
719.952736999999
720.1386009999991
720.334270999999
720.5308999999991
720.7586899999991
720.9773419999991
721.2010499999991
721.420223999999
721.617150999999
721.825032999999
722.0451609999991
722.2616389999991
722.4846459999992
722.6832169999992
722.8883389999992
723.0932219999992
723.2870849999991
723.4917809999992
723.6867539999992
723.9133139999991
724.0996169999991
724.286369999999
724.487045999999
724.719277999999
724.924759999999
725.134848999999
725.323558999999
725.5258519999991
725.7259639999991
725.9673929999991
726.1784019999991
726.3885629999991
726.6107279999991
726.8206489999991
727.0174769999991
727.2152269999991
727.4173789999991
727.633171999999
727.846298999999
728.0429669999991
728.2261929999991
728.4189079999991
728.6167209999991
728.868983999999
729.085486999999
729.299887999999
729.548696999999
729.768083999999
729.959038999999
730.158219999999
730.393347999999
730.5919609999991
730.8053799999991
731.034056999999
731.2174079999991
731.4122779999991
731.6210709999991
731.8110439999991
731.9944349999992
732.1761919999991
732.3622029999991
732.5478149999991
732.743755999999
732.9443969999991
733.1449779999991
733.3274779999991
733.5166009999991
733.6921509999992
733.8645869999991
734.0542769999992
734.2356839999992
734.4334719999991
734.6220489999992
734.8061209999992
734.9943479999991
735.1757619999992
735.3493059999992
735.5302219999992
735.7008329999992
735.8834809999992
736.0669429999991
736.2458489999991
736.4128179999991
736.5975709999991
736.7898239999992
737.0067719999992
737.1928219999992
737.3867529999992
737.5802019999992
737.7550449999992
737.9380879999992
738.1283069999992
738.3025179999992
738.4807759999992
738.6549639999992
738.8336029999991
739.0301139999991
739.2192699999991
739.4114469999992
739.5920569999992
739.7664199999991
739.9419339999992
740.1301649999991
740.3582379999991
740.5476939999991
740.736240999999
740.916950999999
741.092808999999
741.285711999999
741.482664999999
741.679074999999
741.895847999999
742.1195239999989
742.3053219999989
742.5016019999989
742.6925129999989
742.889493999999
743.079258999999
743.2581239999989
743.449482999999
743.673710999999
743.875026999999
744.070185999999
744.259176999999
744.450689999999
744.653329999999
744.860377999999
745.0715319999989
745.295844999999
745.491472999999
745.710857999999
745.9281459999991
746.1364769999991
746.3413289999991
746.5537169999991
746.7422649999991
746.9440229999991
747.1274129999991
747.3193249999991
747.5264779999991
747.7423809999991
747.9760619999992
748.1720469999991
748.369159999999
748.5848799999991
748.782667999999
748.9763619999991
749.1754329999991
749.3866669999991
749.6027679999991
749.8216399999991
750.0336469999991
750.2376559999991
750.4838009999991
750.6976689999991
750.9080679999992
751.1308529999992
751.3308769999992
751.5311659999992
751.7288399999992
751.9283019999992
752.1252499999993
752.3199419999993
752.5150649999993
752.7143499999993
752.9290479999993
753.1248479999992
753.3155039999992
753.5060909999993
753.6944609999993
753.8931449999992
754.1150339999992
754.3139959999993
754.5051479999993
754.6999419999993
754.9010619999992
755.0924609999993
755.3219469999992
755.5646089999992
755.8813489999992
756.0835549999993
756.3390829999993
756.5453729999992
756.7885839999992
756.9722199999992
757.1607849999992
757.3459459999992
757.5265319999992
757.7095039999991
757.8995079999992
758.0859769999992
758.2715239999992
758.4647829999992
758.6536379999992
758.8457989999993
759.0371839999992
759.2280479999993
759.4248569999993
759.6161349999993
759.8025039999993
759.9883679999994
760.1744139999994
760.3630879999994
