0.040793
0.22264699999999998
0.41615199999999997
0.6030169999999999
0.7990929999999999
0.9891249999999999
1.175233
1.3575139999999999
1.564028
1.75736
1.95275
2.148883
2.3455
2.537836
2.735285
2.9251620000000003
3.1039640000000004
3.2887850000000003
3.4705410000000003
3.6496200000000005
3.8317400000000004
4.017008000000001
4.208012000000001
4.387747000000001
4.578169000000001
4.765737000000001
4.951136000000001
5.136766000000001
5.325950000000001
5.5090140000000005
5.692557000000001
5.900606000000001
6.092077000000001
6.280042000000001
6.462166000000001
6.658119000000001
6.850886000000001
7.0504880000000005
7.22529
7.408232
7.605109
7.792298
7.980805
8.175734
8.371782
8.550091
8.735109
8.923871
9.114021
9.297312
9.481943
9.668305
9.846371
10.019635
10.192091
10.361704999999999
10.532960999999998
10.704248999999999
10.873631
11.046206999999999
11.213054999999999
11.383468999999998
11.551765999999999
11.71699
11.892607
12.066153
12.25645
12.430752
12.60501
12.761475
12.926362000000001
13.089275
13.27454
13.468583
13.657075
13.847022
14.03758
14.235899
14.426174
14.611123
14.799655999999999
14.99058
15.182329
15.373209
15.549558
15.737437
15.924994
16.104936
16.284962
16.461744
16.638407
16.807034
16.989335
17.164335
17.348028000000003
17.534625000000002
17.717037
17.919348000000003
18.096130000000002
18.278573
18.457105000000002
18.655787000000004
18.820918000000002
19.00655
19.17651
19.349363
19.517135
19.692732
19.874273
20.039852
20.233252
20.437931
20.632143
20.815618
21.00335
21.197445000000002
21.375929000000003
21.542522
21.705128000000002
21.873849000000003
22.046045000000003
22.218871000000004
22.392730000000004
22.569258000000005
22.744345000000006
22.923356000000005
23.098752000000005
23.266347000000003
23.432363000000002
23.621047
23.790005
23.963443
24.147427
24.312225
24.483437000000002
24.663306000000002
24.834699
25.00876
25.186004999999998
25.348575999999998
25.510986999999997
25.672819999999998
25.838179999999998
26.025824999999998
26.210327999999997
26.380202999999998
26.558152999999997
26.714543999999997
26.870565999999997
27.051019999999998
27.218716999999998
27.381943
27.54395
27.713258
27.882604
28.067342
28.24563
28.415278999999998
28.584628
28.749454999999998
28.917029999999997
29.086907999999998
29.24796
29.418653
29.579477
29.758848
29.926176
30.108055
30.267487
30.440203
30.605286
30.783732999999998
30.953318
31.139272
31.299031999999997
31.479237999999995
31.654938999999995
31.855751999999995
32.022496999999994
32.182261
32.362496
32.534701
32.71083
32.889383
33.092149
33.264036
33.441682
33.615691
33.802845
33.980653
34.149210999999994
34.31674999999999
34.49110799999999
34.66819599999999
34.84959399999999
35.02119199999999
35.191253999999994
35.352070999999995
35.524581999999995
35.707184
35.889652
36.058648999999996
36.228967999999995
36.405235
36.579373
36.754627
36.938524
37.103643
37.280795999999995
37.434605999999995
37.613558
37.784212
37.972071
38.154711
38.332957
38.503922
38.670523
38.859198000000006
39.04237700000001
39.22055100000001
39.39851300000001
39.57191800000001
39.74705500000001
39.94168000000001
40.13672600000001
40.32691000000001
40.50355900000001
40.68169900000001
40.873554000000006
41.05289400000001
41.22852400000001
41.403861000000006
41.586262000000005
41.769732000000005
41.95562100000001
42.147650000000006
42.358343000000005
42.58108800000001
42.76999700000001
42.95733900000001
43.14690300000001
43.32548200000001
43.52330100000001
43.70449900000001
43.89377000000001
44.07835200000001
44.25814800000001
44.43598100000001
44.61567200000001
44.80346700000001
45.00015400000001
45.183856000000006
45.367473000000004
45.56321200000001
45.75011400000001
45.93101900000001
46.110844000000014
46.287632000000016
46.465097000000014
46.637594000000014
46.81144800000001
46.982120000000016
47.168951000000014
47.354936000000016
47.53412800000002
47.72626800000002
47.91398900000002
48.09015300000002
48.27688000000002
48.45437000000002
48.63888300000002
48.81317000000002
49.00533900000002
49.21402500000002
49.39602000000002
49.588655000000024
49.78111800000002
49.97689300000002
50.16392000000002
50.354438000000016
50.53771200000001
50.72483200000001
50.905572000000014
51.10577100000001
51.30082800000001
51.49610000000001
51.695943000000014
51.898139000000015
52.08683000000001
52.27871200000001
52.469532000000015
52.65386500000002
52.837322000000015
53.02850400000001
53.21287700000001
53.40817000000001
53.599218000000015
53.81193900000002
53.99719200000002
54.19972900000002
54.401451000000016
54.603526000000016
54.80343400000002
54.998714000000014
55.20318000000001
55.39633300000001
55.59959400000001
55.80949000000001
56.02489200000001
56.22847300000001
56.43922800000001
56.653754000000006
56.85635700000001
57.07582400000001
57.28427100000001
57.49141000000001
57.69547700000001
57.89952300000001
58.09886600000001
58.31373700000001
58.54166400000001
58.75717700000001
58.96862200000001
59.18368700000001
59.39890800000001
59.60962400000001
59.81274800000001
60.02043000000001
60.22323800000001
60.43239000000001
60.65385700000001
60.874128000000006
61.109122000000006
61.32749200000001
61.55514900000001
61.77180200000001
61.98738900000001
62.21250800000001
62.448806000000005
62.675869000000006
62.90740900000001
63.141971000000005
63.37059500000001
63.58396300000001
63.81158600000001
64.03633300000001
64.25076900000002
64.47405000000002
64.72099800000002
64.95132800000002
65.17234000000002
65.39127100000002
65.60493100000002
65.83790600000002
66.06189600000002
66.28531300000002
66.51208800000002
66.74636700000002
66.96526200000002
67.21407100000002
67.45522800000002
67.69224800000002
67.91977700000002
68.16309000000003
68.38514100000002
68.64339500000001
68.87605800000001
69.11830700000002
69.38113700000001
69.638062
69.88882500000001
70.12561600000001
70.36947
70.60002200000001
70.85724800000001
71.10462600000001
71.36532100000001
71.62796
71.883622
72.132059
72.37562
72.639697
72.89851399999999
73.14114199999999
73.39808599999999
73.65283799999999
73.91029499999999
74.170673
74.43055299999999
74.685859
74.929255
75.177167
75.428956
75.689616
75.941678
76.204154
76.452053
76.70138
76.957881
77.210384
77.45335200000001
77.694934
77.949864
78.19721100000001
78.44202800000001
78.690673
78.957678
79.205041
79.471239
79.76136
80.032675
80.293137
80.574259
80.843634
81.111707
81.37897799999999
81.63689099999999
81.887036
82.146057
82.404129
82.670537
82.928285
83.177477
83.445455
83.70664
83.96705899999999
84.22534099999999
84.48659799999999
84.73478199999998
84.99235399999998
85.25659199999998
85.50865299999998
85.76556699999998
86.02072899999997
86.29445599999997
86.58546699999997
86.86646899999997
87.14019899999997
87.42374099999996
87.69480199999997
87.97555799999996
88.25500599999997
88.53447499999997
88.80032999999997
89.08394799999998
89.36367699999998
89.63278799999998
89.91141599999997
90.18068799999998
90.45122999999998
90.70973799999999
90.95927199999998
91.21336399999998
91.46475799999999
91.715898
91.963038
92.217313
92.467211
92.70901900000001
92.94392100000002
93.18822500000002
93.43928500000001
93.67610200000001
93.93488700000002
94.17740600000002
94.42681400000002
94.67988200000002
94.93762300000002
95.18463200000002
95.42180300000003
95.66751500000002
95.92231400000003
96.17710700000003
96.41675200000003
96.65140600000004
96.88326600000003
97.11814600000004
97.34334300000003
97.56564400000003
97.79466500000004
98.01523400000004
98.24852800000004
98.48712400000004
98.73679300000003
98.97596000000003
99.20967400000004
99.44096200000004
99.65983700000004
99.89137200000003
100.13130100000004
100.35722500000004
100.58653700000004
100.80612600000003
101.02243300000004
101.24706000000003
101.46602600000003
101.69074600000003
101.92133500000003
102.14936700000003
102.37047400000003
102.60475800000003
102.83438100000004
103.07219500000004
103.31877700000004
103.54984400000004
103.78840900000003
104.04146600000003
104.27845700000003
104.51779000000003
104.75252500000003
104.99371400000004
105.22165300000005
105.44216800000005
105.68942200000005
105.90356400000005
106.16080800000005
106.38229700000005
106.59336700000006
106.81085800000005
107.03471700000006
107.24840900000005
107.45829200000006
107.66709200000005
107.87947700000005
108.09419700000005
108.30818700000005
108.52267800000004
108.73524100000004
108.96074800000004
109.18566400000003
109.40658600000003
109.62598800000004
109.85575300000004
110.09621200000004
110.33522800000004
110.56954300000004
110.81143300000004
111.04670600000004
111.27857100000004
111.52698400000004
111.75566700000005
111.98958300000004
112.20601000000003
112.43131500000004
112.67825500000004
112.91896700000004
113.15220100000003
113.39503900000004
113.61931000000004
113.85009100000003
114.07525500000004
114.27928000000004
114.49392600000004
114.71605200000005
114.94300700000005
115.16059700000005
115.36887500000006
115.58451000000007
115.80802800000006
116.04781300000006
116.28989000000006
116.51300400000005
116.75368600000006
116.97106200000006
117.18675900000007
117.40802200000006
117.62167000000007
117.85628000000007
118.07012300000007
118.27926800000007
118.48621200000007
118.69504300000007
118.90478600000007
119.11367600000007
119.32216900000007
119.52836500000008
119.74041500000008
119.96442800000008
120.19559000000008
120.42401500000008
120.65237700000009
120.86865700000008
121.11020200000009
121.34009600000009
121.5698870000001
121.79125100000009
122.00920400000008
122.21704100000008
122.44158600000009
122.66573600000008
122.88795600000007
123.09689400000008
123.32172800000008
123.54100600000008
123.74450300000008
123.95715100000008
124.18615700000008
124.41044400000008
124.63570300000008
124.85512600000008
125.07984400000008
125.31988100000008
125.54037400000009
125.75812000000009
125.9935970000001
126.21814600000009
126.4374010000001
126.65227900000009
126.88013800000009
127.10846100000009
127.32073900000009
127.53153700000009
127.75340100000008
127.98848600000008
128.2303090000001
128.4740240000001
128.7087320000001
128.9310550000001
129.1594230000001
129.3857010000001
129.6088090000001
129.8477840000001
130.0825400000001
130.33077900000012
130.58042900000012
130.8173970000001
131.06524600000012
131.3011010000001
131.5161470000001
131.7466200000001
131.9779860000001
132.2146130000001
132.4609370000001
132.69799600000007
132.93507800000006
133.15695000000005
133.38006200000004
133.59725600000004
133.80877200000003
134.02932300000003
134.25652500000004
134.47768600000003
134.70513600000004
134.92674700000003
135.14623700000004
135.36222400000005
135.57914800000006
135.80174800000006
136.03706200000005
136.24981500000004
136.47480600000003
136.69995000000003
136.93550300000004
137.16691600000004
137.39360100000005
137.61797500000006
137.84337400000007
138.07094400000005
138.31078600000006
138.55079300000006
138.78226500000005
139.00960600000005
139.22863000000004
139.44510000000002
139.66300700000002
139.89919600000002
140.135409
140.37646600000002
140.60807800000003
140.85656800000004
141.08281600000004
141.30023700000004
141.52158100000003
141.74710500000003
141.97277500000004
142.19602300000005
142.42677800000004
142.64502500000003
142.85670100000004
143.07084200000006
143.30502600000005
143.52493300000006
143.73733600000006
143.94372300000006
144.17339900000007
144.40341800000007
144.62719500000009
144.83849800000007
145.05106600000008
145.26126200000007
145.47631100000007
145.69242000000006
145.90592700000005
146.12798900000004
146.34434900000005
146.54295400000004
146.74107600000005
146.93507700000004
147.13076300000003
147.32420000000002
147.533261
147.740127
147.945581
148.165741
148.368236
148.58622499999998
148.785621
148.989124
149.180944
149.38500100000002
149.58263300000002
149.776191
149.979522
150.174151
150.373587
150.57102099999997
150.78345899999997
150.98910999999995
151.19356799999994
151.39986199999996
151.60802599999997
151.82810599999996
152.03915699999996
152.24093299999996
152.44902199999996
152.65652799999995
152.87464799999995
153.08902699999996
153.29061199999995
153.49379299999995
153.71480399999996
153.93523499999995
154.15276299999994
154.36966499999994
154.57430399999993
154.78963399999992
155.00117799999992
155.21087399999993
155.44618099999994
155.66500599999995
155.89644799999994
156.11668399999994
156.33621999999994
156.54914999999994
156.76412099999993
156.98316399999993
157.20123599999994
157.42231499999994
157.63169299999993
157.85526699999994
158.09953999999993
158.33678799999993
158.57630099999992
158.8094739999999
159.0348539999999
159.2649289999999
159.4764099999999
159.6996989999999
159.9151249999999
160.1351429999999
160.35882099999992
160.58234499999992
160.80774799999992
161.0502669999999
161.2885269999999
161.5139759999999
161.7486229999999
161.9739499999999
162.19249099999988
162.41424299999989
162.63215999999989
162.86467999999988
163.08722699999987
163.31654199999988
163.55694499999987
163.79075299999988
164.01636299999987
164.26020799999986
164.48465599999986
164.70837199999986
164.93020699999985
165.14834299999984
165.36817099999985
165.58738999999986
165.80955199999985
166.03189299999985
166.25661099999985
166.47662699999984
166.70151299999984
166.91038299999983
167.12166999999982
167.33513799999983
167.54608399999984
167.76969899999983
167.98929399999983
168.21837299999984
168.43637499999986
168.65560399999987
168.87059899999986
169.08770099999987
169.29117399999987
169.49518499999988
169.70547499999986
169.92301899999987
170.14351099999988
170.35753399999987
170.5696029999999
170.7773959999999
170.9840219999999
171.1796599999999
171.3907049999999
171.5942179999999
171.8188749999999
172.0312989999999
172.2473829999999
172.4553029999999
172.6698099999999
172.8851119999999
173.0966569999999
173.3043219999999
173.5148729999999
173.7328679999999
173.95276199999992
174.1633099999999
174.37352399999992
174.57627499999992
174.78357499999993
174.98900499999993
175.20216799999994
175.39996099999993
175.60227499999993
175.81595899999994
176.02894899999993
176.25520899999992
176.47891799999994
176.69743699999992
176.91637999999992
177.1420249999999
177.3679909999999
177.5815119999999
177.7954759999999
178.0176109999999
178.2360049999999
178.4505409999999
178.6755949999999
178.9067329999999
179.1378429999999
179.3671579999999
179.59978299999992
179.82742099999993
180.05170799999993
180.27092299999993
180.49189399999992
180.7130879999999
180.93508599999993
181.16394899999992
181.38537699999992
181.60311999999993
181.81943099999992
182.0451539999999
182.2783159999999
182.5000399999999
182.7287049999999
182.9564709999999
183.1783169999999
183.3954329999999
183.6106259999999
183.82065899999992
184.02860899999993
184.24365299999994
184.45439199999993
184.68517299999993
184.90921199999994
185.12977399999994
185.34366099999994
185.56408499999995
185.79446299999995
186.01957699999994
186.24219699999995
186.46063099999995
186.68983099999994
186.91870399999993
187.15738999999994
187.39515899999992
187.60656999999992
187.83478599999992
188.05266699999993
188.27637499999992
188.50177299999993
188.71756699999992
188.93284799999992
189.14950699999991
189.37531099999993
189.62415099999993
189.85114599999991
190.09150999999991
190.31937799999992
190.53858799999992
190.75633199999993
190.96570299999993
191.18953399999992
191.3973809999999
191.6071399999999
191.8094339999999
192.0130539999999
192.2204499999999
192.4248869999999
192.6264849999999
192.84332499999988
193.04258799999988
193.23652099999987
193.43011799999988
193.63211499999989
193.8278969999999
194.0229449999999
194.2282769999999
194.4240739999999
194.6264709999999
194.81888399999988
195.0097819999999
195.20908299999988
195.43532899999988
195.6325399999999
195.8293109999999
196.0240999999999
196.2132629999999
196.3931189999999
196.5865859999999
196.7713089999999
196.95523399999988
197.14272799999986
197.32205999999985
197.50885999999986
197.69002899999987
197.88406899999987
198.05930499999988
198.2371889999999
198.4128439999999
198.5870149999999
198.7652749999999
198.9371129999999
199.1150739999999
199.3075969999999
199.4908889999999
199.6710709999999
199.8673829999999
200.0619219999999
200.2346429999999
200.4192969999999
200.6063779999999
200.7919849999999
200.9790769999999
201.1739399999999
201.3532899999999
201.5459439999999
201.7381869999999
201.9381409999999
202.1310099999999
202.33325899999988
202.54033799999988
202.73927699999987
202.93378899999988
203.13848199999987
203.32506099999986
203.50249199999988
203.6872969999999
203.87441899999988
204.05078999999986
204.21725099999986
204.38463599999986
204.56516199999984
204.76786899999985
204.94427099999984
205.11971799999984
205.30241399999983
205.47951799999984
205.65283999999986
205.85972299999986
206.06271599999985
206.24284999999986
206.43602099999987
206.61988999999986
206.80976399999986
206.99337099999985
207.18001699999985
207.37626699999984
207.56157199999984
207.75440099999983
207.93814199999983
208.12605999999982
208.32999299999983
208.54872699999984
208.75105599999983
208.94795199999984
209.14741699999985
209.33697699999985
209.53826799999985
209.73909299999985
209.95697499999986
210.18005699999986
210.39428699999985
210.59925199999984
210.80648399999984
211.02976899999985
211.22634799999986
211.42213299999986
211.61794699999987
211.81760599999987
212.02073599999986
212.21984999999987
212.41972799999988
212.63420199999987
212.82602799999987
213.01620299999988
213.2107119999999
213.4021489999999
213.5870169999999
213.7806049999999
213.9811179999999
214.1822629999999
214.3756129999999
214.5651669999999
214.7627079999999
214.9622039999999
215.1612329999999
215.3569709999999
215.5530859999999
215.74056899999988
215.93618999999987
216.12619199999986
216.31034199999985
216.48978599999984
216.68282899999983
216.87177599999984
217.06647799999985
217.25556999999984
217.44313999999983
217.63332499999984
217.82045899999983
218.01916399999982
218.20605699999982
218.3933559999998
218.5894719999998
218.7772519999998
218.9754929999998
219.1586779999998
219.3614809999998
219.5617709999998
219.7535519999998
219.94159699999977
220.13122999999976
220.31663499999976
220.51221399999977
220.69736099999977
220.90328499999978
221.09675199999978
221.28603199999978
221.4797089999998
221.66273399999977
221.85764899999978
222.06136299999977
222.25508499999978
222.43780399999977
222.61945199999977
222.79976999999977
222.97352999999976
223.16778399999976
223.36531399999976
223.54911799999977
223.75222099999976
223.93848699999975
224.14971299999976
224.35825499999976
224.55130199999977
224.74872099999976
224.94640999999976
225.13476199999977
225.34639199999978
225.5614569999998
225.7594229999998
225.9646849999998
226.1893909999998
226.4115279999998
226.6395649999998
226.8697089999998
227.0934789999998
227.3190959999998
227.5424209999998
227.7656849999998
227.9868169999998
228.2150699999998
228.4399869999998
228.65771899999982
228.8844989999998
229.1071269999998
229.3323249999998
229.5482439999998
229.7675939999998
229.9774619999998
230.2074569999998
230.44053399999981
230.6652199999998
230.8813799999998
231.10468599999982
231.32655999999983
231.54027799999983
231.75156099999984
231.97681899999984
232.18847999999983
232.38668999999982
232.5950739999998
232.8143439999998
233.0250199999998
233.24220199999982
233.4461309999998
233.6437889999998
233.8849759999998
234.0893039999998
234.3020239999998
234.49662999999978
234.6917919999998
234.8896719999998
235.0790709999998
235.2612629999998
235.4452699999998
235.6365199999998
235.83185799999978
236.03182199999978
236.2278739999998
236.41775199999978
236.61082399999978
236.8153989999998
237.01490299999978
237.21425099999976
237.41653399999976
237.62502299999974
237.83548999999974
238.04815399999973
238.25357599999973
238.46146199999973
238.66778899999971
238.8776589999997
239.08758999999972
239.27850699999973
239.47261899999972
239.67829799999973
239.88292999999973
240.07803499999974
240.27832099999975
240.48044899999974
240.67779399999975
240.89688199999975
241.11122999999975
241.31416199999975
241.52637799999977
241.74281499999978
241.96185999999977
242.15813199999977
242.34914599999976
242.54097899999977
242.74595199999976
242.95575199999976
243.17043999999976
243.36914199999975
243.59334099999975
243.80522699999975
244.03332299999974
244.24436199999974
244.45052099999975
244.66274399999975
244.87966499999976
245.09550399999975
245.30363899999975
245.52258899999975
245.73867199999975
245.95438399999975
246.18239799999975
246.40365199999974
246.62867399999973
246.84183599999974
247.05424899999974
247.27737599999975
247.54132799999974
247.75623599999975
247.97439899999975
248.19170299999976
248.41349199999976
248.63966299999976
248.86835599999975
249.09583799999976
249.31796299999976
249.54047799999975
249.76137599999976
249.98957199999975
250.20430499999975
250.42372199999974
250.64541299999973
250.86521699999975
251.09589699999975
251.32305999999974
251.54521999999974
251.78395199999974
252.01923999999974
252.25679699999975
252.48619899999974
252.69747299999975
252.91986099999974
253.14319999999975
253.35845599999976
253.57656899999975
253.79347199999975
254.01956499999974
254.22880899999976
254.43721499999975
254.64589499999974
254.85460599999973
255.07917799999973
255.28918599999972
255.51606099999972
255.7421109999997
255.9605399999997
256.19139099999967
256.41464599999966
256.63894399999964
256.8430029999996
257.0477949999996
257.2600199999996
257.4833659999996
257.7173349999996
257.9380939999996
258.1520719999996
258.3755229999996
258.5870389999996
258.8210459999996
259.0451549999996
259.2936509999996
259.5177309999996
259.72920099999965
259.95891299999965
260.17131299999966
260.39812199999966
260.6246749999997
260.8450839999997
261.0626379999997
261.2862469999997
261.5249209999997
261.76120499999973
261.98879999999974
262.21198199999975
262.44013599999977
262.67066599999976
262.90142099999974
263.1319089999997
263.3619269999997
263.5915889999997
263.8187389999997
264.0663019999997
264.2935839999997
264.5183039999997
264.7384499999997
264.96910499999973
265.1908529999997
265.4154399999997
265.6562969999997
265.89027999999973
266.12683099999975
266.3714849999998
266.61500499999977
266.8511079999998
267.0998899999998
267.3191049999998
267.5427399999998
267.7820719999998
268.0264539999998
268.2783619999998
268.5116519999998
268.7428369999998
268.9816469999998
269.22555599999976
269.4478089999998
269.67050399999977
269.88832899999977
270.11115499999977
270.32444199999975
270.54070699999977
270.7724899999998
271.0094549999998
271.24122699999975
271.47526499999975
271.7011849999997
271.9307939999997
272.1591109999997
272.3832419999997
272.6063409999997
272.8441779999997
273.07255799999973
273.3218619999997
273.5548719999997
273.7866239999997
274.0339149999997
274.2715609999997
274.5002569999997
274.73306599999967
274.96606999999966
275.19304499999964
275.41907199999963
275.6416339999996
275.8562419999996
276.0844999999996
276.3146549999996
276.5386719999996
276.7603129999996
276.9985349999996
277.2232399999996
277.4475259999996
277.6854299999996
277.9226619999996
278.1635949999996
278.3895839999996
278.6287379999996
278.8528499999996
279.0931539999996
279.3319339999996
279.5738049999996
279.8077249999996
280.0510349999996
280.2766099999996
280.4943579999996
280.7162809999996
280.95255499999956
281.1805319999996
281.4089139999996
281.6303849999996
281.8582679999996
282.07898899999964
282.2953859999996
282.50640599999963
282.7242439999996
282.9360959999996
283.1578469999996
283.3904019999996
283.6260449999996
283.8550119999996
284.0862749999996
284.3138459999996
284.5315599999996
284.75111199999964
284.9848399999996
285.20453099999963
285.41886199999965
285.63233499999967
285.85757799999965
286.06995699999965
286.28152099999966
286.4983929999997
286.7032649999997
286.9086329999997
287.1127539999997
287.3296419999997
287.5486229999997
287.75558599999965
287.96907699999963
288.19313799999964
288.40891299999964
288.63208799999967
288.8713429999997
289.09636199999966
289.31190299999963
289.5489439999996
289.7715249999996
289.9903099999996
290.2071729999996
290.4269909999996
290.6556499999996
290.8865799999996
291.1028999999996
291.3157699999996
291.5476659999996
291.79049399999957
292.02609599999954
292.27115599999956
292.5094679999996
292.76208399999956
293.00827799999956
293.2531339999996
293.4956329999996
293.7410559999996
293.99491799999964
294.24366299999963
294.48496199999965
294.73548199999965
294.97593299999966
295.21187899999967
295.44418899999965
295.6876269999997
295.9278779999997
296.1689989999997
296.4025759999997
296.65378999999973
296.8941819999997
297.13964699999974
297.3819309999997
297.6194409999997
297.84554499999973
298.06591399999974
298.28767099999976
298.5244729999998
298.7676669999998
299.0164719999998
299.2536299999998
299.50526699999983
299.7363419999998
299.9876259999998
300.23153699999983
300.4798509999998
300.70016899999985
300.92096299999986
301.14203699999985
301.36059699999987
301.5805079999999
301.8080229999999
302.05311799999987
302.29094099999986
302.51665799999984
302.7417629999998
302.9825879999998
303.2150499999998
303.4431789999998
303.6761399999998
303.9074969999998
304.1656969999998
304.3931829999998
304.6167179999998
304.84325399999983
305.09890399999983
305.33483199999984
305.57733699999983
305.82287399999984
306.0713759999998
306.3226619999998
306.5832989999998
306.8340799999998
307.0693509999998
307.31028899999984
307.54386799999986
307.78935199999984
308.04020799999984
308.30744999999985
308.56849799999986
308.8114869999999
309.0444789999999
309.2751789999999
309.5305459999999
309.7728239999999
310.0074289999999
310.2395749999999
310.4724549999999
310.7058159999999
310.9357059999999
311.1772039999999
311.4083999999999
311.6346079999999
311.8602469999999
312.09990199999993
312.32861899999995
312.57319299999995
312.83077599999996
313.069287
313.31777999999997
313.55179799999996
313.792806
314.02535
314.255791
314.492256
314.735561
314.969429
315.199166
315.427862
315.662552
315.897102
316.139769
316.389355
316.62694400000004
316.87212600000004
317.11291300000005
317.34799200000003
317.58897600000006
317.83943700000003
318.080419
318.322567
318.575479
318.82521399999996
319.06986299999994
319.3278859999999
319.5724419999999
319.82198199999993
320.07652099999996
320.31943799999993
320.5807059999999
320.8301309999999
321.0838399999999
321.3441019999999
321.5998529999999
321.8504989999999
322.1182249999999
322.3817139999999
322.6344099999999
322.9014109999999
323.17879799999986
323.44098699999984
323.70854099999985
323.97770999999983
324.23465899999985
324.50050799999985
324.77184699999987
325.03043399999984
325.30496699999986
325.58279699999986
325.8477379999999
326.1174149999999
326.38651399999986
326.67333399999984
326.95489599999985
327.23058199999986
327.49642699999987
327.7685329999999
328.0519639999999
328.3275399999999
328.61008099999987
328.8751809999999
329.1383229999999
329.4050439999999
329.6797759999999
329.96038099999987
330.23049099999986
330.49708399999986
330.75978199999986
331.04178599999983
331.3161089999998
331.60201299999983
331.8597869999998
332.1311809999998
332.3920649999998
332.65051399999976
332.9208119999998
333.20332999999977
333.46740299999976
333.7471409999998
334.01477499999976
334.26962299999974
334.5412429999997
334.8064619999997
335.09151099999974
335.3628159999997
335.62854299999975
335.90585299999975
336.16628299999974
336.45369199999976
336.71471099999974
336.9948669999997
337.2798739999997
337.5594189999997
337.8227439999997
338.0714929999997
338.3455869999997
338.5967919999997
338.8527799999997
339.1128709999997
339.3704879999997
339.61662399999966
339.8694309999997
340.1283909999997
340.3843089999997
340.6377019999997
340.8973019999997
341.1461029999997
341.40381399999967
341.6613229999997
341.9177009999997
342.1727899999997
342.4180799999997
342.6648629999997
342.91930899999966
343.17612799999966
343.4336209999997
343.69042199999967
343.9362929999997
344.1938059999997
344.4529339999997
344.70287599999966
344.95558599999964
345.2187849999996
345.47580299999964
345.71719999999965
345.97095699999966
346.23153799999966
346.47568299999966
346.72496499999966
346.9694839999997
347.2178539999997
347.4610699999997
347.70847399999974
347.9631889999997
348.19920099999973
348.4654639999997
348.72212199999973
348.97029499999974
349.2157319999997
349.46032399999973
349.70347599999974
349.96139699999975
350.2125779999997
350.46374599999973
350.71059399999973
350.96008999999975
351.20043399999975
351.45459699999975
351.70793399999974
351.96493699999974
352.2027879999997
352.44872699999974
352.70241799999974
352.9542479999997
353.2055789999997
353.4442839999997
353.6926969999997
353.93899599999975
354.18289899999974
354.43195499999973
354.6831089999997
354.9246459999997
355.18641299999973
355.4419789999997
355.6992479999997
355.95149599999974
356.20217099999974
356.4545679999997
356.7112759999997
356.9796199999997
357.24015299999974
357.49105499999973
357.7468019999997
358.0011269999997
358.2521199999997
358.5011219999997
358.76228699999973
359.01608699999974
359.27446699999973
359.53383399999973
359.7886159999997
360.0413349999997
360.2904429999997
360.5369599999997
360.78883299999967
361.0322039999997
361.3003639999997
361.5553409999997
361.82629199999974
362.0738249999997
362.3306969999997
362.5761429999997
362.8300649999997
363.0814079999997
363.3285489999997
363.5812749999997
363.8320509999997
364.0872579999997
364.3327999999997
364.57670599999966
364.8141349999997
365.0659609999997
365.30637299999967
365.5486619999997
365.7964089999997
366.0415589999997
366.2859289999997
366.5242259999997
366.7732459999997
367.0201149999997
367.2752939999997
367.5210659999997
367.75839999999965
367.99447899999967
368.23843199999965
368.48615099999967
368.72206799999964
368.96991799999967
369.23584099999965
369.47916999999967
369.73016099999967
369.97370499999965
370.2189909999997
370.46834899999965
370.70157299999966
370.95503599999967
371.20916599999964
371.45364499999965
371.69920399999967
371.9414769999997
372.1871969999997
372.43603299999967
372.67844799999966
372.92376899999965
373.17232099999967
373.4433669999997
373.6970549999997
373.9574779999997
374.2173469999997
374.47111199999966
374.7357819999997
374.9904109999997
375.2397099999997
375.50159299999973
375.7727199999997
376.03353999999973
376.30283099999974
376.56667699999974
376.82392099999976
377.08763099999976
377.3606979999998
377.6315049999998
377.90510699999976
378.18655899999976
378.4461679999998
378.71402999999975
378.98156499999976
379.25577199999975
379.5283879999998
379.8026809999998
380.0689279999998
380.3314789999998
380.5960579999998
380.8513129999998
381.10680999999977
381.35181499999976
381.59823999999975
381.8518539999998
382.1121639999998
382.35672399999976
382.61156499999976
382.86747299999973
383.12637999999976
383.37142899999975
383.61322899999976
383.8461799999998
384.0673729999998
384.30043199999983
384.5322259999998
384.7723179999998
385.0038069999998
385.23621399999985
385.46486299999987
385.69669899999985
385.94119199999983
386.1615009999998
386.3854959999998
386.61471099999983
386.8509649999998
387.0821029999998
387.3019519999998
387.5235439999998
387.7589159999998
388.0062339999998
388.2547219999998
388.5081409999998
388.7550919999998
389.0031779999998
389.2405319999998
389.5039559999998
389.7592969999998
390.0052649999998
390.24156399999976
390.47004099999975
390.69438299999973
390.9391659999997
391.1644219999997
391.3894409999997
391.6016769999997
391.8266369999997
392.0646679999997
392.3061069999997
392.5438669999997
392.7793749999997
393.0134539999997
393.2397619999997
393.4636539999997
393.6806659999997
393.9083679999997
394.1347069999997
394.3553789999997
394.5966439999997
394.84363599999966
395.07998899999967
395.30957599999965
395.5450219999997
395.7685569999997
395.9852199999997
396.2108559999997
396.43790099999967
396.66874699999966
396.9192089999997
397.14690599999966
397.3711159999997
397.5932029999997
397.8184829999997
398.0329919999997
398.2386659999997
398.4525899999997
398.6754669999997
398.8803719999997
399.0861299999997
399.29867299999967
399.5011359999997
399.71708199999966
399.9344029999997
400.1477389999997
400.3558379999997
400.56755899999973
400.78431899999975
401.00441599999976
401.2263989999998
401.4351279999998
401.6517599999998
401.8646389999998
402.0788569999998
402.3006759999998
402.5026929999998
402.7057629999998
402.9157549999998
403.1115709999998
403.3184699999998
403.5347509999998
403.7479459999998
403.9549869999998
404.1729299999998
404.37629099999975
404.58141599999976
404.77803299999977
404.99300499999976
405.2039339999998
405.4102999999998
405.62057199999975
405.84010899999976
406.05406499999975
406.26235399999973
406.47798699999976
406.67215799999974
406.87258499999973
407.06654699999973
407.2636199999997
407.47594399999974
407.6694419999997
407.8623989999997
408.0522499999997
408.2435309999997
408.4393579999997
408.6235449999997
408.8165419999997
408.9860919999997
409.1595649999997
409.3601089999997
409.54637799999966
409.7260369999997
409.8981509999997
410.0630729999997
410.2347959999997
410.4384829999997
410.6204639999997
410.7958439999997
410.9866409999997
411.1693439999997
411.3681659999997
411.56630099999967
411.7647819999997
411.9711889999997
412.1660889999997
412.3609309999997
412.56442999999973
412.7653499999997
412.9678289999997
413.1758669999997
413.37222599999967
413.5773719999997
413.80276899999967
414.01713199999966
414.23041799999964
414.44171999999963
414.66089999999963
414.8845359999996
415.1100739999996
415.3250599999996
415.53466099999963
415.74701699999963
415.95986599999964
416.1830829999996
416.4040339999996
416.6193839999996
416.83733799999965
417.06577499999963
417.29582099999965
417.51681799999966
417.7305189999997
417.9447859999997
418.16989599999965
418.38850999999966
418.6108319999997
418.8288599999997
419.0503549999997
419.2760139999997
419.5176449999997
419.7571469999997
419.98722999999967
420.20918599999965
420.4262339999996
420.6451519999996
420.8762969999996
421.0910669999996
421.2946149999996
421.50037199999963
421.7188759999996
421.9438929999996
422.1605499999996
422.3718809999996
422.59286599999956
422.80405999999954
423.0169889999995
423.2243629999995
423.4435259999995
423.6557349999995
423.8683379999995
424.0836669999995
424.3024609999995
424.5256599999995
424.7390979999995
424.9462409999995
425.15528899999947
425.3602969999995
425.5588559999995
425.7539139999995
425.9565379999995
426.15746899999954
426.3662939999995
426.58335499999953
426.78264799999954
426.99196199999955
427.19838899999957
427.3978799999996
427.6031419999996
427.8076469999996
428.01613399999957
428.2208249999996
428.4209009999996
428.6260079999996
428.82671599999964
429.03742999999963
429.23656799999964
429.44894499999964
429.64749799999964
429.86872799999963
430.0793119999996
430.2979719999996
430.5168759999996
430.73341299999964
430.9375599999996
431.1394059999996
431.3391499999996
431.54512399999965
431.75030299999963
431.95101499999964
432.16399599999966
432.37103499999967
432.5731209999997
432.7687619999997
432.9590769999997
433.1665379999997
433.3608019999997
433.5515189999997
433.7451109999997
433.93377599999974
434.12678599999975
434.31923799999976
434.51579899999973
434.7037599999997
434.8939909999997
435.0923599999997
435.2791529999997
435.4632129999997
435.6656019999997
435.8690629999997
436.0763559999997
436.2815519999997
436.4943309999997
436.6843949999997
436.8818799999997
437.07636899999966
437.27125999999964
437.4658599999996
437.64790699999963
437.8282299999996
438.0123759999996
438.1961179999996
438.3882839999996
438.5755349999996
438.7617739999996
438.9386679999996
439.1370359999996
439.32979799999964
439.5342589999996
439.7332029999996
439.9265159999996
440.1178869999996
440.3247019999996
440.5154439999996
440.7055049999996
440.8903669999996
441.06846799999965
441.25482599999964
441.4703409999996
441.6543839999996
441.8447039999996
442.02608499999957
442.2020269999996
442.3803639999996
442.5633159999996
442.7524089999996
442.9439179999996
443.1322869999996
443.31593199999963
443.5039559999996
443.6882199999996
443.8701319999996
444.0564829999996
444.2408409999996
444.4285389999996
444.6206029999996
444.8074029999996
444.99734699999965
445.19067399999966
445.3724449999997
445.5641289999997
445.7754689999997
445.9760769999997
446.17531499999967
446.37892299999965
446.57973099999964
446.7873639999996
446.98777899999965
447.18547599999965
447.40193099999965
447.60160699999966
447.80749699999967
448.01688199999967
448.24088399999965
448.44290699999965
448.6441969999996
448.8354829999996
449.0408859999996
449.2390549999996
449.4420379999996
449.64938499999965
449.85485699999964
450.05322299999966
450.25686399999967
450.46213499999965
450.6628859999997
450.86228099999965
451.0780479999997
451.2792349999997
451.4875069999997
451.7171999999997
451.9289059999997
452.1622569999997
452.37448999999975
452.58287899999976
452.7986959999998
452.99583999999976
453.1985759999998
453.4010019999998
453.6059009999998
453.8057779999998
454.0189449999998
454.2357009999998
454.45036199999976
454.66620499999976
454.8854449999998
455.1090369999998
455.3136379999998
455.5278119999998
455.7596019999998
455.9883639999998
456.2121099999998
456.4360179999998
456.6551619999998
456.8728689999998
457.0898339999998
457.30657799999983
457.52453299999985
457.72869999999983
457.9445039999998
458.1581269999998
458.37594399999983
458.59189999999984
458.81931399999985
459.02805199999983
459.2316529999998
459.4324649999998
459.6459859999998
459.8574209999998
460.0616809999998
460.2602589999998
460.4550209999998
460.6466249999998
460.8425429999998
461.0531119999998
461.2492459999998
461.4369089999998
461.6416549999998
461.8519619999998
462.04617899999977
462.24385499999977
462.4542879999998
462.6684789999998
462.8705519999998
463.0715939999998
463.2748329999998
463.50676499999975
463.73190099999977
463.95673299999976
464.1749579999998
464.4072549999998
464.6156299999998
464.8484209999998
465.08956199999983
465.3175739999998
465.5537369999998
465.7856969999998
466.0082189999998
466.2279029999998
466.4787499999998
466.7252469999998
466.9626709999998
467.20130899999975
467.4638859999998
467.72003699999976
467.9648319999998
468.1948109999998
468.4263929999998
468.65794199999976
468.8901669999998
469.1252029999998
469.3544399999998
469.5929099999998
469.8493049999998
470.08821599999976
470.31707099999977
470.54976099999976
470.7907219999998
471.0259139999998
471.2655789999998
471.4866929999998
471.7244139999998
471.9552409999998
472.1806489999998
472.4126629999998
472.6287999999998
472.84415699999977
473.06052899999975
473.27033499999976
473.48703499999976
473.7094729999998
473.93784299999976
474.16420799999975
474.38747899999976
474.6167589999998
474.8426609999998
475.0582819999998
475.2875489999998
475.5150099999998
475.75423599999976
475.9837639999998
476.21785499999976
476.44382899999977
476.6638089999998
476.8771839999998
477.0927069999998
477.2991349999998
477.5150109999998
477.73192299999977
477.94897299999974
478.18892399999976
478.43210899999974
478.64925999999974
478.8702229999997
479.0982319999997
479.3220319999997
479.5548379999997
479.7740369999997
480.00166499999966
480.22473799999966
480.4439069999997
480.68636999999967
480.92448899999965
481.1517869999997
481.39059899999967
481.61897299999964
481.8533759999996
482.0871509999996
482.31881399999963
482.55032799999964
482.7560519999996
482.96801699999963
483.16788899999966
483.3785509999997
483.58789999999965
483.78877799999964
484.0061819999996
484.21779199999963
484.41710299999966
484.62592299999966
484.83060999999964
485.02752299999963
485.2298459999996
485.4456449999996
485.6443139999996
485.8340689999996
486.0315579999996
486.22450099999963
486.4381199999996
486.6360309999996
486.8405909999996
487.04739999999964
487.26501699999966
487.4642409999997
487.6617099999997
487.8658719999997
488.0676499999997
488.27255899999966
488.46802899999966
488.6659709999997
488.8673539999997
489.0694949999997
489.2797239999997
489.4836979999997
489.6898459999997
489.89482899999973
490.10299399999974
490.31335999999976
490.5261819999998
490.73323499999975
490.9397039999998
491.1464489999998
491.3505139999998
491.5527939999998
491.76177799999977
491.96940699999976
492.16233899999975
492.3750859999997
492.5799009999997
492.7912439999997
493.0231069999997
493.2347749999997
493.4528399999997
493.6638629999997
493.8809679999997
494.0854239999997
494.2947609999997
494.4901339999997
494.67272299999973
494.87651399999976
495.0556979999998
495.23707799999977
495.4270739999998
495.61329299999977
495.7985989999998
495.9763339999998
496.15276299999977
496.3607639999998
496.5381619999998
496.7238779999998
496.9021839999998
497.1122429999998
497.2999769999998
497.4843939999998
497.68075299999975
497.8566499999998
498.0383379999998
498.2294799999998
498.4235779999998
498.6048329999998
498.7952659999998
498.9945909999998
499.19292699999977
499.39358599999974
499.60300899999976
499.78902299999976
499.98307199999977
500.17060499999974
500.3588139999997
500.5633299999997
500.76795499999974
500.97037599999976
501.17582099999976
501.3860539999998
501.5912059999998
501.79590799999977
502.00416899999976
502.2068559999998
502.4240219999998
502.6403009999998
502.8635879999998
503.09149299999984
503.31226499999985
503.54083199999985
503.75557999999984
503.99317599999983
504.22581699999984
504.44911399999984
504.67490299999986
504.89461699999987
505.12184199999984
505.3593559999998
505.58847999999983
505.8137169999998
506.04182199999985
506.26895299999984
506.48983099999987
506.71783599999986
506.9587539999999
507.1870439999999
507.4089249999999
507.6241699999999
507.8380689999999
508.05050499999993
508.2723639999999
508.49945699999995
508.71713099999994
508.9453439999999
509.16798499999993
509.40041899999994
509.63177199999996
509.849926
510.0662
510.302038
510.526321
510.765744
510.995471
511.234188
511.463211
511.698882
511.93961800000005
512.166922
512.410819
512.6520139999999
512.8952639999999
513.1646729999999
513.3961149999999
513.6208459999999
513.8428839999999
514.0736599999999
514.3043779999999
514.520413
514.742403
514.965745
515.1831559999999
515.4034419999999
515.6293189999999
515.8519889999999
516.0801869999999
516.3103849999999
516.5448049999999
516.7712759999998
516.9853679999999
517.1972719999999
517.4085839999999
517.6242269999999
517.8423129999999
518.0562169999998
518.2862049999999
518.5218919999999
518.7540779999998
518.9748589999998
519.1974619999999
519.4233339999998
519.6529949999998
519.8758579999998
520.1122729999997
520.3544659999998
520.5861579999997
520.7993759999997
521.0180309999997
521.2319849999997
521.4581339999996
521.6817619999996
521.9043619999997
522.1356199999997
522.3726779999997
522.6100159999997
522.8253209999997
523.0437679999997
523.2562999999997
523.4713209999996
523.6989779999997
523.9139639999996
524.1279439999996
524.3294989999996
524.5532399999996
524.7652819999996
524.9711139999996
525.1906969999995
525.4126839999996
525.6148809999995
525.8252739999995
526.0432659999994
526.2476899999995
526.4560609999995
526.6529639999995
526.8723799999996
527.0915069999995
527.3263599999996
527.5596969999996
527.7772859999995
528.0042029999995
528.2220349999996
528.4341019999996
528.6504489999996
528.8813129999996
529.0974609999996
529.3204969999996
529.5290469999995
529.7543469999995
529.9619189999995
530.1872309999995
530.4249959999995
530.6660759999995
530.8992079999995
531.1140129999994
531.3328479999994
531.5421739999995
531.7835099999995
532.0289899999996
532.2501159999996
532.4832559999996
532.7292619999996
532.9796749999996
533.2087159999996
533.4395909999996
533.6699239999996
533.8840049999995
534.1026569999996
534.3199799999995
534.5357909999996
534.7702199999995
535.0028399999995
535.2243839999995
535.4547599999995
535.6931339999995
535.9226889999995
536.1547899999995
536.3955779999994
536.6218099999994
536.8396989999994
537.0703879999994
537.3135749999994
537.5978239999995
537.8533129999995
538.1121229999995
538.3487159999995
538.5792169999995
538.8157359999996
539.0562379999996
539.2970309999996
539.5172939999997
539.7341689999996
539.9555419999996
540.2044839999996
540.4545289999996
540.7027569999997
540.9423189999997
541.1889239999997
541.4310399999997
541.6738819999997
541.9125329999997
542.1538179999997
542.3894979999997
542.6442379999996
542.8740379999996
543.1068709999996
543.3465919999996
543.5995579999997
543.8552079999996
544.1132609999996
544.3677389999996
544.6372469999995
544.8971579999995
545.1527799999996
545.4093399999996
545.6786409999996
545.9262409999997
546.1632519999997
546.4085209999997
546.6548009999997
546.9037209999997
547.1479459999997
547.3909739999997
547.6329029999997
547.8861499999997
548.1388099999997
548.3828469999997
548.6294729999997
548.8786049999998
549.1152029999997
549.3553279999998
549.5935399999997
549.8363429999997
550.0697549999998
550.3372779999997
550.6057919999997
550.8550779999997
551.1203229999998
551.3769609999997
551.6439519999997
551.9048149999996
552.2050269999996
552.4519429999997
552.7076049999997
552.9643719999997
553.2214369999997
553.4784549999997
553.7221289999998
553.9781649999998
554.2234769999998
554.4691489999998
554.7182589999998
554.9756279999998
555.2150949999998
555.4558399999997
555.6896169999998
555.9208469999998
556.1540179999997
556.3918979999997
556.6320879999997
556.8624429999998
557.1152829999997
557.3422569999998
557.5750879999998
557.7931499999999
558.0302489999998
558.2771139999998
558.5147919999997
558.7437999999997
558.9780399999997
559.2297559999997
559.4891539999998
559.7446929999998
560.0086099999997
560.2717399999998
560.5314329999998
560.7942499999998
561.0669679999999
561.3221299999999
561.5571729999999
561.802471
562.055676
562.288556
562.5322209999999
562.772113
563.010766
563.24307
563.487451
563.723744
563.965191
564.20529
564.451593
564.70662
564.95317
565.204166
565.454964
565.698622
565.955503
566.201644
566.451322
566.691159
566.937599
567.185195
567.425565
567.6674840000001
567.901062
568.1351920000001
568.3722980000001
568.6193460000001
568.877244
569.1276330000001
569.3711800000001
569.6224410000001
569.889253
570.150697
570.4046400000001
570.6609690000001
570.9238930000001
571.1588780000002
571.4010930000002
571.6409020000002
571.8922300000002
572.1332580000002
572.3798330000002
572.6127470000002
572.8484480000002
573.0861240000002
573.3314260000002
573.5836250000002
573.8424830000002
574.0859810000003
574.3304810000003
574.5706410000003
574.8157260000003
575.0555270000003
575.2978080000004
575.5428370000004
575.7785630000004
576.0138010000004
576.2492030000004
576.4787090000004
576.7189480000004
576.9717560000004
577.2264760000004
577.4755560000004
577.7291540000004
577.9955630000004
578.2390020000004
578.4900670000004
578.7455290000004
578.9860060000004
579.2152780000005
579.4527650000005
579.6954900000004
579.9418330000004
580.2023930000005
580.4446030000005
580.6936800000005
580.9331040000005
581.1681630000005
581.4092270000006
581.6729750000005
581.9043250000005
582.1554150000005
582.3995650000005
582.6443360000005
582.9086860000006
583.1832520000006
583.4344720000006
583.6718570000006
583.9184880000006
584.1538060000006
584.3999580000007
584.6466120000007
584.8867300000007
585.1232520000008
585.3544210000008
585.5929500000008
585.8381820000008
586.0820910000008
586.3194830000008
586.5650130000008
586.8234480000008
587.0671890000008
587.3081710000008
587.5540410000008
587.8070970000008
588.0347170000008
588.2662300000007
588.5027680000007
588.7459520000008
588.9914970000008
589.2304190000008
589.4715810000008
589.7216170000008
589.9741010000008
590.2200340000009
590.4586270000009
590.6901150000009
590.9238200000009
591.1589000000009
591.4068740000009
591.6506730000009
591.8976110000009
592.1387760000009
592.3834750000009
592.6127670000009
592.8481650000009
593.089998000001
593.3170030000009
593.5416280000009
593.7626080000009
593.9877850000009
594.207560000001
594.445530000001
594.676715000001
594.910724000001
595.134681000001
595.360220000001
595.5843570000011
595.8080870000011
596.0340890000011
596.2610500000011
596.483242000001
596.711540000001
596.941096000001
597.178773000001
597.408034000001
597.6472320000009
597.8781940000009
598.1133310000009
598.3452950000009
598.5775850000009
598.8064790000009
599.0249220000009
599.2513000000008
599.4720080000008
599.7096150000008
599.9506770000008
600.1961620000009
600.4403480000009
600.6924470000009
600.9326850000009
601.1770290000009
601.4095920000009
601.6463120000009
601.8897120000008
602.1229320000008
602.3655240000007
602.6038170000007
602.8312590000007
603.0593710000007
603.3152230000007
603.5727680000008
603.8331040000008
604.0782780000009
604.3233600000009
604.5873300000009
604.8223700000009
605.0705590000009
605.3137100000009
605.5591630000009
605.7982190000009
606.043793000001
606.290394000001
606.555869000001
606.8254440000011
607.076987000001
607.3273360000011
607.577718000001
607.822775000001
608.060771000001
608.307510000001
608.551807000001
608.793098000001
609.028882000001
609.257706000001
609.503056000001
609.767659000001
610.038721000001
610.293405000001
610.551561000001
610.804258000001
611.050872000001
611.2913180000011
611.5371190000011
611.7729050000011
612.019759000001
612.2465920000011
612.4682980000011
612.7119710000011
612.9436550000011
613.1841460000011
613.445820000001
613.6790610000011
613.9182980000011
614.1438870000011
614.372017000001
614.601765000001
614.838980000001
615.081392000001
615.3175790000009
615.5321830000009
615.7655820000009
615.9936030000009
616.228458000001
616.476880000001
616.707284000001
616.929393000001
617.165211000001
617.401653000001
617.6375000000011
617.8689480000011
618.1117220000011
618.3695730000011
618.6070970000011
618.844057000001
619.0932410000011
619.3358040000011
619.5696310000011
619.8104560000011
620.0722920000011
620.3318460000011
620.5881490000011
620.8537180000011
621.0974530000011
621.3369340000011
621.5940270000011
621.8558060000012
622.1234210000011
622.3816020000012
622.6130870000012
622.8543700000012
623.1070390000011
623.3659980000011
623.6374360000011
623.8877070000011
624.1290380000011
624.376252000001
624.631896000001
624.874546000001
625.125284000001
625.359567000001
625.607418000001
625.854317000001
626.0971280000009
626.3299250000009
626.5596680000009
626.7986070000009
627.0311310000009
627.2614100000009
627.4885680000009
627.7411820000009
628.0003520000009
628.258847000001
628.494802000001
628.7337920000009
628.9670120000009
629.1902600000009
629.4043730000009
629.6359630000009
629.8616340000009
630.0868300000009
630.3234880000009
630.5452190000009
630.7746910000009
631.0028430000009
631.2332510000009
631.4775290000009
631.7246830000009
631.9749720000009
632.2148290000009
632.4639940000009
632.6913260000009
632.9201160000009
633.1492410000009
633.3831450000009
633.604353000001
633.8296030000009
634.0509760000009
634.2820270000009
634.5063050000009
634.733905000001
634.963096000001
635.204496000001
635.441145000001
635.6770350000011
635.8991120000011
636.1164960000011
636.3334410000011
636.5562040000011
636.7973430000011
637.0465370000011
637.296333000001
637.534899000001
637.764107000001
637.996844000001
638.222001000001
638.453915000001
638.6892010000009
638.921713000001
639.156252000001
639.400537000001
639.648747000001
639.875965000001
640.1069760000009
640.3500530000009
640.6025860000009
640.8360380000009
641.0808280000009
641.331077000001
641.5741160000009
641.8274990000009
642.069148000001
642.299587000001
642.538913000001
642.777803000001
643.0243540000009
643.249164000001
643.4993190000009
643.7505060000009
643.9891980000009
644.2347520000009
644.4728960000009
644.749218000001
644.991025000001
645.2372000000009
645.4708110000009
645.7119540000009
645.9530600000008
646.1799390000009
646.4041050000009
646.6445300000008
646.8735830000008
647.0982830000008
647.3242120000008
647.5508380000008
647.7771580000008
648.0266040000008
648.2645940000008
648.5305930000007
648.7935470000008
649.0495790000008
649.2843820000008
649.5360410000009
649.8026950000009
650.0518870000009
650.2940240000008
650.5192280000008
650.7502520000008
650.9903590000008
651.2268000000008
651.4610460000008
651.7453750000008
651.9827430000007
652.2167430000007
652.4717010000007
652.7385910000007
652.9904880000007
653.2266410000007
653.4623120000007
653.7188950000007
653.9580760000007
654.1919800000007
654.4295470000008
654.6667030000008
654.8971690000008
655.1262580000008
655.3651900000008
655.6027650000008
655.8371730000008
656.0628340000007
656.3145980000007
656.5747270000007
656.8625200000007
657.1174530000008
657.4038370000007
657.6788700000008
657.9283230000008
658.1680170000008
658.4280070000008
658.6641430000008
658.9103620000008
659.1336250000007
659.3634770000008
659.6059010000008
659.8461030000008
660.0918530000008
660.3410880000008
660.5889470000008
660.8270140000008
661.0869750000007
661.3385790000008
661.5764000000008
661.8141970000008
662.0692040000008
662.3050530000008
662.5314510000009
662.7765170000008
663.0258390000008
663.2802530000008
663.5326930000008
663.7835940000008
664.0258330000008
664.2774680000008
664.5311080000008
664.7942370000009
665.0388200000009
665.2803020000009
665.5427750000009
665.8193520000009
666.0839510000009
666.3346440000008
666.6067220000008
666.8635430000007
667.1131150000007
667.3668820000007
667.6234240000007
667.8753210000007
668.1320080000007
668.3982330000007
668.6662950000007
668.9280190000006
669.1924550000007
669.4477110000007
669.7169480000007
669.9779070000006
670.2320870000007
670.4793270000007
670.7243470000006
670.9871180000007
671.2762110000007
671.5400000000006
671.7871530000007
672.0420790000006
672.3187810000006
672.5752980000007
672.8517580000007
673.1273670000007
673.4170550000007
673.6835020000007
673.9468970000006
674.2140910000006
674.4735370000006
674.7336330000006
674.9841080000007
675.2370110000006
675.4977680000006
675.7467550000007
675.9965880000007
676.2437960000007
676.4871170000007
676.7336050000007
676.9874640000007
677.2507130000007
677.4993670000007
677.7609610000006
678.0134900000006
678.2597360000007
678.4983860000007
678.7361340000007
678.9807900000006
679.2153060000006
679.4437080000006
679.6796160000006
679.9156370000006
680.1627690000006
680.4219480000006
680.6805460000006
680.9243520000006
681.1653590000005
681.4051400000005
681.6426720000005
681.8830970000005
682.1231440000005
682.3545460000005
682.5828010000005
682.8056650000004
683.0494710000004
683.2994660000004
683.5565150000004
683.8059670000005
684.0557780000005
684.2957990000004
684.5453880000005
684.7754430000005
685.0104210000004
685.2414830000004
685.4778150000003
685.7127060000003
685.9394120000003
686.1735260000003
686.4052480000003
686.6511780000003
686.8817970000003
687.1128730000004
687.3354100000004
687.5522180000004
687.7655500000004
687.9867340000004
688.2192010000005
688.4588840000005
688.6968690000004
688.9271610000004
689.1579550000004
689.3821170000003
689.6003470000003
689.8392310000003
690.0731450000003
690.2874460000003
690.5045170000003
690.7279790000003
690.9707720000004
691.2064490000004
691.4256390000004
691.6404220000004
691.8627410000004
692.0813200000003
692.3029880000004
692.5134550000004
692.7263270000003
692.9825750000003
693.2123850000004
693.4420160000004
693.6638870000004
693.8834170000003
694.1038350000003
694.3194030000003
694.5297000000003
694.7558620000003
694.9619420000004
695.1730120000003
695.3888890000003
695.6042920000003
695.8187270000003
696.0330920000004
696.2481980000003
696.4597940000003
696.6617260000004
696.8911980000004
697.1196540000004
697.3440630000005
697.5748870000004
697.7932290000005
698.0157990000005
698.2405180000005
698.4493430000006
698.6723360000005
698.8971500000006
699.1248050000006
699.3423460000006
699.5700120000006
699.7942530000006
700.0125290000005
700.2288470000005
700.4625230000005
700.6970850000005
700.9310490000005
701.1646900000005
701.3962080000006
701.6248420000006
701.8481170000006
702.0878800000006
702.3060840000006
702.5361080000006
702.7714360000006
703.0138870000005
703.2418930000006
703.4844610000006
703.7342950000005
703.9644980000005
704.1930190000005
704.4254540000005
704.6628910000005
704.8795990000006
705.0975650000006
705.3103220000006
705.5375420000006
705.7561460000006
705.9837750000006
706.2196560000006
706.4421720000006
706.6693290000006
706.8964020000006
707.1168840000006
707.3389280000006
707.5602890000006
707.7784830000006
708.0018590000006
708.2380010000006
708.4642370000006
708.7177900000006
708.9517780000006
709.1967990000005
709.4320950000005
709.6649870000005
709.9233830000004
710.1684890000004
710.3952290000003
710.6250070000003
710.9017400000004
711.1583380000004
711.4089390000004
711.6518330000004
711.9044980000003
712.1378750000003
712.3831760000004
712.6208880000004
712.8740850000004
713.1051250000004
713.3375890000004
713.5658490000004
713.8057960000004
714.0427330000005
714.2708220000004
714.4847680000004
714.7094800000003
714.9259580000004
715.1426290000004
715.3613750000004
715.5718670000005
715.7825490000005
716.0315290000004
716.2732360000005
716.5322260000005
716.7579310000004
716.9730940000004
717.1936300000004
717.4247610000004
717.6654560000004
717.9002220000004
718.1372600000004
718.3536200000004
718.5847840000005
718.8044420000004
719.0351910000004
719.2756590000004
719.5012870000004
719.7248300000003
719.9636090000004
720.2183220000004
720.4538190000004
720.6913440000004
720.9085680000004
721.1307160000003
721.3608480000004
721.5778160000003
721.7941800000003
722.0162220000003
722.2353830000003
722.4716940000003
722.7112690000002
722.9338020000002
723.1534210000002
723.3629020000002
723.5723300000002
723.7747440000002
723.9981730000002
724.2174880000002
724.4328540000002
724.6845350000002
724.9228170000002
725.1600650000003
725.3847050000003
725.5796770000003
725.7852690000003
725.9935030000003
726.2001890000003
726.4088470000003
726.6176850000003
726.8255850000003
727.0376700000003
727.2399530000002
727.4301990000002
727.6291690000003
727.8196890000003
728.0213060000003
728.2151230000003
728.4032480000003
728.5963800000003
728.8129030000003
729.0119970000003
729.2018920000003
729.4008570000003
729.6070610000003
729.8040730000002
729.9931600000002
730.1899980000002
730.4009100000002
730.5959160000002
730.7901410000002
730.9843280000002
731.1857690000003
731.3988160000002
731.5938970000002
731.8040030000002
732.0264560000002
732.2399450000001
732.4436980000002
732.6543870000002
732.8582050000001
733.0525420000001
733.2568100000001
733.450718
733.6568940000001
733.8566480000001
734.065872
734.265835
734.470915
734.687577
734.8963650000001
735.1051930000001
735.321936
735.533256
735.734091
735.926902
736.13111
736.33442
736.5386120000001
736.745495
736.957002
737.173302
737.385935
737.592166
737.7997790000001
738.0029420000001
738.2100180000001
738.4281350000001
738.6458340000001
738.8638050000002
739.0884140000002
739.3002850000001
739.5260770000001
739.7338290000001
739.9536030000002
740.1598670000002
740.3630130000001
740.5661950000001
740.7782460000001
741.014347
741.241968
741.464
741.6839650000001
741.8978850000001
742.1136690000001
742.3285960000001
742.54181
742.762814
742.986224
743.216787
743.4379879999999
743.6618409999999
743.8828179999998
744.1053739999999
744.3206439999999
744.5364429999998
744.7597979999998
744.9733529999999
745.1794739999999
745.412801
745.638708
745.866147
746.0972939999999
746.3129419999999
746.5458409999999
746.7649029999999
746.9740559999999
747.200306
747.4192519999999
747.6507349999999
747.884686
748.121041
748.354977
748.5781139999999
748.79833
749.026477
749.238577
749.4816529999999
749.7379639999999
749.9758889999999
750.2213159999999
750.4427779999999
750.6908239999999
750.93018
751.164225
751.389095
751.607599
751.844291
752.0728
752.306084
752.542047
752.774298
753.007377
753.238396
753.4689569999999
753.6879419999999
753.901852
754.114141
754.3403010000001
754.575178
754.806646
755.035917
755.2664920000001
755.4948740000001
755.7241000000001
755.9715500000001
756.2008060000001
756.443242
756.6714890000001
756.8914430000001
757.1207380000001
757.3528180000001
757.5708890000001
757.7904060000001
758.0221940000001
758.2425100000002
758.4701060000001
758.7056520000001
758.9398810000001
759.1786210000001
759.4022730000002
759.6276280000002
759.8588400000002
760.0834920000002
760.2961680000002
760.5324140000002
760.7555630000003
761.0043290000003
761.2248480000003
761.4535290000003
761.6838490000004
761.9111820000004
762.1289900000004
762.3531300000004
762.5831410000004
762.8112180000004
763.0543630000004
763.2745690000004
763.5066060000004
763.7175260000004
763.9381350000003
764.1614860000003
764.3921800000003
764.6175360000003
764.8462610000004
765.0668290000003
765.2990950000003
765.5208960000003
765.7432730000004
765.9616890000004
766.1748090000004
766.3969530000004
766.6304200000004
766.8547280000004
767.0803680000004
767.3085070000004
767.5267670000004
767.7494440000004
767.9728010000003
768.2019150000003
768.4200110000003
768.6407080000002
768.8625400000002
769.0928800000002
769.3190510000002
769.5491600000001
769.7820980000001
770.0229400000002
770.2452740000002
770.4725560000002
770.7042720000002
770.9285070000002
771.1590900000002
771.3860080000002
771.6019900000002
771.8194270000002
772.0576080000003
772.2945760000003
772.5410670000003
772.7821920000004
773.0328880000003
773.2813750000003
773.5217540000002
773.7521370000002
773.9766070000002
774.1930550000002
774.4188980000002
774.6543090000002
774.8945440000002
775.1403990000002
775.3632100000002
775.5885920000002
775.8194590000002
776.0490230000001
776.2828400000002
776.5139980000002
776.7419240000003
776.9711350000002
777.1889990000002
777.4035080000002
777.6293090000003
777.8561750000002
778.0764360000003
778.2999600000003
778.5204120000003
778.7394680000003
778.9607150000003
779.1905150000002
779.4144880000002
779.6365250000002
779.8484330000002
780.0696980000002
780.2945010000002
780.5183970000002
780.7485010000001
780.9734950000002
781.2021270000001
781.4378170000001
781.6707970000001
781.901995
782.1306000000001
782.354954
782.579325
782.7993270000001
783.0181460000001
783.2551700000001
783.4752780000001
783.6990900000001
783.933382
784.153313
784.372027
784.594527
784.8099649999999
785.0238029999999
785.2414459999999
785.4653079999999
785.6874899999999
785.9147229999999
786.1357929999999
786.3742679999999
786.5962749999999
786.8179799999999
787.068093
787.321513
787.572995
787.817774
788.066253
788.3082599999999
788.5487579999999
788.803063
789.042295
789.2783039999999
789.5252399999999
789.770851
790.012086
790.2536769999999
790.489157
790.724294
790.949789
791.178979
791.4207650000001
791.647417
791.878063
792.120496
792.366815
792.598213
792.817598
793.040154
793.2705980000001
793.496436
793.741435
793.989566
794.235787
794.482501
794.7094679999999
794.9239379999999
795.1390899999999
795.3726599999999
795.6036379999999
795.83197
796.047482
796.28661
796.496329
796.7109529999999
796.9179359999999
797.1293589999999
797.3431639999999
797.5583139999999
797.7627909999999
797.9786729999998
798.1893999999999
798.3994779999998
798.6048719999998
798.8248329999998
799.0314779999998
799.2459989999998
799.4551789999997
799.6644379999997
799.8779439999997
800.0875929999997
800.3001909999997
800.5106029999997
800.7226289999998
800.9344199999997
801.1422069999998
801.3533899999998
801.5645529999998
801.7789459999998
801.9865549999998
