./build/slamsimilliav2 --base_dir /media/aaron/dataset-ssd/datasets/KITTI-odometry --seq 07 --dataloader kitti --poses_path ./out/hpc/final_3/baseline_speed/kitti/poses_07.txt --config_path ./out/hpc/final_3/baseline_speed/kitti/config.json --go_robust true --go_init_sigma -0.3 --go_optimize_only_last_pose false --information_matrix icp_diag
{
    "deskew": false,
    "diagonal_information_only": true,
    "distance_mode": "last",
    "edge_composition_method": "naiive",
    "enable_graph_optimization": true,
    "go_adaptive": false,
    "go_alpha": 1.0,
    "go_form_implicit_edges": "strat_2",
    "go_init_sigma": -0.30000001192092896,
    "go_lambda": 0.0,
    "go_maximum_iterations": 100,
    "go_minimum_magnitude": 1e-05,
    "go_optimize_only_last_pose": false,
    "go_robust": true,
    "icp_adaptive": true,
    "icp_adaptive_lidar_distance": 160.0,
    "icp_alpha": 1.0,
    "icp_enable_transformation_magnitude": false,
    "icp_init_sigma": 1.0,
    "icp_lambda": 0.0,
    "icp_maximum_iterations": 100,
    "icp_minimum_corresposdences": 200,
    "icp_minumum_magnitude": 1e-05,
    "information_matrix": "icp_diag",
    "insert_point_to_old_keyframe": true,
    "insert_point_using_go_output": true,
    "intensity_scaling": 0.0,
    "inverse_strategy": "naiive",
    "keyframe_maximum_distance": 30.0,
    "keyframe_minimum_distance": 9.0,
    "map_max_points_per_voxel": 20,
    "map_voxelsize": 1.6,
    "preprecessing_subsampling_method": "voxel",
    "preprocessing_remove_nans": false,
    "prune_distant_voxels": false,
    "remove_non_keyframes": true,
    "subsampling_random_by_range_dmax": 160.0,
    "subsampling_random_by_range_p1": 3000.0,
    "subsampling_random_by_range_p2": 3000.0,
    "subsampling_voxelsize_icp": 1.8,
    "subsampling_voxelsize_map": 0.4,
    "voxel_pruning_distance": 1000000000.0
}
Start running
 WARNING: 0 edges at frame 0
It: 0 #keyframes: 0 avg. #ICP iterations: -nan avg. #corrs. -nan sec: 0.018
It: 1 #keyframes: 1 avg. #ICP iterations: 9 avg. #corrs. 1063, |G|: 1 sec: 0.013
It: 2 #keyframes: 1 avg. #ICP iterations: 9 avg. #corrs. 1073, |G|: 1 sec: 0.015
It: 3 #keyframes: 1 avg. #ICP iterations: 9 avg. #corrs. 1065, |G|: 1 sec: 0.032
It: 4 #keyframes: 1 avg. #ICP iterations: 12 avg. #corrs. 1096, |G|: 1 sec: 0.031
It: 5 #keyframes: 1 avg. #ICP iterations: 9 avg. #corrs. 1104, |G|: 1 sec: 0.012
It: 6 #keyframes: 1 avg. #ICP iterations: 12 avg. #corrs. 1098, |G|: 1 sec: 0.022
It: 7 #keyframes: 1 avg. #ICP iterations: 13 avg. #corrs. 1103, |G|: 1 sec: 0.022
It: 8 #keyframes: 1 avg. #ICP iterations: 16 avg. #corrs. 1142, |G|: 1 sec: 0.027
It: 9 #keyframes: 1 avg. #ICP iterations: 14 avg. #corrs. 1156, |G|: 1 sec: 0.02
It: 10 #keyframes: 1 avg. #ICP iterations: 11 avg. #corrs. 1173, |G|: 1 sec: 0.018
It: 11 #keyframes: 1 avg. #ICP iterations: 11 avg. #corrs. 1188, |G|: 1 sec: 0.018
It: 12 #keyframes: 1 avg. #ICP iterations: 15 avg. #corrs. 1215, |G|: 1 sec: 0.033
It: 13 #keyframes: 1 avg. #ICP iterations: 13 avg. #corrs. 1214, |G|: 1 sec: 0.023
It: 14 #keyframes: 1 avg. #ICP iterations: 10 avg. #corrs. 1240, |G|: 1 sec: 0.018
It: 15 #keyframes: 1 avg. #ICP iterations: 11 avg. #corrs. 1280, |G|: 1 sec: 0.029
It: 16 #keyframes: 1 avg. #ICP iterations: 15 avg. #corrs. 1291, |G|: 1 sec: 0.036
It: 17 #keyframes: 1 avg. #ICP iterations: 13 avg. #corrs. 1294, |G|: 1 sec: 0.024
It: 18 #keyframes: 1 avg. #ICP iterations: 13 avg. #corrs. 1310, |G|: 1 sec: 0.023
It: 19 #keyframes: 1 avg. #ICP iterations: 11 avg. #corrs. 1305, |G|: 1 sec: 0.027
It: 20 #keyframes: 1 avg. #ICP iterations: 9 avg. #corrs. 1296, |G|: 1 sec: 0.017
It: 21 #keyframes: 1 avg. #ICP iterations: 13 avg. #corrs. 1334, |G|: 1 sec: 0.03
It: 22 #keyframes: 1 avg. #ICP iterations: 12 avg. #corrs. 1302, |G|: 1 sec: 0.025
It: 23 #keyframes: 1 avg. #ICP iterations: 15 avg. #corrs. 1337, |G|: 1 sec: 0.029
It: 24 #keyframes: 1 avg. #ICP iterations: 26 avg. #corrs. 1392, |G|: 1 sec: 0.043
It: 25 #keyframes: 1 avg. #ICP iterations: 14 avg. #corrs. 1380, |G|: 1 sec: 0.039
It: 26 #keyframes: 1 avg. #ICP iterations: 13 avg. #corrs. 1375, |G|: 1 sec: 0.042
It: 27 #keyframes: 1 avg. #ICP iterations: 17 avg. #corrs. 1382, |G|: 1 sec: 0.032
It: 28 #keyframes: 1 avg. #ICP iterations: 11 avg. #corrs. 1411, |G|: 1 sec: 0.021
It: 29 #keyframes: 1 avg. #ICP iterations: 10 avg. #corrs. 1389, |G|: 1 sec: 0.021
It: 30 #keyframes: 1 avg. #ICP iterations: 17 avg. #corrs. 1344, |G|: 1 sec: 0.031
It: 31 #keyframes: 1 avg. #ICP iterations: 13 avg. #corrs. 1399, |G|: 1 sec: 0.034
It: 32 #keyframes: 1 avg. #ICP iterations: 11 avg. #corrs. 1382, |G|: 1 sec: 0.022
It: 33 #keyframes: 1 avg. #ICP iterations: 15 avg. #corrs. 1403, |G|: 1 sec: 0.034
It: 34 #keyframes: 1 avg. #ICP iterations: 26 avg. #corrs. 1431, |G|: 1 sec: 0.053
It: 35 #keyframes: 1 avg. #ICP iterations: 18 avg. #corrs. 1409, |G|: 1 sec: 0.051
It: 36 #keyframes: 1 avg. #ICP iterations: 14 avg. #corrs. 1397, |G|: 1 sec: 0.039
It: 37 #keyframes: 1 avg. #ICP iterations: 13 avg. #corrs. 1390, |G|: 1 sec: 0.04
It: 38 #keyframes: 1 avg. #ICP iterations: 20 avg. #corrs. 1366, |G|: 1 sec: 0.037
It: 39 #keyframes: 1 avg. #ICP iterations: 14 avg. #corrs. 1335, |G|: 1 sec: 0.025
It: 40 #keyframes: 1 avg. #ICP iterations: 14 avg. #corrs. 1330, |G|: 1 sec: 0.026
It: 41 #keyframes: 1 avg. #ICP iterations: 15 avg. #corrs. 1309, |G|: 2 sec: 0.029
It: 42 #keyframes: 2 avg. #ICP iterations: 17 avg. #corrs. 1284, |G|: 2 sec: 0.033
It: 43 #keyframes: 2 avg. #ICP iterations: 15 avg. #corrs. 1185, |G|: 2 sec: 0.039
It: 44 #keyframes: 2 avg. #ICP iterations: 13.5 avg. #corrs. 1095, |G|: 2 sec: 0.041
It: 45 #keyframes: 2 avg. #ICP iterations: 22.5 avg. #corrs. 955, |G|: 2 sec: 0.038
It: 46 #keyframes: 2 avg. #ICP iterations: 12.5 avg. #corrs. 929, |G|: 2 sec: 0.018
It: 47 #keyframes: 2 avg. #ICP iterations: 13 avg. #corrs. 898, |G|: 2 sec: 0.018
It: 48 #keyframes: 2 avg. #ICP iterations: 12.5 avg. #corrs. 887, |G|: 2 sec: 0.024
It: 49 #keyframes: 2 avg. #ICP iterations: 14 avg. #corrs. 883.5, |G|: 2 sec: 0.025
It: 50 #keyframes: 2 avg. #ICP iterations: 15 avg. #corrs. 869, |G|: 2 sec: 0.03
It: 51 #keyframes: 2 avg. #ICP iterations: 11.5 avg. #corrs. 903.5, |G|: 2 sec: 0.02
It: 52 #keyframes: 2 avg. #ICP iterations: 13.5 avg. #corrs. 874.5, |G|: 2 sec: 0.02
It: 53 #keyframes: 2 avg. #ICP iterations: 14 avg. #corrs. 881, |G|: 2 sec: 0.022
It: 54 #keyframes: 2 avg. #ICP iterations: 14 avg. #corrs. 892, |G|: 2 sec: 0.035
It: 55 #keyframes: 2 avg. #ICP iterations: 9.5 avg. #corrs. 851.5, |G|: 2 sec: 0.021
It: 56 #keyframes: 2 avg. #ICP iterations: 12.5 avg. #corrs. 855, |G|: 2 sec: 0.035
It: 57 #keyframes: 2 avg. #ICP iterations: 13 avg. #corrs. 832.5, |G|: 3 sec: 0.019
It: 58 #keyframes: 3 avg. #ICP iterations: 12.6667 avg. #corrs. 835, |G|: 3 sec: 0.02
It: 59 #keyframes: 3 avg. #ICP iterations: 10.6667 avg. #corrs. 852.667, |G|: 3 sec: 0.02
It: 60 #keyframes: 3 avg. #ICP iterations: 13 avg. #corrs. 846, |G|: 3 sec: 0.024
It: 61 #keyframes: 3 avg. #ICP iterations: 12.6667 avg. #corrs. 828.667, |G|: 3 sec: 0.02
It: 62 #keyframes: 3 avg. #ICP iterations: 13 avg. #corrs. 823.333, |G|: 3 sec: 0.022
It: 63 #keyframes: 3 avg. #ICP iterations: 11 avg. #corrs. 825, |G|: 3 sec: 0.024
It: 64 #keyframes: 3 avg. #ICP iterations: 15.3333 avg. #corrs. 841.333, |G|: 3 sec: 0.024
It: 65 #keyframes: 3 avg. #ICP iterations: 16.6667 avg. #corrs. 825, |G|: 3 sec: 0.023
It: 66 #keyframes: 3 avg. #ICP iterations: 16.6667 avg. #corrs. 823.333, |G|: 3 sec: 0.03
It: 67 #keyframes: 3 avg. #ICP iterations: 14.6667 avg. #corrs. 787, |G|: 3 sec: 0.02
It: 68 #keyframes: 3 avg. #ICP iterations: 14 avg. #corrs. 838.333, |G|: 3 sec: 0.025
It: 69 #keyframes: 3 avg. #ICP iterations: 18.3333 avg. #corrs. 814.667, |G|: 4 sec: 0.029
It: 70 #keyframes: 4 avg. #ICP iterations: 15.5 avg. #corrs. 820.75, |G|: 4 sec: 0.024
It: 71 #keyframes: 4 avg. #ICP iterations: 13.75 avg. #corrs. 809.5, |G|: 4 sec: 0.026
It: 72 #keyframes: 4 avg. #ICP iterations: 15.5 avg. #corrs. 830.25, |G|: 4 sec: 0.03
It: 73 #keyframes: 4 avg. #ICP iterations: 16 avg. #corrs. 815.75, |G|: 4 sec: 0.032
It: 74 #keyframes: 4 avg. #ICP iterations: 13.75 avg. #corrs. 800.25, |G|: 4 sec: 0.018
It: 75 #keyframes: 4 avg. #ICP iterations: 17.25 avg. #corrs. 812.25, |G|: 4 sec: 0.027
It: 76 #keyframes: 4 avg. #ICP iterations: 13.75 avg. #corrs. 787.5, |G|: 4 sec: 0.024
It: 77 #keyframes: 4 avg. #ICP iterations: 15 avg. #corrs. 799.25, |G|: 4 sec: 0.027
It: 78 #keyframes: 4 avg. #ICP iterations: 17.25 avg. #corrs. 785, |G|: 4 sec: 0.03
It: 79 #keyframes: 4 avg. #ICP iterations: 16.25 avg. #corrs. 784.5, |G|: 4 sec: 0.028
It: 80 #keyframes: 4 avg. #ICP iterations: 14.25 avg. #corrs. 774, |G|: 4 sec: 0.023
It: 81 #keyframes: 4 avg. #ICP iterations: 9.75 avg. #corrs. 790, |G|: 4 sec: 0.018
It: 82 #keyframes: 4 avg. #ICP iterations: 14.5 avg. #corrs. 757, |G|: 4 sec: 0.021
It: 83 #keyframes: 4 avg. #ICP iterations: 11 avg. #corrs. 744.75, |G|: 4 sec: 0.018
It: 84 #keyframes: 4 avg. #ICP iterations: 13.75 avg. #corrs. 734.75, |G|: 4 sec: 0.021
It: 85 #keyframes: 4 avg. #ICP iterations: 19.25 avg. #corrs. 735.5, |G|: 4 sec: 0.038
It: 86 #keyframes: 4 avg. #ICP iterations: 15.5 avg. #corrs. 745, |G|: 4 sec: 0.022
It: 87 #keyframes: 4 avg. #ICP iterations: 11.25 avg. #corrs. 743.25, |G|: 4 sec: 0.019
It: 88 #keyframes: 4 avg. #ICP iterations: 16.5 avg. #corrs. 728.75, |G|: 4 sec: 0.024
It: 89 #keyframes: 4 avg. #ICP iterations: 11.75 avg. #corrs. 742.5, |G|: 4 sec: 0.024
It: 90 #keyframes: 4 avg. #ICP iterations: 15 avg. #corrs. 744.75, |G|: 4 sec: 0.033
It: 91 #keyframes: 4 avg. #ICP iterations: 14 avg. #corrs. 741.5, |G|: 4 sec: 0.021
It: 92 #keyframes: 4 avg. #ICP iterations: 11.75 avg. #corrs. 788, |G|: 4 sec: 0.019
It: 93 #keyframes: 4 avg. #ICP iterations: 14.75 avg. #corrs. 761.75, |G|: 4 sec: 0.024
It: 94 #keyframes: 4 avg. #ICP iterations: 15 avg. #corrs. 779.25, |G|: 4 sec: 0.025
It: 95 #keyframes: 4 avg. #ICP iterations: 13.5 avg. #corrs. 760.5, |G|: 4 sec: 0.026
It: 96 #keyframes: 4 avg. #ICP iterations: 12.75 avg. #corrs. 775.5, |G|: 4 sec: 0.021
It: 97 #keyframes: 4 avg. #ICP iterations: 11.75 avg. #corrs. 782.75, |G|: 4 sec: 0.023
It: 98 #keyframes: 4 avg. #ICP iterations: 14.25 avg. #corrs. 800, |G|: 4 sec: 0.023
It: 99 #keyframes: 4 avg. #ICP iterations: 20.75 avg. #corrs. 803.25, |G|: 4 sec: 0.03
It: 100 #keyframes: 4 avg. #ICP iterations: 15.5 avg. #corrs. 823.5, |G|: 4 sec: 0.026
It: 101 #keyframes: 4 avg. #ICP iterations: 14.25 avg. #corrs. 833.75, |G|: 4 sec: 0.029
It: 102 #keyframes: 4 avg. #ICP iterations: 14.5 avg. #corrs. 813.75, |G|: 4 sec: 0.029
It: 103 #keyframes: 4 avg. #ICP iterations: 18.25 avg. #corrs. 799, |G|: 4 sec: 0.032
It: 104 #keyframes: 4 avg. #ICP iterations: 14.75 avg. #corrs. 837.5, |G|: 4 sec: 0.022
It: 105 #keyframes: 4 avg. #ICP iterations: 14.75 avg. #corrs. 852.75, |G|: 4 sec: 0.027
It: 106 #keyframes: 4 avg. #ICP iterations: 20 avg. #corrs. 872, |G|: 4 sec: 0.036
It: 107 #keyframes: 4 avg. #ICP iterations: 12.25 avg. #corrs. 880, |G|: 4 sec: 0.018
It: 108 #keyframes: 4 avg. #ICP iterations: 12.75 avg. #corrs. 847, |G|: 4 sec: 0.023
It: 109 #keyframes: 4 avg. #ICP iterations: 16.5 avg. #corrs. 839.75, |G|: 4 sec: 0.036
It: 110 #keyframes: 4 avg. #ICP iterations: 19.75 avg. #corrs. 832.5, |G|: 4 sec: 0.036
It: 111 #keyframes: 4 avg. #ICP iterations: 20.25 avg. #corrs. 817.5, |G|: 4 sec: 0.027
It: 112 #keyframes: 4 avg. #ICP iterations: 18.5 avg. #corrs. 819, |G|: 4 sec: 0.033
It: 113 #keyframes: 4 avg. #ICP iterations: 17 avg. #corrs. 810, |G|: 4 sec: 0.035
It: 114 #keyframes: 4 avg. #ICP iterations: 16.75 avg. #corrs. 772.75, |G|: 4 sec: 0.027
It: 115 #keyframes: 4 avg. #ICP iterations: 19 avg. #corrs. 767.25, |G|: 4 sec: 0.031
It: 116 #keyframes: 4 avg. #ICP iterations: 11.75 avg. #corrs. 792, |G|: 4 sec: 0.025
It: 117 #keyframes: 4 avg. #ICP iterations: 17.25 avg. #corrs. 835.5, |G|: 4 sec: 0.022
It: 118 #keyframes: 4 avg. #ICP iterations: 22.25 avg. #corrs. 833.5, |G|: 4 sec: 0.031
It: 119 #keyframes: 4 avg. #ICP iterations: 17.25 avg. #corrs. 848.25, |G|: 4 sec: 0.026
It: 120 #keyframes: 4 avg. #ICP iterations: 15.25 avg. #corrs. 838.25, |G|: 4 sec: 0.02
It: 121 #keyframes: 4 avg. #ICP iterations: 18.25 avg. #corrs. 795, |G|: 4 sec: 0.039
It: 122 #keyframes: 4 avg. #ICP iterations: 17.75 avg. #corrs. 808.75, |G|: 4 sec: 0.034
It: 123 #keyframes: 4 avg. #ICP iterations: 21.5 avg. #corrs. 784.25, |G|: 4 sec: 0.052
It: 124 #keyframes: 4 avg. #ICP iterations: 18.25 avg. #corrs. 816.5, |G|: 4 sec: 0.025
It: 125 #keyframes: 4 avg. #ICP iterations: 14.25 avg. #corrs. 825.25, |G|: 4 sec: 0.025
It: 126 #keyframes: 4 avg. #ICP iterations: 18 avg. #corrs. 820, |G|: 4 sec: 0.037
It: 127 #keyframes: 4 avg. #ICP iterations: 18.75 avg. #corrs. 800.5, |G|: 4 sec: 0.039
It: 128 #keyframes: 4 avg. #ICP iterations: 20.5 avg. #corrs. 789.75, |G|: 4 sec: 0.039
It: 129 #keyframes: 4 avg. #ICP iterations: 25.75 avg. #corrs. 806.5, |G|: 4 sec: 0.06
It: 130 #keyframes: 4 avg. #ICP iterations: 18.5 avg. #corrs. 810, |G|: 4 sec: 0.055
It: 131 #keyframes: 4 avg. #ICP iterations: 15.25 avg. #corrs. 802.5, |G|: 4 sec: 0.022
It: 132 #keyframes: 4 avg. #ICP iterations: 22.75 avg. #corrs. 819.75, |G|: 4 sec: 0.04
It: 133 #keyframes: 4 avg. #ICP iterations: 16 avg. #corrs. 801.5, |G|: 4 sec: 0.023
It: 134 #keyframes: 4 avg. #ICP iterations: 15.75 avg. #corrs. 811.5, |G|: 4 sec: 0.027
It: 135 #keyframes: 4 avg. #ICP iterations: 16.5 avg. #corrs. 814, |G|: 4 sec: 0.027
It: 136 #keyframes: 4 avg. #ICP iterations: 19.75 avg. #corrs. 846, |G|: 4 sec: 0.037
It: 137 #keyframes: 4 avg. #ICP iterations: 19 avg. #corrs. 834.5, |G|: 4 sec: 0.028
It: 138 #keyframes: 4 avg. #ICP iterations: 17.25 avg. #corrs. 849.5, |G|: 4 sec: 0.036
It: 139 #keyframes: 4 avg. #ICP iterations: 17.25 avg. #corrs. 838.75, |G|: 4 sec: 0.03
It: 140 #keyframes: 4 avg. #ICP iterations: 15.25 avg. #corrs. 838, |G|: 4 sec: 0.029
It: 141 #keyframes: 4 avg. #ICP iterations: 15.25 avg. #corrs. 838, |G|: 4 sec: 0.033
It: 142 #keyframes: 4 avg. #ICP iterations: 17.5 avg. #corrs. 805, |G|: 4 sec: 0.042
It: 143 #keyframes: 4 avg. #ICP iterations: 16.5 avg. #corrs. 807.75, |G|: 4 sec: 0.025
It: 144 #keyframes: 4 avg. #ICP iterations: 21 avg. #corrs. 774, |G|: 4 sec: 0.033
It: 145 #keyframes: 4 avg. #ICP iterations: 18.75 avg. #corrs. 750.75, |G|: 4 sec: 0.028
It: 146 #keyframes: 4 avg. #ICP iterations: 17.75 avg. #corrs. 697.75, |G|: 4 sec: 0.026
It: 147 #keyframes: 4 avg. #ICP iterations: 17.5 avg. #corrs. 678, |G|: 4 sec: 0.028
It: 148 #keyframes: 4 avg. #ICP iterations: 18.5 avg. #corrs. 681.25, |G|: 4 sec: 0.038
It: 149 #keyframes: 4 avg. #ICP iterations: 17 avg. #corrs. 660.25, |G|: 4 sec: 0.047
It: 150 #keyframes: 4 avg. #ICP iterations: 16 avg. #corrs. 671.75, |G|: 4 sec: 0.023
It: 151 #keyframes: 4 avg. #ICP iterations: 18.75 avg. #corrs. 638.75, |G|: 4 sec: 0.042
It: 152 #keyframes: 4 avg. #ICP iterations: 17 avg. #corrs. 601.25, |G|: 4 sec: 0.022
It: 153 #keyframes: 4 avg. #ICP iterations: 17.75 avg. #corrs. 569.25, |G|: 4 sec: 0.025
It: 154 #keyframes: 4 avg. #ICP iterations: 13.5 avg. #corrs. 652, |G|: 4 sec: 0.02
It: 155 #keyframes: 4 avg. #ICP iterations: 16 avg. #corrs. 629.75, |G|: 4 sec: 0.027
It: 156 #keyframes: 4 avg. #ICP iterations: 12 avg. #corrs. 614.25, |G|: 4 sec: 0.02
It: 157 #keyframes: 4 avg. #ICP iterations: 19.5 avg. #corrs. 601.5, |G|: 4 sec: 0.026
It: 158 #keyframes: 4 avg. #ICP iterations: 13 avg. #corrs. 596.25, |G|: 4 sec: 0.026
It: 159 #keyframes: 4 avg. #ICP iterations: 15.5 avg. #corrs. 594.5, |G|: 4 sec: 0.024
It: 160 #keyframes: 4 avg. #ICP iterations: 13 avg. #corrs. 584.25, |G|: 4 sec: 0.024
It: 161 #keyframes: 4 avg. #ICP iterations: 14.5 avg. #corrs. 572.25, |G|: 4 sec: 0.022
It: 162 #keyframes: 4 avg. #ICP iterations: 13.75 avg. #corrs. 561.5, |G|: 4 sec: 0.019
It: 163 #keyframes: 4 avg. #ICP iterations: 15.5 avg. #corrs. 530.25, |G|: 4 sec: 0.019
It: 164 #keyframes: 4 avg. #ICP iterations: 18.75 avg. #corrs. 532.25, |G|: 4 sec: 0.024
It: 165 #keyframes: 4 avg. #ICP iterations: 14.5 avg. #corrs. 545, |G|: 4 sec: 0.024
It: 166 #keyframes: 4 avg. #ICP iterations: 16.25 avg. #corrs. 554.5, |G|: 4 sec: 0.022
It: 167 #keyframes: 4 avg. #ICP iterations: 14.25 avg. #corrs. 661.75, |G|: 4 sec: 0.028
It: 168 #keyframes: 4 avg. #ICP iterations: 12.75 avg. #corrs. 697.25, |G|: 4 sec: 0.032
It: 169 #keyframes: 4 avg. #ICP iterations: 15.5 avg. #corrs. 697, |G|: 4 sec: 0.017
It: 170 #keyframes: 4 avg. #ICP iterations: 12.75 avg. #corrs. 688, |G|: 4 sec: 0.02
It: 171 #keyframes: 4 avg. #ICP iterations: 15.25 avg. #corrs. 684.5, |G|: 4 sec: 0.029
It: 172 #keyframes: 4 avg. #ICP iterations: 15.75 avg. #corrs. 657.75, |G|: 4 sec: 0.02
It: 173 #keyframes: 4 avg. #ICP iterations: 17.5 avg. #corrs. 678, |G|: 4 sec: 0.031
It: 174 #keyframes: 4 avg. #ICP iterations: 18.25 avg. #corrs. 671.75, |G|: 4 sec: 0.025
It: 175 #keyframes: 4 avg. #ICP iterations: 12.75 avg. #corrs. 661.25, |G|: 4 sec: 0.035
It: 176 #keyframes: 4 avg. #ICP iterations: 13.25 avg. #corrs. 674.5, |G|: 4 sec: 0.025
It: 177 #keyframes: 4 avg. #ICP iterations: 16.75 avg. #corrs. 649, |G|: 4 sec: 0.029
It: 178 #keyframes: 4 avg. #ICP iterations: 13 avg. #corrs. 671.75, |G|: 4 sec: 0.019
It: 179 #keyframes: 4 avg. #ICP iterations: 15.75 avg. #corrs. 695.25, |G|: 4 sec: 0.03
It: 180 #keyframes: 4 avg. #ICP iterations: 15.75 avg. #corrs. 719.5, |G|: 4 sec: 0.025
It: 181 #keyframes: 4 avg. #ICP iterations: 15.25 avg. #corrs. 706.75, |G|: 4 sec: 0.029
It: 182 #keyframes: 4 avg. #ICP iterations: 14.5 avg. #corrs. 715.25, |G|: 4 sec: 0.021
It: 183 #keyframes: 4 avg. #ICP iterations: 12.75 avg. #corrs. 738.5, |G|: 4 sec: 0.023
It: 184 #keyframes: 4 avg. #ICP iterations: 12.75 avg. #corrs. 723, |G|: 4 sec: 0.019
It: 185 #keyframes: 4 avg. #ICP iterations: 13.75 avg. #corrs. 718.5, |G|: 4 sec: 0.024
It: 186 #keyframes: 4 avg. #ICP iterations: 13.25 avg. #corrs. 694.25, |G|: 4 sec: 0.023
It: 187 #keyframes: 4 avg. #ICP iterations: 14 avg. #corrs. 703, |G|: 4 sec: 0.021
It: 188 #keyframes: 4 avg. #ICP iterations: 19.5 avg. #corrs. 695, |G|: 4 sec: 0.037
It: 189 #keyframes: 4 avg. #ICP iterations: 17 avg. #corrs. 691.25, |G|: 4 sec: 0.036
It: 190 #keyframes: 4 avg. #ICP iterations: 17.5 avg. #corrs. 705.5, |G|: 4 sec: 0.028
It: 191 #keyframes: 4 avg. #ICP iterations: 15 avg. #corrs. 790.5, |G|: 4 sec: 0.023
It: 192 #keyframes: 4 avg. #ICP iterations: 17.25 avg. #corrs. 780, |G|: 4 sec: 0.03
It: 193 #keyframes: 4 avg. #ICP iterations: 16.5 avg. #corrs. 763.5, |G|: 4 sec: 0.026
It: 194 #keyframes: 4 avg. #ICP iterations: 15.5 avg. #corrs. 765, |G|: 4 sec: 0.028
It: 195 #keyframes: 4 avg. #ICP iterations: 13 avg. #corrs. 730.5, |G|: 4 sec: 0.022
It: 196 #keyframes: 4 avg. #ICP iterations: 16.25 avg. #corrs. 740, |G|: 4 sec: 0.035
It: 197 #keyframes: 4 avg. #ICP iterations: 15.25 avg. #corrs. 757.5, |G|: 4 sec: 0.018
It: 198 #keyframes: 4 avg. #ICP iterations: 18 avg. #corrs. 740.75, |G|: 4 sec: 0.032
It: 199 #keyframes: 4 avg. #ICP iterations: 17 avg. #corrs. 723.75, |G|: 4 sec: 0.024
It: 200 #keyframes: 4 avg. #ICP iterations: 21 avg. #corrs. 725.5, |G|: 4 sec: 0.034
It: 201 #keyframes: 4 avg. #ICP iterations: 17.25 avg. #corrs. 699.75, |G|: 4 sec: 0.021
It: 202 #keyframes: 4 avg. #ICP iterations: 18.5 avg. #corrs. 746.5, |G|: 4 sec: 0.032
It: 203 #keyframes: 4 avg. #ICP iterations: 14 avg. #corrs. 727.25, |G|: 4 sec: 0.02
It: 204 #keyframes: 4 avg. #ICP iterations: 21.25 avg. #corrs. 710.75, |G|: 4 sec: 0.032
It: 205 #keyframes: 4 avg. #ICP iterations: 20 avg. #corrs. 702.5, |G|: 4 sec: 0.032
It: 206 #keyframes: 4 avg. #ICP iterations: 16.75 avg. #corrs. 682.25, |G|: 4 sec: 0.035
It: 207 #keyframes: 4 avg. #ICP iterations: 18 avg. #corrs. 679.5, |G|: 4 sec: 0.025
It: 208 #keyframes: 4 avg. #ICP iterations: 17 avg. #corrs. 668.5, |G|: 4 sec: 0.023
It: 209 #keyframes: 4 avg. #ICP iterations: 17.75 avg. #corrs. 665.5, |G|: 4 sec: 0.026
It: 210 #keyframes: 4 avg. #ICP iterations: 21.5 avg. #corrs. 676.25, |G|: 4 sec: 0.032
It: 211 #keyframes: 4 avg. #ICP iterations: 18 avg. #corrs. 683.75, |G|: 4 sec: 0.032
It: 212 #keyframes: 4 avg. #ICP iterations: 17.5 avg. #corrs. 686, |G|: 4 sec: 0.021
It: 213 #keyframes: 4 avg. #ICP iterations: 20.75 avg. #corrs. 757.25, |G|: 4 sec: 0.036
It: 214 #keyframes: 4 avg. #ICP iterations: 16.5 avg. #corrs. 755.75, |G|: 4 sec: 0.037
It: 215 #keyframes: 4 avg. #ICP iterations: 13.75 avg. #corrs. 775, |G|: 4 sec: 0.025
It: 216 #keyframes: 4 avg. #ICP iterations: 15.75 avg. #corrs. 739.5, |G|: 4 sec: 0.025
It: 217 #keyframes: 4 avg. #ICP iterations: 20 avg. #corrs. 754.5, |G|: 4 sec: 0.037
It: 218 #keyframes: 4 avg. #ICP iterations: 12.5 avg. #corrs. 759.5, |G|: 4 sec: 0.019
It: 219 #keyframes: 4 avg. #ICP iterations: 15 avg. #corrs. 799.25, |G|: 4 sec: 0.029
It: 220 #keyframes: 4 avg. #ICP iterations: 19 avg. #corrs. 783.25, |G|: 4 sec: 0.036
It: 221 #keyframes: 4 avg. #ICP iterations: 17.5 avg. #corrs. 786, |G|: 4 sec: 0.035
It: 222 #keyframes: 4 avg. #ICP iterations: 24.75 avg. #corrs. 755.75, |G|: 4 sec: 0.041
It: 223 #keyframes: 4 avg. #ICP iterations: 16.25 avg. #corrs. 728.5, |G|: 4 sec: 0.03
It: 224 #keyframes: 4 avg. #ICP iterations: 14.75 avg. #corrs. 803.5, |G|: 4 sec: 0.022
It: 225 #keyframes: 4 avg. #ICP iterations: 18.25 avg. #corrs. 781, |G|: 4 sec: 0.038
It: 226 #keyframes: 4 avg. #ICP iterations: 21.5 avg. #corrs. 783.5, |G|: 4 sec: 0.037
It: 227 #keyframes: 4 avg. #ICP iterations: 18.5 avg. #corrs. 774.75, |G|: 4 sec: 0.024
It: 228 #keyframes: 4 avg. #ICP iterations: 17.5 avg. #corrs. 779.25, |G|: 4 sec: 0.026
It: 229 #keyframes: 4 avg. #ICP iterations: 20.75 avg. #corrs. 762.75, |G|: 4 sec: 0.036
It: 230 #keyframes: 4 avg. #ICP iterations: 15.25 avg. #corrs. 786, |G|: 4 sec: 0.029
It: 231 #keyframes: 4 avg. #ICP iterations: 18.25 avg. #corrs. 779.25, |G|: 4 sec: 0.026
It: 232 #keyframes: 4 avg. #ICP iterations: 19.5 avg. #corrs. 749.75, |G|: 4 sec: 0.043
It: 233 #keyframes: 4 avg. #ICP iterations: 21.75 avg. #corrs. 687.75, |G|: 4 sec: 0.032
It: 234 #keyframes: 4 avg. #ICP iterations: 16 avg. #corrs. 677.75, |G|: 4 sec: 0.022
It: 235 #keyframes: 4 avg. #ICP iterations: 13.75 avg. #corrs. 691.5, |G|: 4 sec: 0.019
It: 236 #keyframes: 4 avg. #ICP iterations: 14.5 avg. #corrs. 735.75, |G|: 4 sec: 0.02
It: 237 #keyframes: 4 avg. #ICP iterations: 15 avg. #corrs. 741, |G|: 4 sec: 0.023
It: 238 #keyframes: 4 avg. #ICP iterations: 16.25 avg. #corrs. 721.75, |G|: 4 sec: 0.024
It: 239 #keyframes: 4 avg. #ICP iterations: 13.25 avg. #corrs. 724.5, |G|: 4 sec: 0.023
It: 240 #keyframes: 4 avg. #ICP iterations: 17 avg. #corrs. 716.75, |G|: 4 sec: 0.027
It: 241 #keyframes: 4 avg. #ICP iterations: 14.25 avg. #corrs. 715.75, |G|: 4 sec: 0.025
It: 242 #keyframes: 4 avg. #ICP iterations: 20.5 avg. #corrs. 703.25, |G|: 4 sec: 0.032
It: 243 #keyframes: 4 avg. #ICP iterations: 16.75 avg. #corrs. 695.75, |G|: 4 sec: 0.026
It: 244 #keyframes: 4 avg. #ICP iterations: 19.25 avg. #corrs. 711.25, |G|: 4 sec: 0.032
It: 245 #keyframes: 4 avg. #ICP iterations: 22.5 avg. #corrs. 692.25, |G|: 4 sec: 0.032
It: 246 #keyframes: 4 avg. #ICP iterations: 17.5 avg. #corrs. 664, |G|: 4 sec: 0.036
It: 247 #keyframes: 4 avg. #ICP iterations: 15.5 avg. #corrs. 682.75, |G|: 4 sec: 0.024
It: 248 #keyframes: 4 avg. #ICP iterations: 19.25 avg. #corrs. 662.5, |G|: 4 sec: 0.032
It: 249 #keyframes: 4 avg. #ICP iterations: 14.25 avg. #corrs. 742.75, |G|: 4 sec: 0.028
It: 250 #keyframes: 4 avg. #ICP iterations: 15.75 avg. #corrs. 755, |G|: 4 sec: 0.02
It: 251 #keyframes: 4 avg. #ICP iterations: 14.25 avg. #corrs. 741.75, |G|: 4 sec: 0.031
It: 252 #keyframes: 4 avg. #ICP iterations: 13 avg. #corrs. 746.5, |G|: 4 sec: 0.023
It: 253 #keyframes: 4 avg. #ICP iterations: 18.75 avg. #corrs. 727.5, |G|: 4 sec: 0.034
It: 254 #keyframes: 4 avg. #ICP iterations: 15 avg. #corrs. 715.25, |G|: 4 sec: 0.021
It: 255 #keyframes: 4 avg. #ICP iterations: 16.25 avg. #corrs. 684.75, |G|: 4 sec: 0.027
It: 256 #keyframes: 4 avg. #ICP iterations: 16.5 avg. #corrs. 679.75, |G|: 4 sec: 0.029
It: 257 #keyframes: 4 avg. #ICP iterations: 11.5 avg. #corrs. 671, |G|: 4 sec: 0.022
It: 258 #keyframes: 4 avg. #ICP iterations: 20.5 avg. #corrs. 650.5, |G|: 4 sec: 0.033
It: 259 #keyframes: 4 avg. #ICP iterations: 22.25 avg. #corrs. 672.25, |G|: 4 sec: 0.036
It: 260 #keyframes: 4 avg. #ICP iterations: 17 avg. #corrs. 646.5, |G|: 4 sec: 0.026
It: 261 #keyframes: 4 avg. #ICP iterations: 17.5 avg. #corrs. 705, |G|: 4 sec: 0.019
It: 262 #keyframes: 4 avg. #ICP iterations: 13.5 avg. #corrs. 692.75, |G|: 4 sec: 0.023
It: 263 #keyframes: 4 avg. #ICP iterations: 14 avg. #corrs. 671.75, |G|: 4 sec: 0.023
It: 264 #keyframes: 4 avg. #ICP iterations: 17 avg. #corrs. 652.25, |G|: 4 sec: 0.028
It: 265 #keyframes: 4 avg. #ICP iterations: 16 avg. #corrs. 672.25, |G|: 4 sec: 0.025
It: 266 #keyframes: 4 avg. #ICP iterations: 20.25 avg. #corrs. 647.5, |G|: 4 sec: 0.031
It: 267 #keyframes: 4 avg. #ICP iterations: 17.5 avg. #corrs. 612.5, |G|: 4 sec: 0.029
It: 268 #keyframes: 4 avg. #ICP iterations: 21.75 avg. #corrs. 650, |G|: 4 sec: 0.03
It: 269 #keyframes: 4 avg. #ICP iterations: 15 avg. #corrs. 619.5, |G|: 4 sec: 0.027
It: 270 #keyframes: 4 avg. #ICP iterations: 15.25 avg. #corrs. 636.75, |G|: 4 sec: 0.02
It: 271 #keyframes: 4 avg. #ICP iterations: 16 avg. #corrs. 622.25, |G|: 4 sec: 0.027
It: 272 #keyframes: 4 avg. #ICP iterations: 20.75 avg. #corrs. 615.25, |G|: 4 sec: 0.04
It: 273 #keyframes: 4 avg. #ICP iterations: 24.25 avg. #corrs. 649.25, |G|: 4 sec: 0.04
It: 274 #keyframes: 4 avg. #ICP iterations: 18 avg. #corrs. 638, |G|: 4 sec: 0.038
It: 275 #keyframes: 4 avg. #ICP iterations: 12.25 avg. #corrs. 638.5, |G|: 4 sec: 0.02
It: 276 #keyframes: 4 avg. #ICP iterations: 16 avg. #corrs. 646, |G|: 4 sec: 0.022
It: 277 #keyframes: 4 avg. #ICP iterations: 12.5 avg. #corrs. 624.25, |G|: 4 sec: 0.018
It: 278 #keyframes: 4 avg. #ICP iterations: 17.25 avg. #corrs. 618.5, |G|: 4 sec: 0.027
It: 279 #keyframes: 4 avg. #ICP iterations: 22.25 avg. #corrs. 638.25, |G|: 4 sec: 0.041
It: 280 #keyframes: 4 avg. #ICP iterations: 18 avg. #corrs. 623, |G|: 4 sec: 0.022
It: 281 #keyframes: 4 avg. #ICP iterations: 16.25 avg. #corrs. 626.25, |G|: 4 sec: 0.029
It: 282 #keyframes: 4 avg. #ICP iterations: 20.5 avg. #corrs. 610.5, |G|: 4 sec: 0.04
It: 283 #keyframes: 4 avg. #ICP iterations: 17.75 avg. #corrs. 609.75, |G|: 4 sec: 0.027
It: 284 #keyframes: 4 avg. #ICP iterations: 15.25 avg. #corrs. 623.25, |G|: 4 sec: 0.022
It: 285 #keyframes: 4 avg. #ICP iterations: 22.25 avg. #corrs. 647.25, |G|: 4 sec: 0.039
It: 286 #keyframes: 4 avg. #ICP iterations: 19.5 avg. #corrs. 701.5, |G|: 4 sec: 0.031
It: 287 #keyframes: 4 avg. #ICP iterations: 18.75 avg. #corrs. 705.5, |G|: 4 sec: 0.033
It: 288 #keyframes: 4 avg. #ICP iterations: 19.25 avg. #corrs. 674.25, |G|: 4 sec: 0.026
It: 289 #keyframes: 4 avg. #ICP iterations: 17 avg. #corrs. 658.25, |G|: 4 sec: 0.022
It: 290 #keyframes: 4 avg. #ICP iterations: 12.75 avg. #corrs. 662.75, |G|: 4 sec: 0.019
It: 291 #keyframes: 4 avg. #ICP iterations: 19.5 avg. #corrs. 644, |G|: 4 sec: 0.031
It: 292 #keyframes: 4 avg. #ICP iterations: 18 avg. #corrs. 641, |G|: 4 sec: 0.03
It: 293 #keyframes: 4 avg. #ICP iterations: 17 avg. #corrs. 644.5, |G|: 4 sec: 0.038
It: 294 #keyframes: 4 avg. #ICP iterations: 16.25 avg. #corrs. 629.75, |G|: 4 sec: 0.028
It: 295 #keyframes: 4 avg. #ICP iterations: 14.5 avg. #corrs. 638.5, |G|: 4 sec: 0.025
It: 296 #keyframes: 4 avg. #ICP iterations: 18 avg. #corrs. 645, |G|: 4 sec: 0.035
It: 297 #keyframes: 4 avg. #ICP iterations: 16 avg. #corrs. 647, |G|: 4 sec: 0.025
It: 298 #keyframes: 4 avg. #ICP iterations: 16.75 avg. #corrs. 644, |G|: 4 sec: 0.029
It: 299 #keyframes: 4 avg. #ICP iterations: 14 avg. #corrs. 649.5, |G|: 4 sec: 0.024
It: 300 #keyframes: 4 avg. #ICP iterations: 21.75 avg. #corrs. 643.25, |G|: 4 sec: 0.038
It: 301 #keyframes: 4 avg. #ICP iterations: 20.25 avg. #corrs. 648.75, |G|: 4 sec: 0.033
It: 302 #keyframes: 4 avg. #ICP iterations: 17 avg. #corrs. 644, |G|: 4 sec: 0.043
It: 303 #keyframes: 4 avg. #ICP iterations: 23 avg. #corrs. 666.75, |G|: 4 sec: 0.046
It: 304 #keyframes: 4 avg. #ICP iterations: 19.25 avg. #corrs. 681.5, |G|: 4 sec: 0.044
It: 305 #keyframes: 4 avg. #ICP iterations: 21.5 avg. #corrs. 700.5, |G|: 4 sec: 0.036
It: 306 #keyframes: 4 avg. #ICP iterations: 17.75 avg. #corrs. 793.25, |G|: 4 sec: 0.037
It: 307 #keyframes: 4 avg. #ICP iterations: 17.5 avg. #corrs. 812, |G|: 4 sec: 0.036
It: 308 #keyframes: 4 avg. #ICP iterations: 11.75 avg. #corrs. 815.5, |G|: 4 sec: 0.028
It: 309 #keyframes: 4 avg. #ICP iterations: 18.25 avg. #corrs. 833.25, |G|: 4 sec: 0.041
It: 310 #keyframes: 4 avg. #ICP iterations: 18.5 avg. #corrs. 861, |G|: 4 sec: 0.044
It: 311 #keyframes: 4 avg. #ICP iterations: 18.5 avg. #corrs. 879.25, |G|: 4 sec: 0.039
It: 312 #keyframes: 4 avg. #ICP iterations: 15.25 avg. #corrs. 893.5, |G|: 4 sec: 0.033
It: 313 #keyframes: 4 avg. #ICP iterations: 15 avg. #corrs. 885, |G|: 4 sec: 0.039
It: 314 #keyframes: 4 avg. #ICP iterations: 22.25 avg. #corrs. 883.75, |G|: 4 sec: 0.05
It: 315 #keyframes: 4 avg. #ICP iterations: 20.5 avg. #corrs. 887.25, |G|: 4 sec: 0.058
It: 316 #keyframes: 4 avg. #ICP iterations: 11.5 avg. #corrs. 900.25, |G|: 4 sec: 0.026
It: 317 #keyframes: 4 avg. #ICP iterations: 15 avg. #corrs. 908.5, |G|: 4 sec: 0.04
It: 318 #keyframes: 4 avg. #ICP iterations: 17.5 avg. #corrs. 926, |G|: 4 sec: 0.039
It: 319 #keyframes: 4 avg. #ICP iterations: 12.75 avg. #corrs. 926, |G|: 4 sec: 0.028
It: 320 #keyframes: 4 avg. #ICP iterations: 16.25 avg. #corrs. 919, |G|: 4 sec: 0.038
It: 321 #keyframes: 4 avg. #ICP iterations: 16.25 avg. #corrs. 909.5, |G|: 4 sec: 0.033
It: 322 #keyframes: 4 avg. #ICP iterations: 24.75 avg. #corrs. 912, |G|: 4 sec: 0.062
It: 323 #keyframes: 4 avg. #ICP iterations: 21.25 avg. #corrs. 912.25, |G|: 4 sec: 0.048
It: 324 #keyframes: 4 avg. #ICP iterations: 18.5 avg. #corrs. 920.25, |G|: 4 sec: 0.041
It: 325 #keyframes: 4 avg. #ICP iterations: 16.75 avg. #corrs. 927.75, |G|: 4 sec: 0.038
It: 326 #keyframes: 4 avg. #ICP iterations: 22 avg. #corrs. 930.75, |G|: 4 sec: 0.054
It: 327 #keyframes: 4 avg. #ICP iterations: 18.5 avg. #corrs. 918, |G|: 4 sec: 0.06
It: 328 #keyframes: 4 avg. #ICP iterations: 18.25 avg. #corrs. 938, |G|: 4 sec: 0.067
It: 329 #keyframes: 4 avg. #ICP iterations: 20.5 avg. #corrs. 932, |G|: 4 sec: 0.059
It: 330 #keyframes: 4 avg. #ICP iterations: 17.75 avg. #corrs. 915.75, |G|: 4 sec: 0.047
It: 331 #keyframes: 4 avg. #ICP iterations: 22 avg. #corrs. 921.75, |G|: 4 sec: 0.061
It: 332 #keyframes: 4 avg. #ICP iterations: 20.25 avg. #corrs. 881, |G|: 4 sec: 0.049
It: 333 #keyframes: 4 avg. #ICP iterations: 16.25 avg. #corrs. 878.25, |G|: 4 sec: 0.058
It: 334 #keyframes: 4 avg. #ICP iterations: 20 avg. #corrs. 848, |G|: 4 sec: 0.065
It: 335 #keyframes: 4 avg. #ICP iterations: 19 avg. #corrs. 836.25, |G|: 4 sec: 0.054
It: 336 #keyframes: 4 avg. #ICP iterations: 16 avg. #corrs. 829, |G|: 4 sec: 0.064
It: 337 #keyframes: 4 avg. #ICP iterations: 18.25 avg. #corrs. 810.5, |G|: 4 sec: 0.057
It: 338 #keyframes: 4 avg. #ICP iterations: 26.25 avg. #corrs. 779.25, |G|: 4 sec: 0.048
It: 339 #keyframes: 4 avg. #ICP iterations: 19.5 avg. #corrs. 764.75, |G|: 4 sec: 0.081
It: 340 #keyframes: 4 avg. #ICP iterations: 22.75 avg. #corrs. 757.5, |G|: 4 sec: 0.061
It: 341 #keyframes: 4 avg. #ICP iterations: 18 avg. #corrs. 909.5, |G|: 4 sec: 0.044
It: 342 #keyframes: 4 avg. #ICP iterations: 18.75 avg. #corrs. 892, |G|: 4 sec: 0.059
It: 343 #keyframes: 4 avg. #ICP iterations: 21 avg. #corrs. 879.75, |G|: 4 sec: 0.054
It: 344 #keyframes: 4 avg. #ICP iterations: 28.25 avg. #corrs. 877.25, |G|: 4 sec: 0.067
It: 345 #keyframes: 4 avg. #ICP iterations: 25 avg. #corrs. 851.25, |G|: 4 sec: 0.08
It: 346 #keyframes: 4 avg. #ICP iterations: 30.75 avg. #corrs. 827.25, |G|: 4 sec: 0.053
It: 347 #keyframes: 4 avg. #ICP iterations: 15.75 avg. #corrs. 825.5, |G|: 4 sec: 0.05
It: 348 #keyframes: 4 avg. #ICP iterations: 24.25 avg. #corrs. 827.75, |G|: 4 sec: 0.045
It: 349 #keyframes: 4 avg. #ICP iterations: 23 avg. #corrs. 826.25, |G|: 4 sec: 0.048
It: 350 #keyframes: 4 avg. #ICP iterations: 20.25 avg. #corrs. 828.75, |G|: 4 sec: 0.064
It: 351 #keyframes: 4 avg. #ICP iterations: 14.5 avg. #corrs. 832, |G|: 4 sec: 0.032
It: 352 #keyframes: 4 avg. #ICP iterations: 19.75 avg. #corrs. 825, |G|: 4 sec: 0.042
It: 353 #keyframes: 4 avg. #ICP iterations: 20.75 avg. #corrs. 816.5, |G|: 4 sec: 0.052
It: 354 #keyframes: 4 avg. #ICP iterations: 19 avg. #corrs. 812.75, |G|: 4 sec: 0.047
It: 355 #keyframes: 4 avg. #ICP iterations: 21.25 avg. #corrs. 815.25, |G|: 4 sec: 0.038
It: 356 #keyframes: 4 avg. #ICP iterations: 19.25 avg. #corrs. 992.5, |G|: 4 sec: 0.041
It: 357 #keyframes: 4 avg. #ICP iterations: 17.5 avg. #corrs. 988.5, |G|: 4 sec: 0.034
It: 358 #keyframes: 4 avg. #ICP iterations: 18.75 avg. #corrs. 964.5, |G|: 4 sec: 0.038
It: 359 #keyframes: 4 avg. #ICP iterations: 20 avg. #corrs. 969, |G|: 4 sec: 0.051
It: 360 #keyframes: 4 avg. #ICP iterations: 17.75 avg. #corrs. 969.25, |G|: 4 sec: 0.036
It: 361 #keyframes: 4 avg. #ICP iterations: 14.75 avg. #corrs. 976.75, |G|: 4 sec: 0.036
It: 362 #keyframes: 4 avg. #ICP iterations: 16.5 avg. #corrs. 968.25, |G|: 4 sec: 0.038
It: 363 #keyframes: 4 avg. #ICP iterations: 21 avg. #corrs. 953.75, |G|: 4 sec: 0.055
It: 364 #keyframes: 4 avg. #ICP iterations: 18 avg. #corrs. 998, |G|: 4 sec: 0.047
It: 365 #keyframes: 4 avg. #ICP iterations: 19 avg. #corrs. 968, |G|: 4 sec: 0.061
It: 366 #keyframes: 4 avg. #ICP iterations: 22 avg. #corrs. 984, |G|: 4 sec: 0.065
It: 367 #keyframes: 4 avg. #ICP iterations: 18 avg. #corrs. 1164.25, |G|: 4 sec: 0.053
It: 368 #keyframes: 4 avg. #ICP iterations: 15.5 avg. #corrs. 1181, |G|: 4 sec: 0.062
It: 369 #keyframes: 4 avg. #ICP iterations: 19.25 avg. #corrs. 1131, |G|: 4 sec: 0.048
It: 370 #keyframes: 4 avg. #ICP iterations: 21.5 avg. #corrs. 1115.75, |G|: 4 sec: 0.074
It: 371 #keyframes: 4 avg. #ICP iterations: 18.5 avg. #corrs. 1074.75, |G|: 4 sec: 0.074
It: 372 #keyframes: 4 avg. #ICP iterations: 15.5 avg. #corrs. 1070.5, |G|: 4 sec: 0.036
It: 373 #keyframes: 4 avg. #ICP iterations: 22.25 avg. #corrs. 1081.75, |G|: 4 sec: 0.057
It: 374 #keyframes: 4 avg. #ICP iterations: 27.75 avg. #corrs. 1065.25, |G|: 4 sec: 0.086
It: 375 #keyframes: 4 avg. #ICP iterations: 32.5 avg. #corrs. 1036, |G|: 4 sec: 0.079
It: 376 #keyframes: 4 avg. #ICP iterations: 20.25 avg. #corrs. 1035.75, |G|: 4 sec: 0.056
It: 377 #keyframes: 4 avg. #ICP iterations: 16.5 avg. #corrs. 1034.5, |G|: 4 sec: 0.057
It: 378 #keyframes: 4 avg. #ICP iterations: 16.25 avg. #corrs. 999.5, |G|: 4 sec: 0.039
It: 379 #keyframes: 4 avg. #ICP iterations: 22 avg. #corrs. 1004, |G|: 4 sec: 0.046
It: 380 #keyframes: 4 avg. #ICP iterations: 15.25 avg. #corrs. 1014.5, |G|: 4 sec: 0.042
It: 381 #keyframes: 4 avg. #ICP iterations: 19.25 avg. #corrs. 988.25, |G|: 4 sec: 0.04
It: 382 #keyframes: 4 avg. #ICP iterations: 13.75 avg. #corrs. 988.5, |G|: 4 sec: 0.034
It: 383 #keyframes: 4 avg. #ICP iterations: 15.5 avg. #corrs. 949.25, |G|: 4 sec: 0.049
It: 384 #keyframes: 4 avg. #ICP iterations: 22.5 avg. #corrs. 921.75, |G|: 4 sec: 0.05
It: 385 #keyframes: 4 avg. #ICP iterations: 19.75 avg. #corrs. 917, |G|: 4 sec: 0.055
It: 386 #keyframes: 4 avg. #ICP iterations: 20.5 avg. #corrs. 934.5, |G|: 4 sec: 0.041
It: 387 #keyframes: 4 avg. #ICP iterations: 24 avg. #corrs. 1010.25, |G|: 4 sec: 0.059
It: 388 #keyframes: 4 avg. #ICP iterations: 19.5 avg. #corrs. 1017.25, |G|: 4 sec: 0.04
It: 389 #keyframes: 4 avg. #ICP iterations: 21.5 avg. #corrs. 1028, |G|: 4 sec: 0.05
It: 390 #keyframes: 4 avg. #ICP iterations: 17.75 avg. #corrs. 1008, |G|: 4 sec: 0.045
It: 391 #keyframes: 4 avg. #ICP iterations: 19.25 avg. #corrs. 984.5, |G|: 4 sec: 0.045
It: 392 #keyframes: 4 avg. #ICP iterations: 16.25 avg. #corrs. 989.75, |G|: 4 sec: 0.039
It: 393 #keyframes: 4 avg. #ICP iterations: 20 avg. #corrs. 956.25, |G|: 4 sec: 0.043
It: 394 #keyframes: 4 avg. #ICP iterations: 19.25 avg. #corrs. 957.25, |G|: 4 sec: 0.047
It: 395 #keyframes: 4 avg. #ICP iterations: 15.25 avg. #corrs. 934.75, |G|: 4 sec: 0.062
It: 396 #keyframes: 4 avg. #ICP iterations: 20.5 avg. #corrs. 906.5, |G|: 4 sec: 0.048
It: 397 #keyframes: 4 avg. #ICP iterations: 21 avg. #corrs. 1009, |G|: 4 sec: 0.05
It: 398 #keyframes: 4 avg. #ICP iterations: 20.75 avg. #corrs. 1010, |G|: 4 sec: 0.067
It: 399 #keyframes: 4 avg. #ICP iterations: 19.5 avg. #corrs. 1014.5, |G|: 4 sec: 0.04
It: 400 #keyframes: 4 avg. #ICP iterations: 26.25 avg. #corrs. 987.25, |G|: 4 sec: 0.055
It: 401 #keyframes: 4 avg. #ICP iterations: 18.75 avg. #corrs. 1008.25, |G|: 4 sec: 0.041
It: 402 #keyframes: 4 avg. #ICP iterations: 19.75 avg. #corrs. 992, |G|: 4 sec: 0.036
It: 403 #keyframes: 4 avg. #ICP iterations: 16.5 avg. #corrs. 971.5, |G|: 4 sec: 0.033
It: 404 #keyframes: 4 avg. #ICP iterations: 25.25 avg. #corrs. 979.5, |G|: 4 sec: 0.062
It: 405 #keyframes: 4 avg. #ICP iterations: 18.5 avg. #corrs. 974.75, |G|: 4 sec: 0.076
It: 406 #keyframes: 4 avg. #ICP iterations: 24.5 avg. #corrs. 993.75, |G|: 4 sec: 0.067
It: 407 #keyframes: 4 avg. #ICP iterations: 18.5 avg. #corrs. 1060, |G|: 4 sec: 0.059
It: 408 #keyframes: 4 avg. #ICP iterations: 22.75 avg. #corrs. 1091.75, |G|: 4 sec: 0.052
It: 409 #keyframes: 4 avg. #ICP iterations: 17.75 avg. #corrs. 1084.5, |G|: 4 sec: 0.053
It: 410 #keyframes: 4 avg. #ICP iterations: 22.25 avg. #corrs. 1076.75, |G|: 4 sec: 0.05
It: 411 #keyframes: 4 avg. #ICP iterations: 12.5 avg. #corrs. 1058.25, |G|: 4 sec: 0.041
It: 412 #keyframes: 4 avg. #ICP iterations: 17.25 avg. #corrs. 1093.75, |G|: 4 sec: 0.045
It: 413 #keyframes: 4 avg. #ICP iterations: 19.25 avg. #corrs. 1071.75, |G|: 4 sec: 0.057
It: 414 #keyframes: 4 avg. #ICP iterations: 17.5 avg. #corrs. 1070, |G|: 4 sec: 0.073
It: 415 #keyframes: 4 avg. #ICP iterations: 19.25 avg. #corrs. 1080.75, |G|: 4 sec: 0.051
It: 416 #keyframes: 4 avg. #ICP iterations: 18.75 avg. #corrs. 1073.25, |G|: 4 sec: 0.043
It: 417 #keyframes: 4 avg. #ICP iterations: 16.5 avg. #corrs. 1189.5, |G|: 4 sec: 0.041
It: 418 #keyframes: 4 avg. #ICP iterations: 19 avg. #corrs. 1183.75, |G|: 4 sec: 0.05
It: 419 #keyframes: 4 avg. #ICP iterations: 22 avg. #corrs. 1194.25, |G|: 4 sec: 0.054
It: 420 #keyframes: 4 avg. #ICP iterations: 16.5 avg. #corrs. 1212.5, |G|: 4 sec: 0.053
It: 421 #keyframes: 4 avg. #ICP iterations: 13 avg. #corrs. 1215.25, |G|: 4 sec: 0.053
It: 422 #keyframes: 4 avg. #ICP iterations: 17.75 avg. #corrs. 1234.75, |G|: 4 sec: 0.068
It: 423 #keyframes: 4 avg. #ICP iterations: 14.25 avg. #corrs. 1230.75, |G|: 4 sec: 0.044
It: 424 #keyframes: 4 avg. #ICP iterations: 23.25 avg. #corrs. 1225.5, |G|: 4 sec: 0.073
It: 425 #keyframes: 4 avg. #ICP iterations: 18.5 avg. #corrs. 1224, |G|: 4 sec: 0.057
It: 426 #keyframes: 4 avg. #ICP iterations: 17 avg. #corrs. 1224.5, |G|: 4 sec: 0.066
It: 427 #keyframes: 4 avg. #ICP iterations: 19.75 avg. #corrs. 1324.75, |G|: 4 sec: 0.067
It: 428 #keyframes: 4 avg. #ICP iterations: 15.5 avg. #corrs. 1339.5, |G|: 4 sec: 0.042
It: 429 #keyframes: 4 avg. #ICP iterations: 17 avg. #corrs. 1319.5, |G|: 4 sec: 0.047
It: 430 #keyframes: 4 avg. #ICP iterations: 16.5 avg. #corrs. 1334, |G|: 4 sec: 0.047
It: 431 #keyframes: 4 avg. #ICP iterations: 22.25 avg. #corrs. 1316.75, |G|: 4 sec: 0.095
It: 432 #keyframes: 4 avg. #ICP iterations: 21.75 avg. #corrs. 1321.75, |G|: 4 sec: 0.056
It: 433 #keyframes: 4 avg. #ICP iterations: 20.5 avg. #corrs. 1315, |G|: 4 sec: 0.068
It: 434 #keyframes: 4 avg. #ICP iterations: 23.5 avg. #corrs. 1294.5, |G|: 4 sec: 0.081
It: 435 #keyframes: 4 avg. #ICP iterations: 19 avg. #corrs. 1296.25, |G|: 4 sec: 0.069
It: 436 #keyframes: 4 avg. #ICP iterations: 20.5 avg. #corrs. 1273.75, |G|: 4 sec: 0.069
It: 437 #keyframes: 4 avg. #ICP iterations: 25.5 avg. #corrs. 1255.25, |G|: 4 sec: 0.076
It: 438 #keyframes: 4 avg. #ICP iterations: 13 avg. #corrs. 1351.5, |G|: 4 sec: 0.059
It: 439 #keyframes: 4 avg. #ICP iterations: 20.5 avg. #corrs. 1354.75, |G|: 4 sec: 0.072
It: 440 #keyframes: 4 avg. #ICP iterations: 19.75 avg. #corrs. 1390.75, |G|: 4 sec: 0.056
It: 441 #keyframes: 4 avg. #ICP iterations: 19.75 avg. #corrs. 1396.25, |G|: 4 sec: 0.084
It: 442 #keyframes: 4 avg. #ICP iterations: 16.75 avg. #corrs. 1372.75, |G|: 4 sec: 0.055
It: 443 #keyframes: 4 avg. #ICP iterations: 23.75 avg. #corrs. 1350.75, |G|: 4 sec: 0.078
It: 444 #keyframes: 4 avg. #ICP iterations: 21.5 avg. #corrs. 1334.5, |G|: 4 sec: 0.068
It: 445 #keyframes: 4 avg. #ICP iterations: 22.25 avg. #corrs. 1356, |G|: 4 sec: 0.07
It: 446 #keyframes: 4 avg. #ICP iterations: 22.25 avg. #corrs. 1353.25, |G|: 4 sec: 0.054
It: 447 #keyframes: 4 avg. #ICP iterations: 23.5 avg. #corrs. 1359, |G|: 4 sec: 0.073
It: 448 #keyframes: 4 avg. #ICP iterations: 25.75 avg. #corrs. 1356.5, |G|: 4 sec: 0.077
It: 449 #keyframes: 4 avg. #ICP iterations: 32 avg. #corrs. 1344.5, |G|: 4 sec: 0.086
It: 450 #keyframes: 4 avg. #ICP iterations: 22 avg. #corrs. 1316.75, |G|: 4 sec: 0.078
It: 451 #keyframes: 4 avg. #ICP iterations: 27.75 avg. #corrs. 1327.5, |G|: 4 sec: 0.079
It: 452 #keyframes: 4 avg. #ICP iterations: 22.5 avg. #corrs. 1507.5, |G|: 4 sec: 0.077
It: 453 #keyframes: 4 avg. #ICP iterations: 23.5 avg. #corrs. 1488.25, |G|: 4 sec: 0.084
It: 454 #keyframes: 4 avg. #ICP iterations: 20.75 avg. #corrs. 1551.5, |G|: 4 sec: 0.062
It: 455 #keyframes: 4 avg. #ICP iterations: 21.5 avg. #corrs. 1553, |G|: 4 sec: 0.084
It: 456 #keyframes: 4 avg. #ICP iterations: 26.25 avg. #corrs. 1532.75, |G|: 4 sec: 0.073
It: 457 #keyframes: 4 avg. #ICP iterations: 33.75 avg. #corrs. 1545.5, |G|: 4 sec: 0.111
It: 458 #keyframes: 4 avg. #ICP iterations: 25 avg. #corrs. 1535.75, |G|: 4 sec: 0.09
It: 459 #keyframes: 4 avg. #ICP iterations: 24.5 avg. #corrs. 1543.5, |G|: 4 sec: 0.082
It: 460 #keyframes: 4 avg. #ICP iterations: 22.5 avg. #corrs. 1541.5, |G|: 4 sec: 0.071
It: 461 #keyframes: 4 avg. #ICP iterations: 20.25 avg. #corrs. 1543.75, |G|: 4 sec: 0.07
It: 462 #keyframes: 4 avg. #ICP iterations: 21 avg. #corrs. 1573.75, |G|: 4 sec: 0.055
It: 463 #keyframes: 4 avg. #ICP iterations: 21.75 avg. #corrs. 1565, |G|: 4 sec: 0.071
It: 464 #keyframes: 4 avg. #ICP iterations: 22.25 avg. #corrs. 1561.75, |G|: 4 sec: 0.074
It: 465 #keyframes: 4 avg. #ICP iterations: 22.25 avg. #corrs. 1587, |G|: 4 sec: 0.074
It: 466 #keyframes: 4 avg. #ICP iterations: 16.25 avg. #corrs. 1621, |G|: 4 sec: 0.065
It: 467 #keyframes: 4 avg. #ICP iterations: 22.75 avg. #corrs. 1574.5, |G|: 4 sec: 0.074
It: 468 #keyframes: 4 avg. #ICP iterations: 30.5 avg. #corrs. 1566.5, |G|: 4 sec: 0.097
It: 469 #keyframes: 4 avg. #ICP iterations: 29.25 avg. #corrs. 1538, |G|: 4 sec: 0.101
It: 470 #keyframes: 4 avg. #ICP iterations: 22.75 avg. #corrs. 1525.75, |G|: 4 sec: 0.077
It: 471 #keyframes: 4 avg. #ICP iterations: 25 avg. #corrs. 1745.5, |G|: 4 sec: 0.084
It: 472 #keyframes: 4 avg. #ICP iterations: 37 avg. #corrs. 1777, |G|: 4 sec: 0.141
It: 473 #keyframes: 4 avg. #ICP iterations: 34.25 avg. #corrs. 1767, |G|: 4 sec: 0.133
It: 474 #keyframes: 4 avg. #ICP iterations: 21.75 avg. #corrs. 1757.5, |G|: 4 sec: 0.077
It: 475 #keyframes: 4 avg. #ICP iterations: 29.75 avg. #corrs. 1721, |G|: 4 sec: 0.1
It: 476 #keyframes: 4 avg. #ICP iterations: 29.25 avg. #corrs. 1695.25, |G|: 4 sec: 0.102
It: 477 #keyframes: 4 avg. #ICP iterations: 30 avg. #corrs. 1621.25, |G|: 4 sec: 0.095
It: 478 #keyframes: 4 avg. #ICP iterations: 24 avg. #corrs. 1546.25, |G|: 4 sec: 0.071
It: 479 #keyframes: 4 avg. #ICP iterations: 25 avg. #corrs. 1515.5, |G|: 4 sec: 0.079
It: 480 #keyframes: 4 avg. #ICP iterations: 29.25 avg. #corrs. 1470.25, |G|: 4 sec: 0.095
It: 481 #keyframes: 4 avg. #ICP iterations: 21.5 avg. #corrs. 1427.5, |G|: 4 sec: 0.076
It: 482 #keyframes: 4 avg. #ICP iterations: 35.25 avg. #corrs. 1384.75, |G|: 4 sec: 0.117
It: 483 #keyframes: 4 avg. #ICP iterations: 20.25 avg. #corrs. 1343.75, |G|: 4 sec: 0.054
It: 484 #keyframes: 4 avg. #ICP iterations: 25.25 avg. #corrs. 1334, |G|: 4 sec: 0.07
It: 485 #keyframes: 4 avg. #ICP iterations: 34.25 avg. #corrs. 1287.5, |G|: 4 sec: 0.096
It: 486 #keyframes: 4 avg. #ICP iterations: 25.75 avg. #corrs. 1273.25, |G|: 4 sec: 0.079
It: 487 #keyframes: 4 avg. #ICP iterations: 21 avg. #corrs. 1237.5, |G|: 4 sec: 0.077
It: 488 #keyframes: 4 avg. #ICP iterations: 21.75 avg. #corrs. 1210, |G|: 4 sec: 0.075
It: 489 #keyframes: 4 avg. #ICP iterations: 34 avg. #corrs. 1185.75, |G|: 4 sec: 0.117
It: 490 #keyframes: 4 avg. #ICP iterations: 14.5 avg. #corrs. 1181.25, |G|: 4 sec: 0.046
It: 491 #keyframes: 4 avg. #ICP iterations: 17.25 avg. #corrs. 1316.25, |G|: 4 sec: 0.074
It: 492 #keyframes: 4 avg. #ICP iterations: 18.5 avg. #corrs. 1320.5, |G|: 4 sec: 0.044
It: 493 #keyframes: 4 avg. #ICP iterations: 18.75 avg. #corrs. 1295, |G|: 4 sec: 0.041
It: 494 #keyframes: 4 avg. #ICP iterations: 17.5 avg. #corrs. 1255.5, |G|: 4 sec: 0.043
It: 495 #keyframes: 4 avg. #ICP iterations: 15.25 avg. #corrs. 1222.75, |G|: 4 sec: 0.035
It: 496 #keyframes: 4 avg. #ICP iterations: 15.75 avg. #corrs. 1199, |G|: 4 sec: 0.042
It: 497 #keyframes: 4 avg. #ICP iterations: 18.5 avg. #corrs. 1220, |G|: 4 sec: 0.043
It: 498 #keyframes: 4 avg. #ICP iterations: 13.5 avg. #corrs. 1159, |G|: 4 sec: 0.044
It: 499 #keyframes: 4 avg. #ICP iterations: 15.75 avg. #corrs. 1083, |G|: 4 sec: 0.055
It: 500 #keyframes: 4 avg. #ICP iterations: 21.5 avg. #corrs. 1065, |G|: 4 sec: 0.061
It: 501 #keyframes: 4 avg. #ICP iterations: 18 avg. #corrs. 1053, |G|: 4 sec: 0.051
It: 502 #keyframes: 4 avg. #ICP iterations: 20.5 avg. #corrs. 1124.25, |G|: 4 sec: 0.045
It: 503 #keyframes: 4 avg. #ICP iterations: 16.5 avg. #corrs. 1072.25, |G|: 4 sec: 0.038
It: 504 #keyframes: 4 avg. #ICP iterations: 14.75 avg. #corrs. 1049.5, |G|: 4 sec: 0.04
It: 505 #keyframes: 4 avg. #ICP iterations: 13.75 avg. #corrs. 1170.25, |G|: 4 sec: 0.026
It: 506 #keyframes: 4 avg. #ICP iterations: 17.25 avg. #corrs. 1137.25, |G|: 4 sec: 0.049
It: 507 #keyframes: 4 avg. #ICP iterations: 20 avg. #corrs. 1117, |G|: 4 sec: 0.044
It: 508 #keyframes: 4 avg. #ICP iterations: 16 avg. #corrs. 1099, |G|: 4 sec: 0.038
It: 509 #keyframes: 4 avg. #ICP iterations: 14 avg. #corrs. 1078.75, |G|: 4 sec: 0.033
It: 510 #keyframes: 4 avg. #ICP iterations: 13.5 avg. #corrs. 1048.5, |G|: 4 sec: 0.039
It: 511 #keyframes: 4 avg. #ICP iterations: 15.75 avg. #corrs. 1039.25, |G|: 4 sec: 0.033
It: 512 #keyframes: 4 avg. #ICP iterations: 14.25 avg. #corrs. 1017.75, |G|: 4 sec: 0.035
It: 513 #keyframes: 4 avg. #ICP iterations: 15.75 avg. #corrs. 1012, |G|: 4 sec: 0.026
It: 514 #keyframes: 4 avg. #ICP iterations: 20 avg. #corrs. 1029.5, |G|: 4 sec: 0.045
It: 515 #keyframes: 4 avg. #ICP iterations: 18.25 avg. #corrs. 1026.75, |G|: 4 sec: 0.038
It: 516 #keyframes: 4 avg. #ICP iterations: 16.5 avg. #corrs. 1066.5, |G|: 4 sec: 0.028
It: 517 #keyframes: 4 avg. #ICP iterations: 19.75 avg. #corrs. 1071.5, |G|: 4 sec: 0.039
It: 518 #keyframes: 4 avg. #ICP iterations: 16 avg. #corrs. 1017.75, |G|: 4 sec: 0.03
It: 519 #keyframes: 4 avg. #ICP iterations: 14.5 avg. #corrs. 1006.75, |G|: 4 sec: 0.026
It: 520 #keyframes: 4 avg. #ICP iterations: 12.75 avg. #corrs. 967, |G|: 4 sec: 0.028
It: 521 #keyframes: 4 avg. #ICP iterations: 18.25 avg. #corrs. 953.5, |G|: 4 sec: 0.046
It: 522 #keyframes: 4 avg. #ICP iterations: 16.25 avg. #corrs. 940, |G|: 4 sec: 0.057
It: 523 #keyframes: 4 avg. #ICP iterations: 17.25 avg. #corrs. 912, |G|: 4 sec: 0.032
It: 524 #keyframes: 4 avg. #ICP iterations: 12 avg. #corrs. 898, |G|: 4 sec: 0.029
It: 525 #keyframes: 4 avg. #ICP iterations: 19.25 avg. #corrs. 906.25, |G|: 4 sec: 0.051
It: 526 #keyframes: 4 avg. #ICP iterations: 22 avg. #corrs. 917.5, |G|: 4 sec: 0.042
It: 527 #keyframes: 4 avg. #ICP iterations: 16.25 avg. #corrs. 939.75, |G|: 4 sec: 0.026
It: 528 #keyframes: 4 avg. #ICP iterations: 26.25 avg. #corrs. 913, |G|: 4 sec: 0.055
It: 529 #keyframes: 4 avg. #ICP iterations: 16.75 avg. #corrs. 893, |G|: 4 sec: 0.044
It: 530 #keyframes: 4 avg. #ICP iterations: 16.25 avg. #corrs. 889.25, |G|: 4 sec: 0.034
It: 531 #keyframes: 4 avg. #ICP iterations: 21.25 avg. #corrs. 873.75, |G|: 4 sec: 0.038
It: 532 #keyframes: 4 avg. #ICP iterations: 14.5 avg. #corrs. 860.5, |G|: 4 sec: 0.028
It: 533 #keyframes: 4 avg. #ICP iterations: 19 avg. #corrs. 842, |G|: 4 sec: 0.031
It: 534 #keyframes: 4 avg. #ICP iterations: 20.75 avg. #corrs. 858.25, |G|: 4 sec: 0.039
It: 535 #keyframes: 4 avg. #ICP iterations: 22.25 avg. #corrs. 840, |G|: 4 sec: 0.045
It: 536 #keyframes: 4 avg. #ICP iterations: 16 avg. #corrs. 908.25, |G|: 4 sec: 0.043
It: 537 #keyframes: 4 avg. #ICP iterations: 20.75 avg. #corrs. 920.5, |G|: 4 sec: 0.042
It: 538 #keyframes: 4 avg. #ICP iterations: 17.75 avg. #corrs. 896.5, |G|: 4 sec: 0.037
It: 539 #keyframes: 4 avg. #ICP iterations: 23.75 avg. #corrs. 910.75, |G|: 4 sec: 0.041
It: 540 #keyframes: 4 avg. #ICP iterations: 16 avg. #corrs. 878, |G|: 4 sec: 0.029
It: 541 #keyframes: 4 avg. #ICP iterations: 20 avg. #corrs. 905, |G|: 4 sec: 0.043
It: 542 #keyframes: 4 avg. #ICP iterations: 19 avg. #corrs. 891, |G|: 4 sec: 0.042
It: 543 #keyframes: 4 avg. #ICP iterations: 15.5 avg. #corrs. 901.75, |G|: 4 sec: 0.025
It: 544 #keyframes: 4 avg. #ICP iterations: 18.75 avg. #corrs. 899.75, |G|: 4 sec: 0.034
It: 545 #keyframes: 4 avg. #ICP iterations: 16 avg. #corrs. 918, |G|: 4 sec: 0.036
It: 546 #keyframes: 4 avg. #ICP iterations: 13 avg. #corrs. 895.75, |G|: 4 sec: 0.02
It: 547 #keyframes: 4 avg. #ICP iterations: 17.25 avg. #corrs. 948.75, |G|: 4 sec: 0.035
It: 548 #keyframes: 4 avg. #ICP iterations: 18.25 avg. #corrs. 937.25, |G|: 4 sec: 0.04
It: 549 #keyframes: 4 avg. #ICP iterations: 14.5 avg. #corrs. 924.75, |G|: 4 sec: 0.024
It: 550 #keyframes: 4 avg. #ICP iterations: 16.5 avg. #corrs. 892.5, |G|: 4 sec: 0.033
It: 551 #keyframes: 4 avg. #ICP iterations: 18.75 avg. #corrs. 883.25, |G|: 4 sec: 0.035
It: 552 #keyframes: 4 avg. #ICP iterations: 16 avg. #corrs. 885.5, |G|: 4 sec: 0.029
It: 553 #keyframes: 4 avg. #ICP iterations: 19.75 avg. #corrs. 889.5, |G|: 4 sec: 0.035
It: 554 #keyframes: 4 avg. #ICP iterations: 18.75 avg. #corrs. 865.25, |G|: 4 sec: 0.037
It: 555 #keyframes: 4 avg. #ICP iterations: 22 avg. #corrs. 849.75, |G|: 4 sec: 0.034
It: 556 #keyframes: 4 avg. #ICP iterations: 19.25 avg. #corrs. 840, |G|: 4 sec: 0.036
It: 557 #keyframes: 4 avg. #ICP iterations: 18 avg. #corrs. 821.5, |G|: 4 sec: 0.03
It: 558 #keyframes: 4 avg. #ICP iterations: 19.25 avg. #corrs. 980, |G|: 4 sec: 0.036
It: 559 #keyframes: 4 avg. #ICP iterations: 17.75 avg. #corrs. 976.75, |G|: 4 sec: 0.033
It: 560 #keyframes: 4 avg. #ICP iterations: 21.75 avg. #corrs. 967.25, |G|: 4 sec: 0.048
It: 561 #keyframes: 4 avg. #ICP iterations: 18.25 avg. #corrs. 958.25, |G|: 4 sec: 0.05
It: 562 #keyframes: 4 avg. #ICP iterations: 20.5 avg. #corrs. 942.75, |G|: 4 sec: 0.041
It: 563 #keyframes: 4 avg. #ICP iterations: 22.25 avg. #corrs. 934.75, |G|: 4 sec: 0.04
It: 564 #keyframes: 4 avg. #ICP iterations: 17.75 avg. #corrs. 920.25, |G|: 4 sec: 0.029
It: 565 #keyframes: 4 avg. #ICP iterations: 21.5 avg. #corrs. 881.5, |G|: 4 sec: 0.051
It: 566 #keyframes: 4 avg. #ICP iterations: 21.25 avg. #corrs. 867, |G|: 4 sec: 0.053
It: 567 #keyframes: 4 avg. #ICP iterations: 18.5 avg. #corrs. 846.5, |G|: 4 sec: 0.036
It: 568 #keyframes: 4 avg. #ICP iterations: 14 avg. #corrs. 981.5, |G|: 4 sec: 0.028
It: 569 #keyframes: 4 avg. #ICP iterations: 12.5 avg. #corrs. 972.25, |G|: 4 sec: 0.025
It: 570 #keyframes: 4 avg. #ICP iterations: 14.5 avg. #corrs. 940.75, |G|: 4 sec: 0.033
It: 571 #keyframes: 4 avg. #ICP iterations: 14.5 avg. #corrs. 926.5, |G|: 4 sec: 0.022
It: 572 #keyframes: 4 avg. #ICP iterations: 16.5 avg. #corrs. 891.75, |G|: 4 sec: 0.036
It: 573 #keyframes: 4 avg. #ICP iterations: 21 avg. #corrs. 886, |G|: 4 sec: 0.044
It: 574 #keyframes: 4 avg. #ICP iterations: 20 avg. #corrs. 867, |G|: 4 sec: 0.037
It: 575 #keyframes: 4 avg. #ICP iterations: 13.5 avg. #corrs. 843.25, |G|: 4 sec: 0.024
It: 576 #keyframes: 4 avg. #ICP iterations: 15 avg. #corrs. 823.5, |G|: 4 sec: 0.029
It: 577 #keyframes: 4 avg. #ICP iterations: 15.25 avg. #corrs. 925.75, |G|: 4 sec: 0.036
It: 578 #keyframes: 4 avg. #ICP iterations: 17.5 avg. #corrs. 875.75, |G|: 4 sec: 0.028
It: 579 #keyframes: 4 avg. #ICP iterations: 13.5 avg. #corrs. 879, |G|: 4 sec: 0.028
It: 580 #keyframes: 4 avg. #ICP iterations: 17 avg. #corrs. 849.25, |G|: 4 sec: 0.033
It: 581 #keyframes: 4 avg. #ICP iterations: 14.75 avg. #corrs. 828, |G|: 4 sec: 0.026
It: 582 #keyframes: 4 avg. #ICP iterations: 19 avg. #corrs. 775.5, |G|: 4 sec: 0.034
It: 583 #keyframes: 4 avg. #ICP iterations: 22 avg. #corrs. 778.25, |G|: 4 sec: 0.042
It: 584 #keyframes: 4 avg. #ICP iterations: 17.5 avg. #corrs. 775.75, |G|: 4 sec: 0.043
It: 585 #keyframes: 4 avg. #ICP iterations: 22 avg. #corrs. 775.75, |G|: 4 sec: 0.03
It: 586 #keyframes: 4 avg. #ICP iterations: 17.25 avg. #corrs. 775.5, |G|: 4 sec: 0.021
It: 587 #keyframes: 4 avg. #ICP iterations: 14.75 avg. #corrs. 749.5, |G|: 4 sec: 0.029
It: 588 #keyframes: 4 avg. #ICP iterations: 18 avg. #corrs. 743.5, |G|: 4 sec: 0.038
It: 589 #keyframes: 4 avg. #ICP iterations: 17.75 avg. #corrs. 737, |G|: 4 sec: 0.027
It: 590 #keyframes: 4 avg. #ICP iterations: 21.75 avg. #corrs. 769.25, |G|: 4 sec: 0.037
It: 591 #keyframes: 4 avg. #ICP iterations: 16.25 avg. #corrs. 751.75, |G|: 4 sec: 0.024
It: 592 #keyframes: 4 avg. #ICP iterations: 16.75 avg. #corrs. 744.75, |G|: 4 sec: 0.025
It: 593 #keyframes: 4 avg. #ICP iterations: 17 avg. #corrs. 708.75, |G|: 4 sec: 0.045
It: 594 #keyframes: 4 avg. #ICP iterations: 15.25 avg. #corrs. 706.5, |G|: 4 sec: 0.026
It: 595 #keyframes: 4 avg. #ICP iterations: 20.25 avg. #corrs. 762, |G|: 4 sec: 0.036
It: 596 #keyframes: 4 avg. #ICP iterations: 15.75 avg. #corrs. 745.5, |G|: 4 sec: 0.039
It: 597 #keyframes: 4 avg. #ICP iterations: 22.5 avg. #corrs. 758.75, |G|: 4 sec: 0.049
It: 598 #keyframes: 4 avg. #ICP iterations: 16 avg. #corrs. 739.25, |G|: 4 sec: 0.049
It: 599 #keyframes: 4 avg. #ICP iterations: 21.5 avg. #corrs. 731.5, |G|: 4 sec: 0.033
It: 600 #keyframes: 4 avg. #ICP iterations: 16.25 avg. #corrs. 722.25, |G|: 4 sec: 0.023
It: 601 #keyframes: 4 avg. #ICP iterations: 15.5 avg. #corrs. 734.25, |G|: 4 sec: 0.028
It: 602 #keyframes: 4 avg. #ICP iterations: 17 avg. #corrs. 725.25, |G|: 4 sec: 0.029
It: 603 #keyframes: 4 avg. #ICP iterations: 10.75 avg. #corrs. 729.25, |G|: 4 sec: 0.018
It: 604 #keyframes: 4 avg. #ICP iterations: 15.75 avg. #corrs. 742.5, |G|: 4 sec: 0.029
It: 605 #keyframes: 4 avg. #ICP iterations: 16.75 avg. #corrs. 808.5, |G|: 4 sec: 0.033
It: 606 #keyframes: 4 avg. #ICP iterations: 16.25 avg. #corrs. 844.25, |G|: 4 sec: 0.024
It: 607 #keyframes: 4 avg. #ICP iterations: 17.25 avg. #corrs. 797.75, |G|: 4 sec: 0.033
It: 608 #keyframes: 4 avg. #ICP iterations: 16.25 avg. #corrs. 804.5, |G|: 4 sec: 0.035
It: 609 #keyframes: 4 avg. #ICP iterations: 21.5 avg. #corrs. 784.25, |G|: 4 sec: 0.042
It: 610 #keyframes: 4 avg. #ICP iterations: 18 avg. #corrs. 790.25, |G|: 4 sec: 0.023
It: 611 #keyframes: 4 avg. #ICP iterations: 17.25 avg. #corrs. 796.25, |G|: 4 sec: 0.028
It: 612 #keyframes: 4 avg. #ICP iterations: 14.5 avg. #corrs. 771.5, |G|: 4 sec: 0.025
It: 613 #keyframes: 4 avg. #ICP iterations: 12.5 avg. #corrs. 771.5, |G|: 4 sec: 0.021
It: 614 #keyframes: 4 avg. #ICP iterations: 15 avg. #corrs. 782.5, |G|: 4 sec: 0.029
It: 615 #keyframes: 4 avg. #ICP iterations: 14.75 avg. #corrs. 864.25, |G|: 4 sec: 0.029
It: 616 #keyframes: 4 avg. #ICP iterations: 18.5 avg. #corrs. 905.75, |G|: 4 sec: 0.045
It: 617 #keyframes: 4 avg. #ICP iterations: 17 avg. #corrs. 874, |G|: 4 sec: 0.046
It: 618 #keyframes: 4 avg. #ICP iterations: 15.25 avg. #corrs. 873.75, |G|: 4 sec: 0.029
It: 619 #keyframes: 4 avg. #ICP iterations: 17.25 avg. #corrs. 850.75, |G|: 4 sec: 0.034
It: 620 #keyframes: 4 avg. #ICP iterations: 14.75 avg. #corrs. 844.5, |G|: 4 sec: 0.024
It: 621 #keyframes: 4 avg. #ICP iterations: 15.5 avg. #corrs. 820.75, |G|: 4 sec: 0.024
It: 622 #keyframes: 4 avg. #ICP iterations: 13.5 avg. #corrs. 846.5, |G|: 4 sec: 0.022
It: 623 #keyframes: 4 avg. #ICP iterations: 19 avg. #corrs. 824, |G|: 4 sec: 0.03
It: 624 #keyframes: 4 avg. #ICP iterations: 27.5 avg. #corrs. 825, |G|: 4 sec: 0.053
It: 625 #keyframes: 4 avg. #ICP iterations: 15.5 avg. #corrs. 813.75, |G|: 4 sec: 0.034
It: 626 #keyframes: 4 avg. #ICP iterations: 15.5 avg. #corrs. 870, |G|: 4 sec: 0.038
It: 627 #keyframes: 4 avg. #ICP iterations: 16.5 avg. #corrs. 830, |G|: 4 sec: 0.02
It: 628 #keyframes: 4 avg. #ICP iterations: 14.5 avg. #corrs. 820.25, |G|: 4 sec: 0.039
It: 629 #keyframes: 4 avg. #ICP iterations: 18.25 avg. #corrs. 809.75, |G|: 4 sec: 0.04
It: 630 #keyframes: 4 avg. #ICP iterations: 11.25 avg. #corrs. 783.75, |G|: 4 sec: 0.019
It: 631 #keyframes: 4 avg. #ICP iterations: 19 avg. #corrs. 762.5, |G|: 4 sec: 0.03
It: 632 #keyframes: 4 avg. #ICP iterations: 14.5 avg. #corrs. 751, |G|: 4 sec: 0.022
It: 633 #keyframes: 4 avg. #ICP iterations: 16 avg. #corrs. 665.25, |G|: 4 sec: 0.024
It: 634 #keyframes: 4 avg. #ICP iterations: 15.5 avg. #corrs. 641, |G|: 4 sec: 0.023
It: 635 #keyframes: 4 avg. #ICP iterations: 14.75 avg. #corrs. 600, |G|: 4 sec: 0.021
It: 636 #keyframes: 4 avg. #ICP iterations: 19.5 avg. #corrs. 570, |G|: 4 sec: 0.027
It: 637 #keyframes: 4 avg. #ICP iterations: 14.75 avg. #corrs. 565.75, |G|: 4 sec: 0.017
It: 638 #keyframes: 4 avg. #ICP iterations: 13.75 avg. #corrs. 586, |G|: 4 sec: 0.023
It: 639 #keyframes: 4 avg. #ICP iterations: 15 avg. #corrs. 591.25, |G|: 4 sec: 0.021
It: 640 #keyframes: 4 avg. #ICP iterations: 15 avg. #corrs. 666, |G|: 4 sec: 0.023
It: 641 #keyframes: 4 avg. #ICP iterations: 16.5 avg. #corrs. 728.25, |G|: 4 sec: 0.029
It: 642 #keyframes: 4 avg. #ICP iterations: 15.75 avg. #corrs. 776, |G|: 4 sec: 0.03
It: 643 #keyframes: 4 avg. #ICP iterations: 15.5 avg. #corrs. 786.5, |G|: 4 sec: 0.033
It: 644 #keyframes: 4 avg. #ICP iterations: 21 avg. #corrs. 799.75, |G|: 4 sec: 0.038
It: 645 #keyframes: 4 avg. #ICP iterations: 11.5 avg. #corrs. 812, |G|: 4 sec: 0.036
It: 646 #keyframes: 4 avg. #ICP iterations: 14 avg. #corrs. 823.25, |G|: 4 sec: 0.028
It: 647 #keyframes: 4 avg. #ICP iterations: 13.75 avg. #corrs. 956.75, |G|: 4 sec: 0.027
It: 648 #keyframes: 4 avg. #ICP iterations: 13.75 avg. #corrs. 968, |G|: 4 sec: 0.03
It: 649 #keyframes: 4 avg. #ICP iterations: 13 avg. #corrs. 959.25, |G|: 4 sec: 0.026
It: 650 #keyframes: 4 avg. #ICP iterations: 16 avg. #corrs. 993.75, |G|: 4 sec: 0.037
It: 651 #keyframes: 4 avg. #ICP iterations: 12 avg. #corrs. 986.5, |G|: 4 sec: 0.035
It: 652 #keyframes: 4 avg. #ICP iterations: 14.5 avg. #corrs. 987.25, |G|: 4 sec: 0.028
It: 653 #keyframes: 4 avg. #ICP iterations: 14.75 avg. #corrs. 979.75, |G|: 4 sec: 0.031
It: 654 #keyframes: 4 avg. #ICP iterations: 12.75 avg. #corrs. 967.5, |G|: 4 sec: 0.03
It: 655 #keyframes: 4 avg. #ICP iterations: 16 avg. #corrs. 960, |G|: 4 sec: 0.038
It: 656 #keyframes: 4 avg. #ICP iterations: 13.25 avg. #corrs. 985.75, |G|: 4 sec: 0.03
It: 657 #keyframes: 4 avg. #ICP iterations: 16.25 avg. #corrs. 1017.5, |G|: 4 sec: 0.027
It: 658 #keyframes: 4 avg. #ICP iterations: 20.25 avg. #corrs. 1022, |G|: 4 sec: 0.057
It: 659 #keyframes: 4 avg. #ICP iterations: 13.5 avg. #corrs. 1010.25, |G|: 4 sec: 0.048
It: 660 #keyframes: 4 avg. #ICP iterations: 14.75 avg. #corrs. 1011.25, |G|: 4 sec: 0.054
It: 661 #keyframes: 4 avg. #ICP iterations: 11.75 avg. #corrs. 1030.25, |G|: 4 sec: 0.038
It: 662 #keyframes: 4 avg. #ICP iterations: 15 avg. #corrs. 1033.5, |G|: 4 sec: 0.037
It: 663 #keyframes: 4 avg. #ICP iterations: 13 avg. #corrs. 1027.75, |G|: 4 sec: 0.031
It: 664 #keyframes: 4 avg. #ICP iterations: 16 avg. #corrs. 1026.5, |G|: 4 sec: 0.03
It: 665 #keyframes: 4 avg. #ICP iterations: 11.25 avg. #corrs. 1032.5, |G|: 4 sec: 0.031
It: 666 #keyframes: 4 avg. #ICP iterations: 11.75 avg. #corrs. 1037, |G|: 4 sec: 0.032
It: 667 #keyframes: 4 avg. #ICP iterations: 15.75 avg. #corrs. 1027.5, |G|: 4 sec: 0.035
It: 668 #keyframes: 4 avg. #ICP iterations: 16.25 avg. #corrs. 1024, |G|: 4 sec: 0.037
It: 669 #keyframes: 4 avg. #ICP iterations: 14.5 avg. #corrs. 1020.5, |G|: 4 sec: 0.027
It: 670 #keyframes: 4 avg. #ICP iterations: 12.25 avg. #corrs. 1010.25, |G|: 4 sec: 0.031
It: 671 #keyframes: 4 avg. #ICP iterations: 12.25 avg. #corrs. 1022.75, |G|: 4 sec: 0.03
It: 672 #keyframes: 4 avg. #ICP iterations: 10.25 avg. #corrs. 986.5, |G|: 4 sec: 0.022
It: 673 #keyframes: 4 avg. #ICP iterations: 13.25 avg. #corrs. 971.75, |G|: 4 sec: 0.038
It: 674 #keyframes: 4 avg. #ICP iterations: 12.75 avg. #corrs. 990.25, |G|: 4 sec: 0.029
It: 675 #keyframes: 4 avg. #ICP iterations: 16.75 avg. #corrs. 1012.5, |G|: 4 sec: 0.047
It: 676 #keyframes: 4 avg. #ICP iterations: 14.25 avg. #corrs. 1021.75, |G|: 4 sec: 0.029
It: 677 #keyframes: 4 avg. #ICP iterations: 12 avg. #corrs. 1018.25, |G|: 4 sec: 0.035
It: 678 #keyframes: 4 avg. #ICP iterations: 14.75 avg. #corrs. 1017.25, |G|: 4 sec: 0.027
It: 679 #keyframes: 4 avg. #ICP iterations: 11.75 avg. #corrs. 1020, |G|: 4 sec: 0.035
It: 680 #keyframes: 4 avg. #ICP iterations: 11.75 avg. #corrs. 1009.75, |G|: 4 sec: 0.032
It: 681 #keyframes: 4 avg. #ICP iterations: 12.75 avg. #corrs. 1018.75, |G|: 4 sec: 0.022
It: 682 #keyframes: 4 avg. #ICP iterations: 11.25 avg. #corrs. 1024, |G|: 4 sec: 0.033
It: 683 #keyframes: 4 avg. #ICP iterations: 14.5 avg. #corrs. 1009.5, |G|: 4 sec: 0.025
It: 684 #keyframes: 4 avg. #ICP iterations: 12.75 avg. #corrs. 1019.25, |G|: 4 sec: 0.029
It: 685 #keyframes: 4 avg. #ICP iterations: 11 avg. #corrs. 1024, |G|: 4 sec: 0.029
It: 686 #keyframes: 4 avg. #ICP iterations: 16 avg. #corrs. 1017, |G|: 4 sec: 0.055
It: 687 #keyframes: 4 avg. #ICP iterations: 14.25 avg. #corrs. 1023, |G|: 4 sec: 0.037
It: 688 #keyframes: 4 avg. #ICP iterations: 16.75 avg. #corrs. 1013, |G|: 4 sec: 0.043
It: 689 #keyframes: 4 avg. #ICP iterations: 20 avg. #corrs. 1014, |G|: 4 sec: 0.059
It: 690 #keyframes: 4 avg. #ICP iterations: 16 avg. #corrs. 1006.5, |G|: 4 sec: 0.07
It: 691 #keyframes: 4 avg. #ICP iterations: 16 avg. #corrs. 1000.25, |G|: 4 sec: 0.067
It: 692 #keyframes: 4 avg. #ICP iterations: 13 avg. #corrs. 1011.75, |G|: 4 sec: 0.066
It: 693 #keyframes: 4 avg. #ICP iterations: 14.5 avg. #corrs. 1012.75, |G|: 4 sec: 0.034
It: 694 #keyframes: 4 avg. #ICP iterations: 10.25 avg. #corrs. 997, |G|: 4 sec: 0.035
It: 695 #keyframes: 4 avg. #ICP iterations: 14 avg. #corrs. 1007.75, |G|: 4 sec: 0.037
It: 696 #keyframes: 4 avg. #ICP iterations: 13.75 avg. #corrs. 998, |G|: 4 sec: 0.036
It: 697 #keyframes: 4 avg. #ICP iterations: 15.75 avg. #corrs. 1021, |G|: 4 sec: 0.032
It: 698 #keyframes: 4 avg. #ICP iterations: 17.75 avg. #corrs. 1012.5, |G|: 4 sec: 0.059
It: 699 #keyframes: 4 avg. #ICP iterations: 10.5 avg. #corrs. 1014.25, |G|: 4 sec: 0.036
It: 700 #keyframes: 4 avg. #ICP iterations: 11.25 avg. #corrs. 1013.75, |G|: 4 sec: 0.03
It: 701 #keyframes: 4 avg. #ICP iterations: 12.5 avg. #corrs. 1008, |G|: 4 sec: 0.031
It: 702 #keyframes: 4 avg. #ICP iterations: 14.75 avg. #corrs. 1014.75, |G|: 4 sec: 0.028
It: 703 #keyframes: 4 avg. #ICP iterations: 14.75 avg. #corrs. 1023.5, |G|: 4 sec: 0.032
It: 704 #keyframes: 4 avg. #ICP iterations: 17 avg. #corrs. 1014, |G|: 4 sec: 0.041
It: 705 #keyframes: 4 avg. #ICP iterations: 11.5 avg. #corrs. 1014.25, |G|: 4 sec: 0.033
It: 706 #keyframes: 4 avg. #ICP iterations: 13 avg. #corrs. 1016.75, |G|: 4 sec: 0.042
It: 707 #keyframes: 4 avg. #ICP iterations: 16.25 avg. #corrs. 1008.25, |G|: 4 sec: 0.04
It: 708 #keyframes: 4 avg. #ICP iterations: 13.5 avg. #corrs. 1006, |G|: 4 sec: 0.044
It: 709 #keyframes: 4 avg. #ICP iterations: 18.25 avg. #corrs. 1009.25, |G|: 4 sec: 0.041
It: 710 #keyframes: 4 avg. #ICP iterations: 11.5 avg. #corrs. 1001.25, |G|: 4 sec: 0.04
It: 711 #keyframes: 4 avg. #ICP iterations: 12.5 avg. #corrs. 1016.5, |G|: 4 sec: 0.025
It: 712 #keyframes: 4 avg. #ICP iterations: 12.5 avg. #corrs. 994.25, |G|: 4 sec: 0.027
It: 713 #keyframes: 4 avg. #ICP iterations: 14.25 avg. #corrs. 999, |G|: 4 sec: 0.032
It: 714 #keyframes: 4 avg. #ICP iterations: 10.5 avg. #corrs. 995.5, |G|: 4 sec: 0.027
It: 715 #keyframes: 4 avg. #ICP iterations: 11.75 avg. #corrs. 986.25, |G|: 4 sec: 0.031
It: 716 #keyframes: 4 avg. #ICP iterations: 16.75 avg. #corrs. 987.75, |G|: 4 sec: 0.039
It: 717 #keyframes: 4 avg. #ICP iterations: 13.25 avg. #corrs. 994.5, |G|: 4 sec: 0.044
It: 718 #keyframes: 4 avg. #ICP iterations: 18 avg. #corrs. 999.25, |G|: 4 sec: 0.045
It: 719 #keyframes: 4 avg. #ICP iterations: 14.25 avg. #corrs. 998.75, |G|: 4 sec: 0.043
It: 720 #keyframes: 4 avg. #ICP iterations: 16.75 avg. #corrs. 1002, |G|: 4 sec: 0.042
It: 721 #keyframes: 4 avg. #ICP iterations: 13.75 avg. #corrs. 995, |G|: 4 sec: 0.053
It: 722 #keyframes: 4 avg. #ICP iterations: 14.25 avg. #corrs. 993.75, |G|: 4 sec: 0.064
It: 723 #keyframes: 4 avg. #ICP iterations: 15.75 avg. #corrs. 992.25, |G|: 4 sec: 0.054
It: 724 #keyframes: 4 avg. #ICP iterations: 13.75 avg. #corrs. 1027.75, |G|: 4 sec: 0.027
It: 725 #keyframes: 4 avg. #ICP iterations: 16.75 avg. #corrs. 1044, |G|: 4 sec: 0.049
It: 726 #keyframes: 4 avg. #ICP iterations: 17 avg. #corrs. 1024.5, |G|: 4 sec: 0.048
It: 727 #keyframes: 4 avg. #ICP iterations: 15.75 avg. #corrs. 1030.5, |G|: 4 sec: 0.036
It: 728 #keyframes: 4 avg. #ICP iterations: 13.25 avg. #corrs. 1039.5, |G|: 4 sec: 0.037
It: 729 #keyframes: 4 avg. #ICP iterations: 11.25 avg. #corrs. 1039.25, |G|: 4 sec: 0.025
It: 730 #keyframes: 4 avg. #ICP iterations: 16.75 avg. #corrs. 1052.5, |G|: 4 sec: 0.043
It: 731 #keyframes: 4 avg. #ICP iterations: 14.75 avg. #corrs. 1091.5, |G|: 4 sec: 0.04
It: 732 #keyframes: 4 avg. #ICP iterations: 15.75 avg. #corrs. 1080.75, |G|: 4 sec: 0.038
It: 733 #keyframes: 4 avg. #ICP iterations: 19.25 avg. #corrs. 1098.25, |G|: 4 sec: 0.055
It: 734 #keyframes: 4 avg. #ICP iterations: 14.5 avg. #corrs. 1080.25, |G|: 4 sec: 0.044
It: 735 #keyframes: 4 avg. #ICP iterations: 24.25 avg. #corrs. 1091.25, |G|: 4 sec: 0.085
It: 736 #keyframes: 4 avg. #ICP iterations: 17.75 avg. #corrs. 1107, |G|: 4 sec: 0.067
It: 737 #keyframes: 4 avg. #ICP iterations: 13.75 avg. #corrs. 1096.25, |G|: 4 sec: 0.037
It: 738 #keyframes: 4 avg. #ICP iterations: 19.75 avg. #corrs. 1112.5, |G|: 4 sec: 0.041
It: 739 #keyframes: 4 avg. #ICP iterations: 17.25 avg. #corrs. 1093, |G|: 4 sec: 0.043
It: 740 #keyframes: 4 avg. #ICP iterations: 22.25 avg. #corrs. 1108.25, |G|: 4 sec: 0.051
It: 741 #keyframes: 4 avg. #ICP iterations: 15.5 avg. #corrs. 1107.75, |G|: 4 sec: 0.068
It: 742 #keyframes: 4 avg. #ICP iterations: 17.5 avg. #corrs. 1082, |G|: 4 sec: 0.042
It: 743 #keyframes: 4 avg. #ICP iterations: 20.25 avg. #corrs. 1071.75, |G|: 4 sec: 0.04
It: 744 #keyframes: 4 avg. #ICP iterations: 17.75 avg. #corrs. 1090.75, |G|: 4 sec: 0.041
It: 745 #keyframes: 4 avg. #ICP iterations: 21.75 avg. #corrs. 1090.25, |G|: 4 sec: 0.044
It: 746 #keyframes: 4 avg. #ICP iterations: 19.5 avg. #corrs. 1057, |G|: 4 sec: 0.042
It: 747 #keyframes: 4 avg. #ICP iterations: 20.25 avg. #corrs. 1100.25, |G|: 4 sec: 0.057
It: 748 #keyframes: 4 avg. #ICP iterations: 17.25 avg. #corrs. 1107.75, |G|: 4 sec: 0.065
It: 749 #keyframes: 4 avg. #ICP iterations: 17.25 avg. #corrs. 1131.5, |G|: 4 sec: 0.042
It: 750 #keyframes: 4 avg. #ICP iterations: 17 avg. #corrs. 1120.75, |G|: 4 sec: 0.041
It: 751 #keyframes: 4 avg. #ICP iterations: 22.25 avg. #corrs. 1119.75, |G|: 4 sec: 0.049
It: 752 #keyframes: 4 avg. #ICP iterations: 16.25 avg. #corrs. 1107.25, |G|: 4 sec: 0.042
It: 753 #keyframes: 4 avg. #ICP iterations: 22 avg. #corrs. 1114.25, |G|: 4 sec: 0.051
It: 754 #keyframes: 4 avg. #ICP iterations: 26 avg. #corrs. 1086.75, |G|: 4 sec: 0.087
It: 755 #keyframes: 4 avg. #ICP iterations: 24.25 avg. #corrs. 1085.5, |G|: 4 sec: 0.059
It: 756 #keyframes: 4 avg. #ICP iterations: 16.25 avg. #corrs. 1049.75, |G|: 4 sec: 0.05
It: 757 #keyframes: 4 avg. #ICP iterations: 19 avg. #corrs. 1036, |G|: 4 sec: 0.061
It: 758 #keyframes: 4 avg. #ICP iterations: 21 avg. #corrs. 1221.25, |G|: 4 sec: 0.053
It: 759 #keyframes: 4 avg. #ICP iterations: 17.75 avg. #corrs. 1173.5, |G|: 4 sec: 0.047
It: 760 #keyframes: 4 avg. #ICP iterations: 23.25 avg. #corrs. 1096, |G|: 4 sec: 0.054
It: 761 #keyframes: 4 avg. #ICP iterations: 22 avg. #corrs. 1085, |G|: 4 sec: 0.081
It: 762 #keyframes: 4 avg. #ICP iterations: 20.75 avg. #corrs. 1052.75, |G|: 4 sec: 0.073
It: 763 #keyframes: 4 avg. #ICP iterations: 22.25 avg. #corrs. 964.5, |G|: 4 sec: 0.045
It: 764 #keyframes: 4 avg. #ICP iterations: 23 avg. #corrs. 932.5, |G|: 4 sec: 0.07
It: 765 #keyframes: 4 avg. #ICP iterations: 21.25 avg. #corrs. 872.75, |G|: 4 sec: 0.046
It: 766 #keyframes: 4 avg. #ICP iterations: 17.5 avg. #corrs. 842.25, |G|: 4 sec: 0.058
It: 767 #keyframes: 4 avg. #ICP iterations: 22.5 avg. #corrs. 827, |G|: 4 sec: 0.045
It: 768 #keyframes: 4 avg. #ICP iterations: 17.5 avg. #corrs. 815, |G|: 4 sec: 0.027
It: 769 #keyframes: 4 avg. #ICP iterations: 16.75 avg. #corrs. 801.5, |G|: 4 sec: 0.038
It: 770 #keyframes: 4 avg. #ICP iterations: 20.75 avg. #corrs. 757.75, |G|: 4 sec: 0.029
It: 771 #keyframes: 4 avg. #ICP iterations: 16.25 avg. #corrs. 937, |G|: 4 sec: 0.042
It: 772 #keyframes: 4 avg. #ICP iterations: 15.5 avg. #corrs. 925.75, |G|: 4 sec: 0.028
It: 773 #keyframes: 4 avg. #ICP iterations: 19.5 avg. #corrs. 907, |G|: 4 sec: 0.048
It: 774 #keyframes: 4 avg. #ICP iterations: 17.5 avg. #corrs. 891, |G|: 4 sec: 0.048
It: 775 #keyframes: 4 avg. #ICP iterations: 18.75 avg. #corrs. 873.75, |G|: 4 sec: 0.028
It: 776 #keyframes: 4 avg. #ICP iterations: 19.5 avg. #corrs. 860.75, |G|: 4 sec: 0.034
It: 777 #keyframes: 4 avg. #ICP iterations: 14 avg. #corrs. 817, |G|: 4 sec: 0.039
It: 778 #keyframes: 4 avg. #ICP iterations: 15 avg. #corrs. 800.5, |G|: 4 sec: 0.03
It: 779 #keyframes: 4 avg. #ICP iterations: 17.25 avg. #corrs. 777, |G|: 4 sec: 0.037
It: 780 #keyframes: 4 avg. #ICP iterations: 12.25 avg. #corrs. 762.5, |G|: 4 sec: 0.034
It: 781 #keyframes: 4 avg. #ICP iterations: 19.25 avg. #corrs. 881.5, |G|: 4 sec: 0.036
It: 782 #keyframes: 4 avg. #ICP iterations: 16 avg. #corrs. 933.5, |G|: 4 sec: 0.04
It: 783 #keyframes: 4 avg. #ICP iterations: 16.25 avg. #corrs. 895, |G|: 4 sec: 0.025
It: 784 #keyframes: 4 avg. #ICP iterations: 16 avg. #corrs. 904.5, |G|: 4 sec: 0.033
It: 785 #keyframes: 4 avg. #ICP iterations: 18.5 avg. #corrs. 879, |G|: 4 sec: 0.029
It: 786 #keyframes: 4 avg. #ICP iterations: 16.75 avg. #corrs. 868.5, |G|: 4 sec: 0.028
It: 787 #keyframes: 4 avg. #ICP iterations: 18.75 avg. #corrs. 871.75, |G|: 4 sec: 0.034
It: 788 #keyframes: 4 avg. #ICP iterations: 15.75 avg. #corrs. 886.5, |G|: 4 sec: 0.023
It: 789 #keyframes: 4 avg. #ICP iterations: 12.25 avg. #corrs. 900.75, |G|: 4 sec: 0.021
It: 790 #keyframes: 4 avg. #ICP iterations: 16.5 avg. #corrs. 873.25, |G|: 4 sec: 0.03
It: 791 #keyframes: 4 avg. #ICP iterations: 13.5 avg. #corrs. 850.25, |G|: 4 sec: 0.021
It: 792 #keyframes: 4 avg. #ICP iterations: 11.5 avg. #corrs. 844.5, |G|: 4 sec: 0.023
It: 793 #keyframes: 4 avg. #ICP iterations: 18 avg. #corrs. 843.75, |G|: 4 sec: 0.042
It: 794 #keyframes: 4 avg. #ICP iterations: 18.75 avg. #corrs. 849, |G|: 4 sec: 0.034
It: 795 #keyframes: 4 avg. #ICP iterations: 13.75 avg. #corrs. 821.5, |G|: 4 sec: 0.025
It: 796 #keyframes: 4 avg. #ICP iterations: 22.5 avg. #corrs. 807, |G|: 4 sec: 0.05
It: 797 #keyframes: 4 avg. #ICP iterations: 13.5 avg. #corrs. 862.25, |G|: 4 sec: 0.026
It: 798 #keyframes: 4 avg. #ICP iterations: 15.25 avg. #corrs. 861.75, |G|: 4 sec: 0.031
It: 799 #keyframes: 4 avg. #ICP iterations: 15.25 avg. #corrs. 849.5, |G|: 4 sec: 0.026
It: 800 #keyframes: 4 avg. #ICP iterations: 16.75 avg. #corrs. 849.5, |G|: 4 sec: 0.029
It: 801 #keyframes: 4 avg. #ICP iterations: 13 avg. #corrs. 830.25, |G|: 4 sec: 0.023
It: 802 #keyframes: 4 avg. #ICP iterations: 21.75 avg. #corrs. 818.5, |G|: 4 sec: 0.04
It: 803 #keyframes: 4 avg. #ICP iterations: 17.5 avg. #corrs. 809.5, |G|: 4 sec: 0.027
It: 804 #keyframes: 4 avg. #ICP iterations: 20.25 avg. #corrs. 782.5, |G|: 4 sec: 0.034
It: 805 #keyframes: 4 avg. #ICP iterations: 13.75 avg. #corrs. 825.5, |G|: 4 sec: 0.02
It: 806 #keyframes: 4 avg. #ICP iterations: 15 avg. #corrs. 834, |G|: 4 sec: 0.036
It: 807 #keyframes: 4 avg. #ICP iterations: 13.5 avg. #corrs. 827.75, |G|: 4 sec: 0.028
It: 808 #keyframes: 4 avg. #ICP iterations: 21 avg. #corrs. 820.5, |G|: 4 sec: 0.033
It: 809 #keyframes: 4 avg. #ICP iterations: 22 avg. #corrs. 838.25, |G|: 4 sec: 0.041
It: 810 #keyframes: 4 avg. #ICP iterations: 13.75 avg. #corrs. 825, |G|: 4 sec: 0.025
It: 811 #keyframes: 4 avg. #ICP iterations: 10 avg. #corrs. 835, |G|: 4 sec: 0.017
It: 812 #keyframes: 4 avg. #ICP iterations: 14.75 avg. #corrs. 845, |G|: 4 sec: 0.028
It: 813 #keyframes: 4 avg. #ICP iterations: 14.25 avg. #corrs. 892.5, |G|: 4 sec: 0.029
It: 814 #keyframes: 4 avg. #ICP iterations: 13.25 avg. #corrs. 910.5, |G|: 4 sec: 0.024
It: 815 #keyframes: 4 avg. #ICP iterations: 15.25 avg. #corrs. 946.5, |G|: 4 sec: 0.029
It: 816 #keyframes: 4 avg. #ICP iterations: 16.25 avg. #corrs. 931.5, |G|: 4 sec: 0.033
It: 817 #keyframes: 4 avg. #ICP iterations: 17.75 avg. #corrs. 926.5, |G|: 4 sec: 0.035
It: 818 #keyframes: 4 avg. #ICP iterations: 11.25 avg. #corrs. 882.25, |G|: 4 sec: 0.027
It: 819 #keyframes: 4 avg. #ICP iterations: 17.75 avg. #corrs. 866.75, |G|: 4 sec: 0.035
It: 820 #keyframes: 4 avg. #ICP iterations: 19.5 avg. #corrs. 876.75, |G|: 4 sec: 0.025
It: 821 #keyframes: 4 avg. #ICP iterations: 22 avg. #corrs. 844.5, |G|: 4 sec: 0.042
It: 822 #keyframes: 4 avg. #ICP iterations: 18 avg. #corrs. 875.5, |G|: 4 sec: 0.029
It: 823 #keyframes: 4 avg. #ICP iterations: 13 avg. #corrs. 875.25, |G|: 4 sec: 0.023
It: 824 #keyframes: 4 avg. #ICP iterations: 17.25 avg. #corrs. 898.25, |G|: 4 sec: 0.038
It: 825 #keyframes: 4 avg. #ICP iterations: 18.25 avg. #corrs. 878.25, |G|: 4 sec: 0.03
It: 826 #keyframes: 4 avg. #ICP iterations: 13 avg. #corrs. 895.5, |G|: 4 sec: 0.033
It: 827 #keyframes: 4 avg. #ICP iterations: 13.5 avg. #corrs. 895, |G|: 4 sec: 0.02
It: 828 #keyframes: 4 avg. #ICP iterations: 19.5 avg. #corrs. 908.25, |G|: 4 sec: 0.038
It: 829 #keyframes: 4 avg. #ICP iterations: 17 avg. #corrs. 891.5, |G|: 4 sec: 0.033
It: 830 #keyframes: 4 avg. #ICP iterations: 15.75 avg. #corrs. 870, |G|: 4 sec: 0.024
It: 831 #keyframes: 4 avg. #ICP iterations: 14.75 avg. #corrs. 894, |G|: 4 sec: 0.023
It: 832 #keyframes: 4 avg. #ICP iterations: 15 avg. #corrs. 880.75, |G|: 4 sec: 0.024
It: 833 #keyframes: 4 avg. #ICP iterations: 15 avg. #corrs. 861.75, |G|: 4 sec: 0.022
It: 834 #keyframes: 4 avg. #ICP iterations: 13 avg. #corrs. 879, |G|: 4 sec: 0.024
It: 835 #keyframes: 4 avg. #ICP iterations: 18.5 avg. #corrs. 868, |G|: 4 sec: 0.042
It: 836 #keyframes: 4 avg. #ICP iterations: 15.25 avg. #corrs. 871.25, |G|: 4 sec: 0.027
It: 837 #keyframes: 4 avg. #ICP iterations: 17.75 avg. #corrs. 838, |G|: 4 sec: 0.036
It: 838 #keyframes: 4 avg. #ICP iterations: 13 avg. #corrs. 831.25, |G|: 4 sec: 0.028
It: 839 #keyframes: 4 avg. #ICP iterations: 16 avg. #corrs. 829.75, |G|: 4 sec: 0.021
It: 840 #keyframes: 4 avg. #ICP iterations: 26.25 avg. #corrs. 857.5, |G|: 4 sec: 0.057
It: 841 #keyframes: 4 avg. #ICP iterations: 16 avg. #corrs. 849, |G|: 4 sec: 0.022
It: 842 #keyframes: 4 avg. #ICP iterations: 16.75 avg. #corrs. 857, |G|: 4 sec: 0.031
It: 843 #keyframes: 4 avg. #ICP iterations: 17 avg. #corrs. 832.5, |G|: 4 sec: 0.032
It: 844 #keyframes: 4 avg. #ICP iterations: 14.75 avg. #corrs. 829.5, |G|: 4 sec: 0.027
It: 845 #keyframes: 4 avg. #ICP iterations: 14.25 avg. #corrs. 839.5, |G|: 4 sec: 0.026
It: 846 #keyframes: 4 avg. #ICP iterations: 12.25 avg. #corrs. 806.25, |G|: 4 sec: 0.021
It: 847 #keyframes: 4 avg. #ICP iterations: 16 avg. #corrs. 826.5, |G|: 4 sec: 0.03
It: 848 #keyframes: 4 avg. #ICP iterations: 14.75 avg. #corrs. 828.25, |G|: 4 sec: 0.025
It: 849 #keyframes: 4 avg. #ICP iterations: 13.25 avg. #corrs. 829, |G|: 4 sec: 0.022
It: 850 #keyframes: 4 avg. #ICP iterations: 19 avg. #corrs. 828.75, |G|: 4 sec: 0.047
It: 851 #keyframes: 4 avg. #ICP iterations: 17.25 avg. #corrs. 827, |G|: 4 sec: 0.027
It: 852 #keyframes: 4 avg. #ICP iterations: 17.25 avg. #corrs. 817.75, |G|: 4 sec: 0.026
It: 853 #keyframes: 4 avg. #ICP iterations: 27.25 avg. #corrs. 829.5, |G|: 4 sec: 0.045
It: 854 #keyframes: 4 avg. #ICP iterations: 22 avg. #corrs. 848.25, |G|: 4 sec: 0.037
It: 855 #keyframes: 4 avg. #ICP iterations: 21.75 avg. #corrs. 818.5, |G|: 4 sec: 0.04
It: 856 #keyframes: 4 avg. #ICP iterations: 14.75 avg. #corrs. 816, |G|: 4 sec: 0.033
It: 857 #keyframes: 4 avg. #ICP iterations: 15.25 avg. #corrs. 827.25, |G|: 4 sec: 0.019
It: 858 #keyframes: 4 avg. #ICP iterations: 16.75 avg. #corrs. 844.75, |G|: 4 sec: 0.028
It: 859 #keyframes: 4 avg. #ICP iterations: 16 avg. #corrs. 870.5, |G|: 4 sec: 0.028
It: 860 #keyframes: 4 avg. #ICP iterations: 19 avg. #corrs. 870, |G|: 4 sec: 0.028
It: 861 #keyframes: 4 avg. #ICP iterations: 23.25 avg. #corrs. 870.75, |G|: 4 sec: 0.038
It: 862 #keyframes: 4 avg. #ICP iterations: 17.5 avg. #corrs. 868.5, |G|: 4 sec: 0.029
It: 863 #keyframes: 4 avg. #ICP iterations: 19.25 avg. #corrs. 855, |G|: 4 sec: 0.04
It: 864 #keyframes: 4 avg. #ICP iterations: 18.75 avg. #corrs. 871.5, |G|: 4 sec: 0.035
It: 865 #keyframes: 4 avg. #ICP iterations: 20 avg. #corrs. 856.5, |G|: 4 sec: 0.035
It: 866 #keyframes: 4 avg. #ICP iterations: 20.75 avg. #corrs. 873.75, |G|: 4 sec: 0.037
It: 867 #keyframes: 4 avg. #ICP iterations: 22 avg. #corrs. 961.75, |G|: 4 sec: 0.036
It: 868 #keyframes: 4 avg. #ICP iterations: 18.75 avg. #corrs. 963.5, |G|: 4 sec: 0.039
It: 869 #keyframes: 4 avg. #ICP iterations: 17.5 avg. #corrs. 956.25, |G|: 4 sec: 0.034
It: 870 #keyframes: 4 avg. #ICP iterations: 13.5 avg. #corrs. 950.5, |G|: 4 sec: 0.023
It: 871 #keyframes: 4 avg. #ICP iterations: 15 avg. #corrs. 949.5, |G|: 4 sec: 0.035
It: 872 #keyframes: 4 avg. #ICP iterations: 14.25 avg. #corrs. 924.5, |G|: 4 sec: 0.041
It: 873 #keyframes: 4 avg. #ICP iterations: 17.5 avg. #corrs. 934.75, |G|: 4 sec: 0.035
It: 874 #keyframes: 4 avg. #ICP iterations: 14 avg. #corrs. 915, |G|: 4 sec: 0.022
It: 875 #keyframes: 4 avg. #ICP iterations: 23.75 avg. #corrs. 960.75, |G|: 4 sec: 0.042
It: 876 #keyframes: 4 avg. #ICP iterations: 20 avg. #corrs. 895.5, |G|: 4 sec: 0.038
It: 877 #keyframes: 4 avg. #ICP iterations: 14.5 avg. #corrs. 1005, |G|: 4 sec: 0.035
It: 878 #keyframes: 4 avg. #ICP iterations: 13 avg. #corrs. 971.5, |G|: 4 sec: 0.031
It: 879 #keyframes: 4 avg. #ICP iterations: 17 avg. #corrs. 994, |G|: 4 sec: 0.04
It: 880 #keyframes: 4 avg. #ICP iterations: 15.75 avg. #corrs. 975.75, |G|: 4 sec: 0.031
It: 881 #keyframes: 4 avg. #ICP iterations: 20 avg. #corrs. 1019, |G|: 4 sec: 0.036
It: 882 #keyframes: 4 avg. #ICP iterations: 15.75 avg. #corrs. 994.5, |G|: 4 sec: 0.031
It: 883 #keyframes: 4 avg. #ICP iterations: 16.25 avg. #corrs. 946.25, |G|: 4 sec: 0.026
It: 884 #keyframes: 4 avg. #ICP iterations: 15.75 avg. #corrs. 949.75, |G|: 4 sec: 0.037
It: 885 #keyframes: 4 avg. #ICP iterations: 13.75 avg. #corrs. 955, |G|: 4 sec: 0.031
It: 886 #keyframes: 4 avg. #ICP iterations: 18.75 avg. #corrs. 945.5, |G|: 4 sec: 0.033
It: 887 #keyframes: 4 avg. #ICP iterations: 16.5 avg. #corrs. 932.75, |G|: 4 sec: 0.026
It: 888 #keyframes: 4 avg. #ICP iterations: 21 avg. #corrs. 954.5, |G|: 4 sec: 0.05
It: 889 #keyframes: 4 avg. #ICP iterations: 13 avg. #corrs. 1033, |G|: 4 sec: 0.044
It: 890 #keyframes: 4 avg. #ICP iterations: 21 avg. #corrs. 1039, |G|: 4 sec: 0.034
It: 891 #keyframes: 4 avg. #ICP iterations: 16.25 avg. #corrs. 1025.5, |G|: 4 sec: 0.039
It: 892 #keyframes: 4 avg. #ICP iterations: 15.25 avg. #corrs. 1070, |G|: 4 sec: 0.051
It: 893 #keyframes: 4 avg. #ICP iterations: 14.5 avg. #corrs. 1082.25, |G|: 4 sec: 0.028
It: 894 #keyframes: 4 avg. #ICP iterations: 16.75 avg. #corrs. 1073.75, |G|: 4 sec: 0.034
It: 895 #keyframes: 4 avg. #ICP iterations: 15.25 avg. #corrs. 1093.25, |G|: 4 sec: 0.036
It: 896 #keyframes: 4 avg. #ICP iterations: 17.5 avg. #corrs. 1081.25, |G|: 4 sec: 0.04
It: 897 #keyframes: 4 avg. #ICP iterations: 21.25 avg. #corrs. 1108.25, |G|: 4 sec: 0.049
It: 898 #keyframes: 4 avg. #ICP iterations: 14.25 avg. #corrs. 1116, |G|: 4 sec: 0.038
It: 899 #keyframes: 4 avg. #ICP iterations: 18.75 avg. #corrs. 1098.5, |G|: 4 sec: 0.054
It: 900 #keyframes: 4 avg. #ICP iterations: 15.75 avg. #corrs. 1107.75, |G|: 4 sec: 0.064
It: 901 #keyframes: 4 avg. #ICP iterations: 22 avg. #corrs. 1105.75, |G|: 4 sec: 0.045
It: 902 #keyframes: 4 avg. #ICP iterations: 16.25 avg. #corrs. 1101.5, |G|: 4 sec: 0.047
It: 903 #keyframes: 4 avg. #ICP iterations: 16.5 avg. #corrs. 1126.75, |G|: 4 sec: 0.047
It: 904 #keyframes: 4 avg. #ICP iterations: 18 avg. #corrs. 1103, |G|: 4 sec: 0.062
It: 905 #keyframes: 4 avg. #ICP iterations: 16.75 avg. #corrs. 1100.75, |G|: 4 sec: 0.047
It: 906 #keyframes: 4 avg. #ICP iterations: 28.5 avg. #corrs. 1117.5, |G|: 4 sec: 0.056
It: 907 #keyframes: 4 avg. #ICP iterations: 18.75 avg. #corrs. 1271, |G|: 4 sec: 0.054
It: 908 #keyframes: 4 avg. #ICP iterations: 20.5 avg. #corrs. 1255.25, |G|: 4 sec: 0.081
It: 909 #keyframes: 4 avg. #ICP iterations: 18.25 avg. #corrs. 1263.5, |G|: 4 sec: 0.059
It: 910 #keyframes: 4 avg. #ICP iterations: 20.25 avg. #corrs. 1215, |G|: 4 sec: 0.05
It: 911 #keyframes: 4 avg. #ICP iterations: 18.75 avg. #corrs. 1233, |G|: 4 sec: 0.069
It: 912 #keyframes: 4 avg. #ICP iterations: 20.75 avg. #corrs. 1201.75, |G|: 4 sec: 0.049
It: 913 #keyframes: 4 avg. #ICP iterations: 22 avg. #corrs. 1262.25, |G|: 4 sec: 0.068
It: 914 #keyframes: 4 avg. #ICP iterations: 19.25 avg. #corrs. 1237, |G|: 4 sec: 0.046
It: 915 #keyframes: 4 avg. #ICP iterations: 20.25 avg. #corrs. 1245.5, |G|: 4 sec: 0.08
It: 916 #keyframes: 4 avg. #ICP iterations: 21.25 avg. #corrs. 1220, |G|: 4 sec: 0.07
It: 917 #keyframes: 4 avg. #ICP iterations: 20.75 avg. #corrs. 1184.25, |G|: 4 sec: 0.063
It: 918 #keyframes: 4 avg. #ICP iterations: 21.5 avg. #corrs. 1165.5, |G|: 4 sec: 0.056
It: 919 #keyframes: 4 avg. #ICP iterations: 18.5 avg. #corrs. 1106.75, |G|: 4 sec: 0.041
It: 920 #keyframes: 4 avg. #ICP iterations: 22.75 avg. #corrs. 1064.5, |G|: 4 sec: 0.051
It: 921 #keyframes: 4 avg. #ICP iterations: 16 avg. #corrs. 994.75, |G|: 4 sec: 0.031
It: 922 #keyframes: 4 avg. #ICP iterations: 19 avg. #corrs. 959.5, |G|: 4 sec: 0.055
It: 923 #keyframes: 4 avg. #ICP iterations: 16.75 avg. #corrs. 949.5, |G|: 4 sec: 0.059
It: 924 #keyframes: 4 avg. #ICP iterations: 24.25 avg. #corrs. 880, |G|: 4 sec: 0.043
It: 925 #keyframes: 4 avg. #ICP iterations: 13 avg. #corrs. 816.5, |G|: 4 sec: 0.029
It: 926 #keyframes: 4 avg. #ICP iterations: 16 avg. #corrs. 909.5, |G|: 4 sec: 0.041
It: 927 #keyframes: 4 avg. #ICP iterations: 20.25 avg. #corrs. 859.75, |G|: 4 sec: 0.036
It: 928 #keyframes: 4 avg. #ICP iterations: 13.5 avg. #corrs. 825.75, |G|: 4 sec: 0.018
It: 929 #keyframes: 4 avg. #ICP iterations: 16.25 avg. #corrs. 800.25, |G|: 4 sec: 0.046
It: 930 #keyframes: 4 avg. #ICP iterations: 16.75 avg. #corrs. 788.5, |G|: 4 sec: 0.029
It: 931 #keyframes: 4 avg. #ICP iterations: 21.75 avg. #corrs. 776, |G|: 4 sec: 0.054
It: 932 #keyframes: 4 avg. #ICP iterations: 15.75 avg. #corrs. 765.5, |G|: 4 sec: 0.025
It: 933 #keyframes: 4 avg. #ICP iterations: 22.25 avg. #corrs. 758.5, |G|: 4 sec: 0.037
It: 934 #keyframes: 4 avg. #ICP iterations: 19.5 avg. #corrs. 745.5, |G|: 4 sec: 0.036
It: 935 #keyframes: 4 avg. #ICP iterations: 18.75 avg. #corrs. 735.25, |G|: 4 sec: 0.041
It: 936 #keyframes: 4 avg. #ICP iterations: 15.5 avg. #corrs. 743.75, |G|: 4 sec: 0.032
It: 937 #keyframes: 4 avg. #ICP iterations: 14.75 avg. #corrs. 752.5, |G|: 4 sec: 0.034
It: 938 #keyframes: 4 avg. #ICP iterations: 13.5 avg. #corrs. 736, |G|: 4 sec: 0.022
It: 939 #keyframes: 4 avg. #ICP iterations: 14.75 avg. #corrs. 731.5, |G|: 4 sec: 0.027
It: 940 #keyframes: 4 avg. #ICP iterations: 15.75 avg. #corrs. 859.25, |G|: 4 sec: 0.032
It: 941 #keyframes: 4 avg. #ICP iterations: 17 avg. #corrs. 855.25, |G|: 4 sec: 0.033
It: 942 #keyframes: 4 avg. #ICP iterations: 12.5 avg. #corrs. 854.25, |G|: 4 sec: 0.023
It: 943 #keyframes: 4 avg. #ICP iterations: 11.25 avg. #corrs. 860.25, |G|: 4 sec: 0.028
It: 944 #keyframes: 4 avg. #ICP iterations: 14 avg. #corrs. 857, |G|: 4 sec: 0.036
It: 945 #keyframes: 4 avg. #ICP iterations: 16 avg. #corrs. 826, |G|: 4 sec: 0.024
It: 946 #keyframes: 4 avg. #ICP iterations: 15.25 avg. #corrs. 810.75, |G|: 4 sec: 0.024
It: 947 #keyframes: 4 avg. #ICP iterations: 15.75 avg. #corrs. 814.75, |G|: 4 sec: 0.028
It: 948 #keyframes: 4 avg. #ICP iterations: 14 avg. #corrs. 800.75, |G|: 4 sec: 0.033
It: 949 #keyframes: 4 avg. #ICP iterations: 15.5 avg. #corrs. 799.75, |G|: 4 sec: 0.04
It: 950 #keyframes: 4 avg. #ICP iterations: 15.5 avg. #corrs. 796.75, |G|: 4 sec: 0.029
It: 951 #keyframes: 4 avg. #ICP iterations: 18.75 avg. #corrs. 821.5, |G|: 4 sec: 0.036
It: 952 #keyframes: 4 avg. #ICP iterations: 15.25 avg. #corrs. 825.5, |G|: 4 sec: 0.028
It: 953 #keyframes: 4 avg. #ICP iterations: 16.75 avg. #corrs. 850, |G|: 4 sec: 0.036
It: 954 #keyframes: 4 avg. #ICP iterations: 12.25 avg. #corrs. 869, |G|: 4 sec: 0.018
It: 955 #keyframes: 4 avg. #ICP iterations: 16.5 avg. #corrs. 830.75, |G|: 4 sec: 0.042
It: 956 #keyframes: 4 avg. #ICP iterations: 22 avg. #corrs. 847.5, |G|: 4 sec: 0.044
It: 957 #keyframes: 4 avg. #ICP iterations: 15 avg. #corrs. 825.25, |G|: 4 sec: 0.03
It: 958 #keyframes: 4 avg. #ICP iterations: 12.5 avg. #corrs. 816.75, |G|: 4 sec: 0.02
It: 959 #keyframes: 4 avg. #ICP iterations: 12.5 avg. #corrs. 803, |G|: 4 sec: 0.026
It: 960 #keyframes: 4 avg. #ICP iterations: 11.75 avg. #corrs. 793.5, |G|: 4 sec: 0.026
It: 961 #keyframes: 4 avg. #ICP iterations: 16 avg. #corrs. 823.75, |G|: 4 sec: 0.03
It: 962 #keyframes: 4 avg. #ICP iterations: 12.25 avg. #corrs. 812.75, |G|: 4 sec: 0.024
It: 963 #keyframes: 4 avg. #ICP iterations: 18.25 avg. #corrs. 786, |G|: 4 sec: 0.033
It: 964 #keyframes: 4 avg. #ICP iterations: 14 avg. #corrs. 779.5, |G|: 4 sec: 0.019
It: 965 #keyframes: 4 avg. #ICP iterations: 13.25 avg. #corrs. 787.75, |G|: 4 sec: 0.023
It: 966 #keyframes: 4 avg. #ICP iterations: 21.75 avg. #corrs. 798.5, |G|: 4 sec: 0.037
It: 967 #keyframes: 4 avg. #ICP iterations: 18.5 avg. #corrs. 762, |G|: 4 sec: 0.028
It: 968 #keyframes: 4 avg. #ICP iterations: 20 avg. #corrs. 761.5, |G|: 4 sec: 0.027
It: 969 #keyframes: 4 avg. #ICP iterations: 11 avg. #corrs. 758, |G|: 4 sec: 0.017
It: 970 #keyframes: 4 avg. #ICP iterations: 10.5 avg. #corrs. 746.5, |G|: 4 sec: 0.021
It: 971 #keyframes: 4 avg. #ICP iterations: 12.75 avg. #corrs. 740.75, |G|: 4 sec: 0.025
It: 972 #keyframes: 4 avg. #ICP iterations: 16 avg. #corrs. 747.5, |G|: 4 sec: 0.025
It: 973 #keyframes: 4 avg. #ICP iterations: 13.5 avg. #corrs. 741.5, |G|: 4 sec: 0.024
It: 974 #keyframes: 4 avg. #ICP iterations: 13.5 avg. #corrs. 739.25, |G|: 4 sec: 0.025
It: 975 #keyframes: 4 avg. #ICP iterations: 17.25 avg. #corrs. 735.25, |G|: 4 sec: 0.036
It: 976 #keyframes: 4 avg. #ICP iterations: 15.5 avg. #corrs. 716.25, |G|: 4 sec: 0.023
It: 977 #keyframes: 4 avg. #ICP iterations: 12.5 avg. #corrs. 731.5, |G|: 4 sec: 0.028
It: 978 #keyframes: 4 avg. #ICP iterations: 17.75 avg. #corrs. 713.75, |G|: 4 sec: 0.032
It: 979 #keyframes: 4 avg. #ICP iterations: 15.5 avg. #corrs. 714, |G|: 4 sec: 0.024
It: 980 #keyframes: 4 avg. #ICP iterations: 15.25 avg. #corrs. 761.5, |G|: 4 sec: 0.026
It: 981 #keyframes: 4 avg. #ICP iterations: 15.25 avg. #corrs. 765, |G|: 4 sec: 0.029
It: 982 #keyframes: 4 avg. #ICP iterations: 16.75 avg. #corrs. 753.5, |G|: 4 sec: 0.034
It: 983 #keyframes: 4 avg. #ICP iterations: 15.25 avg. #corrs. 751.25, |G|: 4 sec: 0.037
It: 984 #keyframes: 4 avg. #ICP iterations: 16.5 avg. #corrs. 746.25, |G|: 4 sec: 0.034
It: 985 #keyframes: 4 avg. #ICP iterations: 21.5 avg. #corrs. 747.5, |G|: 4 sec: 0.033
It: 986 #keyframes: 4 avg. #ICP iterations: 14.75 avg. #corrs. 736.75, |G|: 4 sec: 0.027
It: 987 #keyframes: 4 avg. #ICP iterations: 18 avg. #corrs. 741.75, |G|: 4 sec: 0.029
It: 988 #keyframes: 4 avg. #ICP iterations: 13.25 avg. #corrs. 741, |G|: 4 sec: 0.028
It: 989 #keyframes: 4 avg. #ICP iterations: 10.75 avg. #corrs. 726.25, |G|: 4 sec: 0.025
It: 990 #keyframes: 4 avg. #ICP iterations: 12.25 avg. #corrs. 734.75, |G|: 4 sec: 0.019
It: 991 #keyframes: 4 avg. #ICP iterations: 14.5 avg. #corrs. 716, |G|: 4 sec: 0.022
It: 992 #keyframes: 4 avg. #ICP iterations: 10.5 avg. #corrs. 734, |G|: 4 sec: 0.027
It: 993 #keyframes: 4 avg. #ICP iterations: 14.75 avg. #corrs. 731.5, |G|: 4 sec: 0.03
It: 994 #keyframes: 4 avg. #ICP iterations: 19.5 avg. #corrs. 730.5, |G|: 4 sec: 0.039
It: 995 #keyframes: 4 avg. #ICP iterations: 15 avg. #corrs. 725.75, |G|: 4 sec: 0.026
It: 996 #keyframes: 4 avg. #ICP iterations: 11.25 avg. #corrs. 785.75, |G|: 4 sec: 0.019
It: 997 #keyframes: 4 avg. #ICP iterations: 15.25 avg. #corrs. 794.5, |G|: 4 sec: 0.026
It: 998 #keyframes: 4 avg. #ICP iterations: 13.75 avg. #corrs. 794.75, |G|: 4 sec: 0.025
It: 999 #keyframes: 4 avg. #ICP iterations: 11.75 avg. #corrs. 796, |G|: 4 sec: 0.024
It: 1000 #keyframes: 4 avg. #ICP iterations: 12.75 avg. #corrs. 790, |G|: 4 sec: 0.033
It: 1001 #keyframes: 4 avg. #ICP iterations: 15.75 avg. #corrs. 787.25, |G|: 4 sec: 0.029
It: 1002 #keyframes: 4 avg. #ICP iterations: 15 avg. #corrs. 766.75, |G|: 4 sec: 0.035
It: 1003 #keyframes: 4 avg. #ICP iterations: 15 avg. #corrs. 765, |G|: 4 sec: 0.023
It: 1004 #keyframes: 4 avg. #ICP iterations: 17.25 avg. #corrs. 774.75, |G|: 4 sec: 0.025
It: 1005 #keyframes: 4 avg. #ICP iterations: 18.75 avg. #corrs. 778.75, |G|: 4 sec: 0.043
It: 1006 #keyframes: 4 avg. #ICP iterations: 15.75 avg. #corrs. 761.75, |G|: 4 sec: 0.024
It: 1007 #keyframes: 4 avg. #ICP iterations: 22.5 avg. #corrs. 770, |G|: 4 sec: 0.038
It: 1008 #keyframes: 4 avg. #ICP iterations: 20 avg. #corrs. 772.5, |G|: 4 sec: 0.035
It: 1009 #keyframes: 4 avg. #ICP iterations: 14 avg. #corrs. 766, |G|: 4 sec: 0.029
It: 1010 #keyframes: 4 avg. #ICP iterations: 11 avg. #corrs. 794.25, |G|: 4 sec: 0.028
It: 1011 #keyframes: 4 avg. #ICP iterations: 15.25 avg. #corrs. 774.75, |G|: 4 sec: 0.024
It: 1012 #keyframes: 4 avg. #ICP iterations: 13.5 avg. #corrs. 767.25, |G|: 4 sec: 0.03
It: 1013 #keyframes: 4 avg. #ICP iterations: 14.5 avg. #corrs. 759, |G|: 4 sec: 0.025
It: 1014 #keyframes: 4 avg. #ICP iterations: 16.5 avg. #corrs. 759.25, |G|: 4 sec: 0.042
It: 1015 #keyframes: 4 avg. #ICP iterations: 13.75 avg. #corrs. 751.5, |G|: 4 sec: 0.038
It: 1016 #keyframes: 4 avg. #ICP iterations: 12.25 avg. #corrs. 753.5, |G|: 4 sec: 0.038
It: 1017 #keyframes: 4 avg. #ICP iterations: 18 avg. #corrs. 773.5, |G|: 4 sec: 0.042
It: 1018 #keyframes: 4 avg. #ICP iterations: 13 avg. #corrs. 780, |G|: 4 sec: 0.026
It: 1019 #keyframes: 4 avg. #ICP iterations: 17.5 avg. #corrs. 772.5, |G|: 4 sec: 0.034
It: 1020 #keyframes: 4 avg. #ICP iterations: 14.75 avg. #corrs. 762, |G|: 4 sec: 0.027
It: 1021 #keyframes: 4 avg. #ICP iterations: 15 avg. #corrs. 786.5, |G|: 4 sec: 0.025
It: 1022 #keyframes: 4 avg. #ICP iterations: 14.5 avg. #corrs. 767.75, |G|: 4 sec: 0.023
It: 1023 #keyframes: 4 avg. #ICP iterations: 15.75 avg. #corrs. 839.5, |G|: 4 sec: 0.026
It: 1024 #keyframes: 4 avg. #ICP iterations: 15 avg. #corrs. 838.5, |G|: 4 sec: 0.029
It: 1025 #keyframes: 4 avg. #ICP iterations: 12.5 avg. #corrs. 822.75, |G|: 4 sec: 0.026
It: 1026 #keyframes: 4 avg. #ICP iterations: 11 avg. #corrs. 846.75, |G|: 4 sec: 0.023
It: 1027 #keyframes: 4 avg. #ICP iterations: 14.25 avg. #corrs. 820.75, |G|: 4 sec: 0.023
It: 1028 #keyframes: 4 avg. #ICP iterations: 14.5 avg. #corrs. 801.25, |G|: 4 sec: 0.026
It: 1029 #keyframes: 4 avg. #ICP iterations: 13.5 avg. #corrs. 785.75, |G|: 4 sec: 0.022
It: 1030 #keyframes: 4 avg. #ICP iterations: 18.5 avg. #corrs. 791.5, |G|: 4 sec: 0.038
It: 1031 #keyframes: 4 avg. #ICP iterations: 21.75 avg. #corrs. 814.25, |G|: 4 sec: 0.037
It: 1032 #keyframes: 4 avg. #ICP iterations: 13.25 avg. #corrs. 810.25, |G|: 4 sec: 0.025
It: 1033 #keyframes: 4 avg. #ICP iterations: 17.75 avg. #corrs. 792, |G|: 4 sec: 0.035
It: 1034 #keyframes: 4 avg. #ICP iterations: 13.5 avg. #corrs. 778, |G|: 4 sec: 0.02
It: 1035 #keyframes: 4 avg. #ICP iterations: 14 avg. #corrs. 756.25, |G|: 4 sec: 0.03
It: 1036 #keyframes: 4 avg. #ICP iterations: 10.25 avg. #corrs. 754, |G|: 4 sec: 0.021
It: 1037 #keyframes: 4 avg. #ICP iterations: 13 avg. #corrs. 744.75, |G|: 4 sec: 0.022
It: 1038 #keyframes: 4 avg. #ICP iterations: 14.25 avg. #corrs. 749, |G|: 4 sec: 0.022
It: 1039 #keyframes: 4 avg. #ICP iterations: 11.5 avg. #corrs. 744.75, |G|: 4 sec: 0.024
It: 1040 #keyframes: 4 avg. #ICP iterations: 14.5 avg. #corrs. 743.75, |G|: 4 sec: 0.028
It: 1041 #keyframes: 4 avg. #ICP iterations: 14 avg. #corrs. 744.75, |G|: 4 sec: 0.031
It: 1042 #keyframes: 4 avg. #ICP iterations: 17 avg. #corrs. 742.25, |G|: 4 sec: 0.027
It: 1043 #keyframes: 4 avg. #ICP iterations: 13 avg. #corrs. 726.5, |G|: 4 sec: 0.025
It: 1044 #keyframes: 4 avg. #ICP iterations: 14.25 avg. #corrs. 720.25, |G|: 4 sec: 0.026
It: 1045 #keyframes: 4 avg. #ICP iterations: 13.5 avg. #corrs. 717.5, |G|: 4 sec: 0.021
It: 1046 #keyframes: 4 avg. #ICP iterations: 14 avg. #corrs. 725.25, |G|: 4 sec: 0.025
It: 1047 #keyframes: 4 avg. #ICP iterations: 13.5 avg. #corrs. 735.75, |G|: 4 sec: 0.027
It: 1048 #keyframes: 4 avg. #ICP iterations: 15.5 avg. #corrs. 737, |G|: 4 sec: 0.039
It: 1049 #keyframes: 4 avg. #ICP iterations: 19 avg. #corrs. 739.5, |G|: 4 sec: 0.028
It: 1050 #keyframes: 4 avg. #ICP iterations: 17 avg. #corrs. 715.5, |G|: 4 sec: 0.036
It: 1051 #keyframes: 4 avg. #ICP iterations: 15.75 avg. #corrs. 722, |G|: 4 sec: 0.022
It: 1052 #keyframes: 4 avg. #ICP iterations: 13.5 avg. #corrs. 711.5, |G|: 4 sec: 0.025
It: 1053 #keyframes: 4 avg. #ICP iterations: 17.5 avg. #corrs. 719, |G|: 4 sec: 0.029
It: 1054 #keyframes: 4 avg. #ICP iterations: 16.25 avg. #corrs. 726.75, |G|: 4 sec: 0.024
It: 1055 #keyframes: 4 avg. #ICP iterations: 19.5 avg. #corrs. 721.5, |G|: 4 sec: 0.028
It: 1056 #keyframes: 4 avg. #ICP iterations: 14.25 avg. #corrs. 712.25, |G|: 4 sec: 0.025
It: 1057 #keyframes: 4 avg. #ICP iterations: 12.5 avg. #corrs. 702, |G|: 4 sec: 0.025
It: 1058 #keyframes: 4 avg. #ICP iterations: 19.75 avg. #corrs. 720.25, |G|: 4 sec: 0.031
It: 1059 #keyframes: 4 avg. #ICP iterations: 17.5 avg. #corrs. 808.25, |G|: 4 sec: 0.025
It: 1060 #keyframes: 4 avg. #ICP iterations: 13.75 avg. #corrs. 834.25, |G|: 4 sec: 0.034
It: 1061 #keyframes: 4 avg. #ICP iterations: 16.5 avg. #corrs. 835.25, |G|: 4 sec: 0.042
It: 1062 #keyframes: 4 avg. #ICP iterations: 13 avg. #corrs. 830.25, |G|: 4 sec: 0.032
It: 1063 #keyframes: 4 avg. #ICP iterations: 20 avg. #corrs. 837.75, |G|: 4 sec: 0.035
It: 1064 #keyframes: 4 avg. #ICP iterations: 18.75 avg. #corrs. 837.5, |G|: 4 sec: 0.044
It: 1065 #keyframes: 4 avg. #ICP iterations: 19.75 avg. #corrs. 879.25, |G|: 4 sec: 0.053
It: 1066 #keyframes: 4 avg. #ICP iterations: 18.75 avg. #corrs. 861.75, |G|: 4 sec: 0.029
It: 1067 #keyframes: 4 avg. #ICP iterations: 18.25 avg. #corrs. 868, |G|: 4 sec: 0.032
It: 1068 #keyframes: 4 avg. #ICP iterations: 17 avg. #corrs. 871.5, |G|: 4 sec: 0.035
It: 1069 #keyframes: 4 avg. #ICP iterations: 22.25 avg. #corrs. 877.75, |G|: 4 sec: 0.043
It: 1070 #keyframes: 4 avg. #ICP iterations: 19.5 avg. #corrs. 889.25, |G|: 4 sec: 0.043
It: 1071 #keyframes: 4 avg. #ICP iterations: 19.5 avg. #corrs. 849, |G|: 4 sec: 0.041
It: 1072 #keyframes: 4 avg. #ICP iterations: 23 avg. #corrs. 897.75, |G|: 4 sec: 0.041
It: 1073 #keyframes: 4 avg. #ICP iterations: 21 avg. #corrs. 869.75, |G|: 4 sec: 0.041
It: 1074 #keyframes: 4 avg. #ICP iterations: 16.25 avg. #corrs. 868.5, |G|: 4 sec: 0.055
It: 1075 #keyframes: 4 avg. #ICP iterations: 20.25 avg. #corrs. 886.5, |G|: 4 sec: 0.042
It: 1076 #keyframes: 4 avg. #ICP iterations: 17.5 avg. #corrs. 910.25, |G|: 4 sec: 0.048
It: 1077 #keyframes: 4 avg. #ICP iterations: 14.5 avg. #corrs. 896.75, |G|: 4 sec: 0.029
It: 1078 #keyframes: 4 avg. #ICP iterations: 19.75 avg. #corrs. 905, |G|: 4 sec: 0.038
It: 1079 #keyframes: 4 avg. #ICP iterations: 16.25 avg. #corrs. 897.25, |G|: 4 sec: 0.044
It: 1080 #keyframes: 4 avg. #ICP iterations: 22 avg. #corrs. 902.75, |G|: 4 sec: 0.057
It: 1081 #keyframes: 4 avg. #ICP iterations: 16 avg. #corrs. 899.75, |G|: 4 sec: 0.045
It: 1082 #keyframes: 4 avg. #ICP iterations: 16.75 avg. #corrs. 901, |G|: 4 sec: 0.062
It: 1083 #keyframes: 4 avg. #ICP iterations: 21.5 avg. #corrs. 911.25, |G|: 4 sec: 0.063
It: 1084 #keyframes: 4 avg. #ICP iterations: 23.25 avg. #corrs. 1055.5, |G|: 4 sec: 0.05
It: 1085 #keyframes: 4 avg. #ICP iterations: 25.25 avg. #corrs. 1047.75, |G|: 4 sec: 0.076
It: 1086 #keyframes: 4 avg. #ICP iterations: 17.5 avg. #corrs. 1065.5, |G|: 4 sec: 0.047
It: 1087 #keyframes: 4 avg. #ICP iterations: 18.5 avg. #corrs. 1087, |G|: 4 sec: 0.062
It: 1088 #keyframes: 4 avg. #ICP iterations: 21 avg. #corrs. 1064.25, |G|: 4 sec: 0.065
It: 1089 #keyframes: 4 avg. #ICP iterations: 21.25 avg. #corrs. 1057.5, |G|: 4 sec: 0.058
It: 1090 #keyframes: 4 avg. #ICP iterations: 18.75 avg. #corrs. 1044.75, |G|: 4 sec: 0.066
It: 1091 #keyframes: 4 avg. #ICP iterations: 17.25 avg. #corrs. 1054.75, |G|: 4 sec: 0.046
It: 1092 #keyframes: 4 avg. #ICP iterations: 14.25 avg. #corrs. 1037.75, |G|: 4 sec: 0.039
It: 1093 #keyframes: 4 avg. #ICP iterations: 13.75 avg. #corrs. 1038.75, |G|: 4 sec: 0.033
It: 1094 #keyframes: 4 avg. #ICP iterations: 22.5 avg. #corrs. 1036.5, |G|: 4 sec: 0.056
It: 1095 #keyframes: 4 avg. #ICP iterations: 15 avg. #corrs. 1035, |G|: 4 sec: 0.062
It: 1096 #keyframes: 4 avg. #ICP iterations: 18 avg. #corrs. 1035.5, |G|: 4 sec: 0.038
It: 1097 #keyframes: 4 avg. #ICP iterations: 12 avg. #corrs. 1051.75, |G|: 4 sec: 0.041
It: 1098 #keyframes: 4 avg. #ICP iterations: 16.75 avg. #corrs. 1039.25, |G|: 4 sec: 0.036
It: 1099 #keyframes: 4 avg. #ICP iterations: 16.75 avg. #corrs. 1041.25, |G|: 4 sec: 0.04
It: 1100 #keyframes: 4 avg. #ICP iterations: 16 avg. #corrs. 1041, |G|: 4 sec: 0.058
Finished running
Pipeline only: 26.0185frame/s
Avg. FPS: 21.7035
Total time (ms): Start to End: 50729, Sum of components: 50103.7
Dataloading: 7845.11ms ( 15.6577 %) 
Preprocessing: 5608.93ms ( 11.1946 %) 
ICP: 32678.1ms ( 65.221 %) 
Graph optimization: 2280.96ms ( 4.55248 %) 
Graph update: 1690.57ms ( 3.37413 %) 
