./build/slamsimilliav2 --base_dir /media/aaron/dataset-ssd/datasets/KITTI-odometry --seq 06 --dataloader kitti --poses_path ./out/hpc/final_3/baseline_speed/kitti/poses_06.txt --config_path ./out/hpc/final_3/baseline_speed/kitti/config.json --go_robust true --go_init_sigma -0.3 --go_optimize_only_last_pose false --information_matrix icp_diag
{
    "deskew": false,
    "diagonal_information_only": true,
    "distance_mode": "last",
    "edge_composition_method": "naiive",
    "enable_graph_optimization": true,
    "go_adaptive": false,
    "go_alpha": 1.0,
    "go_form_implicit_edges": "strat_2",
    "go_init_sigma": -0.30000001192092896,
    "go_lambda": 0.0,
    "go_maximum_iterations": 100,
    "go_minimum_magnitude": 1e-05,
    "go_optimize_only_last_pose": false,
    "go_robust": true,
    "icp_adaptive": true,
    "icp_adaptive_lidar_distance": 160.0,
    "icp_alpha": 1.0,
    "icp_enable_transformation_magnitude": false,
    "icp_init_sigma": 1.0,
    "icp_lambda": 0.0,
    "icp_maximum_iterations": 100,
    "icp_minimum_corresposdences": 200,
    "icp_minumum_magnitude": 1e-05,
    "information_matrix": "icp_diag",
    "insert_point_to_old_keyframe": true,
    "insert_point_using_go_output": true,
    "intensity_scaling": 0.0,
    "inverse_strategy": "naiive",
    "keyframe_maximum_distance": 30.0,
    "keyframe_minimum_distance": 9.0,
    "map_max_points_per_voxel": 20,
    "map_voxelsize": 1.6,
    "preprecessing_subsampling_method": "voxel",
    "preprocessing_remove_nans": false,
    "prune_distant_voxels": false,
    "remove_non_keyframes": true,
    "subsampling_random_by_range_dmax": 160.0,
    "subsampling_random_by_range_p1": 3000.0,
    "subsampling_random_by_range_p2": 3000.0,
    "subsampling_voxelsize_icp": 1.8,
    "subsampling_voxelsize_map": 0.4,
    "voxel_pruning_distance": 1000000000.0
}
Start running
 WARNING: 0 edges at frame 0
It: 0 #keyframes: 0 avg. #ICP iterations: -nan avg. #corrs. -nan sec: 0.007
It: 1 #keyframes: 1 avg. #ICP iterations: 51 avg. #corrs. 2417, |G|: 1 sec: 0.099
It: 2 #keyframes: 1 avg. #ICP iterations: 10 avg. #corrs. 2404, |G|: 1 sec: 0.031
It: 3 #keyframes: 1 avg. #ICP iterations: 8 avg. #corrs. 2422, |G|: 1 sec: 0.051
It: 4 #keyframes: 1 avg. #ICP iterations: 9 avg. #corrs. 2399, |G|: 1 sec: 0.029
It: 5 #keyframes: 1 avg. #ICP iterations: 10 avg. #corrs. 2372, |G|: 1 sec: 0.029
It: 6 #keyframes: 1 avg. #ICP iterations: 15 avg. #corrs. 2354, |G|: 1 sec: 0.046
It: 7 #keyframes: 1 avg. #ICP iterations: 14 avg. #corrs. 2352, |G|: 1 sec: 0.05
It: 8 #keyframes: 1 avg. #ICP iterations: 9 avg. #corrs. 2291, |G|: 2 sec: 0.036
It: 9 #keyframes: 2 avg. #ICP iterations: 11 avg. #corrs. 2275, |G|: 2 sec: 0.044
It: 10 #keyframes: 2 avg. #ICP iterations: 13.5 avg. #corrs. 2264, |G|: 2 sec: 0.05
It: 11 #keyframes: 2 avg. #ICP iterations: 15.5 avg. #corrs. 2261.5, |G|: 2 sec: 0.068
It: 12 #keyframes: 2 avg. #ICP iterations: 10 avg. #corrs. 2195, |G|: 2 sec: 0.061
It: 13 #keyframes: 2 avg. #ICP iterations: 16.5 avg. #corrs. 2238, |G|: 2 sec: 0.074
It: 14 #keyframes: 2 avg. #ICP iterations: 13 avg. #corrs. 2196.5, |G|: 2 sec: 0.054
It: 15 #keyframes: 2 avg. #ICP iterations: 10.5 avg. #corrs. 2171.5, |G|: 2 sec: 0.059
It: 16 #keyframes: 2 avg. #ICP iterations: 9.5 avg. #corrs. 2185.5, |G|: 3 sec: 0.062
It: 17 #keyframes: 3 avg. #ICP iterations: 12 avg. #corrs. 2116.67, |G|: 3 sec: 0.034
It: 18 #keyframes: 3 avg. #ICP iterations: 17.3333 avg. #corrs. 1729.33, |G|: 3 sec: 0.061
It: 19 #keyframes: 3 avg. #ICP iterations: 15.6667 avg. #corrs. 1789.67, |G|: 3 sec: 0.059
It: 20 #keyframes: 3 avg. #ICP iterations: 13.3333 avg. #corrs. 1712.33, |G|: 3 sec: 0.063
It: 21 #keyframes: 3 avg. #ICP iterations: 18 avg. #corrs. 1707, |G|: 3 sec: 0.067
It: 22 #keyframes: 3 avg. #ICP iterations: 15.3333 avg. #corrs. 1684, |G|: 3 sec: 0.06
It: 23 #keyframes: 3 avg. #ICP iterations: 21 avg. #corrs. 1648, |G|: 3 sec: 0.077
It: 24 #keyframes: 3 avg. #ICP iterations: 21.6667 avg. #corrs. 1686.67, |G|: 4 sec: 0.05
It: 25 #keyframes: 4 avg. #ICP iterations: 17 avg. #corrs. 1673.5, |G|: 4 sec: 0.061
It: 26 #keyframes: 4 avg. #ICP iterations: 15.75 avg. #corrs. 1674.5, |G|: 4 sec: 0.057
It: 27 #keyframes: 4 avg. #ICP iterations: 15.25 avg. #corrs. 1698.25, |G|: 4 sec: 0.055
It: 28 #keyframes: 4 avg. #ICP iterations: 16.5 avg. #corrs. 1675.5, |G|: 4 sec: 0.069
It: 29 #keyframes: 4 avg. #ICP iterations: 21.5 avg. #corrs. 1629, |G|: 4 sec: 0.091
It: 30 #keyframes: 4 avg. #ICP iterations: 16.75 avg. #corrs. 1608.75, |G|: 4 sec: 0.065
It: 31 #keyframes: 4 avg. #ICP iterations: 17.25 avg. #corrs. 1601.5, |G|: 4 sec: 0.053
It: 32 #keyframes: 4 avg. #ICP iterations: 23 avg. #corrs. 1579.75, |G|: 4 sec: 0.084
It: 33 #keyframes: 4 avg. #ICP iterations: 14 avg. #corrs. 1752.25, |G|: 4 sec: 0.063
It: 34 #keyframes: 4 avg. #ICP iterations: 15 avg. #corrs. 1685.25, |G|: 4 sec: 0.067
It: 35 #keyframes: 4 avg. #ICP iterations: 16.5 avg. #corrs. 1674, |G|: 4 sec: 0.062
It: 36 #keyframes: 4 avg. #ICP iterations: 17 avg. #corrs. 1670.75, |G|: 4 sec: 0.065
It: 37 #keyframes: 4 avg. #ICP iterations: 22.25 avg. #corrs. 1671.5, |G|: 4 sec: 0.081
It: 38 #keyframes: 4 avg. #ICP iterations: 18.25 avg. #corrs. 1590.25, |G|: 4 sec: 0.063
It: 39 #keyframes: 4 avg. #ICP iterations: 22.75 avg. #corrs. 1570.75, |G|: 4 sec: 0.062
It: 40 #keyframes: 4 avg. #ICP iterations: 16.5 avg. #corrs. 1537.25, |G|: 4 sec: 0.048
It: 41 #keyframes: 4 avg. #ICP iterations: 16 avg. #corrs. 1668.75, |G|: 4 sec: 0.063
It: 42 #keyframes: 4 avg. #ICP iterations: 16.5 avg. #corrs. 1626.25, |G|: 4 sec: 0.059
It: 43 #keyframes: 4 avg. #ICP iterations: 17.25 avg. #corrs. 1605.75, |G|: 4 sec: 0.061
It: 44 #keyframes: 4 avg. #ICP iterations: 20 avg. #corrs. 1602.5, |G|: 4 sec: 0.066
It: 45 #keyframes: 4 avg. #ICP iterations: 18.5 avg. #corrs. 1578, |G|: 4 sec: 0.061
It: 46 #keyframes: 4 avg. #ICP iterations: 22.5 avg. #corrs. 1544.75, |G|: 4 sec: 0.087
It: 47 #keyframes: 4 avg. #ICP iterations: 17 avg. #corrs. 1554.75, |G|: 4 sec: 0.059
It: 48 #keyframes: 4 avg. #ICP iterations: 17.25 avg. #corrs. 1531, |G|: 4 sec: 0.062
It: 49 #keyframes: 4 avg. #ICP iterations: 14.25 avg. #corrs. 1629.5, |G|: 4 sec: 0.072
It: 50 #keyframes: 4 avg. #ICP iterations: 16 avg. #corrs. 1594.75, |G|: 4 sec: 0.06
It: 51 #keyframes: 4 avg. #ICP iterations: 17.5 avg. #corrs. 1578, |G|: 4 sec: 0.075
It: 52 #keyframes: 4 avg. #ICP iterations: 16.75 avg. #corrs. 1555.25, |G|: 4 sec: 0.062
It: 53 #keyframes: 4 avg. #ICP iterations: 14 avg. #corrs. 1541.5, |G|: 4 sec: 0.047
It: 54 #keyframes: 4 avg. #ICP iterations: 18.25 avg. #corrs. 1515.5, |G|: 4 sec: 0.078
It: 55 #keyframes: 4 avg. #ICP iterations: 15.5 avg. #corrs. 1451.75, |G|: 4 sec: 0.063
It: 56 #keyframes: 4 avg. #ICP iterations: 17.75 avg. #corrs. 1441, |G|: 4 sec: 0.052
It: 57 #keyframes: 4 avg. #ICP iterations: 14 avg. #corrs. 1579.25, |G|: 4 sec: 0.054
It: 58 #keyframes: 4 avg. #ICP iterations: 15.25 avg. #corrs. 1634.25, |G|: 4 sec: 0.05
It: 59 #keyframes: 4 avg. #ICP iterations: 19 avg. #corrs. 1647, |G|: 4 sec: 0.087
It: 60 #keyframes: 4 avg. #ICP iterations: 17.25 avg. #corrs. 1600.75, |G|: 4 sec: 0.069
It: 61 #keyframes: 4 avg. #ICP iterations: 15.25 avg. #corrs. 1585, |G|: 4 sec: 0.06
It: 62 #keyframes: 4 avg. #ICP iterations: 16.25 avg. #corrs. 1571.5, |G|: 4 sec: 0.059
It: 63 #keyframes: 4 avg. #ICP iterations: 23 avg. #corrs. 1556, |G|: 4 sec: 0.071
It: 64 #keyframes: 4 avg. #ICP iterations: 19 avg. #corrs. 1574, |G|: 4 sec: 0.062
It: 65 #keyframes: 4 avg. #ICP iterations: 19.75 avg. #corrs. 1708.25, |G|: 4 sec: 0.06
It: 66 #keyframes: 4 avg. #ICP iterations: 16 avg. #corrs. 1713, |G|: 4 sec: 0.053
It: 67 #keyframes: 4 avg. #ICP iterations: 15.25 avg. #corrs. 1748, |G|: 4 sec: 0.062
It: 68 #keyframes: 4 avg. #ICP iterations: 20 avg. #corrs. 1717, |G|: 4 sec: 0.067
It: 69 #keyframes: 4 avg. #ICP iterations: 17 avg. #corrs. 1664.5, |G|: 4 sec: 0.051
It: 70 #keyframes: 4 avg. #ICP iterations: 20 avg. #corrs. 1626, |G|: 4 sec: 0.065
It: 71 #keyframes: 4 avg. #ICP iterations: 24.25 avg. #corrs. 1603, |G|: 4 sec: 0.098
It: 72 #keyframes: 4 avg. #ICP iterations: 15.25 avg. #corrs. 1602.75, |G|: 4 sec: 0.049
It: 73 #keyframes: 4 avg. #ICP iterations: 19.75 avg. #corrs. 1805, |G|: 4 sec: 0.074
It: 74 #keyframes: 4 avg. #ICP iterations: 16.25 avg. #corrs. 1750.5, |G|: 4 sec: 0.045
It: 75 #keyframes: 4 avg. #ICP iterations: 16 avg. #corrs. 1732.75, |G|: 4 sec: 0.053
It: 76 #keyframes: 4 avg. #ICP iterations: 18.75 avg. #corrs. 1747, |G|: 4 sec: 0.085
It: 77 #keyframes: 4 avg. #ICP iterations: 19.5 avg. #corrs. 1728.75, |G|: 4 sec: 0.071
It: 78 #keyframes: 4 avg. #ICP iterations: 19.5 avg. #corrs. 1698.25, |G|: 4 sec: 0.065
It: 79 #keyframes: 4 avg. #ICP iterations: 24.25 avg. #corrs. 1648.75, |G|: 4 sec: 0.077
It: 80 #keyframes: 4 avg. #ICP iterations: 19 avg. #corrs. 1649.25, |G|: 4 sec: 0.064
It: 81 #keyframes: 4 avg. #ICP iterations: 16.25 avg. #corrs. 1830.5, |G|: 4 sec: 0.074
It: 82 #keyframes: 4 avg. #ICP iterations: 19 avg. #corrs. 1859.75, |G|: 4 sec: 0.084
It: 83 #keyframes: 4 avg. #ICP iterations: 23.25 avg. #corrs. 1878, |G|: 4 sec: 0.092
It: 84 #keyframes: 4 avg. #ICP iterations: 28.25 avg. #corrs. 1914.5, |G|: 4 sec: 0.13
It: 85 #keyframes: 4 avg. #ICP iterations: 20 avg. #corrs. 1882, |G|: 4 sec: 0.068
It: 86 #keyframes: 4 avg. #ICP iterations: 22.5 avg. #corrs. 1827.75, |G|: 4 sec: 0.082
It: 87 #keyframes: 4 avg. #ICP iterations: 21 avg. #corrs. 1805.5, |G|: 4 sec: 0.074
It: 88 #keyframes: 4 avg. #ICP iterations: 22.5 avg. #corrs. 1776.25, |G|: 4 sec: 0.087
It: 89 #keyframes: 4 avg. #ICP iterations: 22.25 avg. #corrs. 2005.75, |G|: 4 sec: 0.098
It: 90 #keyframes: 4 avg. #ICP iterations: 21.5 avg. #corrs. 1974, |G|: 4 sec: 0.074
It: 91 #keyframes: 4 avg. #ICP iterations: 22.75 avg. #corrs. 1957.25, |G|: 4 sec: 0.068
It: 92 #keyframes: 4 avg. #ICP iterations: 16 avg. #corrs. 1958.25, |G|: 4 sec: 0.068
It: 93 #keyframes: 4 avg. #ICP iterations: 21.75 avg. #corrs. 1947.5, |G|: 4 sec: 0.072
It: 94 #keyframes: 4 avg. #ICP iterations: 22.25 avg. #corrs. 1946.5, |G|: 4 sec: 0.091
It: 95 #keyframes: 4 avg. #ICP iterations: 23.25 avg. #corrs. 1944.75, |G|: 4 sec: 0.081
It: 96 #keyframes: 4 avg. #ICP iterations: 26.5 avg. #corrs. 1931.5, |G|: 4 sec: 0.084
It: 97 #keyframes: 4 avg. #ICP iterations: 19.5 avg. #corrs. 1984, |G|: 4 sec: 0.08
It: 98 #keyframes: 4 avg. #ICP iterations: 16.5 avg. #corrs. 2003.75, |G|: 4 sec: 0.055
It: 99 #keyframes: 4 avg. #ICP iterations: 19 avg. #corrs. 1992.25, |G|: 4 sec: 0.076
It: 100 #keyframes: 4 avg. #ICP iterations: 17 avg. #corrs. 1945, |G|: 4 sec: 0.053
It: 101 #keyframes: 4 avg. #ICP iterations: 20.25 avg. #corrs. 1969.25, |G|: 4 sec: 0.061
It: 102 #keyframes: 4 avg. #ICP iterations: 21.25 avg. #corrs. 1954.25, |G|: 4 sec: 0.074
It: 103 #keyframes: 4 avg. #ICP iterations: 20.5 avg. #corrs. 1975, |G|: 4 sec: 0.067
It: 104 #keyframes: 4 avg. #ICP iterations: 22 avg. #corrs. 1894.5, |G|: 4 sec: 0.075
It: 105 #keyframes: 4 avg. #ICP iterations: 23.5 avg. #corrs. 2065.5, |G|: 4 sec: 0.106
It: 106 #keyframes: 4 avg. #ICP iterations: 17 avg. #corrs. 1996.25, |G|: 4 sec: 0.062
It: 107 #keyframes: 4 avg. #ICP iterations: 17 avg. #corrs. 1983.75, |G|: 4 sec: 0.062
It: 108 #keyframes: 4 avg. #ICP iterations: 24 avg. #corrs. 2022.25, |G|: 4 sec: 0.076
It: 109 #keyframes: 4 avg. #ICP iterations: 27.5 avg. #corrs. 2012, |G|: 4 sec: 0.118
It: 110 #keyframes: 4 avg. #ICP iterations: 22.25 avg. #corrs. 1952.25, |G|: 4 sec: 0.064
It: 111 #keyframes: 4 avg. #ICP iterations: 25 avg. #corrs. 1933, |G|: 4 sec: 0.085
It: 112 #keyframes: 4 avg. #ICP iterations: 21.75 avg. #corrs. 1882.25, |G|: 4 sec: 0.063
It: 113 #keyframes: 4 avg. #ICP iterations: 19 avg. #corrs. 1977, |G|: 4 sec: 0.076
It: 114 #keyframes: 4 avg. #ICP iterations: 21.5 avg. #corrs. 1990, |G|: 4 sec: 0.076
It: 115 #keyframes: 4 avg. #ICP iterations: 24.75 avg. #corrs. 1952.5, |G|: 4 sec: 0.081
It: 116 #keyframes: 4 avg. #ICP iterations: 22.5 avg. #corrs. 1931.75, |G|: 4 sec: 0.069
It: 117 #keyframes: 4 avg. #ICP iterations: 19.75 avg. #corrs. 1911.25, |G|: 4 sec: 0.074
It: 118 #keyframes: 4 avg. #ICP iterations: 21.25 avg. #corrs. 1890.25, |G|: 4 sec: 0.064
It: 119 #keyframes: 4 avg. #ICP iterations: 22 avg. #corrs. 1843.5, |G|: 4 sec: 0.069
It: 120 #keyframes: 4 avg. #ICP iterations: 35.25 avg. #corrs. 1805.75, |G|: 3 sec: 0.096
It: 121 #keyframes: 3 avg. #ICP iterations: 12 avg. #corrs. 2398.67, |G|: 3 sec: 0.041
It: 122 #keyframes: 3 avg. #ICP iterations: 20 avg. #corrs. 2152, |G|: 3 sec: 0.077
It: 123 #keyframes: 3 avg. #ICP iterations: 19.6667 avg. #corrs. 2167, |G|: 3 sec: 0.087
It: 124 #keyframes: 3 avg. #ICP iterations: 22.3333 avg. #corrs. 2076.67, |G|: 3 sec: 0.094
It: 125 #keyframes: 3 avg. #ICP iterations: 17 avg. #corrs. 2088, |G|: 3 sec: 0.082
It: 126 #keyframes: 3 avg. #ICP iterations: 15 avg. #corrs. 2105.33, |G|: 3 sec: 0.074
It: 127 #keyframes: 3 avg. #ICP iterations: 17 avg. #corrs. 2038.33, |G|: 3 sec: 0.086
It: 128 #keyframes: 3 avg. #ICP iterations: 17.6667 avg. #corrs. 2011.33, |G|: 3 sec: 0.069
It: 129 #keyframes: 3 avg. #ICP iterations: 12.6667 avg. #corrs. 2359.33, |G|: 3 sec: 0.071
It: 130 #keyframes: 3 avg. #ICP iterations: 18.6667 avg. #corrs. 2035.67, |G|: 3 sec: 0.09
It: 131 #keyframes: 3 avg. #ICP iterations: 22 avg. #corrs. 2048.33, |G|: 3 sec: 0.074
It: 132 #keyframes: 3 avg. #ICP iterations: 16 avg. #corrs. 2019.33, |G|: 3 sec: 0.053
It: 133 #keyframes: 3 avg. #ICP iterations: 16.6667 avg. #corrs. 1933.67, |G|: 3 sec: 0.072
It: 134 #keyframes: 3 avg. #ICP iterations: 20.6667 avg. #corrs. 1872, |G|: 3 sec: 0.061
It: 135 #keyframes: 3 avg. #ICP iterations: 18 avg. #corrs. 1872.67, |G|: 3 sec: 0.064
It: 136 #keyframes: 3 avg. #ICP iterations: 23 avg. #corrs. 1826, |G|: 3 sec: 0.087
It: 137 #keyframes: 3 avg. #ICP iterations: 13.3333 avg. #corrs. 2260.67, |G|: 3 sec: 0.068
It: 138 #keyframes: 3 avg. #ICP iterations: 19.3333 avg. #corrs. 1691, |G|: 3 sec: 0.053
It: 139 #keyframes: 3 avg. #ICP iterations: 24.6667 avg. #corrs. 1790.67, |G|: 3 sec: 0.069
It: 140 #keyframes: 3 avg. #ICP iterations: 17 avg. #corrs. 1782.67, |G|: 3 sec: 0.068
It: 141 #keyframes: 3 avg. #ICP iterations: 22 avg. #corrs. 1746.67, |G|: 3 sec: 0.084
It: 142 #keyframes: 3 avg. #ICP iterations: 24.6667 avg. #corrs. 1721, |G|: 3 sec: 0.072
It: 143 #keyframes: 3 avg. #ICP iterations: 25 avg. #corrs. 1722, |G|: 3 sec: 0.104
It: 144 #keyframes: 3 avg. #ICP iterations: 21.6667 avg. #corrs. 1713.33, |G|: 3 sec: 0.073
It: 145 #keyframes: 3 avg. #ICP iterations: 19.3333 avg. #corrs. 2306.33, |G|: 3 sec: 0.085
It: 146 #keyframes: 3 avg. #ICP iterations: 19.6667 avg. #corrs. 1905, |G|: 3 sec: 0.092
It: 147 #keyframes: 3 avg. #ICP iterations: 20.6667 avg. #corrs. 1878.33, |G|: 3 sec: 0.073
It: 148 #keyframes: 3 avg. #ICP iterations: 19 avg. #corrs. 1896.33, |G|: 3 sec: 0.056
It: 149 #keyframes: 3 avg. #ICP iterations: 21.3333 avg. #corrs. 1898.67, |G|: 3 sec: 0.08
It: 150 #keyframes: 3 avg. #ICP iterations: 19 avg. #corrs. 1831.33, |G|: 3 sec: 0.066
It: 151 #keyframes: 3 avg. #ICP iterations: 21.3333 avg. #corrs. 1773, |G|: 3 sec: 0.078
It: 152 #keyframes: 3 avg. #ICP iterations: 17.6667 avg. #corrs. 1778.33, |G|: 3 sec: 0.072
It: 153 #keyframes: 3 avg. #ICP iterations: 15 avg. #corrs. 2264.33, |G|: 3 sec: 0.053
It: 154 #keyframes: 3 avg. #ICP iterations: 22 avg. #corrs. 2098.33, |G|: 3 sec: 0.077
It: 155 #keyframes: 3 avg. #ICP iterations: 14.6667 avg. #corrs. 2084.67, |G|: 3 sec: 0.051
It: 156 #keyframes: 3 avg. #ICP iterations: 18 avg. #corrs. 2059.33, |G|: 3 sec: 0.093
It: 157 #keyframes: 3 avg. #ICP iterations: 18.6667 avg. #corrs. 1998.33, |G|: 3 sec: 0.067
It: 158 #keyframes: 3 avg. #ICP iterations: 15 avg. #corrs. 1976, |G|: 3 sec: 0.066
It: 159 #keyframes: 3 avg. #ICP iterations: 18.3333 avg. #corrs. 1917.33, |G|: 3 sec: 0.059
It: 160 #keyframes: 3 avg. #ICP iterations: 17.3333 avg. #corrs. 1856.33, |G|: 3 sec: 0.061
It: 161 #keyframes: 3 avg. #ICP iterations: 15.3333 avg. #corrs. 2204, |G|: 3 sec: 0.056
It: 162 #keyframes: 3 avg. #ICP iterations: 14.6667 avg. #corrs. 1993.67, |G|: 3 sec: 0.046
It: 163 #keyframes: 3 avg. #ICP iterations: 17 avg. #corrs. 1971, |G|: 3 sec: 0.074
It: 164 #keyframes: 3 avg. #ICP iterations: 17.6667 avg. #corrs. 1952.67, |G|: 3 sec: 0.071
It: 165 #keyframes: 3 avg. #ICP iterations: 18.6667 avg. #corrs. 1990.33, |G|: 3 sec: 0.068
It: 166 #keyframes: 3 avg. #ICP iterations: 13 avg. #corrs. 1990.33, |G|: 3 sec: 0.053
It: 167 #keyframes: 3 avg. #ICP iterations: 19.6667 avg. #corrs. 1948, |G|: 3 sec: 0.056
It: 168 #keyframes: 3 avg. #ICP iterations: 33 avg. #corrs. 1929.33, |G|: 4 sec: 0.136
It: 169 #keyframes: 4 avg. #ICP iterations: 19.5 avg. #corrs. 1887.25, |G|: 4 sec: 0.057
It: 170 #keyframes: 4 avg. #ICP iterations: 12.25 avg. #corrs. 1915, |G|: 4 sec: 0.043
It: 171 #keyframes: 4 avg. #ICP iterations: 18 avg. #corrs. 1873.75, |G|: 4 sec: 0.074
It: 172 #keyframes: 4 avg. #ICP iterations: 23.25 avg. #corrs. 1854.25, |G|: 4 sec: 0.068
It: 173 #keyframes: 4 avg. #ICP iterations: 27 avg. #corrs. 1832.5, |G|: 4 sec: 0.098
It: 174 #keyframes: 4 avg. #ICP iterations: 26.25 avg. #corrs. 1845.5, |G|: 4 sec: 0.083
It: 175 #keyframes: 4 avg. #ICP iterations: 20 avg. #corrs. 1790.75, |G|: 4 sec: 0.08
It: 176 #keyframes: 4 avg. #ICP iterations: 26.75 avg. #corrs. 1801.5, |G|: 4 sec: 0.078
It: 177 #keyframes: 4 avg. #ICP iterations: 21.5 avg. #corrs. 1811.5, |G|: 4 sec: 0.084
It: 178 #keyframes: 4 avg. #ICP iterations: 15.75 avg. #corrs. 1785.25, |G|: 4 sec: 0.055
It: 179 #keyframes: 4 avg. #ICP iterations: 26.25 avg. #corrs. 1789.5, |G|: 4 sec: 0.089
It: 180 #keyframes: 4 avg. #ICP iterations: 17.75 avg. #corrs. 1709, |G|: 4 sec: 0.074
It: 181 #keyframes: 4 avg. #ICP iterations: 20.5 avg. #corrs. 1735, |G|: 4 sec: 0.074
It: 182 #keyframes: 4 avg. #ICP iterations: 29 avg. #corrs. 1690.25, |G|: 4 sec: 0.1
It: 183 #keyframes: 4 avg. #ICP iterations: 22 avg. #corrs. 1680.25, |G|: 4 sec: 0.081
It: 184 #keyframes: 4 avg. #ICP iterations: 24.75 avg. #corrs. 1655, |G|: 4 sec: 0.078
It: 185 #keyframes: 4 avg. #ICP iterations: 18.5 avg. #corrs. 1623.25, |G|: 4 sec: 0.055
It: 186 #keyframes: 4 avg. #ICP iterations: 19.75 avg. #corrs. 1636.75, |G|: 4 sec: 0.057
It: 187 #keyframes: 4 avg. #ICP iterations: 26 avg. #corrs. 1613.25, |G|: 4 sec: 0.097
It: 188 #keyframes: 4 avg. #ICP iterations: 18 avg. #corrs. 1639.5, |G|: 4 sec: 0.084
It: 189 #keyframes: 4 avg. #ICP iterations: 21.5 avg. #corrs. 1662.25, |G|: 4 sec: 0.063
It: 190 #keyframes: 4 avg. #ICP iterations: 31.25 avg. #corrs. 1654.25, |G|: 4 sec: 0.119
It: 191 #keyframes: 4 avg. #ICP iterations: 25.5 avg. #corrs. 1660.5, |G|: 4 sec: 0.084
It: 192 #keyframes: 4 avg. #ICP iterations: 28 avg. #corrs. 1648, |G|: 4 sec: 0.094
It: 193 #keyframes: 4 avg. #ICP iterations: 26.25 avg. #corrs. 1675.75, |G|: 4 sec: 0.096
It: 194 #keyframes: 4 avg. #ICP iterations: 24 avg. #corrs. 1603.75, |G|: 4 sec: 0.088
It: 195 #keyframes: 4 avg. #ICP iterations: 19.75 avg. #corrs. 1621.75, |G|: 4 sec: 0.089
It: 196 #keyframes: 4 avg. #ICP iterations: 22.75 avg. #corrs. 1631.5, |G|: 4 sec: 0.071
It: 197 #keyframes: 4 avg. #ICP iterations: 16.25 avg. #corrs. 1784, |G|: 4 sec: 0.076
It: 198 #keyframes: 4 avg. #ICP iterations: 17 avg. #corrs. 1825.5, |G|: 4 sec: 0.073
It: 199 #keyframes: 4 avg. #ICP iterations: 16.25 avg. #corrs. 1848.25, |G|: 4 sec: 0.08
It: 200 #keyframes: 4 avg. #ICP iterations: 19.75 avg. #corrs. 1815.75, |G|: 4 sec: 0.091
It: 201 #keyframes: 4 avg. #ICP iterations: 15.75 avg. #corrs. 1823.5, |G|: 4 sec: 0.07
It: 202 #keyframes: 4 avg. #ICP iterations: 22.75 avg. #corrs. 1757, |G|: 4 sec: 0.099
It: 203 #keyframes: 4 avg. #ICP iterations: 20.5 avg. #corrs. 1758.75, |G|: 4 sec: 0.055
It: 204 #keyframes: 4 avg. #ICP iterations: 21 avg. #corrs. 1717.5, |G|: 4 sec: 0.067
It: 205 #keyframes: 4 avg. #ICP iterations: 17.25 avg. #corrs. 1699.75, |G|: 4 sec: 0.062
It: 206 #keyframes: 4 avg. #ICP iterations: 18.25 avg. #corrs. 1666.5, |G|: 4 sec: 0.08
It: 207 #keyframes: 4 avg. #ICP iterations: 23 avg. #corrs. 1651.5, |G|: 4 sec: 0.084
It: 208 #keyframes: 4 avg. #ICP iterations: 19.25 avg. #corrs. 1676.75, |G|: 4 sec: 0.062
It: 209 #keyframes: 4 avg. #ICP iterations: 16.5 avg. #corrs. 1650.75, |G|: 4 sec: 0.061
It: 210 #keyframes: 4 avg. #ICP iterations: 15.5 avg. #corrs. 1717, |G|: 4 sec: 0.065
It: 211 #keyframes: 4 avg. #ICP iterations: 21 avg. #corrs. 1721.75, |G|: 4 sec: 0.075
It: 212 #keyframes: 4 avg. #ICP iterations: 22 avg. #corrs. 1764, |G|: 4 sec: 0.067
It: 213 #keyframes: 4 avg. #ICP iterations: 20 avg. #corrs. 1700.25, |G|: 4 sec: 0.085
It: 214 #keyframes: 4 avg. #ICP iterations: 18.75 avg. #corrs. 1661.75, |G|: 4 sec: 0.068
It: 215 #keyframes: 4 avg. #ICP iterations: 18 avg. #corrs. 1667.5, |G|: 4 sec: 0.05
It: 216 #keyframes: 4 avg. #ICP iterations: 19.25 avg. #corrs. 1660, |G|: 4 sec: 0.06
It: 217 #keyframes: 4 avg. #ICP iterations: 19.5 avg. #corrs. 1723.5, |G|: 4 sec: 0.069
It: 218 #keyframes: 4 avg. #ICP iterations: 23.5 avg. #corrs. 1682.75, |G|: 4 sec: 0.073
It: 219 #keyframes: 4 avg. #ICP iterations: 18.25 avg. #corrs. 1683, |G|: 4 sec: 0.059
It: 220 #keyframes: 4 avg. #ICP iterations: 21 avg. #corrs. 1650, |G|: 4 sec: 0.081
It: 221 #keyframes: 4 avg. #ICP iterations: 20.5 avg. #corrs. 1635, |G|: 4 sec: 0.068
It: 222 #keyframes: 4 avg. #ICP iterations: 23 avg. #corrs. 1649, |G|: 4 sec: 0.071
It: 223 #keyframes: 4 avg. #ICP iterations: 23 avg. #corrs. 1728, |G|: 4 sec: 0.082
It: 224 #keyframes: 4 avg. #ICP iterations: 26 avg. #corrs. 1724.75, |G|: 4 sec: 0.092
It: 225 #keyframes: 4 avg. #ICP iterations: 24.5 avg. #corrs. 1636.75, |G|: 4 sec: 0.088
It: 226 #keyframes: 4 avg. #ICP iterations: 22.75 avg. #corrs. 1513.75, |G|: 4 sec: 0.06
It: 227 #keyframes: 4 avg. #ICP iterations: 18.5 avg. #corrs. 1448, |G|: 4 sec: 0.077
It: 228 #keyframes: 4 avg. #ICP iterations: 22.25 avg. #corrs. 1465.75, |G|: 4 sec: 0.049
It: 229 #keyframes: 4 avg. #ICP iterations: 21 avg. #corrs. 1510.75, |G|: 4 sec: 0.06
It: 230 #keyframes: 4 avg. #ICP iterations: 23.25 avg. #corrs. 1561.5, |G|: 4 sec: 0.069
It: 231 #keyframes: 4 avg. #ICP iterations: 24.5 avg. #corrs. 1560.5, |G|: 4 sec: 0.056
It: 232 #keyframes: 4 avg. #ICP iterations: 17.5 avg. #corrs. 1547.5, |G|: 4 sec: 0.066
It: 233 #keyframes: 4 avg. #ICP iterations: 22.5 avg. #corrs. 1515.75, |G|: 4 sec: 0.061
It: 234 #keyframes: 4 avg. #ICP iterations: 21.25 avg. #corrs. 1493.25, |G|: 4 sec: 0.077
It: 235 #keyframes: 4 avg. #ICP iterations: 14.25 avg. #corrs. 1568.25, |G|: 4 sec: 0.05
It: 236 #keyframes: 4 avg. #ICP iterations: 19 avg. #corrs. 1574.5, |G|: 4 sec: 0.079
It: 237 #keyframes: 4 avg. #ICP iterations: 23.5 avg. #corrs. 1613.25, |G|: 4 sec: 0.068
It: 238 #keyframes: 4 avg. #ICP iterations: 19.25 avg. #corrs. 1601.75, |G|: 4 sec: 0.059
It: 239 #keyframes: 4 avg. #ICP iterations: 23 avg. #corrs. 1567.25, |G|: 4 sec: 0.061
It: 240 #keyframes: 4 avg. #ICP iterations: 25 avg. #corrs. 1570.5, |G|: 4 sec: 0.072
It: 241 #keyframes: 4 avg. #ICP iterations: 26.5 avg. #corrs. 1534.5, |G|: 4 sec: 0.074
It: 242 #keyframes: 4 avg. #ICP iterations: 22.75 avg. #corrs. 1532.75, |G|: 4 sec: 0.054
It: 243 #keyframes: 4 avg. #ICP iterations: 18 avg. #corrs. 1500.75, |G|: 4 sec: 0.065
It: 244 #keyframes: 4 avg. #ICP iterations: 18 avg. #corrs. 1514.25, |G|: 4 sec: 0.067
It: 245 #keyframes: 4 avg. #ICP iterations: 20.75 avg. #corrs. 1459, |G|: 4 sec: 0.069
It: 246 #keyframes: 4 avg. #ICP iterations: 18 avg. #corrs. 1587.5, |G|: 4 sec: 0.053
It: 247 #keyframes: 4 avg. #ICP iterations: 14 avg. #corrs. 1560.5, |G|: 4 sec: 0.055
It: 248 #keyframes: 4 avg. #ICP iterations: 17.25 avg. #corrs. 1622.75, |G|: 4 sec: 0.068
It: 249 #keyframes: 4 avg. #ICP iterations: 33 avg. #corrs. 1603.5, |G|: 4 sec: 0.108
It: 250 #keyframes: 4 avg. #ICP iterations: 26 avg. #corrs. 1577, |G|: 4 sec: 0.067
It: 251 #keyframes: 4 avg. #ICP iterations: 21.25 avg. #corrs. 1576, |G|: 4 sec: 0.061
It: 252 #keyframes: 4 avg. #ICP iterations: 19.25 avg. #corrs. 1557.25, |G|: 4 sec: 0.052
It: 253 #keyframes: 4 avg. #ICP iterations: 20.75 avg. #corrs. 1572.75, |G|: 4 sec: 0.063
It: 254 #keyframes: 4 avg. #ICP iterations: 23.25 avg. #corrs. 1545.25, |G|: 4 sec: 0.082
It: 255 #keyframes: 4 avg. #ICP iterations: 24.25 avg. #corrs. 1524.25, |G|: 4 sec: 0.062
It: 256 #keyframes: 4 avg. #ICP iterations: 24.5 avg. #corrs. 1517.75, |G|: 4 sec: 0.072
It: 257 #keyframes: 4 avg. #ICP iterations: 18.25 avg. #corrs. 1561, |G|: 4 sec: 0.063
It: 258 #keyframes: 4 avg. #ICP iterations: 20.75 avg. #corrs. 1582.5, |G|: 4 sec: 0.06
It: 259 #keyframes: 4 avg. #ICP iterations: 14 avg. #corrs. 1585.25, |G|: 4 sec: 0.046
It: 260 #keyframes: 4 avg. #ICP iterations: 27.25 avg. #corrs. 1544.25, |G|: 4 sec: 0.084
It: 261 #keyframes: 4 avg. #ICP iterations: 30.25 avg. #corrs. 1538, |G|: 4 sec: 0.089
It: 262 #keyframes: 4 avg. #ICP iterations: 14.5 avg. #corrs. 1532.25, |G|: 4 sec: 0.069
It: 263 #keyframes: 4 avg. #ICP iterations: 16 avg. #corrs. 1508.25, |G|: 4 sec: 0.05
It: 264 #keyframes: 4 avg. #ICP iterations: 22.5 avg. #corrs. 1509.5, |G|: 4 sec: 0.095
It: 265 #keyframes: 4 avg. #ICP iterations: 16 avg. #corrs. 1445, |G|: 4 sec: 0.047
It: 266 #keyframes: 4 avg. #ICP iterations: 20.5 avg. #corrs. 1471, |G|: 4 sec: 0.081
It: 267 #keyframes: 4 avg. #ICP iterations: 13.75 avg. #corrs. 1454.75, |G|: 4 sec: 0.052
It: 268 #keyframes: 4 avg. #ICP iterations: 25.25 avg. #corrs. 1442.25, |G|: 4 sec: 0.079
It: 269 #keyframes: 4 avg. #ICP iterations: 24.5 avg. #corrs. 1579.5, |G|: 4 sec: 0.098
It: 270 #keyframes: 4 avg. #ICP iterations: 17.75 avg. #corrs. 1611.75, |G|: 4 sec: 0.065
It: 271 #keyframes: 4 avg. #ICP iterations: 20.75 avg. #corrs. 1628.25, |G|: 4 sec: 0.052
It: 272 #keyframes: 4 avg. #ICP iterations: 20 avg. #corrs. 1661, |G|: 4 sec: 0.073
It: 273 #keyframes: 4 avg. #ICP iterations: 23.75 avg. #corrs. 1647.25, |G|: 4 sec: 0.096
It: 274 #keyframes: 4 avg. #ICP iterations: 22.5 avg. #corrs. 1631, |G|: 4 sec: 0.082
It: 275 #keyframes: 4 avg. #ICP iterations: 19.75 avg. #corrs. 1667.25, |G|: 4 sec: 0.061
It: 276 #keyframes: 4 avg. #ICP iterations: 29 avg. #corrs. 1678, |G|: 4 sec: 0.097
It: 277 #keyframes: 4 avg. #ICP iterations: 23.75 avg. #corrs. 1669.5, |G|: 4 sec: 0.073
It: 278 #keyframes: 4 avg. #ICP iterations: 25 avg. #corrs. 1694.25, |G|: 4 sec: 0.08
It: 279 #keyframes: 4 avg. #ICP iterations: 27.75 avg. #corrs. 1685.75, |G|: 4 sec: 0.08
It: 280 #keyframes: 4 avg. #ICP iterations: 27.25 avg. #corrs. 1626.5, |G|: 4 sec: 0.104
It: 281 #keyframes: 4 avg. #ICP iterations: 20 avg. #corrs. 1642.75, |G|: 4 sec: 0.069
It: 282 #keyframes: 4 avg. #ICP iterations: 23.75 avg. #corrs. 1629.75, |G|: 4 sec: 0.066
It: 283 #keyframes: 4 avg. #ICP iterations: 28 avg. #corrs. 1599, |G|: 4 sec: 0.13
It: 284 #keyframes: 4 avg. #ICP iterations: 17 avg. #corrs. 1617.75, |G|: 4 sec: 0.057
It: 285 #keyframes: 4 avg. #ICP iterations: 21 avg. #corrs. 1824.75, |G|: 4 sec: 0.065
It: 286 #keyframes: 4 avg. #ICP iterations: 21 avg. #corrs. 1834.5, |G|: 4 sec: 0.077
It: 287 #keyframes: 4 avg. #ICP iterations: 22.25 avg. #corrs. 1805.5, |G|: 4 sec: 0.091
It: 288 #keyframes: 4 avg. #ICP iterations: 24 avg. #corrs. 1822.5, |G|: 4 sec: 0.063
It: 289 #keyframes: 4 avg. #ICP iterations: 19.75 avg. #corrs. 1847.25, |G|: 4 sec: 0.067
It: 290 #keyframes: 4 avg. #ICP iterations: 19.75 avg. #corrs. 1850, |G|: 4 sec: 0.079
It: 291 #keyframes: 4 avg. #ICP iterations: 22.5 avg. #corrs. 1816.25, |G|: 4 sec: 0.095
It: 292 #keyframes: 4 avg. #ICP iterations: 19.25 avg. #corrs. 1837.25, |G|: 4 sec: 0.076
It: 293 #keyframes: 4 avg. #ICP iterations: 25 avg. #corrs. 1820.75, |G|: 4 sec: 0.082
It: 294 #keyframes: 4 avg. #ICP iterations: 22 avg. #corrs. 1811.75, |G|: 4 sec: 0.059
It: 295 #keyframes: 4 avg. #ICP iterations: 32 avg. #corrs. 1804.25, |G|: 4 sec: 0.113
It: 296 #keyframes: 4 avg. #ICP iterations: 22.5 avg. #corrs. 1831, |G|: 4 sec: 0.068
It: 297 #keyframes: 4 avg. #ICP iterations: 23.25 avg. #corrs. 1820.75, |G|: 4 sec: 0.093
It: 298 #keyframes: 4 avg. #ICP iterations: 24 avg. #corrs. 1818.25, |G|: 4 sec: 0.086
It: 299 #keyframes: 4 avg. #ICP iterations: 24.25 avg. #corrs. 1794.75, |G|: 4 sec: 0.074
It: 300 #keyframes: 4 avg. #ICP iterations: 21.75 avg. #corrs. 1788, |G|: 4 sec: 0.056
It: 301 #keyframes: 4 avg. #ICP iterations: 26.25 avg. #corrs. 1770.25, |G|: 4 sec: 0.083
It: 302 #keyframes: 4 avg. #ICP iterations: 26.75 avg. #corrs. 1729, |G|: 4 sec: 0.098
It: 303 #keyframes: 4 avg. #ICP iterations: 25 avg. #corrs. 1739.25, |G|: 4 sec: 0.095
It: 304 #keyframes: 4 avg. #ICP iterations: 25 avg. #corrs. 1730.25, |G|: 4 sec: 0.085
It: 305 #keyframes: 4 avg. #ICP iterations: 26 avg. #corrs. 1723.25, |G|: 4 sec: 0.084
It: 306 #keyframes: 4 avg. #ICP iterations: 27.75 avg. #corrs. 1710.75, |G|: 4 sec: 0.086
It: 307 #keyframes: 4 avg. #ICP iterations: 19.25 avg. #corrs. 1709.75, |G|: 4 sec: 0.078
It: 308 #keyframes: 4 avg. #ICP iterations: 23.25 avg. #corrs. 1880, |G|: 4 sec: 0.057
It: 309 #keyframes: 4 avg. #ICP iterations: 20 avg. #corrs. 1896.25, |G|: 4 sec: 0.073
It: 310 #keyframes: 4 avg. #ICP iterations: 22.5 avg. #corrs. 1922.25, |G|: 4 sec: 0.086
It: 311 #keyframes: 4 avg. #ICP iterations: 20.5 avg. #corrs. 1924, |G|: 4 sec: 0.063
It: 312 #keyframes: 4 avg. #ICP iterations: 22.25 avg. #corrs. 1911.75, |G|: 4 sec: 0.066
It: 313 #keyframes: 4 avg. #ICP iterations: 25.25 avg. #corrs. 1938.25, |G|: 4 sec: 0.091
It: 314 #keyframes: 4 avg. #ICP iterations: 21 avg. #corrs. 1926.5, |G|: 4 sec: 0.071
It: 315 #keyframes: 4 avg. #ICP iterations: 22.5 avg. #corrs. 1952.5, |G|: 4 sec: 0.097
It: 316 #keyframes: 4 avg. #ICP iterations: 23.25 avg. #corrs. 1899.5, |G|: 4 sec: 0.091
It: 317 #keyframes: 4 avg. #ICP iterations: 20 avg. #corrs. 1859.25, |G|: 4 sec: 0.073
It: 318 #keyframes: 4 avg. #ICP iterations: 22 avg. #corrs. 1904.25, |G|: 4 sec: 0.095
It: 319 #keyframes: 4 avg. #ICP iterations: 23.25 avg. #corrs. 1902.5, |G|: 4 sec: 0.071
It: 320 #keyframes: 4 avg. #ICP iterations: 29 avg. #corrs. 1883.5, |G|: 4 sec: 0.082
It: 321 #keyframes: 4 avg. #ICP iterations: 18.25 avg. #corrs. 1910.25, |G|: 4 sec: 0.059
It: 322 #keyframes: 4 avg. #ICP iterations: 19 avg. #corrs. 1877.25, |G|: 4 sec: 0.062
It: 323 #keyframes: 4 avg. #ICP iterations: 19.5 avg. #corrs. 1989.25, |G|: 4 sec: 0.063
It: 324 #keyframes: 4 avg. #ICP iterations: 20 avg. #corrs. 1930.25, |G|: 4 sec: 0.063
It: 325 #keyframes: 4 avg. #ICP iterations: 19.75 avg. #corrs. 1914.25, |G|: 4 sec: 0.08
It: 326 #keyframes: 4 avg. #ICP iterations: 18 avg. #corrs. 1885, |G|: 4 sec: 0.072
It: 327 #keyframes: 4 avg. #ICP iterations: 22.25 avg. #corrs. 1836.5, |G|: 4 sec: 0.072
It: 328 #keyframes: 4 avg. #ICP iterations: 14.75 avg. #corrs. 1816.5, |G|: 4 sec: 0.056
It: 329 #keyframes: 4 avg. #ICP iterations: 20.25 avg. #corrs. 1809.25, |G|: 4 sec: 0.05
It: 330 #keyframes: 4 avg. #ICP iterations: 21 avg. #corrs. 1780.75, |G|: 4 sec: 0.084
It: 331 #keyframes: 4 avg. #ICP iterations: 23.25 avg. #corrs. 1786, |G|: 4 sec: 0.093
It: 332 #keyframes: 4 avg. #ICP iterations: 26.5 avg. #corrs. 1776.25, |G|: 5 sec: 0.08
It: 333 #keyframes: 5 avg. #ICP iterations: 26.6 avg. #corrs. 1779.2, |G|: 5 sec: 0.091
It: 334 #keyframes: 5 avg. #ICP iterations: 18.8 avg. #corrs. 1764, |G|: 5 sec: 0.077
It: 335 #keyframes: 5 avg. #ICP iterations: 23.8 avg. #corrs. 1775.6, |G|: 5 sec: 0.091
It: 336 #keyframes: 5 avg. #ICP iterations: 27.8 avg. #corrs. 1753.8, |G|: 5 sec: 0.104
It: 337 #keyframes: 5 avg. #ICP iterations: 16 avg. #corrs. 1741.4, |G|: 5 sec: 0.062
It: 338 #keyframes: 5 avg. #ICP iterations: 18.4 avg. #corrs. 1718.2, |G|: 5 sec: 0.054
It: 339 #keyframes: 5 avg. #ICP iterations: 24 avg. #corrs. 1715, |G|: 5 sec: 0.087
It: 340 #keyframes: 5 avg. #ICP iterations: 26.2 avg. #corrs. 1716.4, |G|: 5 sec: 0.081
It: 341 #keyframes: 5 avg. #ICP iterations: 30.2 avg. #corrs. 1632.8, |G|: 4 sec: 0.092
It: 342 #keyframes: 4 avg. #ICP iterations: 23 avg. #corrs. 1771.5, |G|: 4 sec: 0.079
It: 343 #keyframes: 4 avg. #ICP iterations: 22 avg. #corrs. 1775.5, |G|: 4 sec: 0.068
It: 344 #keyframes: 4 avg. #ICP iterations: 20 avg. #corrs. 1755.75, |G|: 4 sec: 0.058
It: 345 #keyframes: 4 avg. #ICP iterations: 18.5 avg. #corrs. 1711, |G|: 4 sec: 0.054
It: 346 #keyframes: 4 avg. #ICP iterations: 16.75 avg. #corrs. 1719.5, |G|: 4 sec: 0.06
It: 347 #keyframes: 4 avg. #ICP iterations: 17 avg. #corrs. 1727.5, |G|: 4 sec: 0.065
It: 348 #keyframes: 4 avg. #ICP iterations: 18.75 avg. #corrs. 1699, |G|: 4 sec: 0.076
It: 349 #keyframes: 4 avg. #ICP iterations: 17.75 avg. #corrs. 1680.75, |G|: 4 sec: 0.067
It: 350 #keyframes: 4 avg. #ICP iterations: 18.5 avg. #corrs. 1777, |G|: 4 sec: 0.057
It: 351 #keyframes: 4 avg. #ICP iterations: 19 avg. #corrs. 1769.25, |G|: 4 sec: 0.063
It: 352 #keyframes: 4 avg. #ICP iterations: 18 avg. #corrs. 1753.25, |G|: 4 sec: 0.057
It: 353 #keyframes: 4 avg. #ICP iterations: 17.75 avg. #corrs. 1739.75, |G|: 4 sec: 0.073
It: 354 #keyframes: 4 avg. #ICP iterations: 18 avg. #corrs. 1694.5, |G|: 4 sec: 0.073
It: 355 #keyframes: 4 avg. #ICP iterations: 15 avg. #corrs. 1700, |G|: 4 sec: 0.049
It: 356 #keyframes: 4 avg. #ICP iterations: 21.25 avg. #corrs. 1705, |G|: 4 sec: 0.082
It: 357 #keyframes: 4 avg. #ICP iterations: 16 avg. #corrs. 1879.25, |G|: 4 sec: 0.052
It: 358 #keyframes: 4 avg. #ICP iterations: 18 avg. #corrs. 1846.5, |G|: 4 sec: 0.082
It: 359 #keyframes: 4 avg. #ICP iterations: 18.75 avg. #corrs. 1830.5, |G|: 4 sec: 0.077
It: 360 #keyframes: 4 avg. #ICP iterations: 18.5 avg. #corrs. 1806.5, |G|: 4 sec: 0.055
It: 361 #keyframes: 4 avg. #ICP iterations: 18.5 avg. #corrs. 1804.5, |G|: 4 sec: 0.067
It: 362 #keyframes: 4 avg. #ICP iterations: 18.25 avg. #corrs. 1718.25, |G|: 4 sec: 0.071
It: 363 #keyframes: 4 avg. #ICP iterations: 29.75 avg. #corrs. 1748.25, |G|: 4 sec: 0.086
It: 364 #keyframes: 4 avg. #ICP iterations: 16.75 avg. #corrs. 1962, |G|: 4 sec: 0.07
It: 365 #keyframes: 4 avg. #ICP iterations: 14.25 avg. #corrs. 1898.25, |G|: 4 sec: 0.046
It: 366 #keyframes: 4 avg. #ICP iterations: 18.5 avg. #corrs. 1885.25, |G|: 4 sec: 0.049
It: 367 #keyframes: 4 avg. #ICP iterations: 20 avg. #corrs. 1867.25, |G|: 4 sec: 0.077
It: 368 #keyframes: 4 avg. #ICP iterations: 14.25 avg. #corrs. 1856.25, |G|: 4 sec: 0.069
It: 369 #keyframes: 4 avg. #ICP iterations: 16 avg. #corrs. 1808.25, |G|: 4 sec: 0.063
It: 370 #keyframes: 4 avg. #ICP iterations: 18 avg. #corrs. 1759, |G|: 4 sec: 0.08
It: 371 #keyframes: 4 avg. #ICP iterations: 27.25 avg. #corrs. 1945.75, |G|: 4 sec: 0.105
It: 372 #keyframes: 4 avg. #ICP iterations: 22.75 avg. #corrs. 1936, |G|: 4 sec: 0.085
It: 373 #keyframes: 4 avg. #ICP iterations: 20.75 avg. #corrs. 1856.5, |G|: 4 sec: 0.071
It: 374 #keyframes: 4 avg. #ICP iterations: 17 avg. #corrs. 1790, |G|: 4 sec: 0.048
It: 375 #keyframes: 4 avg. #ICP iterations: 20.25 avg. #corrs. 1797.25, |G|: 4 sec: 0.058
It: 376 #keyframes: 4 avg. #ICP iterations: 19.5 avg. #corrs. 1800.25, |G|: 4 sec: 0.073
It: 377 #keyframes: 4 avg. #ICP iterations: 17.25 avg. #corrs. 1789.5, |G|: 4 sec: 0.07
It: 378 #keyframes: 4 avg. #ICP iterations: 15.5 avg. #corrs. 1986.5, |G|: 4 sec: 0.063
It: 379 #keyframes: 4 avg. #ICP iterations: 18.75 avg. #corrs. 1988.75, |G|: 4 sec: 0.088
It: 380 #keyframes: 4 avg. #ICP iterations: 17.75 avg. #corrs. 1966.75, |G|: 4 sec: 0.083
It: 381 #keyframes: 4 avg. #ICP iterations: 25.75 avg. #corrs. 1894.5, |G|: 4 sec: 0.075
It: 382 #keyframes: 4 avg. #ICP iterations: 43.25 avg. #corrs. 1878.25, |G|: 4 sec: 0.134
It: 383 #keyframes: 4 avg. #ICP iterations: 31.5 avg. #corrs. 1870.5, |G|: 4 sec: 0.092
It: 384 #keyframes: 4 avg. #ICP iterations: 25.25 avg. #corrs. 1844.5, |G|: 4 sec: 0.087
It: 385 #keyframes: 4 avg. #ICP iterations: 14.5 avg. #corrs. 2147.75, |G|: 4 sec: 0.089
It: 386 #keyframes: 4 avg. #ICP iterations: 15.25 avg. #corrs. 2103, |G|: 4 sec: 0.066
It: 387 #keyframes: 4 avg. #ICP iterations: 21.5 avg. #corrs. 2068.5, |G|: 4 sec: 0.092
It: 388 #keyframes: 4 avg. #ICP iterations: 19.75 avg. #corrs. 2079, |G|: 4 sec: 0.075
It: 389 #keyframes: 4 avg. #ICP iterations: 14.75 avg. #corrs. 2000.75, |G|: 4 sec: 0.048
It: 390 #keyframes: 4 avg. #ICP iterations: 21.5 avg. #corrs. 1980.5, |G|: 4 sec: 0.078
It: 391 #keyframes: 4 avg. #ICP iterations: 15.25 avg. #corrs. 1942, |G|: 4 sec: 0.065
It: 392 #keyframes: 4 avg. #ICP iterations: 17.25 avg. #corrs. 2135.25, |G|: 4 sec: 0.063
It: 393 #keyframes: 4 avg. #ICP iterations: 18.75 avg. #corrs. 2147.75, |G|: 4 sec: 0.057
It: 394 #keyframes: 4 avg. #ICP iterations: 16.5 avg. #corrs. 2122.75, |G|: 4 sec: 0.07
It: 395 #keyframes: 4 avg. #ICP iterations: 20.25 avg. #corrs. 2071, |G|: 4 sec: 0.1
It: 396 #keyframes: 4 avg. #ICP iterations: 22.75 avg. #corrs. 2018.25, |G|: 4 sec: 0.078
It: 397 #keyframes: 4 avg. #ICP iterations: 20.5 avg. #corrs. 1980.5, |G|: 4 sec: 0.088
It: 398 #keyframes: 4 avg. #ICP iterations: 23.5 avg. #corrs. 1905.75, |G|: 3 sec: 0.117
It: 399 #keyframes: 3 avg. #ICP iterations: 14.3333 avg. #corrs. 2500.67, |G|: 3 sec: 0.063
It: 400 #keyframes: 3 avg. #ICP iterations: 14 avg. #corrs. 2460.67, |G|: 3 sec: 0.066
It: 401 #keyframes: 3 avg. #ICP iterations: 19.3333 avg. #corrs. 2062.33, |G|: 3 sec: 0.073
It: 402 #keyframes: 3 avg. #ICP iterations: 18 avg. #corrs. 1996.67, |G|: 3 sec: 0.084
It: 403 #keyframes: 3 avg. #ICP iterations: 19.6667 avg. #corrs. 1938.67, |G|: 3 sec: 0.076
It: 404 #keyframes: 3 avg. #ICP iterations: 30 avg. #corrs. 1915.67, |G|: 3 sec: 0.129
It: 405 #keyframes: 3 avg. #ICP iterations: 20.6667 avg. #corrs. 1853.67, |G|: 3 sec: 0.059
It: 406 #keyframes: 3 avg. #ICP iterations: 16.3333 avg. #corrs. 2374, |G|: 3 sec: 0.067
It: 407 #keyframes: 3 avg. #ICP iterations: 12 avg. #corrs. 2389, |G|: 3 sec: 0.063
It: 408 #keyframes: 3 avg. #ICP iterations: 18.6667 avg. #corrs. 1863.67, |G|: 3 sec: 0.084
It: 409 #keyframes: 3 avg. #ICP iterations: 25.3333 avg. #corrs. 1851, |G|: 3 sec: 0.085
It: 410 #keyframes: 3 avg. #ICP iterations: 23.3333 avg. #corrs. 1920.33, |G|: 3 sec: 0.095
It: 411 #keyframes: 3 avg. #ICP iterations: 22.6667 avg. #corrs. 1916.67, |G|: 3 sec: 0.078
It: 412 #keyframes: 3 avg. #ICP iterations: 22.6667 avg. #corrs. 1849, |G|: 3 sec: 0.062
It: 413 #keyframes: 3 avg. #ICP iterations: 16.3333 avg. #corrs. 2293.67, |G|: 3 sec: 0.058
It: 414 #keyframes: 3 avg. #ICP iterations: 17.6667 avg. #corrs. 2256, |G|: 3 sec: 0.064
It: 415 #keyframes: 3 avg. #ICP iterations: 22.3333 avg. #corrs. 1889, |G|: 3 sec: 0.074
It: 416 #keyframes: 3 avg. #ICP iterations: 18.3333 avg. #corrs. 1835.33, |G|: 3 sec: 0.076
It: 417 #keyframes: 3 avg. #ICP iterations: 26 avg. #corrs. 1827.67, |G|: 3 sec: 0.079
It: 418 #keyframes: 3 avg. #ICP iterations: 16 avg. #corrs. 1801, |G|: 3 sec: 0.061
It: 419 #keyframes: 3 avg. #ICP iterations: 17 avg. #corrs. 1793.33, |G|: 4 sec: 0.073
It: 420 #keyframes: 4 avg. #ICP iterations: 22.5 avg. #corrs. 1719.75, |G|: 4 sec: 0.059
It: 421 #keyframes: 4 avg. #ICP iterations: 22.5 avg. #corrs. 1710.5, |G|: 4 sec: 0.068
It: 422 #keyframes: 4 avg. #ICP iterations: 24.75 avg. #corrs. 1687, |G|: 4 sec: 0.059
It: 423 #keyframes: 4 avg. #ICP iterations: 20.5 avg. #corrs. 1705.75, |G|: 4 sec: 0.056
It: 424 #keyframes: 4 avg. #ICP iterations: 20.5 avg. #corrs. 1642.5, |G|: 4 sec: 0.064
It: 425 #keyframes: 4 avg. #ICP iterations: 27.5 avg. #corrs. 1635.75, |G|: 4 sec: 0.09
It: 426 #keyframes: 4 avg. #ICP iterations: 19 avg. #corrs. 1677.75, |G|: 4 sec: 0.075
It: 427 #keyframes: 4 avg. #ICP iterations: 22.5 avg. #corrs. 1642.25, |G|: 4 sec: 0.067
It: 428 #keyframes: 4 avg. #ICP iterations: 21.5 avg. #corrs. 1809, |G|: 4 sec: 0.075
It: 429 #keyframes: 4 avg. #ICP iterations: 20 avg. #corrs. 1766.25, |G|: 4 sec: 0.065
It: 430 #keyframes: 4 avg. #ICP iterations: 31 avg. #corrs. 1739.75, |G|: 4 sec: 0.116
It: 431 #keyframes: 4 avg. #ICP iterations: 17.75 avg. #corrs. 1748.75, |G|: 4 sec: 0.054
It: 432 #keyframes: 4 avg. #ICP iterations: 23 avg. #corrs. 1761.25, |G|: 4 sec: 0.099
It: 433 #keyframes: 4 avg. #ICP iterations: 23.25 avg. #corrs. 1769.25, |G|: 4 sec: 0.069
It: 434 #keyframes: 4 avg. #ICP iterations: 18.25 avg. #corrs. 1734.5, |G|: 4 sec: 0.079
It: 435 #keyframes: 4 avg. #ICP iterations: 16.5 avg. #corrs. 1765.25, |G|: 4 sec: 0.051
It: 436 #keyframes: 4 avg. #ICP iterations: 30 avg. #corrs. 1731.25, |G|: 4 sec: 0.095
It: 437 #keyframes: 4 avg. #ICP iterations: 14.5 avg. #corrs. 1752, |G|: 4 sec: 0.058
It: 438 #keyframes: 4 avg. #ICP iterations: 23 avg. #corrs. 1873, |G|: 4 sec: 0.081
It: 439 #keyframes: 4 avg. #ICP iterations: 20.25 avg. #corrs. 1997.5, |G|: 4 sec: 0.088
It: 440 #keyframes: 4 avg. #ICP iterations: 16.75 avg. #corrs. 1982.75, |G|: 4 sec: 0.056
It: 441 #keyframes: 4 avg. #ICP iterations: 21.25 avg. #corrs. 1977.75, |G|: 4 sec: 0.072
It: 442 #keyframes: 4 avg. #ICP iterations: 18.75 avg. #corrs. 1921.75, |G|: 4 sec: 0.069
It: 443 #keyframes: 4 avg. #ICP iterations: 25.75 avg. #corrs. 1914.25, |G|: 4 sec: 0.101
It: 444 #keyframes: 4 avg. #ICP iterations: 20.75 avg. #corrs. 1894.5, |G|: 4 sec: 0.077
It: 445 #keyframes: 4 avg. #ICP iterations: 22.75 avg. #corrs. 1888, |G|: 4 sec: 0.105
It: 446 #keyframes: 4 avg. #ICP iterations: 27.75 avg. #corrs. 1885.5, |G|: 4 sec: 0.111
It: 447 #keyframes: 4 avg. #ICP iterations: 20.25 avg. #corrs. 1810, |G|: 4 sec: 0.088
It: 448 #keyframes: 4 avg. #ICP iterations: 26.75 avg. #corrs. 1814.25, |G|: 4 sec: 0.092
It: 449 #keyframes: 4 avg. #ICP iterations: 20.75 avg. #corrs. 1782, |G|: 4 sec: 0.074
It: 450 #keyframes: 4 avg. #ICP iterations: 14 avg. #corrs. 1903.5, |G|: 4 sec: 0.063
It: 451 #keyframes: 4 avg. #ICP iterations: 26.25 avg. #corrs. 2012, |G|: 4 sec: 0.083
It: 452 #keyframes: 4 avg. #ICP iterations: 19.5 avg. #corrs. 2067.5, |G|: 4 sec: 0.071
It: 453 #keyframes: 4 avg. #ICP iterations: 22 avg. #corrs. 2102.25, |G|: 4 sec: 0.097
It: 454 #keyframes: 4 avg. #ICP iterations: 18.25 avg. #corrs. 2092.75, |G|: 4 sec: 0.085
It: 455 #keyframes: 4 avg. #ICP iterations: 20.25 avg. #corrs. 2089.25, |G|: 4 sec: 0.079
It: 456 #keyframes: 4 avg. #ICP iterations: 36.75 avg. #corrs. 2072.75, |G|: 4 sec: 0.125
It: 457 #keyframes: 4 avg. #ICP iterations: 27.75 avg. #corrs. 2079.75, |G|: 4 sec: 0.088
It: 458 #keyframes: 4 avg. #ICP iterations: 24 avg. #corrs. 2095.5, |G|: 4 sec: 0.092
It: 459 #keyframes: 4 avg. #ICP iterations: 20 avg. #corrs. 2034, |G|: 4 sec: 0.074
It: 460 #keyframes: 4 avg. #ICP iterations: 24 avg. #corrs. 1971, |G|: 4 sec: 0.088
It: 461 #keyframes: 4 avg. #ICP iterations: 27 avg. #corrs. 1929.5, |G|: 4 sec: 0.096
It: 462 #keyframes: 4 avg. #ICP iterations: 24.75 avg. #corrs. 1960.25, |G|: 4 sec: 0.084
It: 463 #keyframes: 4 avg. #ICP iterations: 16.5 avg. #corrs. 2200.75, |G|: 4 sec: 0.065
It: 464 #keyframes: 4 avg. #ICP iterations: 22.25 avg. #corrs. 2260.25, |G|: 4 sec: 0.072
It: 465 #keyframes: 4 avg. #ICP iterations: 21.25 avg. #corrs. 2332.25, |G|: 4 sec: 0.075
It: 466 #keyframes: 4 avg. #ICP iterations: 23.75 avg. #corrs. 2294, |G|: 4 sec: 0.09
It: 467 #keyframes: 4 avg. #ICP iterations: 27.25 avg. #corrs. 2220.25, |G|: 4 sec: 0.111
It: 468 #keyframes: 4 avg. #ICP iterations: 23.25 avg. #corrs. 2204.75, |G|: 4 sec: 0.116
It: 469 #keyframes: 4 avg. #ICP iterations: 23.25 avg. #corrs. 2235.75, |G|: 4 sec: 0.088
It: 470 #keyframes: 4 avg. #ICP iterations: 20 avg. #corrs. 2235, |G|: 4 sec: 0.084
It: 471 #keyframes: 4 avg. #ICP iterations: 20 avg. #corrs. 2218.25, |G|: 4 sec: 0.078
It: 472 #keyframes: 4 avg. #ICP iterations: 21.75 avg. #corrs. 2168.5, |G|: 4 sec: 0.081
It: 473 #keyframes: 4 avg. #ICP iterations: 20 avg. #corrs. 2191.5, |G|: 4 sec: 0.084
It: 474 #keyframes: 4 avg. #ICP iterations: 26 avg. #corrs. 2168.25, |G|: 4 sec: 0.106
It: 475 #keyframes: 4 avg. #ICP iterations: 20 avg. #corrs. 2382.25, |G|: 4 sec: 0.085
It: 476 #keyframes: 4 avg. #ICP iterations: 18.25 avg. #corrs. 2450.25, |G|: 4 sec: 0.097
It: 477 #keyframes: 4 avg. #ICP iterations: 18 avg. #corrs. 2384.25, |G|: 4 sec: 0.085
It: 478 #keyframes: 4 avg. #ICP iterations: 14.25 avg. #corrs. 2351.75, |G|: 4 sec: 0.06
It: 479 #keyframes: 4 avg. #ICP iterations: 17.25 avg. #corrs. 2313.5, |G|: 4 sec: 0.074
It: 480 #keyframes: 4 avg. #ICP iterations: 22.5 avg. #corrs. 2319.5, |G|: 4 sec: 0.093
It: 481 #keyframes: 4 avg. #ICP iterations: 20.75 avg. #corrs. 2277.25, |G|: 4 sec: 0.095
It: 482 #keyframes: 4 avg. #ICP iterations: 23 avg. #corrs. 2193, |G|: 4 sec: 0.108
It: 483 #keyframes: 4 avg. #ICP iterations: 19 avg. #corrs. 2199, |G|: 4 sec: 0.08
It: 484 #keyframes: 4 avg. #ICP iterations: 24 avg. #corrs. 2131, |G|: 4 sec: 0.075
It: 485 #keyframes: 4 avg. #ICP iterations: 22.5 avg. #corrs. 2297.5, |G|: 4 sec: 0.102
It: 486 #keyframes: 4 avg. #ICP iterations: 16.75 avg. #corrs. 2297.75, |G|: 4 sec: 0.08
It: 487 #keyframes: 4 avg. #ICP iterations: 23.5 avg. #corrs. 2240, |G|: 4 sec: 0.094
It: 488 #keyframes: 4 avg. #ICP iterations: 17 avg. #corrs. 2214, |G|: 4 sec: 0.072
It: 489 #keyframes: 4 avg. #ICP iterations: 20 avg. #corrs. 2130, |G|: 4 sec: 0.09
It: 490 #keyframes: 4 avg. #ICP iterations: 21 avg. #corrs. 2131.75, |G|: 4 sec: 0.084
It: 491 #keyframes: 4 avg. #ICP iterations: 21.25 avg. #corrs. 2104, |G|: 4 sec: 0.083
It: 492 #keyframes: 4 avg. #ICP iterations: 21.75 avg. #corrs. 2036, |G|: 4 sec: 0.084
It: 493 #keyframes: 4 avg. #ICP iterations: 21.5 avg. #corrs. 2072.5, |G|: 4 sec: 0.093
It: 494 #keyframes: 4 avg. #ICP iterations: 20 avg. #corrs. 2089, |G|: 4 sec: 0.099
It: 495 #keyframes: 4 avg. #ICP iterations: 22 avg. #corrs. 2069, |G|: 4 sec: 0.096
It: 496 #keyframes: 4 avg. #ICP iterations: 20.5 avg. #corrs. 1963.5, |G|: 4 sec: 0.081
It: 497 #keyframes: 4 avg. #ICP iterations: 26.25 avg. #corrs. 1931, |G|: 4 sec: 0.099
It: 498 #keyframes: 4 avg. #ICP iterations: 15.5 avg. #corrs. 1910.25, |G|: 4 sec: 0.065
It: 499 #keyframes: 4 avg. #ICP iterations: 19.75 avg. #corrs. 1795.5, |G|: 4 sec: 0.079
It: 500 #keyframes: 4 avg. #ICP iterations: 21.25 avg. #corrs. 1733.25, |G|: 4 sec: 0.06
It: 501 #keyframes: 4 avg. #ICP iterations: 21.25 avg. #corrs. 1864.25, |G|: 4 sec: 0.058
It: 502 #keyframes: 4 avg. #ICP iterations: 22 avg. #corrs. 1954.25, |G|: 4 sec: 0.074
It: 503 #keyframes: 4 avg. #ICP iterations: 19.75 avg. #corrs. 1903, |G|: 4 sec: 0.057
It: 504 #keyframes: 4 avg. #ICP iterations: 16.75 avg. #corrs. 1933.25, |G|: 4 sec: 0.066
It: 505 #keyframes: 4 avg. #ICP iterations: 24.5 avg. #corrs. 1885.5, |G|: 4 sec: 0.077
It: 506 #keyframes: 4 avg. #ICP iterations: 20.5 avg. #corrs. 1786.25, |G|: 4 sec: 0.075
It: 507 #keyframes: 4 avg. #ICP iterations: 26.5 avg. #corrs. 1757.25, |G|: 4 sec: 0.087
It: 508 #keyframes: 4 avg. #ICP iterations: 20.25 avg. #corrs. 1835, |G|: 4 sec: 0.069
It: 509 #keyframes: 4 avg. #ICP iterations: 16 avg. #corrs. 1803.75, |G|: 4 sec: 0.052
It: 510 #keyframes: 4 avg. #ICP iterations: 20 avg. #corrs. 1818.75, |G|: 4 sec: 0.063
It: 511 #keyframes: 4 avg. #ICP iterations: 20.75 avg. #corrs. 1765.25, |G|: 4 sec: 0.063
It: 512 #keyframes: 4 avg. #ICP iterations: 25.25 avg. #corrs. 1669.75, |G|: 4 sec: 0.084
It: 513 #keyframes: 4 avg. #ICP iterations: 26 avg. #corrs. 1596.75, |G|: 4 sec: 0.085
It: 514 #keyframes: 4 avg. #ICP iterations: 23.75 avg. #corrs. 1521.75, |G|: 3 sec: 0.072
It: 515 #keyframes: 3 avg. #ICP iterations: 12 avg. #corrs. 1955.67, |G|: 3 sec: 0.054
It: 516 #keyframes: 3 avg. #ICP iterations: 13.3333 avg. #corrs. 1904.67, |G|: 3 sec: 0.04
It: 517 #keyframes: 3 avg. #ICP iterations: 19 avg. #corrs. 1647.33, |G|: 3 sec: 0.054
It: 518 #keyframes: 3 avg. #ICP iterations: 20.6667 avg. #corrs. 1627, |G|: 3 sec: 0.076
It: 519 #keyframes: 3 avg. #ICP iterations: 24.6667 avg. #corrs. 1568, |G|: 3 sec: 0.064
It: 520 #keyframes: 3 avg. #ICP iterations: 19 avg. #corrs. 1541, |G|: 3 sec: 0.062
It: 521 #keyframes: 3 avg. #ICP iterations: 19.3333 avg. #corrs. 1525.67, |G|: 3 sec: 0.076
It: 522 #keyframes: 3 avg. #ICP iterations: 20 avg. #corrs. 1828.33, |G|: 3 sec: 0.097
It: 523 #keyframes: 3 avg. #ICP iterations: 18.3333 avg. #corrs. 1772.67, |G|: 3 sec: 0.043
It: 524 #keyframes: 3 avg. #ICP iterations: 20 avg. #corrs. 1565.33, |G|: 3 sec: 0.05
It: 525 #keyframes: 3 avg. #ICP iterations: 15 avg. #corrs. 1574.67, |G|: 3 sec: 0.04
It: 526 #keyframes: 3 avg. #ICP iterations: 19.6667 avg. #corrs. 1537, |G|: 3 sec: 0.062
It: 527 #keyframes: 3 avg. #ICP iterations: 19 avg. #corrs. 1555, |G|: 3 sec: 0.041
It: 528 #keyframes: 3 avg. #ICP iterations: 18.3333 avg. #corrs. 1515.33, |G|: 3 sec: 0.038
It: 529 #keyframes: 3 avg. #ICP iterations: 12 avg. #corrs. 1769, |G|: 3 sec: 0.041
It: 530 #keyframes: 3 avg. #ICP iterations: 14.3333 avg. #corrs. 1799.33, |G|: 3 sec: 0.051
It: 531 #keyframes: 3 avg. #ICP iterations: 20 avg. #corrs. 1614.33, |G|: 3 sec: 0.072
It: 532 #keyframes: 3 avg. #ICP iterations: 20.3333 avg. #corrs. 1648.67, |G|: 3 sec: 0.064
It: 533 #keyframes: 3 avg. #ICP iterations: 25.3333 avg. #corrs. 1615.67, |G|: 3 sec: 0.092
It: 534 #keyframes: 3 avg. #ICP iterations: 21.3333 avg. #corrs. 1633.67, |G|: 3 sec: 0.078
It: 535 #keyframes: 3 avg. #ICP iterations: 15 avg. #corrs. 1551, |G|: 3 sec: 0.05
It: 536 #keyframes: 3 avg. #ICP iterations: 14.6667 avg. #corrs. 1930.33, |G|: 3 sec: 0.04
It: 537 #keyframes: 3 avg. #ICP iterations: 13 avg. #corrs. 1944.67, |G|: 3 sec: 0.044
It: 538 #keyframes: 3 avg. #ICP iterations: 15 avg. #corrs. 1692, |G|: 3 sec: 0.063
It: 539 #keyframes: 3 avg. #ICP iterations: 22.3333 avg. #corrs. 1607.33, |G|: 3 sec: 0.051
It: 540 #keyframes: 3 avg. #ICP iterations: 19.3333 avg. #corrs. 1631, |G|: 3 sec: 0.052
It: 541 #keyframes: 3 avg. #ICP iterations: 23 avg. #corrs. 1627.67, |G|: 3 sec: 0.056
It: 542 #keyframes: 3 avg. #ICP iterations: 24.3333 avg. #corrs. 1663.67, |G|: 3 sec: 0.08
It: 543 #keyframes: 3 avg. #ICP iterations: 14.6667 avg. #corrs. 1967.67, |G|: 3 sec: 0.066
It: 544 #keyframes: 3 avg. #ICP iterations: 13.3333 avg. #corrs. 1923.67, |G|: 3 sec: 0.044
It: 545 #keyframes: 3 avg. #ICP iterations: 19.6667 avg. #corrs. 1698, |G|: 3 sec: 0.052
It: 546 #keyframes: 3 avg. #ICP iterations: 17.6667 avg. #corrs. 1683, |G|: 3 sec: 0.053
It: 547 #keyframes: 3 avg. #ICP iterations: 18 avg. #corrs. 1704, |G|: 3 sec: 0.04
It: 548 #keyframes: 3 avg. #ICP iterations: 22.3333 avg. #corrs. 1686, |G|: 3 sec: 0.057
It: 549 #keyframes: 3 avg. #ICP iterations: 24 avg. #corrs. 1702.33, |G|: 4 sec: 0.078
It: 550 #keyframes: 4 avg. #ICP iterations: 21 avg. #corrs. 1708.5, |G|: 4 sec: 0.075
It: 551 #keyframes: 4 avg. #ICP iterations: 18.75 avg. #corrs. 1701.75, |G|: 4 sec: 0.052
It: 552 #keyframes: 4 avg. #ICP iterations: 19 avg. #corrs. 1647, |G|: 4 sec: 0.062
It: 553 #keyframes: 4 avg. #ICP iterations: 22 avg. #corrs. 1628, |G|: 4 sec: 0.063
It: 554 #keyframes: 4 avg. #ICP iterations: 21.25 avg. #corrs. 1620.75, |G|: 4 sec: 0.078
It: 555 #keyframes: 4 avg. #ICP iterations: 21.5 avg. #corrs. 1649, |G|: 4 sec: 0.06
It: 556 #keyframes: 4 avg. #ICP iterations: 28.75 avg. #corrs. 1646.5, |G|: 4 sec: 0.098
It: 557 #keyframes: 4 avg. #ICP iterations: 19.75 avg. #corrs. 1809.75, |G|: 4 sec: 0.067
It: 558 #keyframes: 4 avg. #ICP iterations: 19 avg. #corrs. 1806, |G|: 4 sec: 0.082
It: 559 #keyframes: 4 avg. #ICP iterations: 15.5 avg. #corrs. 1807.25, |G|: 4 sec: 0.056
It: 560 #keyframes: 4 avg. #ICP iterations: 20.5 avg. #corrs. 1796.25, |G|: 4 sec: 0.084
It: 561 #keyframes: 4 avg. #ICP iterations: 20.75 avg. #corrs. 1755.5, |G|: 4 sec: 0.077
It: 562 #keyframes: 4 avg. #ICP iterations: 18 avg. #corrs. 1712.5, |G|: 4 sec: 0.081
It: 563 #keyframes: 4 avg. #ICP iterations: 17.5 avg. #corrs. 1687.5, |G|: 4 sec: 0.077
It: 564 #keyframes: 4 avg. #ICP iterations: 17.75 avg. #corrs. 1824, |G|: 4 sec: 0.077
It: 565 #keyframes: 4 avg. #ICP iterations: 16.5 avg. #corrs. 1802.25, |G|: 4 sec: 0.056
It: 566 #keyframes: 4 avg. #ICP iterations: 21.25 avg. #corrs. 1798, |G|: 4 sec: 0.069
It: 567 #keyframes: 4 avg. #ICP iterations: 19.25 avg. #corrs. 1769.5, |G|: 4 sec: 0.071
It: 568 #keyframes: 4 avg. #ICP iterations: 17.5 avg. #corrs. 1701, |G|: 4 sec: 0.062
It: 569 #keyframes: 4 avg. #ICP iterations: 15.75 avg. #corrs. 1613.75, |G|: 4 sec: 0.068
It: 570 #keyframes: 4 avg. #ICP iterations: 16.75 avg. #corrs. 1604.25, |G|: 4 sec: 0.056
It: 571 #keyframes: 4 avg. #ICP iterations: 21 avg. #corrs. 1724.25, |G|: 4 sec: 0.074
It: 572 #keyframes: 4 avg. #ICP iterations: 17 avg. #corrs. 1754.5, |G|: 4 sec: 0.063
It: 573 #keyframes: 4 avg. #ICP iterations: 19.25 avg. #corrs. 1712.25, |G|: 4 sec: 0.049
It: 574 #keyframes: 4 avg. #ICP iterations: 20 avg. #corrs. 1686.75, |G|: 4 sec: 0.068
It: 575 #keyframes: 4 avg. #ICP iterations: 24.5 avg. #corrs. 1681.75, |G|: 4 sec: 0.085
It: 576 #keyframes: 4 avg. #ICP iterations: 20 avg. #corrs. 1657.75, |G|: 4 sec: 0.068
It: 577 #keyframes: 4 avg. #ICP iterations: 20.75 avg. #corrs. 1587.5, |G|: 4 sec: 0.081
It: 578 #keyframes: 4 avg. #ICP iterations: 18 avg. #corrs. 1706.75, |G|: 4 sec: 0.076
It: 579 #keyframes: 4 avg. #ICP iterations: 20 avg. #corrs. 1712.25, |G|: 4 sec: 0.058
It: 580 #keyframes: 4 avg. #ICP iterations: 22.75 avg. #corrs. 1642.75, |G|: 4 sec: 0.082
It: 581 #keyframes: 4 avg. #ICP iterations: 18.25 avg. #corrs. 1639.75, |G|: 4 sec: 0.064
It: 582 #keyframes: 4 avg. #ICP iterations: 16.75 avg. #corrs. 1586.75, |G|: 4 sec: 0.042
It: 583 #keyframes: 4 avg. #ICP iterations: 22.75 avg. #corrs. 1640.25, |G|: 4 sec: 0.056
It: 584 #keyframes: 4 avg. #ICP iterations: 17.75 avg. #corrs. 1643.75, |G|: 4 sec: 0.063
It: 585 #keyframes: 4 avg. #ICP iterations: 21 avg. #corrs. 1819.5, |G|: 4 sec: 0.084
It: 586 #keyframes: 4 avg. #ICP iterations: 22.75 avg. #corrs. 1812.5, |G|: 4 sec: 0.077
It: 587 #keyframes: 4 avg. #ICP iterations: 17.5 avg. #corrs. 1740.75, |G|: 4 sec: 0.065
It: 588 #keyframes: 4 avg. #ICP iterations: 14.5 avg. #corrs. 1762.25, |G|: 4 sec: 0.038
It: 589 #keyframes: 4 avg. #ICP iterations: 18 avg. #corrs. 1697, |G|: 4 sec: 0.051
It: 590 #keyframes: 4 avg. #ICP iterations: 18.25 avg. #corrs. 1682.5, |G|: 4 sec: 0.065
It: 591 #keyframes: 4 avg. #ICP iterations: 20.5 avg. #corrs. 1642.25, |G|: 4 sec: 0.068
It: 592 #keyframes: 4 avg. #ICP iterations: 13.25 avg. #corrs. 1740.25, |G|: 4 sec: 0.046
It: 593 #keyframes: 4 avg. #ICP iterations: 18.75 avg. #corrs. 1668, |G|: 4 sec: 0.049
It: 594 #keyframes: 4 avg. #ICP iterations: 18.75 avg. #corrs. 1642.25, |G|: 4 sec: 0.057
It: 595 #keyframes: 4 avg. #ICP iterations: 18.25 avg. #corrs. 1644.25, |G|: 4 sec: 0.069
It: 596 #keyframes: 4 avg. #ICP iterations: 19.75 avg. #corrs. 1675.75, |G|: 4 sec: 0.077
It: 597 #keyframes: 4 avg. #ICP iterations: 18.25 avg. #corrs. 1592.5, |G|: 4 sec: 0.051
It: 598 #keyframes: 4 avg. #ICP iterations: 14.75 avg. #corrs. 1594, |G|: 4 sec: 0.045
It: 599 #keyframes: 4 avg. #ICP iterations: 19 avg. #corrs. 1761, |G|: 4 sec: 0.056
It: 600 #keyframes: 4 avg. #ICP iterations: 22 avg. #corrs. 1786.75, |G|: 4 sec: 0.079
It: 601 #keyframes: 4 avg. #ICP iterations: 17.25 avg. #corrs. 1776.5, |G|: 4 sec: 0.056
It: 602 #keyframes: 4 avg. #ICP iterations: 20.5 avg. #corrs. 1711.5, |G|: 4 sec: 0.106
It: 603 #keyframes: 4 avg. #ICP iterations: 17.25 avg. #corrs. 1692, |G|: 4 sec: 0.062
It: 604 #keyframes: 4 avg. #ICP iterations: 18.25 avg. #corrs. 1694.75, |G|: 4 sec: 0.084
It: 605 #keyframes: 4 avg. #ICP iterations: 20.75 avg. #corrs. 1683, |G|: 4 sec: 0.078
It: 606 #keyframes: 4 avg. #ICP iterations: 20.75 avg. #corrs. 1754.5, |G|: 4 sec: 0.06
It: 607 #keyframes: 4 avg. #ICP iterations: 16.75 avg. #corrs. 1751, |G|: 4 sec: 0.083
It: 608 #keyframes: 4 avg. #ICP iterations: 17.5 avg. #corrs. 1707.75, |G|: 4 sec: 0.071
It: 609 #keyframes: 4 avg. #ICP iterations: 14.5 avg. #corrs. 1693.5, |G|: 4 sec: 0.062
It: 610 #keyframes: 4 avg. #ICP iterations: 19.25 avg. #corrs. 1662.25, |G|: 4 sec: 0.063
It: 611 #keyframes: 4 avg. #ICP iterations: 30.5 avg. #corrs. 1615.25, |G|: 4 sec: 0.083
It: 612 #keyframes: 4 avg. #ICP iterations: 19 avg. #corrs. 1554.5, |G|: 4 sec: 0.057
It: 613 #keyframes: 4 avg. #ICP iterations: 21 avg. #corrs. 1620.5, |G|: 4 sec: 0.065
It: 614 #keyframes: 4 avg. #ICP iterations: 19 avg. #corrs. 1652, |G|: 4 sec: 0.06
It: 615 #keyframes: 4 avg. #ICP iterations: 18.25 avg. #corrs. 1630.25, |G|: 4 sec: 0.059
It: 616 #keyframes: 4 avg. #ICP iterations: 16.75 avg. #corrs. 1640.75, |G|: 4 sec: 0.069
It: 617 #keyframes: 4 avg. #ICP iterations: 19.25 avg. #corrs. 1573, |G|: 4 sec: 0.062
It: 618 #keyframes: 4 avg. #ICP iterations: 21.25 avg. #corrs. 1561, |G|: 4 sec: 0.059
It: 619 #keyframes: 4 avg. #ICP iterations: 25.25 avg. #corrs. 1553, |G|: 4 sec: 0.068
It: 620 #keyframes: 4 avg. #ICP iterations: 17.75 avg. #corrs. 1706, |G|: 4 sec: 0.089
It: 621 #keyframes: 4 avg. #ICP iterations: 17.5 avg. #corrs. 1763, |G|: 4 sec: 0.067
It: 622 #keyframes: 4 avg. #ICP iterations: 22.75 avg. #corrs. 1764, |G|: 4 sec: 0.072
It: 623 #keyframes: 4 avg. #ICP iterations: 20 avg. #corrs. 1740.75, |G|: 4 sec: 0.066
It: 624 #keyframes: 4 avg. #ICP iterations: 25.75 avg. #corrs. 1718.5, |G|: 4 sec: 0.076
It: 625 #keyframes: 4 avg. #ICP iterations: 22.5 avg. #corrs. 1663, |G|: 4 sec: 0.076
It: 626 #keyframes: 4 avg. #ICP iterations: 21.25 avg. #corrs. 1623.5, |G|: 4 sec: 0.098
It: 627 #keyframes: 4 avg. #ICP iterations: 17.25 avg. #corrs. 1810.5, |G|: 4 sec: 0.059
It: 628 #keyframes: 4 avg. #ICP iterations: 21.25 avg. #corrs. 1823.75, |G|: 4 sec: 0.087
It: 629 #keyframes: 4 avg. #ICP iterations: 21 avg. #corrs. 1790.75, |G|: 4 sec: 0.072
It: 630 #keyframes: 4 avg. #ICP iterations: 18.5 avg. #corrs. 1749, |G|: 4 sec: 0.072
It: 631 #keyframes: 4 avg. #ICP iterations: 19 avg. #corrs. 1719.25, |G|: 4 sec: 0.077
It: 632 #keyframes: 4 avg. #ICP iterations: 17.25 avg. #corrs. 1710, |G|: 4 sec: 0.075
It: 633 #keyframes: 4 avg. #ICP iterations: 19.5 avg. #corrs. 1678, |G|: 4 sec: 0.075
It: 634 #keyframes: 4 avg. #ICP iterations: 17.5 avg. #corrs. 1837.25, |G|: 4 sec: 0.063
It: 635 #keyframes: 4 avg. #ICP iterations: 16.5 avg. #corrs. 1799.75, |G|: 4 sec: 0.054
It: 636 #keyframes: 4 avg. #ICP iterations: 18.5 avg. #corrs. 1755.75, |G|: 4 sec: 0.043
It: 637 #keyframes: 4 avg. #ICP iterations: 16.75 avg. #corrs. 1723.75, |G|: 4 sec: 0.058
It: 638 #keyframes: 4 avg. #ICP iterations: 12.75 avg. #corrs. 1716.75, |G|: 4 sec: 0.053
It: 639 #keyframes: 4 avg. #ICP iterations: 18.25 avg. #corrs. 1686.5, |G|: 4 sec: 0.064
It: 640 #keyframes: 4 avg. #ICP iterations: 22.5 avg. #corrs. 1631, |G|: 4 sec: 0.064
It: 641 #keyframes: 4 avg. #ICP iterations: 19.75 avg. #corrs. 1664.75, |G|: 4 sec: 0.078
It: 642 #keyframes: 4 avg. #ICP iterations: 16.5 avg. #corrs. 1697.5, |G|: 4 sec: 0.071
It: 643 #keyframes: 4 avg. #ICP iterations: 24.5 avg. #corrs. 1720.25, |G|: 4 sec: 0.109
It: 644 #keyframes: 4 avg. #ICP iterations: 17.75 avg. #corrs. 1690, |G|: 4 sec: 0.055
It: 645 #keyframes: 4 avg. #ICP iterations: 16.75 avg. #corrs. 1683, |G|: 4 sec: 0.059
It: 646 #keyframes: 4 avg. #ICP iterations: 19.5 avg. #corrs. 1692.25, |G|: 4 sec: 0.067
It: 647 #keyframes: 4 avg. #ICP iterations: 20.5 avg. #corrs. 1638.5, |G|: 4 sec: 0.057
It: 648 #keyframes: 4 avg. #ICP iterations: 23 avg. #corrs. 1799.5, |G|: 4 sec: 0.066
It: 649 #keyframes: 4 avg. #ICP iterations: 20.25 avg. #corrs. 1794.75, |G|: 4 sec: 0.067
It: 650 #keyframes: 4 avg. #ICP iterations: 27.75 avg. #corrs. 1775.25, |G|: 4 sec: 0.088
It: 651 #keyframes: 4 avg. #ICP iterations: 17 avg. #corrs. 1704, |G|: 4 sec: 0.061
It: 652 #keyframes: 4 avg. #ICP iterations: 19.25 avg. #corrs. 1692.25, |G|: 4 sec: 0.076
It: 653 #keyframes: 4 avg. #ICP iterations: 23.5 avg. #corrs. 1652.5, |G|: 4 sec: 0.072
It: 654 #keyframes: 4 avg. #ICP iterations: 17.5 avg. #corrs. 1635, |G|: 4 sec: 0.066
It: 655 #keyframes: 4 avg. #ICP iterations: 19.75 avg. #corrs. 1562, |G|: 4 sec: 0.064
It: 656 #keyframes: 4 avg. #ICP iterations: 11.75 avg. #corrs. 1690.25, |G|: 4 sec: 0.057
It: 657 #keyframes: 4 avg. #ICP iterations: 23.25 avg. #corrs. 1637, |G|: 4 sec: 0.075
It: 658 #keyframes: 4 avg. #ICP iterations: 22.5 avg. #corrs. 1590.75, |G|: 4 sec: 0.083
It: 659 #keyframes: 4 avg. #ICP iterations: 20.5 avg. #corrs. 1588, |G|: 4 sec: 0.078
It: 660 #keyframes: 4 avg. #ICP iterations: 17.25 avg. #corrs. 1580.25, |G|: 4 sec: 0.062
It: 661 #keyframes: 4 avg. #ICP iterations: 32.25 avg. #corrs. 1590, |G|: 4 sec: 0.113
It: 662 #keyframes: 4 avg. #ICP iterations: 15.25 avg. #corrs. 1565, |G|: 4 sec: 0.051
It: 663 #keyframes: 4 avg. #ICP iterations: 29.75 avg. #corrs. 1516.25, |G|: 4 sec: 0.101
It: 664 #keyframes: 4 avg. #ICP iterations: 16 avg. #corrs. 1597.75, |G|: 4 sec: 0.046
It: 665 #keyframes: 4 avg. #ICP iterations: 15.5 avg. #corrs. 1658.5, |G|: 4 sec: 0.049
It: 666 #keyframes: 4 avg. #ICP iterations: 29 avg. #corrs. 1620.5, |G|: 4 sec: 0.066
It: 667 #keyframes: 4 avg. #ICP iterations: 16.75 avg. #corrs. 1627, |G|: 4 sec: 0.044
It: 668 #keyframes: 4 avg. #ICP iterations: 16.5 avg. #corrs. 1640.5, |G|: 4 sec: 0.052
It: 669 #keyframes: 4 avg. #ICP iterations: 25.25 avg. #corrs. 1636.5, |G|: 4 sec: 0.08
It: 670 #keyframes: 4 avg. #ICP iterations: 17.75 avg. #corrs. 1625.25, |G|: 4 sec: 0.047
It: 671 #keyframes: 4 avg. #ICP iterations: 23.75 avg. #corrs. 1621.5, |G|: 4 sec: 0.087
It: 672 #keyframes: 4 avg. #ICP iterations: 21 avg. #corrs. 1571.5, |G|: 4 sec: 0.063
It: 673 #keyframes: 4 avg. #ICP iterations: 18.5 avg. #corrs. 1723, |G|: 4 sec: 0.045
It: 674 #keyframes: 4 avg. #ICP iterations: 24.25 avg. #corrs. 1787.25, |G|: 4 sec: 0.082
It: 675 #keyframes: 4 avg. #ICP iterations: 25.75 avg. #corrs. 1808.25, |G|: 4 sec: 0.078
It: 676 #keyframes: 4 avg. #ICP iterations: 20.5 avg. #corrs. 1800.25, |G|: 4 sec: 0.078
It: 677 #keyframes: 4 avg. #ICP iterations: 23 avg. #corrs. 1769, |G|: 4 sec: 0.065
It: 678 #keyframes: 4 avg. #ICP iterations: 22.5 avg. #corrs. 1773.75, |G|: 4 sec: 0.066
It: 679 #keyframes: 4 avg. #ICP iterations: 16.75 avg. #corrs. 1715.5, |G|: 4 sec: 0.06
It: 680 #keyframes: 4 avg. #ICP iterations: 20 avg. #corrs. 1719, |G|: 4 sec: 0.058
It: 681 #keyframes: 4 avg. #ICP iterations: 26.75 avg. #corrs. 1731.25, |G|: 4 sec: 0.076
It: 682 #keyframes: 4 avg. #ICP iterations: 33.5 avg. #corrs. 1724.75, |G|: 4 sec: 0.107
It: 683 #keyframes: 4 avg. #ICP iterations: 21 avg. #corrs. 1719.25, |G|: 4 sec: 0.07
It: 684 #keyframes: 4 avg. #ICP iterations: 28 avg. #corrs. 1700, |G|: 4 sec: 0.089
It: 685 #keyframes: 4 avg. #ICP iterations: 24 avg. #corrs. 1720.75, |G|: 4 sec: 0.07
It: 686 #keyframes: 4 avg. #ICP iterations: 24 avg. #corrs. 1946.5, |G|: 4 sec: 0.08
It: 687 #keyframes: 4 avg. #ICP iterations: 25.25 avg. #corrs. 2000.5, |G|: 4 sec: 0.068
It: 688 #keyframes: 4 avg. #ICP iterations: 19.75 avg. #corrs. 1969.75, |G|: 4 sec: 0.067
It: 689 #keyframes: 4 avg. #ICP iterations: 21.5 avg. #corrs. 1955, |G|: 4 sec: 0.078
It: 690 #keyframes: 4 avg. #ICP iterations: 20.25 avg. #corrs. 1947.25, |G|: 4 sec: 0.056
It: 691 #keyframes: 4 avg. #ICP iterations: 19 avg. #corrs. 1947.25, |G|: 4 sec: 0.066
It: 692 #keyframes: 4 avg. #ICP iterations: 21.25 avg. #corrs. 1887.75, |G|: 4 sec: 0.057
It: 693 #keyframes: 4 avg. #ICP iterations: 20.5 avg. #corrs. 1919.75, |G|: 4 sec: 0.065
It: 694 #keyframes: 4 avg. #ICP iterations: 23.25 avg. #corrs. 1906, |G|: 4 sec: 0.082
It: 695 #keyframes: 4 avg. #ICP iterations: 20 avg. #corrs. 1906, |G|: 4 sec: 0.062
It: 696 #keyframes: 4 avg. #ICP iterations: 18.5 avg. #corrs. 1906.75, |G|: 4 sec: 0.08
It: 697 #keyframes: 4 avg. #ICP iterations: 18.25 avg. #corrs. 1910.75, |G|: 4 sec: 0.068
It: 698 #keyframes: 4 avg. #ICP iterations: 21.5 avg. #corrs. 1907.5, |G|: 4 sec: 0.088
It: 699 #keyframes: 4 avg. #ICP iterations: 18.25 avg. #corrs. 1924, |G|: 4 sec: 0.064
It: 700 #keyframes: 4 avg. #ICP iterations: 20.5 avg. #corrs. 1891.5, |G|: 4 sec: 0.062
It: 701 #keyframes: 4 avg. #ICP iterations: 22.75 avg. #corrs. 1906, |G|: 4 sec: 0.074
It: 702 #keyframes: 4 avg. #ICP iterations: 25.75 avg. #corrs. 1893.5, |G|: 4 sec: 0.089
It: 703 #keyframes: 4 avg. #ICP iterations: 21.25 avg. #corrs. 1849.5, |G|: 4 sec: 0.071
It: 704 #keyframes: 4 avg. #ICP iterations: 25 avg. #corrs. 1815.75, |G|: 4 sec: 0.096
It: 705 #keyframes: 4 avg. #ICP iterations: 23.75 avg. #corrs. 1828.25, |G|: 4 sec: 0.082
It: 706 #keyframes: 4 avg. #ICP iterations: 22.25 avg. #corrs. 1990.25, |G|: 4 sec: 0.065
It: 707 #keyframes: 4 avg. #ICP iterations: 24.25 avg. #corrs. 2032.5, |G|: 4 sec: 0.084
It: 708 #keyframes: 4 avg. #ICP iterations: 18.5 avg. #corrs. 2038.25, |G|: 4 sec: 0.07
It: 709 #keyframes: 4 avg. #ICP iterations: 22.5 avg. #corrs. 2041.25, |G|: 4 sec: 0.064
It: 710 #keyframes: 4 avg. #ICP iterations: 23.75 avg. #corrs. 2067.75, |G|: 4 sec: 0.086
It: 711 #keyframes: 4 avg. #ICP iterations: 22.25 avg. #corrs. 2057.75, |G|: 4 sec: 0.076
It: 712 #keyframes: 4 avg. #ICP iterations: 24 avg. #corrs. 2071.75, |G|: 4 sec: 0.097
It: 713 #keyframes: 4 avg. #ICP iterations: 23 avg. #corrs. 2073.5, |G|: 4 sec: 0.083
It: 714 #keyframes: 4 avg. #ICP iterations: 22.75 avg. #corrs. 2058.5, |G|: 4 sec: 0.088
It: 715 #keyframes: 4 avg. #ICP iterations: 21 avg. #corrs. 2039.25, |G|: 4 sec: 0.073
It: 716 #keyframes: 4 avg. #ICP iterations: 21.75 avg. #corrs. 2034, |G|: 4 sec: 0.071
It: 717 #keyframes: 4 avg. #ICP iterations: 27.75 avg. #corrs. 2049.25, |G|: 4 sec: 0.094
It: 718 #keyframes: 4 avg. #ICP iterations: 22.25 avg. #corrs. 2028.5, |G|: 4 sec: 0.082
It: 719 #keyframes: 4 avg. #ICP iterations: 18.25 avg. #corrs. 2017.25, |G|: 4 sec: 0.07
It: 720 #keyframes: 4 avg. #ICP iterations: 31.25 avg. #corrs. 1976.5, |G|: 4 sec: 0.117
It: 721 #keyframes: 4 avg. #ICP iterations: 29.75 avg. #corrs. 1982.25, |G|: 4 sec: 0.109
It: 722 #keyframes: 4 avg. #ICP iterations: 27 avg. #corrs. 2145.75, |G|: 4 sec: 0.099
It: 723 #keyframes: 4 avg. #ICP iterations: 25.5 avg. #corrs. 2155, |G|: 4 sec: 0.089
It: 724 #keyframes: 4 avg. #ICP iterations: 23.75 avg. #corrs. 2090.5, |G|: 4 sec: 0.106
It: 725 #keyframes: 4 avg. #ICP iterations: 24.75 avg. #corrs. 2050.5, |G|: 4 sec: 0.106
It: 726 #keyframes: 4 avg. #ICP iterations: 17.75 avg. #corrs. 2037, |G|: 4 sec: 0.069
It: 727 #keyframes: 4 avg. #ICP iterations: 24.5 avg. #corrs. 1994, |G|: 4 sec: 0.108
It: 728 #keyframes: 4 avg. #ICP iterations: 26.25 avg. #corrs. 1999.75, |G|: 4 sec: 0.076
It: 729 #keyframes: 4 avg. #ICP iterations: 24 avg. #corrs. 1939.5, |G|: 4 sec: 0.091
It: 730 #keyframes: 4 avg. #ICP iterations: 26 avg. #corrs. 1920.5, |G|: 4 sec: 0.097
It: 731 #keyframes: 4 avg. #ICP iterations: 30.75 avg. #corrs. 1905, |G|: 4 sec: 0.094
It: 732 #keyframes: 4 avg. #ICP iterations: 22.25 avg. #corrs. 1869, |G|: 5 sec: 0.069
It: 733 #keyframes: 5 avg. #ICP iterations: 21.4 avg. #corrs. 1860.8, |G|: 5 sec: 0.06
It: 734 #keyframes: 5 avg. #ICP iterations: 13.2 avg. #corrs. 1850.2, |G|: 5 sec: 0.059
It: 735 #keyframes: 5 avg. #ICP iterations: 14.8 avg. #corrs. 1794.4, |G|: 5 sec: 0.056
It: 736 #keyframes: 5 avg. #ICP iterations: 18 avg. #corrs. 1778.2, |G|: 5 sec: 0.074
It: 737 #keyframes: 5 avg. #ICP iterations: 18 avg. #corrs. 1775.4, |G|: 5 sec: 0.083
It: 738 #keyframes: 5 avg. #ICP iterations: 18 avg. #corrs. 1758, |G|: 5 sec: 0.063
It: 739 #keyframes: 5 avg. #ICP iterations: 18.6 avg. #corrs. 1726.2, |G|: 5 sec: 0.059
It: 740 #keyframes: 5 avg. #ICP iterations: 18.6 avg. #corrs. 1715.6, |G|: 5 sec: 0.077
It: 741 #keyframes: 5 avg. #ICP iterations: 24.2 avg. #corrs. 1689.8, |G|: 4 sec: 0.082
It: 742 #keyframes: 4 avg. #ICP iterations: 14.5 avg. #corrs. 1698.75, |G|: 4 sec: 0.057
It: 743 #keyframes: 4 avg. #ICP iterations: 17.5 avg. #corrs. 1723.75, |G|: 4 sec: 0.057
It: 744 #keyframes: 4 avg. #ICP iterations: 16 avg. #corrs. 1732.75, |G|: 4 sec: 0.054
It: 745 #keyframes: 4 avg. #ICP iterations: 28.25 avg. #corrs. 1714, |G|: 4 sec: 0.076
It: 746 #keyframes: 4 avg. #ICP iterations: 15.25 avg. #corrs. 1681, |G|: 4 sec: 0.046
It: 747 #keyframes: 4 avg. #ICP iterations: 18 avg. #corrs. 1707.5, |G|: 4 sec: 0.066
It: 748 #keyframes: 4 avg. #ICP iterations: 16 avg. #corrs. 1695, |G|: 4 sec: 0.068
It: 749 #keyframes: 4 avg. #ICP iterations: 17.5 avg. #corrs. 1663, |G|: 4 sec: 0.068
It: 750 #keyframes: 4 avg. #ICP iterations: 16.75 avg. #corrs. 1665.75, |G|: 4 sec: 0.063
It: 751 #keyframes: 4 avg. #ICP iterations: 14.5 avg. #corrs. 1657, |G|: 4 sec: 0.042
It: 752 #keyframes: 4 avg. #ICP iterations: 17.25 avg. #corrs. 1644.75, |G|: 4 sec: 0.044
It: 753 #keyframes: 4 avg. #ICP iterations: 19 avg. #corrs. 1699.25, |G|: 4 sec: 0.069
It: 754 #keyframes: 4 avg. #ICP iterations: 18.75 avg. #corrs. 1700, |G|: 4 sec: 0.067
It: 755 #keyframes: 4 avg. #ICP iterations: 18.25 avg. #corrs. 1695.5, |G|: 4 sec: 0.075
It: 756 #keyframes: 4 avg. #ICP iterations: 18.25 avg. #corrs. 1676.5, |G|: 4 sec: 0.056
It: 757 #keyframes: 4 avg. #ICP iterations: 14 avg. #corrs. 1783.75, |G|: 4 sec: 0.059
It: 758 #keyframes: 4 avg. #ICP iterations: 19.75 avg. #corrs. 1808.5, |G|: 4 sec: 0.055
It: 759 #keyframes: 4 avg. #ICP iterations: 19 avg. #corrs. 1783.5, |G|: 4 sec: 0.055
It: 760 #keyframes: 4 avg. #ICP iterations: 15.5 avg. #corrs. 1755.75, |G|: 4 sec: 0.07
It: 761 #keyframes: 4 avg. #ICP iterations: 19.75 avg. #corrs. 1705, |G|: 4 sec: 0.072
It: 762 #keyframes: 4 avg. #ICP iterations: 16.5 avg. #corrs. 1681.5, |G|: 4 sec: 0.055
It: 763 #keyframes: 4 avg. #ICP iterations: 18.25 avg. #corrs. 1665, |G|: 4 sec: 0.086
It: 764 #keyframes: 4 avg. #ICP iterations: 18.5 avg. #corrs. 1761.25, |G|: 4 sec: 0.08
It: 765 #keyframes: 4 avg. #ICP iterations: 19.75 avg. #corrs. 1776.25, |G|: 4 sec: 0.062
It: 766 #keyframes: 4 avg. #ICP iterations: 25.5 avg. #corrs. 1730.5, |G|: 4 sec: 0.09
It: 767 #keyframes: 4 avg. #ICP iterations: 21.5 avg. #corrs. 1685.25, |G|: 4 sec: 0.081
It: 768 #keyframes: 4 avg. #ICP iterations: 16.25 avg. #corrs. 1574.25, |G|: 4 sec: 0.059
It: 769 #keyframes: 4 avg. #ICP iterations: 26.25 avg. #corrs. 1542.5, |G|: 4 sec: 0.092
It: 770 #keyframes: 4 avg. #ICP iterations: 27.25 avg. #corrs. 1512.25, |G|: 4 sec: 0.066
It: 771 #keyframes: 4 avg. #ICP iterations: 15 avg. #corrs. 1644.25, |G|: 4 sec: 0.045
It: 772 #keyframes: 4 avg. #ICP iterations: 21.25 avg. #corrs. 1632.25, |G|: 4 sec: 0.056
It: 773 #keyframes: 4 avg. #ICP iterations: 16.25 avg. #corrs. 1635, |G|: 4 sec: 0.062
It: 774 #keyframes: 4 avg. #ICP iterations: 16 avg. #corrs. 1633.25, |G|: 4 sec: 0.07
It: 775 #keyframes: 4 avg. #ICP iterations: 15.75 avg. #corrs. 1580.75, |G|: 4 sec: 0.067
It: 776 #keyframes: 4 avg. #ICP iterations: 19 avg. #corrs. 1563.25, |G|: 4 sec: 0.051
It: 777 #keyframes: 4 avg. #ICP iterations: 16.5 avg. #corrs. 1717, |G|: 4 sec: 0.071
It: 778 #keyframes: 4 avg. #ICP iterations: 15.75 avg. #corrs. 1713.75, |G|: 4 sec: 0.057
It: 779 #keyframes: 4 avg. #ICP iterations: 16.25 avg. #corrs. 1693.75, |G|: 4 sec: 0.04
It: 780 #keyframes: 4 avg. #ICP iterations: 18.5 avg. #corrs. 1693.25, |G|: 4 sec: 0.044
It: 781 #keyframes: 4 avg. #ICP iterations: 19.75 avg. #corrs. 1662, |G|: 4 sec: 0.045
It: 782 #keyframes: 4 avg. #ICP iterations: 25 avg. #corrs. 1628.5, |G|: 4 sec: 0.065
It: 783 #keyframes: 4 avg. #ICP iterations: 17 avg. #corrs. 1735, |G|: 4 sec: 0.058
It: 784 #keyframes: 4 avg. #ICP iterations: 21.5 avg. #corrs. 1731.25, |G|: 4 sec: 0.077
It: 785 #keyframes: 4 avg. #ICP iterations: 19.75 avg. #corrs. 1706.25, |G|: 4 sec: 0.08
It: 786 #keyframes: 4 avg. #ICP iterations: 19 avg. #corrs. 1687.5, |G|: 4 sec: 0.074
It: 787 #keyframes: 4 avg. #ICP iterations: 16.5 avg. #corrs. 1641.25, |G|: 4 sec: 0.047
It: 788 #keyframes: 4 avg. #ICP iterations: 21.5 avg. #corrs. 1629, |G|: 4 sec: 0.073
It: 789 #keyframes: 4 avg. #ICP iterations: 18.75 avg. #corrs. 1602.5, |G|: 4 sec: 0.063
It: 790 #keyframes: 4 avg. #ICP iterations: 20 avg. #corrs. 1759.25, |G|: 4 sec: 0.063
It: 791 #keyframes: 4 avg. #ICP iterations: 15.5 avg. #corrs. 1780.5, |G|: 4 sec: 0.049
It: 792 #keyframes: 4 avg. #ICP iterations: 18 avg. #corrs. 1788.75, |G|: 4 sec: 0.056
It: 793 #keyframes: 4 avg. #ICP iterations: 18.5 avg. #corrs. 1749.5, |G|: 4 sec: 0.048
It: 794 #keyframes: 4 avg. #ICP iterations: 17 avg. #corrs. 1706.5, |G|: 4 sec: 0.052
It: 795 #keyframes: 4 avg. #ICP iterations: 16 avg. #corrs. 1677.25, |G|: 4 sec: 0.079
It: 796 #keyframes: 4 avg. #ICP iterations: 21.75 avg. #corrs. 1648, |G|: 4 sec: 0.08
It: 797 #keyframes: 4 avg. #ICP iterations: 18.25 avg. #corrs. 1871.25, |G|: 4 sec: 0.052
It: 798 #keyframes: 4 avg. #ICP iterations: 20 avg. #corrs. 1863, |G|: 4 sec: 0.064
It: 799 #keyframes: 4 avg. #ICP iterations: 15.25 avg. #corrs. 1824.25, |G|: 4 sec: 0.049
It: 800 #keyframes: 4 avg. #ICP iterations: 18.5 avg. #corrs. 1755.75, |G|: 4 sec: 0.056
It: 801 #keyframes: 4 avg. #ICP iterations: 20 avg. #corrs. 1779.25, |G|: 4 sec: 0.069
It: 802 #keyframes: 4 avg. #ICP iterations: 17.75 avg. #corrs. 1724, |G|: 4 sec: 0.061
It: 803 #keyframes: 4 avg. #ICP iterations: 24.25 avg. #corrs. 1692, |G|: 3 sec: 0.107
It: 804 #keyframes: 3 avg. #ICP iterations: 17.6667 avg. #corrs. 2156.33, |G|: 3 sec: 0.071
It: 805 #keyframes: 3 avg. #ICP iterations: 17.6667 avg. #corrs. 2125, |G|: 3 sec: 0.055
It: 806 #keyframes: 3 avg. #ICP iterations: 18.3333 avg. #corrs. 1868.67, |G|: 3 sec: 0.067
It: 807 #keyframes: 3 avg. #ICP iterations: 19 avg. #corrs. 1856.33, |G|: 3 sec: 0.056
It: 808 #keyframes: 3 avg. #ICP iterations: 15 avg. #corrs. 1872.67, |G|: 3 sec: 0.057
It: 809 #keyframes: 3 avg. #ICP iterations: 22 avg. #corrs. 1787.67, |G|: 3 sec: 0.054
It: 810 #keyframes: 3 avg. #ICP iterations: 21.3333 avg. #corrs. 1759.33, |G|: 3 sec: 0.089
It: 811 #keyframes: 3 avg. #ICP iterations: 23.3333 avg. #corrs. 2080.67, |G|: 3 sec: 0.068
It: 812 #keyframes: 3 avg. #ICP iterations: 15 avg. #corrs. 2090, |G|: 3 sec: 0.041
It: 813 #keyframes: 3 avg. #ICP iterations: 15.3333 avg. #corrs. 1798, |G|: 3 sec: 0.037
It: 814 #keyframes: 3 avg. #ICP iterations: 20.3333 avg. #corrs. 1829, |G|: 3 sec: 0.055
It: 815 #keyframes: 3 avg. #ICP iterations: 14.6667 avg. #corrs. 1767.33, |G|: 3 sec: 0.042
It: 816 #keyframes: 3 avg. #ICP iterations: 19.3333 avg. #corrs. 1795.67, |G|: 3 sec: 0.051
It: 817 #keyframes: 3 avg. #ICP iterations: 15.3333 avg. #corrs. 1826.33, |G|: 3 sec: 0.067
It: 818 #keyframes: 3 avg. #ICP iterations: 14.6667 avg. #corrs. 2153.67, |G|: 3 sec: 0.041
It: 819 #keyframes: 3 avg. #ICP iterations: 15 avg. #corrs. 2169, |G|: 3 sec: 0.056
It: 820 #keyframes: 3 avg. #ICP iterations: 15.3333 avg. #corrs. 1972.33, |G|: 3 sec: 0.066
It: 821 #keyframes: 3 avg. #ICP iterations: 19 avg. #corrs. 1964.33, |G|: 3 sec: 0.068
It: 822 #keyframes: 3 avg. #ICP iterations: 19.6667 avg. #corrs. 1855.33, |G|: 3 sec: 0.053
It: 823 #keyframes: 3 avg. #ICP iterations: 16.3333 avg. #corrs. 1864.33, |G|: 3 sec: 0.076
It: 824 #keyframes: 3 avg. #ICP iterations: 21.6667 avg. #corrs. 1854.33, |G|: 4 sec: 0.07
It: 825 #keyframes: 4 avg. #ICP iterations: 15.75 avg. #corrs. 1881.5, |G|: 4 sec: 0.071
It: 826 #keyframes: 4 avg. #ICP iterations: 18.5 avg. #corrs. 1874.5, |G|: 4 sec: 0.067
It: 827 #keyframes: 4 avg. #ICP iterations: 15.5 avg. #corrs. 1850.5, |G|: 4 sec: 0.056
It: 828 #keyframes: 4 avg. #ICP iterations: 20.75 avg. #corrs. 1749.75, |G|: 4 sec: 0.058
It: 829 #keyframes: 4 avg. #ICP iterations: 20 avg. #corrs. 1789.75, |G|: 4 sec: 0.06
It: 830 #keyframes: 4 avg. #ICP iterations: 18.5 avg. #corrs. 1770.5, |G|: 4 sec: 0.05
It: 831 #keyframes: 4 avg. #ICP iterations: 18.25 avg. #corrs. 1744.25, |G|: 4 sec: 0.048
It: 832 #keyframes: 4 avg. #ICP iterations: 21.75 avg. #corrs. 1822, |G|: 4 sec: 0.088
It: 833 #keyframes: 4 avg. #ICP iterations: 22.75 avg. #corrs. 1845, |G|: 4 sec: 0.08
It: 834 #keyframes: 4 avg. #ICP iterations: 16 avg. #corrs. 1849.75, |G|: 4 sec: 0.058
It: 835 #keyframes: 4 avg. #ICP iterations: 15.75 avg. #corrs. 1785, |G|: 4 sec: 0.048
It: 836 #keyframes: 4 avg. #ICP iterations: 14.5 avg. #corrs. 1783, |G|: 4 sec: 0.061
It: 837 #keyframes: 4 avg. #ICP iterations: 22 avg. #corrs. 1775, |G|: 4 sec: 0.08
It: 838 #keyframes: 4 avg. #ICP iterations: 18 avg. #corrs. 1705, |G|: 4 sec: 0.093
It: 839 #keyframes: 4 avg. #ICP iterations: 18.75 avg. #corrs. 1727.75, |G|: 4 sec: 0.069
It: 840 #keyframes: 4 avg. #ICP iterations: 17.75 avg. #corrs. 1728.25, |G|: 4 sec: 0.06
It: 841 #keyframes: 4 avg. #ICP iterations: 17.75 avg. #corrs. 1715.25, |G|: 4 sec: 0.055
It: 842 #keyframes: 4 avg. #ICP iterations: 17.75 avg. #corrs. 1677.75, |G|: 4 sec: 0.057
It: 843 #keyframes: 4 avg. #ICP iterations: 23 avg. #corrs. 1609.5, |G|: 4 sec: 0.071
It: 844 #keyframes: 4 avg. #ICP iterations: 26.5 avg. #corrs. 1617.25, |G|: 4 sec: 0.072
It: 845 #keyframes: 4 avg. #ICP iterations: 21 avg. #corrs. 1580.5, |G|: 4 sec: 0.077
It: 846 #keyframes: 4 avg. #ICP iterations: 14 avg. #corrs. 1632.5, |G|: 4 sec: 0.065
It: 847 #keyframes: 4 avg. #ICP iterations: 24.25 avg. #corrs. 1676.25, |G|: 4 sec: 0.084
It: 848 #keyframes: 4 avg. #ICP iterations: 22.5 avg. #corrs. 1667.75, |G|: 4 sec: 0.068
It: 849 #keyframes: 4 avg. #ICP iterations: 17.25 avg. #corrs. 1645.25, |G|: 4 sec: 0.057
It: 850 #keyframes: 4 avg. #ICP iterations: 17.25 avg. #corrs. 1586.5, |G|: 4 sec: 0.046
It: 851 #keyframes: 4 avg. #ICP iterations: 23 avg. #corrs. 1601.5, |G|: 4 sec: 0.058
It: 852 #keyframes: 4 avg. #ICP iterations: 16.75 avg. #corrs. 1543, |G|: 4 sec: 0.062
It: 853 #keyframes: 4 avg. #ICP iterations: 19.5 avg. #corrs. 1553, |G|: 4 sec: 0.079
It: 854 #keyframes: 4 avg. #ICP iterations: 17.5 avg. #corrs. 1556.25, |G|: 4 sec: 0.048
It: 855 #keyframes: 4 avg. #ICP iterations: 18 avg. #corrs. 1544, |G|: 4 sec: 0.064
It: 856 #keyframes: 4 avg. #ICP iterations: 20.25 avg. #corrs. 1529.75, |G|: 4 sec: 0.053
It: 857 #keyframes: 4 avg. #ICP iterations: 20.5 avg. #corrs. 1516.75, |G|: 4 sec: 0.052
It: 858 #keyframes: 4 avg. #ICP iterations: 19.5 avg. #corrs. 1488.5, |G|: 4 sec: 0.051
It: 859 #keyframes: 4 avg. #ICP iterations: 26.25 avg. #corrs. 1481.5, |G|: 4 sec: 0.078
It: 860 #keyframes: 4 avg. #ICP iterations: 17.25 avg. #corrs. 1607.25, |G|: 4 sec: 0.052
It: 861 #keyframes: 4 avg. #ICP iterations: 15.5 avg. #corrs. 1568, |G|: 4 sec: 0.064
It: 862 #keyframes: 4 avg. #ICP iterations: 19 avg. #corrs. 1561, |G|: 4 sec: 0.077
It: 863 #keyframes: 4 avg. #ICP iterations: 17 avg. #corrs. 1595.25, |G|: 4 sec: 0.065
It: 864 #keyframes: 4 avg. #ICP iterations: 21.25 avg. #corrs. 1595, |G|: 4 sec: 0.089
It: 865 #keyframes: 4 avg. #ICP iterations: 19.5 avg. #corrs. 1549.75, |G|: 4 sec: 0.051
It: 866 #keyframes: 4 avg. #ICP iterations: 14.5 avg. #corrs. 1546, |G|: 4 sec: 0.042
It: 867 #keyframes: 4 avg. #ICP iterations: 13.25 avg. #corrs. 1696.25, |G|: 4 sec: 0.038
It: 868 #keyframes: 4 avg. #ICP iterations: 19 avg. #corrs. 1691.75, |G|: 4 sec: 0.048
It: 869 #keyframes: 4 avg. #ICP iterations: 15.75 avg. #corrs. 1661.75, |G|: 4 sec: 0.042
It: 870 #keyframes: 4 avg. #ICP iterations: 19.5 avg. #corrs. 1686.25, |G|: 4 sec: 0.056
It: 871 #keyframes: 4 avg. #ICP iterations: 20.25 avg. #corrs. 1646.75, |G|: 4 sec: 0.052
It: 872 #keyframes: 4 avg. #ICP iterations: 22.5 avg. #corrs. 1598.5, |G|: 4 sec: 0.062
It: 873 #keyframes: 4 avg. #ICP iterations: 28.5 avg. #corrs. 1573.75, |G|: 4 sec: 0.073
It: 874 #keyframes: 4 avg. #ICP iterations: 22.25 avg. #corrs. 1672, |G|: 4 sec: 0.08
It: 875 #keyframes: 4 avg. #ICP iterations: 22.5 avg. #corrs. 1652, |G|: 4 sec: 0.088
It: 876 #keyframes: 4 avg. #ICP iterations: 17.25 avg. #corrs. 1659.25, |G|: 4 sec: 0.05
It: 877 #keyframes: 4 avg. #ICP iterations: 17.5 avg. #corrs. 1600.75, |G|: 4 sec: 0.068
It: 878 #keyframes: 4 avg. #ICP iterations: 14.75 avg. #corrs. 1601.5, |G|: 4 sec: 0.047
It: 879 #keyframes: 4 avg. #ICP iterations: 20.5 avg. #corrs. 1557.75, |G|: 4 sec: 0.079
It: 880 #keyframes: 4 avg. #ICP iterations: 20.5 avg. #corrs. 1494.75, |G|: 4 sec: 0.077
It: 881 #keyframes: 4 avg. #ICP iterations: 18 avg. #corrs. 1493, |G|: 4 sec: 0.047
It: 882 #keyframes: 4 avg. #ICP iterations: 16.25 avg. #corrs. 1567.5, |G|: 4 sec: 0.06
It: 883 #keyframes: 4 avg. #ICP iterations: 16.75 avg. #corrs. 1585.75, |G|: 4 sec: 0.047
It: 884 #keyframes: 4 avg. #ICP iterations: 17 avg. #corrs. 1561.25, |G|: 4 sec: 0.074
It: 885 #keyframes: 4 avg. #ICP iterations: 17.75 avg. #corrs. 1527, |G|: 4 sec: 0.058
It: 886 #keyframes: 4 avg. #ICP iterations: 21.75 avg. #corrs. 1539.75, |G|: 4 sec: 0.054
It: 887 #keyframes: 4 avg. #ICP iterations: 17.5 avg. #corrs. 1545, |G|: 4 sec: 0.053
It: 888 #keyframes: 4 avg. #ICP iterations: 22.5 avg. #corrs. 1536.5, |G|: 4 sec: 0.058
It: 889 #keyframes: 4 avg. #ICP iterations: 21.75 avg. #corrs. 1531.25, |G|: 4 sec: 0.072
It: 890 #keyframes: 4 avg. #ICP iterations: 14 avg. #corrs. 1683, |G|: 4 sec: 0.065
It: 891 #keyframes: 4 avg. #ICP iterations: 17 avg. #corrs. 1663.25, |G|: 4 sec: 0.058
It: 892 #keyframes: 4 avg. #ICP iterations: 20.5 avg. #corrs. 1614.25, |G|: 4 sec: 0.053
It: 893 #keyframes: 4 avg. #ICP iterations: 20.25 avg. #corrs. 1648, |G|: 4 sec: 0.076
It: 894 #keyframes: 4 avg. #ICP iterations: 22.25 avg. #corrs. 1600.25, |G|: 4 sec: 0.056
It: 895 #keyframes: 4 avg. #ICP iterations: 19.25 avg. #corrs. 1561, |G|: 4 sec: 0.063
It: 896 #keyframes: 4 avg. #ICP iterations: 27.75 avg. #corrs. 1573, |G|: 4 sec: 0.091
It: 897 #keyframes: 4 avg. #ICP iterations: 23.75 avg. #corrs. 1548.75, |G|: 4 sec: 0.067
It: 898 #keyframes: 4 avg. #ICP iterations: 17.5 avg. #corrs. 1787.5, |G|: 4 sec: 0.067
It: 899 #keyframes: 4 avg. #ICP iterations: 14.75 avg. #corrs. 1779, |G|: 4 sec: 0.062
It: 900 #keyframes: 4 avg. #ICP iterations: 17 avg. #corrs. 1739.75, |G|: 4 sec: 0.072
It: 901 #keyframes: 4 avg. #ICP iterations: 21 avg. #corrs. 1767, |G|: 4 sec: 0.074
It: 902 #keyframes: 4 avg. #ICP iterations: 17.5 avg. #corrs. 1741.75, |G|: 4 sec: 0.056
It: 903 #keyframes: 4 avg. #ICP iterations: 14.5 avg. #corrs. 1696, |G|: 4 sec: 0.044
It: 904 #keyframes: 4 avg. #ICP iterations: 18.25 avg. #corrs. 1677.25, |G|: 4 sec: 0.072
It: 905 #keyframes: 4 avg. #ICP iterations: 20.5 avg. #corrs. 1684.25, |G|: 4 sec: 0.057
It: 906 #keyframes: 4 avg. #ICP iterations: 17.75 avg. #corrs. 1633.25, |G|: 4 sec: 0.061
It: 907 #keyframes: 4 avg. #ICP iterations: 13.75 avg. #corrs. 1830.25, |G|: 4 sec: 0.061
It: 908 #keyframes: 4 avg. #ICP iterations: 16 avg. #corrs. 1821.75, |G|: 4 sec: 0.048
It: 909 #keyframes: 4 avg. #ICP iterations: 19.5 avg. #corrs. 1781.5, |G|: 4 sec: 0.075
It: 910 #keyframes: 4 avg. #ICP iterations: 16.25 avg. #corrs. 1793, |G|: 4 sec: 0.059
It: 911 #keyframes: 4 avg. #ICP iterations: 26.75 avg. #corrs. 1794.75, |G|: 4 sec: 0.098
It: 912 #keyframes: 4 avg. #ICP iterations: 17 avg. #corrs. 1746, |G|: 4 sec: 0.059
It: 913 #keyframes: 4 avg. #ICP iterations: 24.5 avg. #corrs. 1773.5, |G|: 4 sec: 0.117
It: 914 #keyframes: 4 avg. #ICP iterations: 28.5 avg. #corrs. 1816.5, |G|: 4 sec: 0.097
It: 915 #keyframes: 4 avg. #ICP iterations: 20.5 avg. #corrs. 1810, |G|: 4 sec: 0.066
It: 916 #keyframes: 4 avg. #ICP iterations: 20.25 avg. #corrs. 2057.25, |G|: 4 sec: 0.067
It: 917 #keyframes: 4 avg. #ICP iterations: 21.25 avg. #corrs. 1997.5, |G|: 4 sec: 0.074
It: 918 #keyframes: 4 avg. #ICP iterations: 16.5 avg. #corrs. 2039, |G|: 4 sec: 0.058
It: 919 #keyframes: 4 avg. #ICP iterations: 19.5 avg. #corrs. 1974.5, |G|: 4 sec: 0.077
It: 920 #keyframes: 4 avg. #ICP iterations: 21 avg. #corrs. 1973.5, |G|: 4 sec: 0.075
It: 921 #keyframes: 4 avg. #ICP iterations: 28.5 avg. #corrs. 1938.25, |G|: 4 sec: 0.09
It: 922 #keyframes: 4 avg. #ICP iterations: 24 avg. #corrs. 1952, |G|: 4 sec: 0.091
It: 923 #keyframes: 4 avg. #ICP iterations: 22.5 avg. #corrs. 1944.25, |G|: 4 sec: 0.079
It: 924 #keyframes: 4 avg. #ICP iterations: 20.25 avg. #corrs. 1927, |G|: 4 sec: 0.078
It: 925 #keyframes: 4 avg. #ICP iterations: 19.5 avg. #corrs. 2186.25, |G|: 4 sec: 0.086
It: 926 #keyframes: 4 avg. #ICP iterations: 19.5 avg. #corrs. 2144.5, |G|: 4 sec: 0.072
It: 927 #keyframes: 4 avg. #ICP iterations: 16.25 avg. #corrs. 2189.5, |G|: 4 sec: 0.066
It: 928 #keyframes: 4 avg. #ICP iterations: 26.5 avg. #corrs. 2135, |G|: 4 sec: 0.08
It: 929 #keyframes: 4 avg. #ICP iterations: 26.75 avg. #corrs. 2121.25, |G|: 4 sec: 0.08
It: 930 #keyframes: 4 avg. #ICP iterations: 26.25 avg. #corrs. 2109.75, |G|: 4 sec: 0.085
It: 931 #keyframes: 4 avg. #ICP iterations: 23.75 avg. #corrs. 2112.75, |G|: 4 sec: 0.093
It: 932 #keyframes: 4 avg. #ICP iterations: 21.5 avg. #corrs. 2087, |G|: 4 sec: 0.082
It: 933 #keyframes: 4 avg. #ICP iterations: 20.5 avg. #corrs. 2303.25, |G|: 4 sec: 0.087
It: 934 #keyframes: 4 avg. #ICP iterations: 20.5 avg. #corrs. 2268.25, |G|: 4 sec: 0.07
It: 935 #keyframes: 4 avg. #ICP iterations: 20 avg. #corrs. 2240.25, |G|: 4 sec: 0.092
It: 936 #keyframes: 4 avg. #ICP iterations: 19.75 avg. #corrs. 2153.75, |G|: 4 sec: 0.075
It: 937 #keyframes: 4 avg. #ICP iterations: 19.5 avg. #corrs. 2132, |G|: 4 sec: 0.077
It: 938 #keyframes: 4 avg. #ICP iterations: 24 avg. #corrs. 2106, |G|: 4 sec: 0.099
It: 939 #keyframes: 4 avg. #ICP iterations: 27.25 avg. #corrs. 2043.25, |G|: 4 sec: 0.088
It: 940 #keyframes: 4 avg. #ICP iterations: 21.25 avg. #corrs. 2027.25, |G|: 4 sec: 0.082
It: 941 #keyframes: 4 avg. #ICP iterations: 17.25 avg. #corrs. 2312.25, |G|: 4 sec: 0.08
It: 942 #keyframes: 4 avg. #ICP iterations: 17.75 avg. #corrs. 2300.75, |G|: 4 sec: 0.089
It: 943 #keyframes: 4 avg. #ICP iterations: 20.5 avg. #corrs. 2226.5, |G|: 4 sec: 0.082
It: 944 #keyframes: 4 avg. #ICP iterations: 23 avg. #corrs. 2113, |G|: 4 sec: 0.083
It: 945 #keyframes: 4 avg. #ICP iterations: 18.25 avg. #corrs. 2098.75, |G|: 4 sec: 0.072
It: 946 #keyframes: 4 avg. #ICP iterations: 19.75 avg. #corrs. 2058.25, |G|: 4 sec: 0.07
It: 947 #keyframes: 4 avg. #ICP iterations: 24.75 avg. #corrs. 2034.75, |G|: 4 sec: 0.093
It: 948 #keyframes: 4 avg. #ICP iterations: 20.75 avg. #corrs. 2183.25, |G|: 4 sec: 0.072
It: 949 #keyframes: 4 avg. #ICP iterations: 15.75 avg. #corrs. 2106.75, |G|: 4 sec: 0.062
It: 950 #keyframes: 4 avg. #ICP iterations: 15.25 avg. #corrs. 2087.5, |G|: 4 sec: 0.052
It: 951 #keyframes: 4 avg. #ICP iterations: 16 avg. #corrs. 2032.75, |G|: 4 sec: 0.056
It: 952 #keyframes: 4 avg. #ICP iterations: 17.75 avg. #corrs. 1939, |G|: 4 sec: 0.064
It: 953 #keyframes: 4 avg. #ICP iterations: 19.25 avg. #corrs. 1953.5, |G|: 4 sec: 0.076
It: 954 #keyframes: 4 avg. #ICP iterations: 23.5 avg. #corrs. 1918.5, |G|: 4 sec: 0.097
It: 955 #keyframes: 4 avg. #ICP iterations: 24.5 avg. #corrs. 1950.75, |G|: 4 sec: 0.087
It: 956 #keyframes: 4 avg. #ICP iterations: 22.75 avg. #corrs. 1908.75, |G|: 4 sec: 0.092
It: 957 #keyframes: 4 avg. #ICP iterations: 21 avg. #corrs. 1925.5, |G|: 4 sec: 0.08
It: 958 #keyframes: 4 avg. #ICP iterations: 19 avg. #corrs. 1939, |G|: 4 sec: 0.063
It: 959 #keyframes: 4 avg. #ICP iterations: 17 avg. #corrs. 1899.25, |G|: 4 sec: 0.053
It: 960 #keyframes: 4 avg. #ICP iterations: 16 avg. #corrs. 1855.25, |G|: 4 sec: 0.053
It: 961 #keyframes: 4 avg. #ICP iterations: 16.5 avg. #corrs. 1800.5, |G|: 4 sec: 0.046
It: 962 #keyframes: 4 avg. #ICP iterations: 18.25 avg. #corrs. 1865.75, |G|: 4 sec: 0.055
It: 963 #keyframes: 4 avg. #ICP iterations: 21.5 avg. #corrs. 1832.75, |G|: 4 sec: 0.063
It: 964 #keyframes: 4 avg. #ICP iterations: 28.75 avg. #corrs. 1832.25, |G|: 4 sec: 0.102
It: 965 #keyframes: 4 avg. #ICP iterations: 29 avg. #corrs. 1747.25, |G|: 4 sec: 0.101
It: 966 #keyframes: 4 avg. #ICP iterations: 23 avg. #corrs. 1701.75, |G|: 4 sec: 0.067
It: 967 #keyframes: 4 avg. #ICP iterations: 22.5 avg. #corrs. 1701, |G|: 4 sec: 0.081
It: 968 #keyframes: 4 avg. #ICP iterations: 19.25 avg. #corrs. 1691.25, |G|: 4 sec: 0.064
It: 969 #keyframes: 4 avg. #ICP iterations: 23.5 avg. #corrs. 1839.25, |G|: 4 sec: 0.089
It: 970 #keyframes: 4 avg. #ICP iterations: 14.5 avg. #corrs. 1838.5, |G|: 4 sec: 0.072
It: 971 #keyframes: 4 avg. #ICP iterations: 17.5 avg. #corrs. 1830.75, |G|: 4 sec: 0.072
It: 972 #keyframes: 4 avg. #ICP iterations: 17.5 avg. #corrs. 1778.5, |G|: 4 sec: 0.053
It: 973 #keyframes: 4 avg. #ICP iterations: 15 avg. #corrs. 1760.25, |G|: 4 sec: 0.053
It: 974 #keyframes: 4 avg. #ICP iterations: 19.5 avg. #corrs. 1762.25, |G|: 4 sec: 0.07
It: 975 #keyframes: 4 avg. #ICP iterations: 28.5 avg. #corrs. 1704, |G|: 3 sec: 0.098
It: 976 #keyframes: 3 avg. #ICP iterations: 17.6667 avg. #corrs. 2313.33, |G|: 3 sec: 0.064
It: 977 #keyframes: 3 avg. #ICP iterations: 16.6667 avg. #corrs. 2308.33, |G|: 3 sec: 0.061
It: 978 #keyframes: 3 avg. #ICP iterations: 15.3333 avg. #corrs. 1989, |G|: 3 sec: 0.057
It: 979 #keyframes: 3 avg. #ICP iterations: 16.6667 avg. #corrs. 1935, |G|: 3 sec: 0.057
It: 980 #keyframes: 3 avg. #ICP iterations: 15.3333 avg. #corrs. 1921.33, |G|: 3 sec: 0.047
It: 981 #keyframes: 3 avg. #ICP iterations: 19 avg. #corrs. 1868.33, |G|: 3 sec: 0.065
It: 982 #keyframes: 3 avg. #ICP iterations: 23 avg. #corrs. 1885, |G|: 4 sec: 0.091
It: 983 #keyframes: 4 avg. #ICP iterations: 16.5 avg. #corrs. 1916.5, |G|: 4 sec: 0.049
It: 984 #keyframes: 4 avg. #ICP iterations: 19.25 avg. #corrs. 1843.75, |G|: 4 sec: 0.078
It: 985 #keyframes: 4 avg. #ICP iterations: 18.5 avg. #corrs. 1811.25, |G|: 4 sec: 0.056
It: 986 #keyframes: 4 avg. #ICP iterations: 16.5 avg. #corrs. 1803.25, |G|: 4 sec: 0.069
It: 987 #keyframes: 4 avg. #ICP iterations: 16.25 avg. #corrs. 1711, |G|: 4 sec: 0.061
It: 988 #keyframes: 4 avg. #ICP iterations: 20.5 avg. #corrs. 1665.75, |G|: 4 sec: 0.058
It: 989 #keyframes: 4 avg. #ICP iterations: 26 avg. #corrs. 1665.25, |G|: 4 sec: 0.078
It: 990 #keyframes: 4 avg. #ICP iterations: 22 avg. #corrs. 1843, |G|: 4 sec: 0.07
It: 991 #keyframes: 4 avg. #ICP iterations: 18 avg. #corrs. 1860.25, |G|: 4 sec: 0.051
It: 992 #keyframes: 4 avg. #ICP iterations: 21.75 avg. #corrs. 1815.5, |G|: 4 sec: 0.096
It: 993 #keyframes: 4 avg. #ICP iterations: 20.25 avg. #corrs. 1797.5, |G|: 4 sec: 0.069
It: 994 #keyframes: 4 avg. #ICP iterations: 23.25 avg. #corrs. 1722.75, |G|: 4 sec: 0.097
It: 995 #keyframes: 4 avg. #ICP iterations: 26.5 avg. #corrs. 1735, |G|: 4 sec: 0.083
It: 996 #keyframes: 4 avg. #ICP iterations: 31 avg. #corrs. 1725, |G|: 4 sec: 0.138
It: 997 #keyframes: 4 avg. #ICP iterations: 20 avg. #corrs. 1801.25, |G|: 4 sec: 0.072
It: 998 #keyframes: 4 avg. #ICP iterations: 21.25 avg. #corrs. 1828.25, |G|: 4 sec: 0.083
It: 999 #keyframes: 4 avg. #ICP iterations: 22.25 avg. #corrs. 1826.25, |G|: 4 sec: 0.076
It: 1000 #keyframes: 4 avg. #ICP iterations: 20 avg. #corrs. 1784.75, |G|: 4 sec: 0.08
It: 1001 #keyframes: 4 avg. #ICP iterations: 21 avg. #corrs. 1721.25, |G|: 4 sec: 0.069
It: 1002 #keyframes: 4 avg. #ICP iterations: 25.25 avg. #corrs. 1749, |G|: 4 sec: 0.091
It: 1003 #keyframes: 4 avg. #ICP iterations: 19 avg. #corrs. 1702.25, |G|: 4 sec: 0.057
It: 1004 #keyframes: 4 avg. #ICP iterations: 20.75 avg. #corrs. 1762, |G|: 4 sec: 0.074
It: 1005 #keyframes: 4 avg. #ICP iterations: 28.75 avg. #corrs. 1784.75, |G|: 4 sec: 0.093
It: 1006 #keyframes: 4 avg. #ICP iterations: 16.75 avg. #corrs. 1791.75, |G|: 4 sec: 0.066
It: 1007 #keyframes: 4 avg. #ICP iterations: 18 avg. #corrs. 1743.25, |G|: 4 sec: 0.07
It: 1008 #keyframes: 4 avg. #ICP iterations: 23.25 avg. #corrs. 1723.5, |G|: 4 sec: 0.08
It: 1009 #keyframes: 4 avg. #ICP iterations: 16.25 avg. #corrs. 1700.25, |G|: 4 sec: 0.055
It: 1010 #keyframes: 4 avg. #ICP iterations: 20.25 avg. #corrs. 1661, |G|: 4 sec: 0.064
It: 1011 #keyframes: 4 avg. #ICP iterations: 23.75 avg. #corrs. 1652.5, |G|: 4 sec: 0.073
It: 1012 #keyframes: 4 avg. #ICP iterations: 20.25 avg. #corrs. 1858.75, |G|: 4 sec: 0.073
It: 1013 #keyframes: 4 avg. #ICP iterations: 23.75 avg. #corrs. 1843.25, |G|: 4 sec: 0.082
It: 1014 #keyframes: 4 avg. #ICP iterations: 20.25 avg. #corrs. 1893.75, |G|: 4 sec: 0.058
It: 1015 #keyframes: 4 avg. #ICP iterations: 18 avg. #corrs. 1825.25, |G|: 4 sec: 0.065
It: 1016 #keyframes: 4 avg. #ICP iterations: 26.75 avg. #corrs. 1806.25, |G|: 4 sec: 0.097
It: 1017 #keyframes: 4 avg. #ICP iterations: 20 avg. #corrs. 1812.5, |G|: 4 sec: 0.076
It: 1018 #keyframes: 4 avg. #ICP iterations: 22.25 avg. #corrs. 1758.75, |G|: 4 sec: 0.076
It: 1019 #keyframes: 4 avg. #ICP iterations: 17 avg. #corrs. 1754, |G|: 4 sec: 0.069
It: 1020 #keyframes: 4 avg. #ICP iterations: 16.25 avg. #corrs. 1754.25, |G|: 4 sec: 0.057
It: 1021 #keyframes: 4 avg. #ICP iterations: 19 avg. #corrs. 1725, |G|: 4 sec: 0.054
It: 1022 #keyframes: 4 avg. #ICP iterations: 21.25 avg. #corrs. 1723.5, |G|: 4 sec: 0.077
It: 1023 #keyframes: 4 avg. #ICP iterations: 22.5 avg. #corrs. 1912, |G|: 4 sec: 0.078
It: 1024 #keyframes: 4 avg. #ICP iterations: 15 avg. #corrs. 1961.75, |G|: 4 sec: 0.06
It: 1025 #keyframes: 4 avg. #ICP iterations: 17.25 avg. #corrs. 1869, |G|: 4 sec: 0.062
It: 1026 #keyframes: 4 avg. #ICP iterations: 18.75 avg. #corrs. 1869.25, |G|: 4 sec: 0.073
It: 1027 #keyframes: 4 avg. #ICP iterations: 16.5 avg. #corrs. 1858, |G|: 4 sec: 0.063
It: 1028 #keyframes: 4 avg. #ICP iterations: 21.5 avg. #corrs. 1883, |G|: 4 sec: 0.072
It: 1029 #keyframes: 4 avg. #ICP iterations: 15.25 avg. #corrs. 1856.75, |G|: 4 sec: 0.058
It: 1030 #keyframes: 4 avg. #ICP iterations: 22.5 avg. #corrs. 1813.5, |G|: 4 sec: 0.086
It: 1031 #keyframes: 4 avg. #ICP iterations: 23 avg. #corrs. 1774.25, |G|: 4 sec: 0.079
It: 1032 #keyframes: 4 avg. #ICP iterations: 20 avg. #corrs. 1734.25, |G|: 4 sec: 0.078
It: 1033 #keyframes: 4 avg. #ICP iterations: 27.5 avg. #corrs. 1688.25, |G|: 4 sec: 0.08
It: 1034 #keyframes: 4 avg. #ICP iterations: 21.25 avg. #corrs. 1679.5, |G|: 4 sec: 0.078
It: 1035 #keyframes: 4 avg. #ICP iterations: 16.5 avg. #corrs. 1781.75, |G|: 4 sec: 0.062
It: 1036 #keyframes: 4 avg. #ICP iterations: 19 avg. #corrs. 1784, |G|: 4 sec: 0.089
It: 1037 #keyframes: 4 avg. #ICP iterations: 27.5 avg. #corrs. 1842.5, |G|: 4 sec: 0.109
It: 1038 #keyframes: 4 avg. #ICP iterations: 15.5 avg. #corrs. 1867, |G|: 4 sec: 0.053
It: 1039 #keyframes: 4 avg. #ICP iterations: 17.75 avg. #corrs. 1847.75, |G|: 4 sec: 0.06
It: 1040 #keyframes: 4 avg. #ICP iterations: 17.75 avg. #corrs. 1804.5, |G|: 4 sec: 0.071
It: 1041 #keyframes: 4 avg. #ICP iterations: 19 avg. #corrs. 1784, |G|: 4 sec: 0.074
It: 1042 #keyframes: 4 avg. #ICP iterations: 22 avg. #corrs. 1765, |G|: 4 sec: 0.06
It: 1043 #keyframes: 4 avg. #ICP iterations: 20 avg. #corrs. 1658.5, |G|: 4 sec: 0.057
It: 1044 #keyframes: 4 avg. #ICP iterations: 23 avg. #corrs. 1595.25, |G|: 4 sec: 0.094
It: 1045 #keyframes: 4 avg. #ICP iterations: 20 avg. #corrs. 1438.75, |G|: 4 sec: 0.058
It: 1046 #keyframes: 4 avg. #ICP iterations: 18.25 avg. #corrs. 1363.5, |G|: 4 sec: 0.041
It: 1047 #keyframes: 4 avg. #ICP iterations: 16.75 avg. #corrs. 1499.75, |G|: 4 sec: 0.047
It: 1048 #keyframes: 4 avg. #ICP iterations: 16.75 avg. #corrs. 1604, |G|: 4 sec: 0.06
It: 1049 #keyframes: 4 avg. #ICP iterations: 18.25 avg. #corrs. 1660.25, |G|: 4 sec: 0.056
It: 1050 #keyframes: 4 avg. #ICP iterations: 21.5 avg. #corrs. 1646.75, |G|: 4 sec: 0.056
It: 1051 #keyframes: 4 avg. #ICP iterations: 18.25 avg. #corrs. 1664.75, |G|: 4 sec: 0.061
It: 1052 #keyframes: 4 avg. #ICP iterations: 22.25 avg. #corrs. 1656, |G|: 4 sec: 0.082
It: 1053 #keyframes: 4 avg. #ICP iterations: 23.25 avg. #corrs. 1612, |G|: 4 sec: 0.071
It: 1054 #keyframes: 4 avg. #ICP iterations: 20.5 avg. #corrs. 1599.75, |G|: 4 sec: 0.078
It: 1055 #keyframes: 4 avg. #ICP iterations: 19.5 avg. #corrs. 1596.5, |G|: 4 sec: 0.065
It: 1056 #keyframes: 4 avg. #ICP iterations: 17.75 avg. #corrs. 1631.5, |G|: 4 sec: 0.054
It: 1057 #keyframes: 4 avg. #ICP iterations: 18.25 avg. #corrs. 1595, |G|: 4 sec: 0.073
It: 1058 #keyframes: 4 avg. #ICP iterations: 20.25 avg. #corrs. 1729.5, |G|: 4 sec: 0.075
It: 1059 #keyframes: 4 avg. #ICP iterations: 23.5 avg. #corrs. 1736, |G|: 4 sec: 0.063
It: 1060 #keyframes: 4 avg. #ICP iterations: 20.25 avg. #corrs. 1690, |G|: 4 sec: 0.091
It: 1061 #keyframes: 4 avg. #ICP iterations: 21.5 avg. #corrs. 1680, |G|: 4 sec: 0.068
It: 1062 #keyframes: 4 avg. #ICP iterations: 17.5 avg. #corrs. 1639.5, |G|: 4 sec: 0.061
It: 1063 #keyframes: 4 avg. #ICP iterations: 17.25 avg. #corrs. 1640.25, |G|: 4 sec: 0.078
It: 1064 #keyframes: 4 avg. #ICP iterations: 23.25 avg. #corrs. 1576.75, |G|: 4 sec: 0.063
It: 1065 #keyframes: 4 avg. #ICP iterations: 19.5 avg. #corrs. 1556.25, |G|: 4 sec: 0.061
It: 1066 #keyframes: 4 avg. #ICP iterations: 24 avg. #corrs. 1522.5, |G|: 4 sec: 0.078
It: 1067 #keyframes: 4 avg. #ICP iterations: 23.75 avg. #corrs. 1490, |G|: 4 sec: 0.091
It: 1068 #keyframes: 4 avg. #ICP iterations: 16.75 avg. #corrs. 1630.25, |G|: 4 sec: 0.048
It: 1069 #keyframes: 4 avg. #ICP iterations: 13.25 avg. #corrs. 1625.5, |G|: 4 sec: 0.036
It: 1070 #keyframes: 4 avg. #ICP iterations: 19.5 avg. #corrs. 1594.5, |G|: 4 sec: 0.055
It: 1071 #keyframes: 4 avg. #ICP iterations: 22 avg. #corrs. 1617, |G|: 4 sec: 0.074
It: 1072 #keyframes: 4 avg. #ICP iterations: 20.25 avg. #corrs. 1597.25, |G|: 4 sec: 0.061
It: 1073 #keyframes: 4 avg. #ICP iterations: 17.5 avg. #corrs. 1571.5, |G|: 4 sec: 0.046
It: 1074 #keyframes: 4 avg. #ICP iterations: 19.5 avg. #corrs. 1552.75, |G|: 4 sec: 0.056
It: 1075 #keyframes: 4 avg. #ICP iterations: 25 avg. #corrs. 1533.75, |G|: 4 sec: 0.082
It: 1076 #keyframes: 4 avg. #ICP iterations: 24.5 avg. #corrs. 1495.25, |G|: 4 sec: 0.064
It: 1077 #keyframes: 4 avg. #ICP iterations: 22.75 avg. #corrs. 1479, |G|: 4 sec: 0.058
It: 1078 #keyframes: 4 avg. #ICP iterations: 20 avg. #corrs. 1501.75, |G|: 4 sec: 0.057
It: 1079 #keyframes: 4 avg. #ICP iterations: 24.5 avg. #corrs. 1516, |G|: 4 sec: 0.076
It: 1080 #keyframes: 4 avg. #ICP iterations: 21.75 avg. #corrs. 1510.25, |G|: 4 sec: 0.088
It: 1081 #keyframes: 4 avg. #ICP iterations: 18.5 avg. #corrs. 1518.75, |G|: 4 sec: 0.076
It: 1082 #keyframes: 4 avg. #ICP iterations: 18.5 avg. #corrs. 1459, |G|: 4 sec: 0.066
It: 1083 #keyframes: 4 avg. #ICP iterations: 19 avg. #corrs. 1469, |G|: 4 sec: 0.063
It: 1084 #keyframes: 4 avg. #ICP iterations: 21.5 avg. #corrs. 1455, |G|: 4 sec: 0.072
It: 1085 #keyframes: 4 avg. #ICP iterations: 15.5 avg. #corrs. 1436.75, |G|: 4 sec: 0.064
It: 1086 #keyframes: 4 avg. #ICP iterations: 25.25 avg. #corrs. 1467.25, |G|: 4 sec: 0.065
It: 1087 #keyframes: 4 avg. #ICP iterations: 26 avg. #corrs. 1513.5, |G|: 4 sec: 0.08
It: 1088 #keyframes: 4 avg. #ICP iterations: 19.5 avg. #corrs. 1488.75, |G|: 4 sec: 0.071
It: 1089 #keyframes: 4 avg. #ICP iterations: 16.25 avg. #corrs. 1655, |G|: 4 sec: 0.067
It: 1090 #keyframes: 4 avg. #ICP iterations: 21.25 avg. #corrs. 1644.25, |G|: 4 sec: 0.079
It: 1091 #keyframes: 4 avg. #ICP iterations: 19.5 avg. #corrs. 1662.5, |G|: 4 sec: 0.058
It: 1092 #keyframes: 4 avg. #ICP iterations: 11.75 avg. #corrs. 1684.5, |G|: 4 sec: 0.048
It: 1093 #keyframes: 4 avg. #ICP iterations: 23.75 avg. #corrs. 1702.25, |G|: 4 sec: 0.058
It: 1094 #keyframes: 4 avg. #ICP iterations: 19.5 avg. #corrs. 1686, |G|: 4 sec: 0.074
It: 1095 #keyframes: 4 avg. #ICP iterations: 16.75 avg. #corrs. 1638.25, |G|: 4 sec: 0.064
It: 1096 #keyframes: 4 avg. #ICP iterations: 20.75 avg. #corrs. 1617.25, |G|: 4 sec: 0.078
It: 1097 #keyframes: 4 avg. #ICP iterations: 14.5 avg. #corrs. 1578.75, |G|: 4 sec: 0.04
It: 1098 #keyframes: 4 avg. #ICP iterations: 17.25 avg. #corrs. 1570.5, |G|: 4 sec: 0.049
It: 1099 #keyframes: 4 avg. #ICP iterations: 15.75 avg. #corrs. 1556.5, |G|: 4 sec: 0.047
It: 1100 #keyframes: 4 avg. #ICP iterations: 19.5 avg. #corrs. 1540, |G|: 4 sec: 0.052
Finished running
Pipeline only: 14.0657frame/s
Avg. FPS: 12.9545
Total time (ms): Start to End: 84989.5, Sum of components: 84559.9
Dataloading: 6326.24ms ( 7.48137 %) 
Preprocessing: 8356.99ms ( 9.88293 %) 
ICP: 65542.8ms ( 77.5105 %) 
Graph optimization: 2307.62ms ( 2.72898 %) 
Graph update: 2026.23ms ( 2.3962 %) 
