./build/slamsimilliav2 --base_dir /media/aaron/dataset-ssd/datasets/KITTI-odometry --seq 03 --dataloader kitti --poses_path ./out/hpc/final_3/baseline_speed/kitti/poses_03.txt --config_path ./out/hpc/final_3/baseline_speed/kitti/config.json --go_robust true --go_init_sigma -0.3 --go_optimize_only_last_pose false --information_matrix icp_diag
{
    "deskew": false,
    "diagonal_information_only": true,
    "distance_mode": "last",
    "edge_composition_method": "naiive",
    "enable_graph_optimization": true,
    "go_adaptive": false,
    "go_alpha": 1.0,
    "go_form_implicit_edges": "strat_2",
    "go_init_sigma": -0.30000001192092896,
    "go_lambda": 0.0,
    "go_maximum_iterations": 100,
    "go_minimum_magnitude": 1e-05,
    "go_optimize_only_last_pose": false,
    "go_robust": true,
    "icp_adaptive": true,
    "icp_adaptive_lidar_distance": 160.0,
    "icp_alpha": 1.0,
    "icp_enable_transformation_magnitude": false,
    "icp_init_sigma": 1.0,
    "icp_lambda": 0.0,
    "icp_maximum_iterations": 100,
    "icp_minimum_corresposdences": 200,
    "icp_minumum_magnitude": 1e-05,
    "information_matrix": "icp_diag",
    "insert_point_to_old_keyframe": true,
    "insert_point_using_go_output": true,
    "intensity_scaling": 0.0,
    "inverse_strategy": "naiive",
    "keyframe_maximum_distance": 30.0,
    "keyframe_minimum_distance": 9.0,
    "map_max_points_per_voxel": 20,
    "map_voxelsize": 1.6,
    "preprecessing_subsampling_method": "voxel",
    "preprocessing_remove_nans": false,
    "prune_distant_voxels": false,
    "remove_non_keyframes": true,
    "subsampling_random_by_range_dmax": 160.0,
    "subsampling_random_by_range_p1": 3000.0,
    "subsampling_random_by_range_p2": 3000.0,
    "subsampling_voxelsize_icp": 1.8,
    "subsampling_voxelsize_map": 0.4,
    "voxel_pruning_distance": 1000000000.0
}
Start running
 WARNING: 0 edges at frame 0
It: 0 #keyframes: 0 avg. #ICP iterations: -nan avg. #corrs. -nan sec: 0.02
It: 1 #keyframes: 1 avg. #ICP iterations: 23 avg. #corrs. 1259, |G|: 1 sec: 0.035
It: 2 #keyframes: 1 avg. #ICP iterations: 12 avg. #corrs. 1276, |G|: 1 sec: 0.034
It: 3 #keyframes: 1 avg. #ICP iterations: 12 avg. #corrs. 1301, |G|: 1 sec: 0.019
It: 4 #keyframes: 1 avg. #ICP iterations: 16 avg. #corrs. 1281, |G|: 1 sec: 0.03
It: 5 #keyframes: 1 avg. #ICP iterations: 11 avg. #corrs. 1288, |G|: 1 sec: 0.022
It: 6 #keyframes: 1 avg. #ICP iterations: 12 avg. #corrs. 1259, |G|: 1 sec: 0.035
It: 7 #keyframes: 1 avg. #ICP iterations: 11 avg. #corrs. 1255, |G|: 1 sec: 0.022
It: 8 #keyframes: 1 avg. #ICP iterations: 10 avg. #corrs. 1246, |G|: 1 sec: 0.017
It: 9 #keyframes: 1 avg. #ICP iterations: 12 avg. #corrs. 1245, |G|: 1 sec: 0.025
It: 10 #keyframes: 1 avg. #ICP iterations: 10 avg. #corrs. 1248, |G|: 2 sec: 0.019
It: 11 #keyframes: 2 avg. #ICP iterations: 11.5 avg. #corrs. 1221.5, |G|: 2 sec: 0.02
It: 12 #keyframes: 2 avg. #ICP iterations: 11.5 avg. #corrs. 1242, |G|: 2 sec: 0.02
It: 13 #keyframes: 2 avg. #ICP iterations: 9 avg. #corrs. 1256.5, |G|: 2 sec: 0.018
It: 14 #keyframes: 2 avg. #ICP iterations: 9.5 avg. #corrs. 1250, |G|: 2 sec: 0.047
It: 15 #keyframes: 2 avg. #ICP iterations: 12 avg. #corrs. 1229.5, |G|: 2 sec: 0.031
It: 16 #keyframes: 2 avg. #ICP iterations: 17.5 avg. #corrs. 1275, |G|: 2 sec: 0.032
It: 17 #keyframes: 2 avg. #ICP iterations: 11.5 avg. #corrs. 1241, |G|: 2 sec: 0.023
It: 18 #keyframes: 2 avg. #ICP iterations: 9.5 avg. #corrs. 1289, |G|: 2 sec: 0.03
It: 19 #keyframes: 2 avg. #ICP iterations: 11 avg. #corrs. 1287, |G|: 2 sec: 0.023
It: 20 #keyframes: 2 avg. #ICP iterations: 19.5 avg. #corrs. 1304.5, |G|: 3 sec: 0.045
It: 21 #keyframes: 3 avg. #ICP iterations: 14 avg. #corrs. 1186, |G|: 3 sec: 0.037
It: 22 #keyframes: 3 avg. #ICP iterations: 11.6667 avg. #corrs. 1177, |G|: 3 sec: 0.024
It: 23 #keyframes: 3 avg. #ICP iterations: 12 avg. #corrs. 1175.33, |G|: 3 sec: 0.024
It: 24 #keyframes: 3 avg. #ICP iterations: 13.3333 avg. #corrs. 1127, |G|: 3 sec: 0.032
It: 25 #keyframes: 3 avg. #ICP iterations: 14.6667 avg. #corrs. 1163.67, |G|: 3 sec: 0.035
It: 26 #keyframes: 3 avg. #ICP iterations: 14.6667 avg. #corrs. 1150, |G|: 3 sec: 0.034
It: 27 #keyframes: 3 avg. #ICP iterations: 16 avg. #corrs. 1129.33, |G|: 3 sec: 0.048
It: 28 #keyframes: 3 avg. #ICP iterations: 12.3333 avg. #corrs. 1127.33, |G|: 3 sec: 0.022
It: 29 #keyframes: 3 avg. #ICP iterations: 16 avg. #corrs. 1154.67, |G|: 3 sec: 0.041
It: 30 #keyframes: 3 avg. #ICP iterations: 16.3333 avg. #corrs. 1128.67, |G|: 3 sec: 0.035
It: 31 #keyframes: 3 avg. #ICP iterations: 15.3333 avg. #corrs. 1151, |G|: 4 sec: 0.033
It: 32 #keyframes: 4 avg. #ICP iterations: 18.75 avg. #corrs. 1208, |G|: 4 sec: 0.049
It: 33 #keyframes: 4 avg. #ICP iterations: 17 avg. #corrs. 1253, |G|: 4 sec: 0.049
It: 34 #keyframes: 4 avg. #ICP iterations: 17.25 avg. #corrs. 1248.5, |G|: 4 sec: 0.065
It: 35 #keyframes: 4 avg. #ICP iterations: 15.75 avg. #corrs. 1296.75, |G|: 4 sec: 0.058
It: 36 #keyframes: 4 avg. #ICP iterations: 16.75 avg. #corrs. 1313.5, |G|: 4 sec: 0.066
It: 37 #keyframes: 4 avg. #ICP iterations: 15.5 avg. #corrs. 1285, |G|: 4 sec: 0.068
It: 38 #keyframes: 4 avg. #ICP iterations: 15.5 avg. #corrs. 1342, |G|: 4 sec: 0.049
It: 39 #keyframes: 4 avg. #ICP iterations: 14 avg. #corrs. 1335.75, |G|: 4 sec: 0.034
It: 40 #keyframes: 4 avg. #ICP iterations: 17.5 avg. #corrs. 1314.25, |G|: 4 sec: 0.051
It: 41 #keyframes: 4 avg. #ICP iterations: 20.75 avg. #corrs. 1313.75, |G|: 4 sec: 0.053
It: 42 #keyframes: 4 avg. #ICP iterations: 18 avg. #corrs. 1287.75, |G|: 4 sec: 0.054
It: 43 #keyframes: 4 avg. #ICP iterations: 17.5 avg. #corrs. 1287, |G|: 4 sec: 0.063
It: 44 #keyframes: 4 avg. #ICP iterations: 22.25 avg. #corrs. 1262.5, |G|: 4 sec: 0.06
It: 45 #keyframes: 4 avg. #ICP iterations: 17.5 avg. #corrs. 1354.75, |G|: 4 sec: 0.064
It: 46 #keyframes: 4 avg. #ICP iterations: 18.5 avg. #corrs. 1500, |G|: 4 sec: 0.065
It: 47 #keyframes: 4 avg. #ICP iterations: 17.75 avg. #corrs. 1541, |G|: 4 sec: 0.063
It: 48 #keyframes: 4 avg. #ICP iterations: 16.5 avg. #corrs. 1561, |G|: 4 sec: 0.062
It: 49 #keyframes: 4 avg. #ICP iterations: 18.75 avg. #corrs. 1543.25, |G|: 4 sec: 0.055
It: 50 #keyframes: 4 avg. #ICP iterations: 19.5 avg. #corrs. 1504, |G|: 4 sec: 0.071
It: 51 #keyframes: 4 avg. #ICP iterations: 22.5 avg. #corrs. 1489.5, |G|: 4 sec: 0.067
It: 52 #keyframes: 4 avg. #ICP iterations: 25.5 avg. #corrs. 1512, |G|: 4 sec: 0.076
It: 53 #keyframes: 4 avg. #ICP iterations: 18.75 avg. #corrs. 1465, |G|: 4 sec: 0.056
It: 54 #keyframes: 4 avg. #ICP iterations: 18.25 avg. #corrs. 1406, |G|: 4 sec: 0.064
It: 55 #keyframes: 4 avg. #ICP iterations: 24.5 avg. #corrs. 1439.25, |G|: 4 sec: 0.08
It: 56 #keyframes: 4 avg. #ICP iterations: 17.75 avg. #corrs. 1448, |G|: 4 sec: 0.049
It: 57 #keyframes: 4 avg. #ICP iterations: 20.75 avg. #corrs. 1410.25, |G|: 4 sec: 0.096
It: 58 #keyframes: 4 avg. #ICP iterations: 17 avg. #corrs. 1428.5, |G|: 4 sec: 0.068
It: 59 #keyframes: 4 avg. #ICP iterations: 21.25 avg. #corrs. 1447.75, |G|: 4 sec: 0.075
It: 60 #keyframes: 4 avg. #ICP iterations: 24.5 avg. #corrs. 1442, |G|: 4 sec: 0.08
It: 61 #keyframes: 4 avg. #ICP iterations: 17.5 avg. #corrs. 1692.5, |G|: 4 sec: 0.09
It: 62 #keyframes: 4 avg. #ICP iterations: 18 avg. #corrs. 1788.75, |G|: 4 sec: 0.071
It: 63 #keyframes: 4 avg. #ICP iterations: 20.5 avg. #corrs. 1762.25, |G|: 4 sec: 0.069
It: 64 #keyframes: 4 avg. #ICP iterations: 16.75 avg. #corrs. 1783.5, |G|: 4 sec: 0.055
It: 65 #keyframes: 4 avg. #ICP iterations: 17.75 avg. #corrs. 1759.5, |G|: 4 sec: 0.079
It: 66 #keyframes: 4 avg. #ICP iterations: 18 avg. #corrs. 1762.5, |G|: 4 sec: 0.071
It: 67 #keyframes: 4 avg. #ICP iterations: 15.25 avg. #corrs. 1755, |G|: 4 sec: 0.066
It: 68 #keyframes: 4 avg. #ICP iterations: 21 avg. #corrs. 1804.75, |G|: 4 sec: 0.091
It: 69 #keyframes: 4 avg. #ICP iterations: 19 avg. #corrs. 1821.25, |G|: 4 sec: 0.062
It: 70 #keyframes: 4 avg. #ICP iterations: 19.5 avg. #corrs. 1784, |G|: 4 sec: 0.075
It: 71 #keyframes: 4 avg. #ICP iterations: 19.5 avg. #corrs. 1780, |G|: 4 sec: 0.083
It: 72 #keyframes: 4 avg. #ICP iterations: 19.5 avg. #corrs. 1794.75, |G|: 4 sec: 0.092
It: 73 #keyframes: 4 avg. #ICP iterations: 20 avg. #corrs. 1776.75, |G|: 4 sec: 0.072
It: 74 #keyframes: 4 avg. #ICP iterations: 20.5 avg. #corrs. 1783, |G|: 4 sec: 0.09
It: 75 #keyframes: 4 avg. #ICP iterations: 23.25 avg. #corrs. 1845, |G|: 4 sec: 0.102
It: 76 #keyframes: 4 avg. #ICP iterations: 20.5 avg. #corrs. 1815, |G|: 4 sec: 0.08
It: 77 #keyframes: 4 avg. #ICP iterations: 21.5 avg. #corrs. 1773.5, |G|: 4 sec: 0.089
It: 78 #keyframes: 4 avg. #ICP iterations: 24.5 avg. #corrs. 1757.75, |G|: 4 sec: 0.088
It: 79 #keyframes: 4 avg. #ICP iterations: 20.75 avg. #corrs. 1770.25, |G|: 4 sec: 0.063
It: 80 #keyframes: 4 avg. #ICP iterations: 21.5 avg. #corrs. 1785.25, |G|: 4 sec: 0.1
It: 81 #keyframes: 4 avg. #ICP iterations: 19.25 avg. #corrs. 1757.5, |G|: 4 sec: 0.078
It: 82 #keyframes: 4 avg. #ICP iterations: 24 avg. #corrs. 1759.25, |G|: 4 sec: 0.078
It: 83 #keyframes: 4 avg. #ICP iterations: 26.25 avg. #corrs. 1782.75, |G|: 4 sec: 0.08
It: 84 #keyframes: 4 avg. #ICP iterations: 27.75 avg. #corrs. 1762.25, |G|: 4 sec: 0.1
It: 85 #keyframes: 4 avg. #ICP iterations: 24.5 avg. #corrs. 1775.25, |G|: 4 sec: 0.094
It: 86 #keyframes: 4 avg. #ICP iterations: 29.5 avg. #corrs. 1781.5, |G|: 4 sec: 0.098
It: 87 #keyframes: 4 avg. #ICP iterations: 24.5 avg. #corrs. 1741.75, |G|: 4 sec: 0.095
It: 88 #keyframes: 4 avg. #ICP iterations: 23.75 avg. #corrs. 1740.5, |G|: 4 sec: 0.111
It: 89 #keyframes: 4 avg. #ICP iterations: 27.5 avg. #corrs. 1693.25, |G|: 4 sec: 0.109
It: 90 #keyframes: 4 avg. #ICP iterations: 28.25 avg. #corrs. 1662.25, |G|: 4 sec: 0.121
It: 91 #keyframes: 4 avg. #ICP iterations: 25.25 avg. #corrs. 1672.5, |G|: 4 sec: 0.088
It: 92 #keyframes: 4 avg. #ICP iterations: 23.25 avg. #corrs. 1689.5, |G|: 4 sec: 0.093
It: 93 #keyframes: 4 avg. #ICP iterations: 25 avg. #corrs. 1636.5, |G|: 4 sec: 0.08
It: 94 #keyframes: 4 avg. #ICP iterations: 23.75 avg. #corrs. 1959, |G|: 4 sec: 0.083
It: 95 #keyframes: 4 avg. #ICP iterations: 22 avg. #corrs. 1901.75, |G|: 4 sec: 0.073
It: 96 #keyframes: 4 avg. #ICP iterations: 23.75 avg. #corrs. 1859, |G|: 4 sec: 0.103
It: 97 #keyframes: 4 avg. #ICP iterations: 21.75 avg. #corrs. 1909.75, |G|: 4 sec: 0.074
It: 98 #keyframes: 4 avg. #ICP iterations: 23.25 avg. #corrs. 1932.25, |G|: 4 sec: 0.096
It: 99 #keyframes: 4 avg. #ICP iterations: 23 avg. #corrs. 1857.25, |G|: 4 sec: 0.092
It: 100 #keyframes: 4 avg. #ICP iterations: 30 avg. #corrs. 1859.25, |G|: 4 sec: 0.092
It: 101 #keyframes: 4 avg. #ICP iterations: 28 avg. #corrs. 1932.75, |G|: 4 sec: 0.098
It: 102 #keyframes: 4 avg. #ICP iterations: 30.5 avg. #corrs. 1978.25, |G|: 4 sec: 0.098
It: 103 #keyframes: 4 avg. #ICP iterations: 26.5 avg. #corrs. 1958.75, |G|: 4 sec: 0.103
It: 104 #keyframes: 4 avg. #ICP iterations: 24 avg. #corrs. 1951.25, |G|: 4 sec: 0.104
It: 105 #keyframes: 4 avg. #ICP iterations: 27.25 avg. #corrs. 1946.5, |G|: 4 sec: 0.111
It: 106 #keyframes: 4 avg. #ICP iterations: 23.75 avg. #corrs. 1920.25, |G|: 4 sec: 0.086
It: 107 #keyframes: 4 avg. #ICP iterations: 21.75 avg. #corrs. 1896.25, |G|: 4 sec: 0.091
It: 108 #keyframes: 4 avg. #ICP iterations: 24.25 avg. #corrs. 1851.5, |G|: 4 sec: 0.113
It: 109 #keyframes: 4 avg. #ICP iterations: 21.25 avg. #corrs. 1867.75, |G|: 4 sec: 0.085
It: 110 #keyframes: 4 avg. #ICP iterations: 24.25 avg. #corrs. 1802.5, |G|: 4 sec: 0.067
It: 111 #keyframes: 4 avg. #ICP iterations: 22.5 avg. #corrs. 1781.5, |G|: 4 sec: 0.062
It: 112 #keyframes: 4 avg. #ICP iterations: 19.5 avg. #corrs. 2039.5, |G|: 4 sec: 0.074
It: 113 #keyframes: 4 avg. #ICP iterations: 22.5 avg. #corrs. 2102.75, |G|: 4 sec: 0.09
It: 114 #keyframes: 4 avg. #ICP iterations: 20 avg. #corrs. 2045.25, |G|: 4 sec: 0.071
It: 115 #keyframes: 4 avg. #ICP iterations: 22.75 avg. #corrs. 2107, |G|: 4 sec: 0.083
It: 116 #keyframes: 4 avg. #ICP iterations: 21 avg. #corrs. 2032.5, |G|: 4 sec: 0.085
It: 117 #keyframes: 4 avg. #ICP iterations: 20.25 avg. #corrs. 2003.5, |G|: 4 sec: 0.089
It: 118 #keyframes: 4 avg. #ICP iterations: 17.75 avg. #corrs. 2030.75, |G|: 4 sec: 0.063
It: 119 #keyframes: 4 avg. #ICP iterations: 21.25 avg. #corrs. 1955, |G|: 4 sec: 0.075
It: 120 #keyframes: 4 avg. #ICP iterations: 19.75 avg. #corrs. 1921.75, |G|: 4 sec: 0.089
It: 121 #keyframes: 4 avg. #ICP iterations: 19.75 avg. #corrs. 1934, |G|: 4 sec: 0.081
It: 122 #keyframes: 4 avg. #ICP iterations: 18.5 avg. #corrs. 1903, |G|: 4 sec: 0.087
It: 123 #keyframes: 4 avg. #ICP iterations: 22.75 avg. #corrs. 1894.5, |G|: 4 sec: 0.073
It: 124 #keyframes: 4 avg. #ICP iterations: 20 avg. #corrs. 1859.25, |G|: 4 sec: 0.07
It: 125 #keyframes: 4 avg. #ICP iterations: 20.75 avg. #corrs. 2042.25, |G|: 4 sec: 0.088
It: 126 #keyframes: 4 avg. #ICP iterations: 17.25 avg. #corrs. 2094.75, |G|: 4 sec: 0.083
It: 127 #keyframes: 4 avg. #ICP iterations: 15.75 avg. #corrs. 2040.75, |G|: 4 sec: 0.051
It: 128 #keyframes: 4 avg. #ICP iterations: 18 avg. #corrs. 1977, |G|: 4 sec: 0.087
It: 129 #keyframes: 4 avg. #ICP iterations: 25.5 avg. #corrs. 1978.5, |G|: 4 sec: 0.091
It: 130 #keyframes: 4 avg. #ICP iterations: 18 avg. #corrs. 2038, |G|: 4 sec: 0.069
It: 131 #keyframes: 4 avg. #ICP iterations: 16.25 avg. #corrs. 1978, |G|: 4 sec: 0.082
It: 132 #keyframes: 4 avg. #ICP iterations: 15.75 avg. #corrs. 1926.25, |G|: 4 sec: 0.048
It: 133 #keyframes: 4 avg. #ICP iterations: 21.75 avg. #corrs. 1899, |G|: 4 sec: 0.089
It: 134 #keyframes: 4 avg. #ICP iterations: 20.25 avg. #corrs. 1908, |G|: 4 sec: 0.073
It: 135 #keyframes: 4 avg. #ICP iterations: 19.5 avg. #corrs. 1923, |G|: 4 sec: 0.088
It: 136 #keyframes: 4 avg. #ICP iterations: 19.25 avg. #corrs. 1931.75, |G|: 4 sec: 0.073
It: 137 #keyframes: 4 avg. #ICP iterations: 16 avg. #corrs. 1912.75, |G|: 4 sec: 0.083
It: 138 #keyframes: 4 avg. #ICP iterations: 14 avg. #corrs. 1911.75, |G|: 4 sec: 0.078
It: 139 #keyframes: 4 avg. #ICP iterations: 16.25 avg. #corrs. 1888.75, |G|: 4 sec: 0.073
It: 140 #keyframes: 4 avg. #ICP iterations: 17.5 avg. #corrs. 1897.75, |G|: 4 sec: 0.061
It: 141 #keyframes: 4 avg. #ICP iterations: 17.25 avg. #corrs. 1856.25, |G|: 4 sec: 0.047
It: 142 #keyframes: 4 avg. #ICP iterations: 18.75 avg. #corrs. 1868, |G|: 4 sec: 0.078
It: 143 #keyframes: 4 avg. #ICP iterations: 14 avg. #corrs. 1813, |G|: 4 sec: 0.055
It: 144 #keyframes: 4 avg. #ICP iterations: 20 avg. #corrs. 1799.25, |G|: 4 sec: 0.071
It: 145 #keyframes: 4 avg. #ICP iterations: 24.5 avg. #corrs. 1726, |G|: 4 sec: 0.085
It: 146 #keyframes: 4 avg. #ICP iterations: 19.5 avg. #corrs. 1724, |G|: 4 sec: 0.052
It: 147 #keyframes: 4 avg. #ICP iterations: 18.5 avg. #corrs. 1691.5, |G|: 4 sec: 0.068
It: 148 #keyframes: 4 avg. #ICP iterations: 20.25 avg. #corrs. 1621.75, |G|: 4 sec: 0.069
It: 149 #keyframes: 4 avg. #ICP iterations: 20.25 avg. #corrs. 1591.5, |G|: 4 sec: 0.075
It: 150 #keyframes: 4 avg. #ICP iterations: 17.75 avg. #corrs. 1577.5, |G|: 4 sec: 0.063
It: 151 #keyframes: 4 avg. #ICP iterations: 24 avg. #corrs. 1584.25, |G|: 4 sec: 0.067
It: 152 #keyframes: 4 avg. #ICP iterations: 19 avg. #corrs. 1578, |G|: 4 sec: 0.062
It: 153 #keyframes: 4 avg. #ICP iterations: 22.25 avg. #corrs. 1550.25, |G|: 4 sec: 0.081
It: 154 #keyframes: 4 avg. #ICP iterations: 17 avg. #corrs. 1523.25, |G|: 4 sec: 0.066
It: 155 #keyframes: 4 avg. #ICP iterations: 19 avg. #corrs. 1498.5, |G|: 4 sec: 0.073
It: 156 #keyframes: 4 avg. #ICP iterations: 21.75 avg. #corrs. 1428.5, |G|: 4 sec: 0.082
It: 157 #keyframes: 4 avg. #ICP iterations: 18.5 avg. #corrs. 1365, |G|: 4 sec: 0.055
It: 158 #keyframes: 4 avg. #ICP iterations: 22.75 avg. #corrs. 1319.5, |G|: 4 sec: 0.082
It: 159 #keyframes: 4 avg. #ICP iterations: 18.75 avg. #corrs. 1254.25, |G|: 4 sec: 0.056
It: 160 #keyframes: 4 avg. #ICP iterations: 22.25 avg. #corrs. 1246.5, |G|: 4 sec: 0.063
It: 161 #keyframes: 4 avg. #ICP iterations: 20.75 avg. #corrs. 1239, |G|: 4 sec: 0.068
It: 162 #keyframes: 4 avg. #ICP iterations: 19 avg. #corrs. 1277.75, |G|: 4 sec: 0.06
It: 163 #keyframes: 4 avg. #ICP iterations: 18 avg. #corrs. 1327.5, |G|: 4 sec: 0.079
It: 164 #keyframes: 4 avg. #ICP iterations: 23 avg. #corrs. 1311.75, |G|: 4 sec: 0.082
It: 165 #keyframes: 4 avg. #ICP iterations: 17.25 avg. #corrs. 1284.25, |G|: 4 sec: 0.065
It: 166 #keyframes: 4 avg. #ICP iterations: 16.5 avg. #corrs. 1269.5, |G|: 4 sec: 0.055
It: 167 #keyframes: 4 avg. #ICP iterations: 24.75 avg. #corrs. 1279.5, |G|: 4 sec: 0.062
It: 168 #keyframes: 4 avg. #ICP iterations: 22 avg. #corrs. 1246, |G|: 4 sec: 0.05
It: 169 #keyframes: 4 avg. #ICP iterations: 26.5 avg. #corrs. 1224, |G|: 4 sec: 0.077
It: 170 #keyframes: 4 avg. #ICP iterations: 20.75 avg. #corrs. 1177.25, |G|: 4 sec: 0.065
It: 171 #keyframes: 4 avg. #ICP iterations: 19.5 avg. #corrs. 1175.5, |G|: 4 sec: 0.067
It: 172 #keyframes: 4 avg. #ICP iterations: 24.75 avg. #corrs. 1177.5, |G|: 4 sec: 0.076
It: 173 #keyframes: 4 avg. #ICP iterations: 22.75 avg. #corrs. 1128, |G|: 4 sec: 0.058
It: 174 #keyframes: 4 avg. #ICP iterations: 20.75 avg. #corrs. 1196.75, |G|: 4 sec: 0.058
It: 175 #keyframes: 4 avg. #ICP iterations: 27 avg. #corrs. 1194.5, |G|: 4 sec: 0.078
It: 176 #keyframes: 4 avg. #ICP iterations: 24 avg. #corrs. 1124.5, |G|: 4 sec: 0.077
It: 177 #keyframes: 4 avg. #ICP iterations: 22 avg. #corrs. 1072, |G|: 4 sec: 0.06
It: 178 #keyframes: 4 avg. #ICP iterations: 15.5 avg. #corrs. 1035, |G|: 4 sec: 0.049
It: 179 #keyframes: 4 avg. #ICP iterations: 20.5 avg. #corrs. 1015.25, |G|: 4 sec: 0.048
It: 180 #keyframes: 4 avg. #ICP iterations: 28.25 avg. #corrs. 961.5, |G|: 4 sec: 0.049
It: 181 #keyframes: 4 avg. #ICP iterations: 22.75 avg. #corrs. 948.75, |G|: 4 sec: 0.046
It: 182 #keyframes: 4 avg. #ICP iterations: 17.75 avg. #corrs. 936.75, |G|: 4 sec: 0.036
It: 183 #keyframes: 4 avg. #ICP iterations: 24.75 avg. #corrs. 917.5, |G|: 4 sec: 0.06
It: 184 #keyframes: 4 avg. #ICP iterations: 15.75 avg. #corrs. 913.25, |G|: 4 sec: 0.045
It: 185 #keyframes: 4 avg. #ICP iterations: 22.75 avg. #corrs. 914, |G|: 4 sec: 0.071
It: 186 #keyframes: 4 avg. #ICP iterations: 24.5 avg. #corrs. 891.5, |G|: 4 sec: 0.044
It: 187 #keyframes: 4 avg. #ICP iterations: 22.5 avg. #corrs. 968, |G|: 4 sec: 0.055
It: 188 #keyframes: 4 avg. #ICP iterations: 16.25 avg. #corrs. 996.75, |G|: 4 sec: 0.028
It: 189 #keyframes: 4 avg. #ICP iterations: 21 avg. #corrs. 962, |G|: 4 sec: 0.049
It: 190 #keyframes: 4 avg. #ICP iterations: 20 avg. #corrs. 989, |G|: 4 sec: 0.04
It: 191 #keyframes: 4 avg. #ICP iterations: 21.25 avg. #corrs. 979.5, |G|: 4 sec: 0.034
It: 192 #keyframes: 4 avg. #ICP iterations: 24 avg. #corrs. 976, |G|: 4 sec: 0.057
It: 193 #keyframes: 4 avg. #ICP iterations: 18.75 avg. #corrs. 977, |G|: 4 sec: 0.069
It: 194 #keyframes: 4 avg. #ICP iterations: 20 avg. #corrs. 958.5, |G|: 4 sec: 0.052
It: 195 #keyframes: 4 avg. #ICP iterations: 25.25 avg. #corrs. 939.25, |G|: 4 sec: 0.047
It: 196 #keyframes: 4 avg. #ICP iterations: 14.75 avg. #corrs. 922.5, |G|: 4 sec: 0.037
It: 197 #keyframes: 4 avg. #ICP iterations: 22.5 avg. #corrs. 925.25, |G|: 4 sec: 0.042
It: 198 #keyframes: 4 avg. #ICP iterations: 21.25 avg. #corrs. 912.5, |G|: 4 sec: 0.04
It: 199 #keyframes: 4 avg. #ICP iterations: 24.5 avg. #corrs. 903.5, |G|: 4 sec: 0.047
It: 200 #keyframes: 4 avg. #ICP iterations: 21 avg. #corrs. 874.5, |G|: 4 sec: 0.056
It: 201 #keyframes: 4 avg. #ICP iterations: 24 avg. #corrs. 876.75, |G|: 4 sec: 0.063
It: 202 #keyframes: 4 avg. #ICP iterations: 22.5 avg. #corrs. 858.75, |G|: 4 sec: 0.039
It: 203 #keyframes: 4 avg. #ICP iterations: 25 avg. #corrs. 976.75, |G|: 4 sec: 0.051
It: 204 #keyframes: 4 avg. #ICP iterations: 14.75 avg. #corrs. 954.5, |G|: 4 sec: 0.031
It: 205 #keyframes: 4 avg. #ICP iterations: 21 avg. #corrs. 947, |G|: 4 sec: 0.035
It: 206 #keyframes: 4 avg. #ICP iterations: 21 avg. #corrs. 940.5, |G|: 4 sec: 0.042
It: 207 #keyframes: 4 avg. #ICP iterations: 23.75 avg. #corrs. 930, |G|: 4 sec: 0.044
It: 208 #keyframes: 4 avg. #ICP iterations: 18.75 avg. #corrs. 935.75, |G|: 4 sec: 0.044
It: 209 #keyframes: 4 avg. #ICP iterations: 18 avg. #corrs. 913.25, |G|: 4 sec: 0.038
It: 210 #keyframes: 4 avg. #ICP iterations: 18 avg. #corrs. 911, |G|: 4 sec: 0.027
It: 211 #keyframes: 4 avg. #ICP iterations: 22.25 avg. #corrs. 942, |G|: 4 sec: 0.043
It: 212 #keyframes: 4 avg. #ICP iterations: 18 avg. #corrs. 931, |G|: 4 sec: 0.041
It: 213 #keyframes: 4 avg. #ICP iterations: 17.25 avg. #corrs. 917, |G|: 4 sec: 0.032
It: 214 #keyframes: 4 avg. #ICP iterations: 21.75 avg. #corrs. 898, |G|: 4 sec: 0.034
It: 215 #keyframes: 4 avg. #ICP iterations: 32 avg. #corrs. 907.5, |G|: 4 sec: 0.062
It: 216 #keyframes: 4 avg. #ICP iterations: 32.25 avg. #corrs. 928, |G|: 4 sec: 0.067
It: 217 #keyframes: 4 avg. #ICP iterations: 31 avg. #corrs. 903.5, |G|: 4 sec: 0.048
It: 218 #keyframes: 4 avg. #ICP iterations: 18.25 avg. #corrs. 1074.5, |G|: 4 sec: 0.034
It: 219 #keyframes: 4 avg. #ICP iterations: 20.25 avg. #corrs. 1049.25, |G|: 4 sec: 0.039
It: 220 #keyframes: 4 avg. #ICP iterations: 18.75 avg. #corrs. 1085.5, |G|: 4 sec: 0.037
It: 221 #keyframes: 4 avg. #ICP iterations: 18.25 avg. #corrs. 1044.5, |G|: 4 sec: 0.046
It: 222 #keyframes: 4 avg. #ICP iterations: 24.25 avg. #corrs. 1002.5, |G|: 4 sec: 0.049
It: 223 #keyframes: 4 avg. #ICP iterations: 21.5 avg. #corrs. 1006.25, |G|: 4 sec: 0.059
It: 224 #keyframes: 4 avg. #ICP iterations: 20.5 avg. #corrs. 980.5, |G|: 4 sec: 0.037
It: 225 #keyframes: 4 avg. #ICP iterations: 16.25 avg. #corrs. 1005.25, |G|: 4 sec: 0.045
It: 226 #keyframes: 4 avg. #ICP iterations: 21.25 avg. #corrs. 1012.25, |G|: 4 sec: 0.079
It: 227 #keyframes: 4 avg. #ICP iterations: 17 avg. #corrs. 1028.75, |G|: 4 sec: 0.05
It: 228 #keyframes: 4 avg. #ICP iterations: 20.25 avg. #corrs. 994.5, |G|: 4 sec: 0.042
It: 229 #keyframes: 4 avg. #ICP iterations: 18 avg. #corrs. 953.25, |G|: 4 sec: 0.033
It: 230 #keyframes: 4 avg. #ICP iterations: 17 avg. #corrs. 1082, |G|: 4 sec: 0.029
It: 231 #keyframes: 4 avg. #ICP iterations: 19.5 avg. #corrs. 1045.5, |G|: 4 sec: 0.047
It: 232 #keyframes: 4 avg. #ICP iterations: 19 avg. #corrs. 1030.5, |G|: 4 sec: 0.036
It: 233 #keyframes: 4 avg. #ICP iterations: 16.25 avg. #corrs. 1009.75, |G|: 4 sec: 0.032
It: 234 #keyframes: 4 avg. #ICP iterations: 19.5 avg. #corrs. 1021, |G|: 4 sec: 0.046
It: 235 #keyframes: 4 avg. #ICP iterations: 16.75 avg. #corrs. 1049.25, |G|: 4 sec: 0.047
It: 236 #keyframes: 4 avg. #ICP iterations: 22 avg. #corrs. 1035.5, |G|: 4 sec: 0.05
It: 237 #keyframes: 4 avg. #ICP iterations: 17.25 avg. #corrs. 1021.5, |G|: 4 sec: 0.028
It: 238 #keyframes: 4 avg. #ICP iterations: 16.5 avg. #corrs. 1018.75, |G|: 4 sec: 0.035
It: 239 #keyframes: 4 avg. #ICP iterations: 17.5 avg. #corrs. 992.75, |G|: 4 sec: 0.038
It: 240 #keyframes: 4 avg. #ICP iterations: 15.5 avg. #corrs. 974, |G|: 4 sec: 0.034
It: 241 #keyframes: 4 avg. #ICP iterations: 16.75 avg. #corrs. 960.75, |G|: 4 sec: 0.039
It: 242 #keyframes: 4 avg. #ICP iterations: 28.75 avg. #corrs. 954.25, |G|: 4 sec: 0.064
It: 243 #keyframes: 4 avg. #ICP iterations: 20 avg. #corrs. 1065.75, |G|: 4 sec: 0.058
It: 244 #keyframes: 4 avg. #ICP iterations: 23 avg. #corrs. 1100.25, |G|: 4 sec: 0.046
It: 245 #keyframes: 4 avg. #ICP iterations: 24.25 avg. #corrs. 1087.25, |G|: 4 sec: 0.056
It: 246 #keyframes: 4 avg. #ICP iterations: 19.75 avg. #corrs. 1094.25, |G|: 4 sec: 0.045
It: 247 #keyframes: 4 avg. #ICP iterations: 16.75 avg. #corrs. 1122.25, |G|: 4 sec: 0.034
It: 248 #keyframes: 4 avg. #ICP iterations: 16.75 avg. #corrs. 1127.5, |G|: 4 sec: 0.041
It: 249 #keyframes: 4 avg. #ICP iterations: 22.5 avg. #corrs. 1090.5, |G|: 4 sec: 0.06
It: 250 #keyframes: 4 avg. #ICP iterations: 19 avg. #corrs. 1077, |G|: 4 sec: 0.041
It: 251 #keyframes: 4 avg. #ICP iterations: 36.5 avg. #corrs. 1067, |G|: 4 sec: 0.064
It: 252 #keyframes: 4 avg. #ICP iterations: 17.5 avg. #corrs. 1055, |G|: 4 sec: 0.047
It: 253 #keyframes: 4 avg. #ICP iterations: 27.75 avg. #corrs. 1032, |G|: 4 sec: 0.064
It: 254 #keyframes: 4 avg. #ICP iterations: 21.25 avg. #corrs. 1002.75, |G|: 4 sec: 0.054
It: 255 #keyframes: 4 avg. #ICP iterations: 23.75 avg. #corrs. 1008.75, |G|: 4 sec: 0.052
It: 256 #keyframes: 4 avg. #ICP iterations: 26.5 avg. #corrs. 980.5, |G|: 4 sec: 0.077
It: 257 #keyframes: 4 avg. #ICP iterations: 19 avg. #corrs. 970.5, |G|: 4 sec: 0.056
It: 258 #keyframes: 4 avg. #ICP iterations: 20.25 avg. #corrs. 987, |G|: 4 sec: 0.041
It: 259 #keyframes: 4 avg. #ICP iterations: 17.75 avg. #corrs. 1100.75, |G|: 4 sec: 0.035
It: 260 #keyframes: 4 avg. #ICP iterations: 15 avg. #corrs. 1127.75, |G|: 4 sec: 0.037
It: 261 #keyframes: 4 avg. #ICP iterations: 19.5 avg. #corrs. 1108.5, |G|: 4 sec: 0.047
It: 262 #keyframes: 4 avg. #ICP iterations: 20.5 avg. #corrs. 1090.5, |G|: 4 sec: 0.042
It: 263 #keyframes: 4 avg. #ICP iterations: 20.75 avg. #corrs. 1070.75, |G|: 4 sec: 0.055
It: 264 #keyframes: 4 avg. #ICP iterations: 16.75 avg. #corrs. 1069, |G|: 4 sec: 0.052
It: 265 #keyframes: 4 avg. #ICP iterations: 17.75 avg. #corrs. 1071, |G|: 4 sec: 0.046
It: 266 #keyframes: 4 avg. #ICP iterations: 21.75 avg. #corrs. 1050, |G|: 4 sec: 0.047
It: 267 #keyframes: 4 avg. #ICP iterations: 29.5 avg. #corrs. 1056, |G|: 4 sec: 0.068
It: 268 #keyframes: 4 avg. #ICP iterations: 18.25 avg. #corrs. 1031.5, |G|: 4 sec: 0.049
It: 269 #keyframes: 4 avg. #ICP iterations: 24 avg. #corrs. 1030.5, |G|: 4 sec: 0.047
It: 270 #keyframes: 4 avg. #ICP iterations: 19.5 avg. #corrs. 1028.25, |G|: 4 sec: 0.056
It: 271 #keyframes: 4 avg. #ICP iterations: 16.25 avg. #corrs. 1027, |G|: 4 sec: 0.032
It: 272 #keyframes: 4 avg. #ICP iterations: 19.75 avg. #corrs. 1036, |G|: 4 sec: 0.049
It: 273 #keyframes: 4 avg. #ICP iterations: 16.25 avg. #corrs. 1088.75, |G|: 4 sec: 0.073
It: 274 #keyframes: 4 avg. #ICP iterations: 14.25 avg. #corrs. 1105.25, |G|: 4 sec: 0.056
It: 275 #keyframes: 4 avg. #ICP iterations: 21 avg. #corrs. 1080.75, |G|: 4 sec: 0.057
It: 276 #keyframes: 4 avg. #ICP iterations: 18 avg. #corrs. 1058, |G|: 4 sec: 0.038
It: 277 #keyframes: 4 avg. #ICP iterations: 25.25 avg. #corrs. 1034.5, |G|: 4 sec: 0.049
It: 278 #keyframes: 4 avg. #ICP iterations: 21.75 avg. #corrs. 1021.75, |G|: 4 sec: 0.047
It: 279 #keyframes: 4 avg. #ICP iterations: 24.25 avg. #corrs. 1005.25, |G|: 4 sec: 0.071
It: 280 #keyframes: 4 avg. #ICP iterations: 25 avg. #corrs. 1011, |G|: 4 sec: 0.061
It: 281 #keyframes: 4 avg. #ICP iterations: 27.25 avg. #corrs. 971.5, |G|: 4 sec: 0.056
It: 282 #keyframes: 4 avg. #ICP iterations: 13 avg. #corrs. 959.25, |G|: 4 sec: 0.055
It: 283 #keyframes: 4 avg. #ICP iterations: 21 avg. #corrs. 980, |G|: 4 sec: 0.05
It: 284 #keyframes: 4 avg. #ICP iterations: 23.5 avg. #corrs. 961.5, |G|: 4 sec: 0.072
It: 285 #keyframes: 4 avg. #ICP iterations: 19.25 avg. #corrs. 1124, |G|: 4 sec: 0.062
It: 286 #keyframes: 4 avg. #ICP iterations: 21.25 avg. #corrs. 1132.25, |G|: 4 sec: 0.056
It: 287 #keyframes: 4 avg. #ICP iterations: 16 avg. #corrs. 1120.5, |G|: 4 sec: 0.035
It: 288 #keyframes: 4 avg. #ICP iterations: 19.5 avg. #corrs. 1115.25, |G|: 4 sec: 0.059
It: 289 #keyframes: 4 avg. #ICP iterations: 19.75 avg. #corrs. 1079.5, |G|: 4 sec: 0.043
It: 290 #keyframes: 4 avg. #ICP iterations: 15.25 avg. #corrs. 1080.25, |G|: 4 sec: 0.058
It: 291 #keyframes: 4 avg. #ICP iterations: 20.75 avg. #corrs. 1026.75, |G|: 4 sec: 0.044
It: 292 #keyframes: 4 avg. #ICP iterations: 20.75 avg. #corrs. 997.75, |G|: 4 sec: 0.048
It: 293 #keyframes: 4 avg. #ICP iterations: 21 avg. #corrs. 1004.75, |G|: 4 sec: 0.036
It: 294 #keyframes: 4 avg. #ICP iterations: 21.75 avg. #corrs. 973.5, |G|: 4 sec: 0.048
It: 295 #keyframes: 4 avg. #ICP iterations: 20.25 avg. #corrs. 1137.5, |G|: 4 sec: 0.058
It: 296 #keyframes: 4 avg. #ICP iterations: 25 avg. #corrs. 1120, |G|: 4 sec: 0.053
It: 297 #keyframes: 4 avg. #ICP iterations: 20.25 avg. #corrs. 1095.25, |G|: 4 sec: 0.068
It: 298 #keyframes: 4 avg. #ICP iterations: 16.75 avg. #corrs. 1079.25, |G|: 4 sec: 0.034
It: 299 #keyframes: 4 avg. #ICP iterations: 17.5 avg. #corrs. 1096.75, |G|: 4 sec: 0.04
It: 300 #keyframes: 4 avg. #ICP iterations: 19 avg. #corrs. 1054.75, |G|: 4 sec: 0.033
It: 301 #keyframes: 4 avg. #ICP iterations: 21.25 avg. #corrs. 1079.5, |G|: 4 sec: 0.055
It: 302 #keyframes: 4 avg. #ICP iterations: 21.25 avg. #corrs. 1046.75, |G|: 4 sec: 0.064
It: 303 #keyframes: 4 avg. #ICP iterations: 17.25 avg. #corrs. 1038.5, |G|: 4 sec: 0.05
It: 304 #keyframes: 4 avg. #ICP iterations: 16 avg. #corrs. 1006.25, |G|: 4 sec: 0.042
It: 305 #keyframes: 4 avg. #ICP iterations: 18.5 avg. #corrs. 1116.75, |G|: 4 sec: 0.039
It: 306 #keyframes: 4 avg. #ICP iterations: 18.25 avg. #corrs. 1103, |G|: 4 sec: 0.039
It: 307 #keyframes: 4 avg. #ICP iterations: 16.75 avg. #corrs. 1107, |G|: 4 sec: 0.033
It: 308 #keyframes: 4 avg. #ICP iterations: 21 avg. #corrs. 1084.75, |G|: 4 sec: 0.045
It: 309 #keyframes: 4 avg. #ICP iterations: 20.5 avg. #corrs. 1074, |G|: 4 sec: 0.038
It: 310 #keyframes: 4 avg. #ICP iterations: 19 avg. #corrs. 1038.5, |G|: 4 sec: 0.033
It: 311 #keyframes: 4 avg. #ICP iterations: 24.5 avg. #corrs. 1013.75, |G|: 4 sec: 0.054
It: 312 #keyframes: 4 avg. #ICP iterations: 15 avg. #corrs. 990.75, |G|: 4 sec: 0.045
It: 313 #keyframes: 4 avg. #ICP iterations: 19.5 avg. #corrs. 1011.5, |G|: 4 sec: 0.03
It: 314 #keyframes: 4 avg. #ICP iterations: 19 avg. #corrs. 987.25, |G|: 4 sec: 0.038
It: 315 #keyframes: 4 avg. #ICP iterations: 21.25 avg. #corrs. 1079.75, |G|: 4 sec: 0.049
It: 316 #keyframes: 4 avg. #ICP iterations: 28.5 avg. #corrs. 1072.75, |G|: 4 sec: 0.074
It: 317 #keyframes: 4 avg. #ICP iterations: 19.5 avg. #corrs. 1061.5, |G|: 4 sec: 0.04
It: 318 #keyframes: 4 avg. #ICP iterations: 18.5 avg. #corrs. 1066.75, |G|: 4 sec: 0.048
It: 319 #keyframes: 4 avg. #ICP iterations: 19.25 avg. #corrs. 1042.75, |G|: 4 sec: 0.046
It: 320 #keyframes: 4 avg. #ICP iterations: 17.25 avg. #corrs. 1030, |G|: 4 sec: 0.055
It: 321 #keyframes: 4 avg. #ICP iterations: 14.5 avg. #corrs. 1018, |G|: 4 sec: 0.036
It: 322 #keyframes: 4 avg. #ICP iterations: 21.5 avg. #corrs. 1029, |G|: 4 sec: 0.04
It: 323 #keyframes: 4 avg. #ICP iterations: 19.75 avg. #corrs. 990.5, |G|: 4 sec: 0.038
It: 324 #keyframes: 4 avg. #ICP iterations: 17.5 avg. #corrs. 972.5, |G|: 4 sec: 0.049
It: 325 #keyframes: 4 avg. #ICP iterations: 15 avg. #corrs. 1044.5, |G|: 4 sec: 0.033
It: 326 #keyframes: 4 avg. #ICP iterations: 17.5 avg. #corrs. 1054.75, |G|: 4 sec: 0.035
It: 327 #keyframes: 4 avg. #ICP iterations: 16.75 avg. #corrs. 1007.5, |G|: 4 sec: 0.03
It: 328 #keyframes: 4 avg. #ICP iterations: 20.25 avg. #corrs. 1010.5, |G|: 4 sec: 0.056
It: 329 #keyframes: 4 avg. #ICP iterations: 22 avg. #corrs. 991.5, |G|: 4 sec: 0.07
It: 330 #keyframes: 4 avg. #ICP iterations: 17.75 avg. #corrs. 985.25, |G|: 4 sec: 0.034
It: 331 #keyframes: 4 avg. #ICP iterations: 24.5 avg. #corrs. 1003, |G|: 4 sec: 0.058
It: 332 #keyframes: 4 avg. #ICP iterations: 20.25 avg. #corrs. 977.25, |G|: 4 sec: 0.048
It: 333 #keyframes: 4 avg. #ICP iterations: 20.75 avg. #corrs. 924.75, |G|: 4 sec: 0.04
It: 334 #keyframes: 4 avg. #ICP iterations: 21 avg. #corrs. 895.75, |G|: 4 sec: 0.042
It: 335 #keyframes: 4 avg. #ICP iterations: 15.75 avg. #corrs. 1043, |G|: 4 sec: 0.043
It: 336 #keyframes: 4 avg. #ICP iterations: 17 avg. #corrs. 983.25, |G|: 4 sec: 0.041
It: 337 #keyframes: 4 avg. #ICP iterations: 20.75 avg. #corrs. 1022.5, |G|: 4 sec: 0.036
It: 338 #keyframes: 4 avg. #ICP iterations: 18.5 avg. #corrs. 995.5, |G|: 4 sec: 0.036
It: 339 #keyframes: 4 avg. #ICP iterations: 16.5 avg. #corrs. 995, |G|: 4 sec: 0.037
It: 340 #keyframes: 4 avg. #ICP iterations: 18.5 avg. #corrs. 954.25, |G|: 4 sec: 0.034
It: 341 #keyframes: 4 avg. #ICP iterations: 17.75 avg. #corrs. 972.5, |G|: 4 sec: 0.051
It: 342 #keyframes: 4 avg. #ICP iterations: 18.25 avg. #corrs. 918, |G|: 4 sec: 0.048
It: 343 #keyframes: 4 avg. #ICP iterations: 18 avg. #corrs. 925, |G|: 4 sec: 0.046
It: 344 #keyframes: 4 avg. #ICP iterations: 25 avg. #corrs. 927.25, |G|: 4 sec: 0.052
It: 345 #keyframes: 4 avg. #ICP iterations: 16.25 avg. #corrs. 1012, |G|: 4 sec: 0.046
It: 346 #keyframes: 4 avg. #ICP iterations: 18.5 avg. #corrs. 1007, |G|: 4 sec: 0.036
It: 347 #keyframes: 4 avg. #ICP iterations: 17.5 avg. #corrs. 988.75, |G|: 4 sec: 0.048
It: 348 #keyframes: 4 avg. #ICP iterations: 20 avg. #corrs. 989.25, |G|: 4 sec: 0.054
It: 349 #keyframes: 4 avg. #ICP iterations: 12.25 avg. #corrs. 980, |G|: 4 sec: 0.042
It: 350 #keyframes: 4 avg. #ICP iterations: 22.5 avg. #corrs. 973.25, |G|: 4 sec: 0.064
It: 351 #keyframes: 4 avg. #ICP iterations: 21.25 avg. #corrs. 989.5, |G|: 4 sec: 0.044
It: 352 #keyframes: 4 avg. #ICP iterations: 16.25 avg. #corrs. 981.5, |G|: 4 sec: 0.034
It: 353 #keyframes: 4 avg. #ICP iterations: 14.75 avg. #corrs. 961.75, |G|: 4 sec: 0.037
It: 354 #keyframes: 4 avg. #ICP iterations: 15 avg. #corrs. 963.5, |G|: 4 sec: 0.035
It: 355 #keyframes: 4 avg. #ICP iterations: 18.25 avg. #corrs. 962.5, |G|: 4 sec: 0.042
It: 356 #keyframes: 4 avg. #ICP iterations: 19.25 avg. #corrs. 1076.75, |G|: 4 sec: 0.061
It: 357 #keyframes: 4 avg. #ICP iterations: 18.75 avg. #corrs. 1030.75, |G|: 4 sec: 0.042
It: 358 #keyframes: 4 avg. #ICP iterations: 24.25 avg. #corrs. 1067.25, |G|: 4 sec: 0.062
It: 359 #keyframes: 4 avg. #ICP iterations: 18.5 avg. #corrs. 1070.25, |G|: 4 sec: 0.041
It: 360 #keyframes: 4 avg. #ICP iterations: 22.5 avg. #corrs. 1100.25, |G|: 4 sec: 0.074
It: 361 #keyframes: 4 avg. #ICP iterations: 14.75 avg. #corrs. 1067.25, |G|: 4 sec: 0.051
It: 362 #keyframes: 4 avg. #ICP iterations: 20.25 avg. #corrs. 1045.25, |G|: 4 sec: 0.045
It: 363 #keyframes: 4 avg. #ICP iterations: 23.5 avg. #corrs. 1063.5, |G|: 4 sec: 0.056
It: 364 #keyframes: 4 avg. #ICP iterations: 22.25 avg. #corrs. 1050.25, |G|: 4 sec: 0.083
It: 365 #keyframes: 4 avg. #ICP iterations: 18.5 avg. #corrs. 1029, |G|: 4 sec: 0.043
It: 366 #keyframes: 4 avg. #ICP iterations: 19.5 avg. #corrs. 1035, |G|: 4 sec: 0.046
It: 367 #keyframes: 4 avg. #ICP iterations: 23.75 avg. #corrs. 1009, |G|: 4 sec: 0.071
It: 368 #keyframes: 4 avg. #ICP iterations: 13.75 avg. #corrs. 1087, |G|: 4 sec: 0.064
It: 369 #keyframes: 4 avg. #ICP iterations: 19.5 avg. #corrs. 1061.25, |G|: 4 sec: 0.042
It: 370 #keyframes: 4 avg. #ICP iterations: 18.25 avg. #corrs. 1077.25, |G|: 4 sec: 0.064
It: 371 #keyframes: 4 avg. #ICP iterations: 19 avg. #corrs. 1040, |G|: 4 sec: 0.032
It: 372 #keyframes: 4 avg. #ICP iterations: 23.5 avg. #corrs. 1037, |G|: 4 sec: 0.048
It: 373 #keyframes: 4 avg. #ICP iterations: 17.25 avg. #corrs. 1042, |G|: 4 sec: 0.058
It: 374 #keyframes: 4 avg. #ICP iterations: 21.5 avg. #corrs. 1033.5, |G|: 4 sec: 0.058
It: 375 #keyframes: 4 avg. #ICP iterations: 19.5 avg. #corrs. 1019, |G|: 4 sec: 0.053
It: 376 #keyframes: 4 avg. #ICP iterations: 19.25 avg. #corrs. 1013.25, |G|: 4 sec: 0.047
It: 377 #keyframes: 4 avg. #ICP iterations: 20.75 avg. #corrs. 1010.25, |G|: 4 sec: 0.046
It: 378 #keyframes: 4 avg. #ICP iterations: 21 avg. #corrs. 1018, |G|: 4 sec: 0.045
It: 379 #keyframes: 4 avg. #ICP iterations: 19.25 avg. #corrs. 1014.25, |G|: 4 sec: 0.047
It: 380 #keyframes: 4 avg. #ICP iterations: 26.5 avg. #corrs. 1006, |G|: 4 sec: 0.086
It: 381 #keyframes: 4 avg. #ICP iterations: 25.5 avg. #corrs. 1021.75, |G|: 4 sec: 0.059
It: 382 #keyframes: 4 avg. #ICP iterations: 18.5 avg. #corrs. 1155.75, |G|: 4 sec: 0.052
It: 383 #keyframes: 4 avg. #ICP iterations: 18.5 avg. #corrs. 1187.75, |G|: 4 sec: 0.081
It: 384 #keyframes: 4 avg. #ICP iterations: 17.25 avg. #corrs. 1209, |G|: 4 sec: 0.077
It: 385 #keyframes: 4 avg. #ICP iterations: 23.75 avg. #corrs. 1243.75, |G|: 4 sec: 0.062
It: 386 #keyframes: 4 avg. #ICP iterations: 16.25 avg. #corrs. 1250, |G|: 4 sec: 0.053
It: 387 #keyframes: 4 avg. #ICP iterations: 24 avg. #corrs. 1237.25, |G|: 4 sec: 0.09
It: 388 #keyframes: 4 avg. #ICP iterations: 20.25 avg. #corrs. 1253.75, |G|: 4 sec: 0.06
It: 389 #keyframes: 4 avg. #ICP iterations: 26 avg. #corrs. 1245, |G|: 4 sec: 0.074
It: 390 #keyframes: 4 avg. #ICP iterations: 19.25 avg. #corrs. 1299.25, |G|: 4 sec: 0.067
It: 391 #keyframes: 4 avg. #ICP iterations: 18 avg. #corrs. 1264.25, |G|: 4 sec: 0.077
It: 392 #keyframes: 4 avg. #ICP iterations: 20.25 avg. #corrs. 1273, |G|: 4 sec: 0.063
It: 393 #keyframes: 4 avg. #ICP iterations: 23.75 avg. #corrs. 1226.5, |G|: 4 sec: 0.064
It: 394 #keyframes: 4 avg. #ICP iterations: 16.75 avg. #corrs. 1493.75, |G|: 4 sec: 0.066
It: 395 #keyframes: 4 avg. #ICP iterations: 19 avg. #corrs. 1451.5, |G|: 4 sec: 0.074
It: 396 #keyframes: 4 avg. #ICP iterations: 20.5 avg. #corrs. 1457.5, |G|: 4 sec: 0.073
It: 397 #keyframes: 4 avg. #ICP iterations: 26.25 avg. #corrs. 1411.25, |G|: 4 sec: 0.086
It: 398 #keyframes: 4 avg. #ICP iterations: 21.5 avg. #corrs. 1427.5, |G|: 4 sec: 0.063
It: 399 #keyframes: 4 avg. #ICP iterations: 15.25 avg. #corrs. 1430.75, |G|: 4 sec: 0.057
It: 400 #keyframes: 4 avg. #ICP iterations: 19.25 avg. #corrs. 1420, |G|: 4 sec: 0.067
It: 401 #keyframes: 4 avg. #ICP iterations: 20.75 avg. #corrs. 1420.25, |G|: 4 sec: 0.059
It: 402 #keyframes: 4 avg. #ICP iterations: 18.25 avg. #corrs. 1443.5, |G|: 4 sec: 0.066
It: 403 #keyframes: 4 avg. #ICP iterations: 24 avg. #corrs. 1358.25, |G|: 4 sec: 0.091
It: 404 #keyframes: 4 avg. #ICP iterations: 14.25 avg. #corrs. 1361, |G|: 4 sec: 0.042
It: 405 #keyframes: 4 avg. #ICP iterations: 18.25 avg. #corrs. 1483.25, |G|: 4 sec: 0.058
It: 406 #keyframes: 4 avg. #ICP iterations: 17.75 avg. #corrs. 1474.25, |G|: 4 sec: 0.077
It: 407 #keyframes: 4 avg. #ICP iterations: 21.5 avg. #corrs. 1462.5, |G|: 4 sec: 0.078
It: 408 #keyframes: 4 avg. #ICP iterations: 19.25 avg. #corrs. 1527.75, |G|: 4 sec: 0.078
It: 409 #keyframes: 4 avg. #ICP iterations: 16.75 avg. #corrs. 1530, |G|: 4 sec: 0.051
It: 410 #keyframes: 4 avg. #ICP iterations: 19.5 avg. #corrs. 1495.25, |G|: 4 sec: 0.05
It: 411 #keyframes: 4 avg. #ICP iterations: 23 avg. #corrs. 1508.25, |G|: 4 sec: 0.06
It: 412 #keyframes: 4 avg. #ICP iterations: 27.25 avg. #corrs. 1462, |G|: 4 sec: 0.082
It: 413 #keyframes: 4 avg. #ICP iterations: 19.25 avg. #corrs. 1478, |G|: 4 sec: 0.054
It: 414 #keyframes: 4 avg. #ICP iterations: 26.25 avg. #corrs. 1503.75, |G|: 4 sec: 0.098
It: 415 #keyframes: 4 avg. #ICP iterations: 23.25 avg. #corrs. 1613, |G|: 4 sec: 0.082
It: 416 #keyframes: 4 avg. #ICP iterations: 31 avg. #corrs. 1695.5, |G|: 4 sec: 0.095
It: 417 #keyframes: 4 avg. #ICP iterations: 34.25 avg. #corrs. 1700.25, |G|: 4 sec: 0.083
It: 418 #keyframes: 4 avg. #ICP iterations: 20.25 avg. #corrs. 1730.75, |G|: 4 sec: 0.081
It: 419 #keyframes: 4 avg. #ICP iterations: 17.5 avg. #corrs. 1701.25, |G|: 4 sec: 0.057
It: 420 #keyframes: 4 avg. #ICP iterations: 23 avg. #corrs. 1671.75, |G|: 4 sec: 0.06
It: 421 #keyframes: 4 avg. #ICP iterations: 31.75 avg. #corrs. 1660.5, |G|: 4 sec: 0.095
It: 422 #keyframes: 4 avg. #ICP iterations: 25.25 avg. #corrs. 1644.75, |G|: 4 sec: 0.077
It: 423 #keyframes: 4 avg. #ICP iterations: 26.25 avg. #corrs. 1670.75, |G|: 4 sec: 0.065
It: 424 #keyframes: 4 avg. #ICP iterations: 22.5 avg. #corrs. 1631.5, |G|: 4 sec: 0.066
It: 425 #keyframes: 4 avg. #ICP iterations: 26.75 avg. #corrs. 1830.5, |G|: 4 sec: 0.094
It: 426 #keyframes: 4 avg. #ICP iterations: 30.75 avg. #corrs. 1876.75, |G|: 4 sec: 0.08
It: 427 #keyframes: 4 avg. #ICP iterations: 24.75 avg. #corrs. 1883.25, |G|: 4 sec: 0.085
It: 428 #keyframes: 4 avg. #ICP iterations: 21.75 avg. #corrs. 1875, |G|: 4 sec: 0.08
It: 429 #keyframes: 4 avg. #ICP iterations: 29.25 avg. #corrs. 1881.25, |G|: 4 sec: 0.079
It: 430 #keyframes: 4 avg. #ICP iterations: 35.75 avg. #corrs. 1882.5, |G|: 4 sec: 0.14
It: 431 #keyframes: 4 avg. #ICP iterations: 24.5 avg. #corrs. 1906.75, |G|: 4 sec: 0.086
It: 432 #keyframes: 4 avg. #ICP iterations: 24 avg. #corrs. 1858.25, |G|: 4 sec: 0.074
It: 433 #keyframes: 4 avg. #ICP iterations: 22.5 avg. #corrs. 1865.5, |G|: 4 sec: 0.069
It: 434 #keyframes: 4 avg. #ICP iterations: 24 avg. #corrs. 1839.25, |G|: 4 sec: 0.087
It: 435 #keyframes: 4 avg. #ICP iterations: 19.5 avg. #corrs. 1907, |G|: 4 sec: 0.08
It: 436 #keyframes: 4 avg. #ICP iterations: 23.75 avg. #corrs. 1975.75, |G|: 4 sec: 0.091
It: 437 #keyframes: 4 avg. #ICP iterations: 30.5 avg. #corrs. 1993.25, |G|: 4 sec: 0.084
It: 438 #keyframes: 4 avg. #ICP iterations: 29.75 avg. #corrs. 1941.75, |G|: 4 sec: 0.101
It: 439 #keyframes: 4 avg. #ICP iterations: 24.25 avg. #corrs. 1925.5, |G|: 4 sec: 0.075
It: 440 #keyframes: 4 avg. #ICP iterations: 21 avg. #corrs. 1905, |G|: 4 sec: 0.077
It: 441 #keyframes: 4 avg. #ICP iterations: 24.25 avg. #corrs. 1883, |G|: 4 sec: 0.078
It: 442 #keyframes: 4 avg. #ICP iterations: 26.5 avg. #corrs. 1897, |G|: 4 sec: 0.105
It: 443 #keyframes: 4 avg. #ICP iterations: 25.5 avg. #corrs. 1863.25, |G|: 4 sec: 0.099
It: 444 #keyframes: 4 avg. #ICP iterations: 28.5 avg. #corrs. 1859.25, |G|: 4 sec: 0.087
It: 445 #keyframes: 4 avg. #ICP iterations: 25.25 avg. #corrs. 2039.75, |G|: 4 sec: 0.066
It: 446 #keyframes: 4 avg. #ICP iterations: 27.5 avg. #corrs. 2025.25, |G|: 4 sec: 0.082
It: 447 #keyframes: 4 avg. #ICP iterations: 21.75 avg. #corrs. 1961.5, |G|: 4 sec: 0.068
It: 448 #keyframes: 4 avg. #ICP iterations: 26.25 avg. #corrs. 2000.25, |G|: 4 sec: 0.084
It: 449 #keyframes: 4 avg. #ICP iterations: 23.25 avg. #corrs. 1995.75, |G|: 4 sec: 0.091
It: 450 #keyframes: 4 avg. #ICP iterations: 23.5 avg. #corrs. 1994.75, |G|: 4 sec: 0.082
It: 451 #keyframes: 4 avg. #ICP iterations: 24.5 avg. #corrs. 1976.25, |G|: 4 sec: 0.067
It: 452 #keyframes: 4 avg. #ICP iterations: 26.25 avg. #corrs. 1925, |G|: 4 sec: 0.103
It: 453 #keyframes: 4 avg. #ICP iterations: 35.75 avg. #corrs. 1901.75, |G|: 4 sec: 0.128
It: 454 #keyframes: 4 avg. #ICP iterations: 28.5 avg. #corrs. 1907.75, |G|: 4 sec: 0.106
It: 455 #keyframes: 4 avg. #ICP iterations: 25 avg. #corrs. 2123.75, |G|: 4 sec: 0.089
It: 456 #keyframes: 4 avg. #ICP iterations: 24.75 avg. #corrs. 2160, |G|: 4 sec: 0.104
It: 457 #keyframes: 4 avg. #ICP iterations: 27.75 avg. #corrs. 2151, |G|: 4 sec: 0.09
It: 458 #keyframes: 4 avg. #ICP iterations: 24.25 avg. #corrs. 2157.25, |G|: 4 sec: 0.082
It: 459 #keyframes: 4 avg. #ICP iterations: 24.75 avg. #corrs. 2126, |G|: 4 sec: 0.088
It: 460 #keyframes: 4 avg. #ICP iterations: 27 avg. #corrs. 2080.75, |G|: 4 sec: 0.091
It: 461 #keyframes: 4 avg. #ICP iterations: 19.75 avg. #corrs. 2104.25, |G|: 4 sec: 0.085
It: 462 #keyframes: 4 avg. #ICP iterations: 21.75 avg. #corrs. 2051.5, |G|: 4 sec: 0.074
It: 463 #keyframes: 4 avg. #ICP iterations: 20.25 avg. #corrs. 2057.25, |G|: 4 sec: 0.069
It: 464 #keyframes: 4 avg. #ICP iterations: 20.75 avg. #corrs. 2020.5, |G|: 4 sec: 0.063
It: 465 #keyframes: 4 avg. #ICP iterations: 29.75 avg. #corrs. 1968.75, |G|: 4 sec: 0.083
It: 466 #keyframes: 4 avg. #ICP iterations: 22.75 avg. #corrs. 1976.5, |G|: 4 sec: 0.08
It: 467 #keyframes: 4 avg. #ICP iterations: 24.5 avg. #corrs. 2064.75, |G|: 4 sec: 0.086
It: 468 #keyframes: 4 avg. #ICP iterations: 32 avg. #corrs. 2060, |G|: 4 sec: 0.117
It: 469 #keyframes: 4 avg. #ICP iterations: 18.5 avg. #corrs. 2034, |G|: 4 sec: 0.065
It: 470 #keyframes: 4 avg. #ICP iterations: 25 avg. #corrs. 1975.25, |G|: 4 sec: 0.103
It: 471 #keyframes: 4 avg. #ICP iterations: 24.75 avg. #corrs. 1968.75, |G|: 4 sec: 0.093
It: 472 #keyframes: 4 avg. #ICP iterations: 26.25 avg. #corrs. 1942.5, |G|: 4 sec: 0.094
It: 473 #keyframes: 4 avg. #ICP iterations: 24 avg. #corrs. 1896.25, |G|: 4 sec: 0.087
It: 474 #keyframes: 4 avg. #ICP iterations: 27.25 avg. #corrs. 1869.25, |G|: 4 sec: 0.071
It: 475 #keyframes: 4 avg. #ICP iterations: 28.5 avg. #corrs. 1829, |G|: 4 sec: 0.086
It: 476 #keyframes: 4 avg. #ICP iterations: 24 avg. #corrs. 1728, |G|: 4 sec: 0.071
It: 477 #keyframes: 4 avg. #ICP iterations: 23.75 avg. #corrs. 1770.25, |G|: 4 sec: 0.08
It: 478 #keyframes: 4 avg. #ICP iterations: 17.75 avg. #corrs. 1800.75, |G|: 4 sec: 0.066
It: 479 #keyframes: 4 avg. #ICP iterations: 19.25 avg. #corrs. 1805.75, |G|: 4 sec: 0.067
It: 480 #keyframes: 4 avg. #ICP iterations: 29 avg. #corrs. 1781, |G|: 4 sec: 0.106
It: 481 #keyframes: 4 avg. #ICP iterations: 27.25 avg. #corrs. 1783.25, |G|: 4 sec: 0.115
It: 482 #keyframes: 4 avg. #ICP iterations: 25 avg. #corrs. 1756.25, |G|: 4 sec: 0.079
It: 483 #keyframes: 4 avg. #ICP iterations: 34.75 avg. #corrs. 1711, |G|: 4 sec: 0.095
It: 484 #keyframes: 4 avg. #ICP iterations: 23.75 avg. #corrs. 1694.75, |G|: 4 sec: 0.091
It: 485 #keyframes: 4 avg. #ICP iterations: 29.25 avg. #corrs. 1627.25, |G|: 4 sec: 0.101
It: 486 #keyframes: 4 avg. #ICP iterations: 24 avg. #corrs. 1624.75, |G|: 4 sec: 0.07
It: 487 #keyframes: 4 avg. #ICP iterations: 28.25 avg. #corrs. 1587, |G|: 4 sec: 0.083
It: 488 #keyframes: 4 avg. #ICP iterations: 24 avg. #corrs. 1560.75, |G|: 4 sec: 0.075
It: 489 #keyframes: 4 avg. #ICP iterations: 27.5 avg. #corrs. 1596.25, |G|: 4 sec: 0.101
It: 490 #keyframes: 4 avg. #ICP iterations: 21.25 avg. #corrs. 1582, |G|: 4 sec: 0.062
It: 491 #keyframes: 4 avg. #ICP iterations: 18.75 avg. #corrs. 1627.25, |G|: 4 sec: 0.052
It: 492 #keyframes: 4 avg. #ICP iterations: 27.5 avg. #corrs. 1580, |G|: 4 sec: 0.086
It: 493 #keyframes: 4 avg. #ICP iterations: 24.25 avg. #corrs. 1515.75, |G|: 4 sec: 0.104
It: 494 #keyframes: 4 avg. #ICP iterations: 25.5 avg. #corrs. 1521, |G|: 4 sec: 0.074
It: 495 #keyframes: 4 avg. #ICP iterations: 30.25 avg. #corrs. 1515.75, |G|: 4 sec: 0.098
It: 496 #keyframes: 4 avg. #ICP iterations: 21.75 avg. #corrs. 1495, |G|: 4 sec: 0.076
It: 497 #keyframes: 4 avg. #ICP iterations: 22.75 avg. #corrs. 1466, |G|: 4 sec: 0.049
It: 498 #keyframes: 4 avg. #ICP iterations: 16.5 avg. #corrs. 1439.5, |G|: 4 sec: 0.053
It: 499 #keyframes: 4 avg. #ICP iterations: 31.5 avg. #corrs. 1423.5, |G|: 4 sec: 0.082
It: 500 #keyframes: 4 avg. #ICP iterations: 28.25 avg. #corrs. 1411.25, |G|: 4 sec: 0.097
It: 501 #keyframes: 4 avg. #ICP iterations: 25.75 avg. #corrs. 1378.5, |G|: 4 sec: 0.059
It: 502 #keyframes: 4 avg. #ICP iterations: 25.75 avg. #corrs. 1393.5, |G|: 4 sec: 0.075
It: 503 #keyframes: 4 avg. #ICP iterations: 26 avg. #corrs. 1362.5, |G|: 4 sec: 0.063
It: 504 #keyframes: 4 avg. #ICP iterations: 26 avg. #corrs. 1422.5, |G|: 4 sec: 0.062
It: 505 #keyframes: 4 avg. #ICP iterations: 18.5 avg. #corrs. 1332.25, |G|: 4 sec: 0.063
It: 506 #keyframes: 4 avg. #ICP iterations: 15.25 avg. #corrs. 1393.5, |G|: 4 sec: 0.052
It: 507 #keyframes: 4 avg. #ICP iterations: 26.25 avg. #corrs. 1406.5, |G|: 4 sec: 0.065
It: 508 #keyframes: 4 avg. #ICP iterations: 25.75 avg. #corrs. 1365.75, |G|: 4 sec: 0.071
It: 509 #keyframes: 4 avg. #ICP iterations: 33.25 avg. #corrs. 1387.5, |G|: 4 sec: 0.092
It: 510 #keyframes: 4 avg. #ICP iterations: 30.25 avg. #corrs. 1386.5, |G|: 4 sec: 0.077
It: 511 #keyframes: 4 avg. #ICP iterations: 16.5 avg. #corrs. 1369, |G|: 4 sec: 0.054
It: 512 #keyframes: 4 avg. #ICP iterations: 25.75 avg. #corrs. 1348.25, |G|: 4 sec: 0.082
It: 513 #keyframes: 4 avg. #ICP iterations: 29.25 avg. #corrs. 1354, |G|: 4 sec: 0.101
It: 514 #keyframes: 4 avg. #ICP iterations: 21.5 avg. #corrs. 1355.75, |G|: 4 sec: 0.079
It: 515 #keyframes: 4 avg. #ICP iterations: 28.75 avg. #corrs. 1344.75, |G|: 4 sec: 0.088
It: 516 #keyframes: 4 avg. #ICP iterations: 26 avg. #corrs. 1358.25, |G|: 4 sec: 0.067
It: 517 #keyframes: 4 avg. #ICP iterations: 29 avg. #corrs. 1324, |G|: 4 sec: 0.087
It: 518 #keyframes: 4 avg. #ICP iterations: 27.5 avg. #corrs. 1330.5, |G|: 4 sec: 0.069
It: 519 #keyframes: 4 avg. #ICP iterations: 27.75 avg. #corrs. 1373.5, |G|: 4 sec: 0.08
It: 520 #keyframes: 4 avg. #ICP iterations: 26.25 avg. #corrs. 1332.5, |G|: 4 sec: 0.088
It: 521 #keyframes: 4 avg. #ICP iterations: 22.25 avg. #corrs. 1357, |G|: 4 sec: 0.067
It: 522 #keyframes: 4 avg. #ICP iterations: 21.75 avg. #corrs. 1446.75, |G|: 4 sec: 0.07
It: 523 #keyframes: 4 avg. #ICP iterations: 19.5 avg. #corrs. 1530.75, |G|: 4 sec: 0.065
It: 524 #keyframes: 4 avg. #ICP iterations: 20.5 avg. #corrs. 1548.75, |G|: 4 sec: 0.087
It: 525 #keyframes: 4 avg. #ICP iterations: 22.75 avg. #corrs. 1509, |G|: 4 sec: 0.078
It: 526 #keyframes: 4 avg. #ICP iterations: 17 avg. #corrs. 1484.25, |G|: 4 sec: 0.065
It: 527 #keyframes: 4 avg. #ICP iterations: 18 avg. #corrs. 1487.25, |G|: 4 sec: 0.051
It: 528 #keyframes: 4 avg. #ICP iterations: 17 avg. #corrs. 1451.75, |G|: 4 sec: 0.068
It: 529 #keyframes: 4 avg. #ICP iterations: 26.5 avg. #corrs. 1468.25, |G|: 4 sec: 0.069
It: 530 #keyframes: 4 avg. #ICP iterations: 18 avg. #corrs. 1457, |G|: 4 sec: 0.063
It: 531 #keyframes: 4 avg. #ICP iterations: 18 avg. #corrs. 1410.25, |G|: 4 sec: 0.062
It: 532 #keyframes: 4 avg. #ICP iterations: 24.5 avg. #corrs. 1408.5, |G|: 4 sec: 0.054
It: 533 #keyframes: 4 avg. #ICP iterations: 19.5 avg. #corrs. 1411.25, |G|: 4 sec: 0.071
It: 534 #keyframes: 4 avg. #ICP iterations: 24 avg. #corrs. 1376.75, |G|: 4 sec: 0.058
It: 535 #keyframes: 4 avg. #ICP iterations: 19.75 avg. #corrs. 1363.25, |G|: 4 sec: 0.065
It: 536 #keyframes: 4 avg. #ICP iterations: 22.5 avg. #corrs. 1341.25, |G|: 4 sec: 0.075
It: 537 #keyframes: 4 avg. #ICP iterations: 15.25 avg. #corrs. 1473.75, |G|: 4 sec: 0.053
It: 538 #keyframes: 4 avg. #ICP iterations: 20.75 avg. #corrs. 1517.5, |G|: 4 sec: 0.064
It: 539 #keyframes: 4 avg. #ICP iterations: 23.25 avg. #corrs. 1505.25, |G|: 4 sec: 0.068
It: 540 #keyframes: 4 avg. #ICP iterations: 19.5 avg. #corrs. 1459.75, |G|: 4 sec: 0.062
It: 541 #keyframes: 4 avg. #ICP iterations: 20.25 avg. #corrs. 1491.75, |G|: 4 sec: 0.072
It: 542 #keyframes: 4 avg. #ICP iterations: 15 avg. #corrs. 1497.5, |G|: 4 sec: 0.049
It: 543 #keyframes: 4 avg. #ICP iterations: 24.25 avg. #corrs. 1496.5, |G|: 4 sec: 0.054
It: 544 #keyframes: 4 avg. #ICP iterations: 19 avg. #corrs. 1521.25, |G|: 4 sec: 0.063
It: 545 #keyframes: 4 avg. #ICP iterations: 19.25 avg. #corrs. 1510, |G|: 4 sec: 0.058
It: 546 #keyframes: 4 avg. #ICP iterations: 18.5 avg. #corrs. 1512.25, |G|: 4 sec: 0.046
It: 547 #keyframes: 4 avg. #ICP iterations: 23 avg. #corrs. 1464.25, |G|: 4 sec: 0.085
It: 548 #keyframes: 4 avg. #ICP iterations: 14 avg. #corrs. 1480, |G|: 4 sec: 0.054
It: 549 #keyframes: 4 avg. #ICP iterations: 20 avg. #corrs. 1594.25, |G|: 4 sec: 0.079
It: 550 #keyframes: 4 avg. #ICP iterations: 14.5 avg. #corrs. 1562.75, |G|: 4 sec: 0.052
It: 551 #keyframes: 4 avg. #ICP iterations: 24 avg. #corrs. 1562, |G|: 4 sec: 0.083
It: 552 #keyframes: 4 avg. #ICP iterations: 19.75 avg. #corrs. 1522.75, |G|: 4 sec: 0.065
It: 553 #keyframes: 4 avg. #ICP iterations: 27.75 avg. #corrs. 1535, |G|: 4 sec: 0.095
It: 554 #keyframes: 4 avg. #ICP iterations: 17.75 avg. #corrs. 1525.75, |G|: 4 sec: 0.068
It: 555 #keyframes: 4 avg. #ICP iterations: 24.25 avg. #corrs. 1471.5, |G|: 4 sec: 0.078
It: 556 #keyframes: 4 avg. #ICP iterations: 24.5 avg. #corrs. 1445.75, |G|: 4 sec: 0.078
It: 557 #keyframes: 4 avg. #ICP iterations: 21.5 avg. #corrs. 1407.25, |G|: 4 sec: 0.079
It: 558 #keyframes: 4 avg. #ICP iterations: 16 avg. #corrs. 1405.75, |G|: 4 sec: 0.065
It: 559 #keyframes: 4 avg. #ICP iterations: 22.75 avg. #corrs. 1411.25, |G|: 4 sec: 0.085
It: 560 #keyframes: 4 avg. #ICP iterations: 20 avg. #corrs. 1461.25, |G|: 4 sec: 0.085
It: 561 #keyframes: 4 avg. #ICP iterations: 27 avg. #corrs. 1466.25, |G|: 4 sec: 0.098
It: 562 #keyframes: 4 avg. #ICP iterations: 20.5 avg. #corrs. 1487.75, |G|: 4 sec: 0.053
It: 563 #keyframes: 4 avg. #ICP iterations: 20.75 avg. #corrs. 1465.75, |G|: 4 sec: 0.053
It: 564 #keyframes: 4 avg. #ICP iterations: 22.25 avg. #corrs. 1484, |G|: 4 sec: 0.062
It: 565 #keyframes: 4 avg. #ICP iterations: 21 avg. #corrs. 1424.5, |G|: 4 sec: 0.064
It: 566 #keyframes: 4 avg. #ICP iterations: 22.5 avg. #corrs. 1394.5, |G|: 4 sec: 0.053
It: 567 #keyframes: 4 avg. #ICP iterations: 22.5 avg. #corrs. 1383.5, |G|: 4 sec: 0.066
It: 568 #keyframes: 4 avg. #ICP iterations: 22.75 avg. #corrs. 1395.25, |G|: 4 sec: 0.087
It: 569 #keyframes: 4 avg. #ICP iterations: 17.75 avg. #corrs. 1350.25, |G|: 4 sec: 0.05
It: 570 #keyframes: 4 avg. #ICP iterations: 19 avg. #corrs. 1495, |G|: 4 sec: 0.073
It: 571 #keyframes: 4 avg. #ICP iterations: 20.25 avg. #corrs. 1465.75, |G|: 4 sec: 0.07
It: 572 #keyframes: 4 avg. #ICP iterations: 23.5 avg. #corrs. 1472, |G|: 4 sec: 0.063
It: 573 #keyframes: 4 avg. #ICP iterations: 16.5 avg. #corrs. 1505, |G|: 4 sec: 0.057
It: 574 #keyframes: 4 avg. #ICP iterations: 18 avg. #corrs. 1493.75, |G|: 4 sec: 0.096
It: 575 #keyframes: 4 avg. #ICP iterations: 16.75 avg. #corrs. 1465.5, |G|: 4 sec: 0.053
It: 576 #keyframes: 4 avg. #ICP iterations: 19 avg. #corrs. 1474.5, |G|: 4 sec: 0.074
It: 577 #keyframes: 4 avg. #ICP iterations: 25.75 avg. #corrs. 1450.25, |G|: 4 sec: 0.064
It: 578 #keyframes: 4 avg. #ICP iterations: 24.5 avg. #corrs. 1417.75, |G|: 4 sec: 0.076
It: 579 #keyframes: 4 avg. #ICP iterations: 20.5 avg. #corrs. 1363, |G|: 4 sec: 0.069
It: 580 #keyframes: 4 avg. #ICP iterations: 18 avg. #corrs. 1472.75, |G|: 4 sec: 0.072
It: 581 #keyframes: 4 avg. #ICP iterations: 20.75 avg. #corrs. 1483.75, |G|: 4 sec: 0.083
It: 582 #keyframes: 4 avg. #ICP iterations: 23.5 avg. #corrs. 1454.75, |G|: 4 sec: 0.072
It: 583 #keyframes: 4 avg. #ICP iterations: 25 avg. #corrs. 1429, |G|: 4 sec: 0.074
It: 584 #keyframes: 4 avg. #ICP iterations: 39.75 avg. #corrs. 1389.75, |G|: 4 sec: 0.1
It: 585 #keyframes: 4 avg. #ICP iterations: 25.25 avg. #corrs. 1418.5, |G|: 4 sec: 0.074
It: 586 #keyframes: 4 avg. #ICP iterations: 27.75 avg. #corrs. 1372.5, |G|: 4 sec: 0.073
It: 587 #keyframes: 4 avg. #ICP iterations: 21.75 avg. #corrs. 1393.75, |G|: 4 sec: 0.069
It: 588 #keyframes: 4 avg. #ICP iterations: 29.75 avg. #corrs. 1361.25, |G|: 4 sec: 0.087
It: 589 #keyframes: 4 avg. #ICP iterations: 23 avg. #corrs. 1351.75, |G|: 4 sec: 0.053
It: 590 #keyframes: 4 avg. #ICP iterations: 22 avg. #corrs. 1459, |G|: 4 sec: 0.07
It: 591 #keyframes: 4 avg. #ICP iterations: 18.5 avg. #corrs. 1489, |G|: 4 sec: 0.055
It: 592 #keyframes: 4 avg. #ICP iterations: 26 avg. #corrs. 1441.75, |G|: 4 sec: 0.077
It: 593 #keyframes: 4 avg. #ICP iterations: 25 avg. #corrs. 1468.75, |G|: 4 sec: 0.078
It: 594 #keyframes: 4 avg. #ICP iterations: 23.5 avg. #corrs. 1472.5, |G|: 4 sec: 0.068
It: 595 #keyframes: 4 avg. #ICP iterations: 28.75 avg. #corrs. 1434, |G|: 4 sec: 0.088
It: 596 #keyframes: 4 avg. #ICP iterations: 19.25 avg. #corrs. 1406.75, |G|: 4 sec: 0.052
It: 597 #keyframes: 4 avg. #ICP iterations: 18.25 avg. #corrs. 1373.75, |G|: 4 sec: 0.042
It: 598 #keyframes: 4 avg. #ICP iterations: 25.5 avg. #corrs. 1362.75, |G|: 4 sec: 0.065
It: 599 #keyframes: 4 avg. #ICP iterations: 23 avg. #corrs. 1334.75, |G|: 4 sec: 0.067
It: 600 #keyframes: 4 avg. #ICP iterations: 16.5 avg. #corrs. 1449.25, |G|: 4 sec: 0.063
It: 601 #keyframes: 4 avg. #ICP iterations: 17.75 avg. #corrs. 1469, |G|: 4 sec: 0.058
It: 602 #keyframes: 4 avg. #ICP iterations: 23.75 avg. #corrs. 1444.75, |G|: 4 sec: 0.076
It: 603 #keyframes: 4 avg. #ICP iterations: 22 avg. #corrs. 1423.25, |G|: 4 sec: 0.08
It: 604 #keyframes: 4 avg. #ICP iterations: 42.75 avg. #corrs. 1413, |G|: 4 sec: 0.136
It: 605 #keyframes: 4 avg. #ICP iterations: 27.5 avg. #corrs. 1420, |G|: 4 sec: 0.075
It: 606 #keyframes: 4 avg. #ICP iterations: 23.5 avg. #corrs. 1389.25, |G|: 4 sec: 0.068
It: 607 #keyframes: 4 avg. #ICP iterations: 24.75 avg. #corrs. 1405.25, |G|: 4 sec: 0.074
It: 608 #keyframes: 4 avg. #ICP iterations: 23.5 avg. #corrs. 1383, |G|: 4 sec: 0.077
It: 609 #keyframes: 4 avg. #ICP iterations: 21.5 avg. #corrs. 1369, |G|: 4 sec: 0.067
It: 610 #keyframes: 4 avg. #ICP iterations: 22.75 avg. #corrs. 1451, |G|: 4 sec: 0.06
It: 611 #keyframes: 4 avg. #ICP iterations: 23.5 avg. #corrs. 1474.75, |G|: 4 sec: 0.079
It: 612 #keyframes: 4 avg. #ICP iterations: 19 avg. #corrs. 1472.25, |G|: 4 sec: 0.061
It: 613 #keyframes: 4 avg. #ICP iterations: 23.5 avg. #corrs. 1456, |G|: 4 sec: 0.065
It: 614 #keyframes: 4 avg. #ICP iterations: 25.75 avg. #corrs. 1449.25, |G|: 4 sec: 0.084
It: 615 #keyframes: 4 avg. #ICP iterations: 23.5 avg. #corrs. 1403.25, |G|: 4 sec: 0.069
It: 616 #keyframes: 4 avg. #ICP iterations: 24.5 avg. #corrs. 1376.5, |G|: 4 sec: 0.063
It: 617 #keyframes: 4 avg. #ICP iterations: 27 avg. #corrs. 1363, |G|: 4 sec: 0.082
It: 618 #keyframes: 4 avg. #ICP iterations: 25.25 avg. #corrs. 1334, |G|: 4 sec: 0.076
It: 619 #keyframes: 4 avg. #ICP iterations: 29 avg. #corrs. 1348.5, |G|: 4 sec: 0.086
It: 620 #keyframes: 4 avg. #ICP iterations: 25 avg. #corrs. 1584.25, |G|: 4 sec: 0.085
It: 621 #keyframes: 4 avg. #ICP iterations: 19.5 avg. #corrs. 1641.75, |G|: 4 sec: 0.068
It: 622 #keyframes: 4 avg. #ICP iterations: 25 avg. #corrs. 1608.5, |G|: 4 sec: 0.09
It: 623 #keyframes: 4 avg. #ICP iterations: 19.25 avg. #corrs. 1616.5, |G|: 4 sec: 0.066
It: 624 #keyframes: 4 avg. #ICP iterations: 22.5 avg. #corrs. 1605.5, |G|: 4 sec: 0.083
It: 625 #keyframes: 4 avg. #ICP iterations: 21.75 avg. #corrs. 1636.75, |G|: 4 sec: 0.062
It: 626 #keyframes: 4 avg. #ICP iterations: 25.75 avg. #corrs. 1659.5, |G|: 4 sec: 0.09
It: 627 #keyframes: 4 avg. #ICP iterations: 17.5 avg. #corrs. 1636.75, |G|: 4 sec: 0.05
It: 628 #keyframes: 4 avg. #ICP iterations: 18.5 avg. #corrs. 1605.75, |G|: 4 sec: 0.051
It: 629 #keyframes: 4 avg. #ICP iterations: 19.75 avg. #corrs. 1598.25, |G|: 4 sec: 0.077
It: 630 #keyframes: 4 avg. #ICP iterations: 20.5 avg. #corrs. 1619.25, |G|: 4 sec: 0.09
It: 631 #keyframes: 4 avg. #ICP iterations: 15.25 avg. #corrs. 1876, |G|: 4 sec: 0.052
It: 632 #keyframes: 4 avg. #ICP iterations: 14 avg. #corrs. 1832, |G|: 4 sec: 0.07
It: 633 #keyframes: 4 avg. #ICP iterations: 15.75 avg. #corrs. 1806.25, |G|: 4 sec: 0.065
It: 634 #keyframes: 4 avg. #ICP iterations: 17.25 avg. #corrs. 1772, |G|: 4 sec: 0.066
It: 635 #keyframes: 4 avg. #ICP iterations: 22.75 avg. #corrs. 1789, |G|: 4 sec: 0.086
It: 636 #keyframes: 4 avg. #ICP iterations: 24.25 avg. #corrs. 1732, |G|: 4 sec: 0.072
It: 637 #keyframes: 4 avg. #ICP iterations: 18.25 avg. #corrs. 1731.25, |G|: 4 sec: 0.083
It: 638 #keyframes: 4 avg. #ICP iterations: 16.75 avg. #corrs. 1708, |G|: 4 sec: 0.071
It: 639 #keyframes: 4 avg. #ICP iterations: 23.75 avg. #corrs. 1703.5, |G|: 4 sec: 0.082
It: 640 #keyframes: 4 avg. #ICP iterations: 19.25 avg. #corrs. 1666, |G|: 4 sec: 0.078
It: 641 #keyframes: 4 avg. #ICP iterations: 17.75 avg. #corrs. 1663.5, |G|: 4 sec: 0.062
It: 642 #keyframes: 4 avg. #ICP iterations: 15.5 avg. #corrs. 1894.25, |G|: 4 sec: 0.059
It: 643 #keyframes: 4 avg. #ICP iterations: 20 avg. #corrs. 1892, |G|: 4 sec: 0.078
It: 644 #keyframes: 4 avg. #ICP iterations: 15.25 avg. #corrs. 1837.75, |G|: 4 sec: 0.053
It: 645 #keyframes: 4 avg. #ICP iterations: 23.75 avg. #corrs. 1886.5, |G|: 4 sec: 0.104
It: 646 #keyframes: 4 avg. #ICP iterations: 19.75 avg. #corrs. 1825.75, |G|: 4 sec: 0.059
It: 647 #keyframes: 4 avg. #ICP iterations: 20.25 avg. #corrs. 1818.75, |G|: 4 sec: 0.093
It: 648 #keyframes: 4 avg. #ICP iterations: 21 avg. #corrs. 1746.75, |G|: 4 sec: 0.058
It: 649 #keyframes: 4 avg. #ICP iterations: 21.75 avg. #corrs. 1713.5, |G|: 4 sec: 0.074
It: 650 #keyframes: 4 avg. #ICP iterations: 23 avg. #corrs. 1681.75, |G|: 4 sec: 0.071
It: 651 #keyframes: 4 avg. #ICP iterations: 21.25 avg. #corrs. 1686.75, |G|: 4 sec: 0.079
It: 652 #keyframes: 4 avg. #ICP iterations: 15.75 avg. #corrs. 1690.75, |G|: 4 sec: 0.052
It: 653 #keyframes: 4 avg. #ICP iterations: 22 avg. #corrs. 1757.75, |G|: 4 sec: 0.091
It: 654 #keyframes: 4 avg. #ICP iterations: 23.75 avg. #corrs. 1756.25, |G|: 4 sec: 0.088
It: 655 #keyframes: 4 avg. #ICP iterations: 24.75 avg. #corrs. 1821.25, |G|: 4 sec: 0.085
It: 656 #keyframes: 4 avg. #ICP iterations: 19.25 avg. #corrs. 1790.75, |G|: 4 sec: 0.071
It: 657 #keyframes: 4 avg. #ICP iterations: 23.75 avg. #corrs. 1753, |G|: 4 sec: 0.079
It: 658 #keyframes: 4 avg. #ICP iterations: 17 avg. #corrs. 1774, |G|: 4 sec: 0.064
It: 659 #keyframes: 4 avg. #ICP iterations: 23.75 avg. #corrs. 1783.5, |G|: 4 sec: 0.074
It: 660 #keyframes: 4 avg. #ICP iterations: 16 avg. #corrs. 1752.5, |G|: 4 sec: 0.049
It: 661 #keyframes: 4 avg. #ICP iterations: 23.75 avg. #corrs. 1718.25, |G|: 4 sec: 0.075
It: 662 #keyframes: 4 avg. #ICP iterations: 22.5 avg. #corrs. 1704.25, |G|: 4 sec: 0.081
It: 663 #keyframes: 4 avg. #ICP iterations: 19.25 avg. #corrs. 1889.75, |G|: 4 sec: 0.073
It: 664 #keyframes: 4 avg. #ICP iterations: 28.75 avg. #corrs. 1883.25, |G|: 4 sec: 0.137
It: 665 #keyframes: 4 avg. #ICP iterations: 27.75 avg. #corrs. 1861, |G|: 4 sec: 0.101
It: 666 #keyframes: 4 avg. #ICP iterations: 20.75 avg. #corrs. 1887, |G|: 4 sec: 0.068
It: 667 #keyframes: 4 avg. #ICP iterations: 18.75 avg. #corrs. 1861.5, |G|: 4 sec: 0.071
It: 668 #keyframes: 4 avg. #ICP iterations: 17.75 avg. #corrs. 1836, |G|: 4 sec: 0.081
It: 669 #keyframes: 4 avg. #ICP iterations: 20.25 avg. #corrs. 1811, |G|: 4 sec: 0.071
It: 670 #keyframes: 4 avg. #ICP iterations: 27.5 avg. #corrs. 1799.25, |G|: 4 sec: 0.082
It: 671 #keyframes: 4 avg. #ICP iterations: 19.25 avg. #corrs. 1753.75, |G|: 4 sec: 0.057
It: 672 #keyframes: 4 avg. #ICP iterations: 24.25 avg. #corrs. 1731, |G|: 4 sec: 0.108
It: 673 #keyframes: 4 avg. #ICP iterations: 20 avg. #corrs. 1726.5, |G|: 4 sec: 0.073
It: 674 #keyframes: 4 avg. #ICP iterations: 15 avg. #corrs. 2002, |G|: 4 sec: 0.053
It: 675 #keyframes: 4 avg. #ICP iterations: 18.25 avg. #corrs. 2028, |G|: 4 sec: 0.068
It: 676 #keyframes: 4 avg. #ICP iterations: 16.5 avg. #corrs. 2016, |G|: 4 sec: 0.056
It: 677 #keyframes: 4 avg. #ICP iterations: 16.5 avg. #corrs. 1985, |G|: 4 sec: 0.058
It: 678 #keyframes: 4 avg. #ICP iterations: 17 avg. #corrs. 1960, |G|: 4 sec: 0.054
It: 679 #keyframes: 4 avg. #ICP iterations: 19.25 avg. #corrs. 1942.5, |G|: 4 sec: 0.077
It: 680 #keyframes: 4 avg. #ICP iterations: 21.25 avg. #corrs. 1911.5, |G|: 4 sec: 0.086
It: 681 #keyframes: 4 avg. #ICP iterations: 16.75 avg. #corrs. 1865.5, |G|: 4 sec: 0.061
It: 682 #keyframes: 4 avg. #ICP iterations: 19.25 avg. #corrs. 1868.5, |G|: 4 sec: 0.076
It: 683 #keyframes: 4 avg. #ICP iterations: 20.5 avg. #corrs. 1833.75, |G|: 4 sec: 0.078
It: 684 #keyframes: 4 avg. #ICP iterations: 21 avg. #corrs. 1818.25, |G|: 4 sec: 0.07
It: 685 #keyframes: 4 avg. #ICP iterations: 15.75 avg. #corrs. 1815.5, |G|: 4 sec: 0.078
It: 686 #keyframes: 4 avg. #ICP iterations: 16 avg. #corrs. 1936.75, |G|: 4 sec: 0.054
It: 687 #keyframes: 4 avg. #ICP iterations: 21.5 avg. #corrs. 1935.5, |G|: 4 sec: 0.087
It: 688 #keyframes: 4 avg. #ICP iterations: 17 avg. #corrs. 2055.5, |G|: 4 sec: 0.063
It: 689 #keyframes: 4 avg. #ICP iterations: 15.5 avg. #corrs. 2003.25, |G|: 4 sec: 0.05
It: 690 #keyframes: 4 avg. #ICP iterations: 18.5 avg. #corrs. 1955.75, |G|: 4 sec: 0.066
It: 691 #keyframes: 4 avg. #ICP iterations: 21.5 avg. #corrs. 1965.75, |G|: 4 sec: 0.08
It: 692 #keyframes: 4 avg. #ICP iterations: 15.5 avg. #corrs. 1954, |G|: 4 sec: 0.082
It: 693 #keyframes: 4 avg. #ICP iterations: 22.75 avg. #corrs. 1865.75, |G|: 4 sec: 0.067
It: 694 #keyframes: 4 avg. #ICP iterations: 18 avg. #corrs. 1835, |G|: 4 sec: 0.059
It: 695 #keyframes: 4 avg. #ICP iterations: 22.25 avg. #corrs. 1844.5, |G|: 4 sec: 0.078
It: 696 #keyframes: 4 avg. #ICP iterations: 18 avg. #corrs. 1810.25, |G|: 4 sec: 0.076
It: 697 #keyframes: 4 avg. #ICP iterations: 20.5 avg. #corrs. 1790.75, |G|: 4 sec: 0.091
It: 698 #keyframes: 4 avg. #ICP iterations: 19.25 avg. #corrs. 1724.75, |G|: 4 sec: 0.072
It: 699 #keyframes: 4 avg. #ICP iterations: 14 avg. #corrs. 1832, |G|: 4 sec: 0.051
It: 700 #keyframes: 4 avg. #ICP iterations: 13.5 avg. #corrs. 1889.25, |G|: 4 sec: 0.056
It: 701 #keyframes: 4 avg. #ICP iterations: 16.25 avg. #corrs. 1873.25, |G|: 4 sec: 0.077
It: 702 #keyframes: 4 avg. #ICP iterations: 18 avg. #corrs. 1870.75, |G|: 4 sec: 0.078
It: 703 #keyframes: 4 avg. #ICP iterations: 14.5 avg. #corrs. 1874.75, |G|: 4 sec: 0.063
It: 704 #keyframes: 4 avg. #ICP iterations: 16 avg. #corrs. 1847.25, |G|: 4 sec: 0.062
It: 705 #keyframes: 4 avg. #ICP iterations: 20.5 avg. #corrs. 1796, |G|: 4 sec: 0.086
It: 706 #keyframes: 4 avg. #ICP iterations: 23.25 avg. #corrs. 1720.25, |G|: 4 sec: 0.086
It: 707 #keyframes: 4 avg. #ICP iterations: 23.75 avg. #corrs. 1716, |G|: 4 sec: 0.071
It: 708 #keyframes: 4 avg. #ICP iterations: 20 avg. #corrs. 1742.5, |G|: 4 sec: 0.058
It: 709 #keyframes: 4 avg. #ICP iterations: 18.5 avg. #corrs. 1722.5, |G|: 4 sec: 0.065
It: 710 #keyframes: 4 avg. #ICP iterations: 20.25 avg. #corrs. 1658.75, |G|: 4 sec: 0.058
It: 711 #keyframes: 4 avg. #ICP iterations: 24.75 avg. #corrs. 1674.25, |G|: 4 sec: 0.082
It: 712 #keyframes: 4 avg. #ICP iterations: 22.75 avg. #corrs. 1650.5, |G|: 4 sec: 0.068
It: 713 #keyframes: 4 avg. #ICP iterations: 23.5 avg. #corrs. 1636.5, |G|: 4 sec: 0.066
It: 714 #keyframes: 4 avg. #ICP iterations: 19 avg. #corrs. 1609.25, |G|: 4 sec: 0.07
It: 715 #keyframes: 4 avg. #ICP iterations: 21.25 avg. #corrs. 1609.75, |G|: 4 sec: 0.065
It: 716 #keyframes: 4 avg. #ICP iterations: 15.5 avg. #corrs. 1772, |G|: 4 sec: 0.069
It: 717 #keyframes: 4 avg. #ICP iterations: 16.25 avg. #corrs. 1814.25, |G|: 4 sec: 0.059
It: 718 #keyframes: 4 avg. #ICP iterations: 21.25 avg. #corrs. 1812.75, |G|: 4 sec: 0.076
It: 719 #keyframes: 4 avg. #ICP iterations: 13.75 avg. #corrs. 1827.75, |G|: 4 sec: 0.041
It: 720 #keyframes: 4 avg. #ICP iterations: 18.5 avg. #corrs. 1785.5, |G|: 4 sec: 0.059
It: 721 #keyframes: 4 avg. #ICP iterations: 21.75 avg. #corrs. 1781.75, |G|: 4 sec: 0.08
It: 722 #keyframes: 4 avg. #ICP iterations: 18.25 avg. #corrs. 1763.25, |G|: 4 sec: 0.061
It: 723 #keyframes: 4 avg. #ICP iterations: 22.5 avg. #corrs. 1728, |G|: 4 sec: 0.076
It: 724 #keyframes: 4 avg. #ICP iterations: 14 avg. #corrs. 1721.75, |G|: 4 sec: 0.092
It: 725 #keyframes: 4 avg. #ICP iterations: 17.25 avg. #corrs. 1680.75, |G|: 4 sec: 0.061
It: 726 #keyframes: 4 avg. #ICP iterations: 21.75 avg. #corrs. 1675, |G|: 4 sec: 0.073
It: 727 #keyframes: 4 avg. #ICP iterations: 17.5 avg. #corrs. 1648.25, |G|: 4 sec: 0.053
It: 728 #keyframes: 4 avg. #ICP iterations: 18.25 avg. #corrs. 1673.25, |G|: 4 sec: 0.061
It: 729 #keyframes: 4 avg. #ICP iterations: 20.75 avg. #corrs. 1637.75, |G|: 4 sec: 0.096
It: 730 #keyframes: 4 avg. #ICP iterations: 17 avg. #corrs. 1662.75, |G|: 4 sec: 0.079
It: 731 #keyframes: 4 avg. #ICP iterations: 22.5 avg. #corrs. 1638.5, |G|: 4 sec: 0.089
It: 732 #keyframes: 4 avg. #ICP iterations: 16.75 avg. #corrs. 1591.5, |G|: 4 sec: 0.061
It: 733 #keyframes: 4 avg. #ICP iterations: 21.75 avg. #corrs. 1586.25, |G|: 4 sec: 0.069
It: 734 #keyframes: 4 avg. #ICP iterations: 14.5 avg. #corrs. 1560, |G|: 4 sec: 0.058
It: 735 #keyframes: 4 avg. #ICP iterations: 16.25 avg. #corrs. 1517.5, |G|: 4 sec: 0.056
It: 736 #keyframes: 4 avg. #ICP iterations: 27.75 avg. #corrs. 1518.75, |G|: 4 sec: 0.087
It: 737 #keyframes: 4 avg. #ICP iterations: 22 avg. #corrs. 1486, |G|: 4 sec: 0.062
It: 738 #keyframes: 4 avg. #ICP iterations: 26.25 avg. #corrs. 1554.75, |G|: 4 sec: 0.071
It: 739 #keyframes: 4 avg. #ICP iterations: 25.5 avg. #corrs. 1532.5, |G|: 4 sec: 0.084
It: 740 #keyframes: 4 avg. #ICP iterations: 20.25 avg. #corrs. 1530, |G|: 4 sec: 0.067
It: 741 #keyframes: 4 avg. #ICP iterations: 20.25 avg. #corrs. 1538.75, |G|: 4 sec: 0.048
It: 742 #keyframes: 4 avg. #ICP iterations: 21.25 avg. #corrs. 1502.25, |G|: 4 sec: 0.06
It: 743 #keyframes: 4 avg. #ICP iterations: 24.5 avg. #corrs. 1519, |G|: 4 sec: 0.062
It: 744 #keyframes: 4 avg. #ICP iterations: 21 avg. #corrs. 1690.75, |G|: 4 sec: 0.064
It: 745 #keyframes: 4 avg. #ICP iterations: 21.75 avg. #corrs. 1687.25, |G|: 4 sec: 0.068
It: 746 #keyframes: 4 avg. #ICP iterations: 19.75 avg. #corrs. 1750.75, |G|: 4 sec: 0.083
It: 747 #keyframes: 4 avg. #ICP iterations: 15.75 avg. #corrs. 1745, |G|: 4 sec: 0.07
It: 748 #keyframes: 4 avg. #ICP iterations: 24.75 avg. #corrs. 1748.75, |G|: 4 sec: 0.089
It: 749 #keyframes: 4 avg. #ICP iterations: 18.5 avg. #corrs. 1740, |G|: 4 sec: 0.069
It: 750 #keyframes: 4 avg. #ICP iterations: 25.25 avg. #corrs. 1753.75, |G|: 4 sec: 0.075
It: 751 #keyframes: 4 avg. #ICP iterations: 36.5 avg. #corrs. 1727, |G|: 4 sec: 0.089
It: 752 #keyframes: 4 avg. #ICP iterations: 27.25 avg. #corrs. 1756.75, |G|: 4 sec: 0.071
It: 753 #keyframes: 4 avg. #ICP iterations: 24.5 avg. #corrs. 1737.75, |G|: 4 sec: 0.061
It: 754 #keyframes: 4 avg. #ICP iterations: 27.75 avg. #corrs. 1705.75, |G|: 4 sec: 0.081
It: 755 #keyframes: 4 avg. #ICP iterations: 28.75 avg. #corrs. 1715.25, |G|: 4 sec: 0.089
It: 756 #keyframes: 4 avg. #ICP iterations: 24.5 avg. #corrs. 1705, |G|: 4 sec: 0.056
It: 757 #keyframes: 4 avg. #ICP iterations: 28.75 avg. #corrs. 1731, |G|: 4 sec: 0.081
It: 758 #keyframes: 4 avg. #ICP iterations: 24 avg. #corrs. 1732.25, |G|: 4 sec: 0.079
It: 759 #keyframes: 4 avg. #ICP iterations: 26.25 avg. #corrs. 1729.25, |G|: 4 sec: 0.08
It: 760 #keyframes: 4 avg. #ICP iterations: 18.25 avg. #corrs. 1721.5, |G|: 4 sec: 0.06
It: 761 #keyframes: 4 avg. #ICP iterations: 25.5 avg. #corrs. 1682.75, |G|: 4 sec: 0.08
It: 762 #keyframes: 4 avg. #ICP iterations: 22.25 avg. #corrs. 1686.25, |G|: 4 sec: 0.081
It: 763 #keyframes: 4 avg. #ICP iterations: 25.75 avg. #corrs. 1688.5, |G|: 4 sec: 0.083
It: 764 #keyframes: 4 avg. #ICP iterations: 26.5 avg. #corrs. 1724.5, |G|: 4 sec: 0.098
It: 765 #keyframes: 4 avg. #ICP iterations: 23.75 avg. #corrs. 1718, |G|: 4 sec: 0.08
It: 766 #keyframes: 4 avg. #ICP iterations: 26 avg. #corrs. 1685.5, |G|: 4 sec: 0.065
It: 767 #keyframes: 4 avg. #ICP iterations: 21.5 avg. #corrs. 1733.25, |G|: 4 sec: 0.066
It: 768 #keyframes: 4 avg. #ICP iterations: 30 avg. #corrs. 1744.75, |G|: 4 sec: 0.097
It: 769 #keyframes: 4 avg. #ICP iterations: 27.25 avg. #corrs. 1742.75, |G|: 4 sec: 0.083
It: 770 #keyframes: 4 avg. #ICP iterations: 23.5 avg. #corrs. 1716.5, |G|: 4 sec: 0.061
It: 771 #keyframes: 4 avg. #ICP iterations: 23.25 avg. #corrs. 1706.5, |G|: 4 sec: 0.072
It: 772 #keyframes: 4 avg. #ICP iterations: 23 avg. #corrs. 1743.25, |G|: 4 sec: 0.087
It: 773 #keyframes: 4 avg. #ICP iterations: 21.25 avg. #corrs. 1711.75, |G|: 4 sec: 0.067
It: 774 #keyframes: 4 avg. #ICP iterations: 21.75 avg. #corrs. 1693.75, |G|: 4 sec: 0.079
It: 775 #keyframes: 4 avg. #ICP iterations: 23.25 avg. #corrs. 1663.25, |G|: 4 sec: 0.077
It: 776 #keyframes: 4 avg. #ICP iterations: 28 avg. #corrs. 1672.5, |G|: 4 sec: 0.075
It: 777 #keyframes: 4 avg. #ICP iterations: 19.5 avg. #corrs. 1629.5, |G|: 4 sec: 0.052
It: 778 #keyframes: 4 avg. #ICP iterations: 22.25 avg. #corrs. 1630, |G|: 4 sec: 0.091
It: 779 #keyframes: 4 avg. #ICP iterations: 20.25 avg. #corrs. 1784.5, |G|: 4 sec: 0.058
It: 780 #keyframes: 4 avg. #ICP iterations: 17.25 avg. #corrs. 1869.5, |G|: 4 sec: 0.08
It: 781 #keyframes: 4 avg. #ICP iterations: 24.5 avg. #corrs. 1888.75, |G|: 4 sec: 0.083
It: 782 #keyframes: 4 avg. #ICP iterations: 20 avg. #corrs. 1856, |G|: 4 sec: 0.065
It: 783 #keyframes: 4 avg. #ICP iterations: 26.5 avg. #corrs. 1820.5, |G|: 4 sec: 0.078
It: 784 #keyframes: 4 avg. #ICP iterations: 14.5 avg. #corrs. 1814, |G|: 4 sec: 0.046
It: 785 #keyframes: 4 avg. #ICP iterations: 29.25 avg. #corrs. 1825.75, |G|: 4 sec: 0.085
It: 786 #keyframes: 4 avg. #ICP iterations: 20.25 avg. #corrs. 1854.25, |G|: 4 sec: 0.092
It: 787 #keyframes: 4 avg. #ICP iterations: 21.5 avg. #corrs. 1836.75, |G|: 4 sec: 0.073
It: 788 #keyframes: 4 avg. #ICP iterations: 20.5 avg. #corrs. 1865, |G|: 4 sec: 0.074
It: 789 #keyframes: 4 avg. #ICP iterations: 23.75 avg. #corrs. 1818.5, |G|: 4 sec: 0.089
It: 790 #keyframes: 4 avg. #ICP iterations: 26.75 avg. #corrs. 1840.5, |G|: 4 sec: 0.1
It: 791 #keyframes: 4 avg. #ICP iterations: 25.5 avg. #corrs. 1807.75, |G|: 4 sec: 0.093
It: 792 #keyframes: 4 avg. #ICP iterations: 21 avg. #corrs. 1782.25, |G|: 4 sec: 0.086
It: 793 #keyframes: 4 avg. #ICP iterations: 23.25 avg. #corrs. 1780.75, |G|: 4 sec: 0.094
It: 794 #keyframes: 4 avg. #ICP iterations: 22.5 avg. #corrs. 1752.25, |G|: 4 sec: 0.055
It: 795 #keyframes: 4 avg. #ICP iterations: 27.25 avg. #corrs. 1761.25, |G|: 4 sec: 0.09
It: 796 #keyframes: 4 avg. #ICP iterations: 22.25 avg. #corrs. 1788.25, |G|: 4 sec: 0.068
It: 797 #keyframes: 4 avg. #ICP iterations: 21.25 avg. #corrs. 1842, |G|: 4 sec: 0.081
It: 798 #keyframes: 4 avg. #ICP iterations: 25.5 avg. #corrs. 1783.25, |G|: 4 sec: 0.083
It: 799 #keyframes: 4 avg. #ICP iterations: 19.75 avg. #corrs. 1751, |G|: 4 sec: 0.065
It: 800 #keyframes: 4 avg. #ICP iterations: 23.25 avg. #corrs. 1741.75, |G|: 4 sec: 0.07
Finished running
Pipeline only: 15.0628frame/s
Avg. FPS: 13.7948
Total time (ms): Start to End: 58065.4, Sum of components: 57810.3
Dataloading: 4665.88ms ( 8.07103 %) 
Preprocessing: 5078.04ms ( 8.78397 %) 
ICP: 45008.3ms ( 77.8552 %) 
Graph optimization: 1676.36ms ( 2.89976 %) 
Graph update: 1381.69ms ( 2.39004 %) 
