0.038961
0.21340599999999998
0.390318
0.56243
0.750777
0.921303
1.095558
1.259321
1.4141169999999998
1.583081
1.760937
1.929455
2.09733
2.263892
2.430542
2.593374
2.756891
2.935105
3.111281
3.27347
3.435432
3.604355
3.776951
3.9386
4.101314
4.2657050000000005
4.436274000000001
4.607547000000001
4.784699000000002
4.9567320000000015
5.132562000000002
5.297395000000002
5.4744410000000014
5.651097000000002
5.830997000000002
6.003791000000001
6.176217000000001
6.345111000000001
6.507881000000001
6.672719000000001
6.837815000000001
7.009462000000001
7.191649000000001
7.3741200000000005
7.555307000000001
7.737960000000001
7.921199000000001
8.106193000000001
8.293212
8.481883
8.680073
8.869021
9.051072
9.247059
9.431239
9.652481
9.876065
10.092726
10.305099
10.528967
10.730833
10.944593000000001
11.149045000000001
11.356382000000002
11.582449000000002
11.788303000000003
11.997012000000003
12.197224000000004
12.389779000000004
12.607659000000004
12.832906000000003
13.062545000000004
13.282609000000004
13.497007000000004
13.711480000000003
13.921897000000003
14.128618000000003
14.334230000000003
14.545757000000004
14.758504000000004
14.971509000000005
15.179475000000005
15.384800000000006
15.599651000000005
15.805213000000006
16.032984000000006
16.255876000000008
16.471578000000008
16.68366500000001
16.896853000000007
17.110328000000006
17.319733000000006
17.531565000000008
17.739698000000008
17.946464000000006
18.157444000000005
18.352295000000005
18.549038000000007
18.741214000000006
18.932068000000008
19.11760300000001
19.30013100000001
19.492101000000012
19.683334000000013
19.878093000000014
20.083184000000013
20.265438000000014
20.450487000000013
20.640213000000013
20.825041000000013
21.013489000000014
21.195217000000014
21.370471000000013
21.547533000000012
21.73005800000001
21.91001800000001
22.08539700000001
22.280021000000012
22.470788000000013
22.653877000000012
22.848114000000013
23.033455000000014
23.220577000000013
23.402180000000012
23.60030300000001
23.784704000000012
23.970553000000013
24.169252000000014
24.351821000000015
24.539792000000016
24.725770000000015
24.912463000000017
25.106567000000016
25.288860000000017
25.472980000000017
25.66697900000002
25.85677000000002
26.063944000000017
26.255439000000017
26.454932000000017
26.651246000000018
26.85497700000002
27.05086200000002
27.24809100000002
27.45257800000002
27.65081400000002
27.84581600000002
28.033898000000022
28.228653000000023
28.432182000000022
28.63071600000002
28.83228800000002
29.02479700000002
29.243911000000022
29.44994900000002
29.655391000000023
29.85048600000002
30.033740000000023
30.227035000000022
30.420214000000023
30.621607000000022
30.81937000000002
31.03831700000002
31.24443800000002
31.44630300000002
31.652422000000023
31.864824000000024
32.06164700000002
32.27604700000002
32.48745500000002
32.69602200000002
32.91602900000002
33.131440000000026
33.34973900000003
33.56351200000003
33.77591100000003
33.98153100000003
34.20048200000003
34.39754800000003
34.59861500000003
34.80814600000003
35.027843000000026
35.253258000000024
35.47021600000002
35.69398500000002
35.89595200000002
36.100641000000024
36.29604700000002
36.508951000000025
36.701815000000025
36.901566000000024
37.09667100000002
37.30215100000002
37.51685400000002
37.736625000000025
37.94324400000003
38.15123000000003
38.36470300000003
38.592443000000024
38.794698000000025
38.997097000000025
39.213770000000025
39.418809000000024
39.621782000000024
39.822152000000024
40.031001000000025
40.233811000000024
40.43461600000003
40.619530000000026
40.826215000000026
41.03814000000003
41.24629700000003
41.44064000000003
41.64605100000003
41.83964100000003
42.04999900000003
42.23997900000003
42.45400600000003
42.64849900000003
42.85436300000003
43.04906700000003
43.24832900000003
43.45081700000003
43.65417000000003
43.85343600000003
44.06062600000003
44.253328000000025
44.45997500000002
44.67662100000002
44.89368000000002
45.10238800000002
45.31672700000002
45.52105100000002
45.72370600000002
45.92764800000002
46.12740600000002
46.34017500000002
46.56511700000002
46.77870600000002
47.00251400000002
47.21666300000002
47.43258900000002
47.65411700000002
47.86741400000002
48.08299700000002
48.30141600000002
48.503340000000016
48.73018800000001
48.95930000000001
49.186284000000015
49.424773000000016
49.63850200000002
49.85902500000002
50.076416000000016
50.285046000000015
50.50739100000001
50.73099700000001
50.96294800000001
51.19429200000001
51.40945300000001
51.636535000000016
51.872250000000015
52.10781900000001
52.32711000000001
52.56087500000001
52.78948600000001
53.02547400000001
53.24739400000001
53.47897100000001
53.70637100000001
53.94527400000001
54.178978000000015
54.406835000000015
54.630226000000015
54.858713000000016
55.086725000000015
55.30728900000002
55.53026500000002
55.74450900000002
55.96425800000002
56.18389300000002
56.41883700000002
56.64301300000002
56.86394300000002
57.07664800000002
57.30270500000002
57.519103000000015
57.735793000000015
57.95645000000002
58.18516200000002
58.40933300000002
58.63561700000002
58.851596000000015
59.07803600000001
59.30027000000001
59.51871300000001
59.73731200000001
59.97609600000001
60.193151000000015
60.407631000000016
60.624122000000014
60.84292100000001
61.06403200000001
61.27404200000001
61.50227300000001
61.71665900000001
61.92217200000001
62.120925000000014
62.319406000000015
62.519567000000016
62.72533900000002
62.92863200000002
63.13275900000002
63.33524600000002
63.535240000000016
63.73734800000002
63.93952700000002
64.12805900000002
64.32332600000002
64.53305200000003
64.75831600000002
64.97339200000002
65.17815300000002
65.39337400000002
65.60241800000003
65.81044800000002
66.01682900000002
66.22702400000001
66.42748900000001
66.63762100000001
66.84625700000001
67.04250800000001
67.24235200000001
67.44502700000001
67.641361
67.844966
68.045554
68.241434
68.43320299999999
68.62668099999999
68.820488
69.012106
69.211912
69.408937
69.60261899999999
69.79669999999999
69.98457499999999
70.18590699999999
70.37733499999999
70.567996
70.747863
70.93682
71.133147
71.32006399999999
71.52641399999999
71.73761799999998
71.94323899999998
72.15665199999998
72.36669699999997
72.57570999999997
72.77397999999997
72.97696499999996
73.17002699999996
73.36289499999997
73.56197899999997
73.76808099999997
73.95769299999996
74.15219299999997
74.34749599999996
74.54456099999996
74.73449599999996
74.92862599999997
75.11522899999997
75.30524499999997
75.49978099999997
75.70097999999997
75.91188499999997
76.11698199999996
76.32930799999997
76.53871799999997
76.73219099999997
76.92518499999997
77.12620899999997
77.31329799999997
77.50437799999997
77.70549199999998
77.90564699999997
78.09839299999997
78.30289099999997
78.49808699999997
78.69931099999997
78.89738899999996
79.08743699999997
79.29345199999996
79.49728399999996
79.69403599999997
79.88569999999997
80.09798999999997
80.28176099999996
80.47363899999996
80.65655599999997
80.83602699999997
81.01340299999997
81.20607499999997
81.40961099999997
81.62908199999997
81.83023499999997
82.03391999999997
82.23816399999997
82.44291799999996
82.65198299999996
82.87108199999996
83.08720599999995
83.28401099999995
83.48596099999995
83.68908799999994
83.89666599999994
84.10969199999994
84.30756099999994
84.50001399999994
84.68781099999994
84.87216799999995
85.06120099999994
85.25713299999994
85.45346499999994
85.64131099999993
85.82955299999993
86.02281599999993
86.20819099999993
86.41919699999993
86.60442999999992
86.78099499999992
86.95948999999992
87.14016899999991
87.32630999999992
87.51379999999992
87.68459799999992
87.87018699999992
88.04829999999991
88.23141599999991
88.42163299999991
88.60600599999991
88.78821999999991
88.97596299999991
89.15961199999991
89.35152299999991
89.53516499999992
89.72958999999992
89.93715899999992
90.13866499999992
90.34535399999992
90.54346599999991
90.75101799999992
90.94622199999992
91.14649999999992
91.35722999999992
91.55712099999991
91.7498689999999
91.9517269999999
92.14394099999991
92.33909799999991
92.53230299999991
92.73031499999992
92.91680699999992
93.10725899999991
93.31062199999991
93.51285599999991
93.71153599999991
93.89785899999991
94.08198499999992
94.27073799999992
94.44592199999992
94.63696399999992
94.82267199999993
95.00551599999993
95.19490999999992
95.37385599999992
95.58019199999991
95.7707109999999
95.9707649999999
96.1585419999999
96.3538589999999
96.5413879999999
96.7269279999999
96.9079939999999
97.0838839999999
97.2617509999999
97.42961599999991
97.58964099999992
97.75819899999992
97.91198399999992
98.06723799999992
98.22724099999992
98.40828099999992
98.59158199999992
98.77290799999992
98.95744599999992
99.14268599999991
99.32524999999991
99.5099099999999
99.6878809999999
99.8781809999999
100.0649239999999
100.2556719999999
100.44243799999991
100.62068499999991
100.80211699999991
100.98140499999991
101.15388299999991
101.33104299999991
101.52597199999991
101.72668099999991
101.92035199999991
102.11588999999991
102.30875899999991
102.49763699999991
102.6863719999999
102.8817799999999
103.07329799999991
103.2660519999999
103.4585679999999
103.6468249999999
103.83464199999989
104.02801099999989
104.22661299999989
104.40631199999989
104.59096299999989
104.77617299999989
104.97629199999989
105.16352199999989
105.33704999999989
105.50403399999989
105.67960699999989
105.86641099999989
106.04696499999989
106.22704599999989
106.41087799999988
106.59779299999988
106.77791599999988
106.94779999999987
107.13035999999987
107.29928899999987
107.46856499999987
107.63666299999987
107.80232699999988
107.96864699999988
108.13078999999988
108.31485999999988
108.47557499999988
108.62922199999988
108.79526899999989
108.9469359999999
109.1051539999999
109.2688199999999
109.43270699999991
109.59195999999991
109.75584499999991
109.91852099999991
110.07800799999991
110.25731199999991
110.42643099999991
110.59297999999991
110.75842099999991
110.91981199999991
111.0824059999999
111.25396499999991
111.42945299999991
111.5955149999999
111.76335199999991
111.93748299999992
112.11048899999992
112.28039999999991
112.44654399999992
112.60962899999991
112.7694669999999
112.9451979999999
113.1099779999999
113.2684059999999
113.4265209999999
113.5835199999999
113.73349599999989
113.89098899999989
114.03810999999989
114.1897589999999
114.3382139999999
114.48330499999989
114.62628699999989
114.7727749999999
114.9298559999999
115.0802619999999
115.2256649999999
115.37380699999991
115.53606399999991
115.68998799999991
115.84078799999992
115.99296099999992
116.14880299999993
116.29995999999993
116.45777499999993
116.60621999999992
116.76324699999992
116.91700699999993
117.07422399999993
117.22698099999992
117.39426399999992
117.55465199999992
117.71196399999992
117.86368499999992
118.01440599999992
118.18005899999993
118.35317599999993
118.50633999999994
118.66131499999993
118.81925499999993
118.97781499999992
119.13345199999992
119.31779799999993
119.49577699999992
119.67175699999991
119.84852999999991
120.02386699999991
120.2001459999999
120.38985599999991
120.57800899999991
120.76876299999991
120.9557529999999
121.1411139999999
121.3456429999999
121.5563999999999
121.75473199999989
121.95649499999989
122.15619499999988
122.35074499999989
122.53817199999989
122.73518299999989
122.92550899999989
123.12889499999989
123.32899099999989
123.5224829999999
123.7003349999999
123.8788409999999
124.0658999999999
124.2594929999999
124.44631699999991
124.6381079999999
124.8327499999999
125.03054299999991
125.2213089999999
125.40890899999991
125.62018299999991
125.81536699999991
126.01935799999991
126.22077599999992
126.42373099999992
126.62211599999992
126.80605099999993
126.99617599999992
127.18121699999992
127.36802899999992
127.55877499999993
127.75855899999992
127.95150199999992
128.1396249999999
128.3316779999999
128.5469359999999
128.7613349999999
128.96966599999988
129.1661329999999
129.37112999999988
129.5653569999999
129.7566269999999
129.9522669999999
130.1378439999999
130.32368099999988
130.5064489999999
130.7007799999999
130.8850999999999
131.0757419999999
131.2563499999999
131.4748009999999
131.6763519999999
131.8718229999999
132.07237399999988
132.2729399999999
132.4680899999999
132.6678049999999
132.8846709999999
133.08682299999992
133.28902499999992
133.49623499999993
133.70258099999992
133.90010999999993
134.09217299999992
134.28517299999993
134.46967799999993
134.66904799999992
134.87804499999993
135.09095899999994
135.30342899999994
135.51404299999993
135.71289499999992
135.9035519999999
136.1009069999999
136.2968369999999
136.4938379999999
136.6958079999999
136.88934699999987
137.09392299999988
137.28641499999986
137.47429499999987
137.65536499999988
137.83490799999987
138.01266099999987
138.19434799999988
138.38599399999987
138.57285899999988
138.7582159999999
138.9482729999999
139.15274299999987
139.34741799999986
139.53611199999986
139.72576399999986
139.92350499999986
140.10694599999985
140.30120299999984
140.49183099999985
140.68904599999985
140.88989599999985
141.09686399999984
141.29815699999983
141.49243899999982
141.68135399999983
141.87194699999984
142.06123699999984
142.25010399999982
142.44354999999982
142.6291409999998
142.8219989999998
143.0032039999998
143.1943099999998
143.4025129999998
143.5972049999998
143.7845819999998
143.9780259999998
144.1755999999998
144.3584919999998
144.5412639999998
144.7166899999998
144.8936019999998
145.0668049999998
145.2315149999998
145.3975689999998
145.55730399999982
145.7266039999998
145.87904399999982
146.05202099999983
146.21657499999984
146.38228099999984
146.55503599999983
146.70753099999982
146.86346199999983
147.01546899999983
147.17527399999983
147.33129599999984
147.48021299999985
147.63986299999985
147.80015099999986
147.96548999999985
148.12123199999985
148.28100599999985
148.43954799999986
148.59546299999985
148.74608499999985
148.91015499999986
149.07075699999987
149.23550599999987
149.39187499999989
149.55506399999987
149.72960699999987
149.89597099999986
150.05330599999985
150.21797599999985
150.38061799999986
150.54400299999986
150.71677699999987
150.87097099999986
151.03105999999985
151.19583099999986
151.35350199999985
151.52148599999984
151.69062199999985
151.85864499999985
152.01714199999986
152.17452599999987
152.3391909999999
152.49699599999988
152.65266299999988
152.81994799999987
152.99857499999987
153.16479499999988
153.32003699999987
153.48773999999986
153.65912899999987
153.82502499999987
153.99325499999986
154.15924499999986
154.33403799999985
154.52473999999984
154.70886199999984
154.89063799999985
155.07372899999984
155.25406199999983
155.45961599999984
155.66177299999984
155.87269999999984
156.07105999999985
156.28208999999984
156.48352499999984
156.69666199999983
156.92182399999984
157.14045899999985
157.36151399999986
157.58109799999986
157.78951999999987
158.01108099999988
158.21808699999988
158.44312099999988
158.65974899999986
158.86979699999986
159.08981299999985
159.30428399999985
159.51086199999986
159.71325899999985
159.92210999999986
160.13776699999985
160.37481399999984
160.59999599999983
160.82104699999982
161.03529099999983
161.24037199999984
161.44660899999982
161.65251299999983
161.85123899999982
162.0485359999998
162.23819299999982
162.43330899999984
162.62386299999983
162.81241199999982
163.01618199999982
163.2155139999998
163.41771399999982
163.6135159999998
163.8159399999998
164.0149479999998
164.2088499999998
164.41197199999982
164.60388099999983
164.81187799999984
165.00147599999983
165.19053899999983
165.37409599999984
165.58798599999983
165.79476399999984
165.98371599999984
166.17299299999985
166.37588299999985
166.56245599999986
166.74939399999985
166.93447899999984
167.11584999999985
167.29880799999987
167.47604199999986
167.65573899999987
167.84427499999987
168.02284399999988
168.19015099999987
168.37761299999988
168.5656269999999
168.7566729999999
168.9329289999999
169.1059299999999
169.2775969999999
169.4564789999999
169.63407399999988
169.81482199999988
169.9895169999999
170.1814019999999
170.3561969999999
170.5419079999999
170.7153099999999
170.8896539999999
171.0585819999999
171.23634799999988
171.41282899999987
171.58603399999987
171.77194999999986
171.95656499999987
172.14870599999986
172.33846599999987
172.53858399999987
172.73485999999988
172.9247759999999
173.10759799999988
173.29898199999988
173.48516999999987
173.67414699999986
173.86095699999987
174.07731299999986
174.27063499999986
174.45285099999987
174.64935899999986
174.82802299999986
175.00580199999985
175.18496799999986
175.36127199999984
175.53959299999985
175.72658899999985
175.89968099999984
176.07283599999985
176.24266699999984
176.42070499999983
176.59980099999981
176.7762729999998
176.9492139999998
177.12223499999982
177.30900499999981
177.4863429999998
177.65476899999982
177.81804199999982
177.99033499999982
178.1660409999998
178.3279089999998
178.5033679999998
178.6787789999998
178.8601269999998
179.0418519999998
179.2225849999998
179.4107279999998
179.5971789999998
179.78683799999982
179.97781599999982
180.15713399999981
180.3354959999998
180.51851099999982
180.6927859999998
180.8782309999998
181.0621899999998
181.25094299999978
181.4457999999998
181.62401799999978
181.80372199999977
181.98821999999976
182.17532999999975
182.35277199999976
182.53792899999976
182.72221199999976
182.90850099999975
183.08808499999975
183.26822299999975
183.44664599999976
183.62597899999977
183.80762299999978
183.99733199999977
184.18131499999978
184.3566429999998
184.54412499999978
184.72453699999977
184.90807499999977
185.08937599999976
185.27107599999977
185.45622499999976
185.63738899999976
185.83978899999977
186.02058499999976
186.20967799999977
186.40149299999976
186.59134299999977
186.78124499999976
186.96529699999977
187.15118699999977
187.32753899999977
187.50703599999977
187.69289799999976
187.87247599999975
188.05812799999975
188.24303399999977
188.42825199999976
188.60999599999977
188.79623599999977
188.98466499999978
189.16611899999978
189.3466149999998
189.54061499999978
189.72182099999978
189.90634799999978
190.08535199999977
190.27932399999978
190.46125699999976
190.65078099999977
190.84011899999976
191.03245299999975
191.22756899999976
191.41477999999975
191.59605499999975
191.77296099999975
191.94890099999975
192.13503299999974
192.31239599999975
192.48990799999976
192.66926799999976
192.85259899999977
193.04280099999977
193.22252099999977
193.41047099999977
193.59282799999977
193.77661199999977
193.96040499999978
194.1482709999998
194.3321069999998
194.5083769999998
194.6911099999998
194.86749399999982
195.04554999999982
195.2385919999998
195.41611699999982
195.59691899999982
195.7848709999998
195.9680599999998
196.14987099999982
196.33320699999982
196.51020299999982
196.6928219999998
196.8695079999998
197.0514509999998
197.2254719999998
197.4091249999998
197.59466799999979
197.77948299999977
197.96437899999978
198.15372999999977
198.33370599999978
198.5271579999998
198.7169829999998
198.9032559999998
199.0922799999998
199.2758909999998
199.4591879999998
199.63525699999983
199.81446999999983
199.99300299999982
200.1713879999998
200.3497959999998
200.5326289999998
200.7097049999998
200.89163799999977
201.07401899999977
201.26294999999976
201.45436599999977
201.63986599999976
201.81895499999976
201.99944099999976
202.17635399999978
202.36326099999977
202.54020099999977
202.72011699999976
202.90270599999977
203.09328599999978
203.2811649999998
203.4783969999998
203.6596689999998
203.8458109999998
204.0345009999998
204.2206719999998
204.4207499999998
204.6021929999998
204.7753019999998
204.96997099999982
205.14855399999982
205.32775199999983
205.50649399999983
205.69068199999984
205.87665499999983
206.05988399999984
206.24516399999985
206.44342399999985
206.61768999999984
206.80019799999985
206.99355999999986
207.18430199999986
207.37175299999987
207.56012299999986
207.74412499999985
207.92820999999986
208.12027599999988
208.30451299999987
208.49263999999988
208.67510099999987
208.86078099999986
209.03966199999985
209.23361799999984
209.42615199999983
209.61541799999983
209.81767999999983
210.00768899999983
210.19983799999983
210.39874599999982
210.58705299999983
210.77273799999983
210.95137699999984
211.13744699999984
211.33389099999985
211.51883599999985
211.70315799999986
211.88059599999985
212.06845099999987
212.26161799999986
212.44744099999986
212.62585899999985
212.81277399999985
212.99401699999984
213.17213099999984
213.35006199999984
213.53655699999985
213.71322499999985
213.88534999999985
214.05450099999985
214.22589699999983
214.40126599999982
214.57349699999983
214.74075999999982
214.92276099999984
215.09485199999983
215.26967399999984
215.44568799999985
215.61898099999985
215.79024899999985
215.96818299999984
216.16066699999985
216.35138399999985
216.55042599999985
216.74349099999984
216.93386799999985
217.13138799999984
217.32369999999983
217.51123999999984
217.70489899999984
217.88762899999983
218.07736599999984
218.27124899999984
218.47480199999984
218.68375299999985
218.87621199999987
219.07064499999987
219.26624699999988
219.46003099999987
219.67172199999987
219.88993499999987
220.08483799999988
220.28352099999987
220.49309799999986
220.69499999999985
220.89329299999986
221.09722199999985
221.29982199999984
221.49760799999984
221.69807299999985
221.89241399999986
222.09047299999986
222.28666499999986
222.48040499999985
222.66842799999984
222.85667199999983
223.06035399999982
223.26556799999983
223.48555999999982
223.70279899999983
223.92189199999981
224.13250299999982
224.34389699999983
224.55485099999981
224.75643099999982
224.95830099999984
225.15358099999983
225.34867699999984
225.53344999999985
225.73200199999985
225.93694399999984
226.13583499999984
226.34697399999985
226.55314999999985
226.75105599999983
226.94473599999984
227.13745099999983
227.32786299999984
227.50742599999984
227.69017699999984
227.86898999999983
228.04715699999983
228.23289799999984
228.43344299999984
228.63400299999984
228.82854599999985
229.01021599999984
229.19180599999984
229.37911499999984
229.55347799999984
229.73355699999985
229.93412299999986
230.11516499999985
230.31412099999986
230.49413399999986
230.67620399999987
230.86078799999987
231.04324799999986
231.21838299999987
231.39277099999987
231.56515299999987
231.74081999999987
231.91611599999987
232.09227799999988
232.27146899999988
232.4479129999999
232.61810199999988
232.77977899999988
232.95764299999988
233.1297609999999
233.3005659999999
233.4682389999999
233.6418199999999
233.81092199999992
233.97931699999992
234.14983099999992
234.31526799999992
234.4714779999999
234.6618579999999
234.8259319999999
234.9922449999999
235.1558939999999
235.31521199999992
235.47553199999993
235.64890199999994
235.82167899999993
235.98862599999993
236.14881699999992
236.31031499999992
236.46986899999993
236.64748599999993
236.82069999999993
237.00228699999994
237.17076899999995
237.35648999999995
237.52041099999994
237.68497099999993
237.84678399999993
238.00476499999994
238.16083399999994
238.32198799999995
238.48537399999995
238.65185299999996
238.82700899999995
239.01164799999995
239.17118799999994
239.34102699999994
239.52790299999995
239.71042299999996
239.88530799999995
240.05251899999996
240.22370399999997
240.39931599999997
240.56865599999998
240.73939199999998
240.90565199999998
241.075912
241.237448
241.404903
241.571405
241.744826
241.92304
242.10138199999997
242.27481999999998
242.45035499999997
242.62457799999999
242.79683699999998
242.96568699999997
243.13304399999998
243.29937399999997
243.46991499999996
243.62753499999997
243.80172599999997
243.97165699999996
244.14959499999998
244.32111099999997
244.48740299999997
244.65381499999998
244.82901299999997
245.00615899999997
245.17280299999996
245.33950299999995
245.50497599999994
245.66849699999995
245.83484399999995
246.00349099999994
246.17907899999994
246.34208099999995
246.50686299999995
246.68276599999996
246.86063099999996
247.02975899999996
247.18741999999995
247.36247299999994
247.54389799999993
247.71995399999992
247.90680899999992
248.08317299999993
248.25483999999994
248.42140099999995
248.58552099999994
248.75344799999993
248.92401599999994
249.08956999999992
249.26959699999992
249.45253599999992
249.63530999999992
249.80840699999993
249.98272599999993
250.14635599999994
250.31885099999994
250.48298199999994
250.65524799999994
250.83806499999994
251.01969699999995
251.19503499999996
251.37784399999995
251.54968899999994
251.71825799999993
251.89168799999993
252.07797399999993
252.24865199999994
252.42723799999993
252.60011499999993
252.78601999999992
252.96654099999992
253.14804299999992
253.3317849999999
253.5041589999999
253.6733199999999
253.8585499999999
254.03417899999988
254.20747699999987
254.38583399999987
254.55991299999988
254.73418899999987
254.90271599999988
255.08088599999988
255.2589369999999
255.4406039999999
255.6282919999999
255.8151619999999
255.9934639999999
256.1789909999999
256.3928459999999
256.5946219999999
256.7961509999999
256.9903739999999
257.1788029999999
257.36127199999993
257.55664399999995
257.73968999999994
257.9369479999999
258.1346969999999
258.3374179999999
258.5423869999999
258.7440429999999
258.94128399999994
259.13297099999994
259.32104699999996
259.517703
259.712568
259.92449
260.14146999999997
260.34126499999996
260.54871899999995
260.76888699999995
260.99268099999995
261.19242899999995
261.38932499999993
261.5853449999999
261.7924849999999
262.0047279999999
262.22056099999986
262.43843799999985
262.65000399999985
262.86729699999984
263.08667999999983
263.31289999999984
263.53265599999986
263.74200599999983
263.95298399999984
264.1736319999998
264.3816029999998
264.5843659999998
264.7837969999998
264.9924839999998
265.2029249999998
265.41408199999984
265.62505999999985
265.82780199999985
266.04406099999983
266.2769329999998
266.5009769999998
266.7281029999998
266.95852699999983
267.17964099999983
267.4134809999998
267.6447339999998
267.8794219999998
268.1408169999998
268.3765449999998
268.6069699999998
268.8404999999998
269.0682389999998
269.2960529999998
269.5292109999998
269.7509159999998
269.9806569999998
270.20841899999976
270.4445899999998
270.6685099999998
270.8916569999998
271.1104029999998
271.3371649999998
271.5601429999998
271.7848529999998
272.00402599999984
272.22283599999986
272.4516189999999
272.6788089999999
272.9031149999999
273.1283009999999
273.3650349999999
273.58679499999994
273.81059099999993
274.0422029999999
274.2702109999999
274.4972619999999
274.7461859999999
274.9725699999999
275.2023569999999
275.4285409999999
275.66006199999987
275.8798849999999
276.1064469999999
276.3281869999999
276.5563599999999
276.78493999999995
277.02063599999997
277.24755999999996
277.48716599999995
277.7156959999999
277.9476499999999
278.1794099999999
278.4104059999999
278.65213199999994
278.88653099999993
279.11571799999996
279.33706699999993
279.5625329999999
279.7877639999999
280.0271029999999
280.2533369999999
280.48258799999985
280.71457599999985
280.9472059999998
281.1779219999998
281.4148079999998
281.6474709999998
281.87305899999984
282.0944269999998
282.3166259999998
282.5438519999998
282.76794799999976
282.99784899999975
283.23968899999977
283.47030599999977
283.70903499999974
283.94455099999976
284.17712199999977
284.41078599999975
284.64617399999975
284.8783729999997
285.1107689999997
285.3406419999997
285.5711659999997
285.8035619999997
286.03396899999973
286.2625209999997
286.4980769999997
286.73160099999967
286.96406699999966
287.1949459999997
287.4203159999997
287.6497789999997
287.8763229999997
288.09784899999966
288.33959499999963
288.5714969999996
288.8047329999996
289.0355199999996
289.2658689999996
289.5006829999996
289.73252499999955
289.96693899999957
290.1981079999996
290.4205639999996
290.66312599999964
290.8846709999996
291.1068039999996
291.3336149999996
291.5616699999996
291.7815489999996
292.0047769999996
292.2416179999996
292.4779149999996
292.7114779999996
292.9472699999996
293.1807889999996
293.4113099999996
293.6544899999996
293.8828259999996
294.1319699999996
294.36514799999964
294.60345599999965
294.8361089999997
295.07778399999967
295.31022299999967
295.5382619999997
295.7890629999997
296.0192549999997
296.2558199999997
296.4846009999997
296.7172709999997
296.9538969999997
297.1754909999997
297.40343599999966
297.63663499999967
297.8606489999997
298.0920459999997
298.3206429999997
298.5520629999997
298.7821829999997
299.0097319999997
299.2376689999997
299.4641759999997
299.6959439999997
299.9289629999997
300.16004099999975
300.39390299999974
300.63714699999974
300.8811639999997
301.11555999999973
301.3440459999997
301.5707669999997
301.8033929999997
302.0508769999997
302.2805409999997
302.5142329999997
302.7534979999997
302.9813629999997
303.2079999999997
303.44141399999967
303.66853999999967
303.89688099999967
304.13221099999964
304.35706299999964
304.59076699999963
304.82096999999965
305.05308699999966
305.2867319999997
305.5121449999997
305.7431559999997
305.9804439999997
306.2159359999997
306.4544399999997
306.67968299999967
306.91248199999967
307.1445339999997
307.37626299999965
307.60598199999964
307.83347099999963
308.0559429999996
308.2814269999996
308.5105099999996
308.7355819999996
308.9699779999996
309.1938709999996
309.4338159999996
309.6612799999996
309.89050299999957
310.13056199999954
310.36770199999955
310.59987799999953
310.83138799999955
311.05829599999953
311.28055799999953
311.51021699999956
311.74995699999954
311.98977899999954
312.2265699999995
312.4562479999995
312.68475899999953
312.91622799999953
313.1465599999995
313.3802569999995
313.61912799999953
313.85392299999955
314.08230799999956
314.31711699999954
314.5445639999995
314.77381899999955
315.0100039999995
315.2384899999995
315.4688009999995
315.70604099999946
315.94944199999946
316.18046799999945
316.40140099999945
316.63175499999943
316.8536629999994
317.0861499999994
317.3144409999994
317.5452849999994
317.7824389999994
318.00785999999937
318.22976899999935
318.46723499999933
318.69086399999935
318.91997899999933
319.15065899999934
319.38186199999933
319.6091489999993
319.8345599999993
320.0542179999993
320.27667399999933
320.50273699999934
320.72418299999936
320.9471779999994
321.1698349999994
321.3985779999994
321.6187569999994
321.8413799999994
322.06849299999936
322.29396199999934
322.51550499999934
322.74073799999934
322.96158099999934
323.20066599999933
323.4291509999993
323.6598349999993
323.8810659999993
324.1106149999993
324.3374789999993
324.5606089999993
324.7933859999993
325.0232209999993
325.25380099999927
325.4962549999993
325.73122599999925
325.95042499999926
326.18268899999924
326.4127049999992
326.6449219999992
326.89486799999924
327.1156529999992
327.3416809999992
327.5656319999992
327.8012139999992
328.0297629999992
328.2653399999992
328.48536199999916
328.71090799999916
328.94918899999914
329.18392499999914
329.4078409999991
329.6444089999991
329.8733059999991
330.1085139999991
330.3545919999991
330.5799809999991
330.80820599999913
331.0349099999991
331.2642599999991
331.5031469999991
331.7396839999991
331.9684169999991
332.20698999999905
332.4405439999991
332.6710409999991
332.8960019999991
333.1223199999991
333.3485789999991
333.5804379999991
333.8297399999991
334.06025499999913
334.29124399999915
334.5222569999992
334.7506789999992
334.9755659999992
335.19910499999924
335.4255359999992
335.66454099999925
335.91020899999927
336.13024999999925
336.3470299999993
336.5645989999993
336.79400999999933
337.02460299999933
337.2539849999993
337.48700199999934
337.7248499999993
337.95072799999934
338.18133599999936
338.3935969999994
338.6259889999994
338.85633799999937
339.08461299999937
339.3058789999994
339.53892899999937
339.77657599999935
340.01009799999935
340.24042199999934
340.4710029999993
340.7021229999993
340.9222599999993
341.1482209999993
341.3767599999993
341.6083499999993
341.8467029999993
342.07294199999933
342.29887099999934
342.5314979999993
342.75955799999934
342.99692899999934
343.22166499999935
343.46193899999935
343.68484499999937
343.91807799999935
344.14759699999934
344.3717139999993
344.5967219999993
344.82944899999933
345.0583759999993
345.2923109999993
345.5392979999993
345.7665129999993
345.9852839999993
346.2181779999993
346.4593709999993
346.6987329999993
346.9290529999993
347.15754199999935
347.38253699999933
347.60650399999935
347.83110499999935
348.05187499999937
348.28296899999935
348.51582199999933
348.75795599999935
348.9976559999994
349.2219559999994
349.4493919999994
349.6724039999994
349.8959269999994
350.1201509999994
350.35406399999937
350.58081499999935
350.80713099999934
351.04339999999934
351.2689309999993
351.5003179999993
351.7262309999993
351.9540389999993
352.1914219999993
352.4338979999993
352.6743809999993
352.9110719999993
353.1490589999993
353.3781359999993
353.61276999999933
353.85413899999935
354.08603499999936
354.31321299999934
354.54702599999933
354.77306199999936
354.99620099999936
355.22900399999935
355.45709899999935
355.68170899999933
355.89702899999935
356.11953299999936
356.3490819999994
356.58434299999936
356.8188479999994
357.04523499999937
357.2792899999994
357.5101229999994
357.7420749999994
357.98026499999935
358.21490399999936
358.44908399999935
358.6700289999993
358.88836299999934
359.11254299999933
359.33804699999934
359.57255499999934
359.80307799999935
360.03076499999935
360.26598799999937
360.48524199999935
360.72408799999937
360.95241099999936
361.1837849999994
361.4109559999994
361.64259199999935
361.86904499999935
362.09651499999933
362.3274249999993
362.5653809999993
362.7895569999993
363.0257359999993
363.2647499999993
363.5029579999993
363.7235609999993
363.9452789999993
364.16957699999926
364.3938579999993
364.6180509999993
364.8382999999993
365.0589479999993
365.2868499999993
365.5044949999993
365.7398189999993
365.9600549999993
366.21035199999926
366.4379629999993
366.6683889999993
366.8926089999993
367.1148059999993
367.3398009999993
367.57224899999926
367.79639899999927
368.0174179999993
368.2342719999993
368.4596189999993
368.6824679999993
368.9117829999993
369.13780699999927
369.35874899999925
369.58923499999923
369.8275159999992
370.0627759999992
370.29621299999917
370.52316799999915
370.74184599999916
370.95947599999914
371.18549299999916
371.40442299999916
371.6266999999992
371.8541989999992
372.0801739999992
372.3118549999992
372.5515899999992
372.78522699999917
373.0242779999992
373.2511969999992
373.4893449999992
373.7302789999992
373.9663799999992
374.2112709999992
374.4425479999992
374.6733219999992
374.8939129999992
375.1215179999992
375.34363299999916
375.5739449999992
375.7971239999992
376.0169489999992
376.2471819999992
376.46569899999923
376.6855369999992
376.9108409999992
377.1338759999992
377.3482419999992
377.5669209999992
377.7948799999992
378.0174789999992
378.25019499999917
378.4876069999992
378.7188479999992
378.9477659999992
379.1738779999992
379.3993819999992
379.6203839999992
379.8470129999992
380.06755599999923
380.2883839999992
380.5050889999992
380.7206779999992
380.94657699999925
381.1599819999993
381.3826479999993
381.6074329999993
381.81914399999926
382.04036899999926
382.26079399999924
382.48271699999924
382.69517799999926
382.91525299999927
383.1240949999993
383.3382939999993
383.5562469999993
383.7728289999993
383.98249799999934
384.1888719999993
384.4009379999993
384.6177579999993
384.8242629999993
385.0346489999993
385.2356569999993
385.44345599999934
385.6483889999993
385.8729539999993
386.06596099999933
386.2580579999993
386.4518199999993
386.6506439999993
386.8459149999993
387.0637349999993
387.2825129999993
387.4939089999993
387.6983819999993
387.9018759999993
388.10705599999926
388.3114799999993
388.52307599999926
388.72746899999925
388.93693899999926
389.14261899999923
389.34585499999923
389.54616699999923
389.74102099999925
389.9305559999992
390.1249269999992
390.32468799999924
390.51135799999923
390.6952839999992
390.88131499999923
391.06838799999923
391.2650129999992
391.4614139999992
391.6597139999992
391.86019799999923
392.06545899999924
392.2560059999992
392.44385799999924
392.6375779999992
392.82860199999925
393.0160469999993
393.20722699999925
393.39529499999924
393.5837019999992
393.77236299999925
393.96130199999925
394.1737589999992
394.37914899999925
394.5807069999992
394.7717259999992
394.9587099999992
395.1424609999992
395.3251339999992
395.5205909999992
395.7121549999992
395.9000559999992
396.0948489999992
396.2885389999992
396.4835239999992
396.6790859999992
396.86796799999917
397.06398099999916
397.25621599999914
397.44893799999915
397.63412299999914
397.8228439999991
397.9999969999991
398.1791089999991
398.3688049999991
398.5575849999991
398.7420699999991
398.9486449999991
399.1367219999991
399.33240799999913
399.5152769999991
399.7067699999991
399.88961999999907
400.07771099999906
400.26947099999904
400.444596999999
400.63258199999905
400.82273299999906
401.0163289999991
401.1956519999991
401.3722229999991
401.5471979999991
401.72429399999913
401.8922549999991
402.07211599999914
402.25074199999915
402.41894199999916
402.61426199999914
402.78937099999916
402.9734169999992
403.1476509999992
403.3213629999992
403.49770999999924
403.6752229999992
403.84208999999925
404.02718599999923
404.20811299999923
404.3897869999992
404.5911859999992
404.7753669999992
404.9558239999992
405.1363829999992
405.32306699999924
405.5068799999992
405.69826699999925
405.88633199999924
406.07688699999926
406.2688369999993
406.4503219999993
406.6324779999993
406.8290229999993
407.01350299999933
407.21788999999933
407.40916299999935
407.59684799999934
407.79341599999935
407.9827989999994
408.17305599999935
408.35677199999935
408.5491229999993
408.72957499999933
408.9078989999993
409.0934809999993
409.2916759999993
409.49990299999934
409.69207999999935
409.88072799999935
410.07505799999933
410.25773199999935
410.43356699999936
410.60549199999934
410.77449699999937
410.95110299999936
411.1344279999994
411.3214599999994
411.5064619999994
411.68915199999935
411.86784699999936
412.05013299999933
412.22276999999934
412.41827499999937
412.6009739999994
412.7833629999994
412.96623099999937
413.1463409999994
413.3273319999994
413.5138009999994
413.7005109999994
413.8928229999994
414.0767639999994
414.2579299999994
414.4378759999994
414.6260909999994
414.8171719999994
415.0025779999994
415.1790629999994
415.3522509999994
415.5392539999994
415.7305789999994
415.9371329999994
416.1531349999994
416.3438169999994
416.5319189999994
416.7100979999994
416.8957059999994
417.0891869999994
417.29633499999943
417.50037499999945
417.68991999999946
417.88607199999944
418.08446099999946
418.2858199999995
418.4852349999995
418.6876369999995
418.88563899999946
419.08800499999944
419.28372699999943
419.48068299999943
419.67274299999946
419.85988599999945
420.08269499999943
420.27524999999946
420.45946299999946
420.6408529999995
420.82633199999947
421.0187599999995
421.21016099999946
421.40114599999947
421.6015669999995
421.7979769999995
421.9944999999995
422.1913719999995
422.3932079999995
422.5839899999995
422.7845029999995
422.9855789999995
423.1796609999995
423.3848429999995
423.5848349999995
423.7864999999995
423.9889949999995
424.2010599999995
424.40770399999946
424.61034199999943
424.82780699999944
425.03536599999944
425.2355959999994
425.4315469999994
425.6254699999994
425.8391119999994
426.0419559999994
426.2443999999994
426.4391279999994
426.6245669999994
426.8061139999994
426.9956219999994
427.1783169999994
427.3746979999994
427.5705239999994
427.75974699999944
427.94305899999944
428.13911399999944
428.33263999999946
428.51183099999946
428.7071589999995
428.8906759999995
429.06890999999945
429.25440899999944
429.42888799999946
429.6142859999995
429.7913789999995
429.9849529999995
430.1582549999995
430.32541299999946
430.49838599999947
430.6802789999995
430.8582469999995
431.0285599999995
431.2044299999995
431.38374399999947
431.5694559999995
431.7311679999995
431.8870229999995
432.0477539999995
432.2088209999995
432.3630609999995
432.5228109999995
432.6771839999995
432.8417819999995
433.0025339999995
433.1635869999995
433.3205929999995
433.4818419999995
433.6295599999995
433.7718339999995
433.9219499999995
434.06529399999954
434.2179469999995
434.36792999999955
434.51545699999957
434.6751509999996
434.8259239999996
434.9712369999996
435.1088799999996
435.2380099999996
435.37793899999957
435.52670099999955
435.67662599999954
435.81388699999957
435.9649969999996
436.1104209999996
436.24940899999956
436.38718399999954
436.5155929999995
436.65269899999953
436.78280599999954
436.93601899999953
437.0866739999995
437.2403209999995
437.37665499999946
437.5141419999995
437.65409699999947
437.81300399999947
437.95257299999946
438.07854899999944
438.21754199999947
438.3466349999995
438.4713639999995
438.6014259999995
438.7136059999995
438.8352699999995
438.95781199999954
439.07355999999953
439.19774699999954
439.32781399999953
439.45042899999953
439.56083199999955
439.6720219999996
439.7714659999996
439.88839399999955
439.99591899999956
440.10306499999956
440.21516099999957
440.34007699999955
440.45842999999957
440.5737199999996
440.68562499999956
440.79256499999957
440.90869399999957
441.0263899999996
441.1444969999996
441.26896799999963
441.3964519999996
441.5206949999996
441.65475599999957
441.78649799999954
441.9199949999995
442.05405799999954
442.18560699999955
442.32827799999956
442.4822689999996
442.6416259999996
442.78320099999956
442.92281699999955
443.06788099999955
443.2134259999996
443.3573139999996
443.50429799999955
443.64406899999955
443.7825649999995
443.91867799999955
444.04959499999956
444.18756599999955
444.34980699999954
444.4937939999995
444.6257559999995
444.76357999999954
444.89586399999956
445.02007399999957
445.13961399999954
445.25668599999955
445.3715639999995
445.49093199999953
445.60347199999956
445.71900099999954
445.84168199999954
445.96733199999954
446.1157329999995
446.2516059999995
446.38353199999955
446.51474399999955
446.6541229999996
446.79026899999957
446.91088199999956
447.03435099999956
447.17009199999956
447.29828599999956
447.4254189999996
447.5605669999996
447.6852149999996
447.8139529999996
447.9442199999996
448.0921569999996
448.2456089999996
448.3794929999996
448.50191799999965
448.62810899999965
448.7474279999997
448.8544529999997
448.9643199999997
449.0790669999997
449.20228299999974
449.31963999999977
449.43091299999975
449.55988199999973
449.69539199999974
449.82022599999976
449.94079499999975
450.06059499999975
450.16780399999976
450.2827799999998
450.3955219999998
450.5053369999998
450.61991199999983
450.7246569999998
450.8330169999998
450.9435859999998
451.0503749999998
451.1601769999998
451.2725929999998
451.3938549999998
451.5100819999998
451.6187059999998
451.7261719999998
451.8448879999998
451.9624769999998
452.0881039999998
452.20208599999984
452.31998399999986
452.42630199999985
452.5392229999998
452.6452859999998
452.76161599999983
452.87630299999984
453.0013779999998
453.1181859999998
453.2370679999998
453.3593389999998
453.46719499999983
453.57330499999983
453.68019299999986
453.79574699999984
453.9047489999998
454.0154229999998
454.1294639999998
454.2592339999998
454.3822089999998
454.50532999999984
454.62983499999984
454.74497399999984
454.85048199999983
454.9549059999998
455.0615879999998
455.1758299999998
455.28125299999977
455.38587499999977
455.48809499999976
455.59687999999977
455.70238399999977
455.8189619999998
455.9322719999998
456.0367109999998
456.1408629999998
456.2399649999998
456.36175699999984
456.46979999999985
456.5882589999998
456.69303799999983
456.80343799999986
456.92987899999986
457.04484599999984
457.16587399999986
457.28579499999984
457.3979219999998
457.50980799999985
457.61506399999985
457.7285909999998
457.83852099999984
457.95476299999984
458.07262099999986
458.21441299999987
458.33099299999986
458.4512559999999
458.57311399999986
458.69492699999984
458.80791899999986
458.9173969999999
459.02982199999985
459.13861299999985
459.25505499999986
459.37988099999984
459.51953999999984
459.64300299999985
459.7659439999999
459.8871109999999
460.0119439999999
460.1456989999999
460.27128099999993
460.3850989999999
460.5067909999999
460.6227499999999
460.7427989999999
460.8573279999999
460.97774599999985
461.10084999999987
461.25231399999984
461.39261899999985
461.52121699999987
461.64403499999986
461.76851399999987
461.9007979999999
462.0272009999999
462.1518559999999
462.28143599999987
462.4182549999999
462.5493489999999
462.6792049999999
462.8292629999999
462.96213199999994
463.09332199999994
463.23054299999995
463.35444699999994
463.47744599999993
463.6122859999999
463.7478059999999
463.8744039999999
463.9992039999999
464.12766099999993
464.2803389999999
464.4118969999999
464.5432619999999
464.6711409999999
464.8073299999999
464.9348849999999
465.0634639999999
465.1952609999999
465.3232689999999
465.4424189999999
465.5678469999999
465.6949189999999
465.8280799999999
465.96725199999986
466.1067659999999
466.2360899999999
466.3788529999999
466.50931199999985
466.63584099999986
466.77311499999985
466.89583999999985
467.03395999999987
467.1661559999999
467.2955069999999
467.42411099999987
467.5623429999999
467.6916789999999
467.8251659999999
467.96488099999993
468.10725099999996
468.25389699999994
468.38670799999994
468.51951399999996
468.64514299999996
468.78547399999997
468.913572
469.03869499999996
469.170915
469.311262
469.445327
469.57826600000004
469.74354900000003
469.897302
470.06390000000005
470.21301800000003
470.360648
470.506273
470.65968200000003
470.822783
470.999089
471.18733100000003
471.364125
471.545266
471.734724
471.91057500000005
472.08533200000005
472.26993400000003
472.45612300000005
472.64536300000003
472.828595
473.011481
473.193773
473.397197
473.58128
473.76212499999997
473.94188899999995
474.11900599999996
474.289363
474.46765899999997
474.65109299999995
474.83338599999996
475.014121
475.215101
475.403475
475.592645
475.777666
475.972792
476.16350800000004
476.34390900000005
476.52620700000006
476.7125480000001
476.8903390000001
477.0881810000001
477.2737610000001
477.4673810000001
477.6454160000001
477.8160770000001
478.00597500000015
478.18687200000016
478.35991500000017
478.5257010000002
478.7011120000002
478.8750410000002
479.0499270000002
479.2346990000002
479.4266090000002
479.59887800000024
479.7668410000002
479.9465310000002
480.12943400000023
480.29975100000024
480.47536000000025
480.65435400000024
480.83158100000026
481.01056900000026
481.19267600000023
481.38575900000023
481.57184000000024
481.7667090000002
481.94654900000023
482.12547200000023
482.32467600000024
482.52991600000024
482.71203100000025
482.92211400000025
483.12449300000026
483.33327300000025
483.5349880000002
483.7261450000002
483.9174070000002
484.1421060000002
484.33310100000017
484.53598700000015
484.74124800000016
484.96294200000017
485.1680690000002
485.37897100000015
485.57581000000016
485.7672650000002
485.9530700000002
486.1466380000002
486.3355650000002
486.5226340000002
486.7144050000002
486.9118820000002
487.1259580000002
487.3293700000002
487.5325460000002
487.7228360000002
487.9148070000002
488.1091320000002
488.2895860000002
488.4825440000002
488.6716400000002
488.8584370000002
489.0740150000002
489.2790330000002
489.4732700000002
489.6731950000002
489.8524480000002
490.0556220000002
490.2556090000002
490.4545100000002
490.6414510000002
490.8359030000002
491.0417250000002
491.2267810000002
491.4208920000002
491.6030310000002
491.7783350000002
491.9489220000002
492.1341470000002
492.3117290000002
492.5324600000002
492.72624700000017
492.91194900000016
493.10611600000016
493.2925930000002
493.4850810000002
493.6845390000002
493.8996700000002
494.1093520000002
494.3159380000002
494.5223480000002
494.7338080000002
494.93345400000015
495.13139600000017
495.32862000000017
495.5202850000002
495.7235900000002
495.93201600000015
496.13158200000015
496.3258730000002
496.52326300000016
496.72788000000014
496.9335360000001
497.1293210000001
497.3138500000001
497.51010300000013
497.6970280000001
497.8803160000001
498.0740270000001
498.2503220000001
498.4281110000001
498.6206850000001
498.8070060000001
498.9720990000001
499.1401950000001
499.2976630000001
499.4603920000001
499.63967200000013
499.79731000000015
499.95855500000016
500.1114400000002
500.26650600000016
500.4283550000002
500.5836160000002
500.74097200000017
500.90375100000017
501.0759850000002
501.2329770000002
501.40321200000017
501.58092300000015
501.7738640000002
501.94759400000015
502.1100250000002
502.2954750000002
502.4664890000002
502.6371300000002
502.8106410000002
502.98399100000023
503.1392530000002
503.3132270000002
503.4890840000002
503.65496100000024
503.82795800000025
503.9911110000003
504.1989140000003
504.36717400000026
504.53778700000026
504.70833100000027
504.87253700000025
505.04809800000027
505.21155200000027
505.3711740000003
505.53409300000027
505.70827200000025
505.87396100000024
506.03452400000026
506.2059160000003
506.3876910000003
506.5785340000003
506.7529670000003
506.9239060000003
507.1018090000003
507.2708210000003
507.4483830000003
507.6151780000003
507.7840260000003
507.94517300000035
508.11968400000035
508.29168700000037
508.4681890000004
508.6520650000004
508.8647860000004
509.0560380000004
509.2491780000004
509.4356900000004
509.61926700000043
509.7948150000004
509.98755300000045
510.15182300000043
510.3176010000004
510.4877040000004
510.6554100000004
510.8222260000004
510.9906980000004
511.16200100000043
511.34456600000044
511.52538400000043
511.6985950000004
511.8767690000004
512.0542230000004
512.2436010000005
512.4237240000004
512.5985540000005
512.7702370000005
512.9448600000005
513.1322330000005
513.3176180000005
513.4981590000004
513.6685410000005
513.8327040000005
514.0008730000005
514.1841030000005
514.3505700000005
514.5169690000005
514.6861090000004
514.8510640000004
515.0131960000004
515.1806630000004
515.3461730000005
515.5136850000005
515.6761600000004
515.8531520000005
516.0153500000005
516.1812330000005
516.3431020000005
516.5075900000005
516.6737300000005
516.8368930000006
517.0082780000006
517.1769910000006
517.3498470000006
517.5212060000007
517.6879590000007
517.8640980000007
518.0913790000006
518.3002080000007
518.4972020000007
518.6821090000007
518.8694620000007
519.0595450000006
519.2372840000006
519.4101600000006
519.5915390000006
519.7704990000005
519.9504730000006
520.1264860000006
520.3007450000006
520.4717420000006
520.6370050000006
520.8061480000006
520.9632380000006
521.1235010000006
521.2826000000006
521.4554390000005
521.6198980000005
521.7868910000005
521.9552070000005
522.1191860000006
522.2870420000006
522.4559320000006
522.6180700000007
522.7840860000007
522.9449490000006
523.0966180000006
523.2535460000006
523.4106960000006
523.5629580000005
523.7297190000005
523.8927510000005
524.0497330000005
524.2126990000005
524.3745360000005
524.5455720000004
524.7267200000005
524.9082500000004
525.1006420000004
525.2843230000004
525.4656650000004
525.6431000000003
525.8291660000003
525.9958740000003
526.1732590000003
526.3573780000003
526.5314700000002
526.7094950000003
526.8815560000003
527.0479020000002
527.2201550000002
527.4026480000002
527.5769260000002
527.7446970000002
527.9165600000002
528.0828430000003
528.2511910000003
528.4440290000003
528.6247910000003
528.8030040000003
528.9770400000003
529.1345350000004
529.3092570000003
529.5025210000003
529.6764600000004
529.8516800000003
530.0217920000003
530.2099550000004
530.3920650000003
530.5693740000004
530.7296370000004
530.8834170000003
531.0518740000003
531.2212270000003
531.3941760000004
531.5869060000003
531.7510330000003
531.9097500000004
532.0658450000004
532.2425300000004
532.4152290000004
532.6022360000004
532.7715720000004
532.9484550000004
533.1073160000004
533.2914960000004
533.4689580000004
533.6415610000004
533.8069110000004
533.9733240000004
534.1391560000004
534.3094890000004
534.4818420000005
534.6557550000005
534.8384860000004
535.0211790000004
535.2024150000004
535.4003610000004
535.5899180000005
535.7686040000004
535.9504500000004
536.1350450000003
536.3120370000004
536.4961500000004
536.6896600000003
536.8688710000004
537.0467390000003
537.2205700000003
537.3914640000003
537.5658720000002
537.7498330000002
537.9360280000002
538.1222840000001
538.3125950000001
538.5124680000001
538.6999530000002
538.8944470000001
539.0924130000001
539.2865670000001
539.4801300000001
539.6798160000002
539.8665540000002
540.0644120000002
540.2514490000002
540.4393460000002
540.6435510000002
540.8368170000002
541.0333810000002
541.2202690000001
541.4137880000002
541.6064470000002
541.7968880000002
541.9896430000002
542.1727030000002
542.3617800000002
542.5547160000002
542.7519480000002
542.9583620000002
543.1718660000001
543.3841630000002
543.6005760000002
543.8085480000002
544.0051470000002
544.2058010000002
544.4125350000002
544.6208470000001
544.8166220000002
545.0159890000002
545.2107760000002
545.4066840000003
545.6057570000003
545.8023910000003
546.0062020000003
546.1955610000002
546.3967470000002
546.5963790000002
546.7953620000002
546.9934230000002
547.1905050000003
547.3931680000003
547.5959250000003
547.8131050000003
548.0204410000003
548.2373690000004
548.4325090000004
548.6336040000004
548.8235530000004
549.0082320000004
549.2140660000003
549.4026770000004
549.5877120000004
549.7773500000003
549.9601800000003
550.1283970000003
550.3080180000003
550.4995210000003
550.6881290000003
550.8799590000003
551.0664510000004
551.2518740000004
551.4354420000004
551.6189000000004
551.7988800000004
551.9785980000004
552.1702930000004
552.3619110000003
552.5503930000003
552.7455950000003
552.9255230000003
553.1126010000004
553.2866900000004
553.4779070000004
553.6489080000005
553.8237690000004
553.9942840000004
554.1659870000004
554.3356420000005
554.5007880000005
554.6791370000005
554.8621480000005
555.0379180000006
555.2075070000005
555.4015110000005
555.5853270000005
555.7683250000005
555.9552510000004
556.1327220000004
556.3175540000004
556.4874700000004
556.6594910000003
556.8395050000004
557.0160430000004
557.1850060000004
557.3480180000004
557.5183130000004
557.6841430000004
557.8409030000004
557.9978330000004
558.1513130000003
558.3049510000003
558.4556060000003
558.6095960000004
558.7613100000003
558.9185030000003
559.0647610000003
559.2132750000003
559.3711300000003
559.5198370000003
559.6712280000003
559.8212130000003
559.9747390000003
560.1299680000003
560.2784880000003
560.4233240000003
560.5704690000003
560.7213830000003
560.8710110000003
561.0415750000003
561.1975980000003
561.3586260000003
561.5151100000003
561.6753200000003
561.8346480000002
561.9924940000002
562.1476700000002
562.3086720000002
562.4738390000002
562.6292680000003
562.7859850000002
562.9383040000002
563.0980250000002
563.2653970000002
563.4276730000003
563.5919450000002
563.7506790000002
563.9058020000002
564.0690600000003
564.2444880000003
564.4161200000003
564.5806710000003
564.7397180000003
564.9019570000003
565.0678570000002
565.2341910000002
565.4023690000002
565.5650640000002
565.7178410000002
565.8748240000002
566.0375100000002
566.2029520000002
566.3643360000002
566.5281070000002
566.6960950000002
566.8671710000002
567.0316670000002
567.1990210000002
567.3617270000002
567.5286400000002
567.6886580000003
567.8459980000002
568.0499920000002
568.2260190000002
568.4024340000002
568.5829270000002
568.7567240000002
568.9327160000001
569.1149080000001
569.2975470000001
569.4796820000001
569.6601450000002
569.8506170000002
570.0183430000002
570.2025900000002
570.3794770000002
570.5575110000002
570.7380020000002
570.9133120000001
571.0798770000001
571.2487470000001
571.4124160000001
571.5707450000001
571.7326130000001
571.8979170000001
572.0686280000001
572.2377190000001
572.4035030000001
572.5637740000001
572.721395
572.915335
573.078876
573.2472190000001
573.4089860000001
573.5718640000001
573.7318270000001
573.890256
574.054654
574.221265
574.385946
574.548627
574.71076
574.872148
575.035205
575.202324
575.347812
575.501845
575.653523
575.8013279999999
575.9425389999999
576.0827099999999
576.2329619999999
576.374021
576.527149
576.688026
576.838574
576.985087
577.135135
577.276769
577.4362339999999
577.5905209999999
577.7425959999998
577.8891819999998
578.0385589999997
578.1941949999997
578.3431569999997
578.4962889999997
578.6421009999997
578.7885119999996
578.9316809999996
579.0847579999996
579.2331009999996
579.3847089999996
579.5438129999995
579.6949509999995
579.8555439999994
580.0169299999994
580.1618999999994
580.3105609999993
580.4573549999993
580.6019439999993
580.7626459999993
580.9225159999993
581.0732939999992
581.2322449999992
581.3998599999992
581.5749939999992
581.7266219999991
581.8863139999991
582.039921999999
582.203613999999
582.379398999999
582.535843999999
582.690248999999
582.843622999999
583.0186149999989
583.1800179999989
583.3334059999988
583.4937699999988
583.6518289999988
583.8099569999988
583.9697959999988
584.1318559999988
584.2800859999988
584.4329339999988
584.5885219999988
584.7482439999987
584.8988999999988
585.0502679999988
585.2030349999989
585.3545159999989
585.5127509999988
585.6693149999988
585.8290189999989
585.9876659999989
586.1552219999988
586.3060769999988
586.4618219999988
586.6178999999988
586.7694379999988
586.9236839999987
587.0724619999987
587.2218789999987
587.3784279999987
587.5309129999987
587.6781629999987
587.8289429999987
587.9802409999987
588.1321589999988
588.2859629999988
588.4444689999988
588.6005879999988
588.7567789999988
588.9196759999988
589.0715529999989
589.2220379999989
589.3888289999989
589.5334119999989
589.6886419999988
589.8494199999989
589.9933789999989
590.1424669999989
590.2867379999989
590.4347489999989
590.5799539999989
590.7306309999989
590.8843269999988
591.0473619999989
591.2100909999989
591.3665129999989
591.525262999999
591.676988999999
591.837554999999
591.984714999999
592.135346999999
592.289389999999
592.435647999999
592.583557999999
592.731588999999
592.875814999999
593.0181169999989
593.166329999999
593.312661999999
593.455407999999
593.601788999999
593.7478949999991
593.892889999999
594.0366649999991
594.176092999999
594.317709999999
594.467281999999
594.611011999999
594.752775999999
594.8908619999991
595.0323659999991
595.1733119999991
595.3109919999991
595.4487979999991
595.5875649999991
595.7245879999991
595.8621749999992
595.9991099999992
596.1372099999992
596.2793019999992
596.4147629999992
596.5455579999992
596.6772239999992
596.8159249999992
