0.050957
0.207336
0.367346
0.530311
0.688858
0.846703
1.025498
1.193107
1.34682
1.5100509999999998
1.671439
1.826684
1.983563
2.143583
2.297732
2.456031
2.61733
2.774639
2.936982
3.089724
3.2490639999999997
3.4159349999999997
3.5783709999999997
3.739327
3.9151119999999997
4.078442
4.2428539999999995
4.403008
4.57353
4.74306
4.919881999999999
5.075565999999999
5.229722
5.388694
5.543712
5.7040820000000005
5.864082000000001
6.024693000000001
6.191167000000001
6.348250000000001
6.502577000000001
6.665279000000002
6.821198000000002
6.981786000000001
7.145057000000001
7.303444000000002
7.468217000000002
7.632497000000002
7.803559000000002
7.985658000000002
8.145090000000001
8.319848000000002
8.476188000000002
8.631966000000002
8.793632000000002
8.960883000000003
9.121501000000002
9.286429000000002
9.456795000000001
9.616215000000002
9.769828000000002
9.936112000000001
10.104247
10.263862000000001
10.424917
10.588063
10.740477
10.897062
11.06083
11.21688
11.386875999999999
11.561399999999999
11.727129
11.880065
12.045279
12.202608000000001
12.365821000000002
12.536243000000002
12.741256000000002
12.904615000000002
13.072009000000001
13.255472000000001
13.441924
13.641057
13.832356
14.076007
14.296122
14.584869000000001
14.792426
15.07235
15.331998
15.543451000000001
15.729342
15.91477
16.102613
16.286586000000003
16.468140000000002
16.646113000000003
16.827015000000003
17.019382000000004
17.211411000000005
17.392709000000007
17.578182000000005
17.773271000000005
17.961251000000004
18.156964000000006
18.330629000000005
18.510783000000007
18.695851000000008
18.87430700000001
19.06197100000001
19.28315000000001
19.46735600000001
19.63998400000001
19.82563300000001
20.12097700000001
20.34143100000001
20.62347600000001
20.86213700000001
21.085886000000013
21.297946000000014
21.493239000000013
21.704682000000012
21.90926100000001
22.10504500000001
22.30061800000001
22.49678600000001
22.70855000000001
22.90881400000001
23.10393200000001
23.29334900000001
23.48761400000001
23.680513000000012
23.87380100000001
24.06379600000001
24.26567700000001
24.46055300000001
24.656075000000012
24.854097000000014
25.040851000000014
25.225135000000016
25.414902000000016
25.608348000000017
25.795578000000017
25.978524000000018
26.180532000000017
26.370580000000018
26.555750000000018
26.738370000000018
26.919971000000018
27.11886600000002
27.304762000000018
27.49206300000002
27.67132700000002
27.86674100000002
28.06506600000002
28.25773100000002
28.448177000000022
28.633729000000024
28.819465000000022
29.010604000000022
29.22793300000002
29.42325300000002
29.60998700000002
29.794699000000023
29.983106000000024
30.170591000000023
30.386777000000023
30.573125000000022
30.762821000000024
30.947079000000024
31.136425000000024
31.335378000000023
31.53514200000002
31.730761000000022
31.91358400000002
32.10061400000002
32.28420000000002
32.47614200000002
32.65219800000002
32.82933100000002
33.01118700000002
33.19458200000002
33.38358200000002
33.56762200000002
33.749830000000024
33.92675000000003
34.10472900000003
34.28099600000003
34.47785900000003
34.65323600000003
34.83484300000003
35.01151800000003
35.19667300000003
35.372391000000036
35.558994000000034
35.73322300000003
35.909853000000034
36.085116000000035
36.25772700000004
36.432375000000036
36.60445500000004
36.773258000000034
36.94659500000003
37.13388000000003
37.30145900000004
37.47417700000004
37.64975600000004
37.83689000000004
38.02432400000004
38.20407400000004
38.38462400000004
38.56483500000004
38.75246900000004
38.95669400000004
39.14178200000004
39.32556100000004
39.510730000000045
39.69339600000004
39.87907600000004
40.06403000000004
40.25210400000004
40.43668600000004
40.61999800000004
40.80935000000004
40.98974700000004
41.17034900000004
41.351962000000036
41.525942000000036
41.71079500000003
41.88999400000003
42.06965000000003
42.25108800000003
42.44176200000003
42.625251000000034
42.81221200000003
42.99884700000003
43.188378000000036
43.375189000000034
43.56323600000003
43.754008000000034
43.93778900000004
44.123317000000036
44.30974100000004
44.49468800000004
44.69281300000004
44.903931000000036
45.14212900000003
45.33558700000003
45.527085000000035
45.722032000000034
45.91065800000003
46.113782000000036
46.30789200000004
46.49893400000004
46.69475000000004
46.89561300000004
47.10031200000004
47.31144900000004
47.50941700000004
47.707976000000045
47.896084000000045
48.073765000000044
48.286667000000044
48.47560900000004
48.66197500000004
48.85729900000004
49.07819400000004
49.28343300000004
49.473354000000036
49.66678900000004
49.87792600000004
50.07965100000004
50.26059300000004
50.44188200000004
50.639960000000045
50.83638900000005
51.040094000000046
51.244351000000044
51.45507300000004
51.66611500000004
51.87374200000004
52.08182100000004
52.29564500000004
52.50959100000004
52.719439000000044
52.92424200000004
53.13556800000004
53.34444000000004
53.55442900000004
53.77649500000004
54.01122200000004
54.23214800000004
54.475108000000034
54.717270000000035
54.960774000000036
55.18492100000004
55.41430900000004
55.630890000000036
55.852818000000035
56.081547000000036
56.313350000000035
56.527127000000036
56.754478000000034
56.97968800000003
57.225226000000035
57.44559800000003
57.66116200000003
57.88061100000003
58.09819600000003
58.34019500000003
58.57535400000003
58.81889900000003
59.05002400000003
59.272338000000026
59.516153000000024
59.75874100000002
59.98151500000002
60.23604900000002
60.46246300000002
60.73100400000002
60.96726400000002
61.20255500000002
61.44472900000002
61.69468100000002
61.94692100000002
62.207960000000014
62.446885000000016
62.67911800000002
62.92284400000002
63.16400700000002
63.38979900000002
63.61642000000002
63.83060800000002
64.05379400000002
64.27264400000003
64.51048100000003
64.73432300000003
64.95124900000003
65.16825000000003
65.38277200000003
65.60001400000003
65.84337400000003
66.08830200000003
66.31892400000002
66.54205900000002
66.77724900000003
67.03463900000003
67.28218200000002
67.52250900000001
67.73730100000002
67.95361600000001
68.17746300000002
68.39421400000002
68.61954100000001
68.81905800000001
69.02863700000002
69.23269800000001
69.45276100000001
69.66860500000001
69.86172400000001
70.052542
70.258149
70.46087
70.656785
70.875651
71.108197
71.334907
71.570731
71.813858
72.03353
72.280077
72.51222800000001
72.76007200000001
72.97964200000001
73.19329900000001
73.41064600000001
73.63103000000001
73.849574
74.07302800000001
74.28431800000001
74.50097000000001
74.71912
74.93630300000001
75.157667
75.378394
75.596306
75.837851
76.086989
76.308628
76.546147
76.806037
77.032146
77.25229
77.482376
77.684668
77.917395
78.126856
78.35127200000001
78.56568800000001
78.78130100000001
79.00687800000001
79.26390400000001
79.50224700000001
79.73800100000001
79.95932200000001
80.18509700000001
80.406799
80.63702400000001
80.863983
81.086777
81.305084
81.52672199999999
81.76302199999999
81.98979299999999
82.20507699999999
82.41644199999999
82.63913399999998
82.85346499999999
83.08235899999998
83.30213499999998
83.52950399999997
83.74228199999997
83.95481399999997
84.16702199999997
84.38117299999998
84.60091299999998
84.82835999999998
85.07111299999997
85.29879599999997
85.52047999999996
85.80531199999996
86.04268299999995
86.26560699999996
86.49113999999996
86.71975899999995
86.95408899999995
87.18115499999995
87.41309599999995
87.65423899999995
87.89263699999995
88.12642599999995
88.35315199999995
88.57660699999995
88.80324799999995
89.02787499999995
89.26188499999995
89.49308599999995
89.73458099999995
89.96372199999995
90.18902399999995
90.41240299999994
90.64964399999994
90.90185199999993
91.13576499999994
91.36733099999994
91.59167299999993
91.81408799999993
92.07661199999993
92.33827399999993
92.55842499999993
92.79803599999993
93.02344299999993
93.25623699999993
93.49993599999993
93.76180999999994
93.98950399999994
94.21874199999993
94.45364999999994
94.67276499999994
94.89978299999994
95.12904199999994
95.36550199999994
95.62852499999994
95.85133199999994
96.08236999999994
96.33310699999994
96.56548699999995
96.80763799999995
97.04144199999996
97.27587199999996
97.51584899999996
97.75137999999995
98.00352399999996
98.23488699999996
98.46501399999995
98.72081699999995
98.95983699999995
99.19275999999995
99.44698999999996
99.68916299999995
99.92413499999995
100.16334999999995
100.42095699999994
100.68185699999995
100.92636699999996
101.16093499999995
101.40694599999995
101.63271199999994
101.84633399999994
102.08332399999995
102.31166899999995
102.53212199999996
102.78189399999995
103.00997599999995
103.22896699999995
103.48810999999995
103.71524199999995
103.94979699999995
104.18623499999995
104.49305499999996
104.74538699999995
105.00756399999995
105.26077999999994
105.51022999999994
105.75953799999994
105.99647499999993
106.22738999999993
106.43115099999993
106.64493399999994
106.85518899999994
107.06751399999995
107.30217599999995
107.53090399999995
107.75426399999995
107.99368599999995
108.21155299999995
108.43309699999995
108.65511799999994
108.88914399999994
109.10973899999995
109.32517199999995
109.54784299999996
109.77076099999996
109.99023699999996
110.20938699999996
110.42090599999996
110.63852799999997
110.88568299999997
111.12366899999998
111.36326199999998
111.60416999999998
111.84164899999998
112.08688899999997
112.32886699999997
112.54902499999997
112.76913499999998
112.98361199999998
113.21921499999998
113.43200299999998
113.65582699999997
113.86347499999998
114.10472199999998
114.31771599999998
114.53966899999998
114.77233799999998
114.99411499999998
115.21213699999998
115.43093899999998
115.66205399999998
115.88450099999999
116.10080199999999
116.30961799999999
116.51561899999999
116.73516199999999
116.95738599999999
117.19392099999999
117.41833499999998
117.63935399999998
117.86100899999998
118.07163599999998
118.28582799999998
118.52614399999999
118.75184199999998
118.97309599999998
119.18954799999999
119.39546899999999
119.612844
119.833462
120.066442
120.291945
120.51811
120.74087399999999
120.959109
121.182153
121.396585
121.63651300000001
121.85602600000001
122.07433700000001
122.29792700000002
122.52999200000002
122.78052300000002
123.02889600000002
123.25946800000001
123.49798100000001
123.722395
123.95664000000001
124.18606600000001
124.41196800000002
124.63389100000002
124.86460800000002
125.08859200000002
125.31184500000002
125.53178600000003
125.77144800000002
126.00964400000002
126.23512000000002
126.45164100000002
126.67312100000002
126.89827700000002
127.15392600000003
127.38536500000002
127.61195200000002
127.84424600000001
128.09061300000002
128.33018800000002
128.55731000000003
128.79131400000003
129.01838900000004
129.24511500000006
129.46645300000006
129.70748800000007
129.94641400000006
130.17415300000008
130.42461300000008
130.6492580000001
130.87199600000008
131.12735800000007
131.35326100000006
131.58812700000007
131.82737200000008
132.05688300000008
132.2715990000001
132.5102070000001
132.74610500000009
132.96003800000008
133.1799770000001
133.4059900000001
133.61973400000008
133.83839400000008
134.07398800000007
134.29371500000008
134.50321400000007
134.72869800000007
134.96779900000007
135.19465900000006
135.41600600000007
135.63578800000008
135.84565800000007
136.04071600000006
136.25516600000006
136.47129300000006
136.69598500000006
136.90392300000008
137.10369200000008
137.30818000000008
137.5211840000001
137.75028200000008
137.9762350000001
138.22198300000008
138.44061900000008
138.64982700000007
138.85473800000008
139.05886800000007
139.28163500000008
139.49190100000007
139.70184200000006
139.90996700000005
140.11608200000006
140.31531500000006
140.52116400000006
140.74950800000005
140.97184800000005
141.18128000000004
141.38839800000005
141.58923100000004
141.83425700000004
142.06898000000004
142.29399600000005
142.50391400000004
142.71119200000004
142.90651200000005
143.11629000000005
143.32516100000004
143.56350200000003
143.77686900000003
144.00963100000004
144.21719400000003
144.44832100000002
144.669956
144.89497300000002
145.1031
145.301442
145.509557
145.728106
145.96389
146.176414
146.355398
146.565888
146.759283
146.956025
147.14416300000002
147.325262
147.513708
147.694718
147.890724
148.088325
148.271764
148.46507499999998
148.68342199999998
148.87910799999997
149.075226
149.325879
149.54382399999997
149.73482099999998
149.91690899999998
150.09033699999998
150.28909
150.46814799999999
150.65521399999997
150.84545699999998
151.061481
151.23909899999998
151.44906199999997
151.63504199999997
151.82181499999996
152.00725599999996
152.20369499999995
152.38923499999996
152.56373399999995
152.74075999999997
152.92109899999997
153.08869799999997
153.25442099999998
153.42108199999998
153.60034399999998
153.80848999999998
153.997326
154.164112
154.36553099999998
154.56766799999997
154.75892499999998
154.93188399999997
155.10212799999996
155.26116199999996
155.42227099999997
155.58893099999997
155.762962
155.92209599999998
156.09294699999998
156.27198499999997
156.45250699999997
156.62044199999997
156.79608899999997
156.96833999999996
157.15428899999995
157.32535099999996
157.49267799999996
157.65864499999995
157.82523799999996
157.99623999999994
158.16952299999994
158.34013499999995
158.51902199999995
158.71277799999996
158.89707699999997
159.07671999999997
159.26583699999998
159.44402599999998
159.63791899999998
159.844079
160.04407999999998
160.235076
160.422871
160.60650099999998
160.82712299999997
161.06097099999997
161.27762899999996
161.51215399999995
161.71649199999996
161.93157199999996
162.15395799999996
162.36800299999996
162.57524399999997
162.79843999999997
163.00041299999998
163.210863
163.41365199999998
163.60714599999997
163.86747699999998
164.090851
164.29336099999998
164.50980099999998
164.718564
164.93650599999998
165.16754299999997
165.41157999999996
165.62202199999996
165.83353599999995
166.05063699999997
166.28061299999996
166.51744099999996
166.75543599999997
166.96486399999998
167.176348
167.382747
167.627973
167.890899
168.105968
168.311431
168.520515
168.73012799999998
168.94075499999997
169.16067999999996
169.38701699999996
169.59693399999995
169.81042499999995
170.06423099999995
170.27899199999996
170.51830799999996
170.73294299999995
170.96014099999994
171.19127099999994
171.42303399999994
171.65452699999994
171.88192399999994
172.10376599999995
172.35477499999996
172.58028799999997
172.79605199999997
173.00541099999998
173.20650399999997
173.45380599999996
173.67549399999996
173.89389399999996
174.11598299999997
174.32860399999998
174.538737
174.779541
174.986477
175.22283900000002
175.41795500000003
175.60108200000005
175.80173800000006
176.02163500000006
176.22239800000006
176.40995200000006
176.60140200000006
176.77436200000005
176.97549200000006
177.16889500000005
177.35564000000005
177.53343200000006
177.72457100000005
177.90365300000005
178.11180100000004
178.32069800000005
178.49772400000006
178.67218300000008
178.84487400000006
179.04242700000006
179.22438600000007
179.41592200000008
179.60247000000007
179.78784800000005
179.97142400000004
180.16358600000004
180.34951800000005
180.53633600000003
180.71508900000003
180.88143200000005
181.06326400000006
181.25030400000006
181.44337200000007
181.61990900000006
181.79764300000005
181.97602800000004
182.14519000000004
182.33666900000003
182.52300800000003
182.69724400000004
182.86660600000005
183.03747200000004
183.21418000000003
183.41844700000001
183.624691
183.821254
184.010464
184.208141
184.399326
184.584543
184.779943
184.976608
185.151064
185.341454
185.51703799999999
185.6948
185.876441
186.070754
186.263733
186.472431
186.670699
186.862526
187.048357
187.232204
187.443926
187.627497
187.799102
187.981277
188.161043
188.338557
188.51797000000002
188.73740700000002
188.91683300000003
189.091842
189.285693
189.48020200000002
189.65338400000002
189.834494
190.013136
190.203497
190.416936
190.600766
190.78484
190.975786
191.165458
191.352959
191.539209
191.728253
191.915725
192.112999
192.305099
192.50136400000002
192.69507000000002
192.87514800000002
193.05901200000002
193.27462500000001
193.47575200000003
193.70709200000002
193.90677200000002
194.115359
194.311181
194.499691
194.699014
194.893362
195.091536
195.289534
195.493345
195.739756
195.946782
196.16259200000002
196.370302
196.594243
196.80677400000002
197.01453
197.219986
197.462553
197.69798600000001
197.894383
198.084597
198.274518
198.462828
198.652277
198.838411
199.021419
199.19958300000002
199.37825600000002
199.56990100000002
199.747003
199.930025
200.102331
200.280282
200.46586
200.697659
200.88764099999997
201.06665699999996
201.23778199999995
201.40026199999994
201.64108899999994
201.83136499999995
202.11717999999996
202.34597199999996
202.53262099999995
202.72483399999996
202.93038099999995
203.11943099999996
203.30529799999996
203.46649599999998
203.62589599999998
203.78252299999997
203.96944199999996
204.13694999999996
204.32266799999996
204.50014599999997
204.66820899999996
204.84766899999997
205.01609699999997
205.17587799999998
205.331673
205.49032599999998
205.649083
205.805761
205.98711799999998
206.143634
206.303493
206.463786
206.619661
206.780648
206.93543100000002
207.09456300000002
207.25017200000002
207.39995900000002
207.56780500000002
207.73482500000003
207.89721000000003
208.06237500000003
208.24438200000003
208.42722600000002
208.605398
208.800468
208.983292
209.15242700000002
209.316671
209.47248900000002
209.65160000000003
209.83566700000003
210.01093000000003
210.18417900000003
210.36358900000002
210.526404
210.68922600000002
210.85416700000002
211.01186600000003
211.18439000000004
211.34872700000003
211.55688300000003
211.72736700000002
211.93262800000002
212.20287100000002
212.402274
212.578655
212.82234499999998
213.007153
213.184296
213.367268
213.522821
213.682522
213.83459200000001
214.01059400000003
214.19066000000004
214.35833300000004
214.52001900000005
214.70932500000004
214.87507200000005
215.04611200000005
215.20849900000005
215.38995500000004
215.55567700000003
215.71656400000003
215.87378100000004
216.03182000000004
216.18786200000005
216.35357800000006
216.51348100000007
216.67051000000006
216.82453500000005
216.99103100000005
217.15406000000004
217.31715400000004
217.48341900000005
217.64535300000006
217.81239600000006
217.98986900000006
218.19833400000005
218.35847400000006
218.54773800000007
218.70762700000006
218.88298600000005
219.04578600000005
219.21486500000006
219.37644300000005
219.54211700000005
219.69767800000005
219.85005900000004
220.04030700000004
220.20963600000005
220.42323000000005
220.58146600000003
220.75012900000004
220.93088500000005
221.09560400000004
221.26898300000005
221.42345100000006
221.58428800000004
221.74065100000004
221.89823700000005
222.06414200000006
222.21901800000006
222.39180800000005
222.54709100000005
222.71181100000004
222.90225900000004
223.08647400000004
223.28979200000003
223.57117400000004
223.76771500000004
224.04314900000003
224.23452800000004
224.40500700000004
224.61163400000004
224.78459100000003
224.95498200000003
225.12134500000002
225.29309200000003
225.46428600000004
225.64526000000004
225.82743400000004
226.00761300000005
226.17616100000004
226.35246600000005
226.54871400000005
226.72987700000004
226.89971900000003
227.06112300000004
227.23128900000003
227.39611700000003
227.59339100000003
227.75706800000003
227.91434200000003
228.07876800000003
228.24881400000004
228.42673500000004
228.59647900000004
228.77145900000005
228.94429500000004
229.12231800000004
229.28860400000005
229.46462000000005
229.62911000000005
229.79454900000005
229.94777300000004
230.10986800000003
230.28034900000003
230.44992300000004
230.62989400000004
230.81402200000002
230.99081400000003
231.17262800000003
231.33898600000003
231.51316400000005
231.68431800000005
231.85910900000005
232.03388000000004
232.21155900000005
232.39038400000004
232.56710700000005
232.74575200000004
232.97067200000004
233.14790800000003
233.32022700000002
233.48981300000003
233.663472
233.84137900000002
234.03688200000002
234.22598100000002
234.40965200000002
234.58975700000002
234.77740500000002
234.943374
235.124781
235.319443
235.48802600000002
235.658949
235.84572400000002
236.02239400000002
236.233562
236.398797
236.579165
236.755629
236.914027
237.06589400000001
237.231885
237.412544
237.567383
237.724842
237.894226
238.058494
238.223674
238.40962399999998
238.577588
238.751118
238.895512
239.04148899999998
239.204951
239.366842
239.544205
239.696562
239.839364
239.98432599999998
240.15211999999997
240.30908499999998
240.469326
240.618414
240.768892
240.907643
241.060769
241.210661
241.353321
241.496975
241.66138999999998
241.814326
241.977975
242.12907199999998
242.28764999999999
242.459148
242.62133
242.775745
242.927722
243.075977
243.220169
243.389739
243.55220599999998
243.712314
243.86803799999998
244.015808
244.170631
244.307423
244.446019
244.617774
244.767972
244.91557899999998
245.06050799999997
245.20036599999997
245.346873
245.517047
245.676754
245.829253
245.971755
246.119566
246.26215499999998
246.40127299999997
246.54720899999998
246.694946
246.840487
246.991821
247.131284
247.278609
247.433245
247.581616
247.744878
247.905393
248.06770600000002
248.24008300000003
248.39765600000004
248.55232500000005
248.70655000000005
248.85550500000005
249.00839600000006
249.16124100000008
249.30788200000006
249.46596300000007
249.61352000000008
249.7628540000001
249.9201280000001
250.07058500000008
250.21579300000008
250.35506400000008
250.49969700000008
250.6615740000001
250.84342500000008
251.01296900000008
251.2062290000001
251.3618230000001
251.5146550000001
251.6728160000001
251.8144790000001
251.9502130000001
252.09064100000012
252.23369200000013
252.38226700000013
252.5266350000001
252.67651200000012
252.8204950000001
252.9750990000001
253.1600490000001
253.3145870000001
253.4968220000001
253.6927600000001
253.8428010000001
254.0211210000001
254.1820310000001
254.3303020000001
254.4875630000001
254.63900300000012
254.7835610000001
254.9289530000001
255.0789100000001
255.21634300000008
255.36660200000009
255.5149930000001
255.6762470000001
255.8338300000001
255.9921270000001
256.1694660000001
256.3359890000001
256.5048440000001
256.6660650000001
256.8299760000001
256.9969990000001
257.17277500000006
257.32583600000004
257.49133300000005
257.652614
257.81691800000004
257.99818000000005
258.1670050000001
258.34007600000007
258.5233820000001
258.7064370000001
258.89489400000014
259.11667400000016
259.28449400000017
259.45175500000016
259.63228400000014
259.84272800000014
260.0077400000001
260.17605100000014
260.3548940000001
260.52381300000013
260.7019710000001
260.8791240000001
261.0481730000001
261.21983200000005
261.38578300000006
261.5657780000001
261.7377410000001
261.9098320000001
262.0730500000001
262.2463610000001
262.4164920000001
262.5817710000001
262.74749400000013
262.9012030000001
263.0627980000001
263.2158080000001
263.3826700000001
263.54172200000005
263.69981400000006
263.86791500000004
264.05151700000005
264.24233200000003
264.450507
264.644519
264.813007
264.97591600000004
265.15533500000004
265.31104700000003
265.47441200000003
265.645568
265.80957900000004
265.99223300000006
266.17417100000006
266.35035700000003
266.543384
266.736438
266.91269900000003
267.08779100000004
267.261635
267.439977
267.611206
267.801565
268.000709
268.182527
268.381299
268.567274
268.746685
268.945372
269.13714600000003
269.333721
269.534505
269.74613500000004
269.96474500000005
270.18512200000004
270.380484
270.576449
270.759761
270.949655
271.126756
271.332916
271.505731
271.693038
271.882389
272.089063
272.270381
272.459357
272.645872
272.855169
273.06009
273.274202
273.484135
273.688154
273.874207
274.06872400000003
274.268526
274.468819
274.689885
274.87861300000003
275.068906
275.25847400000004
275.45484600000003
275.65701800000005
275.85920300000004
276.07605400000006
276.26238000000006
276.4659970000001
276.6690070000001
276.8617450000001
277.0459440000001
277.23264100000006
277.44139000000007
277.65875400000004
277.85244500000005
278.038422
278.243754
278.42730800000004
278.60496600000005
278.80785700000007
278.98878200000007
279.17597500000005
279.3577910000001
279.54554700000006
279.75810000000007
279.96618900000004
280.15613600000006
280.34282700000006
280.53118400000005
280.73084000000006
280.92805400000003
281.100268
281.268682
281.43741700000004
281.61369800000006
281.7952470000001
281.9779180000001
282.1746280000001
282.3702240000001
282.5999370000001
282.78371400000015
282.96690900000016
283.16915400000016
283.34456300000016
283.5383790000002
283.7067110000002
283.8813740000002
284.07722400000023
284.26442400000025
284.44383700000026
284.65050600000023
284.84996000000024
285.03492800000026
285.22175000000027
285.40892000000025
285.59792300000026
285.79371900000024
285.98692700000026
286.1766000000003
286.35494700000027
286.53474800000026
286.72486500000025
286.9483070000002
287.1671970000002
287.3635650000002
287.53998100000024
287.72079300000024
287.9020850000002
288.0967050000002
288.2810050000002
288.5058840000002
288.7121350000002
288.9066110000002
289.08773400000024
289.27946400000025
289.52831300000025
289.73913100000027
289.93305500000025
290.14269100000024
290.35241700000023
290.54282000000023
290.7230960000002
290.9186850000002
291.0977200000002
291.2774620000002
291.4969460000002
291.73570100000023
291.95498100000026
292.1613600000003
292.3820480000003
292.5756220000003
292.7692840000003
292.98138200000034
293.1752390000003
293.3793290000003
293.5855020000003
293.7619890000003
293.9541700000003
294.15125400000034
294.38540500000033
294.5845720000003
294.77848500000033
294.9742730000003
295.15523600000034
295.3360810000003
295.5198630000003
295.69654900000035
295.86489000000034
296.02398100000033
296.20879900000034
296.37525100000033
296.54606900000033
296.70911400000034
296.87805700000035
297.04308600000036
297.2193660000004
297.38492400000035
297.54929500000037
297.71888000000035
297.88553600000034
298.05247400000036
298.2113730000004
298.3643550000004
298.5218020000004
298.69679000000036
298.86048000000034
299.0341390000003
299.25497800000034
299.45717700000034
299.66848800000037
299.8658640000004
300.05515000000037
300.23457400000035
300.41333400000036
300.5964340000004
300.7947080000004
300.9890350000004
301.1676660000004
301.3667120000004
301.5516980000004
301.75710500000037
301.9453370000004
302.10828400000037
302.3111300000004
302.5170960000004
302.73058700000036
302.93195600000035
303.1267840000003
303.33645800000033
303.51189100000033
303.69887100000034
303.87369700000033
304.0636090000003
304.2502580000003
304.4211970000003
304.58441200000027
304.78766000000024
305.00039900000024
305.18815900000027
305.3935720000003
305.5767330000003
305.7793810000003
305.9882510000003
306.1704050000003
306.3541970000003
306.54425000000026
306.76383000000027
306.94264600000025
307.11908800000026
307.2901250000003
307.45745900000026
307.61925700000023
307.7887750000002
307.98142400000023
308.15085900000025
308.3279470000003
308.4982580000003
308.7078900000003
308.89603300000033
309.1166350000003
309.2925280000003
309.4734890000003
309.6580140000003
309.82819400000034
310.0062690000003
310.1845830000003
310.39387200000033
310.59365800000035
310.77616300000034
310.95620700000035
311.1267860000003
311.31493000000034
311.49561400000033
311.71141200000034
311.89377800000034
312.0687000000003
312.2903390000003
312.4769770000003
312.7050470000003
312.9134180000003
313.1063090000003
313.3899500000003
313.5979510000003
313.7976120000003
313.9845510000003
314.1649140000003
314.3419940000003
314.51979700000027
314.72477500000025
314.91128100000026
315.08968200000027
315.27079500000025
315.44534400000026
315.62307400000026
315.78984000000025
315.9562820000003
316.12991400000027
316.31124900000026
316.4757780000003
316.6480580000003
316.8504140000003
317.03107900000026
317.2155970000003
317.39768000000026
317.58027600000025
317.76040100000023
317.95584500000024
318.1384700000002
318.3130900000002
318.49740600000024
318.71009200000026
318.8990920000003
319.17006000000026
319.38237300000026
319.59105600000026
319.8250430000003
320.0303290000003
320.22850400000027
320.4235620000003
320.6180190000003
320.8102760000003
321.0009880000003
321.2096010000003
321.4053330000003
321.6082440000003
321.8032360000003
321.9965180000003
322.1894290000003
322.3927700000003
322.58274400000033
322.7676180000003
322.9447590000003
323.11998000000034
323.2960940000003
323.4817460000003
323.6780090000003
323.8802660000003
324.0531990000003
324.2476260000003
324.4182220000003
324.5876850000003
324.7582520000003
324.9329250000003
325.1132640000003
325.3157160000003
325.4914690000003
325.7006180000003
325.8745010000003
326.0404060000003
326.2155700000003
326.3786330000003
326.55196100000035
326.72313800000035
326.90699300000034
327.08130000000034
327.25200700000033
327.42031400000036
327.60869200000036
327.7818890000004
327.9601520000004
328.1384210000004
328.3087030000004
328.4802780000004
328.6835060000004
328.89065000000045
329.0722180000005
329.25585400000045
329.46476800000045
329.64578000000046
329.8413760000005
330.15582100000046
330.35170300000044
330.6216790000004
330.7950950000004
330.9988870000004
331.2088440000004
331.3911720000004
331.5875170000004
331.7745000000004
331.9546090000004
332.1200060000004
332.2788840000004
332.4390820000004
332.62364100000036
332.78936600000037
332.9564840000004
333.1188470000004
333.2704140000004
333.4304300000004
333.6093660000004
333.7828830000004
333.9680490000004
334.1581100000004
334.3316750000004
334.5027380000004
334.67793700000044
334.84471800000046
335.00337500000046
335.1624300000005
335.3174230000005
335.46762200000046
335.6264750000005
335.7904820000005
335.9469990000005
336.1155950000005
336.2793850000005
336.4529660000005
336.6261670000005
336.8151840000005
336.9891100000005
337.1616510000005
337.33376900000053
337.4929250000005
337.6712830000005
337.8442480000005
338.0031400000005
338.1619110000005
338.3090210000005
338.4693450000005
338.6204420000005
338.7871870000005
338.95217700000046
339.11939600000045
339.3167250000005
339.48858100000047
339.66187900000045
339.84304600000047
340.00896300000045
340.17622800000044
340.33819100000045
340.52194600000047
340.6925340000005
340.87385200000045
341.0428560000004
341.21947100000045
341.39482100000043
341.58632400000045
341.76157200000046
341.9383260000005
342.1166760000005
342.2823430000005
342.4502740000005
342.6291910000005
342.8316880000005
343.0462490000005
343.2210500000005
343.4005210000005
343.61374300000045
343.79824500000046
343.99416500000046
344.17725600000045
344.38091900000046
344.57585000000046
344.77330200000046
344.97215100000045
345.16863900000044
345.35497100000043
345.5633030000004
345.7473630000004
345.9361670000004
346.1330410000004
346.3510640000004
346.5565700000004
346.84427200000044
347.02950100000044
347.23525900000044
347.4404830000004
347.6419980000004
347.8554780000004
348.06611200000043
348.37629300000043
348.5888610000004
348.8854180000004
349.1218150000004
349.32905700000043
349.53382200000044
349.7221850000004
349.94039200000043
350.1453230000004
350.3490820000004
350.5480490000004
350.7733460000004
350.9735810000004
351.18843100000043
351.3820810000004
351.58305700000045
351.77222100000046
351.9797270000005
352.1967200000005
352.4159820000005
352.6109440000005
352.8511180000005
353.0806550000005
353.3003770000005
353.49164100000047
353.6820420000005
353.8664080000005
354.1136850000005
354.31997000000047
354.5466370000005
354.83782300000047
355.03976000000046
355.3198280000005
355.5585640000005
355.7916970000005
355.9927890000005
356.19809700000053
356.39626000000055
356.61796200000055
356.82578900000055
357.0707830000006
357.27866100000057
357.53265200000055
357.72164200000054
357.91817400000053
358.1151110000005
358.3298090000005
358.51960200000053
358.72058900000053
358.9911520000005
359.2121400000005
359.4251270000005
359.6228170000005
359.8649410000005
360.0641730000005
360.2845910000005
360.5118290000005
360.8296670000005
361.0818080000005
361.3808660000005
361.6302300000005
361.8550900000005
362.0690390000005
362.2671100000005
362.4705730000005
362.6877640000005
362.88451200000054
363.08382900000055
363.28469400000057
363.47546300000056
363.6829270000006
363.8954410000006
364.0949760000006
364.2875330000006
364.5437230000006
364.7731230000006
364.9970060000006
365.2174750000006
365.44447800000063
365.64871900000065
365.84512800000067
366.05855200000065
366.26641000000063
366.46498300000064
366.66011700000064
366.8444310000006
367.0592850000006
367.2545260000006
367.4512870000006
367.6482750000006
367.84728800000056
368.04157300000054
368.2343500000005
368.4346680000005
368.6827960000005
368.89975900000053
369.14135700000054
369.3506840000005
369.5575240000005
369.7871020000005
370.0266200000005
370.23756800000046
370.48469700000044
370.7976770000004
371.0046350000004
371.2669940000004
371.5152820000004
371.7316650000004
371.9298190000004
372.1204290000004
372.3036220000004
372.48895200000044
372.67558800000046
372.8612360000005
373.0515220000005
373.2547830000005
373.4553990000005
373.6513830000005
373.86476600000054
374.05171600000057
374.25057100000055
374.44499700000057
374.6448740000006
374.8336470000006
375.0260050000006
375.2077920000006
375.3938160000006
375.57533800000056
375.75318200000055
375.94558700000056
376.1481200000006
376.36523000000057
376.5572060000006
376.74953400000055
376.94324800000055
377.12735400000054
377.3158050000005
377.49300800000054
377.6729530000005
377.85907400000053
378.04377800000054
378.2326130000005
378.4512160000005
378.6629630000005
378.8590540000005
379.05226900000054
379.24476200000055
379.44221900000053
379.6290520000005
379.8031390000005
379.9869190000005
380.1668570000005
380.35542800000053
380.54694700000056
380.73814400000055
380.94219500000054
381.18345700000054
381.38405900000055
381.58366400000057
381.77677900000054
381.98365700000056
382.17748500000056
382.36609500000054
382.55519200000055
382.7291690000005
382.90722800000054
383.08671800000053
383.26221000000055
383.44302200000055
383.62996000000055
383.87640100000056
384.0723570000006
384.2723780000006
384.4735640000006
384.67674500000055
384.86116900000053
385.04697200000055
385.22615600000057
385.45594600000055
385.6483910000006
385.8488520000006
386.02715400000056
386.2100330000006
386.3769920000006
386.5452870000006
386.7236090000006
386.9042900000006
387.0796910000006
387.2527850000006
387.4420340000006
387.6363630000006
387.82200300000056
387.98744600000055
388.14822400000054
388.30270700000057
388.4550800000006
388.6239160000006
388.7858300000006
388.9578160000006
389.1547570000006
389.3388600000006
389.5370940000006
389.7129910000006
389.89059700000064
390.06021800000065
390.24515100000065
390.40944500000063
390.6101040000006
390.7826850000006
390.9469980000006
391.1108760000006
391.3125380000006
391.4777760000006
391.6407950000006
391.7928730000006
391.9523270000006
392.1032880000006
392.2822700000006
392.4509270000006
392.6192920000006
392.7655660000006
392.9221530000006
393.07672600000063
393.2287230000006
393.4153710000006
393.5575700000006
393.7019580000006
393.8462270000006
394.01936100000063
394.1918300000006
394.3599000000006
394.5189920000006
394.6750630000006
394.8195200000006
394.9777000000006
395.1373490000006
395.2832290000006
395.4302840000006
395.5832400000006
395.73731800000064
395.90724900000066
396.07460400000065
396.31541700000065
396.4857730000007
396.6639470000007
396.8280370000007
397.0067690000007
397.1833020000007
397.3250260000007
397.4755140000007
397.6220640000007
397.7770260000007
397.92723700000073
398.0777260000007
398.2354170000007
398.4013500000007
398.5820500000007
398.7761720000007
398.9500480000007
399.1140880000007
399.2746160000007
399.4272040000007
399.5876800000007
399.7600920000007
399.9260770000007
400.1036180000007
400.2778870000007
400.4658330000007
400.6303490000007
400.7944120000007
400.9535720000007
401.13696300000066
401.29536300000063
401.45806800000065
401.6054160000007
401.75787000000065
401.90310900000065
402.05662200000063
402.21217100000064
402.3693720000006
402.5087830000006
402.65924100000063
402.7997130000006
402.9439910000006
403.0853700000006
403.2613810000006
403.4407240000006
403.6037910000006
403.8050540000006
403.9892540000006
404.1570010000006
404.32584800000063
404.5379210000006
404.7289390000006
404.9141060000006
405.09449800000056
405.27245400000055
405.4483680000005
405.6202670000005
405.7944020000005
405.9681250000005
406.1469690000005
406.3216350000005
406.4968040000005
406.6761560000005
406.84140100000053
407.01565400000055
407.21339600000056
407.42676600000055
407.60008300000055
407.7727570000005
407.93368000000055
408.0899840000005
408.24793400000055
408.40787300000056
408.58531800000054
408.75595700000054
408.9323430000005
409.09844800000053
409.26326800000055
409.42378800000057
409.5909550000006
409.7560520000006
409.96612100000056
410.1461390000006
410.32799700000055
410.50187200000056
410.6762600000006
410.8677180000006
411.0795740000006
411.2596310000006
411.44385300000056
411.62763800000056
411.8145430000006
411.9882190000006
412.1637810000006
412.3486240000006
412.5368850000006
412.7172650000006
412.8956320000006
413.0729070000006
413.24810600000063
413.41979200000065
413.60081100000065
413.78473500000064
413.9563890000006
414.12665900000064
414.2986330000006
414.4711130000006
414.6480830000006
414.8209790000006
415.01652500000057
415.2062260000006
415.4034000000006
415.5958950000006
415.8122780000006
416.00742300000064
416.19657900000067
416.37863200000066
416.56511900000066
416.7436770000007
416.93228800000065
417.1145300000006
417.3156750000006
417.50647700000064
417.6992070000006
417.8884040000006
418.0652200000006
418.2695280000006
418.4675900000006
418.6581540000006
418.8445890000006
419.0212700000006
419.1976040000006
419.3712040000006
419.5441790000006
419.7174520000006
419.8898040000006
420.0704730000006
420.24020100000064
420.4264930000006
420.6246660000006
420.81089900000063
420.99902200000065
421.19886000000065
421.40925800000065
421.72861600000067
421.9469780000007
422.1801340000007
422.3761020000007
422.6053160000007
422.8322170000007
423.0092230000007
423.1981820000007
423.3916090000007
423.6032020000007
423.7860220000007
423.9955860000007
424.1936810000007
424.3924440000007
424.5885820000007
424.7631180000007
424.9417090000007
425.11672000000067
425.29250000000064
425.46984500000065
425.64552700000064
425.82401500000066
425.99525600000067
426.21657900000065
426.39861500000063
426.60666000000066
426.77675800000065
426.96576700000065
427.14142800000064
427.31372800000065
427.4821480000007
427.6497680000007
427.82088100000067
427.99383700000067
428.16410100000064
428.32881100000066
428.50346400000063
428.67884100000066
428.8512250000007
429.0321880000007
429.2405130000007
429.4289070000007
429.62445900000074
429.81632100000076
429.99483500000076
430.17774900000074
430.41630800000075
430.61350700000077
430.80557700000077
430.9975950000008
431.2076510000008
431.4007110000008
431.5806930000008
431.7700820000008
431.9474960000008
432.1261000000008
432.2954940000008
432.4821580000008
432.6652880000008
432.8382470000008
433.01382800000084
433.18904900000086
433.37804400000084
433.55716300000086
433.7515230000009
433.93329300000084
434.1111900000008
434.2818800000008
434.4573750000008
434.6448310000008
434.8290070000008
435.0426670000008
435.22720300000077
435.4243790000008
435.7839320000008
435.9960660000008
436.2843190000008
436.5064710000008
436.7001330000008
436.9034210000008
437.09232400000076
437.2854420000008
437.4866360000008
437.68346400000075
437.87100600000076
438.05029600000074
438.2314550000007
438.40368700000073
438.5882240000007
438.7574080000007
438.92570800000067
439.0995310000007
439.2669330000007
439.46017800000067
439.64003400000064
439.8167790000006
439.98939100000064
440.14881300000064
440.31726900000064
440.4822190000006
440.6479050000006
440.8178450000006
440.9898030000006
441.1469620000006
441.34935500000057
441.5207030000006
441.6930880000006
441.86184900000063
442.0283980000006
442.2087900000006
442.3822440000006
442.5521050000006
442.71633900000063
442.87928900000065
443.05528800000064
443.22674900000067
443.3863040000007
443.5511440000007
443.7106980000007
443.9204950000007
444.0975030000007
444.2920760000007
444.5031930000007
444.70222900000067
444.88568000000066
445.07135300000067
445.2612530000007
445.4451640000007
445.6328050000007
445.8037150000007
445.9802670000007
446.1566980000007
446.3259000000007
446.5026360000007
446.67408700000067
446.8398970000007
447.0088180000007
447.1717410000007
447.33047100000067
447.4963950000007
447.6630250000007
447.8477690000007
448.0191770000007
448.1871280000007
448.3635690000007
448.5538910000007
448.7416400000007
448.9145480000007
449.1083440000007
449.3165140000007
449.4911430000007
449.6792920000007
449.85248700000074
450.02924200000075
450.21400100000074
450.39201400000076
450.56062600000075
450.7379850000008
450.9367400000008
451.12186400000076
451.3163100000008
451.5189830000008
451.69244200000077
451.8833310000008
452.0699990000008
452.2481730000008
452.4271440000008
452.6093460000008
452.8326740000008
453.0467710000008
453.2811450000008
453.48551900000075
453.66793700000073
453.8746670000007
454.0715180000007
454.27051200000074
454.47561400000075
454.7122740000007
454.9108350000007
455.1142130000007
455.3118650000007
455.5027030000007
455.7184300000007
455.9195050000007
456.1284060000007
456.32920200000075
456.5280800000007
456.7373590000007
456.96656800000073
457.19099100000074
457.4267480000007
457.6618310000007
457.9177530000007
458.1727650000007
458.4786450000007
458.7087600000007
458.96922400000074
459.20094500000073
459.42584000000073
459.6612600000007
459.8861130000007
460.10345600000073
460.32688800000074
460.5475100000007
460.7898370000007
461.0155250000007
461.23775400000073
461.46489500000075
461.6739780000008
461.8836970000008
462.1037280000008
462.31960500000076
462.5465850000008
462.7630660000008
462.98920500000077
463.2118390000008
463.43593600000077
463.71986700000076
463.97500200000076
464.19572800000077
464.4201240000008
464.65052400000076
464.86216700000074
465.0667870000007
465.29919500000074
465.5293640000007
465.7487450000007
465.96433400000075
466.20804700000076
466.4392140000008
466.65977200000077
466.8632770000008
467.06542200000075
467.29116000000073
467.51442500000076
467.7184170000008
467.9181580000008
468.1201200000008
468.3177100000008
468.5096420000008
468.7462140000008
468.9634420000008
469.16058700000076
469.37161500000076
469.56826100000075
469.75858100000073
469.9484930000007
470.13908900000075
470.32864000000075
470.51785100000075
470.70687400000077
470.92806000000076
471.1316510000008
471.3299520000008
471.5311760000008
471.74246600000083
471.94261900000083
472.13875800000085
472.3342410000009
472.53044100000085
472.72072700000086
472.90001600000085
473.0875510000009
473.2794400000009
473.46438000000086
473.65974500000084
473.85043500000086
474.05802300000084
474.24260900000087
474.41334200000085
474.59552300000087
474.76958400000086
474.96484800000087
475.14305200000086
475.3123740000009
475.4874690000009
475.66480200000086
475.83916300000084
476.07061200000084
476.2565190000008
476.47411200000084
476.76986100000084
476.96116300000085
477.23893200000083
477.42374800000084
477.6141590000008
477.84229100000084
478.01655500000084
478.1862550000008
478.3710710000008
478.5562740000008
478.7369980000008
478.9140570000008
479.1032070000008
479.2892460000008
479.4747250000008
479.6432150000008
479.8156390000008
479.9908440000008
480.16297700000075
480.33478200000076
480.51958600000074
480.69859500000075
480.87765400000075
481.0546940000007
481.23372000000074
481.41086800000073
481.59198600000076
481.76314700000074
481.93270600000074
482.1085510000007
482.28334500000074
482.45629100000076
482.6293770000008
482.81049100000075
483.01886100000075
483.20462600000076
483.3861720000008
483.57291300000077
483.75573800000075
483.94629200000077
484.1239420000008
484.3058790000008
484.4886990000008
484.6742630000008
484.8594000000008
485.04454600000076
485.2343800000008
485.4213840000008
485.59567500000077
485.76786800000076
485.94595300000077
486.11935900000077
486.2963390000008
486.4753070000008
486.6544680000008
486.8341330000008
487.0296960000008
487.2079740000008
487.3969530000008
487.5809530000008
487.7718960000008
487.95051700000084
488.12855600000086
488.31947600000086
488.5034980000009
488.69201900000087
488.87373400000087
489.0453070000009
489.22869500000087
489.4020980000009
489.57056000000085
489.73707600000085
489.90739200000087
490.09316400000085
490.28368000000086
490.47088500000086
490.65327800000085
490.83097100000083
491.00878300000085
491.18734300000085
491.3695190000009
491.5465450000009
491.72425900000087
491.91559600000085
492.09511700000087
492.27300400000087
492.4521420000009
492.6318670000009
492.8131640000009
493.02397600000086
493.21083000000084
493.42241100000086
493.60309900000084
493.7929000000008
493.9716250000008
494.15778900000083
494.33859100000086
494.52105000000086
494.7093740000009
494.8899360000009
495.08251300000086
495.26923200000084
495.46787800000084
495.64484100000084
495.83107300000086
496.02652000000086
496.21292800000083
496.38641500000085
496.57452600000084
496.76303800000085
496.95740600000084
497.15803000000085
497.36876800000084
497.5792410000008
497.7946020000008
497.9826910000008
498.17765400000076
498.38096800000073
498.6093140000007
498.81990900000073
499.02322900000075
499.22392000000076
499.42186400000077
499.64440200000075
499.85417800000073
500.04482200000075
500.24286000000075
500.43837600000074
500.63113900000076
500.82177400000074
501.0127050000007
501.21170300000074
501.41246600000073
501.62044900000075
501.81083000000075
501.99407400000075
502.18037700000076
502.36950900000073
502.5474060000007
502.7345460000007
502.91080200000073
503.09450900000076
503.29100100000073
503.4766570000007
503.6641630000007
503.8662750000007
504.0622910000007
504.2495010000007
504.4361010000007
504.6391080000007
504.8538750000007
505.0365750000007
505.2380450000007
505.4306990000007
505.64549600000066
505.86208200000067
506.0687140000007
506.26732000000067
506.4598150000007
506.65060400000067
506.83705300000065
507.01939600000065
507.22552200000064
507.43834600000065
507.62006200000064
507.82203300000066
508.06774300000063
508.27509200000065
508.47959500000064
508.67686000000066
508.86364900000063
509.0636080000006
509.2553690000006
509.4793970000006
509.6628140000006
509.8578570000006
510.0488710000006
510.2545880000006
510.45481600000056
510.6446980000006
510.82421500000055
511.01861200000053
511.24985300000054
511.45638000000054
511.64993300000054
511.8513540000005
512.0532980000005
512.2561790000005
512.4472640000006
512.6371920000006
512.8439650000006
513.0382390000005
513.2508210000005
513.4423700000006
513.6267850000005
513.8332500000005
514.0434090000005
514.2471490000005
514.4554900000005
514.6538630000005
514.8761590000005
515.0895010000005
515.3056040000005
515.5254790000005
515.7595410000005
515.9627880000005
516.1894660000005
516.3829510000005
516.5801760000005
516.8129370000005
517.0191580000005
517.2296630000005
517.4416410000006
517.6485480000006
517.8543460000005
518.0622710000006
518.2943360000006
518.5231990000007
518.7346780000007
518.9243380000007
519.1265420000008
519.3369940000008
519.5384090000008
519.7511180000008
519.9610930000008
520.2103720000008
520.4363060000009
520.6459900000009
520.872823000001
521.1017200000009
521.324862000001
521.544157000001
521.772585000001
521.9862210000009
522.231028000001
522.4501990000009
522.6589390000009
522.885645000001
523.103801000001
523.321727000001
523.566014000001
523.774318000001
523.991582000001
524.201267000001
524.4054690000011
524.6306600000011
524.8357130000011
525.0513910000011
525.2521670000011
525.4598760000011
525.6557760000012
525.8977660000012
526.1039550000012
526.3060430000012
526.4962670000011
526.6856500000011
526.8703800000011
527.0848500000011
527.2654580000011
527.470361000001
527.6683000000011
527.8542920000011
528.0421100000011
528.2184220000012
528.4735710000011
528.6505360000011
528.8248290000012
529.0103320000012
529.2068430000012
529.3908750000012
529.5626490000012
529.7350210000012
529.8935650000012
530.0864540000013
530.2777050000012
530.4517720000013
530.6125230000013
530.7817910000012
530.9392590000012
531.0977180000012
531.2679710000012
531.4548870000012
531.6856560000012
531.8682490000012
532.0409690000013
532.2135340000012
532.3906860000012
532.5606690000012
532.7254840000012
532.8932660000012
533.0762460000012
533.2276440000012
533.3732550000012
533.5312260000012
533.6844880000012
533.8376070000012
533.9927750000012
534.1496620000012
534.3085110000012
534.4665940000012
534.6615960000013
534.8372970000013
535.0137610000013
535.1843420000013
535.3566170000013
535.5203650000013
535.6909100000013
535.8577780000013
536.0411220000013
536.2243490000013
536.3993080000013
536.5847050000012
536.7644710000012
536.9318220000013
537.1220610000013
537.3297830000013
537.5059470000012
537.6760340000012
537.8592500000012
538.0605650000012
538.2334880000012
538.4075530000013
538.5716320000013
538.7415090000013
538.9165430000013
539.0868590000013
539.2597130000013
539.4661110000013
539.6384150000014
539.8489400000013
540.0329440000013
540.2082030000013
540.3713870000013
540.5320330000013
540.6981340000013
540.8548300000014
541.0269940000013
541.1770270000013
541.3255000000013
541.4853890000013
541.6407270000013
541.7996450000013
541.9588160000013
542.1187600000013
542.2747570000013
542.4227340000012
542.5895850000012
542.7869980000012
542.9517840000012
543.1285380000012
543.3452640000012
543.5263620000012
543.7344850000012
543.9075640000012
544.0716360000013
544.2250800000013
544.3938590000013
544.5737050000013
544.7452810000012
544.9327910000012
545.1146820000012
545.2623290000012
545.4208900000011
545.5727860000011
545.7376850000011
545.9193150000011
546.1105360000012
546.3195340000011
546.4920300000011
546.6651280000011
546.8299790000011
546.9832130000011
547.1535380000012
547.3637250000012
547.5195820000012
547.6750860000011
547.8433060000011
548.0023080000011
548.1618520000011
548.3141050000011
548.4683520000011
548.6160350000011
548.7672160000011
548.9232920000011
549.0895810000011
549.246975000001
549.401165000001
549.552750000001
549.726458000001
549.879549000001
550.031845000001
550.176886000001
550.318175000001
550.473354000001
550.652672000001
550.814450000001
550.9874730000009
551.181267000001
551.336169000001
551.5086380000009
551.695141000001
551.8658980000009
552.0298520000009
552.1816900000009
552.3366040000009
552.4829360000009
552.6482670000009
552.814056000001
553.023031000001
553.202772000001
553.377816000001
553.546449000001
553.725656000001
553.905458000001
554.101007000001
554.297280000001
554.481468000001
554.802663000001
554.978178000001
555.1525950000009
555.367273000001
555.5695150000009
555.753617000001
555.939055000001
556.1134210000009
556.2698940000009
556.433471000001
556.5877170000009
556.7337430000009
556.9024640000009
557.0482350000009
557.2024810000008
557.3535310000009
557.5093430000009
557.6515440000009
557.8013570000008
557.9815650000008
558.1461410000009
558.2897430000008
558.4341970000008
558.5799330000009
558.7519470000009
558.9075590000009
559.082250000001
559.224211000001
559.361913000001
559.492343000001
559.619815000001
559.7937840000011
559.9468060000011
560.084299000001
560.228398000001
560.370759000001
560.505011000001
560.650608000001
560.8052830000009
560.954083000001
561.098953000001
561.237546000001
561.379822000001
561.537708000001
561.7035690000009
561.8547010000009
562.0141070000009
562.1645860000009
562.3223690000009
562.4672330000009
562.6198810000009
562.7688030000008
562.9243360000008
563.0834730000008
563.2326260000008
563.3819330000008
563.5428710000008
563.7016920000008
563.8947910000007
564.0650250000008
564.2234260000008
564.3826220000008
564.5450850000008
564.7027060000007
564.8696470000007
565.0352380000006
565.2020320000006
565.3645250000006
565.5351060000006
565.6949490000006
565.8587850000006
566.0261710000005
566.2277870000005
566.4046560000005
566.5850120000005
566.7647190000005
566.9324990000005
567.0944100000005
567.2523770000005
567.4144330000005
567.5566600000005
567.7146990000006
567.8618640000005
568.0138200000006
568.1673570000006
568.3316740000006
568.4964310000006
568.6678660000006
568.9019730000006
569.0656070000006
569.2218550000006
569.3889570000006
569.5493540000006
569.7102300000006
569.8655370000006
570.0212870000006
570.1672320000006
570.3150680000006
570.4992140000006
570.6614980000006
570.8330210000006
571.0146180000006
571.1764130000006
571.3298250000006
571.5053880000006
571.6803320000006
571.8379470000006
571.9939530000006
572.1515010000006
572.3372250000007
572.4874810000007
572.6364870000007
572.7815800000006
572.9430540000006
573.1345700000006
573.2932960000006
573.4588860000006
573.6209610000005
573.7940270000005
573.9515090000004
574.0981850000004
574.2468850000004
574.4314570000004
574.5952330000003
574.7603980000004
574.9294210000004
575.0933870000003
575.2470070000004
575.4018120000004
575.5679660000004
575.7708790000004
575.9242720000004
576.0798550000004
576.2745030000004
576.4328290000004
576.6126510000004
576.7769170000004
576.9776990000004
577.1433420000004
577.3765660000004
577.5316690000004
577.6996750000004
577.9077140000004
578.0659250000004
578.2164980000005
578.3793870000004
578.5391170000004
578.6999870000004
578.8725000000004
579.0160540000004
579.1761270000004
579.3230920000004
579.4759440000005
579.6280340000005
579.7804240000005
579.9350320000005
580.0790620000006
580.2464660000006
580.4010570000006
580.5560560000006
580.7042620000005
580.8493240000006
580.9895610000005
581.1337860000006
581.2865020000006
581.4359630000006
581.5828410000006
581.7314060000006
581.8788290000006
582.0305910000005
582.1833930000005
582.3339620000005
582.5187330000005
582.6817930000004
582.8449170000005
583.0366340000005
583.2001020000005
583.3657800000004
583.5261410000004
583.6795990000004
583.8566490000004
584.0278060000004
584.1931120000004
584.3421200000004
584.5003490000004
584.6736290000003
584.8308230000004
584.9827770000004
585.1392640000004
585.2986050000004
585.4957190000005
585.6447090000005
585.8082970000005
585.9664720000005
586.1182360000005
586.2942900000005
586.4692270000005
586.7508470000005
586.9277640000005
587.2027150000005
587.4214140000005
587.6168080000004
587.8398190000005
588.0206570000005
588.1921250000005
588.3676920000005
588.5341130000005
588.7080810000004
588.8871580000005
589.0985860000004
589.3123070000004
589.4937930000003
589.6920750000003
589.8716580000003
590.0502870000003
590.2493240000002
590.4203960000002
590.5941460000003
590.7618440000002
590.9425810000002
591.1224770000002
591.3008620000003
591.4991150000003
591.6878600000003
591.8829990000004
592.0692160000004
592.2563010000005
592.4444630000005
592.6157390000005
592.7998760000005
592.9857850000005
593.1661310000005
593.3385590000005
593.5172510000004
593.7020230000004
593.8871690000004
594.1044990000004
594.2959480000004
594.4929850000004
594.6851670000004
594.8845360000005
595.0752980000004
595.2561760000004
595.4277170000005
595.6145760000005
595.7995600000005
596.0016600000005
596.2168770000005
596.4250080000005
596.6766050000004
596.8997180000005
597.1134270000005
597.3276650000005
597.5380240000005
597.7652990000005
597.9859480000005
598.2103570000005
598.5034910000005
598.7379580000005
599.0364080000005
599.2818390000006
599.5451470000006
599.7555760000006
599.9548510000005
600.1904000000005
600.3944060000006
600.6066210000006
600.8192730000006
601.0250980000006
601.2263380000006
601.4173560000006
601.6437820000006
601.8637320000006
602.1098480000006
602.3021990000007
602.4924540000006
602.6873410000006
602.8996110000006
603.1062850000006
603.3013310000007
603.5116700000007
603.7403520000007
603.9516590000007
604.1420910000007
604.3317780000008
604.5254400000008
604.7080450000008
604.8981790000007
605.0847100000007
605.2687690000007
605.4430180000007
605.6176240000008
605.8023520000007
606.0035130000007
606.1853920000007
606.3788210000007
606.5782590000007
606.7661400000006
606.9386500000006
607.1203060000006
607.3002300000006
607.4817430000006
607.6463250000006
607.8127180000006
607.9806780000006
608.2090750000006
608.3997960000006
608.6236620000006
608.8990220000006
609.0789890000007
609.3808300000006
609.6300140000006
609.8152120000007
610.0044270000006
610.1802260000006
610.3436350000006
610.5207810000006
610.7049540000006
610.8730280000007
611.0500690000007
611.2217290000007
611.3966350000006
611.6229120000006
611.8145220000006
611.9950350000006
612.1714540000006
612.3324680000006
612.5006590000006
612.6707910000006
612.8397570000005
613.0081340000005
613.1739820000005
613.3694560000005
613.5539720000005
613.7348240000005
613.9442160000004
614.1377650000004
614.3431710000004
614.5213470000004
614.6883590000004
614.8503370000004
615.0119630000004
615.1831070000004
615.3579870000004
615.5336100000004
615.7255310000004
615.9516710000004
616.1508170000004
616.3237490000004
616.5257480000004
616.7080170000004
616.8729720000003
617.0698490000003
617.2524950000003
617.4433900000002
617.7237660000003
617.8966160000003
618.0755900000004
618.3342810000004
618.5726880000004
618.7428460000004
618.9341180000005
619.1001800000005
619.2691560000005
619.4575040000005
619.6304920000006
619.7982980000006
619.9623120000006
620.1269710000006
620.2884790000006
620.4532630000007
620.6158690000007
620.7695720000006
620.9368120000006
621.1087940000006
621.3189540000005
621.5377960000005
621.7468690000005
621.9177090000005
622.1076210000006
622.2916880000006
622.4876810000006
622.6591450000006
622.8284920000007
622.9954210000006
623.1767700000006
623.3595470000006
623.5579350000006
623.7449840000006
623.9340910000006
624.1173980000007
624.2868180000006
624.4498760000006
624.6611780000006
624.8559030000006
625.0628780000006
625.3928140000006
625.6070360000006
625.8780000000006
626.1306110000006
626.3340970000006
626.5286230000006
626.7129970000007
626.9207610000007
627.1165210000006
627.3150440000006
627.5146510000006
627.7026390000007
627.9292600000007
628.1377130000006
628.3453320000007
628.5477070000006
628.7528250000006
628.9527280000005
629.1876270000006
629.4092040000006
629.6218390000006
629.8328830000006
630.0700830000006
630.2998370000006
630.5417380000006
630.7650100000005
630.9907440000005
631.2086680000006
631.4470020000006
631.6797340000006
631.9121030000006
632.1476880000006
632.4103020000006
632.6546760000006
632.8949110000005
633.1356570000005
633.3687540000005
633.6033930000006
633.8464040000006
634.0740110000006
634.2988190000007
634.5125290000007
634.7243130000006
634.9483610000007
635.1746470000006
635.3959630000006
635.6289860000006
635.8511760000006
636.0659410000006
636.3178970000006
636.5377230000006
636.7548770000006
636.9694160000006
637.1792410000006
637.3943030000006
637.6066430000006
637.8247900000007
638.0439270000007
638.2561590000007
638.5280950000007
638.8121370000007
639.0362960000007
639.3116090000007
639.5384850000006
639.7755430000007
640.0006740000007
640.2299870000007
640.4805110000008
640.7031470000007
640.9184470000007
641.1625320000007
641.3930140000008
641.6155470000008
641.8432420000008
642.0996550000008
642.3794250000008
642.6335560000008
642.8685980000008
643.0957490000009
643.3505230000009
643.5835720000009
643.8772230000009
644.2102500000009
644.4721340000009
644.8076040000009
645.1020580000009
645.3814850000009
645.6067230000009
645.8852290000009
646.1347110000008
646.3711400000009
646.6043640000008
646.8229070000008
647.0450070000007
647.2629640000007
647.4742220000007
647.6961030000008
647.9191290000008
648.1446410000008
648.3792550000007
648.6624580000007
648.9078030000007
649.1542010000007
649.3958590000008
649.6283380000008
649.8536600000008
650.0803100000007
650.3015250000008
650.5232710000008
650.7506660000008
650.9778090000008
651.2116990000007
651.4515990000008
651.7028420000008
651.9837530000008
652.2462710000008
652.5003350000007
652.7541860000008
652.9918220000008
653.2303800000008
653.4583610000008
653.6895030000007
653.9105870000008
654.1413830000008
654.4167800000008
654.7004190000008
654.9309840000008
655.1850920000007
655.4221280000007
655.7056690000007
655.9456870000007
656.1784870000007
656.4132690000007
656.6418450000007
656.8771940000007
657.1034560000007
657.3288530000008
657.5601100000008
657.7936820000008
658.0233730000008
658.2417550000008
658.4679730000008
658.6997460000008
658.9299300000008
659.1723200000008
659.4137970000008
659.6999020000009
659.9604910000008
660.1996470000008
660.4429250000009
660.6853730000008
660.9160100000008
661.1489190000008
661.3705830000008
661.5980710000008
661.8403170000008
662.0600680000008
662.2809670000008
662.5345080000009
662.7799880000009
663.0041100000009
663.2228400000009
663.4719160000009
663.7123080000009
663.9523040000009
664.1896490000009
664.429471000001
664.6866360000009
664.9655150000009
665.2255310000008
665.5594110000009
665.8634290000009
666.1075400000009
666.3399860000009
666.5587990000008
666.7767800000008
666.9879660000008
667.2239810000008
667.4377710000008
667.6381620000008
667.8417510000007
668.0393450000007
668.2662150000007
668.4782030000007
668.6863680000007
668.8859830000007
669.0905860000007
669.2825000000007
669.4736270000008
669.6842120000008
669.8836350000008
670.0797050000008
670.2637380000008
670.4553050000007
670.6512770000007
670.8554000000007
671.0656660000008
671.2648070000008
671.4607860000008
671.7199590000008
671.9263500000009
672.1403250000009
672.3422650000009
672.5476870000009
672.7461050000009
672.9638430000009
673.158482000001
673.354561000001
673.553797000001
673.795213000001
674.014944000001
674.2437270000011
674.462576000001
674.675973000001
674.881393000001
675.0823360000011
675.270659000001
675.4690500000011
675.680650000001
675.881725000001
676.1143150000009
676.326522000001
676.539872000001
676.7980880000009
677.0157580000009
677.2302380000009
677.4434840000009
677.6486770000009
677.8506900000009
678.0461800000008
678.2360340000008
678.4334800000008
678.6466470000008
678.8680350000009
679.0783810000008
679.2839250000009
679.4857630000008
679.6949370000008
679.9675390000008
680.1937270000008
680.4157640000008
680.6216950000007
680.8419690000007
681.0489020000008
681.2803080000008
681.4666730000008
681.6485840000008
681.8362340000008
682.0156240000008
682.2361060000007
682.4777030000007
682.8138480000007
683.0360310000007
683.3330880000007
683.5401970000006
683.7588870000006
683.9716250000006
684.1459610000006
684.3142190000007
684.4850430000007
684.6572720000007
684.8332190000007
685.0308470000007
685.2463150000007
685.4560400000007
685.6571700000007
685.8549830000007
686.0425060000008
686.2092010000008
686.3888070000008
686.5897310000008
686.7774180000008
686.9838460000008
687.1701370000008
687.3497820000008
687.5432060000009
687.7411180000008
687.9272860000008
688.1109720000007
688.3393470000008
688.5635030000008
688.7753320000007
689.0464870000008
689.2418830000007
689.5246340000007
689.7472130000007
690.0169130000006
690.2236680000007
690.4079770000006
690.5972720000007
690.7863500000007
690.9860870000007
691.1855530000007
691.4036340000007
691.5950650000007
691.7855910000006
691.9778770000006
692.1690650000006
692.3719050000007
692.5671630000006
692.7636990000007
692.9508020000006
693.1413330000006
693.3335070000006
693.5217270000006
693.7257220000006
693.9182270000006
694.1125090000006
694.2978440000006
694.4860230000006
694.6753080000007
694.8602210000007
695.0669710000008
695.2693090000008
695.4775050000009
695.6673790000009
695.8541770000008
696.0403670000009
696.2219050000009
696.398712000001
696.589480000001
696.800353000001
696.987231000001
697.176331000001
697.358495000001
697.536099000001
697.716688000001
697.890795000001
698.129270000001
698.316250000001
698.491244000001
698.6837050000009
698.859074000001
699.029899000001
699.195153000001
699.3749380000011
699.547539000001
699.723620000001
699.881683000001
700.043422000001
700.210521000001
700.373320000001
700.541579000001
700.714409000001
700.8763950000009
701.0377460000009
701.2031630000009
701.3623880000009
701.5209710000009
701.6688650000009
701.8490510000009
702.007994000001
702.156495000001
702.3138020000009
702.4858060000009
702.6311160000009
702.784469000001
702.9289330000009
703.1201790000009
703.2705940000009
703.4088960000008
703.5616030000008
703.7042850000008
703.8469430000008
703.9843790000008
704.1400260000008
704.2980530000008
704.4526150000008
704.6145450000008
704.7529270000008
704.8865620000008
705.0128120000008
705.1450880000009
705.2889890000009
705.4450240000009
705.5861840000009
705.7239800000009
705.8768080000009
706.0247030000008
706.2010860000008
706.3574400000008
706.5377320000008
706.8044450000008
706.9614210000008
707.1191620000008
707.3087290000008
707.4791840000007
707.6344940000007
707.8472340000008
707.9908690000008
708.1338660000008
708.2791000000008
708.4412630000007
708.5780750000007
708.7202860000007
708.8532180000007
709.0061890000006
709.1479810000006
709.3129610000007
709.4614710000006
709.5978800000006
709.7449160000006
709.8972020000006
710.0499930000005
710.1979930000006
710.3746850000006
710.5369520000006
710.6967780000006
710.8565810000006
711.0373990000006
711.1975570000006
711.3734600000006
711.5350170000006
711.6918510000006
711.8648240000006
712.0314090000006
712.1953050000006
712.3704030000007
712.5339390000007
712.7157170000007
712.8912650000008
713.0595580000007
713.2208600000007
713.3898730000006
713.5595790000007
713.7219750000006
713.8985150000007
714.0648020000007
714.2320230000007
714.3965920000007
714.5671600000007
714.7408710000008
714.9074410000007
715.1062130000007
715.2891430000008
715.4839600000007
715.6601600000007
715.8388450000007
716.0214790000007
716.2534110000007
716.4360880000007
716.6378380000007
716.8108320000007
716.9902600000007
717.1562990000007
717.3364180000007
717.5049320000006
717.6733880000006
717.8445500000006
718.0349170000006
718.2271680000007
718.4397440000007
718.6537740000007
718.9212100000007
719.0999680000007
719.3360180000006
719.5253660000006
719.7243490000006
719.9840100000007
720.1714350000007
720.3582600000007
720.5421790000006
720.7231300000007
720.9077480000007
721.0839650000006
721.2677270000006
721.4660780000006
721.6523380000006
721.8366510000005
722.0145760000005
722.1988640000005
722.3722700000005
722.5563480000005
722.7346300000005
722.9307990000005
723.1187790000006
723.3036530000006
723.4892100000006
723.6827890000006
723.8713020000006
724.0533940000006
724.2305270000006
724.4080570000007
724.5901970000007
724.7674500000006
724.9411430000006
725.1218170000005
725.3090860000005
725.4972270000005
725.6857350000005
725.8707000000005
726.0571010000006
726.2438380000006
726.4320370000006
726.6138370000006
726.7994730000006
726.9905460000006
727.1835980000005
727.3706810000006
727.5583490000006
727.7581430000006
727.9610830000006
728.1620490000006
728.3559690000006
728.5497630000007
728.7413590000007
728.9330240000006
729.1276480000006
729.3314520000006
729.5372110000005
729.7238870000006
729.9127120000005
730.0935030000005
730.2870120000005
730.4840790000004
730.6816940000004
730.8774460000004
731.0676860000004
731.2530310000004
731.4555950000005
731.6429790000004
731.8373970000005
732.0327810000005
732.2358210000004
732.4253720000005
732.6179450000005
732.8034860000005
732.9837590000005
733.1863140000005
733.3774490000005
733.5698040000005
733.7629040000005
733.9467070000005
734.1346370000006
734.3323260000005
734.5195440000006
734.7083240000005
734.9049980000005
735.1088020000005
735.3094320000006
735.5020570000006
735.6934570000006
735.9068920000007
736.0988390000007
736.2814880000006
736.4755610000007
736.6568390000007
736.8428610000007
737.0194120000007
737.1985950000006
737.3760100000006
737.5504310000007
737.7194600000007
737.9060220000007
738.0930950000007
738.2774260000008
738.4572030000007
738.6420040000007
738.8230920000008
739.0146180000007
739.2052360000007
739.3918400000007
739.5713630000007
739.7573860000007
739.9402310000007
740.1204950000007
740.3032270000007
740.4822440000007
740.6569180000007
740.8358910000007
741.0179410000007
741.1894950000008
741.3679610000007
741.5400820000007
741.7220480000007
741.9118750000007
742.0960240000007
742.2812670000008
742.4754250000008
742.6586220000007
742.8481240000007
743.0287220000007
743.2067660000007
743.3869000000007
743.5808310000007
743.7701790000007
743.9586290000007
744.1466880000006
744.3351840000006
744.5230280000006
744.7073400000006
744.8922760000006
745.0793470000006
745.2715810000005
745.4559930000005
745.6441590000005
745.8402550000005
746.0295040000005
746.2112650000006
746.4004930000006
746.5952460000005
746.7890700000005
746.9788240000005
747.1607180000005
747.3458850000005
747.5320780000005
747.7324440000006
747.9141800000006
748.1050710000005
748.2932290000006
748.4758460000006
748.6655470000006
748.8523260000006
749.0515210000007
749.2343540000006
749.4302400000006
749.6333150000006
749.8431150000006
750.0479260000005
750.2482790000005
750.4437330000005
750.6643020000005
750.8733200000005
751.0724550000004
751.2816980000005
751.4787540000004
751.6777160000005
751.8819490000005
752.0783580000005
752.2780310000005
752.4769420000005
752.6706590000005
752.8828410000004
753.0755330000004
753.2766540000003
753.4718530000004
753.6770390000004
753.8759440000003
754.0729270000004
754.2776620000004
754.4854600000004
754.6915570000004
754.8981360000005
755.1000580000004
755.2942720000004
755.4972120000004
755.6953340000005
755.8916860000005
756.0816980000005
756.2751770000006
756.4720220000006
756.6679190000006
756.8890210000005
757.0881630000006
757.2891580000006
757.4803910000006
757.6898980000007
757.9101280000007
758.1320210000007
758.3143070000007
758.4949810000006
758.6721650000006
758.8604930000006
759.0476300000006
759.2429770000006
759.4404000000005
759.6340720000005
759.8371910000005
760.0320520000005
760.2197100000005
760.4050560000005
760.5920010000006
760.7678750000006
760.9489470000005
761.1415360000005
761.3379830000006
761.5314000000005
761.7238810000006
761.9016400000006
762.0971070000006
762.2910080000006
762.4911610000006
762.6924750000006
762.9245310000006
763.1288790000006
763.3752330000005
763.5800080000006
763.7803980000006
763.9843780000006
764.1911980000006
764.4034350000005
764.6090100000005
764.8234070000004
765.0401950000004
765.2334910000004
765.4188220000004
765.6093030000004
765.7993630000004
765.9746990000004
766.1641530000004
766.3677220000004
766.5741700000004
766.8153070000004
767.1039860000004
767.3019760000004
767.5838460000004
767.8019380000004
768.0325120000005
768.2451440000004
768.4228020000004
768.5880500000004
768.7607010000004
768.9295350000003
769.1041450000004
769.2807790000004
769.4601930000003
769.6442190000004
769.8498050000004
770.0285430000004
770.2187290000004
770.3853260000004
770.5685220000004
770.7483390000003
770.9184150000003
771.0770450000003
771.2402360000003
771.4113160000003
771.5771380000003
771.7507620000003
771.9308680000004
772.1023510000003
772.2693320000003
772.4402290000003
772.6108490000003
772.8059800000002
773.0073870000002
773.1766830000003
773.3455360000003
773.5183870000003
773.7105920000002
773.8812410000003
774.0492890000003
774.2591550000003
774.4496950000004
774.7172810000004
774.9461620000004
775.1528190000004
775.3710750000004
775.5898810000003
775.8255630000003
776.0156570000004
776.1978780000004
776.3815320000004
776.5611820000005
776.7426970000005
776.9335620000005
777.1082150000005
777.3228620000006
777.5077560000005
777.6837320000005
777.8556830000006
778.0239050000006
778.2015160000005
778.3784080000005
778.5770490000004
778.7567870000005
778.9369370000005
779.1253330000005
779.3116590000005
779.5006630000005
779.6815780000005
779.8622120000006
780.0447910000006
780.2277730000006
780.4124180000007
780.5889660000007
780.7704480000007
780.9498310000007
781.1371250000007
781.3210660000007
781.5053320000006
781.6886520000006
781.8739500000006
782.0589600000006
782.2392650000006
782.4331420000007
782.6120430000007
782.8124310000006
782.9798490000006
783.1488630000006
783.3252640000006
783.4975970000006
783.6693360000006
783.8449390000006
784.0136590000006
784.1939080000006
784.3757190000007
784.5602580000007
784.7426820000006
784.9274890000006
785.1172070000006
785.3013490000005
785.4879160000005
785.6767550000005
785.8618880000005
786.0485550000005
786.2326940000005
786.4121820000005
786.5973060000005
786.7827550000004
786.9693410000004
787.1576580000004
787.3452180000004
787.5341650000004
787.7153690000004
787.8984180000003
788.0879210000003
788.2714160000003
788.4654180000002
788.6555880000002
788.8726530000002
789.0911730000003
789.2839700000003
789.5200130000003
789.7176020000003
789.9082380000003
790.1099610000003
790.3494850000003
790.5543950000003
790.7558270000003
790.9561370000002
791.1628650000002
791.3852530000003
791.5793820000002
791.7694910000002
791.9538840000002
792.1371260000002
792.3221240000001
792.4988990000002
792.6696310000002
792.8432680000002
793.0170900000002
793.1826030000002
793.3520040000002
793.5344710000002
793.6960030000001
793.8592220000002
794.0161560000001
794.1675830000001
794.3236260000001
794.4693350000001
794.6045210000001
794.7409660000001
794.8803600000001
795.0356360000001
795.1847270000001
795.3359680000001
795.4807790000001
795.6425600000001
795.7827670000001
795.9191000000002
796.0664980000001
796.1956720000002
796.3157750000001
796.4351080000001
796.5580150000002
796.6947140000002
796.8384090000002
796.9707510000002
797.0904470000002
797.2279870000001
797.3720590000001
797.4935970000001
797.6218070000001
797.7489510000001
797.8879770000001
798.0233750000001
798.1583560000001
798.2880690000002
798.4324330000002
798.5728900000001
798.7075460000001
798.8482740000001
798.997052
799.132189
799.27241
799.418071
799.562539
799.72712
799.8853340000001
800.0269440000001
800.176996
800.315873
800.458158
800.605089
800.764253
800.910747
801.076607
801.244599
801.41878
801.599893
801.754691
801.918125
802.091039
802.256555
802.419745
802.588073
802.756061
802.923396
803.1154
803.305112
803.492528
803.683808
803.870507
804.0555959999999
804.2398549999999
804.4287709999999
804.6148849999998
804.8102339999998
805.0055699999998
805.1967269999998
805.4086139999998
805.6058319999999
805.8040069999998
806.0022359999998
806.2018299999999
806.3960319999999
806.5907329999999
806.8088819999999
807.0052689999999
807.2061689999999
807.4043059999999
807.598673
807.804489
808.00261
808.198952
808.3951079999999
808.594122
808.78933
808.9912109999999
809.1821829999999
809.3875359999998
809.5890829999998
809.7881539999998
809.9881059999999
810.1968289999999
810.4025049999999
810.6032499999999
810.7971199999998
810.9922149999999
811.1861889999999
811.3805059999999
811.5804349999999
811.7880749999998
811.9854439999998
812.1877269999998
812.3753349999997
812.5993349999998
812.7978229999998
813.0044199999998
813.2036359999997
813.4104789999998
813.6239759999997
813.8275329999998
814.0316709999997
814.2298929999997
814.4294169999997
814.6223009999998
