0.028149
0.190421
0.36641500000000005
0.547354
0.723022
0.904429
1.084699
1.26363
1.44218
1.619088
1.786653
1.961659
2.125285
2.307212
2.4810339999999997
2.6608169999999998
2.83484
3.014633
3.186089
3.358108
3.5415200000000002
3.7179300000000004
3.895551
4.072298
4.261773
4.454591
4.667833
4.87132
5.083532
5.29195
5.499997
5.69865
5.904732
6.107626
6.315492
6.5156849999999995
6.728256999999999
6.930427999999999
7.139618999999999
7.338843999999999
7.537874999999999
7.740989999999999
7.962244999999999
8.16657
8.366942
8.570154
8.783528
8.993475
9.226463
9.441248000000002
9.657520000000002
9.855659000000001
10.054355000000001
10.247127
10.44383
10.649239
10.851751
11.054448
11.271558
11.469205
11.654685
11.838882
12.044768
12.222346
12.399118
12.582113
12.770643
12.941259
13.143546
13.361936
13.561452
13.763401
13.957383
14.152603000000001
14.372189
14.565579000000001
14.76021
14.956259000000001
15.148428000000001
15.343112000000001
15.532563000000001
15.722367000000002
15.915680000000002
16.098857000000002
16.302095
16.515609
16.702093
16.911777
17.093678
17.275084
17.466442999999998
17.640515999999998
17.813644999999998
17.991395999999998
18.181027999999998
18.365332999999996
18.554743999999996
18.747138999999997
18.955474
19.136975999999997
19.318483999999998
19.502581999999997
19.678485
19.851378999999998
20.039557
20.219752999999997
20.385330999999997
20.552072999999996
20.731905999999995
20.908599999999996
21.103469999999998
21.27302
21.459951999999998
21.643577999999998
21.820483999999997
21.999256999999997
22.186703999999995
22.372745999999996
22.548047999999994
22.726748999999995
22.911589999999993
23.095371999999994
23.276557999999994
23.456779999999995
23.628838999999996
23.810680999999995
23.989490999999994
24.162343999999994
24.340481999999994
24.513978999999996
24.708361999999994
24.897657999999993
25.082620999999993
25.26834699999999
25.46884799999999
25.65146699999999
25.83417499999999
26.015554999999992
26.20371399999999
26.39961099999999
26.57518499999999
26.75640199999999
26.92942299999999
27.10515599999999
27.28605899999999
27.47590399999999
27.657678999999987
27.84032799999999
28.02984299999999
28.23239099999999
28.399356999999988
28.596542999999986
28.788624999999985
29.008778999999986
29.194221999999986
29.381276999999987
29.575538999999985
29.769905999999985
29.956325999999983
30.152580999999984
30.347957999999984
30.540858999999983
30.724609999999984
30.907063999999984
31.088808999999983
31.267931999999984
31.442264999999985
31.615820999999986
31.796333999999987
31.979869999999988
32.175370999999984
32.35980499999999
32.56198299999999
32.76553999999999
32.97199099999999
33.168556999999986
33.36865899999999
33.59807799999999
33.808399999999985
34.007457999999986
34.21043199999998
34.41392299999998
34.60667499999998
34.807299999999984
34.992738999999986
35.18339799999998
35.38089999999998
35.576723999999984
35.774200999999984
35.96407399999998
36.157158999999986
36.352871999999984
36.53841899999998
36.73286199999998
36.91718199999998
37.102507999999986
37.28646299999998
37.46683599999999
37.64434499999999
37.83215099999999
38.02345099999999
38.20413099999999
38.38093299999999
38.56532399999999
38.74724999999999
38.928004999999985
39.11084599999999
39.29271899999999
39.47517799999999
39.65739899999999
39.83743099999999
40.02361599999999
40.20361599999999
40.39605499999999
40.57771799999999
40.76347899999999
40.94447099999999
41.128994999999996
41.312275
41.51319
41.708812
41.900888
42.112129
42.296989
42.498160000000006
42.69497200000001
42.87927700000001
43.08298500000001
43.26862200000001
43.459551000000005
43.652247
43.843540000000004
44.031501000000006
44.21593500000001
44.41342300000001
44.60587100000001
44.786792000000005
44.96936900000001
45.15245000000001
45.33182700000001
45.52793000000001
45.711002000000015
45.88969200000002
46.074697000000015
46.25861300000002
46.44932100000002
46.62880200000002
46.80844800000002
46.98679800000002
47.16582400000002
47.35122500000002
47.53638700000002
47.71617800000002
47.92435200000002
48.14055200000002
48.35383400000002
48.56261500000002
48.767236000000025
48.98173500000003
49.18473900000003
49.38382500000003
49.59910100000003
49.80800200000003
50.04001100000003
50.23901000000003
50.44883900000003
50.656606000000025
50.87001500000002
51.07004200000002
51.27189600000002
51.48071700000002
51.67727500000002
51.886956000000026
52.09058100000003
52.28990100000003
52.504487000000026
52.711513000000025
52.914177000000024
53.11665300000002
53.34042400000002
53.53670100000002
53.730923000000026
53.931766000000025
54.12719200000002
54.328554000000025
54.52506900000002
54.721352000000024
54.91633300000002
55.110237000000026
55.306234000000025
55.50993100000002
55.705468000000025
55.89928500000003
56.09355300000003
56.28310900000003
56.498433000000034
56.69423300000003
56.886573000000034
57.081927000000036
57.276100000000035
57.46537700000003
57.66463900000003
57.84830100000003
58.050442000000025
58.24246100000003
58.440279000000025
58.638451000000025
58.824738000000025
59.01131300000002
59.18641700000002
59.36622000000002
59.57669900000002
59.75519400000002
59.945005000000016
60.136249000000014
60.31826800000001
60.53187700000001
60.714943000000005
60.902120000000004
61.086425000000006
61.260929000000004
61.439212000000005
61.617287000000005
61.808565
61.989389
62.165701000000006
62.350661
62.527816
62.709848
62.888176
63.069918
63.255174000000004
63.43869
63.614512
63.790561
63.966384
64.139758
64.324086
64.50521499999999
64.681997
64.858115
65.029488
65.205715
65.384913
65.56313899999999
65.729643
65.91529799999999
66.096751
66.273099
66.44162800000001
66.61807900000001
66.810394
66.982067
67.154381
67.328107
67.497159
67.676676
67.847747
68.024896
68.193
68.358611
68.527729
68.701061
68.869582
69.04207
69.233859
69.428699
69.62997399999999
69.83269599999998
70.03296399999998
70.23041599999998
70.43089399999998
70.63132599999999
70.82740999999999
71.023564
71.21825799999999
71.41563899999998
71.60880099999999
71.79757299999999
71.97767299999998
72.17744999999998
72.36385399999998
72.56886199999998
72.75366599999998
72.93763999999999
73.12585999999999
73.30939599999999
73.49516399999999
73.67606299999998
73.86360599999999
74.043556
74.22753499999999
74.410974
74.589022
74.76717
74.95186799999999
75.130783
75.315512
75.49987899999999
75.68901699999999
75.891363
76.115865
76.327378
76.53170399999999
76.736505
76.93692
77.14260900000001
77.33933400000001
77.54786100000001
77.76029000000001
77.96463200000001
78.160482
78.355411
78.54521
78.739147
78.947423
79.158609
79.357218
79.54835200000001
79.74061800000001
79.92330700000001
80.09867500000001
80.28206100000001
80.46409200000001
80.65058800000001
80.82061700000001
80.996125
81.183712
81.374034
81.55756699999999
81.74491099999999
81.92181099999999
82.10144
82.291575
82.46987999999999
82.66387199999998
82.85492499999998
83.03141199999997
83.22112899999998
83.40877899999998
83.58461699999998
83.77223499999998
83.94913299999997
84.13290999999998
84.31249299999998
84.49676199999998
84.66835099999997
84.84342699999998
85.02885499999998
85.20675599999998
85.38169299999998
85.55354199999998
85.72313699999998
85.89267799999998
86.05685399999997
86.22172299999997
86.39182299999997
86.55236699999998
86.71499799999998
86.88433299999998
87.05615099999999
87.22495599999999
87.38949199999999
87.56598399999999
87.73718899999999
87.93616599999999
88.14133499999998
88.36154799999998
88.55877099999998
88.74594199999999
88.93723499999999
89.12551999999998
89.30816999999998
89.49552699999998
89.68371099999999
89.86944999999999
90.052315
90.23772899999999
90.42160799999999
90.59801499999999
90.77736499999999
90.958148
91.15482399999999
91.343448
91.510915
91.704463
91.87898200000001
92.05181300000001
92.245552
92.426168
92.598116
92.775146
92.94552
93.11606400000001
93.28781900000001
93.49788800000002
93.67938600000002
93.87149000000002
94.07748900000003
94.26861800000003
94.46110400000003
94.64939700000004
94.84173800000003
95.03502500000003
95.22595900000003
95.41573000000002
95.60831400000002
95.79762100000002
96.01336200000001
96.24511600000001
96.459821
96.67643500000001
96.90497700000002
97.10558700000001
97.32842400000001
97.53903100000001
97.76505700000001
97.97912000000001
98.19591600000001
98.392931
98.59150700000001
98.79542000000001
98.98586300000001
99.17330700000001
99.378016
99.564525
99.75256
99.943423
100.127877
100.31697
100.507561
100.694446
100.894436
101.0744
101.259051
101.448063
101.63202600000001
101.822218
101.994786
102.179657
102.35862200000001
102.54257500000001
102.73187600000001
102.91210800000002
103.09197400000002
103.26316700000002
103.44943400000002
103.61702200000002
103.79521000000003
103.97760200000002
104.15687200000002
104.34221000000002
104.54617200000003
104.74047700000003
104.94784500000003
105.15080800000003
105.34979900000003
105.54857400000003
105.75073600000003
105.95267100000004
106.15184000000004
106.34810800000004
106.53837200000004
106.72406600000004
106.90909800000004
107.09908100000004
107.29370900000004
107.48835800000003
107.68610400000003
107.87357300000002
108.06305900000002
108.24867000000002
108.44125200000002
108.62854900000002
108.82039500000002
109.01597500000003
109.20342200000003
109.39274200000003
109.58596100000003
109.78586400000003
109.98222700000004
110.17013100000004
110.34377100000005
110.52536200000004
110.72275500000005
110.91367100000005
111.10481800000005
111.28813600000005
111.47104100000006
111.64819100000005
111.82469900000005
112.01178700000006
112.18481900000006
112.36270100000006
112.54318100000006
112.72212700000006
112.90370100000005
113.08256400000006
113.26042300000006
113.44447600000007
113.62313300000007
113.79753800000006
113.97572500000005
114.16330500000005
114.34548000000005
114.52100600000006
114.70678800000006
114.88175600000007
115.06401600000007
115.24174100000006
115.42515100000006
115.60010100000005
115.78121500000005
115.96056000000004
116.15707800000004
116.33577500000004
116.51551400000004
116.71047200000004
116.89342000000003
117.07006800000003
117.26431700000003
117.45918900000004
117.64128200000003
117.83134700000004
118.01118600000004
118.19568500000004
118.38205300000004
118.56257900000004
118.74094500000004
118.93214300000004
119.11568700000004
119.29888000000004
119.47853200000004
119.66211500000004
119.84389500000005
120.03028700000004
120.22443900000005
120.40847500000005
120.58910900000005
120.76198500000005
120.94949800000005
121.13018500000005
121.31912700000005
121.50386900000005
121.69821500000005
121.88467200000005
122.06470100000006
122.27744300000006
122.46799000000006
122.65852600000005
122.84840700000005
123.03957100000005
123.23067600000005
123.42518400000004
123.61829900000005
123.81466300000005
124.00825800000005
124.20031400000005
124.39452900000005
124.59288300000004
124.79039700000004
125.01789000000004
125.22584000000003
125.41728200000003
125.61400100000003
125.80387700000003
126.00251200000002
126.20477100000002
126.40579100000002
126.59886800000002
126.78884200000003
126.98315300000003
127.16399300000003
127.35511700000004
127.54910900000003
127.74280000000003
127.92451000000003
128.119017
128.30777400000002
128.49752100000003
128.68784700000003
128.87174700000003
129.06376800000004
129.24882900000003
129.43356800000004
129.64457400000003
129.85161600000004
130.04942500000004
130.24620300000004
130.44052800000003
130.63500400000004
130.82903700000003
131.03063700000004
131.22775700000005
131.42098400000006
131.60883200000006
131.81491800000006
132.02054700000005
132.21559700000006
132.42713900000007
132.62952800000008
132.83512900000008
133.0264300000001
133.22517000000008
133.43311600000007
133.62823900000006
133.82388100000006
134.01982200000006
134.22514800000008
134.43333200000006
134.62294100000005
134.82124400000006
135.02216900000008
135.22266200000007
135.41923100000008
135.6324730000001
135.8362070000001
136.04166400000008
136.2333940000001
136.4338710000001
136.6337900000001
136.8259140000001
137.0240060000001
137.2188210000001
137.4224670000001
137.6213960000001
137.80622100000008
138.00091600000007
138.19581600000006
138.39341100000007
138.58720400000007
138.78431700000007
138.97788200000008
139.16828700000008
139.36134000000007
139.55315200000007
139.74210000000008
139.93144500000008
140.12423500000008
140.31399100000007
140.50583300000008
140.69433800000007
140.88471400000006
141.07474900000005
141.26589300000006
141.45634400000006
141.64298800000006
141.83188500000006
142.03578400000006
142.22403100000005
142.41142000000005
142.59659600000006
142.78559900000008
142.96523400000007
143.15195500000007
143.34230100000008
143.52687600000007
143.70913800000008
143.89339500000008
144.07501000000008
144.26300400000008
144.46391400000007
144.66458800000007
144.85715600000006
145.04746100000006
145.24479100000005
145.43405000000004
145.62803700000003
145.81259900000003
145.99529000000004
146.17987300000004
146.35764900000004
146.54051200000004
146.74730600000004
146.92147100000003
147.10545500000003
147.28893000000002
147.48302200000003
147.67371800000004
147.86017600000002
148.03176500000004
148.21235800000002
148.38272800000001
148.57611100000003
148.744524
148.923901
149.094789
149.257556
149.420275
149.588195
149.765974
149.93477
150.09362299999998
150.28204699999998
150.44066199999997
150.59158599999998
150.743769
150.89176899999998
151.04500299999998
151.20568699999998
151.36087899999998
151.52082499999997
151.68459599999997
151.84500099999997
152.00769699999998
152.16083299999997
152.32375699999997
152.48096399999997
152.63517399999998
152.78680699999998
152.946814
153.100138
153.25054999999998
153.39991899999998
153.54843799999998
153.70548899999997
153.84329199999996
153.98533299999997
154.12661199999997
154.26609699999997
154.40718599999997
154.54256199999998
154.67111599999998
154.792711
154.908854
155.024261
155.127712
155.22680400000002
155.32500000000002
155.432925
155.53930000000003
155.648309
155.750665
155.856295
155.969441
156.07778
156.183463
156.28285699999998
156.394762
156.502365
156.603402
156.721895
156.828836
156.931895
157.02811
157.149349
157.247626
157.350246
157.454245
157.557582
157.664941
157.765415
157.869235
157.979234
158.079153
158.179096
158.29665
158.432142
158.569194
158.704995
158.83998499999998
158.975147
159.099125
159.235626
159.360808
159.48291799999998
159.60527799999997
159.73238099999998
159.862565
159.988778
160.148739
160.297524
160.431738
160.562775
160.700991
160.84291299999998
160.97550399999997
161.10341799999998
161.239366
161.367986
161.519065
161.65636600000002
161.80289600000003
161.93991400000004
162.08117800000005
162.22279400000005
162.37427300000004
162.51063000000005
162.64373000000006
162.78163100000006
162.91007900000005
163.05451000000005
163.18113600000004
163.30109600000003
163.42771000000002
163.54737400000002
163.66954900000002
163.787102
163.900796
164.022738
164.15159400000002
164.27821500000002
164.42962000000003
164.57314900000003
164.71372600000004
164.85988200000003
164.99323100000004
165.12757300000004
165.27507100000005
165.41175000000004
165.54954900000004
165.68709100000004
165.82138300000003
165.96112800000003
166.10486300000002
166.24078300000002
166.36896900000002
166.50816200000003
166.655817
166.804236
166.942622
167.075459
167.21535699999998
167.35286299999999
167.489903
167.634688
167.779019
167.916989
168.046247
168.172936
168.30295999999998
168.433216
168.560973
168.686255
168.809923
168.928392
169.047704
169.170682
169.300376
169.4365
169.55988399999998
169.699335
169.825775
169.95423499999998
170.08130899999998
170.20146099999997
170.32891899999996
170.44092499999996
170.55442699999998
170.66684899999998
170.782671
170.892977
171.01071
171.127266
171.2539
171.37274399999998
171.501984
171.65217099999998
171.781264
171.921403
172.060001
172.200073
172.335018
172.473275
172.617504
172.754844
172.88762699999998
173.01943599999998
173.163471
173.30346999999998
173.44026799999997
173.57619799999998
173.71093
173.861179
174.00470099999998
174.155263
174.306358
174.446134
174.595101
174.735335
174.88003899999998
175.04412399999998
175.208983
175.35580399999998
175.50927699999997
175.66552499999997
175.81155199999998
175.96407999999997
176.11194499999996
176.25731599999997
176.39718499999998
176.54330399999998
176.68656799999997
176.82335499999996
176.96726399999997
177.10920999999996
177.25446099999996
177.41054899999997
177.56054199999997
177.72000299999996
177.86957399999997
178.02991699999998
178.184229
178.341594
178.49053899999998
178.655082
178.805509
178.965152
179.11147599999998
179.26459599999998
179.409876
179.564492
179.71194
179.855644
180.011985
180.15635
180.301971
180.449587
180.60146600000002
180.74255000000002
180.88504100000003
181.02568200000002
181.17582000000002
181.32386000000002
181.46327500000004
181.62062100000003
181.76746100000003
181.91204900000002
182.05713000000003
182.20559100000003
182.34889100000004
182.49494700000002
182.64090000000002
182.78631600000003
182.92974300000003
183.08876200000003
183.24232100000003
183.39362400000005
183.57040600000005
183.74099900000004
183.89388400000004
184.05595300000004
184.22357100000005
184.38233800000006
184.55308700000006
184.71418700000007
184.90165900000008
185.08304000000007
185.24846400000007
185.41960700000007
185.59801300000007
185.78349000000006
185.97394600000007
186.16283800000008
186.3447510000001
186.5291390000001
186.7177240000001
186.9139900000001
187.1115840000001
187.3098720000001
187.5168420000001
187.7221880000001
187.9370190000001
188.1450270000001
188.37231600000013
188.58502200000012
188.78967000000011
188.9942160000001
189.2005290000001
189.4034820000001
189.60726600000012
189.8149780000001
189.9998590000001
190.2038730000001
190.4182820000001
190.6337690000001
190.8453370000001
191.0585660000001
191.2699550000001
191.4930860000001
191.7082230000001
191.91492100000008
192.1194160000001
192.31598000000008
192.5207010000001
192.73321700000008
192.9288880000001
193.1295670000001
193.3405670000001
193.5423530000001
193.7607970000001
193.9666240000001
194.1717640000001
194.3711300000001
194.57086300000012
194.7605840000001
194.9636870000001
195.16634600000012
195.3534790000001
195.54931700000012
195.74278900000013
195.93338400000013
196.11135500000015
196.28715800000015
196.46373700000015
196.64891500000016
196.83646200000015
197.03466200000017
197.25117300000016
197.43155800000017
197.61344600000015
197.79295600000015
197.96877400000014
198.14041600000013
198.32556900000014
198.50849500000015
198.70016200000015
198.89017200000015
199.07046700000015
199.28295300000016
199.46923200000018
199.65519400000017
199.83475900000016
200.01652800000016
200.20939200000015
200.38925200000014
200.56951200000015
200.74242100000015
200.91603700000016
201.09325400000017
201.28985400000016
201.46195700000015
201.62815800000016
201.80013700000015
201.95954600000016
202.12613200000015
202.29482700000017
202.46930500000016
202.64439600000017
202.81066600000017
202.96965800000018
203.13787700000017
203.30385300000017
203.46701300000018
203.63704500000017
203.80822200000017
203.98402800000017
204.15477900000016
204.31785800000017
204.49178800000018
204.6650240000002
204.83760900000019
205.0139170000002
205.1765250000002
205.3383720000002
205.5143680000002
205.68516500000018
205.85982200000018
206.03152000000017
206.20918600000016
206.38496600000016
206.55627200000015
206.72159900000014
206.88802200000015
207.05351500000015
207.21747600000015
207.38478800000016
207.55802400000016
207.73611600000015
207.90735600000016
208.08719300000016
208.25972500000015
208.43824200000014
208.61217800000014
208.78168700000015
208.94638900000015
209.12641000000016
209.31568400000018
209.48887200000019
209.6658910000002
209.84147400000018
210.02224400000017
210.19874500000017
210.37702900000016
210.55756200000016
210.73464700000017
210.91195700000017
211.08807800000017
211.27244400000018
211.4509560000002
211.6320140000002
211.7984630000002
211.9740460000002
212.16043600000017
212.35192400000017
212.51548900000017
212.68069400000016
212.84232000000017
213.01534400000017
213.19475000000017
213.37744400000017
213.55726200000018
213.73409900000019
213.9153920000002
214.0996720000002
214.2906380000002
214.4630360000002
214.6385580000002
214.80355700000018
214.96662800000018
215.13620000000017
215.31462100000016
215.50188200000017
215.68631000000016
215.86285300000017
216.03638400000017
216.22601700000016
216.40397900000016
216.60394100000016
216.78913200000017
216.96142300000017
217.14790500000018
217.34180300000017
217.52737800000017
217.70413000000016
217.88564400000016
218.06154300000014
218.24706300000014
218.42249000000015
218.60324100000014
218.77834700000014
218.96393700000013
219.14797800000014
219.33836000000014
219.52585300000013
219.70895900000014
219.89441300000013
220.08242400000012
220.27103700000012
220.4554340000001
220.6368340000001
220.82699700000012
221.0012060000001
221.1958140000001
221.3878650000001
221.5710880000001
221.76616800000008
221.94860000000008
222.13725000000008
222.31892200000007
222.49525900000006
222.67288000000005
222.86611300000004
223.04899100000003
223.24584000000002
223.442054
223.636534
223.83348900000001
224.03145800000001
224.22045400000002
224.4095
224.579554
224.758057
224.93977900000002
225.105288
225.279824
225.46018999999998
225.65328799999997
225.84378999999998
226.03887699999999
226.21382999999997
226.40162199999997
226.59046299999997
226.76703899999998
226.951935
227.12516499999998
227.293511
227.467262
227.642954
227.811935
227.97225
228.149574
228.313382
228.477714
228.62875599999998
228.78669999999997
228.95221099999998
229.11593899999997
229.27488399999996
229.44905999999995
229.60739599999994
229.77317299999993
229.93166299999993
230.09145099999992
230.2613589999999
230.42720699999992
230.58533299999993
230.75583999999992
230.9128599999999
231.0702339999999
231.2388449999999
231.40068699999992
231.56603199999992
231.7451389999999
231.9184569999999
232.08717599999991
232.2596269999999
232.4290689999999
232.5998639999999
232.76557699999992
232.93743799999993
233.10008499999992
233.27009099999992
233.4429169999999
233.6024109999999
233.7608499999999
233.9141119999999
234.07651499999992
234.2304509999999
234.3785749999999
234.5374569999999
234.6934819999999
234.8565249999999
235.0340049999999
235.2028729999999
235.3790879999999
235.54614099999992
235.7055019999999
235.8641599999999
236.02566399999992
236.1873879999999
236.35063899999992
236.50534399999992
236.66433599999993
236.83045399999995
237.01122399999994
237.17702499999993
237.34221999999994
237.50262799999993
237.66779099999994
237.82742799999994
237.98540699999995
238.15724099999994
238.33487799999995
238.50358699999995
238.66784599999994
238.84659099999993
239.01103199999994
239.17454599999994
239.33364999999995
239.49557399999995
239.65734099999995
239.82074599999996
239.97563499999995
240.13903599999995
240.29928499999994
240.45263699999995
240.61321899999996
240.77353199999996
240.93081699999996
241.07555399999995
241.22493099999994
241.36726199999995
241.51767299999995
241.66747299999994
241.81375399999993
241.96639599999992
242.12390299999993
242.27559799999992
242.41950999999992
242.56401399999993
242.71053599999993
242.85682799999992
243.00797699999993
243.16058999999993
243.30482399999994
243.45146599999995
243.59620499999994
243.73671099999993
243.88149799999994
244.03191399999994
244.16778599999995
244.31064299999994
244.45256399999994
244.60640199999995
244.76147099999994
244.91829499999994
245.07137199999994
245.22300399999995
245.37338399999996
245.52966299999997
245.68051699999998
245.84166299999998
245.984737
246.131577
246.289769
246.437991
246.593263
246.75031900000002
246.92091100000002
247.07970300000002
247.23658200000003
247.40498000000002
247.56109100000003
247.72060700000003
247.87292200000002
248.03149900000003
248.190478
248.36962000000003
248.54115300000004
248.71495800000002
248.87541500000003
249.03253900000004
249.21287300000003
249.38330800000003
249.55205500000002
249.724633
249.892545
250.07389600000002
250.25134000000003
250.41868500000004
250.59263700000005
250.77235300000007
250.95987600000007
251.13169900000005
251.30654700000005
251.49093700000006
251.65758800000006
251.83334200000007
252.00016500000007
252.17840100000006
252.34893400000007
252.54279100000008
252.73696900000007
252.93365400000008
253.13296700000006
253.33761300000006
253.54588500000006
253.75107200000005
253.95705300000006
254.14105800000007
254.33730100000008
254.51976300000007
254.69915800000007
254.90386700000008
255.0957080000001
255.29152000000008
255.49298900000008
255.67890100000008
255.86220700000007
256.04925900000006
256.24707800000004
256.44288400000005
256.63229100000007
256.8197650000001
257.0081360000001
257.1891080000001
257.3754340000001
257.5581630000001
257.7384610000001
257.9211440000001
258.1080520000001
258.2900800000001
258.4720060000001
258.6705500000001
258.8750060000001
259.0756470000001
259.2713980000001
259.4695290000001
259.6670010000001
259.8515210000001
260.0346930000001
260.22630800000013
260.43141500000013
260.6251600000001
260.80585200000013
261.00489600000014
261.19609100000014
261.4019220000001
261.6006340000001
261.79063100000013
261.98215800000014
262.1607970000001
262.3379740000001
262.5170960000001
262.69749200000007
262.8757280000001
263.0438000000001
263.2184230000001
263.3836490000001
263.5506340000001
263.72018300000013
263.90830900000014
264.0985630000001
264.2680800000001
264.44397700000013
264.60192700000016
264.77231900000015
264.94109400000013
265.09693800000014
265.2551980000001
265.40961700000014
265.56811800000014
265.73307900000015
265.88945400000017
266.04532300000017
266.19700900000015
266.3541010000001
266.5131230000001
266.65529300000014
266.7972100000001
266.9372770000001
267.0760430000001
267.20476700000006
267.34044200000005
267.47910900000005
267.62081300000006
267.75193200000007
267.8803250000001
268.0167190000001
268.1476400000001
268.2789820000001
268.4125440000001
268.56824100000006
268.69348300000007
268.8259090000001
268.9494010000001
269.07186200000007
269.19348300000007
269.3255940000001
269.4486980000001
269.5673480000001
269.6915280000001
269.82822500000015
269.96288400000014
270.0919480000002
270.2138400000002
270.3413180000002
270.4690560000002
270.6005800000002
270.7287370000002
270.8564870000002
270.9804060000002
271.10870200000016
271.2298020000002
271.35357300000015
271.47779200000014
271.59839200000016
271.72288100000014
271.84553100000016
271.9841210000002
272.10395300000016
272.22097000000014
272.3438620000001
272.4653350000001
272.5815390000001
272.7189220000001
272.8376100000001
272.9571900000001
273.0815960000001
273.2019560000001
273.3199080000001
273.4401120000001
273.5684520000001
273.6854850000001
273.8108850000001
273.9297690000001
274.0599630000001
274.1820400000001
274.3261360000001
274.4536990000001
274.5687480000001
274.68680200000006
274.80817500000006
274.9282590000001
275.0405510000001
275.1628750000001
275.2764100000001
275.40360700000014
275.52716300000014
275.64493700000014
275.77705200000014
275.91168800000014
276.0474570000001
276.1756760000001
276.30251600000014
276.42952000000014
276.5585550000001
276.69032800000014
276.81789100000015
276.94325700000013
277.0666420000001
277.19503300000014
277.32452900000015
277.45176000000015
277.57169300000015
277.69870300000014
277.83090200000015
277.9593370000002
278.0844930000002
278.2139960000002
278.3374890000002
278.4668790000002
278.58983900000015
278.70665000000014
278.8425960000001
278.97107700000015
279.08909000000017
279.2184260000002
279.3408720000002
279.46120200000024
279.58194400000025
279.70811700000024
279.8506850000002
279.9647660000002
280.08419800000024
280.20126800000025
280.31827300000026
280.44105400000024
280.56109800000024
280.68233800000024
280.81166600000023
280.93733400000025
281.05644200000023
281.17603900000023
281.30412300000023
281.43975000000023
281.56571200000025
281.69129700000025
281.81777700000026
281.94426000000027
282.07302300000026
282.20180300000027
282.3343130000003
282.4677830000003
282.5967240000003
282.7230680000003
282.8518300000003
282.9795340000003
283.10427000000027
283.23990500000025
283.3734470000002
283.5015130000002
283.6309690000002
283.7617800000002
283.8928340000002
284.02509500000025
284.15518300000025
284.3010440000003
284.42872600000027
284.5525750000003
284.6808060000003
284.8069780000003
284.9334880000003
285.0571670000003
285.1876730000003
285.3142090000003
285.4431160000003
285.57103600000033
285.7016300000003
285.8478580000003
285.98205700000034
286.11195700000036
286.25422100000037
286.4042940000004
286.5407660000004
286.69214800000043
286.8268110000004
286.9742550000004
287.1161930000004
287.2711240000004
287.4180310000004
287.56803300000036
287.72586100000035
287.8787200000003
288.03003500000034
288.17637300000035
288.31814700000035
288.47943600000036
288.6390810000004
288.7913630000004
288.9485930000004
289.1167050000004
289.27524500000044
289.4449180000004
289.6029730000004
289.7645220000004
289.9222560000004
290.0774660000004
290.2449980000004
290.4122420000004
290.5749020000004
290.7274070000004
290.8921310000004
291.0564840000004
291.2101540000004
291.36859500000037
291.5224540000004
291.6880250000004
291.84473100000037
292.00433400000037
292.1655090000004
292.3183490000004
292.4720610000004
292.6423720000004
292.79393400000043
292.95801700000044
293.11140300000045
293.2805650000004
293.4376140000004
293.59884900000037
293.75564100000037
293.90504900000036
294.0716930000004
294.2178310000004
294.3605000000004
294.5136630000004
294.6620030000004
294.8147960000004
294.9756620000004
295.1383870000004
295.3078750000004
295.4866430000004
295.64678000000043
295.80558800000045
295.9748660000005
296.1546860000005
296.3239460000005
296.4999480000005
296.66984500000046
296.83745000000044
297.02313200000043
297.1992690000004
297.3697700000004
297.53411500000044
297.7063830000004
297.8676800000004
298.0294040000004
298.1785410000004
298.3307970000004
298.4886000000004
298.6503450000004
298.8067110000004
298.9732350000004
299.1246650000004
299.2756720000004
299.43222000000037
299.5805850000004
299.73643800000036
299.88251300000036
300.03581000000037
300.1843120000004
300.3421580000004
300.4913610000004
300.63514600000036
300.77805500000034
300.93380600000035
301.07684400000034
301.22493600000035
301.37300700000037
301.5214810000004
301.6559090000004
301.7943930000004
301.9335180000004
302.0687880000004
302.2047040000004
302.3417920000004
302.4831990000004
302.6147540000004
302.7508580000004
302.8874510000004
303.0144220000004
303.1507310000004
303.2847170000004
303.4166620000004
303.5411660000004
303.6759760000004
303.7999870000004
303.9316760000004
304.06240400000036
304.19078200000035
304.31846400000035
304.43839500000036
304.5608410000004
304.68122900000037
304.8007960000004
304.92006400000037
305.0553250000004
305.1800350000004
305.31753500000036
305.45148000000034
305.5845250000003
305.7173860000003
305.8427920000003
305.9935740000003
306.1250130000003
306.2536410000003
306.3761800000003
306.50130800000034
306.63137400000033
306.75574400000033
306.87993000000034
307.00598300000036
307.13185600000037
307.2576590000004
307.37996500000037
307.50222200000036
307.62986200000034
307.76881400000036
307.89369000000033
308.03408000000036
308.15463200000033
308.2747330000003
308.3979340000003
308.5193200000003
308.64594500000027
308.7603120000003
308.88077100000027
309.00163500000025
309.11596200000025
309.22982100000024
309.35103200000026
309.4679620000003
309.6035130000003
309.7392840000003
309.86728400000027
310.00275600000026
310.1353560000003
310.2485820000003
310.36368200000027
310.4920940000003
310.6144170000003
310.7410950000003
310.8635800000003
310.9895680000003
311.1155370000003
311.2475110000003
311.37018400000034
311.4881650000003
311.6147460000003
311.7327960000003
311.85474500000026
311.9798270000003
312.11195200000026
312.2368540000003
312.3603860000003
312.4809650000003
312.60109300000033
312.71933100000035
312.83845500000035
312.95593000000036
313.07614100000035
313.20483800000034
313.3228920000003
313.4437230000003
313.5652660000003
313.6916200000003
313.8140650000003
313.94635100000033
314.0675780000003
314.2091920000003
314.3350940000003
314.4600900000003
314.5885360000003
314.71929200000034
314.84404500000034
314.96971900000034
315.0934200000003
315.21220300000033
315.33920300000034
315.46816900000033
315.59319200000033
315.7177520000003
315.8399740000003
315.96251700000033
316.0988480000003
316.2168270000003
316.3307330000003
316.4403840000003
316.5695230000003
316.6833360000003
316.7850770000003
316.8891530000003
316.9887050000003
317.0941650000003
317.20200000000034
317.30405000000036
317.40189600000036
317.5056590000004
317.60171300000036
317.70172400000035
317.7996280000004
317.8990870000004
318.0008250000004
318.10262900000043
318.2068110000004
318.31271300000043
318.4142780000004
318.5179880000004
318.6193060000004
318.7261960000004
318.8296740000004
318.9337290000004
319.03449800000044
319.13463600000046
319.23670000000044
319.33748700000046
319.43496300000044
319.5404530000004
319.6393430000004
319.7358220000004
319.8353990000004
319.9319900000004
320.0346770000004
320.1376930000004
320.2420860000004
320.3425000000004
320.4465480000004
320.5550030000004
320.6606070000004
320.76959300000044
320.8686890000004
320.98138500000044
321.09499100000045
321.2089700000004
321.31849500000044
321.4289590000004
321.5411500000004
321.6578020000004
321.7716950000004
321.8866350000004
322.00149600000043
322.10935600000045
322.22269000000045
322.3383580000005
322.46778000000046
322.57864000000046
322.69398400000046
322.81552200000044
322.92312000000044
323.0562810000004
323.1625550000004
323.2786660000004
323.3851580000004
323.49116300000037
323.6029420000004
323.71799900000036
323.8481260000004
323.97695600000037
324.09531900000036
324.21455500000036
324.33740100000034
324.45786600000037
324.56652300000036
324.68294500000036
324.79464500000034
324.91410700000034
325.03837700000037
325.1516640000004
325.27379100000036
325.3934010000004
325.5171430000004
325.6335870000004
325.7715000000004
325.8991610000004
326.0373600000004
326.1583660000004
326.2779760000004
326.39695900000044
326.5172630000004
326.6604580000004
326.7849100000004
326.90100600000045
327.01571700000045
327.13151100000044
327.26049700000044
327.36833200000046
327.48530200000044
327.60235700000044
327.7179560000004
327.8277130000004
327.9573790000004
328.0911000000004
328.21191800000037
328.34498700000034
328.46379300000035
328.60061000000036
328.71522700000037
328.8387160000004
328.9551990000004
329.0908070000004
329.21964500000036
329.34212400000035
329.4659910000004
329.5812110000004
329.7083100000004
329.82748300000037
329.9484010000004
330.0703630000004
330.18920500000036
330.31342800000033
330.4371720000003
330.5627390000003
330.6978200000003
330.81777300000033
330.94118800000035
331.08258400000034
331.2091690000003
331.3449360000003
331.4659490000003
331.5933850000003
331.7270230000003
331.86110800000034
331.99359600000037
332.1294840000004
332.2594710000004
332.3982270000004
332.5246960000004
332.6512420000004
332.77819000000045
332.90999100000045
333.0304730000004
333.16647500000045
333.30246200000045
333.44054100000045
333.58014500000047
333.7234000000005
333.85858400000046
333.9974230000005
334.1662990000005
334.3011400000005
334.42216400000046
334.54722000000044
334.6695930000004
334.79474200000044
334.92103900000046
335.05310700000047
335.1738930000005
335.29707500000046
335.41932600000047
335.5360830000005
335.6582220000005
335.78288900000047
335.90998900000045
336.0489570000004
336.1819050000004
336.30483200000043
336.4283280000004
336.55052500000045
336.68365200000045
336.8151010000004
336.9464990000004
337.08002400000044
337.20602900000046
337.3426160000005
337.47471200000047
337.61145200000044
337.7417720000004
337.87160400000045
337.99872100000044
338.13849300000044
338.26366500000046
338.3866990000005
338.50898400000045
338.63222700000046
338.76079100000044
338.8784380000004
339.0137970000004
339.1354960000004
339.2677440000004
339.39887700000037
339.5240780000004
339.66443600000036
339.7814600000004
339.9012350000004
340.0283560000004
340.16275000000036
340.28072300000036
340.40206400000034
340.52312200000034
340.64734800000036
340.7671640000004
340.8931000000004
341.0181720000004
341.1693280000004
341.3018360000004
341.4304370000004
341.5637920000004
341.69875400000035
341.82519100000036
341.94366000000036
342.0784680000004
342.20685300000036
342.3257430000004
342.4460800000004
342.5822230000004
342.7090230000004
342.8306870000004
342.9581200000004
343.0893850000004
343.2209110000004
343.3413210000004
343.4671980000004
343.5968540000004
343.7124900000004
343.8346790000004
343.9528570000004
344.0702090000004
344.19518900000037
344.32259800000037
344.44701700000036
344.5696650000004
344.6850320000004
344.8065860000004
344.9298250000004
345.06757900000036
345.18387200000035
345.30639100000036
345.42617500000034
345.55759500000033
345.67682200000036
345.7962530000004
345.9177170000004
346.04209400000036
346.1665000000004
346.30636500000037
346.4369410000004
346.5659170000004
346.6979880000004
346.8177930000004
346.9475210000004
347.0703660000004
347.2013270000004
347.3281410000004
347.4612450000004
347.59321900000043
347.7182010000004
347.8559250000004
347.9890600000004
348.1246490000004
348.25089400000036
348.38637000000034
348.53361900000033
348.6782770000003
348.8272650000003
348.9721390000003
349.1448930000003
349.2900880000003
349.4408060000003
349.5919690000003
349.74341200000026
349.89595500000024
350.0488110000002
350.1901650000002
350.3351830000002
350.4899700000002
350.6339990000002
350.7849140000002
350.9316600000002
351.0802960000002
351.2427320000002
351.3985620000002
351.5677780000002
351.7238090000002
351.8903010000002
352.0476920000002
352.2151960000002
352.37209400000023
352.5393110000002
352.69744600000024
352.85919200000023
353.03225800000024
353.19539700000024
353.35074200000025
353.5135110000003
353.6824510000003
353.8400830000003
354.01000600000026
354.17240000000027
354.33836200000025
354.49510300000026
354.65657300000026
354.81701000000027
354.97993500000024
355.14556800000025
355.30738800000023
355.4822180000002
355.6460760000002
355.8048250000002
355.9625820000002
356.1278640000002
356.28300400000023
356.4534630000002
356.6157290000002
356.7903540000002
356.9627470000002
357.1366210000002
357.3161760000002
357.4942970000002
357.6749790000002
357.86138700000015
358.0333620000001
358.21716300000014
358.3916380000001
358.56274100000013
358.73699800000014
358.91053900000014
359.0963800000001
359.2762540000001
359.4495100000001
359.6287670000001
359.7978490000001
359.9677570000001
360.1365470000001
360.3046450000001
360.47209700000013
360.63504600000016
360.8070730000002
360.9721930000002
361.1435670000002
361.3164020000002
361.4921470000002
361.66218900000024
361.83089300000023
362.0264630000002
362.2000920000002
362.3826930000002
362.55984500000017
362.7410760000002
362.9128500000002
363.0880220000002
363.2586160000002
363.4296290000002
363.5997740000002
363.7772710000002
363.95305600000023
364.12274300000024
364.2892020000002
364.4641390000002
364.6408980000002
364.80828500000024
364.9839060000002
365.1777410000002
365.3582290000002
365.54288300000024
365.73756000000026
365.9271010000003
366.1070500000003
366.2910150000003
366.4880160000003
366.6641210000003
366.8400270000003
367.0205720000003
367.1988530000003
367.36716000000035
367.54524700000036
367.71187900000035
367.87728900000036
368.05658100000034
368.2427620000003
368.4385530000003
368.6202830000003
368.8088920000003
369.0017240000003
369.1873750000003
369.39099000000033
369.5811550000003
369.7453360000003
369.9300950000003
370.1006180000003
370.2703430000003
370.4379110000003
370.60518500000035
370.7708110000003
370.9297930000003
371.1013410000003
371.2728000000003
371.4412570000003
371.61293900000027
371.77885400000025
371.94929400000024
372.13254000000023
372.30736600000023
372.4729640000002
372.6341680000002
372.78976000000023
372.9642940000002
373.13391300000023
373.30400500000025
373.4621770000002
373.6151020000002
373.7713660000002
373.9282520000002
374.08854600000024
374.24017600000025
374.39845300000025
374.55557100000027
374.72036000000026
374.88021900000024
375.04765700000024
375.21365700000024
375.3756760000002
375.53723800000023
375.6992990000002
375.8775970000002
376.04502600000023
376.2031980000002
376.3668370000002
376.5300470000002
376.6982920000002
376.86795100000023
377.03401700000023
377.20116500000023
377.36562700000025
377.5356660000002
377.7014670000002
377.8890430000002
378.0494800000002
378.21492600000016
378.36609800000014
378.52858600000013
378.70696400000014
378.86530700000014
379.0401650000001
379.2035250000001
379.3803820000001
379.5461730000001
379.72688800000014
379.89820400000013
380.07505400000014
380.25790700000016
380.4345470000002
380.6326990000002
380.80411200000015
380.98710600000015
381.15555700000016
381.35488600000014
381.5389510000001
381.7159700000001
381.8937580000001
382.0689800000001
382.24195500000013
382.42629500000015
382.5972160000002
382.78503700000016
382.96583000000015
383.13863400000014
383.3245670000001
383.5001980000001
383.67020100000013
383.85438200000016
384.0114340000002
384.18833900000016
384.36807500000015
384.53695900000014
384.72992500000015
384.9087660000001
385.0892290000001
385.2527980000001
385.4222890000001
385.5984560000001
385.7580910000001
385.9230670000001
386.0858700000001
386.2481380000001
386.4048470000001
386.5629570000001
386.7266760000001
386.8914330000001
387.0636530000001
387.2294580000001
387.4112750000001
387.5730830000001
387.7415600000001
387.9045950000001
388.0686780000001
388.22631200000006
388.38936900000004
388.55248000000006
388.71578700000003
388.889023
389.05535100000003
389.229121
389.39808100000005
389.56033800000006
389.72165200000006
389.88404500000007
390.0406750000001
390.1972630000001
390.3717730000001
390.5356490000001
390.6901270000001
390.8469350000001
391.0242500000001
391.19096000000013
391.35337800000013
391.52025000000015
391.68905500000017
391.8446710000002
392.00822600000015
392.16857400000015
392.33386600000017
392.49023300000016
392.64991400000014
392.8063300000001
392.9661700000001
393.12432200000006
393.2838300000001
393.4492420000001
393.6145020000001
393.77242600000005
393.93625700000007
394.1083700000001
394.2638100000001
394.4316940000001
394.6029250000001
394.7613590000001
394.92205300000006
395.0801390000001
395.24130500000007
395.40008600000004
395.56216600000005
395.72052600000006
395.87827100000004
396.04038700000007
396.1982090000001
396.36984200000006
396.54043300000006
396.7083840000001
396.87702600000006
397.0401800000001
397.1977790000001
397.3567680000001
397.5104450000001
397.66981700000014
397.82739500000014
397.97929600000015
398.12649000000016
398.27521600000017
398.4348100000002
398.5973570000002
398.7514220000002
398.90926100000024
399.06701800000025
399.22402400000027
399.37872000000027
399.53866800000026
399.7016410000003
399.8573950000003
400.0214270000003
400.1809220000003
400.3399850000003
400.5028030000003
400.6617530000003
400.8199270000003
400.9946110000003
401.1610990000003
401.31918900000034
