0.019756
0.116177
0.22348400000000002
0.32691000000000003
0.41924800000000007
0.5022690000000001
0.5977810000000001
0.7087080000000001
0.7930030000000001
0.8873960000000001
0.990086
1.084505
1.17782
1.2793700000000001
1.372244
1.481999
1.57578
1.679505
1.795835
1.909951
1.999013
2.0894019999999998
2.1830659999999997
2.2732309999999996
2.3771879999999994
2.5023139999999993
2.6328879999999995
2.7475009999999993
2.855314999999999
2.9756999999999993
3.0935999999999995
3.2063479999999993
3.3255019999999993
3.431771999999999
3.546552999999999
3.655487999999999
3.769599999999999
3.886027999999999
4.008209999999999
4.123735999999999
4.232720999999999
4.341960999999999
4.459123999999998
4.604011999999998
4.711293999999998
4.822449999999998
4.926611999999998
5.041749999999998
5.155416999999998
5.269062999999998
5.386612999999998
5.500003999999998
5.622731999999998
5.740375999999999
5.8561359999999985
5.963183999999998
6.065053999999998
6.186327999999998
6.303953999999997
6.413916999999997
6.523972999999997
6.6381099999999975
6.738847999999997
6.843719999999998
6.944285999999997
7.059487999999997
7.160046999999997
7.2616159999999965
7.374851999999996
7.492497999999996
7.6063689999999955
7.714130999999996
7.823521999999995
7.938380999999995
8.046021999999995
8.161405999999996
8.267614999999996
8.379910999999996
8.482961999999997
8.592976999999998
8.692065999999997
8.808137999999998
8.915076999999998
9.028291999999999
9.143954999999998
9.259662999999998
9.354868999999997
9.459016999999998
9.592417999999997
9.700991999999998
9.805693999999997
9.901058999999997
10.002352999999996
10.090926999999995
10.199445999999995
10.311358999999994
10.417417999999994
10.511849999999994
10.612810999999994
10.731444999999994
10.834808999999993
10.952632999999993
11.062887999999994
11.185138999999994
11.288364999999994
11.393925999999993
11.506774999999994
11.616713999999995
11.732940999999995
11.853530999999995
11.960284999999995
12.070836999999996
12.173791999999995
12.265992999999995
12.381799999999995
12.485621999999994
12.586804999999995
12.696706999999995
12.807942999999995
12.925615999999994
13.018061999999995
13.122411999999995
13.224134999999995
13.328807999999995
13.439325999999996
13.534710999999996
13.649602999999995
13.752255999999996
13.863668999999996
13.953897999999997
14.069191999999997
14.179989999999998
14.267435999999998
14.372958999999998
14.475329999999998
14.574997999999997
14.690278999999997
14.795563999999997
14.913039999999997
15.014296999999997
15.123270999999997
15.234202999999997
15.339072999999997
15.440137999999997
15.543843999999998
15.644549999999999
15.753378
15.846007
15.944189
16.039919
16.147497
16.257582000000003
16.373322
16.466878
16.578642000000002
16.694438
16.785931
16.903155
17.002346000000003
17.105098
17.200901
17.305309
17.423147
17.533937
17.629199000000003
17.719552000000004
17.821795000000005
17.917859000000004
18.007962000000003
18.106397
18.199392
18.302461
18.402138
18.502709
18.591509
18.686348
18.777141
18.886478
18.975119
19.073166
19.161388
19.27826
19.387988
19.499008
19.608306
19.706782999999998
19.817915
19.923066
20.011547
20.11435
20.219503000000003
20.334616000000004
20.445976000000005
20.552870000000006
20.666707000000006
20.773356000000007
20.88730500000001
20.983604000000007
21.098002000000008
21.202285000000007
21.315413000000007
21.418884000000006
21.520393000000006
21.633896000000007
21.738364000000008
21.846805000000007
21.953266000000006
22.072551000000008
22.176188000000007
22.279317000000006
22.395204000000007
22.495616000000005
22.595815000000005
22.695405000000004
22.803061000000003
22.922822000000004
23.034297000000002
23.131321000000003
23.232460000000003
23.339760000000002
23.454318
23.574314
23.688133
23.80323
23.918484
24.025275999999998
24.147676999999998
24.259707
24.358873
24.455298
24.563764
24.652252
24.76347
24.865177000000003
24.960785
25.056711
25.160468
25.268703000000002
25.366838
25.467048000000002
25.570934
25.669092000000003
25.783858000000002
25.896865000000002
26.012205
26.118455
26.229221000000003
26.344390000000004
26.444258000000005
26.561562000000006
26.676986000000007
26.785564000000008
26.89814100000001
27.023409000000008
27.130208000000007
27.25285600000001
27.364867000000007
27.48153600000001
27.583030000000008
27.69263100000001
27.80009300000001
27.90571500000001
28.02792600000001
28.15741200000001
28.26632700000001
28.39390200000001
28.48999900000001
28.60499600000001
28.72059800000001
28.83232600000001
28.93314400000001
29.03203000000001
29.12831300000001
29.25450300000001
29.36368000000001
29.48617000000001
29.581343000000007
29.675988000000007
29.78342200000001
29.893034000000007
29.987120000000008
30.07828900000001
30.17353700000001
30.26209100000001
30.36159300000001
30.45929300000001
30.55459300000001
30.65308700000001
30.75616300000001
30.853595000000013
30.972876000000014
31.075451000000015
31.191719000000017
31.29683400000002
31.40808600000002
31.50204500000002
31.61238800000002
31.74287600000002
31.836918000000022
31.939143000000023
32.04319100000002
32.14619800000002
32.25578200000002
32.360011000000014
32.47060300000001
32.57244200000001
32.67212100000001
32.76818800000001
32.87492600000001
32.99157000000001
33.10347700000001
33.215024000000014
33.32238500000001
33.43273400000001
33.53157900000001
33.647811000000004
33.757493000000004
33.862300000000005
33.960894
34.068465
34.172124000000004
34.273011000000004
34.39074600000001
34.49756800000001
34.61909400000001
34.723405000000014
34.83188900000001
34.95082400000001
35.068140000000014
35.189230000000016
35.292912000000015
35.40093500000002
35.49881500000002
35.592395000000025
35.69910000000002
35.79993200000002
35.91188400000002
36.01481200000002
36.115754000000024
36.220392000000025
36.322315000000025
36.43448100000003
36.536098000000024
36.65622800000003
36.76888700000003
36.87628500000003
36.995056000000034
37.09300900000003
37.19968000000003
37.30802000000003
37.41961200000003
37.52144500000003
37.63415400000003
37.73139000000003
37.839641000000036
37.93881600000004
38.042012000000035
38.163838000000034
38.264238000000034
38.35533300000004
38.45619900000004
38.56526500000004
38.67814600000004
38.76385600000004
38.84723800000004
38.94882000000004
39.03803100000004
39.13141200000004
39.21866900000004
39.30790000000004
39.40252900000004
39.51812000000004
39.61282200000004
39.72610500000004
39.84584600000004
39.95248000000004
40.05483200000004
40.15309800000004
40.266302000000046
40.38408300000005
40.476137000000044
40.578943000000045
40.68319400000004
40.77935000000004
40.87909300000004
40.97707700000004
41.07400100000004
41.178956000000035
41.28677400000004
41.39246400000004
41.48714200000004
41.59838900000004
41.69436400000004
41.80792200000004
41.92249000000004
42.02235600000004
42.127809000000035
42.233188000000034
42.33617900000004
42.44056400000004
42.555051000000034
42.65590200000003
42.767767000000035
42.87138000000004
42.992418000000036
43.11042600000004
43.21638400000004
43.32655200000004
43.419122000000044
43.536672000000046
43.656393000000044
43.75529900000004
43.867156000000044
43.97654100000005
44.08120700000005
44.21163200000005
44.34815400000005
44.45749200000005
44.56668800000005
44.68029000000005
44.788186000000046
44.924018000000046
45.029116000000045
45.141463000000044
45.24424300000005
45.353171000000046
45.48018800000005
45.59014200000005
45.72472100000005
45.844125000000055
45.969609000000055
46.07448900000006
46.181419000000055
46.296268000000055
46.42798500000006
46.557536000000056
46.67052000000005
46.78384200000005
46.89349100000005
47.00556700000005
47.113660000000046
47.21522700000005
47.32332600000005
47.42692900000005
47.53186800000005
47.63629300000005
47.747212000000054
47.85431100000005
47.952943000000054
48.05239600000005
48.15798800000005
48.267508000000056
48.38009400000006
48.48073500000006
48.57755100000006
48.681430000000056
48.779224000000056
48.87298500000006
48.97578500000006
49.054978000000055
49.14005600000006
49.22772400000006
49.311293000000056
49.400315000000056
49.50407700000006
49.600302000000056
49.699355000000054
49.80605800000006
49.90837900000006
49.99837000000006
50.11183300000006
50.22108400000006
50.31563100000006
50.40971900000006
50.503186000000056
50.605163000000054
50.69655800000005
50.802504000000056
50.90814100000006
51.008227000000055
51.09888500000005
51.18795800000005
51.290009000000055
51.395055000000056
51.500901000000056
51.60367300000006
51.70207100000006
51.80401900000006
51.91617100000006
52.01680500000006
52.124077000000064
52.23654500000006
52.34503200000006
52.45562000000006
52.54951600000006
52.654353000000064
52.750084000000065
52.84942100000006
52.96046600000006
53.06598200000006
53.15522300000006
53.252448000000065
53.36886900000007
53.45970100000007
53.54993000000007
53.635229000000066
53.72575500000006
53.81863700000007
53.92004100000007
54.008836000000066
54.11197700000007
54.19709000000007
54.29943500000007
54.39674100000007
54.49151900000007
54.57978900000007
54.665635000000066
54.739882000000065
54.81462300000007
54.89167300000007
54.978594000000065
55.066772000000064
55.15221500000006
55.223635000000066
55.310530000000064
55.38142100000007
55.45707800000007
55.54165200000007
55.621892000000074
55.71170500000007
55.78707300000007
55.87062400000007
55.94753700000007
56.01256200000007
56.10335600000007
56.18046300000007
56.24526500000007
56.32386800000007
56.39866700000007
56.48174100000007
56.55755900000007
56.63193200000007
56.72005300000007
56.80959200000007
56.87864500000007
56.94267100000007
57.01327200000007
57.083896000000074
57.156521000000076
57.242698000000075
57.311342000000074
57.389959000000076
57.470977000000076
57.538428000000074
57.622111000000075
57.71316100000008
57.784721000000076
57.871737000000074
57.95931400000008
58.02145100000008
58.124846000000076
58.20489000000008
58.28092700000008
58.35884900000008
58.44228100000008
58.52632900000008
58.588949000000085
58.694029000000086
58.76871300000008
58.848920000000085
58.93009400000008
59.01818800000008
59.10545000000008
59.19515600000008
59.278605000000084
59.351973000000086
59.44116600000009
59.51059700000009
59.60134100000009
59.67100500000009
59.737563000000094
59.833285000000096
59.91387100000009
59.98526800000009
60.05548600000009
60.11584900000009
60.20018500000009
60.25560400000009
60.32644900000009
60.37933400000009
60.45405400000009
60.51091800000009
60.57359000000009
60.64836000000009
60.72531100000009
60.79050500000009
60.86737100000009
60.93916300000009
60.998353000000094
61.0836560000001
61.1749120000001
61.2479530000001
61.3134620000001
61.387353000000104
61.46048700000011
61.54700400000011
61.62240500000011
61.70257300000011
61.779475000000105
61.8584200000001
61.9278670000001
62.0012470000001
62.0774970000001
62.1413070000001
62.2198960000001
62.296266000000095
62.363548000000094
62.441518000000094
62.5273840000001
62.593403000000094
62.662685000000096
62.7318290000001
62.7994250000001
62.8722790000001
62.9619150000001
63.022443000000095
63.122120000000095
63.19718100000009
63.26242900000009
63.32787300000009
63.38904900000009
63.454776000000095
63.5133600000001
63.6009460000001
63.6636430000001
63.7442840000001
63.8295790000001
63.8890630000001
63.9500510000001
64.0328980000001
64.11113300000011
64.17801500000012
64.23806200000011
64.3043470000001
64.38974300000011
64.46156800000011
64.54333600000011
64.61250100000011
64.68205800000011
64.75173300000012
64.84544600000011
64.92417400000011
65.01045800000011
65.0908370000001
65.17352000000011
65.2623240000001
65.35423800000011
65.42097600000011
65.51218600000011
65.61459000000012
65.70137100000012
65.78455100000012
65.85534900000012
65.94087700000011
66.02956400000011
66.12992000000011
66.2067980000001
66.29385900000011
66.36199100000012
66.44167600000011
66.50925700000012
66.58294600000012
66.67149500000012
66.76320800000012
66.84314100000012
66.91349300000012
67.00817400000011
67.10379100000011
67.18131500000011
67.26800500000012
67.34953600000011
67.42738900000012
67.50385600000011
67.59661900000012
67.66874800000012
67.75328700000013
67.84403000000013
67.93415700000013
68.01488800000013
68.10180800000013
68.20194700000013
68.29358500000014
68.37549500000013
68.45825000000013
68.56635400000013
68.66645000000013
68.76214900000012
68.86669800000013
68.95840100000012
69.05836900000013
69.16614400000013
69.26046600000014
69.35274000000014
69.44723900000014
69.54687900000013
69.64603000000014
69.74090600000014
69.84598400000014
69.94512500000015
70.04447400000015
70.14996200000014
70.24951900000015
70.33988900000014
70.42805900000015
70.54469700000014
70.64954100000014
70.75696800000014
70.86882400000015
70.96390400000014
71.06536400000014
71.17508200000015
71.26994900000014
71.36690100000014
71.47266500000013
71.56574800000013
71.66603000000013
71.76688100000014
71.85173500000015
71.93408200000015
72.03311200000014
72.13027800000015
72.21679500000015
72.31419000000015
72.40592800000016
72.50143400000016
72.59940600000016
72.69147500000015
72.79840500000016
72.90220500000017
72.98400600000016
73.06670700000016
73.16176600000017
73.25882700000017
73.36159300000017
73.46198800000018
73.56560800000018
73.65765200000018
73.74623200000018
73.83485100000017
73.93613800000017
74.03801600000017
74.13270300000016
74.22681700000017
74.31870700000017
74.41291400000017
74.50111900000017
74.58699400000017
74.68848600000017
74.76921300000016
74.85915800000016
74.94821400000016
75.05008100000016
75.15528300000017
75.25138600000017
75.33296700000017
75.43568300000017
75.52332600000017
75.60612200000017
75.69014200000017
75.78557100000016
75.87771500000017
75.97454300000017
76.06585100000017
76.14892500000016
76.25705000000016
76.35608800000016
76.46429500000015
76.55314600000015
76.65446500000016
76.73824200000016
76.82908600000016
76.91863300000016
77.01822900000016
77.11167500000016
77.20965500000017
77.31060100000016
77.41385500000017
77.52085300000017
77.62437100000017
77.73587300000017
77.82781700000017
77.92451100000017
78.01993800000017
78.11837300000016
78.20780000000016
78.30117900000016
78.39724100000016
78.51514900000016
78.61939700000016
78.71335800000016
78.82288200000015
78.92327900000015
79.02292500000016
79.11681100000015
79.22024100000016
79.31804600000015
79.41673800000015
79.52368100000015
79.63108300000015
79.73519200000014
79.84499800000015
79.93751800000014
80.03966500000014
80.14466400000015
80.24415300000015
80.31998200000015
80.40507200000015
80.48509500000014
80.58290700000015
80.66429500000015
80.73840600000015
80.81231700000015
80.90262600000015
80.98627600000016
81.06448600000016
81.13672300000016
81.21254900000017
81.28212300000017
81.37413700000018
81.45753700000017
81.53184400000018
81.61825400000018
81.69016700000017
81.76393500000017
81.83467400000018
81.91541700000018
81.98983400000017
82.05848100000017
82.13368900000017
82.21691000000017
82.28939600000017
82.38671300000017
82.46172600000017
82.53210000000017
82.59956700000016
82.67495000000017
82.75113900000017
82.81554700000017
82.91374800000017
82.98502700000017
83.05785300000018
83.14122400000018
83.20874000000018
83.28040700000018
83.35864400000018
83.43223400000018
83.51031200000018
83.60463100000018
83.68338200000018
83.74821900000018
83.83677800000018
83.90954100000017
83.97577600000018
84.04707000000018
84.13699000000018
84.22057300000019
84.30070600000019
84.36353800000019
84.45210300000019
84.5063160000002
84.5626580000002
84.63802700000019
84.7009640000002
84.7557500000002
84.8457340000002
84.9353200000002
85.0011090000002
85.0725350000002
85.1278230000002
85.2078970000002
85.2795460000002
85.3384700000002
85.4392880000002
85.5155120000002
85.5905350000002
85.6507780000002
85.7379950000002
85.80962100000019
85.87184500000019
85.94017100000019
86.02117900000019
86.0926150000002
86.1697100000002
86.2319550000002
86.3203090000002
86.3830270000002
86.4485400000002
86.5230320000002
86.6099680000002
86.67492900000019
86.74919300000019
86.82581600000019
86.89557400000018
86.96800700000018
87.05716300000019
87.12449100000019
87.2021980000002
87.2732070000002
87.3531490000002
87.4409410000002
87.5140550000002
87.59263800000019
87.6689050000002
87.73744500000019
87.8265830000002
87.9022780000002
87.9954970000002
88.0804100000002
88.1905820000002
88.2612430000002
88.33150900000021
88.4094510000002
88.4986130000002
88.5863740000002
88.6615910000002
88.7388470000002
88.82262600000021
88.90317500000022
88.98884100000022
89.06160500000023
89.12959300000023
89.21076600000023
89.27453100000024
89.34910400000024
89.43740100000024
89.52067000000024
89.59502700000024
89.66671300000024
89.72415700000025
89.79865600000025
89.86955000000025
89.97071600000025
90.04683500000026
90.11877700000026
90.19791200000026
90.26181900000026
90.33861500000026
90.43317900000027
90.51123700000026
90.57763000000027
90.65203200000028
90.74644200000027
90.83717000000027
90.91517900000026
90.99421900000027
91.07584700000027
91.15822200000026
91.24058500000027
91.32130900000027
91.39509600000027
91.48915800000026
91.57073100000026
91.66260700000026
91.74960400000026
91.83107500000025
91.90746600000026
92.00275200000026
92.08597300000025
92.16767600000026
92.24638900000025
92.33168700000024
92.41050100000024
92.49320800000024
92.56937000000023
92.66243300000023
92.75514900000023
92.84502400000024
92.93339900000024
93.02270100000024
93.12159400000024
93.22038200000024
93.30209600000025
93.37564800000025
93.46137600000026
93.55254200000026
93.65689200000025
93.75867400000025
93.85567000000026
93.94327600000025
94.03680900000025
94.12277800000025
94.20884400000025
94.30792300000026
94.41323100000025
94.50451200000025
94.59840400000024
94.70442400000024
94.80903600000025
94.90627600000025
95.00179700000025
95.12549600000025
95.23758400000025
95.35086100000025
95.45659500000025
95.57513900000025
95.67044900000025
95.77154400000025
95.87296700000024
95.98818500000024
96.11025100000025
96.22635700000025
96.32947600000026
96.43798300000026
96.55069500000026
96.65419800000026
96.75636800000026
96.85484000000027
96.95989700000027
97.07115500000027
97.17134700000028
97.29313100000029
97.40192800000028
97.51224600000029
97.62636300000028
97.74005800000029
97.85129800000028
97.96543500000028
98.05550400000028
98.15846000000029
98.26566300000029
98.35622300000028
98.46321200000028
98.56036400000028
98.65981100000027
98.78481200000027
98.88936500000027
99.00594400000027
99.10683200000027
99.21753500000027
99.32775600000026
99.43492400000027
99.53637100000026
99.64376400000026
99.74969500000026
99.85610800000026
99.95101700000026
100.05799800000027
100.17098800000026
100.29146000000027
100.39237700000027
100.51280700000027
100.62599800000027
100.72386700000027
100.83109800000027
100.94576100000026
101.04828500000026
101.15384300000026
101.26750500000027
101.36333500000028
101.47052500000028
101.58389800000027
101.69084600000028
101.79547900000028
101.90158900000029
102.00778600000028
102.11220900000028
102.22763900000028
102.33102700000028
102.42564900000028
102.53371200000028
102.64884000000028
102.73910100000028
102.84862800000028
102.93771600000028
103.02618300000027
103.11674000000028
103.22222000000028
103.32200500000027
103.42679800000028
103.52836900000028
103.63342900000028
103.72893800000028
103.82709800000028
103.92611600000028
104.02276500000028
104.12213700000028
104.20997100000028
104.31929000000028
104.42057000000028
104.52507000000028
104.61752200000028
104.71710700000028
104.82524600000028
104.92169000000028
105.02096400000028
105.11911900000028
105.20984000000028
105.31299900000029
105.39303400000028
105.48394200000028
105.57537300000028
105.66322200000029
105.7616860000003
105.8526340000003
105.9469120000003
106.0333220000003
106.1121730000003
106.1896340000003
106.2785600000003
106.3551610000003
106.4276690000003
106.4959750000003
106.5830370000003
106.6705100000003
106.75740200000031
106.84038400000031
106.91175800000032
106.98688300000032
107.04817300000032
107.12264800000032
107.21005100000032
107.30878700000032
107.39349300000032
107.48982200000032
107.56244800000032
107.63488000000032
107.71899200000033
107.81255400000033
107.89402700000034
107.96642300000033
108.03794800000033
108.11827700000033
108.19240700000033
108.28761500000033
108.36727800000033
108.44609100000032
108.52267900000032
108.59626600000033
108.68615700000032
108.77536200000033
108.85608800000033
108.92426600000033
109.00244300000033
109.07697100000033
109.16955700000032
109.24142400000032
109.31965700000032
109.39570200000031
109.48190500000031
109.56095800000031
109.64125300000032
109.72549900000031
109.80047600000032
109.87118400000031
109.94599400000031
110.0309710000003
110.10339300000031
110.17238300000031
110.26066600000031
110.32838900000031
110.40870600000031
110.4734710000003
110.5587860000003
110.6346750000003
110.7185310000003
110.8107500000003
110.8870660000003
110.9628500000003
111.0419490000003
111.1167370000003
111.20136000000029
111.26831900000029
111.3502190000003
111.42440100000029
111.49580100000028
111.57153900000029
111.64850700000028
111.73130900000028
111.82094300000028
111.90481400000029
111.97609100000028
112.05211400000029
112.13745700000028
112.22588000000029
112.3166500000003
112.39131000000029
112.46035000000029
112.5415680000003
112.6138150000003
112.6805520000003
112.76828800000031
112.8440400000003
112.9202700000003
112.9850400000003
113.0627650000003
113.1655950000003
113.2559600000003
113.3369620000003
113.4026130000003
113.4730270000003
113.5436600000003
113.6331610000003
113.7042570000003
113.7847400000003
113.8702540000003
113.9535590000003
114.0304730000003
114.10428900000029
114.19342000000029
114.27005000000028
114.33683900000028
114.41901200000028
114.49610200000028
114.55971800000027
114.62895300000028
114.69521200000028
114.78243700000029
114.84260400000029
114.92440100000029
114.9984540000003
115.0741250000003
115.14924100000029
115.22338600000029
115.31075400000029
115.38236200000028
115.44369300000028
115.52495700000028
115.61373000000029
115.67879200000029
115.76310800000029
115.82891100000029
115.90342900000029
115.98199900000029
116.05475800000029
116.1332690000003
116.2011340000003
116.27113800000029
116.3409140000003
116.4161180000003
116.4972240000003
116.5757120000003
116.66134700000029
116.7232550000003
116.81187400000029
116.88110400000029
116.9643990000003
117.0449710000003
117.1124460000003
117.19118200000031
117.25449000000032
117.32555300000031
117.39002800000031
117.47714300000031
117.54828100000032
117.60951600000031
117.68849000000031
117.77412800000032
117.84077700000032
117.90003700000031
117.98311800000032
118.05834300000032
118.12331400000032
118.18740800000032
118.26277300000032
118.33451300000033
118.39636800000032
118.46314200000032
118.52983400000032
118.59960200000032
118.69128700000032
118.76072500000032
118.82633200000032
118.90136400000031
118.97017500000031
119.04210400000031
119.1230960000003
119.2113420000003
119.2914560000003
119.37124300000029
119.4546860000003
119.52880500000029
119.60135700000029
119.6758000000003
119.75367400000029
119.83991400000029
119.9267340000003
120.0187780000003
120.1015360000003
120.1861790000003
120.28327300000029
120.3789360000003
120.46881500000029
120.5763360000003
120.68799800000029
120.78616900000029
120.87646400000028
120.97155400000028
121.05868300000029
121.16272900000028
121.26783500000029
121.36542500000029
121.46106200000028
121.55391800000028
121.64120400000029
121.73609500000029
121.83814700000029
121.92314000000029
122.02505100000029
122.13200700000029
122.23271700000029
122.34229500000029
122.4516070000003
122.5512330000003
122.65885400000029
122.7554730000003
122.86941300000029
122.97701700000029
123.07617500000029
123.17213400000028
123.28896100000028
123.39523000000028
123.49425900000028
123.59400900000028
123.70082100000029
123.81059100000029
123.91166000000028
124.01309400000028
124.11174100000028
124.21581100000027
124.32270700000028
124.42227000000028
124.52315400000028
124.63102900000028
124.74835300000028
124.84844500000028
124.96380500000028
125.07516200000028
125.17892300000028
125.26710200000028
125.36902700000027
125.46870900000027
125.56029600000028
125.65288600000028
125.74658000000028
125.84919600000028
125.93998200000027
126.03995000000027
126.12015000000028
126.20659800000028
126.29555100000029
126.38800800000028
126.48309200000028
126.56762100000029
126.64356600000029
126.74012500000029
126.8425860000003
126.93374900000029
127.01722100000029
127.1145200000003
127.20340900000029
127.28775600000029
127.37108400000028
127.47382900000028
127.56540700000028
127.64316200000027
127.74084800000027
127.83741000000028
127.91935700000028
128.00915300000028
128.1057800000003
128.1926430000003
128.2882570000003
128.3824610000003
128.47125200000028
128.57270400000027
128.65567600000028
128.74412400000028
128.83807700000028
128.9319480000003
129.03109200000029
129.10873800000027
129.20595600000027
129.28298900000027
129.36450500000026
129.44419200000027
129.52757600000027
129.61387400000027
129.69717300000028
129.79739700000027
129.88713800000028
129.98675100000028
130.08801000000028
130.18731100000028
130.2828010000003
130.38348800000028
130.4796000000003
130.57406100000028
130.66023600000028
130.74198800000028
130.82934300000028
130.91351700000027
131.00912100000028
131.10466000000028
131.19085000000027
131.29567900000026
131.40097300000025
131.49208000000024
131.59598000000025
131.71097000000026
131.82128600000027
131.90597600000027
131.99218600000026
132.09173900000025
132.19907400000025
132.29077500000025
132.39388400000024
132.49942600000026
132.59662200000025
132.70563000000024
132.81074700000025
132.91575200000025
133.02412900000024
133.12054800000024
133.22072700000024
133.30818500000024
133.39571600000025
133.49787000000026
133.60456400000027
133.68431600000028
133.79712800000027
133.89677400000028
134.00006800000028
134.10376200000027
134.19953900000027
134.29293700000028
134.37977700000027
134.46493700000028
134.55743500000028
134.64506300000028
134.73568800000027
134.81937400000027
134.90291800000026
134.98514400000025
135.08699100000024
135.18165600000023
135.26955100000023
135.36453900000024
135.45964100000023
135.55825400000023
135.64473200000023
135.73047500000024
135.82278700000023
135.90858100000023
136.00661200000022
136.0962810000002
136.1754350000002
136.2715620000002
136.3689540000002
136.4515150000002
136.5371120000002
136.6392610000002
136.7269180000002
136.8112680000002
136.9045610000002
137.0025760000002
137.0824810000002
137.1840060000002
137.2752460000002
137.3746020000002
137.46579200000022
137.5598490000002
137.6507900000002
137.7399910000002
137.8313390000002
137.92342000000022
138.02692800000023
138.11083400000024
138.20659800000024
138.30986900000025
138.41254800000024
138.51188200000024
138.62068800000023
138.70536700000022
138.80945300000022
138.8994460000002
139.0027860000002
139.08944100000022
139.1919520000002
139.28998800000022
139.3790940000002
139.48142900000022
139.61529000000021
139.70112600000022
139.80725700000022
139.90949300000023
140.01675500000022
140.11519800000022
140.2266700000002
140.3168660000002
140.4246200000002
140.5228740000002
140.6236360000002
140.7299360000002
140.8384670000002
140.94566500000022
141.05507300000022
141.1559990000002
141.2543460000002
141.3639390000002
141.4689690000002
141.57529700000018
141.66921400000018
141.7768640000002
141.88078200000018
141.97449800000018
142.0772840000002
142.1899230000002
142.2894130000002
142.3960480000002
142.4880900000002
142.5804580000002
142.66312400000018
142.74477600000017
142.84422700000016
142.93083000000016
143.01200700000015
143.09919900000014
143.20195000000015
143.30425900000014
143.41311400000015
143.49180100000015
143.57305400000016
143.65794500000015
143.74208200000015
143.82797100000016
143.92047700000015
144.00886200000014
144.08431000000013
144.16103300000012
144.24636000000012
144.33715300000011
144.41905800000012
144.50666000000012
144.60231100000013
144.68166300000013
144.76223700000014
144.85726800000015
144.94458000000014
145.03674600000014
145.13753300000013
145.22377500000013
145.32125000000013
145.41458500000013
145.52135600000014
145.61645700000014
145.71566800000014
145.82466800000014
145.91012500000014
146.01108700000015
146.10098400000015
146.18702100000016
146.27164400000015
146.36471500000016
146.47722700000017
146.57895100000016
146.67681500000015
146.76745800000015
146.85385200000016
146.94181700000016
147.03802800000017
147.13605300000017
147.24217700000017
147.33615400000016
147.42607200000018
147.52282600000018
147.61431200000018
147.70952500000018
147.8042530000002
147.90643800000018
148.00164500000017
148.10878900000017
148.20435200000017
148.30760100000018
148.39247700000018
148.50811400000018
148.5951390000002
148.68768600000018
148.8006850000002
148.91978900000018
149.00551800000017
149.09685000000016
149.20165600000016
149.30915500000015
149.40773100000015
149.50896900000015
149.60856800000016
149.71078000000017
149.81627400000016
149.92955300000017
150.04325400000016
150.13943800000015
150.24653600000016
150.33923600000017
150.46285000000017
150.56711600000017
150.68575800000016
150.79532300000017
150.90027600000016
151.01932600000015
151.13577500000014
151.25252900000012
151.37581400000013
151.49451800000014
151.61343200000013
151.74073400000012
151.85529700000012
151.97371200000012
152.09687500000013
152.21660900000012
152.33737400000012
152.45370500000013
152.57811200000012
152.6895950000001
152.80585600000012
152.92411900000013
153.04201000000012
153.1501270000001
153.2622420000001
153.3866570000001
153.5033860000001
153.6150860000001
153.7290000000001
153.8325430000001
153.9529010000001
154.05767800000012
154.18178100000011
154.2950970000001
154.40740600000012
154.51582300000013
154.63844700000013
154.73294700000014
154.85062800000014
154.94508000000013
155.04076500000014
155.15010800000013
155.24254400000012
155.34293900000011
155.4333140000001
155.52322300000012
155.6316230000001
155.73945100000012
155.8575400000001
155.9576510000001
156.0639010000001
156.1802530000001
156.2736590000001
156.3845610000001
156.4875300000001
156.60479200000012
156.71038300000012
156.80911100000012
156.91814800000012
157.02381800000012
157.1349300000001
157.24536900000012
157.34415500000011
157.4552760000001
157.56946600000012
157.67612600000012
157.76746600000013
157.87376400000014
157.98441300000013
158.08428500000014
158.18971600000015
158.29665100000014
158.40980200000013
158.51541800000012
158.6255070000001
158.7291010000001
158.8394420000001
158.9367180000001
159.0278650000001
159.14112000000011
159.23941700000012
159.3478960000001
159.4595500000001
159.5618090000001
159.6571920000001
159.7543490000001
159.8510460000001
159.9530590000001
160.04925900000012
160.16638500000013
160.27428700000013
160.37355800000012
160.48827800000012
160.59813300000013
160.70361700000012
160.80776600000013
160.89751300000012
161.00123300000013
161.10577000000012
161.19712800000013
161.29720600000013
161.38881200000014
161.49091900000013
161.60310900000013
161.70527400000014
161.80677900000015
161.91150800000014
162.01927600000013
162.12084300000012
162.2133920000001
162.3053420000001
162.4054560000001
162.5033960000001
162.60540100000009
162.6986620000001
162.79114500000009
162.87976600000007
162.97664500000008
163.07709500000007
163.17086900000007
163.26424400000008
163.3762370000001
163.48845300000008
163.57551700000008
163.67601000000008
163.7821050000001
163.88077700000008
164.00125100000008
164.10183300000008
164.1955120000001
164.3021480000001
164.4164560000001
164.5290370000001
164.6189810000001
164.7235040000001
164.8147820000001
164.90921300000008
165.0230190000001
165.13086600000008
165.22855500000009
165.32726300000007
165.44057400000008
165.5493170000001
165.6434270000001
165.7386300000001
165.85323200000008
165.94996700000007
166.05035000000007
166.15750100000005
166.24488500000004
166.33738900000003
166.42982300000003
166.53128800000002
166.62973900000003
166.73608700000003
166.85465500000004
166.95876200000004
167.06040500000003
167.16574600000004
167.26430900000005
167.37382500000007
167.46516700000006
167.57778800000006
167.68314100000006
167.80417700000007
167.90896800000007
168.01099100000008
168.10873700000008
168.20456900000008
168.31153800000007
168.42362400000007
168.52035900000007
168.62085200000007
168.73108900000008
168.84054700000007
168.95961000000008
169.0741490000001
169.1922130000001
169.3203760000001
169.42739100000009
169.54276600000009
169.65567700000008
169.7596330000001
169.8656770000001
169.9756610000001
170.0923710000001
170.2157940000001
170.33747900000012
170.45456200000012
170.5703800000001
170.69882200000012
170.8190770000001
170.9445300000001
171.0692280000001
171.1866510000001
171.2903520000001
171.4024590000001
171.5177240000001
171.6370480000001
171.7443750000001
171.87200400000012
171.98797600000012
172.10803300000012
172.20972900000012
172.33682200000013
172.43725100000012
172.5364750000001
172.6540370000001
172.7693220000001
172.8714520000001
172.9773670000001
173.0815690000001
173.19004700000008
173.2867860000001
173.4009400000001
173.5086300000001
173.6052340000001
173.70099500000012
173.81104600000012
173.91283400000012
174.02914300000012
174.1515690000001
174.2662900000001
174.3829160000001
174.5035630000001
174.6137050000001
174.7319200000001
174.84730900000008
174.94733000000008
175.05486300000007
175.15683000000007
175.26162400000007
175.36084400000007
175.47311500000006
175.58466100000007
175.69150800000006
175.80130600000007
175.91592300000008
176.03045800000007
176.12659000000008
176.2316390000001
176.33343000000008
176.44052100000007
176.55743900000007
176.65032200000007
176.76356800000008
176.87487100000007
176.98836400000008
177.09491300000008
177.1911130000001
177.2948550000001
177.4033660000001
177.5041250000001
177.5985220000001
177.70898000000008
177.8104250000001
177.9150710000001
178.0279770000001
178.1271290000001
178.21613500000012
178.30810200000013
178.42243000000013
178.50713700000014
178.58743500000014
178.67060900000016
178.76468700000015
178.85647500000016
178.95214300000015
179.04539400000016
179.14591100000015
179.24694800000015
179.34753000000015
179.44836600000014
179.55391000000014
179.63660900000013
179.74256200000013
179.82305800000015
179.90396600000014
179.99524900000014
180.08478500000015
180.17200800000015
180.25131800000014
180.33382500000013
180.43272000000013
180.53302600000012
180.63608500000012
180.73802600000013
180.82756800000013
180.92011400000013
181.0288860000001
181.1184950000001
181.2134380000001
181.29773000000012
181.4059960000001
181.4943980000001
181.5806770000001
181.66479600000008
181.77006500000007
181.8554120000001
181.9453910000001
182.04131900000007
182.12670200000008
182.2317500000001
182.3169770000001
182.4093190000001
182.5033060000001
182.5864480000001
182.6843080000001
182.7788780000001
182.8827110000001
182.98151000000013
183.06612600000014
183.16864300000015
183.28176000000013
183.38946100000013
183.49566300000012
183.59795900000012
183.6905400000001
183.78227000000012
183.86290800000012
183.96925100000013
184.05090000000013
184.15084300000012
184.24696500000013
184.33507100000014
184.41279500000013
184.52244200000013
184.62821800000012
184.73042200000012
184.83405100000013
184.92846300000014
185.03277800000015
185.13841000000016
185.24576200000016
185.35338300000015
185.45184800000015
185.54518400000015
185.64686900000015
185.75271200000014
185.84316000000015
185.94895000000017
186.03645800000018
186.14322100000018
186.2426200000002
186.3453840000002
186.4557800000002
186.5471730000002
186.6388180000002
186.73332100000022
186.83705600000022
186.9316320000002
187.0358770000002
187.1320080000002
187.23004400000022
187.31651000000022
187.41893400000023
187.52189500000023
187.62504300000023
187.71851800000024
187.80963600000024
187.89964800000024
187.99263300000024
188.07938200000024
188.16652500000023
188.25370900000024
188.34687400000024
188.43318600000023
188.52283000000023
188.59762500000022
188.6743570000002
188.76429700000023
188.83922400000023
188.92337600000022
189.0037090000002
189.0811810000002
189.15039800000022
189.23924700000023
189.32135400000024
189.39144700000026
189.47002700000024
189.54307700000024
189.62209600000023
189.69679500000024
189.77943500000023
189.84726700000024
189.92770700000025
190.01319700000025
190.09065700000025
190.16475800000026
190.24878600000025
190.31270500000025
190.39763800000026
190.48173500000027
190.56177200000027
190.63437200000027
190.71170300000026
190.78887800000027
190.87106400000027
190.9445120000003
191.0144280000003
191.0972690000003
191.1794320000003
191.2648200000003
191.3592120000003
191.4331030000003
191.5182570000003
191.5904050000003
191.66541400000028
191.7444240000003
191.8408950000003
191.9241250000003
192.0120200000003
192.1105400000003
192.1841800000003
192.2614660000003
192.3480570000003
192.4374290000003
192.5241890000003
192.5981270000003
192.6783750000003
192.7725230000003
192.8593260000003
192.9353070000003
193.0142650000003
193.0909770000003
193.1633410000003
193.2390200000003
193.3148800000003
193.4000190000003
193.4743900000003
193.5518200000003
193.6223340000003
193.7036460000003
193.77827700000032
193.8577220000003
193.94830600000031
194.0272560000003
194.1103600000003
194.1915440000003
194.2744320000003
194.3541750000003
194.4367680000003
194.52595600000032
194.6001780000003
194.6715880000003
194.7639600000003
194.8392740000003
194.9054140000003
194.96880600000028
195.0348840000003
195.1206600000003
195.2063010000003
195.2844710000003
195.3791000000003
195.4517070000003
195.53342100000032
195.60152200000033
195.66838500000034
195.74620100000035
195.81849900000034
195.88804300000035
195.95663500000035
196.03172200000034
196.09282400000035
196.21067100000036
196.27977700000037
196.34392200000036
196.40754300000037
196.48128500000038
196.5397280000004
196.6031230000004
196.6659940000004
196.74684000000042
196.8079710000004
196.8774220000004
196.9555810000004
197.03350700000038
197.08995100000038
197.16863900000038
197.24384200000037
197.31656600000036
197.40706200000037
197.46633000000037
197.52974100000037
197.59864900000036
197.67704400000036
197.74093700000037
197.81221100000036
197.89088900000036
197.97228700000036
198.03242500000036
198.11344000000037
198.17954200000037
198.24401000000037
198.31299300000038
198.37614300000038
198.44192400000037
198.50920900000037
198.59160100000037
198.66520600000035
198.72967300000036
198.80694900000037
198.88731600000037
198.95891800000038
199.0310060000004
199.1068760000004
199.1891670000004
199.2517110000004
199.3305870000004
199.39265400000042
199.4772320000004
199.5459800000004
199.6197370000004
199.6947900000004
199.7784770000004
199.8512750000004
199.9238620000004
199.9846080000004
200.0498880000004
200.10986300000042
200.18231300000042
200.24594500000043
200.32518300000044
200.39782400000044
200.47935000000044
200.54425500000045
200.61119900000045
200.68940500000045
200.74880800000045
200.81626600000044
200.88884200000044
200.96006600000044
201.04435500000045
201.11457800000045
201.19037600000044
201.26601600000043
201.34340600000044
201.41255700000045
201.48497400000045
201.55813800000044
201.64225000000044
201.72251800000043
201.79267700000042
201.86603800000043
201.94938000000042
202.02131100000042
202.10087600000043
202.18686300000041
202.27678300000042
202.36561000000043
202.45290600000044
202.55364800000044
202.63239500000043
202.71800100000044
202.78994100000045
202.87367800000047
202.95451200000048
203.0413110000005
203.1248680000005
203.2101490000005
203.29773900000052
203.3672670000005
203.4527580000005
203.5410250000005
203.6274690000005
203.6909250000005
203.7614480000005
203.8378090000005
203.9243440000005
204.0005300000005
204.08745300000052
204.17366700000053
204.26372400000054
204.34424500000054
204.42994600000054
204.49924800000053
204.57286400000052
204.64903300000051
204.72963300000052
204.79865200000052
204.87655800000053
204.97262900000052
205.03317000000052
205.11016800000053
205.18321600000053
205.25461200000052
205.32592600000052
205.38983100000053
205.47152900000052
205.5451670000005
205.6222840000005
205.6943280000005
205.7814620000005
205.8470860000005
205.9221500000005
205.9929990000005
206.0512810000005
206.1121340000005
206.1896840000005
206.27758600000053
206.34237900000053
206.41065100000054
206.46784000000054
206.52886200000054
206.60789200000053
206.66593100000054
206.72447000000054
206.79052700000054
206.85975700000054
206.92590800000053
206.98748400000053
207.06026800000055
207.13041100000055
207.18932800000056
207.24817900000056
207.33340400000057
207.39163800000057
207.46322200000057
207.53453300000058
207.60565500000058
207.66649400000057
207.72447200000056
207.78313200000056
207.85274100000058
207.90481000000057
207.95194800000056
208.00844700000056
208.06099500000056
208.11828400000056
208.17548100000056
208.24193900000057
208.29001100000056
208.36005000000057
208.41218600000056
208.46620800000056
208.53209500000057
208.60434100000057
208.66820500000057
208.73894100000058
208.8087550000006
208.87160800000058
208.9376380000006
208.9934600000006
209.0653700000006
209.1541230000006
209.2127740000006
209.2832840000006
209.34751200000062
209.4188310000006
209.4950190000006
209.5826700000006
209.6629200000006
209.7258380000006
209.80312500000062
209.86724200000063
209.95064200000064
210.01504300000065
210.09171000000063
210.16636300000064
210.23064600000063
210.31225400000062
210.3805120000006
210.45265600000062
210.52567000000062
210.5997320000006
210.6944730000006
210.7767530000006
210.8467310000006
210.9351870000006
211.00835600000062
211.09798600000062
211.18254800000062
211.27110600000063
211.36831700000062
211.4528280000006
211.5318540000006
211.6130080000006
211.6972880000006
211.7834410000006
211.86472500000062
211.95314800000062
212.0502570000006
212.1379840000006
212.2286390000006
212.3113270000006
212.4011850000006
212.5074600000006
212.5967620000006
212.6688750000006
212.7514170000006
212.8291680000006
212.9156050000006
212.9903600000006
213.0771000000006
213.1760800000006
213.2669490000006
213.34486700000062
213.4093200000006
213.4785560000006
213.5433100000006
213.61241200000057
213.67243400000058
213.73337300000057
213.81076800000056
213.87096100000056
213.95207800000057
214.01491300000058
214.09741700000058
214.16776400000057
214.23292300000057
214.30034200000057
214.35867700000057
214.44642300000058
214.51580400000057
214.57935100000057
214.65730000000056
214.73529900000057
214.79041400000057
214.86562900000055
214.94450900000055
215.01893800000056
215.08291400000056
215.13656700000055
215.20184700000055
215.27257700000055
215.34279100000055
215.40602900000056
215.45762300000055
215.54093400000056
215.59789500000056
215.67337600000056
215.72832600000055
215.80610300000055
215.86430500000054
215.93830900000054
216.01147000000054
216.08568400000055
216.13918000000055
216.20315700000054
216.26637900000054
216.32380200000054
216.37787700000055
216.42510100000055
216.49128800000057
216.56074200000057
216.61813300000057
216.68382100000056
216.73576200000056
216.80236200000056
216.87608900000055
216.93221100000054
216.98445200000054
217.04635000000056
217.12330500000056
217.20146000000057
217.27319700000058
217.33463300000057
217.39836800000057
217.45006300000057
217.52758500000056
217.58416700000055
217.64729400000056
217.70998200000056
217.78224200000056
217.85685700000056
217.92601400000055
217.99463300000056
218.06261000000057
218.14571600000056
218.22835000000057
218.31690800000058
218.4035180000006
218.49161100000057
218.57143000000056
218.64586600000055
218.72739800000056
218.80570800000055
218.89421600000054
218.97492600000055
219.04850700000054
219.12947300000053
219.21584200000052
219.30585400000052
219.3831160000005
219.4653080000005
219.5466760000005
219.6413340000005
219.7416520000005
219.8263370000005
219.9108590000005
219.9857870000005
220.0516780000005
220.13923000000048
220.1957040000005
220.25773300000048
220.33609800000048
220.40226700000048
220.47555500000047
220.55496900000048
220.61917100000048
220.68706800000047
220.74402100000046
220.79996900000046
220.85561800000045
220.90367000000046
220.96657000000047
221.01487700000047
221.06976200000048
221.1489880000005
221.2108110000005
221.2603870000005
221.31463800000049
221.3818090000005
221.43244600000048
221.49572600000047
221.56432000000046
221.62647500000045
221.67051500000045
221.71740000000045
221.77215000000047
221.83299000000048
221.90862000000047
221.97511900000046
222.03807000000046
222.10069700000045
222.17259100000044
222.23997900000043
222.30493000000044
222.37350000000043
222.44582100000042
222.5047340000004
222.56318900000042
222.61974500000042
222.68584300000043
222.75217400000042
222.81738700000042
222.88221500000043
222.95392800000042
223.02115200000043
223.07649000000043
223.13667800000044
223.20594400000044
223.28285000000045
223.33778600000045
223.40067200000044
223.48597900000044
223.54730100000043
223.61161200000043
223.67285500000042
223.75376800000043
223.82523200000043
223.90336300000044
223.96806200000043
224.06319300000044
224.12738400000043
224.19720500000042
224.26742400000043
224.35566300000042
224.4360100000004
224.5139670000004
224.5909010000004
224.6675080000004
224.7470520000004
224.83498600000038
224.91353300000037
224.99059800000038
225.0714080000004
225.1673190000004
225.2586030000004
225.3333490000004
225.4269170000004
225.5238870000004
225.6217260000004
225.7018970000004
225.8017250000004
225.8846280000004
225.96989500000038
226.06748700000037
226.17045900000036
226.25038100000037
226.34558200000038
226.43082000000038
226.5280690000004
226.6222680000004
226.7044670000004
226.7893260000004
226.87811300000038
226.9662990000004
227.0624750000004
227.1759680000004
227.2705510000004
227.37258300000042
227.4733840000004
227.5725640000004
227.6644130000004
227.7644760000004
227.8644600000004
227.9572210000004
228.0493470000004
228.1614930000004
228.26419900000042
228.34818400000043
228.44757000000044
228.55222800000044
228.65228100000044
228.74554900000044
228.83701100000044
228.94314200000045
229.03956500000044
229.14423500000044
229.23652900000044
229.32135600000043
229.41628400000045
229.50566900000044
229.60724300000044
229.70450200000045
229.79100400000044
229.87897200000043
229.97194100000044
230.07388800000044
230.17022700000044
230.25241600000044
230.34510700000044
230.42924100000045
230.52027000000044
230.61230800000044
230.70294200000043
230.80500200000043
230.88746400000042
230.96999800000043
231.05820100000042
231.14204000000043
231.22917400000043
231.32959400000044
231.41744800000043
231.51262600000044
231.61270200000044
231.71205700000044
231.79231200000044
231.87838000000045
231.96257000000045
232.03490900000045
232.11461900000046
232.18350800000047
232.27937700000047
232.36161200000046
232.43277300000045
232.50381200000047
232.59749100000047
232.66487300000048
232.7372070000005
232.8124300000005
232.8857570000005
232.96459600000048
233.0433700000005
233.1280380000005
233.19117200000048
233.25434900000047
233.34405100000046
233.40952200000046
233.48617500000046
233.55384000000046
233.64241100000046
233.72290900000047
233.80470300000047
233.87469600000048
233.95586600000047
234.02530900000048
234.0834480000005
234.1680120000005
234.2402500000005
234.31833100000048
234.38422200000048
234.44694500000048
234.5431550000005
234.6114450000005
234.6812060000005
234.7466390000005
234.8143970000005
234.8925150000005
234.9581080000005
235.0268400000005
235.0949710000005
235.1738680000005
235.2443320000005
235.3144100000005
235.38051700000048
235.44535100000047
235.51177400000046
235.58766300000045
235.65795800000043
235.73164900000043
235.80412100000044
235.87883000000045
235.94872800000044
236.03414800000044
236.10429400000044
236.18470500000043
236.25313500000044
236.35746900000044
236.43978700000042
236.50610900000044
236.59300500000043
236.65867300000042
236.73776700000042
236.8116850000004
236.8930860000004
236.9699040000004
237.06213000000042
237.15399500000044
237.22594700000045
237.30870500000046
237.38238600000045
237.46249700000044
237.53845700000045
237.61734800000045
237.68913200000046
237.77092200000047
237.84838700000046
237.92955600000045
237.99976700000045
238.07619100000045
238.15540200000044
238.23257700000045
238.31802800000045
238.40586400000046
238.49733000000046
238.58613400000047
238.65864000000047
238.73808200000047
238.83633900000046
238.92188400000046
239.01446100000047
239.10969400000047
239.18304600000047
239.26904700000048
239.34792800000048
239.4297540000005
239.5073110000005
239.5799780000005
239.6548520000005
239.73856500000048
239.83347400000048
239.9302810000005
240.0190880000005
240.0924430000005
240.1966240000005
240.2878700000005
240.37969300000051
240.45590300000052
240.54180600000052
240.6463660000005
240.73539600000052
240.8340230000005
240.92344800000052
241.0100890000005
241.0899070000005
241.1865360000005
241.2874000000005
241.3762390000005
241.4493370000005
241.5407750000005
241.61587800000052
241.7017530000005
241.7849580000005
241.86690500000051
241.96687900000052
242.05060600000053
242.12961900000053
242.22436900000054
242.31620800000053
242.41033300000052
242.4897560000005
242.5728810000005
242.6527870000005
242.7482590000005
242.82888900000052
242.90693100000053
243.00603000000052
243.08873600000052
243.1647380000005
243.2453190000005
243.3285330000005
243.4068600000005
243.4769300000005
243.5632030000005
243.6593280000005
243.7326010000005
243.8218560000005
243.9083320000005
243.99652700000053
244.07390600000053
244.17055600000054
244.25541300000054
244.33722800000055
244.40927600000055
244.48049500000056
244.58129700000055
244.69333600000056
244.78602200000054
244.87336000000053
244.95117500000052
245.04132300000052
245.13195500000052
245.21222600000053
245.28946100000053
245.36651500000053
245.43981300000053
245.51460900000052
245.59680400000053
245.67488800000052
245.75898500000054
245.84232300000053
245.93829200000053
246.03603500000054
246.12659400000055
246.22265400000055
246.31966000000054
246.41424500000053
246.50857400000052
246.5929500000005
246.68388300000052
246.7771650000005
246.8633510000005
246.9490730000005
247.0336540000005
247.1184170000005
247.21269200000052
247.30057700000052
247.38161600000052
247.47577300000052
247.55642800000052
247.64099900000053
247.72970600000053
247.82319600000054
247.92753000000053
248.01926600000053
248.11064600000051
248.20187300000052
248.2841900000005
248.3859110000005
248.4859020000005
248.5867080000005
248.6860420000005
248.7851010000005
248.88785300000052
248.9930220000005
249.07919100000052
249.16141400000052
249.24732900000052
249.33504700000051
249.41906800000052
249.50234500000053
249.59146700000053
249.69818200000054
249.79914800000054
249.89943200000053
249.98470400000053
250.06800300000054
250.15575900000056
250.23855200000057
250.31248200000056
250.40340200000057
250.49060400000056
250.58214000000055
250.65179900000055
250.72662700000055
250.81669200000056
250.88722600000057
250.98607500000057
251.08884700000056
251.17943800000054
251.25705400000055
251.32242100000056
251.40641200000056
251.48806700000057
251.55888200000058
251.6321400000006
251.7022260000006
251.7777350000006
251.8721510000006
251.9778410000006
252.0718050000006
252.14741500000062
252.2421250000006
252.3287300000006
252.4179670000006
252.5065440000006
252.58104600000058
252.65598500000058
252.7467370000006
252.8200290000006
252.9203540000006
252.9991800000006
253.0986710000006
253.20378500000058
253.29904200000058
253.3796750000006
253.4689560000006
253.56117700000058
253.65077300000058
253.7307190000006
253.81990300000058
253.90973800000057
253.99417500000058
254.0754140000006
254.17515800000058
254.28236900000059
254.3735290000006
254.4529820000006
254.5389300000006
254.62949800000058
254.6965410000006
254.7732340000006
254.8448040000006
254.93340600000062
255.01892500000062
255.09834400000062
255.19432100000063
255.27849500000062
255.38639300000062
255.48356600000062
255.57805500000063
255.67551800000064
255.77671100000063
255.87109800000064
255.95875900000064
256.0550270000006
256.1381050000006
256.22027700000064
256.31204300000064
256.39853400000067
256.4828190000007
256.5712680000007
256.6541690000007
256.7466640000007
256.8448020000007
256.93829300000067
257.0334370000007
257.1338020000007
257.2166910000007
257.29320900000073
257.37290800000073
257.46014500000075
257.54036200000075
257.61371500000075
257.6987430000008
257.7845660000008
257.8675760000008
257.9623560000008
258.0515920000008
258.16661200000084
258.27084800000085
258.35366500000083
258.4518750000008
258.54269300000084
258.64880400000084
258.73720700000086
258.82413900000086
258.90891100000084
259.00038800000084
259.09948800000086
259.1833710000009
259.2908100000009
259.39361600000086
259.49955500000084
259.60721300000085
259.72206300000084
259.83453800000086
259.93794900000086
260.02051400000084
260.12554800000083
260.22048900000084
260.3265410000008
260.4172990000008
260.5119120000008
260.6261550000008
260.7204380000008
260.8392550000008
260.9355430000008
261.0478690000008
261.1481260000008
261.2550880000008
261.3533350000008
261.4431560000008
261.5498910000008
261.6567230000008
261.7522950000008
261.8552020000008
261.9622820000008
262.06309200000084
262.1652280000008
262.2633640000008
262.3721860000008
262.4745310000008
262.5844860000008
262.68025700000084
262.78025800000086
262.88256900000084
262.98309600000084
263.08044500000085
263.1796090000008
263.2800720000008
263.3834880000008
263.4758920000008
263.55875500000076
263.6507200000008
263.7296070000008
263.8228060000008
263.9115750000008
264.00232800000083
264.08871000000084
264.1697050000008
264.2547690000008
264.3518430000008
264.44043400000083
264.5170150000008
264.5982450000008
264.6768200000008
264.75270500000084
264.8454960000008
264.91989500000085
264.99555800000087
265.08857500000084
265.16496600000085
265.25098600000086
265.34307200000086
265.4262760000009
265.5112940000009
265.60934900000086
265.70726700000085
265.79934500000087
265.87861800000087
265.96656100000087
266.0808380000009
266.1779200000009
266.27453800000086
266.36183200000085
266.44638800000087
266.5585060000009
266.6539430000009
266.7641710000009
266.8632150000009
266.96237400000086
267.05133200000085
267.14990300000085
267.25878200000085
267.36320900000084
267.46347800000086
267.56041300000084
267.67160100000086
267.76052100000084
267.84508200000084
267.93159500000087
268.01472900000084
268.1081930000008
268.2067830000008
268.3016580000008
268.40640900000085
268.51253500000087
268.59643300000084
268.69714500000083
268.7953350000008
268.8923510000008
268.99280000000084
269.0736360000008
269.1578620000008
269.2570200000008
269.3536890000008
269.44331200000084
269.53172900000084
269.61744000000084
269.6974880000008
269.7832790000008
269.8856040000008
269.9733380000008
270.0680420000008
270.1707870000008
270.2469950000008
270.3435030000008
270.41420900000077
270.48997700000075
270.5898600000007
270.6831910000007
270.7768570000007
270.8663270000007
270.9608880000007
271.05399400000067
271.1388930000007
271.2253900000007
271.31871900000067
271.41466400000064
271.50302700000066
271.59434300000066
271.68314200000066
271.77912300000065
271.86233500000066
271.9454500000007
272.0237670000007
272.1146870000007
272.2132360000007
272.3074930000007
272.4082270000007
272.5038710000007
272.6036150000007
272.7048580000007
272.7911490000007
272.8863320000007
272.9866780000007
273.0894860000007
273.1822470000007
273.2921100000007
273.3774680000007
273.4746440000007
273.57668900000067
273.6799520000007
273.7711480000007
273.8613170000007
273.95729300000073
274.0603050000007
274.1534530000007
274.2402580000007
274.3330220000007
274.4190720000007
274.4936910000007
274.5897270000007
274.69317400000074
274.79000800000074
274.88064700000075
274.9765470000007
275.07355100000075
275.19006000000076
275.2915660000007
275.3849620000007
275.5006480000007
275.5936990000007
275.7002420000007
275.7880530000007
275.8818160000007
275.9799490000007
276.07132600000074
276.1733210000007
276.27084700000074
276.37364200000076
276.46804800000075
276.57482600000077
276.6827100000008
276.7893060000008
276.8862780000008
276.9905320000008
277.0926900000008
277.2054160000008
277.3142920000008
277.4500960000008
277.5581020000008
277.6565460000008
277.7491670000008
277.8579150000008
277.9642290000008
278.07574900000077
278.1848070000008
278.28031600000077
278.38290000000075
278.48198000000076
278.57452300000074
278.6742710000007
278.7680990000007
278.8752430000007
278.9610500000007
279.0682080000007
279.1506550000007
279.2420640000007
279.3255880000007
279.42410200000074
279.51968800000077
279.61284100000074
279.71370600000074
279.81772400000074
279.8969810000007
279.98608700000074
280.08228400000075
280.19701200000077
280.2833920000008
280.37120700000077
280.4600240000008
280.5521070000008
280.6523620000008
280.7504530000008
280.8396810000008
280.9281660000008
281.01356500000077
281.09172000000075
281.18035200000077
281.2783710000008
281.3754350000008
281.4709550000008
281.5665070000008
281.6521220000008
281.7400610000008
281.8240450000008
281.9263750000008
282.0334220000008
282.1229650000008
282.21197700000084
282.30376800000084
282.38312700000085
282.46299400000083
282.5550860000008
282.6408400000008
282.7286240000008
282.82023200000083
282.89981700000084
282.99858800000084
283.07733700000085
283.15722100000085
283.24338200000085
283.34412900000086
283.42610700000085
283.51549700000083
283.6162530000008
283.6978090000008
283.7911220000008
283.8724210000008
283.97215100000085
284.05469200000084
284.14593300000087
284.23559300000085
284.3154820000008
284.41194600000085
284.50045200000085
284.58768000000083
284.66357300000084
284.7472470000008
284.8291930000008
284.91366300000084
284.98696800000084
285.05876500000085
285.15408900000085
285.23691500000086
285.3577880000009
285.45789200000087
285.5513450000009
285.63269900000085
285.72741200000087
285.8046070000009
285.8790800000009
285.9639970000009
286.05143300000094
286.1294310000009
286.2160040000009
286.3121130000009
286.4137190000009
286.51038800000094
286.6138510000009
286.7102200000009
286.80182000000093
286.8955300000009
286.9860880000009
287.0807350000009
287.1714270000009
287.2477560000009
287.3370660000009
287.4311640000009
287.52809400000086
287.6301640000009
287.7187270000009
287.7934540000009
287.8833830000009
287.9765430000009
288.0532320000009
288.1435660000009
288.2197900000009
288.2956300000009
288.37055300000094
288.44693600000096
288.53562800000094
288.62984700000095
288.69727100000097
288.78179200000096
288.868037000001
288.947580000001
289.035592000001
289.13614900000096
289.219648000001
289.28701600000096
289.37210400000095
289.44347700000094
289.52856000000094
289.6143020000009
289.6961630000009
289.7796240000009
289.8730180000009
289.9563320000009
290.0406470000009
290.1348140000009
290.2121960000009
290.2969920000009
290.3723520000009
290.4634620000009
290.5593020000009
290.6514340000009
290.7364630000009
290.8279710000009
290.9249210000009
291.0273580000009
291.1395030000009
291.2360320000009
291.33201500000087
291.4137170000009
291.4971220000009
291.5932680000009
291.6800050000009
291.7695200000009
291.8577800000009
291.9272800000009
292.0289920000009
292.11949200000095
292.21614900000094
292.30971200000096
292.40414200000095
292.48733500000094
292.56588400000095
292.65371800000094
292.7362180000009
292.8216620000009
292.90385200000094
292.99369700000096
293.08677200000096
293.18296100000094
293.26013400000096
293.35163600000095
293.431891000001
293.52866200000096
293.608357000001
293.680869000001
293.768789000001
293.850090000001
293.932618000001
294.019354000001
294.099203000001
294.174761000001
294.266803000001
294.337399000001
294.410960000001
294.496705000001
294.593857000001
294.66561400000097
294.74233000000095
294.8300090000009
294.90760600000095
294.98598700000093
295.05846000000093
295.15101600000094
295.23651500000096
295.33646700000094
295.4233540000009
295.5032230000009
295.5980480000009
295.6894860000009
295.7857720000009
295.8723940000009
295.9598100000009
296.04805600000094
296.13029800000095
296.226087000001
296.30507400000096
296.38554300000095
296.464400000001
296.53580400000095
296.62030300000094
296.7124650000009
296.8063090000009
296.8768220000009
296.9465360000009
297.0375690000009
297.1045020000009
297.1720200000009
297.2500020000009
297.3132250000009
297.3879420000009
297.4575840000009
297.5374180000009
297.6038900000009
297.69735700000086
297.78244700000084
297.87504200000086
297.9773430000009
298.07008400000086
298.1478670000009
298.2427420000009
298.31671000000085
298.40508200000085
298.48424700000083
298.56189900000084
298.65067500000083
298.73948400000086
298.8270100000009
298.91716400000087
299.03172500000085
299.11436900000086
299.2110380000009
299.31762600000087
299.4020890000009
299.4817910000009
299.5718490000009
299.6761390000009
299.7784880000009
299.8748680000009
299.9660070000009
300.0674440000009
300.15730100000087
300.2405770000009
300.3351090000009
300.4173830000009
300.51587000000086
300.6032850000009
300.7042870000009
300.7957860000009
300.89595900000086
300.98107100000084
301.07860000000085
301.1649100000009
301.2351020000009
301.3205480000009
301.4126490000009
301.4954120000009
301.5854120000009
301.67551700000087
301.7468550000009
301.8410580000009
301.92844500000086
302.00290100000086
302.0884480000009
302.18722800000086
302.28016800000086
302.3697200000009
302.4579230000009
302.5393860000009
302.6197240000009
302.7076830000009
302.7918180000009
302.86799100000087
302.9519390000009
303.0257030000009
303.11435200000085
303.1904820000008
303.26832600000085
303.33884000000086
303.42279900000085
303.51170400000086
303.60890300000085
303.6906180000008
303.7821180000008
303.86514100000085
303.94527200000084
304.03177000000085
304.1278240000008
304.2162640000008
304.31372100000084
304.40402900000083
304.4865770000008
304.5776650000008
304.6820190000008
304.7892350000008
304.8846070000008
304.9763780000008
305.0815410000008
305.1818740000008
305.2784330000008
305.3688770000008
305.4615650000008
305.5557050000008
305.6562030000008
305.7537020000008
305.84019600000084
305.94477000000086
306.04926900000083
306.15540400000083
306.2567740000008
306.3629960000008
306.4636010000008
306.5808680000008
306.6851280000008
306.7835350000008
306.87122300000084
306.9680680000008
307.0679900000008
307.16724500000083
307.25563100000085
307.35674100000085
307.45163300000087
307.56824500000084
307.6791580000008
307.77270100000084
307.86163600000083
307.9550740000008
308.0676010000008
308.17282900000083
308.28400100000084
308.38342200000085
308.49235100000084
308.60559400000085
308.7102970000008
308.8147230000008
308.9215340000008
309.0145090000008
309.10857400000083
309.21688700000084
309.31038500000085
309.42834200000084
309.5435820000008
309.6568700000008
309.75329400000084
309.86003100000084
309.95817000000085
310.06004400000086
310.1739340000009
310.2882840000009
310.4084850000009
310.5182050000009
310.6379570000009
310.73403200000087
310.8277080000009
310.9307580000009
311.03250400000087
311.1389240000009
311.2576570000009
311.3543890000009
311.45185800000087
311.55610700000085
311.65990400000084
311.7643140000008
311.8779870000008
311.9843730000008
312.0777480000008
312.18143200000077
312.2887950000008
312.4088680000008
312.51034400000077
312.6194840000008
312.7319800000008
312.8454100000008
312.9592040000008
313.0740120000008
313.19280600000076
313.30119400000075
313.42036000000076
313.52779600000076
313.6324330000008
313.74584800000076
313.83653700000076
313.93970900000073
314.04487500000073
314.15590800000075
314.25442300000077
314.3626460000008
314.4701090000008
314.5546230000008
314.65968200000077
314.7577670000008
314.8572870000008
314.95163100000076
315.04185200000074
315.14057800000074
315.24385100000075
315.33098100000075
315.42856500000073
315.52293500000076
315.61990800000075
315.70421800000076
315.80189400000074
315.8952490000007
315.99257300000073
316.0918700000007
316.16800600000073
316.25690900000075
316.34253200000074
316.44971900000075
316.52613800000074
316.60896400000075
316.68084600000077
316.7688010000008
316.8550450000008
316.9225890000008
316.99807200000083
317.06358000000085
317.1439930000009
317.21370500000086
317.30063400000085
317.36112900000086
317.43242900000087
317.49646900000084
317.56570500000083
317.63572500000083
317.72215700000083
317.80228200000084
317.88335000000086
317.94690700000086
318.03176100000087
318.10932800000086
318.18975900000083
318.27184600000083
318.36003600000083
318.43236400000086
318.50987800000087
318.5857640000009
318.6575000000009
318.7361440000009
318.8096230000009
318.8776690000009
318.9681540000009
319.0594060000009
319.1415750000009
319.2370580000009
319.3200160000009
319.40705200000093
319.4959250000009
319.5830890000009
319.6613260000009
319.7485920000009
319.8282730000009
319.90163100000086
319.97597800000085
320.04386600000083
320.13785500000085
320.20367100000084
320.28750800000086
320.35963000000083
320.42386300000084
320.5156410000008
320.5742500000008
320.6381220000008
320.7089110000008
320.7876530000008
320.8455940000008
320.9244840000008
320.9936350000008
321.0679060000008
321.1378930000008
321.2080500000008
321.2874800000008
321.3612220000008
321.4332980000008
321.4842210000008
321.5669340000008
321.6295610000008
321.69043100000084
321.7840330000008
321.8466010000008
321.92231100000083
322.00727100000086
322.0836540000009
322.18218300000086
322.27246200000087
322.3515760000009
322.41347800000085
322.48838000000086
322.5555750000009
322.6371450000009
322.7238530000009
322.80119800000085
322.86786700000084
322.94954000000087
323.0238800000009
323.10313600000086
323.20060100000086
323.2867540000009
323.3715170000009
323.4434700000009
323.5205830000009
323.5968560000009
323.6726230000009
323.7539700000009
323.8534520000009
323.9262580000009
324.01874600000093
324.1199520000009
324.1998320000009
324.29940500000095
324.3938400000009
324.4768540000009
324.5617350000009
324.6447630000009
324.72184200000095
324.80081500000097
324.87998500000094
324.96562700000095
325.05930300000097
325.13441700000095
325.22000200000093
325.30509900000095
325.37937400000095
325.46941000000095
325.537439000001
325.628572000001
325.713356000001
325.776681000001
325.84203600000103
325.92810500000104
326.010538000001
326.073156000001
326.141134000001
326.201974000001
326.273314000001
326.355910000001
326.43373200000104
326.50771200000105
326.59520100000105
326.66870600000107
326.74359600000105
326.80859200000106
326.89304600000105
326.9779600000011
327.0479990000011
327.1180830000011
327.1896800000011
327.26977200000107
327.34317800000105
327.43118500000105
327.5066450000011
327.56147800000105
327.62729100000104
327.68056100000103
327.727215000001
327.796221000001
327.854582000001
327.909220000001
327.970282000001
328.020804000001
328.09966200000105
328.16144000000105
328.230727000001
328.30715400000105
328.3925410000011
328.47084800000107
328.5374130000011
328.5997120000011
328.6699750000011
328.7308100000011
328.7985630000011
328.87727900000107
328.9557170000011
329.0265170000011
329.11302700000107
329.18676500000106
329.26842600000106
329.3396970000011
329.4030190000011
329.4895410000011
329.5795850000011
329.6546210000011
329.7383880000011
329.82432200000113
329.89973700000115
329.97228300000114
330.0447430000011
330.1111460000011
330.1990300000011
330.2747220000011
330.3595930000011
330.42590900000107
330.4904050000011
330.5590100000011
330.6315040000011
330.6986430000011
330.7740890000011
330.8376640000011
330.9198140000011
330.9969130000011
331.07547400000107
331.1354200000011
331.2180470000011
331.2946390000011
331.3633790000011
331.42354700000107
331.4794010000011
331.5474780000011
331.6129720000011
331.6890610000011
331.7748070000011
331.8603140000011
331.9390170000011
332.0150710000011
332.1004560000011
332.1649510000011
332.2374220000011
332.31472700000114
332.37738000000115
332.45975400000117
332.52914700000116
332.6048120000012
332.6990810000012
332.7654750000012
332.8409590000012
332.9076980000012
332.98085600000115
333.05219900000117
333.1272980000012
333.2076340000012
333.28189500000116
333.35517600000117
333.41412900000114
333.48198100000116
333.56515300000115
333.63319200000115
333.71533800000117
333.7966070000012
333.8588720000012
333.9317740000012
334.04055700000123
334.1145250000012
334.1791190000012
334.2666100000012
334.3473770000012
334.42652300000117
334.49990300000115
334.57636500000115
334.64624900000115
334.71240000000114
334.7990440000011
334.8840320000011
334.9664910000011
335.0501620000011
335.1325090000011
335.2289120000011
335.3154450000011
335.4018130000011
335.4738780000011
335.56687300000107
335.66792200000106
335.7656950000011
335.8612430000011
335.95883000000106
336.04006200000106
336.1327670000011
336.2300910000011
336.3167550000011
336.4099200000011
336.5084890000011
336.6075050000011
336.7098600000011
336.82262300000104
336.92005900000106
337.02022800000105
337.11248900000106
337.21508900000106
337.32218800000106
337.42442700000106
337.5116170000011
337.6039420000011
337.7108730000011
337.80467100000106
337.89049600000106
337.9979940000011
338.0891550000011
338.1731800000011
338.2747650000011
338.3705360000011
338.4553440000011
338.5523020000011
338.6415170000011
338.7236940000011
338.8188500000011
338.9211020000011
339.0173080000011
339.1091740000011
339.2006200000011
339.2983090000011
339.3859100000011
339.4607580000011
339.57205100000107
339.64926000000105
339.7259780000011
339.8021840000011
339.8996320000011
339.9840320000011
340.0781910000011
340.1519730000011
340.2229400000011
340.2923860000011
340.3648260000011
340.4488450000011
340.5249430000011
340.5997030000011
340.6899220000011
340.7637600000011
340.84357000000114
340.92984500000114
341.02178500000116
341.10367900000114
341.17537700000116
341.25771700000115
341.33037700000114
341.42522900000114
341.49686500000115
341.56697600000115
341.65364800000117
341.7440580000012
341.8113320000012
341.88818000000117
341.98364800000115
342.06805000000116
342.1523820000012
342.2157280000012
342.2937720000012
342.3709860000012
342.4445800000012
342.5109630000012
342.5866460000012
342.6685850000012
342.7598470000012
342.8357780000012
342.9032980000012
343.0049070000012
343.0826440000012
343.1681630000012
343.2521640000012
343.3219320000012
343.3936760000012
343.4744800000012
343.54823300000123
343.6141200000012
343.70747700000123
343.7839210000012
343.8575980000012
343.9295100000012
344.0037330000012
344.0920660000012
344.18206500000116
344.27521200000115
344.34171900000115
344.43862200000115
344.5015170000012
344.5593260000012
344.6740760000012
344.7577000000012
344.82646900000117
344.8960990000012
344.96074900000116
345.04511300000115
345.12835700000113
345.2057250000011
345.28386300000113
345.37222600000115
345.4544360000011
345.5369580000011
345.6029890000011
345.6872040000011
345.7632320000011
345.85703700000107
345.9438730000011
346.02808100000107
346.1052970000011
346.1907570000011
346.2799070000011
346.37216300000114
346.44230900000116
346.51654900000113
346.61430000000115
346.71337000000113
346.79779200000115
346.8773480000012
346.9671940000012
347.0715580000012
347.1803390000012
347.2854980000012
347.3890980000012
347.47781000000117
347.56458800000115
347.66030300000114
347.76485000000116
347.8642430000012
347.9574950000012
348.04436300000117
348.12519400000116
348.2123610000012
348.3095730000012
348.3950850000012
348.4738920000012
348.5623490000012
348.6569950000012
348.7492810000012
348.82088800000116
348.9280260000012
349.0129770000012
349.0857850000012
349.16677900000116
349.25240300000115
349.3110190000011
349.3808220000011
349.4748280000011
349.5371630000011
349.5978460000011
349.66886500000106
349.73483200000106
349.7994890000011
349.86406800000105
349.92818800000106
349.99917100000107
350.0835520000011
350.1549920000011
350.22218200000106
350.31223600000106
350.38040700000107
350.4502820000011
350.5190950000011
350.5800090000011
350.6486330000011
350.7259500000011
350.7914270000011
350.8563360000011
350.9253090000011
351.0109480000011
351.08847900000114
351.16694600000113
351.23228000000114
351.31960800000115
351.3936730000012
351.46790800000116
351.55577800000117
351.6292840000012
351.70858500000116
351.7848800000012
351.8481130000012
351.9271180000012
351.9945730000012
352.0693710000012
352.1318530000012
352.23373900000115
352.3032510000011
352.36677900000115
352.42752100000115
352.49397900000116
352.56566900000115
352.63672400000115
352.70995000000113
352.79729900000115
352.86937200000114
352.9476800000011
353.01362300000113
353.0944800000011
353.1543790000011
353.2299130000011
353.3086180000011
353.3784810000011
353.44301900000113
353.5254450000011
353.6050660000011
353.6889450000011
353.77820600000115
353.85309300000114
353.9249650000011
353.9972400000011
354.0803640000011
354.15773800000113
354.24703100000113
354.33125300000114
354.4149950000011
354.49757100000113
354.61002400000115
354.7099530000011
354.81007000000113
354.90122800000114
354.9862980000011
355.08566700000114
355.17700500000115
355.25413200000116
355.34407800000116
355.42275400000113
355.5047590000011
355.5951160000011
355.6868370000011
355.7763930000011
355.8764750000011
355.9777430000011
356.0718590000011
356.1696610000011
356.2568700000011
356.35281400000105
356.4384260000011
356.52576100000107
356.6195000000011
356.7128800000011
356.7968390000011
356.90170400000113
357.0038350000011
357.1186680000011
357.2158680000011
357.31485000000106
357.4109540000011
357.51563000000107
357.60655300000104
357.71185300000104
357.81471100000107
357.9248630000011
358.0314350000011
358.13092100000114
358.2374920000011
358.3335390000011
358.4437350000011
358.5569960000011
358.6623160000011
358.7734860000011
358.89467300000115
358.98585300000116
359.07623700000113
359.18031100000115
359.2835290000012
359.3883750000012
359.4931300000012
359.5973330000012
359.68746700000116
359.7776260000012
359.8874710000012
359.9978750000012
360.1079500000012
360.2010510000012
360.2957910000012
360.3905000000012
360.5041750000012
360.6134460000012
360.7219870000012
360.8328750000012
360.9309820000012
361.0460170000012
361.1500760000012
361.24798200000123
361.36243500000126
361.47802100000126
361.57457000000124
361.68860600000124
361.78973600000126
361.88605600000125
361.98599500000125
362.09559400000126
362.20312800000124
362.33397900000125
362.44553100000127
362.5481670000013
362.6509260000013
362.7619430000013
362.8558250000013
362.9544530000013
363.05602800000133
363.15310300000135
363.2648970000013
363.3653360000013
363.4779780000013
363.5810280000013
363.6822630000013
363.78872100000126
363.8882920000013
363.9828110000013
364.0802540000013
364.1803720000013
364.2694140000013
364.3713290000013
364.4809300000013
364.5887490000013
364.6767610000013
364.79065200000133
364.8861600000013
364.98895700000134
365.0860270000013
365.1823610000013
365.27772400000134
365.37677800000137
365.46539600000136
