0.041841
0.17209600000000003
0.317334
0.459654
0.602917
0.756858
0.9120010000000001
1.083142
1.258151
1.420237
1.57103
1.733207
1.899661
2.046018
2.186837
2.332323
2.4785000000000004
2.6198520000000003
2.7659920000000002
2.9111130000000003
3.0683580000000004
3.2131410000000002
3.3551240000000004
3.5234600000000005
3.6819120000000005
3.8287100000000005
3.9739190000000004
4.135534000000001
4.276574000000001
4.426385000000001
4.5736550000000005
4.715574
4.853163
4.997603000000001
5.1447210000000005
5.290274
5.431755
5.573388
5.720065
5.874902
6.019009
6.163614
6.309001
6.468718
6.627351
6.796976
6.958594
7.113261
7.269094
7.431573
7.598116
7.754277
7.942007
8.122888
8.312600999999999
8.498956
8.692912
8.87931
9.077923
9.257059
9.442905
9.631857
9.812481
10.006563
10.203469
10.397802
10.595071
10.792207000000001
10.992272000000002
11.193224
11.386650000000001
11.59223
11.774832
11.973956
12.174669999999999
12.369416999999999
12.5659
12.754048999999998
12.935480999999998
13.107030999999997
13.282063999999998
13.457500999999999
13.624847999999998
13.786107999999999
13.940967999999998
14.097012999999999
14.252595999999999
14.417781999999999
14.580449999999999
14.739282
14.893782
15.051809
15.19725
15.344174
15.500119000000002
15.638136000000001
15.774494
15.91591
16.065698
16.205740000000002
16.347562000000003
16.487015000000003
16.622673000000002
16.755007000000003
16.904428000000003
17.039925000000004
17.177711000000002
17.318349
17.451178000000002
17.582281000000002
17.715236
17.859764000000002
17.989113000000003
18.122578000000004
18.251113000000004
18.381646000000003
18.515518000000004
18.651182000000002
18.791687000000003
18.928237000000003
19.076776000000002
19.217825
19.358628000000003
19.495649000000004
19.641459000000005
19.782284000000004
19.928637000000005
20.099217000000007
20.263289000000007
20.423323000000007
20.592958000000007
20.759624000000006
20.937474000000005
21.112322000000006
21.294082000000007
21.488729000000006
21.694371000000007
21.883155000000006
22.066491000000006
22.259190000000007
22.447844000000007
22.627401000000006
22.806906000000005
22.984992000000005
23.173193000000005
23.348891000000005
23.545000000000005
23.718870000000006
23.906910000000007
24.088737000000005
24.260494000000005
24.453808000000006
24.630013000000005
24.817028000000004
24.984100000000005
25.165796000000004
25.333294000000002
25.498378000000002
25.657228000000003
25.820184000000005
25.978307000000004
26.145031000000003
26.308269000000003
26.471228000000004
26.629660000000005
26.798521000000004
26.964289000000004
27.117743000000004
27.260946000000004
27.398521000000002
27.535002000000002
27.680787000000002
27.824992
27.956502
28.100936
28.237749
28.370992
28.502788000000002
28.636553000000003
28.773185
28.894885000000002
29.026656000000003
29.163660000000004
29.285316000000005
29.413061000000006
29.537954000000006
29.660202000000005
29.783489000000007
29.905662000000007
30.033045000000005
30.167154000000004
30.294946000000003
30.414506000000003
30.534418000000002
30.656542
30.789313000000003
30.911422
31.033620000000003
31.158580000000004
31.298683000000004
31.427565000000005
31.572158000000005
31.704274000000005
31.839627000000004
31.966811000000003
32.092781
32.228456
32.348220000000005
32.474635000000006
32.60596700000001
32.74259800000001
32.87823600000001
33.00493600000001
33.128862000000005
33.270118000000004
33.413522
33.562972
33.690754000000005
33.826170000000005
33.978370000000005
34.14222300000001
34.28433600000001
34.42117700000001
34.564153000000005
34.70988500000001
34.854273000000006
34.99861500000001
35.14761000000001
35.28849100000001
35.42692400000001
35.581072000000006
35.73755700000001
35.89458000000001
36.03499400000001
36.17353300000001
36.30780700000001
36.46022700000001
36.62114800000001
36.79258200000001
36.94609000000001
37.101652000000016
37.25402600000002
37.40782700000002
37.56681200000002
37.72660600000002
37.884509000000016
38.04455200000002
38.20807300000002
38.36727700000002
38.51900200000002
38.672006000000025
38.82972900000002
38.988443000000025
39.139484000000024
39.28813700000003
39.444734000000025
39.61386300000002
39.791006000000024
39.94916800000002
40.10654600000002
40.26684900000002
40.42349300000002
40.573120000000024
40.73959300000003
40.904374000000026
41.07804100000003
41.25712600000003
41.42783800000003
41.59747900000003
41.77392400000003
41.94516400000003
42.11650400000003
42.30362000000003
42.48144900000003
42.67151900000003
42.848737000000035
43.03369700000003
43.21836000000003
43.410311000000036
43.605078000000034
43.79289200000004
43.98195600000004
44.16457400000004
44.355148000000035
44.54178300000004
44.72001500000004
44.90023500000004
45.06322700000004
45.22016100000004
45.38260300000004
45.54399500000004
45.69617200000004
45.85999000000004
46.01428700000004
46.15695400000004
46.29454200000004
46.43596700000004
46.56996600000004
46.70657300000004
46.838678000000044
46.96995200000004
47.10682000000004
47.23290100000004
47.36506000000004
47.50495600000004
47.64734600000004
47.775902000000045
47.902250000000045
48.02514600000004
48.14440800000004
48.27169900000004
48.40356700000004
48.53172900000004
48.66733100000004
48.81384100000004
48.95631500000004
49.10783600000004
49.25656400000004
49.38647200000004
49.51442100000004
49.65508200000004
49.79565100000004
49.937108000000045
50.07734900000005
50.22006500000005
50.369421000000045
50.509207000000046
50.66535800000005
50.81801900000005
50.97399400000005
51.13618400000005
51.30270700000005
51.45215800000005
51.61025000000005
51.76776900000005
51.93119100000005
52.084825000000045
52.24734300000004
52.40704700000004
52.57124100000004
52.73642400000004
52.89710700000004
53.05825400000004
53.242173000000044
53.41867000000004
53.60973000000004
53.77980700000004
53.96614700000004
54.14378100000004
54.32268700000004
54.516151000000036
54.71193600000004
54.90073600000004
55.102821000000034
55.30432900000003
55.513802000000034
55.71690200000003
55.90825200000003
56.09491600000003
56.28148000000003
56.46201700000003
56.65727600000003
56.843807000000034
57.02032100000003
57.200041000000034
57.395396000000034
57.57554600000003
57.74552400000003
57.91121700000003
58.07781000000003
58.24009000000003
58.40182400000003
58.57144600000003
58.75382800000003
58.923452000000026
59.08080100000003
59.23788900000003
59.404714000000034
59.57537200000004
59.74816700000004
59.91219200000004
60.06161300000004
60.22172000000003
60.384037000000035
60.554443000000035
60.72185000000003
60.90157100000003
61.082701000000036
61.266965000000035
61.43708500000003
61.60750800000003
61.769799000000035
61.93789900000004
62.12326300000004
62.28520600000004
62.44631500000004
62.602209000000045
62.76514400000004
62.93758200000004
63.093361000000044
63.24984900000005
63.41007000000005
63.57210800000005
63.73882100000005
63.90592100000005
64.07976100000005
64.24606600000004
64.41417400000005
64.57453500000004
64.74092300000004
64.91025300000004
65.06626600000004
65.22030300000004
65.37997100000004
65.53490800000004
65.68289200000004
65.84139000000003
65.99990300000003
66.15108000000004
66.32670000000003
66.49888600000003
66.67099900000002
66.82292100000002
66.97778600000002
67.12758600000002
67.29293700000002
67.46737600000003
67.62894600000003
67.79021500000003
67.94245900000003
68.09708600000003
68.25832700000004
68.45202300000004
68.63244000000005
68.80660700000004
68.97612700000005
69.15789100000005
69.33407600000005
69.51672500000005
69.70343800000005
69.89277300000005
70.06830700000005
70.27626300000004
70.45611600000004
70.64345900000004
70.82193300000003
70.99806400000003
71.18441900000003
71.37323200000003
71.57430700000003
71.76845600000003
71.95817200000003
72.14876900000003
72.35591300000003
72.55957400000003
72.74989600000002
72.94083900000003
73.13334800000003
73.32303600000003
73.50660000000003
73.69729700000003
73.88526900000004
74.07019500000004
74.25689500000004
74.44063600000004
74.63082400000005
74.82653500000005
75.01905700000005
75.21795300000005
75.40866700000005
75.59094700000006
75.78769600000005
75.98189700000006
76.17595700000005
76.36798200000005
76.56026400000006
76.78229600000006
76.98040400000006
77.17438300000006
77.35657900000007
77.55017900000007
77.73907900000007
77.92551500000008
78.13098400000007
78.31588100000008
78.49793800000008
78.68601700000008
78.88803500000007
79.10570200000008
79.30893500000008
79.50934700000008
79.70606800000007
79.90408600000008
80.10732600000007
80.32218800000007
80.54102000000007
80.76540500000007
80.96574700000008
81.17679500000008
81.39266700000009
81.6046210000001
81.8149430000001
82.0416610000001
82.26054400000011
82.49070700000011
82.71358500000011
82.93076300000011
83.14942300000011
83.37546200000011
83.59857800000012
83.82282000000012
84.04004900000012
84.25592200000013
84.49542600000012
84.70551900000012
84.91422500000013
85.12331000000013
85.33879700000013
85.54755700000013
85.76042700000012
85.98215700000011
86.18590700000011
86.40808000000011
86.62299300000011
86.8376470000001
87.05785800000011
87.27629000000012
87.49243400000012
87.70412000000012
87.90775700000012
88.10432100000011
88.32627800000012
88.52397200000011
88.71847700000012
88.91863300000013
89.11048400000013
89.29864100000013
89.48745400000013
89.67482900000013
89.86688700000013
90.08345500000013
90.28832600000013
90.49130100000012
90.69797200000012
90.90144600000012
91.09751700000012
91.29570600000012
91.48333400000013
91.67725900000012
91.86271600000012
92.04739700000012
92.22939900000011
92.42256900000011
92.63287000000011
92.82352800000011
93.03239900000011
93.21946000000011
93.41986000000011
93.60588500000011
93.80074100000012
93.97558300000011
94.15462300000011
94.33073600000012
94.51933600000011
94.70776300000011
94.89518200000012
95.06768800000012
95.24945000000012
95.42453700000013
95.60887900000013
95.78616700000013
95.97045600000014
96.16610900000013
96.35922200000013
96.56574900000012
96.75898800000013
96.96453800000013
97.14812500000014
97.34072500000013
97.53348500000014
97.72362800000015
97.93351700000015
98.11720100000015
98.31368500000015
98.49892400000014
98.69633400000015
98.88794700000015
99.08363600000015
99.27320300000015
99.46117300000016
99.65294200000015
99.83028900000015
100.00539500000015
100.18385300000016
100.36089500000016
100.53550000000016
100.71741000000016
100.89616100000016
101.06608000000016
101.26799600000015
101.45225700000016
101.64500200000016
101.83442700000016
102.02307400000016
102.21707800000017
102.40612400000018
102.58352900000017
102.76923600000016
102.94854100000016
103.12771700000016
103.30580400000017
103.48800700000017
103.68362900000017
103.86781700000017
104.06478000000017
104.26428900000018
104.46236100000017
104.65307100000017
104.86531000000016
105.05829600000017
105.24856400000017
105.43646700000018
105.62612400000017
105.81891600000017
106.00802200000017
106.19855200000016
106.37680000000016
106.56067700000015
106.75710800000016
106.94854800000016
107.14671700000015
107.36830100000014
107.58058700000015
107.78348100000015
107.98119100000015
108.17789100000016
108.38691800000016
108.59148000000016
108.79254800000017
108.99182100000017
109.18066500000018
109.37719600000017
109.57952300000017
109.77478800000017
109.96719200000017
110.17204700000016
110.35885300000017
110.54985100000016
110.74476500000016
110.93555200000016
111.12481600000015
111.32280200000015
111.51254900000015
111.70275900000014
111.89890200000015
112.09036100000014
112.29067300000014
112.48455300000013
112.68508400000013
112.86857500000013
113.06903000000014
113.26560700000014
113.44458000000014
113.64072100000014
113.84368300000014
114.04414000000014
114.22911100000015
114.42700400000014
114.61489900000014
114.80850400000014
115.02344900000014
115.24945600000014
115.46599400000014
115.68368200000013
115.88746100000013
116.08824200000014
116.29353500000013
116.50586200000014
116.71639900000014
116.92332900000014
117.14106400000014
117.36036300000015
117.57698400000015
117.78667000000016
118.00327100000015
118.21801300000016
118.42484100000016
118.63203800000015
118.84824600000015
119.05706600000015
119.25479400000015
119.47140100000014
119.66806400000014
119.85640800000014
120.05468200000014
120.24662800000014
120.45061300000015
120.65868500000015
120.85116800000014
121.04375100000014
121.23596800000014
121.42998800000014
121.62723600000014
121.83127500000013
122.02499400000013
122.21915400000013
122.41317000000014
122.60420300000014
122.80138200000015
122.98930100000014
123.19165700000013
123.38374200000014
123.57412200000014
123.76889100000014
123.95733900000013
124.14142100000014
124.34367900000014
124.54813500000013
124.74702300000013
124.94134000000012
125.12660300000013
125.32597100000014
125.51285400000013
125.69847400000013
125.88541400000014
126.07784000000014
126.27496600000013
126.45452100000013
126.63483200000013
126.82214700000013
127.00455400000013
127.18007000000013
127.35986400000013
127.54357100000013
127.73169200000012
127.94142900000013
128.13105200000012
128.32138400000014
128.49788900000013
128.67484800000014
128.85237300000014
129.03888700000013
129.21391900000012
129.4045410000001
129.58258200000012
129.76363000000012
129.94611500000013
130.12472100000014
130.29993100000013
130.47879600000013
130.66574800000012
130.8648710000001
131.0414680000001
131.21522700000008
131.39146200000008
131.59659600000006
131.79071500000006
131.99075400000007
132.19347800000006
132.39582700000005
132.60484200000005
132.80129500000004
133.01548400000004
133.22027800000004
133.41651900000002
133.62473500000002
133.832985
134.028791
134.24040300000001
134.438578
134.644292
134.858672
135.06318900000002
135.26586000000003
135.47792600000002
135.70034
135.90904300000003
136.10244100000003
136.30620900000002
136.50120600000002
136.70061
136.89874
137.095854
137.280878
137.471391
137.670861
137.862121
138.070526
138.269608
138.466033
138.66702500000002
138.90200300000004
139.11481000000003
139.32443400000002
139.53672000000003
139.76836200000002
139.982163
140.19579700000003
140.39539500000004
140.62067200000004
140.82151200000004
141.04140900000004
141.24285600000005
141.43790000000004
141.63275800000005
141.83723400000005
142.03999000000005
142.23890400000005
142.43668400000004
142.62330900000003
142.81916200000003
142.99802700000004
143.17179900000005
143.34966600000004
143.53270500000005
143.71653800000004
143.90207600000005
144.07104000000004
144.23677400000003
144.40466200000003
144.57106600000003
144.72686400000003
144.89436900000004
145.06271100000004
145.22859300000005
145.40932900000004
145.57796900000005
145.75775500000006
145.92041900000007
146.07726800000006
146.23062600000006
146.38724600000006
146.54170700000006
146.69108100000005
146.84461000000005
146.98993200000004
147.13533300000003
147.28407700000002
147.42721600000002
147.56593400000003
147.69071200000002
147.819305
147.93177100000003
148.05303000000004
148.16085600000002
148.26985000000002
148.36501400000003
148.46949800000004
148.57229300000003
148.68581600000002
148.79285700000003
148.90189400000003
149.01126500000004
149.11731700000004
149.24101100000004
149.35557300000005
149.47867800000006
149.58041300000005
149.69105500000006
149.80810700000006
149.91313400000007
150.01299300000008
150.1198080000001
150.2296960000001
150.3438120000001
150.4687900000001
150.5759470000001
150.6853570000001
150.8023160000001
150.9274850000001
151.05500200000012
151.18387400000012
151.31928600000012
151.4420490000001
151.5668270000001
151.69015600000012
151.81641600000012
151.9429960000001
152.0687960000001
152.1846010000001
152.3001800000001
152.4206790000001
152.54540300000008
152.6816230000001
152.8159410000001
152.9346480000001
153.0553100000001
153.1766230000001
153.2939420000001
153.4289340000001
153.5589230000001
153.68828600000012
153.82183600000013
153.97077200000012
154.10092900000012
154.2265970000001
154.3644870000001
154.49470700000012
154.62934300000012
154.75938800000011
154.9005770000001
155.03553700000012
155.17208600000012
155.30653300000012
155.4418350000001
155.57263900000012
155.70322200000012
155.82670000000013
155.95420200000012
156.09616500000013
156.2226900000001
156.3501930000001
156.4840970000001
156.60585000000012
156.7466600000001
156.8721830000001
156.9965080000001
157.1375690000001
157.2823500000001
157.4274330000001
157.5730430000001
157.7073590000001
157.8533430000001
157.9868140000001
158.1338530000001
158.2785190000001
158.4193700000001
158.5852830000001
158.7262780000001
158.8769620000001
159.0169260000001
159.1571360000001
159.3001890000001
159.4442220000001
159.5890030000001
159.73730100000012
159.87154100000012
160.01163800000012
160.15681800000013
160.29823400000012
160.44762700000013
160.59042800000012
160.72600700000012
160.85043600000012
160.97956600000012
161.0974100000001
161.2190470000001
161.3396830000001
161.4617650000001
161.5778250000001
161.6994960000001
161.8241280000001
161.94713900000008
162.06604100000007
162.18551900000006
162.31065300000006
162.42129200000005
162.55329800000004
162.67089000000004
162.79062600000003
162.91130700000002
163.04650300000003
163.18370200000004
163.32067200000003
163.47662900000003
163.60279500000004
163.74552400000005
163.87518000000006
164.00663200000005
164.14073100000005
164.28215900000004
164.41030500000002
164.54420400000004
164.68505100000004
164.82941300000005
164.97278600000004
165.10978700000004
165.24012200000004
165.37608100000006
165.52588800000007
165.67305000000007
165.82620100000008
165.9739930000001
166.1236480000001
166.2683370000001
166.4059550000001
166.5531870000001
166.69595400000009
166.8449730000001
166.9901470000001
167.1499640000001
167.29920600000008
167.4591330000001
167.6041240000001
167.7420150000001
167.8810810000001
168.0332490000001
168.1898860000001
168.3452190000001
168.4948710000001
168.64923600000012
168.7972720000001
168.95165900000012
169.09980100000013
169.24914200000012
169.39729400000013
169.54442600000013
169.68893900000012
169.8305910000001
169.97223700000012
170.11874400000013
170.26734800000014
170.40985900000015
170.54942800000015
170.69492100000014
170.83772500000015
170.99584500000014
171.14475900000014
171.28714200000013
171.44221000000013
171.59427200000013
171.74419200000014
171.90335500000015
172.05552800000015
172.20048300000016
172.33878500000017
172.48517700000016
172.63029200000017
172.77502300000017
172.91709700000018
173.06334000000018
173.20824600000017
173.36201800000018
173.50996800000019
173.6591450000002
173.8218470000002
173.9865260000002
174.1693870000002
174.3338510000002
174.50492200000022
174.68485400000023
174.87289500000023
175.05237300000022
175.25159900000023
175.45601800000023
175.65780200000023
175.85767800000022
176.05781700000023
176.25212700000023
176.44708800000024
176.65261700000025
176.84890800000025
177.04649000000026
177.24313200000026
177.44542300000026
177.65253500000026
177.85599400000027
178.05997400000027
178.25507900000028
178.46355100000028
178.67280200000027
178.88357500000026
179.09665900000027
179.32259900000028
179.53887300000028
179.74636700000028
179.94561700000028
180.14359100000027
180.35851300000027
180.54735000000028
180.73957800000028
180.93314800000027
181.13966500000026
181.35949700000026
181.56142900000026
181.75440000000026
181.94896400000027
182.13620800000027
182.33586600000027
182.52290800000026
182.70865700000024
182.88577100000023
183.06647200000023
183.24646700000022
183.4276000000002
183.62041000000022
183.81112400000023
184.00363900000022
184.1829150000002
184.3556230000002
184.53221000000022
184.70099500000023
184.87644600000024
185.05139800000023
185.22904400000024
185.40813400000025
185.58197900000025
185.75440600000024
185.95033800000024
186.13179600000024
186.30934300000024
186.48225300000024
186.65223300000025
186.85137100000026
187.03281200000026
187.22641200000027
187.40494600000028
187.59361900000027
187.77024200000028
187.94601500000027
188.11887400000026
188.28936100000027
188.47333300000028
188.6625740000003
188.8332080000003
189.0076020000003
189.17949500000032
189.33714900000032
189.52452400000033
189.69625200000033
189.87571700000032
190.0419230000003
190.22351900000032
190.38857500000032
190.55667900000032
190.72466800000032
190.88688200000033
191.07338700000034
191.24059100000034
191.42083600000035
191.60040300000034
191.77451000000033
191.94392300000032
192.11850100000032
192.29351300000033
192.48096500000034
192.64838300000034
192.82803500000034
192.99950100000035
193.17269600000034
193.33699200000035
193.50698900000035
193.69880900000035
193.87340400000036
194.03666000000035
194.21716600000036
194.40270500000037
194.57577300000037
194.74263600000037
194.91163700000038
195.08407400000038
195.2444070000004
195.4114430000004
195.58695600000038
195.75393800000037
195.93381800000037
196.10023000000038
196.27634300000037
196.45086400000037
196.62215100000037
196.78948200000036
196.95664800000037
197.12755800000036
197.29593100000037
197.47193300000038
197.66187500000038
197.83232300000037
198.00654200000037
198.17729300000036
198.35177600000037
198.52704500000036
198.68713200000036
198.86686300000036
199.05857300000037
199.23722600000036
199.41445200000035
199.58738800000035
199.75584100000034
199.92110800000034
200.11041200000034
200.27843800000034
200.45414400000033
200.62179300000034
200.81482600000035
201.01122100000035
201.20990400000034
201.40048600000034
201.58252400000035
201.75977500000036
201.94351600000036
202.13557600000036
202.32166800000036
202.50106000000036
202.69200100000037
202.88175100000038
203.05808500000037
203.2396930000004
203.4238580000004
203.6126440000004
203.7952350000004
203.9966100000004
204.1760570000004
204.3645080000004
204.5570300000004
204.72721000000038
204.90983700000038
205.09279000000038
205.27480800000038
205.4489860000004
205.6294930000004
205.80021200000039
205.9789760000004
206.1510650000004
206.34024700000037
206.52484300000037
206.70442100000037
206.88416900000036
207.06349000000034
207.26073600000035
207.44006100000036
207.63046700000035
207.82196600000034
208.02882100000033
208.21724300000034
208.39511000000033
208.57151100000033
208.75053500000033
208.92503100000033
209.09969100000032
209.2877680000003
209.46308400000032
209.64421200000032
209.8129510000003
210.0002520000003
210.1758520000003
210.3454570000003
210.5148280000003
210.68320800000032
210.85213000000033
211.01509300000032
211.18045700000033
211.34154900000033
211.50035200000033
211.66468800000033
211.82089400000032
211.9766870000003
212.1264000000003
212.2779350000003
212.43833300000028
212.60011300000028
212.76751800000028
212.93692200000027
213.09639300000026
213.25846500000026
213.41771100000025
213.57731100000026
213.73715900000028
213.89052800000027
214.04540500000027
214.21131200000028
214.38060100000027
214.54563800000028
214.7336310000003
214.90312000000029
215.0633530000003
215.2342270000003
215.3978920000003
215.5529370000003
215.7172990000003
215.8701480000003
216.01415700000032
216.16641000000033
216.31485100000032
216.4743340000003
216.6357980000003
216.7901060000003
216.9568990000003
217.1097020000003
217.25937500000032
217.4106210000003
217.5667930000003
217.7194860000003
217.8706460000003
218.03725900000032
218.20135400000032
218.38441500000033
218.54915400000033
218.70653400000032
218.85999200000032
219.01539500000032
219.19048800000033
219.34506500000032
219.50210100000032
219.66081600000032
219.82220500000034
219.98013600000033
220.13621600000033
220.29054200000033
220.45073600000032
220.61772100000033
220.80659500000033
220.95613200000034
221.10745600000033
221.26178800000034
221.41025600000035
221.56135800000035
221.71005600000035
221.85786900000036
222.00956700000037
222.15119500000037
222.29306000000037
222.44686500000037
222.59075100000038
222.74649300000038
222.90490800000038
223.0622110000004
223.23135600000037
223.39043700000036
223.54542200000037
223.69834400000036
223.84791400000037
224.00139600000037
224.15243200000037
224.30131400000036
224.46628900000036
224.61888800000037
224.77573600000036
224.93874700000038
225.10956100000038
225.2680570000004
225.4369660000004
225.5978790000004
225.7577330000004
225.9168660000004
226.0897740000004
226.2602750000004
226.4610640000004
226.6366540000004
226.8096070000004
226.9948940000004
227.17966400000037
227.36623300000036
227.55731100000037
227.74574400000037
227.93203000000037
228.11916400000035
228.30412300000035
228.49290400000035
228.68803600000035
228.88233700000035
229.07915000000034
229.28472000000033
229.47609300000033
229.66510000000034
229.85421700000035
230.04278700000035
230.23484500000035
230.42193400000033
230.62221800000034
230.81721900000034
230.99833500000034
231.17337000000035
231.36299000000034
231.55027300000035
231.74053400000034
231.93428800000035
232.12569100000036
232.30473400000037
232.49743100000038
232.6792640000004
232.8790900000004
233.0620080000004
233.2330140000004
233.4121390000004
233.5738810000004
233.7450700000004
233.9130110000004
234.06923500000042
234.2274590000004
234.38909800000042
234.5510140000004
234.7111300000004
234.88015100000038
235.03457900000038
235.18605300000038
235.3326190000004
235.4835180000004
235.6290560000004
235.76562000000038
235.89786000000038
236.03409500000038
236.1816940000004
236.3152490000004
236.4517830000004
236.6089100000004
236.7551210000004
236.8983390000004
237.04522700000038
237.1939190000004
237.3290130000004
237.4619500000004
237.5929620000004
237.7366800000004
237.8725860000004
238.0067040000004
238.1421290000004
238.2804160000004
238.4293980000004
238.5920650000004
238.72990000000038
238.86450600000038
239.00381800000036
239.13621700000036
239.28230700000034
239.40994700000036
239.55378300000035
239.67740500000036
239.80525500000036
239.93563600000036
240.06626300000036
240.19240700000037
240.31661300000036
240.44573800000035
240.58349700000034
240.71067700000035
240.84681700000036
240.97805500000035
241.11102700000035
241.24783500000035
241.37708300000034
241.49879200000035
241.62492600000036
241.75458600000036
241.89182900000037
242.01093600000038
242.14267000000038
242.27152900000038
242.40111300000038
242.51800900000038
242.6338300000004
242.7559700000004
242.8751910000004
243.0031980000004
243.1396420000004
243.2688420000004
243.40210000000042
243.5321220000004
243.66059700000042
243.80039700000043
243.93243600000042
244.0777600000004
244.2102680000004
244.3323400000004
244.45006500000042
244.56990400000043
244.69316400000042
244.81259200000042
244.93393000000043
245.06132700000043
245.18356300000042
245.30272000000042
245.4220400000004
245.5649890000004
245.7034020000004
245.8297120000004
245.9822350000004
246.1187450000004
246.2527920000004
246.3844110000004
246.5182230000004
246.6525800000004
246.7778480000004
246.9027400000004
247.0262860000004
247.1540300000004
247.2779510000004
247.4008780000004
247.5273960000004
247.6555860000004
247.78341700000038
247.91195500000038
248.03092300000037
248.15544000000037
248.28272400000037
248.40447700000038
248.5357790000004
248.6617760000004
248.7917440000004
248.9170380000004
249.04495500000039
249.1826370000004
249.3278280000004
249.4649640000004
249.6010690000004
249.7373220000004
249.8684730000004
250.0079140000004
250.1597770000004
250.2998850000004
250.45005000000037
250.59995100000037
250.75664100000037
250.90854200000038
251.05998400000038
251.2155340000004
251.37959900000038
251.53715900000037
251.69130800000036
251.84641200000036
252.01057500000036
252.16081000000037
252.31419600000038
252.46604800000037
252.61371700000038
252.76672800000037
252.92375200000038
253.0770470000004
253.2463290000004
253.4075940000004
253.56746300000037
253.72303800000037
253.87932500000036
254.03308600000037
254.19616100000036
254.35400100000035
254.51908900000035
254.67483100000035
254.82591200000036
254.97782900000036
255.13594100000034
255.28740300000035
255.43371900000037
255.58282700000038
255.7283680000004
255.8802600000004
256.0549340000004
256.2038490000004
256.34948300000036
256.50474300000036
256.6665490000004
256.8317600000004
256.99201800000037
257.1596140000004
257.3145330000004
257.47178100000036
257.6289010000004
257.7912870000004
257.94784300000043
258.1037640000004
258.2617340000004
258.4150400000004
258.5689710000004
258.72318300000035
258.87918100000036
259.02621000000033
259.1750150000003
259.3248020000003
259.4790970000003
259.6356360000003
259.7878570000003
259.94506900000033
260.1015910000003
260.2499040000003
260.3903230000003
260.53715100000034
260.67322400000035
260.8093550000003
260.9571480000003
261.0981890000003
261.2310590000003
261.3616570000003
261.4888950000003
261.6229900000003
261.7576270000003
261.8903530000003
262.02378400000026
262.15828400000026
262.29061100000024
262.42804100000023
262.56013400000023
262.68567300000024
262.8157440000002
262.94066900000024
263.06829200000027
263.19309700000025
263.3162860000003
263.4422040000003
263.5732370000003
263.7030750000003
263.8348200000003
263.9591880000003
264.08578000000034
264.23073000000034
264.35988500000036
264.48472800000036
264.60709400000036
264.72913000000034
264.8709090000003
265.0036870000003
265.1307500000003
265.25454800000034
265.3820550000003
265.5062670000003
265.6313600000003
265.7535550000003
265.8695320000003
265.98567200000025
266.10111800000027
266.21448400000025
266.3334850000003
266.4527590000003
266.5683810000003
266.6848170000003
266.8074370000003
266.9213960000003
267.0404120000003
267.1589400000003
267.2793990000003
267.4048890000003
267.5304470000003
267.66014300000035
267.83109200000035
267.95791700000035
268.08160500000037
268.2081940000004
268.3341870000004
268.4613680000004
268.5888280000004
268.70958000000036
268.8336040000004
268.9530610000004
269.06758000000036
269.1844440000004
269.2997150000004
269.4134820000004
269.5336320000004
269.6581120000004
269.77781100000044
269.89136900000045
270.00202200000047
270.1152390000005
270.2374430000005
270.3586830000005
270.49308200000047
270.6172000000005
270.7374970000005
270.8628100000005
270.9913410000005
271.10986500000047
271.2329720000005
271.3540050000005
271.4748650000005
271.6011730000005
271.73322400000046
271.85406500000045
271.97129900000044
272.09069500000044
272.2231560000004
272.3557290000004
272.4802930000004
272.5935140000004
272.7050740000004
272.8142030000004
272.9241170000004
273.03218000000044
273.14038500000044
273.2511210000004
273.3515540000004
273.4534740000004
273.5599740000004
273.6692990000004
273.7726180000004
273.8885520000004
273.9889240000004
274.0919100000004
274.1973440000004
274.3128110000004
274.4150460000004
274.5179180000004
274.61384300000043
274.71544100000045
274.81391800000046
274.91777600000046
275.02751100000046
275.12983900000046
275.2297270000005
275.3299760000005
275.4271380000005
275.53238600000054
275.64085500000056
275.7476570000006
275.8634850000006
275.9731130000006
276.0859800000006
276.1991580000006
276.3065010000006
276.4147700000006
276.5175410000006
276.6253410000006
276.7304450000006
276.8485410000006
276.9730460000006
277.07653100000056
277.18753400000054
277.29691200000053
277.4046770000005
277.5265020000005
277.6494450000005
277.77367500000054
277.89162600000054
278.00567600000056
278.12104700000054
278.23882500000053
278.35387400000053
278.46804100000054
278.57826600000055
278.69210100000055
278.80518300000057
278.92636100000055
279.0497760000006
279.17054700000057
279.2971630000006
279.42390700000055
279.5379770000006
279.65931500000056
279.78024800000054
279.9043360000005
280.0254500000005
280.1405450000005
280.2561240000005
280.3759270000005
280.5023980000005
280.6345530000005
280.7594310000005
280.88712600000053
281.01371700000055
281.1491090000006
281.2765850000006
281.4118640000006
281.54198700000063
281.67146800000063
281.79693700000064
281.92284000000063
282.05089700000065
282.19496400000065
282.32318200000066
282.45351900000065
282.58599000000066
282.72450700000064
282.85484800000063
282.9838600000006
283.1168610000006
283.2410050000006
283.3792530000006
283.50858500000055
283.64565500000054
283.77551400000056
283.9156110000006
284.04888400000056
284.18303100000054
284.31027800000055
284.44682400000056
284.57245100000057
284.70267500000057
284.83191400000055
284.95478300000053
285.08509200000054
285.21479400000055
285.34099100000054
285.47394100000054
285.61606800000055
285.74173000000053
285.86422200000055
285.98521300000056
286.1102720000006
286.23903900000056
286.3668690000006
286.49077500000055
286.6209880000006
286.7469120000006
286.8705330000006
286.9978190000006
287.13001500000064
287.25359900000063
287.37799100000063
287.50105000000065
287.62726500000065
287.75559300000066
287.89359200000064
288.01913300000064
288.1463700000006
288.2737450000006
288.3963760000006
288.5372530000006
288.6668500000006
288.7913300000006
288.93477800000056
289.06579900000054
289.18942800000053
289.3097920000005
289.43094000000053
289.55055500000054
289.6847020000005
289.8038070000005
289.9245750000005
290.0523650000005
290.18355100000053
290.3114150000005
290.44947000000053
290.5836870000005
290.7097910000005
290.8313790000005
290.9606300000005
291.0809820000005
291.2119590000005
291.3375450000005
291.4712920000005
291.5880570000005
291.7110640000005
291.83660800000047
291.95799300000044
292.08708900000045
292.20997800000043
292.33135300000043
292.47067200000043
292.60190500000044
292.72981100000044
292.8643390000004
293.0048770000004
293.13817400000045
293.2674840000004
293.3950510000004
293.5251050000004
293.6541830000004
293.7825990000004
293.9074360000004
294.03852700000044
294.15830400000044
294.2798200000004
294.4011770000004
294.5180080000004
294.6362720000004
294.7689960000004
294.8823550000004
295.0062750000004
295.1262570000004
295.2400470000004
295.3592700000004
295.4851880000004
295.6037400000004
295.7203060000004
295.8316550000004
295.9440280000004
296.0658300000004
296.18170100000043
296.30408400000044
296.42714500000045
296.54612900000046
296.6697050000005
296.7909800000005
296.9090480000005
297.0311130000005
297.15472900000054
297.28537900000055
297.3896330000006
297.5055560000006
297.6181740000006
297.75319700000057
297.87289200000055
297.99664700000056
298.1653430000006
298.28960500000056
298.42255600000055
298.55149500000056
298.66577500000056
298.7880870000006
298.90737500000057
299.0213120000006
299.1392590000006
299.2789720000006
299.4006770000006
299.5239440000006
299.6400710000006
299.7554540000006
299.8868960000006
300.0124080000006
300.1457840000006
300.2760860000006
300.4218670000006
300.5521350000006
300.7027230000006
300.8364570000006
300.9665110000006
301.1002940000006
301.22858900000057
301.36196700000056
301.49635300000057
301.64157000000057
301.78675300000054
301.94039700000053
302.08968300000055
302.25290900000056
302.39961800000054
302.5524540000005
302.69822500000055
302.85248500000057
302.99750800000055
303.1581370000005
303.3226080000005
303.4796020000005
303.64167500000053
