0.01674
0.118062
0.21314
0.309261
0.404763
0.504998
0.6103729999999999
0.7154739999999999
0.829796
0.9289769999999999
1.041888
1.139483
1.246036
1.3477249999999998
1.477253
1.576099
1.6900009999999999
1.7938049999999999
1.912113
2.024549
2.130759
2.237017
2.3470969999999998
2.4578469999999997
2.570213
2.681772
2.808583
2.9155990000000003
3.006975
3.123856
3.243001
3.341684
3.447085
3.5835529999999998
3.705609
3.8119769999999997
3.92174
4.054809
4.161725
4.269178999999999
4.381489999999999
4.505267999999999
4.6092889999999995
4.72319
4.846819
4.953388
5.062062
5.152433
5.260273000000001
5.366008000000001
5.470358000000001
5.5619700000000005
5.664734
5.766304
5.857981
5.954152
6.06051
6.170293
6.275496
6.375678000000001
6.477882000000001
6.578257000000001
6.663306
6.748626000000001
6.835996000000001
6.927861000000001
7.031666000000001
7.133485000000001
7.230080000000001
7.320101000000001
7.407378000000001
7.4887450000000015
7.5858940000000015
7.686765000000001
7.801330000000001
7.892907000000001
8.002392
8.102639
8.222841
8.321508000000001
8.442431000000001
8.553572
8.664527000000001
8.774074
8.879635
8.978194
9.07534
9.174845000000001
9.277487
9.375239
9.474833
9.593667
9.695006
9.786356999999999
9.890019999999998
9.983378999999998
10.069541999999998
10.179804999999998
10.283861999999997
10.386783999999997
10.483252999999998
10.574858999999998
10.684355999999998
10.781037999999997
10.883408999999997
10.994952999999997
11.087812999999997
11.195432999999998
11.333627999999997
11.422067999999998
11.522487999999997
11.619482999999997
11.708255999999997
11.804157999999997
11.924384999999997
12.014532999999997
12.118730999999997
12.229894999999997
12.336641999999998
12.449565999999997
12.552639999999997
12.655882999999998
12.754030999999998
12.855835999999998
12.932838999999998
13.017249999999997
13.122995999999997
13.204716999999997
13.276637999999997
13.368113999999997
13.449817999999997
13.531858999999997
13.632062999999997
13.738110999999996
13.830701999999997
13.913114999999998
14.014705999999999
14.109770999999999
14.205397999999999
14.297030999999999
14.399159999999998
14.497365999999998
14.593856999999998
14.683472999999998
14.795464999999998
14.909093999999998
15.010183999999997
15.118911999999996
15.222913999999996
15.331707999999995
15.447695999999995
15.543792999999996
15.646518999999996
15.742727999999996
15.845735999999997
15.945891999999997
16.053420999999997
16.166094999999995
16.281346999999997
16.394380999999996
16.486989999999995
16.592956999999995
16.686901999999996
16.794337999999996
16.888232999999996
16.981730999999996
17.085077999999996
17.176822999999995
17.276379999999996
17.372293999999997
17.473841999999998
17.571543
17.682892
17.798215
17.900284
18.007316
18.110613999999998
18.223273
18.329632
18.420489
18.52931
18.631221
18.748054
18.846048
18.95377
19.055494
19.15316
19.253459
19.367383
19.470797
19.579616
19.673367000000002
19.777255000000004
19.886971000000003
19.997014000000004
20.107842000000005
20.231347000000007
20.338579000000006
20.461013000000005
20.566286000000005
20.679172000000005
20.786055000000005
20.898629000000003
20.996599000000003
21.094002000000003
21.212698000000003
21.331330000000005
21.439978000000004
21.576277000000005
21.688336000000003
21.817494000000003
21.928188000000002
22.04888
22.156706
22.266315
22.372920999999998
22.473626999999997
22.586549999999995
22.695864999999994
22.821202999999993
22.956822999999993
23.07125299999999
23.20004299999999
23.32354999999999
23.45158899999999
23.57376099999999
23.68966799999999
23.80244699999999
23.92028799999999
24.04140299999999
24.156275999999988
24.285457999999988
24.420015999999986
24.545377999999985
24.683380999999986
24.799488999999987
24.929438999999988
25.04739299999999
25.15363299999999
25.28285399999999
25.40172199999999
25.52057399999999
25.64538399999999
25.75782699999999
25.89124699999999
26.02384299999999
26.16542299999999
26.29061999999999
26.41642499999999
26.53017599999999
26.653566999999992
26.761345999999993
26.886742999999992
26.997473999999993
27.114674999999995
27.228163999999996
27.337365999999996
27.459092999999996
27.597160999999996
27.713497999999998
27.834373999999997
27.950628
28.064159999999998
28.176164999999997
28.269192999999998
28.379224999999998
28.504621999999998
28.618382999999998
28.732712999999997
28.840625999999997
28.950768999999998
