0.040542
0.231124
0.43573399999999995
0.633699
0.835515
1.0476670000000001
1.2583710000000001
1.470571
1.671866
1.883276
2.099846
2.3101979999999998
2.51137
2.7312529999999997
2.936225
3.139331
3.346098
3.553778
3.760507
3.974741
4.200121
4.412761000000001
4.626521
4.8455900000000005
5.061321
5.275481
5.506356
5.713421
5.924108
6.126998
6.337887
6.54455
6.748314
6.963476999999999
7.174485999999999
7.374798999999999
7.580820999999999
7.78921
8.003997
8.224755
8.436278
8.656774
8.874074
9.080669
9.301413
9.512208
9.712176
9.918783999999999
10.111436
10.321045999999999
10.518507999999999
10.737110999999999
10.943802999999999
11.174831
11.396044
11.609778
11.840961
12.073086
12.294042
12.511434999999999
12.803017999999998
13.047458999999998
13.309930999999999
13.625855
13.958957999999999
14.347786
14.720811999999999
15.12933
15.530059
15.927394999999999
16.230141999999997
16.577584999999996
16.889939999999996
17.176309999999997
17.461785999999996
17.723141
17.954022
18.176078999999998
18.415829999999996
18.712105999999995
19.027279999999994
19.301550999999993
19.561940999999994
19.848674999999993
20.13820099999999
20.426785999999993
20.70778599999999
20.98523699999999
21.25770599999999
21.53548899999999
21.80103799999999
22.065125999999992
22.333074999999994
22.591948999999993
22.85487399999999
23.111659999999993
23.357044999999992
23.61848299999999
23.88422799999999
24.13597699999999
24.34624999999999
24.551957999999992
24.753635999999993
24.963412999999992
25.161375999999994
25.360049999999994
25.555252999999993
25.748463999999995
25.936298999999995
26.132835999999994
26.346798999999994
26.528782999999994
26.713387999999995
26.907677999999994
27.095896999999994
27.292242999999992
27.485244999999992
27.675904999999993
27.870404999999995
28.071351999999994
28.277338999999994
28.489346999999995
28.705400999999995
28.916005999999996
29.127283999999996
29.335513999999996
29.551923999999996
29.758884999999996
29.965325999999997
30.175863999999997
30.386972999999998
30.611089999999997
30.813871999999996
31.016556999999995
31.216041999999995
31.421416999999995
31.636104999999993
31.852765999999992
32.08075899999999
32.30078099999999
32.521536999999995
32.74918399999999
32.963784999999994
33.178520999999996
33.391831999999994
33.607662999999995
33.82100799999999
34.03721399999999
34.25083699999999
34.46125199999999
34.66613499999999
34.86885399999999
35.07344299999999
35.26921999999999
35.46922699999999
35.68584899999999
35.89932399999999
36.109398999999996
36.310010999999996
36.509516999999995
36.699287999999996
36.883145999999996
37.069236
37.279137999999996
37.46953
37.662434
37.852335
38.044751999999995
38.240885
38.434833
38.637401
38.835758999999996
39.033587
39.227776
39.446563
39.642409
39.840979
40.038577999999994
40.24678599999999
40.45239699999999
40.65271799999999
40.846135999999994
41.039334
41.231714
41.422337999999996
41.622541999999996
41.809422999999995
41.983157
42.152919
42.309517
42.481809
42.663289
42.845206
43.029336
43.214533
43.444214
43.642242
43.847530000000006
44.04433900000001
44.23196500000001
44.42448100000001
44.609930000000006
44.802707000000005
44.993595000000006
45.18470200000001
45.35934100000001
45.53846600000001
45.715793000000005
45.895237
46.073840000000004
46.26650600000001
46.45803000000001
46.68119600000001
46.92470600000001
47.195803000000005
47.445440000000005
47.69102
47.931978
48.163873
48.392664
48.618888000000005
48.838891000000004
49.076463000000004
49.295892
49.537571
49.768885
50.022377999999996
50.273137
50.519891
50.754014
50.965793999999995
51.18402699999999
51.41090199999999
51.642416999999995
51.861467
52.071327999999994
52.29917499999999
52.50571099999999
52.71982499999999
52.95627499999999
53.17795299999999
53.407572999999985
53.63854099999998
53.85938999999998
54.087127999999986
54.30916899999998
54.52647299999998
54.74259799999998
54.96238099999998
55.17138199999998
55.38417699999998
55.61480699999998
55.83181099999998
56.07120699999998
56.29176599999998
56.52372199999998
56.74403599999998
56.95869099999998
57.16962699999998
57.37916199999998
57.59516899999998
57.799746999999975
58.010698999999974
58.22575699999997
58.42472599999997
58.634761999999974
58.82873499999997
58.97991499999997
59.13641899999997
59.28299099999997
59.42534399999997
59.568440999999964
59.70166199999996
59.83790899999996
59.96919899999996
60.12317799999996
60.25341499999996
60.38185799999996
60.51662299999996
60.64002799999996
60.79900999999996
60.92919699999996
61.06056499999996
61.19575499999996
61.324567999999964
61.449105999999965
61.57327099999996
61.70071399999996
61.82061399999996
61.94168899999996
62.06408499999996
62.17923799999996
62.30575499999996
62.423295999999965
62.540117999999964
62.66559699999996
62.784035999999965
62.90965599999996
63.02151599999996
63.14669099999996
63.27070399999996
63.38792699999996
63.503590999999965
63.62049799999996
63.73605099999996
63.84737999999996
63.976576999999956
64.09704899999996
64.21268399999995
64.32965899999995
64.44172299999995
64.55619599999996
64.66772299999995
64.78582999999995
64.91171499999994
65.02709799999994
65.14372699999994
65.26048399999995
65.37909099999995
65.49925199999994
65.61186299999994
65.73416399999994
65.85022199999993
65.96957099999993
66.08741499999994
66.20369899999993
66.32067599999993
66.43693299999994
66.55175799999994
66.67789999999994
66.80141799999994
66.92042099999995
67.04010699999995
67.16407499999995
67.28202999999995
67.39862899999994
67.52298699999994
67.64277599999994
67.76214799999994
67.87998499999993
67.99477799999994
68.11680399999995
68.23386299999994
68.35338099999994
68.47562499999994
68.59853399999994
68.72268899999995
68.85016599999994
68.96878999999994
69.08953199999995
69.20785099999995
69.32546199999994
69.44655299999995
69.56100199999995
69.67167599999995
69.78846499999995
69.90125099999995
70.01387299999995
70.12537599999995
70.24991199999995
70.36657299999995
70.48326399999995
70.59907299999995
70.71197199999995
70.83302999999995
70.94711399999996
71.07379799999995
71.19258499999995
71.31423199999995
71.42986399999995
71.54336999999995
71.66816899999995
71.78688499999996
71.90670699999995
72.02325099999996
72.13894899999995
72.27038099999996
72.38596599999995
72.49736499999996
72.61697499999995
72.73940699999996
72.86783599999995
72.99240299999995
73.11629099999995
73.23951699999995
73.35338999999995
73.48038699999995
73.60105199999995
73.72680699999995
73.84651999999996
73.96858999999995
74.09569699999994
74.21400199999995
74.33291299999995
74.45053299999995
74.56665799999995
74.68898099999994
74.81726599999995
74.94503499999995
75.07099699999995
75.19994999999994
75.32662399999994
75.45191199999994
75.57243199999994
75.69725099999994
75.81898899999993
75.93917899999992
76.06256999999992
76.18864399999993
76.31641699999993
76.44118899999992
76.56636799999993
76.68411399999992
76.82285399999992
76.94521299999992
77.07521199999992
77.20019699999992
77.33009399999992
77.46835499999992
77.60065599999992
77.73405399999992
77.86291099999991
77.98093099999991
78.11874599999992
78.24596499999991
78.37282799999991
78.49946599999991
78.62324499999991
78.74357799999991
78.86957999999991
78.99597599999991
79.12943999999992
79.26131299999992
79.39143299999992
79.52443099999992
79.65236399999992
79.78061199999992
79.90239499999991
80.0285119999999
80.15887499999991
80.2868709999999
80.41808399999991
80.56016999999991
80.69682499999992
80.85849499999992
81.03687199999992
81.22126399999992
81.40133299999992
81.58697199999992
81.77525899999992
81.95578099999992
82.16492499999991
82.3586579999999
82.5345809999999
82.7071929999999
82.8966289999999
83.0779429999999
83.2659949999999
83.4584979999999
83.6153069999999
83.8041209999999
83.9994609999999
84.1899889999999
84.3783779999999
84.5678129999999
84.7448419999999
84.92110599999991
85.10379199999991
85.29669899999992
85.47397199999992
85.66393699999992
85.84116399999992
86.02590299999991
86.21408299999992
86.38870799999992
86.58439699999992
86.76987599999993
86.94805399999993
87.10689699999993
87.28452999999993
87.45748499999993
87.63228599999994
87.79508499999994
87.97885999999994
88.17078299999994
88.37515399999994
88.57166599999994
88.76768199999994
88.96874899999993
89.16940899999993
89.36500999999993
89.56754999999993
89.77472599999993
89.98694299999993
90.19140199999993
90.40577699999993
90.62078699999994
90.86708399999993
91.07042899999993
91.28222399999993
91.48636799999993
91.68400599999993
91.88290099999992
92.09091599999992
92.29451599999992
92.50979399999991
92.73650199999992
92.96084999999992
93.17339999999992
93.37806899999991
93.5942149999999
93.8064989999999
94.0021289999999
94.19869899999989
94.3938069999999
94.6111619999999
94.82597299999989
95.04753999999988
95.22957099999988
95.44056999999988
95.63763499999988
95.85730799999988
96.07056899999988
96.28235999999988
96.48403799999988
96.69873099999988
96.90455499999989
97.08760499999988
97.28352599999988
97.51040999999988
97.72174999999989
97.94700099999989
98.16037499999989
98.38332799999989
98.62053499999989
98.83203599999989
99.06411299999989
99.2782849999999
99.4867579999999
99.6838189999999
99.8883549999999
100.0952699999999
100.3204979999999
100.54648399999991
100.76230699999991
100.9899979999999
101.2191099999999
101.4297369999999
101.6492989999999
101.8789419999999
102.1172959999999
102.32602299999989
102.5639659999999
102.77207999999989
102.9991129999999
103.2396949999999
103.4802789999999
103.7317479999999
103.9629249999999
104.1978539999999
104.4390439999999
104.6709519999999
104.8848309999999
105.10253699999991
105.32731499999991
105.55958699999991
105.78704199999991
106.03624199999992
106.29624199999992
106.53718999999992
106.79004299999993
107.04940999999992
107.29461599999992
107.54097499999992
107.77346999999992
108.00618199999992
108.22969899999993
108.46431599999993
108.69436599999993
108.95065799999993
109.19073699999993
109.46842699999993
109.71298999999993
109.96612899999994
110.21176499999994
110.45321899999995
110.67821999999995
110.91128399999995
111.13270699999995
111.35162899999996
111.59309399999997
111.83221399999996
112.06977399999997
112.29830999999997
112.49852399999997
112.74162899999997
112.98494899999997
113.22847099999997
113.46650299999997
113.71242099999998
113.96896199999998
114.19651899999998
114.42794199999999
114.68209199999998
114.90601399999998
115.15561699999998
115.39448599999997
115.66509699999997
115.91048799999997
116.15883799999997
116.41186299999997
116.68910799999996
116.94922899999996
117.19476599999996
117.44885099999996
117.68594899999997
117.92833999999996
118.16079099999996
118.40316499999996
118.64113799999996
118.86030699999995
119.12181399999994
119.34394399999995
119.60690199999995
119.86376299999995
120.16006599999994
120.43002999999995
120.69237699999995
120.92804099999995
121.17923899999995
121.44247799999995
121.69443699999995
121.96572899999995
122.21919699999995
122.48081499999995
122.71922099999995
122.99253299999995
123.25858799999995
123.52259799999995
123.78230399999994
124.04910299999995
124.31543199999994
124.57418799999995
124.82172399999995
125.09254499999994
125.31253799999995
125.56245999999994
125.80789499999995
126.05606199999994
126.30577899999994
126.57464299999994
126.86033299999994
127.13300099999994
127.41747499999994
127.69338599999993
127.97106499999994
128.23690699999995
128.50678899999994
128.78471999999994
129.06360699999993
129.35611199999994
129.64513199999993
129.93264299999993
130.20885199999992
130.4887209999999
130.78932799999993
131.0876829999999
131.3898979999999
131.6822849999999
131.94298299999988
132.21591599999988
132.48666199999988
132.77821099999989
133.08111399999987
133.39288799999989
133.6914719999999
133.9905709999999
134.28366999999992
134.57656699999993
134.86531999999994
135.15097399999993
135.42616499999994
135.70231299999995
135.98598899999996
136.26637599999995
136.54629999999995
136.82542599999994
137.10010899999995
137.37657199999995
137.67364399999997
137.97165199999998
138.25380099999998
138.541858
138.84248499999998
139.151987
139.449093
139.748167
140.044266
140.34555
140.633149
140.920421
141.19610500000002
141.452728
141.72046400000002
141.97914500000002
142.24146000000002
142.48887200000001
142.772162
143.03620700000002
143.338018
143.6214
143.911319
144.20621799999998
144.46806199999997
144.75501099999997
145.03430099999997
145.24703099999996
145.44137599999996
145.63869199999996
145.83281699999998
146.09567499999997
146.36990799999998
146.66289999999998
146.958476
147.24822999999998
147.54772499999999
147.83973999999998
148.13233099999997
148.42724799999996
148.70170899999997
148.97226199999997
149.24523099999996
149.52067999999997
149.79506399999997
150.05366299999997
150.33549999999997
150.62886199999997
150.91759399999998
151.20153999999997
151.48557299999996
151.79024699999997
152.08626299999997
152.37431099999998
152.65426799999997
152.92746199999996
153.20653099999996
153.48366499999995
153.69528599999995
153.90300299999996
154.10427099999995
154.30831799999996
154.51134199999996
154.71992299999997
154.99863899999997
155.30284699999996
155.59003299999995
155.88046899999995
156.17054099999996
156.46585199999996
156.74718699999997
157.02879599999997
157.28847699999997
157.56753499999996
157.85221899999996
158.14979599999995
158.44065199999994
158.72042099999993
159.01257999999993
159.32370399999994
159.65549899999993
159.98539499999993
160.29890399999994
160.59826999999993
160.92235299999993
161.20998599999993
161.52194599999993
161.82875599999994
162.11628699999994
162.41795199999996
162.70609999999996
163.00928099999996
163.29161199999996
163.59795599999995
163.88746499999996
164.19890199999998
164.48759299999998
164.78534699999997
165.06977699999996
165.36999799999995
165.66257699999994
165.94764699999993
166.23745399999993
166.55046499999992
166.84265599999992
167.12457199999992
167.40010299999992
167.6583799999999
167.9395329999999
168.2036359999999
168.4678229999999
168.7379569999999
169.01620799999992
169.2898969999999
169.5946889999999
169.8722809999999
170.0811679999999
170.2789249999999
170.4772619999999
170.66847199999992
170.86690399999992
171.06181699999993
171.31936799999994
171.61956599999994
171.91984999999994
172.21039699999994
172.50978599999993
172.80656599999995
173.10526699999994
173.43826199999995
173.73677299999994
174.03744799999996
174.32653599999995
174.61908499999996
174.88337899999996
175.17711999999997
175.44021199999997
175.72223199999996
176.01358799999997
176.32071699999997
176.66365599999997
176.97086299999998
177.27791399999998
177.58493399999998
177.89250599999997
178.16818699999996
178.45248099999995
178.71966799999996
179.03493699999996
179.33883099999997
179.61510899999996
179.90375699999996
180.21289799999997
180.52144499999997
180.87241399999996
181.18855399999995
181.48963899999995
181.79547399999996
182.10184999999996
182.40696999999994
182.70717999999994
182.99866799999992
183.28089199999994
183.58211499999993
183.86663699999994
184.16459499999993
184.46762799999993
184.76128099999994
185.04923899999994
185.34725499999993
185.69014599999994
185.99705899999995
186.26926699999996
186.50878399999996
186.71764699999997
186.92096899999996
187.11878099999996
187.31676499999995
187.53270899999995
187.73626699999994
187.94497999999993
188.16131099999993
188.45621799999992
188.75291899999993
189.08385299999995
189.37291099999996
189.65746799999997
189.94087499999998
190.22932699999998
190.513298
190.816371
191.086331
191.38037
191.65067
191.92381
192.188064
192.46916
192.74396499999997
193.03354899999997
193.30771499999997
193.58958899999996
193.84657299999995
194.09235699999994
194.35847599999994
194.60638499999993
194.87372899999994
195.12723999999994
195.39808299999996
195.68641299999996
195.95248899999996
196.22539299999997
196.48730999999998
196.74259299999997
197.00954699999997
197.27422999999996
197.54119299999996
197.81738399999998
198.07968899999997
198.34706599999998
198.645729
198.891314
199.139647
199.414656
199.664073
199.921632
200.167881
200.416787
200.621362
200.797635
200.966573
201.14025800000002
201.321797
201.502387
201.701543
201.86623799999998
202.03286099999997
202.19978599999996
202.36390699999995
202.53447099999997
202.71050699999998
202.93582399999997
203.18820199999996
203.43004199999996
203.68327299999996
203.92442799999995
204.17322799999994
204.40290599999994
204.64149699999996
204.89377599999995
205.14227499999996
205.40058399999995
205.65260299999994
205.92091299999996
206.18135799999996
206.46664399999997
206.73925999999997
207.00136599999996
207.27854899999997
207.54809099999997
207.81283199999996
208.08488199999996
208.35047599999996
208.63866599999994
208.92184599999993
209.19022999999993
209.45258399999992
209.7058509999999
209.9746269999999
210.2226049999999
210.4924599999999
210.76120899999992
211.03811099999993
211.32217199999994
211.60898299999994
211.89856399999994
212.22126599999993
212.51403399999992
212.81203299999993
213.09621099999993
213.38326899999993
213.67282399999993
213.95496799999992
214.23688499999992
214.5122619999999
214.7940889999999
215.0729609999999
215.3440489999999
215.6396839999999
215.9107149999999
216.1778919999999
216.4640189999999
216.74405699999988
217.0159699999999
217.3217149999999
217.5702639999999
217.7819009999999
217.9773049999999
218.16709399999988
218.35758799999988
218.56539899999987
218.76094399999988
218.9499019999999
219.13957899999988
219.32295199999987
219.51797299999987
219.74049199999988
219.99455599999987
220.23774699999987
220.49016299999988
220.71563299999988
220.95073399999987
221.19843399999988
221.43530999999987
221.67044999999987
221.89370699999986
222.12059599999986
222.32469899999987
222.55545699999988
222.76125399999987
222.95976199999987
223.14854099999988
223.34212199999988
223.55272599999986
223.76013799999987
223.97524399999986
224.18733899999987
224.39543199999986
224.59773799999985
224.78926599999986
224.99157199999985
225.18187799999984
225.38002599999984
225.59239299999984
225.80257799999984
225.99765999999985
226.21959799999985
226.42117199999984
226.62768699999984
226.83825299999984
227.08078399999985
227.29834799999986
227.52737699999986
227.73231999999985
227.95541699999984
228.15608999999984
228.36633899999984
228.56378099999984
228.76282099999983
228.95159699999982
229.15680199999983
229.36117899999982
229.56481999999983
229.7678939999998
229.9935249999998
230.20425599999982
230.4111549999998
230.6054649999998
230.8019169999998
230.9803069999998
231.17039299999982
231.37502299999983
231.59468899999982
231.80854799999983
232.02182399999984
232.23048099999983
232.43737799999982
232.63578799999982
232.8409659999998
232.99274199999982
233.15226899999982
233.30024299999982
233.45120499999982
233.6074599999998
233.8086859999998
234.0131619999998
234.2356099999998
234.44990999999982
234.6516639999998
234.85177099999981
235.0739009999998
235.3000739999998
235.51856999999978
235.72802299999978
235.93367299999977
236.16745299999977
236.39722699999976
236.61338599999976
236.83767699999976
237.05078599999976
237.28164099999975
237.51075299999974
237.74229599999973
237.96476399999972
238.18469199999973
238.41060899999974
238.66151699999975
238.90760699999976
239.14313199999975
239.39518499999974
239.62971299999975
239.88989399999974
240.07694899999973
240.24937299999974
240.42137399999973
240.58949999999973
240.76632899999973
240.94601199999974
241.13054299999973
241.32919699999974
241.56269799999973
241.84243199999972
242.13248599999972
242.4152939999997
242.6796699999997
242.9233909999997
243.1652479999997
243.3955379999997
243.6578669999997
243.8863279999997
244.1306979999997
244.3665399999997
244.5914179999997
244.8241109999997
245.05985399999972
245.29618499999972
245.53665299999972
245.76630099999971
246.0011739999997
246.2334769999997
246.48823399999972
246.73784599999973
246.98687899999973
247.25625199999973
247.51399199999975
247.75739499999975
247.98986599999975
248.22051199999976
248.44589699999975
248.66307599999973
248.88894099999973
249.13487299999974
249.38187499999975
249.62366799999975
249.86795999999975
250.11564299999975
250.40275599999975
250.64214699999977
250.88788199999976
251.13318499999977
251.39103499999976
251.62043499999976
251.85135199999976
252.07877599999978
252.30432499999978
252.5262689999998
252.7607189999998
252.9949129999998
253.2269039999998
253.4582509999998
253.6818829999998
253.8443179999998
254.0189959999998
254.17976199999978
254.34247599999978
254.5019759999998
254.6579079999998
254.8074389999998
254.9561539999998
255.1037789999998
255.2656119999998
255.4160839999998
255.5652209999998
255.71676099999982
255.92240799999982
256.13704199999984
256.35819899999984
256.57950499999987
256.7997089999999
257.0104159999999
257.2153399999999
257.4180419999999
257.6309649999999
257.8453839999999
258.0502449999999
258.2590429999999
258.46233799999993
258.65698799999996
258.863009
259.070841
259.26619999999997
259.465692
259.673188
259.86602899999997
260.04972399999997
260.259895
260.456076
260.655222
260.846842
261.022161
261.228213
261.429603
261.62440399999997
261.822774
262.025697
262.21115
262.391513
262.58786899999996
262.78915099999995
262.97202999999996
263.16748799999993
263.3554869999999
263.53147499999994
263.72286899999995
263.92167799999993
264.1194469999999
264.30702999999994
264.4918379999999
264.6805289999999
264.8731429999999
265.06513799999993
265.2517409999999
265.4611709999999
265.65807699999993
265.8523569999999
266.0433559999999
266.2557209999999
266.4465209999999
266.6517409999999
266.8641119999999
267.0736869999999
267.2963829999999
267.5151569999999
267.73433999999986
267.9667069999999
268.21187199999986
268.45309699999984
268.68767799999983
268.9387169999998
269.1744879999998
269.4047979999998
269.6355789999998
269.8772919999998
270.1190219999998
270.3518149999998
270.6091189999998
270.8431349999998
271.0625799999998
271.2886849999998
271.54622099999983
271.78200899999985
272.00656899999984
272.24431199999987
272.46621399999987
272.70448899999985
272.9380449999999
273.1719819999999
273.4060649999999
273.6364709999999
273.8101469999999
273.9804759999999
274.1479579999999
274.3111919999999
274.4736079999999
274.6290769999999
274.7860169999999
274.9462749999999
275.1029409999999
275.25984599999987
275.4173009999999
275.58128399999987
275.7374419999999
275.8926279999999
276.0509449999999
276.2061559999999
276.36764199999993
276.5341849999999
276.69482199999993
276.86002699999995
277.02652199999994
277.1972369999999
277.3646849999999
277.5285689999999
277.6926209999999
277.8640299999999
278.0411679999999
278.2191669999999
278.39195799999993
278.57407199999994
278.74898099999996
278.91486299999997
279.082585
279.257744
279.433923
279.60703
279.779843
279.952397
280.129638
280.29852
280.470344
280.641729
280.811605
280.983517
281.156048
281.346877
281.529034
281.70752100000004
281.88792000000007
282.06673300000006
282.24149700000004
282.416736
282.591615
282.76565
282.93815
283.108586
283.278354
283.445519
283.61580499999997
283.784615
283.950674
284.115742
284.28282
284.444429
284.612215
284.787405
284.95392699999996
285.11801599999995
285.28502999999995
285.45029099999994
285.6285229999999
285.8086669999999
285.9842629999999
286.1654629999999
286.3405059999999
286.5158009999999
286.7015939999999
286.88086099999987
287.06987499999985
287.24398399999984
287.41985899999986
287.59159599999987
287.77129199999985
287.95282799999984
288.1258809999998
288.3009789999998
288.4710279999998
288.64228799999984
288.81888899999984
288.98628799999983
289.1548629999998
289.3239629999998
289.4963649999998
289.6673599999998
289.8379049999998
290.0062719999998
290.1850479999998
290.3593829999998
290.5332839999998
290.7072469999998
290.8829319999998
291.0596519999998
291.2357469999998
291.4031149999998
291.5757779999998
291.7371629999998
291.9053829999998
292.0731479999998
292.2440289999998
292.4095769999998
292.5764229999998
292.7490939999998
292.91577699999976
293.1056989999998
293.2781339999998
293.4478899999998
293.6202359999998
293.78899399999983
293.96379399999984
294.13766599999985
294.30753499999986
294.4889019999999
294.6643609999999
294.84306099999986
295.0135109999999
295.1903749999999
295.3706119999999
295.55314199999987
295.73358299999984
295.91950899999983
296.1495019999998
296.38443299999983
296.63122599999986
296.8645539999998
297.0890459999998
297.32526399999983
297.5514279999998
297.7854879999998
298.0258539999998
298.26208999999983
298.50352399999986
298.73653399999984
298.98162199999985
299.22225699999984
299.47394299999985
299.72624199999984
299.98507299999983
300.2329159999998
300.4834439999998
300.7437579999998
300.9777069999998
301.22753699999976
301.47450599999974
301.7145809999997
301.9497729999997
302.1992939999997
302.4500029999997
302.6823649999997
302.9271929999997
303.1923919999997
303.4502709999997
303.6943679999997
303.9397359999997
304.1920379999997
304.43360299999966
304.66850199999965
304.9087429999997
305.1551969999997
305.4090259999997
305.6601049999997
305.9009639999997
306.1436019999997
306.3973589999997
306.6420219999997
306.8862229999997
307.13568999999967
307.3754649999997
307.63362199999966
307.88200199999966
308.13205099999965
308.37910199999965
308.6228769999997
308.88308099999966
309.1455279999997
309.3979489999997
309.6398449999997
309.8900789999997
310.1419869999997
310.39859399999966
310.6532459999997
310.90583999999967
311.1453929999997
311.39807999999965
311.64696299999963
311.8964559999996
312.1417639999996
312.3951909999996
312.6309179999996
312.87955599999964
313.11675899999966
313.3556319999997
313.6074729999997
313.8577819999997
314.1068399999997
314.3290809999997
314.5693799999997
314.8095979999997
315.0425819999997
315.2819139999997
315.5460669999997
315.7869969999997
316.0321889999997
316.2773709999997
316.52857199999966
316.78347599999967
317.0155459999997
317.2534319999997
317.50841699999967
317.75745299999966
318.00597299999964
318.25124799999963
318.50531999999964
318.73184199999963
318.97733699999964
319.23503799999963
319.4773689999996
319.7257119999996
319.9784349999996
320.2246119999996
320.4736359999996
320.7270509999996
320.98319299999963
321.2315519999996
321.4863309999996
321.73265099999963
321.97492299999965
322.20832799999965
322.45480199999963
322.71628499999963
322.98535199999964
323.25547199999966
323.50767899999965
323.75259399999965
324.00146099999967
324.25306799999964
324.5028279999996
324.7479429999996
324.9983049999996
325.2522889999996
325.4771419999996
325.71720499999964
325.95891599999965
326.1989089999997
326.4759199999997
326.7206639999997
326.97383099999973
327.23781299999973
327.49278499999974
327.74514399999975
327.99586199999976
328.24421899999976
328.49090799999976
328.74322499999977
329.0007399999998
329.2374269999998
329.50065399999977
329.77049799999975
330.0224679999998
330.2741269999998
330.5238879999998
330.76936299999977
331.0044759999998
331.2543669999998
331.50520599999976
331.74597999999975
331.98215999999974
332.2137289999997
332.46000399999974
332.70948899999973
332.9543379999997
333.19374999999974
333.43345399999976
333.68511799999976
333.92949199999975
334.16910999999976
334.42172999999974
334.6634949999997
334.9085499999997
335.1582319999997
335.4157619999997
335.6652869999997
335.9089949999997
336.1585479999997
336.3891669999997
336.64865699999973
336.8797559999997
337.1221159999997
337.36229399999974
337.60773499999976
337.85202199999975
338.10445499999975
338.35755199999977
338.60262199999977
338.8427109999998
339.0926379999998
339.3381349999998
339.5937599999998
339.8713929999998
340.13182299999977
340.37880599999977
340.62367799999976
340.85590199999973
341.0858909999997
341.3201299999997
341.5615829999997
341.7857459999997
342.01836999999966
342.25017599999967
342.49084099999965
342.7307859999996
342.97483799999964
343.19925499999965
343.43762299999963
343.6758559999996
343.9292749999996
344.1640979999996
344.4043809999996
344.6154949999996
344.8529939999996
345.0337909999996
345.2055089999996
345.3766409999996
345.5465739999996
345.71916299999964
345.8947839999996
346.07225699999964
346.25061799999963
346.4242359999996
346.5982319999996
346.7698219999996
346.9446679999996
347.1134169999996
347.28187499999956
347.45433199999957
347.63375899999954
347.8108639999995
347.97690099999954
348.14978799999955
348.3185419999995
348.4918009999995
348.6644579999995
348.8337869999995
349.00565299999954
349.17417199999954
349.34079299999956
349.5059769999996
349.6720559999996
349.8398759999996
350.0070289999996
350.1691709999996
350.3308899999996
350.4947329999996
350.6825719999996
350.8596509999996
351.0217799999996
351.1840799999996
351.3441169999996
351.5104039999996
351.67204599999957
351.83368399999955
351.9946309999996
352.1606639999996
352.3171429999996
352.4726649999996
352.6378909999996
352.7991879999996
352.9548519999996
353.1192599999996
353.2756379999996
353.4353629999996
353.5942709999996
353.7554089999996
353.9247199999996
354.0805339999996
354.2354919999996
354.3916969999996
354.5503139999996
354.7029849999996
354.8618509999996
355.0145899999996
355.1761629999996
355.32906599999956
355.48995799999955
355.65401499999956
355.81453099999953
355.97298699999953
356.12902599999956
356.28674199999955
356.44231999999954
356.59857199999954
356.75330999999954
356.90794299999953
357.0633399999995
357.2211969999995
357.3788889999995
357.5379699999995
357.6960309999995
357.8590309999995
358.0194929999995
358.1793849999995
358.3408309999995
358.49975299999954
358.66868099999954
358.82710799999955
358.98734199999956
359.14618499999955
359.3015689999996
359.4645879999996
359.6236369999996
359.78196799999955
359.93961799999954
360.10521599999953
360.26697899999954
360.42851399999955
360.58688899999953
360.7461639999995
360.90301299999953
361.05779099999955
361.22482999999954
361.37875499999956
361.53548099999955
361.69685599999957
361.8575769999996
362.0124659999996
362.1679129999996
362.3269849999996
362.4886619999996
362.64700899999957
362.80689499999954
362.96760199999954
363.12432099999955
363.27925199999953
363.43849199999954
363.5938069999995
363.7507339999995
363.9451629999995
364.09895199999954
364.2582039999995
364.4162309999995
364.57459499999953
364.7318619999995
364.8949869999995
365.0538529999995
365.2076079999995
365.3670069999995
365.5256469999995
365.6841059999995
365.85047099999946
366.00906099999946
366.17051499999945
366.33578999999946
366.49415899999946
366.6780929999995
366.90119199999947
367.1204299999995
367.3211669999995
367.52391899999947
367.73981599999945
367.94644499999947
368.17033399999946
368.38307099999946
368.5919539999995
368.8110309999995
369.0300669999995
369.25849299999953
369.47212899999954
369.70186299999955
369.92984799999954
370.14156699999955
370.35637399999956
370.57176599999957
370.77649299999956
371.0045349999996
371.2205599999996
371.43472199999957
371.65750599999956
371.8862189999996
372.1073049999996
372.3343159999996
372.5511799999996
372.7727859999996
372.9873209999996
373.20874299999963
373.43144899999965
373.64838799999967
373.8658309999997
374.0894199999997
374.3098099999997
374.5474159999997
374.7739889999997
374.9959719999997
375.21865299999973
375.43365599999976
375.66364699999974
375.88417399999975
376.09864899999974
376.32233199999973
376.55226199999976
376.77083899999974
376.9951119999997
377.2173379999997
377.4394129999997
377.64989499999973
377.8828529999997
378.11087199999974
378.3179019999997
378.5354169999997
378.75231199999973
378.9651289999997
379.1785359999997
379.3900679999997
379.6210079999997
379.8404519999997
380.0492529999997
380.2595279999997
380.46827099999973
380.69216799999975
380.91186599999975
381.13119799999976
381.3593289999998
381.5910679999998
381.8083789999998
382.01823899999977
382.22191099999975
382.42615599999976
382.64849299999975
382.8596889999997
383.06447099999974
383.27887499999974
383.46734899999973
383.6687729999997
383.8701639999997
384.0817999999997
384.2832799999997
384.4737689999997
384.65347199999974
384.84628399999974
385.05161599999974
385.2481979999997
385.4583019999997
385.67098799999974
385.87080199999974
386.0875089999997
386.3081369999997
386.5273369999997
386.7493829999997
386.9628859999997
387.17846999999966
387.38928299999964
387.6084419999996
387.8332259999996
388.0398429999996
388.2727309999996
388.5008709999996
388.7369369999996
388.96184599999964
389.1906009999996
389.41479399999963
389.6406659999996
389.8554809999996
390.0751459999996
390.2942379999996
390.5097669999996
390.7157019999996
390.9272129999996
391.1373879999996
391.3636049999996
391.5856409999996
391.81890499999963
392.04642999999965
392.26263399999965
392.47613699999965
392.6760079999996
392.89431999999965
393.10734699999966
393.34064199999966
393.5626929999997
393.7683319999997
393.9736199999997
394.1522129999997
394.36128699999966
394.57705199999964
394.7996569999996
395.02242999999964
395.23512499999964
395.4487949999996
395.6764879999996
395.8895379999996
396.11019499999964
396.3402499999996
396.5613439999996
396.7742159999996
396.99329699999964
397.21808499999963
397.44130499999966
397.65261099999964
397.88256699999965
398.11140699999964
398.34160799999967
398.56944099999964
398.78620599999965
399.00706999999966
399.26510499999966
399.49200499999966
399.72003899999964
399.9453499999996
400.1657749999996
400.3934189999996
400.6345019999996
400.8582749999996
401.0787799999996
401.28418899999957
401.4918369999996
401.6961309999996
401.9126479999996
402.1160789999996
402.3214609999996
402.5218219999996
402.7341829999996
402.9445049999996
403.1413629999996
403.3525809999996
403.5614279999996
403.78205599999956
403.99635299999954
404.19620699999956
404.38368699999955
404.58154299999956
404.78537399999954
404.99901299999954
405.20969699999955
405.41325499999954
405.6052419999995
405.8054409999995
406.0159029999995
406.24270899999954
406.44860499999953
406.65555299999954
406.88544399999955
407.1047929999996
407.31411799999955
407.54010299999953
407.74573999999956
407.95676399999957
408.1627229999996
408.37438799999956
408.59034699999955
408.80240899999956
409.00290199999955
409.21424299999956
409.43022799999954
409.65053199999954
409.86311099999955
410.07162199999954
410.28622899999954
410.49216399999955
410.69958799999955
410.9132849999996
411.13672499999956
411.32720699999953
411.5358749999995
411.77643799999953
411.98631599999953
412.20902399999954
412.41304799999955
412.57236599999953
412.73315599999955
412.89654499999955
413.0491799999995
413.20679899999953
413.37022299999956
413.52920499999954
413.6923739999995
413.8616839999995
414.0244399999995
414.18754799999954
414.35492299999953
414.5206999999995
414.6898809999995
414.8523839999995
415.0180519999995
415.1949259999995
415.3723559999995
415.5359069999995
415.69378899999947
415.8618579999995
416.03025199999945
416.2061709999995
416.3793049999995
416.54584799999947
416.71401599999945
416.87647799999945
417.04246899999947
417.20599999999945
417.36485499999947
417.53029299999946
417.70220099999943
417.87877499999945
418.04412799999943
418.20830099999944
418.3734939999994
418.54004599999945
418.71632799999946
418.8828399999995
419.0565809999995
419.2249349999995
419.3997189999995
419.5684769999995
419.7390239999995
419.9125849999995
420.08585299999953
420.25726699999956
420.42657999999955
420.59385499999956
420.7664229999996
420.9359349999996
421.1032739999996
421.2775789999996
421.4554859999996
421.6375669999996
421.8123529999996
421.9853499999996
422.1515479999996
422.3203389999996
422.4888869999996
422.6548809999996
422.8235529999996
422.9869059999996
423.1542769999996
423.3316649999996
423.5027469999996
423.6691959999996
423.8374819999996
423.99854799999963
424.1600549999996
424.3204719999996
424.4758089999996
424.6264499999996
424.78299899999956
424.93857999999955
425.10266599999954
425.26171299999953
425.43268299999954
425.60357099999953
425.76691199999954
425.93399299999953
426.09415199999955
426.2511139999996
426.4160989999996
426.5716509999996
426.7261579999996
426.8797079999996
427.0430319999996
427.1955219999996
427.3473479999996
427.5035959999996
427.6631759999996
427.8223579999996
427.98066999999963
428.15381899999966
428.30901599999964
428.45931999999965
428.61219499999964
428.7625999999996
428.91789999999963
429.07579499999963
429.22756199999964
429.38551399999966
429.54254899999967
429.69972799999965
429.84632499999964
430.01206699999966
430.1717549999997
430.3290789999997
430.4786269999997
430.6258949999997
430.7764219999997
430.9355219999997
431.0841719999997
431.2346929999997
431.3805359999997
431.52894199999974
431.67689699999977
431.82389599999976
431.97157599999974
432.11575599999975
432.2602659999998
432.40585099999976
432.54692199999977
432.6966119999998
432.8454039999998
432.9819109999998
433.1242439999998
433.2658469999998
433.4010269999998
433.5465579999998
433.68178399999977
433.81907699999977
433.9845099999998
434.12518499999976
434.30336999999975
434.47835699999973
434.66479699999974
434.8514299999997
435.0292889999997
435.21011999999973
435.3886419999997
435.5577939999997
435.7216079999997
435.8960729999997
436.05537499999974
436.22789799999975
436.42123399999974
436.60353099999975
436.77878799999974
436.9535109999997
437.1285019999997
437.3164559999997
437.4991129999997
437.6759299999997
437.8594829999997
438.0299619999997
438.2005839999997
438.3741269999997
438.5294729999997
438.6852949999997
438.8472069999997
439.0114649999997
439.1669089999997
439.3331849999997
439.5243719999997
439.6923329999997
439.8535269999997
440.0292819999997
440.2095129999997
440.3703919999997
440.5429289999997
440.7116889999997
440.8870319999997
441.0661489999997
441.2463729999997
441.4253889999997
441.5916859999997
441.7603989999997
441.95752999999974
442.14223499999974
442.3343839999997
442.5209129999997
442.7055599999997
442.8741479999997
443.05420699999974
443.2447719999997
443.4484879999997
443.6377999999997
443.8330209999997
444.0314339999997
444.2586519999997
444.4902599999997
444.7001509999997
444.9143289999997
445.12537599999973
445.33380899999975
445.54629099999977
445.7564309999998
445.9717279999998
446.1756809999998
446.3903649999998
446.6292619999998
446.85833599999984
447.07581899999985
447.27960199999984
447.47955099999984
447.7008979999998
447.90079899999984
448.1029659999998
448.3093849999998
448.4952149999998
448.7061919999998
448.9417209999998
449.1719579999998
449.4110219999998
449.6487179999998
449.8681539999998
450.09524199999976
450.3198609999998
450.53654299999977
450.76853699999975
450.99555899999973
451.21576699999974
451.4464339999997
451.67995099999973
451.9087019999997
452.1367969999997
452.35713899999973
452.57721199999975
452.7981579999998
453.0239259999998
453.2339909999998
453.4457119999998
453.6645039999998
453.8921859999998
454.1062859999998
454.3218579999998
454.5488379999998
454.7555689999998
454.96850099999983
455.1799819999998
455.3930009999998
455.6134889999998
455.8211619999998
456.0290079999998
456.2472459999998
456.4519379999998
456.6697949999998
456.8839699999998
457.1189029999998
457.36630599999984
457.6084129999998
457.8583979999998
458.1090269999998
458.3494759999998
458.5954979999998
458.7972619999998
459.01145999999983
459.23112499999985
459.46556699999985
459.68024699999984
459.94476599999985
460.1732089999999
460.4003909999999
460.6588379999999
460.9193279999999
461.1557679999999
461.4264809999999
461.6942039999999
461.9396149999999
462.18784399999987
462.4283359999999
462.6648969999999
462.9243999999999
463.17639199999985
463.42536399999983
463.66423299999985
463.89713199999983
464.1294679999998
464.3712479999998
464.6038729999998
464.8162289999998
465.0459109999998
465.2925639999998
