0.025234
0.116759
0.23219800000000002
0.337054
0.433923
0.537058
0.649957
0.763648
0.862733
0.954121
1.04565
1.135431
1.224931
1.32677
1.419409
1.5078079999999998
1.6005709999999997
1.6983089999999998
1.7879099999999999
1.8681079999999999
1.9638779999999998
2.0371919999999997
2.119839
2.193704
2.280878
2.353656
2.471616
2.585586
2.669785
2.756014
2.847468
2.933459
3.016938
3.101354
3.1851540000000003
3.2710480000000004
3.3546390000000006
3.4416470000000006
3.5340380000000007
3.6362290000000006
3.7247730000000008
3.832026000000001
3.938450000000001
4.027832000000001
4.137911000000001
4.245063000000001
4.346076000000001
4.444086000000001
4.543595000000002
4.653691000000002
4.754790000000002
4.871190000000001
4.991323000000001
5.100506000000001
5.210309000000001
5.327808000000001
5.435094000000001
5.546311000000001
5.661686000000001
5.774465000000001
5.8850950000000015
5.996430000000002
6.108454000000002
6.216830000000002
6.323585000000001
6.434464000000001
6.541633000000001
6.652411000000001
6.7599670000000005
6.865042000000001
6.971118000000001
7.077799000000001
7.184217
7.303552000000001
7.409369000000001
7.510620000000001
7.623768000000001
7.733421000000001
7.839524000000001
7.948346000000001
8.065285000000001
8.173652
8.273103
8.382431
8.486715
8.610481
8.714938
8.813985
8.921787
9.025639
9.135435
9.245828999999999
9.352028999999998
9.460201999999999
9.560085999999998
9.669054
9.776287
9.877582
9.98989
10.1089
10.21967
10.341858
10.456
10.571323
10.680019999999999
10.795815999999999
10.908453999999999
11.020169
11.134426999999999
11.256118999999998
11.373925999999997
11.491461999999997
11.613534999999997
11.728103999999997
11.847586999999997
11.980124999999997
12.114442999999998
12.239980999999998
12.363955999999998
12.486134999999997
12.610095999999997
12.724519999999997
12.839347999999996
12.976072999999996
13.093889999999996
13.224320999999996
13.356627999999997
13.492540999999997
13.631157999999997
13.772924999999997
13.913026999999998
14.045217999999998
14.180492
14.309906
14.437282999999999
14.564499999999999
14.693487999999999
14.826227
14.956187
15.086782
15.215852
15.35629
15.490753999999999
15.626866
15.757886
15.893796
16.028379
16.159436
16.295549
16.425313000000003
16.555605000000003
16.689958000000004
16.851404000000006
16.987155000000005
17.128560000000004
17.265822000000004
17.415212000000004
17.553971000000004
17.690336000000006
17.835493000000007
17.972119000000006
18.110890000000005
18.243681000000006
18.384070000000005
18.518515000000004
18.655129000000006
18.788291000000005
18.928064000000006
19.059671000000005
19.195670000000007
19.334289000000005
19.467256000000006
19.611751000000005
19.754189000000004
19.892890000000005
20.041731000000006
20.183817000000005
20.328902000000006
20.468414000000006
20.610443000000007
20.741789000000008
20.87370900000001
21.016237000000007
21.15273000000001
21.28843100000001
21.42029600000001
21.56832800000001
21.71738800000001
21.85709000000001
21.998674000000012
22.141066000000013
22.279128000000014
22.429006000000015
22.574685000000017
22.702954000000016
22.831987000000016
22.962635000000017
23.092650000000017
23.229591000000017
23.368660000000016
23.505448000000015
23.639055000000017
23.77166000000002
23.906426000000017
24.041123000000017
24.166257000000016
24.294852000000017
24.413001000000015
24.532807000000016
24.660776000000016
24.792165000000015
24.917302000000014
25.039536000000012
25.159359000000013
25.299930000000014
25.420032000000013
25.576104000000015
25.699312000000017
25.827064000000018
25.95170200000002
26.08227700000002
26.21907300000002
26.34542900000002
26.48179100000002
26.60189500000002
26.72584200000002
26.85790600000002
26.99631500000002
27.12936600000002
27.25327800000002
27.37154600000002
27.48877100000002
27.631806000000022
27.75176200000002
27.87297700000002
27.99258300000002
28.114308000000023
28.24902200000002
28.377607000000022
28.49767400000002
28.617076000000022
28.73804500000002
28.87041700000002
29.001940000000022
29.12736700000002
29.26208900000002
29.385141000000022
29.503562000000024
29.636067000000022
29.75703000000002
29.87715300000002
29.996307000000023
30.129866000000025
30.255121000000024
30.373710000000024
30.498388000000023
30.617111000000023
30.738160000000022
30.852033000000024
30.971862000000023
31.090759000000023
31.208786000000025
31.321263000000023
31.44784100000002
31.561350000000022
31.687919000000022
31.80654900000002
31.930565000000023
32.05205300000002
32.175240000000024
32.30054200000002
32.42033600000002
32.55330300000002
32.68542700000002
32.80895400000002
32.92549400000002
33.03686700000002
33.15074200000002
33.27075800000002
33.39102000000002
33.510131000000015
33.631388000000015
33.758642000000016
33.88065000000002
34.02233500000002
34.13953900000002
34.26861900000002
34.38436800000002
34.49417700000002
34.60927300000002
34.73035400000002
34.85444300000002
34.98096700000002
35.102372000000024
35.22232100000002
35.34082400000002
35.45906100000002
35.57535700000002
35.70494300000002
35.82732900000002
35.960627000000024
36.08858600000002
36.21132600000002
36.33187600000002
36.45414700000002
36.58795500000002
36.70961300000002
36.82687800000002
36.94552700000002
37.06682800000002
37.19157200000002
37.30657700000002
37.42543900000002
37.55017100000002
37.68049700000002
37.81070200000001
37.94148600000001
38.08298200000001
38.20017800000001
38.32824500000001
38.45369400000001
38.57751200000001
38.698354000000016
38.82468700000002
38.954782000000016
39.090964000000014
39.218651000000015
39.347912000000015
39.47105600000002
39.60195200000002
39.72632500000002
39.85114100000002
39.983088000000016
40.111471000000016
40.24677000000002
40.36840400000002
40.49513400000002
40.614555000000024
40.761163000000025
40.879040000000025
41.00037500000003
41.123701000000025
41.246872000000025
41.37210400000002
41.503725000000024
41.631539000000025
41.760727000000024
41.886439000000024
42.01499100000002
42.14158500000002
42.26089200000002
42.382277000000016
42.49996500000002
42.61478800000002
42.73475500000002
42.85611900000002
42.98306300000002
43.104463000000024
43.22654800000002
43.34683700000002
43.46237900000002
43.57842300000002
43.70071600000002
43.82119100000002
43.95720000000002
44.07162700000002
44.19671400000002
44.31746000000002
44.44054400000002
44.56314300000002
44.68528300000002
44.80939200000002
44.93532200000001
45.06106000000001
45.18137400000001
45.312415000000016
45.43589200000002
45.558869000000016
45.679856000000015
45.804105000000014
45.925550000000015
46.04100600000002
46.159348000000016
46.27721600000002
46.400013000000015
46.516610000000014
46.632607000000014
46.747321000000014
46.86105900000001
46.979889000000014
47.08668100000001
47.204037000000014
47.32127100000002
47.44552200000002
47.56078500000002
47.69248500000002
47.82509800000002
47.949128000000016
48.065812000000015
48.17645200000001
48.29011100000001
48.39888600000001
48.51413200000001
48.63547800000001
48.754353000000016
48.86719700000002
48.98182700000002
49.094586000000014
49.211213000000015
49.31954000000002
49.42993900000002
49.53429300000002
49.63974200000002
49.746864000000016
49.85214100000002
49.95424700000002
50.04864300000002
50.14876300000002
50.25443700000002
50.37023700000002
50.46557700000002
50.56169700000002
50.65470300000002
50.76118100000002
50.865112000000025
50.96614900000002
51.064052000000025
51.15945500000002
51.248130000000025
51.337318000000025
51.42642600000003
51.52184700000003
51.62498700000003
51.71721700000003
51.809526000000034
51.914369000000036
52.00650000000004
52.096573000000035
52.19634900000003
52.29434600000003
52.387178000000034
52.48397100000003
52.57581900000003
52.67904300000003
52.76690000000003
52.86728000000003
52.96309000000003
53.06190800000003
53.16201800000003
53.25905900000003
53.36443500000003
53.46408000000003
53.564949000000034
53.66489500000004
53.76640600000004
53.87172900000004
53.96620500000004
54.08390500000004
54.18543800000004
54.28614800000004
54.38813500000004
54.48484500000004
54.596577000000046
54.69559500000005
54.81378900000005
54.92046000000005
55.025716000000045
55.140160000000044
55.250810000000044
55.36393200000004
55.45954000000004
55.554555000000036
55.66224600000004
55.75250100000004
55.84511600000004
55.94680700000004
56.04807100000004
56.14399500000004
56.25796500000004
56.35625100000004
56.46831700000004
56.57734700000004
56.67701700000004
56.78523500000004
56.893830000000044
57.00997700000004
57.11100800000004
57.23150800000004
57.34891700000004
57.45689400000004
57.57629900000004
57.68614100000004
57.79186100000004
57.91378500000004
58.02587300000004
58.14802800000004
58.26039900000004
58.38273800000004
58.49104700000004
58.61018500000004
58.718686000000034
58.825229000000036
58.935468000000036
59.05371600000004
59.16652300000003
59.280209000000035
59.39438700000004
59.509237000000034
59.62242900000003
59.73482900000003
59.866377000000035
59.97405700000004
60.085487000000036
60.196630000000034
60.329299000000034
60.452604000000036
60.578880000000034
60.70029300000003
60.81761200000003
60.93857700000003
61.05084600000003
61.16607100000003
61.27678300000003
61.38604200000003
61.504686000000035
61.612505000000034
61.71901000000003
61.817923000000036
61.92558100000004
62.03086100000004
62.12966500000004
62.22756900000004
62.330067000000035
62.44509200000004
62.55034000000004
62.663330000000045
62.76416700000004
62.865644000000046
62.96905700000005
63.06687300000005
63.16566400000005
63.26530100000005
63.36230200000005
63.46315600000005
63.56652000000005
63.675339000000044
63.78790700000005
63.89431700000004
63.991688000000046
64.08250200000005
64.17589600000005
64.27287700000005
64.37322300000005
64.50107400000006
64.60507400000006
64.71041400000006
64.81069700000006
64.90957400000006
65.02103300000006
65.13271700000006
65.23459600000005
65.33720300000006
65.43797300000006
65.53950200000006
65.65515800000006
65.76161400000005
65.85696900000005
65.95236100000005
66.05460900000006
66.19010700000005
66.29017500000005
66.39080500000004
66.50236400000004
66.60709200000004
66.71366100000003
66.81609000000003
66.92470400000003
67.02932000000003
67.13831400000002
67.24150800000002
67.33789600000003
67.46511400000003
67.57230100000002
67.67798600000002
67.77617600000002
67.87479500000002
67.97439700000002
68.07686500000003
68.17287900000002
68.26618000000002
68.35874000000003
68.45352200000002
68.55288800000002
68.64708600000003
68.75621300000003
68.86177300000003
68.96198600000002
69.05154700000003
69.15057900000002
69.25723500000002
69.34664700000002
69.43491600000002
69.53057300000002
69.62688100000001
69.71647500000002
69.80364700000001
69.90345100000002
69.99867700000001
70.08571300000001
70.17483500000002
70.26384300000002
70.36222500000002
70.46071300000003
70.56862800000003
70.65629600000003
70.76076300000003
70.86399600000003
70.95733600000003
71.04998800000003
71.15014800000003
71.24269600000002
71.34178500000003
71.43418200000004
71.52523200000003
71.61906800000003
71.72789100000003
71.81893400000003
71.90442600000003
71.99452700000003
72.09014300000004
72.18400300000005
72.27233500000004
72.36956700000005
72.46230300000005
72.56086900000005
72.65604700000006
72.76647100000005
72.85818800000006
72.95006800000006
73.04164000000006
73.13871800000005
73.22700500000005
73.34578000000005
73.44639000000005
73.54238600000005
73.63949300000004
73.73145200000005
73.84024300000004
73.94587000000004
74.04152600000005
74.13450600000004
74.23783900000005
74.32911600000006
74.42743300000005
74.52763900000005
74.62771200000005
74.72711900000004
74.82595300000004
74.92315700000005
75.01956400000005
75.11663900000005
75.21745000000004
75.31618400000004
75.41985800000003
75.52480600000003
75.61886400000003
75.71129900000003
75.80076700000002
75.89501300000002
75.99669900000002
76.08659200000002
76.17398400000002
76.26728100000003
76.36083700000003
76.46444900000003
76.55880800000003
76.65723100000002
76.74640300000003
76.83754900000002
76.94224400000003
77.03225400000004
77.12444200000003
77.24487800000003
77.33629400000002
77.42685800000002
77.51225000000002
77.61097500000002
77.69490300000002
77.79621000000003
77.87787300000004
77.96360000000004
78.05435400000005
78.13674900000005
78.21951900000005
78.29721600000005
78.38376700000005
78.47235200000004
78.56135000000005
78.66574900000005
78.76782200000005
78.85648000000005
78.95676300000005
79.04757800000006
79.13347200000005
79.21885500000005
79.31408000000005
79.40041700000005
79.48554300000005
79.57567600000004
79.66497700000005
79.74437700000006
79.82034200000005
79.89387600000005
79.96988500000005
80.04816400000004
80.13648000000005
80.21510500000005
80.29455600000006
80.37134600000006
80.45286800000007
80.53160600000007
80.61491000000007
80.70488400000006
80.79238400000007
80.87022500000008
80.95473100000008
81.03381200000008
81.11613800000008
81.19408000000007
81.27269300000007
81.35472300000008
81.43764300000008
81.52124100000007
81.60304200000007
81.69965300000007
81.78214300000008
81.85727800000008
81.95168500000008
82.02374400000008
82.08672900000008
82.15613400000008
82.23228300000008
82.31119000000008
82.38581600000008
82.46283600000008
82.52907200000008
82.61778300000009
82.70682000000009
82.8007720000001
82.87582000000009
82.95325300000009
83.04095100000009
83.1136100000001
83.1942490000001
83.2733320000001
83.3477600000001
83.4147170000001
83.4876070000001
83.5669770000001
83.64412400000009
83.72365600000009
83.79345900000008
83.87032600000008
83.94292100000008
84.01927000000008
84.09402600000007
84.18193200000007
84.25609800000008
84.32513100000008
84.40718800000009
84.48176100000009
84.5509340000001
84.6218380000001
84.6939770000001
84.7987920000001
84.8910740000001
84.9739050000001
85.0462310000001
85.12915600000011
85.19823600000011
85.2704630000001
85.3385650000001
85.4129480000001
85.4866450000001
85.5640670000001
85.6635240000001
85.7411090000001
85.8264770000001
85.91463400000009
85.98685000000009
86.0598170000001
86.1293010000001
86.2132690000001
86.2845310000001
86.3580690000001
86.4455210000001
86.5194560000001
86.59494500000011
86.66809300000011
86.75446500000011
86.82639800000011
86.90117400000011
86.99513800000011
87.07713900000012
87.15764300000012
87.22958700000012
87.31536600000013
87.39373800000013
87.46659500000013
87.54402300000012
87.62069200000012
87.69916600000012
87.79826200000012
87.87722700000012
87.95471400000012
88.03339600000012
88.11215200000012
88.18329600000013
88.26963900000013
88.34530100000012
88.41631000000012
88.50100700000013
88.56973000000013
88.65680600000013
88.74284500000013
88.80629000000013
88.85515000000014
88.92190800000013
89.00247000000013
89.06049600000013
89.12427100000014
89.17590800000013
89.23963000000013
89.29722600000014
89.34592300000014
89.41767900000013
89.48946100000013
89.53910700000013
89.58806900000013
89.65334100000013
89.71792600000012
89.77341700000012
89.83161700000012
89.91791000000012
89.98955000000012
90.03401900000013
90.11543500000013
90.18408800000013
90.24845700000013
90.33189500000013
90.39645200000012
90.46353300000013
90.51610000000012
90.58437400000012
90.64511100000013
90.70517700000013
90.76568500000013
90.82536200000013
90.88713600000013
90.94802300000012
91.03985700000013
91.10419100000013
91.17700700000013
91.25971500000013
91.34021200000012
91.40913900000012
91.47948900000013
91.56126600000013
91.64099900000014
91.71165700000013
91.78547800000013
91.86712100000013
91.94460300000013
92.02575400000013
92.10801100000013
92.18832100000013
92.26359900000013
92.34562200000013
92.43551000000014
92.51825600000014
92.59528000000013
92.68052200000012
92.76563000000013
92.84867000000013
92.92804600000012
93.00940900000012
93.08569500000011
93.17533700000011
93.25216200000011
93.32989400000011
93.4125180000001
93.5108120000001
93.6096260000001
93.6992790000001
93.7856040000001
93.87477100000011
93.96394300000011
94.04372800000012
94.11840700000012
94.20483800000012
94.29271500000013
94.36683300000013
94.44080300000013
94.51354400000012
94.58969700000013
94.67321200000013
94.74668100000014
94.83196100000013
94.90316900000013
94.97965500000014
95.05355000000013
95.13108600000012
95.21277800000013
95.28713100000013
95.36165300000013
95.44009100000014
95.51598300000013
95.59606000000014
95.66674500000013
95.73913100000013
95.81451400000013
95.88900700000013
95.95943000000014
96.03549600000014
96.10632300000013
96.19272400000013
96.25691800000013
96.33374900000013
96.41802200000012
96.50995100000011
96.57551100000012
96.65429400000012
96.72092800000011
96.80463500000012
96.87876500000012
96.97281800000012
97.06510600000011
97.13372000000011
97.20632200000011
97.29011200000011
97.3848480000001
97.4457350000001
97.5134400000001
97.5787900000001
97.6387910000001
97.7069790000001
97.7704700000001
97.8345700000001
97.89918900000009
97.9660450000001
98.0300760000001
98.1050650000001
98.17960600000009
98.25822600000009
98.3420670000001
98.4175490000001
98.4961960000001
98.5635090000001
98.63238900000009
98.6963900000001
98.7897500000001
98.8689840000001
98.95391000000009
99.0403870000001
99.13384600000009
99.2213740000001
99.2914110000001
99.3772750000001
99.4633430000001
99.54595600000009
99.63523200000009
99.70889600000008
99.81672400000008
99.90332400000008
99.99185200000008
100.07538100000008
100.15769200000008
100.25765300000008
100.35062300000007
100.43909400000007
100.54205800000007
100.62544600000007
100.70738000000007
100.79309700000007
100.87406700000007
100.96326700000007
101.05728000000008
101.14115100000008
101.22552500000008
101.31841000000007
101.41319000000007
101.50779400000008
101.59865000000008
101.68203700000008
101.76129900000008
101.84523300000008
101.92841200000008
102.00624900000008
102.09223000000009
102.18044800000008
102.26691000000008
102.34721500000008
102.44795500000008
102.54190800000008
102.63136700000008
102.71797400000008
102.79944300000008
102.88017300000008
102.96745200000008
103.04863200000008
103.12977600000008
103.21371600000008
103.29956000000007
103.38591000000007
103.47165300000006
103.55398800000006
103.64281000000005
103.72824800000005
103.81281600000005
103.89131200000006
103.96879300000006
104.06244100000006
104.15022600000006
104.23751900000006
104.32739400000007
104.42246800000007
104.51414700000007
104.60181200000007
104.68537700000006
104.76674900000006
104.85082100000007
104.93246400000007
105.02341200000006
105.11707400000006
105.20544900000006
105.29457900000006
105.38278400000006
105.47733800000006
105.56530700000006
105.64918300000006
105.75129900000006
105.83448900000006
105.91617600000006
106.00155400000007
106.08592600000007
106.17946400000007
106.27329200000007
106.35784800000008
106.46434800000007
106.55457400000007
106.64542700000007
106.73516600000006
106.83349600000007
106.93451200000007
107.02797800000008
107.11900900000008
107.20395000000008
107.30470700000008
107.39603400000009
107.48008100000008
107.56714800000009
107.6497740000001
107.7298160000001
107.8158160000001
107.90315700000009
107.9936290000001
108.0939190000001
108.1882920000001
108.2840530000001
108.3665440000001
108.44815100000011
108.54662200000011
108.62405100000011
108.7064170000001
108.7888640000001
108.87352700000011
108.96217700000011
109.05144500000011
109.13231600000012
109.21736100000011
109.3037400000001
109.3898080000001
109.4714160000001
109.56256900000011
109.6486040000001
109.7323600000001
109.8231110000001
109.9067290000001
109.9936740000001
110.0923100000001
110.2019310000001
110.30933900000011
110.39707500000011
110.48868700000011
110.57809100000011
110.68995300000012
110.77785100000011
110.86052200000012
110.94412000000011
111.02862600000012
111.11361100000012
111.20137500000013
111.28305800000012
111.37605000000012
111.46345800000012
111.57446100000011
111.65650800000012
111.74146400000012
111.82494900000012
111.90867200000012
112.00816200000013
112.10628600000013
112.19384600000012
112.28118500000012
112.36429200000012
112.44688800000011
112.54089800000011
112.6234210000001
112.7089330000001
112.7996280000001
112.8929150000001
112.9781390000001
113.0596200000001
113.1534820000001
113.24122200000009
113.3292520000001
113.41477500000009
113.4999060000001
113.5852460000001
113.6892550000001
113.7845520000001
113.88394500000011
113.96966700000011
114.06630700000011
114.1531250000001
114.2426760000001
114.3297120000001
114.4340850000001
114.5206930000001
114.60870900000009
114.69270700000008
114.77905100000008
114.86934900000008
114.95932900000008
115.04979400000008
115.14419000000008
115.22696600000008
115.31267500000007
115.40276700000007
115.49809900000007
115.59837500000006
115.68226400000006
115.78377800000005
115.87217800000005
115.96319100000005
116.04753900000006
116.12910400000005
116.23164300000005
116.32375500000005
116.42228400000005
116.51033300000005
116.59978400000004
116.68758000000004
116.77101800000004
116.86615100000004
116.97095600000004
117.06075200000005
117.14745900000005
117.25204600000005
117.34322900000005
117.43086800000005
117.52743000000005
117.64075000000005
117.72610400000005
117.81069500000005
117.89338100000005
117.97566000000005
118.06086900000005
118.15235800000005
118.24044100000005
118.34461700000004
118.43904400000004
118.53138100000004
118.61603500000004
118.71185800000003
118.79797100000003
118.89695900000004
118.99025500000003
119.09106500000003
119.18298100000003
119.26815800000003
119.35813800000003
119.45894900000002
119.54841100000002
119.63223900000001
119.71879600000001
119.81665100000001
119.901284
120.002435
120.09752200000001
120.18162400000001
120.27651400000002
120.36863700000002
120.46335700000002
120.55761100000002
120.64623700000003
120.74554500000002
120.84041800000003
120.92515200000003
121.00677300000002
121.09430900000002
121.17530000000002
121.28141100000002
121.38971500000002
121.49173500000002
121.57745600000003
121.66715200000003
121.75697300000003
121.85959800000003
121.95547100000003
122.03926700000004
122.13407300000004
122.22959900000005
122.31682300000006
122.41041200000005
122.49908800000006
122.59658300000005
122.68174300000005
122.76220000000005
122.84619400000005
122.93776800000005
123.03605200000005
123.12074600000005
123.20442800000005
123.29094800000004
123.37645100000005
123.47543400000005
123.56195400000004
123.64700000000005
123.73165200000005
123.82396100000005
123.91156100000005
124.00104300000005
124.08944800000005
124.18379200000005
124.27262000000006
124.37269600000006
124.47114100000006
124.56398100000006
124.64998900000006
124.74451400000007
124.83487500000007
124.93906200000006
125.02488300000006
125.11913000000006
125.21067800000006
125.29962000000006
125.39009300000006
125.48855200000007
125.57670100000007
125.66066600000008
125.75509600000008
125.85238100000008
125.93951900000008
126.02290200000007
126.11912500000007
126.22945300000006
126.31407300000006
126.40905500000007
126.49296000000007
126.57931400000007
126.66658700000006
126.74894400000007
126.83481200000007
126.93115100000007
127.01517800000008
127.10154800000008
127.19056200000009
127.27599000000008
127.36558700000008
127.45333100000008
127.54287600000008
127.63265100000008
127.73581600000009
127.82434600000009
127.90904800000008
127.99693600000009
128.0922010000001
128.18376200000012
128.2837740000001
128.3678890000001
128.4505870000001
128.5415560000001
128.6195360000001
128.7016270000001
128.7867720000001
128.8902980000001
128.97168900000008
129.0581630000001
129.1579560000001
129.2345900000001
129.3134260000001
129.4063660000001
129.48770600000012
129.57311300000012
129.6755360000001
129.7783030000001
129.86382100000012
129.95867100000012
130.03940900000012
130.11955100000011
130.20629800000012
130.2848670000001
130.3639810000001
130.4453940000001
130.5251630000001
130.6051490000001
130.6895400000001
130.7661920000001
130.8501030000001
130.94285700000012
131.03304900000012
131.11995600000012
131.22037800000012
131.30688900000013
131.38794100000013
131.49069700000013
131.5718660000001
131.65606900000012
131.7498010000001
131.8351810000001
131.9204600000001
132.0298690000001
132.1229940000001
132.2327420000001
132.33496100000008
132.43008200000008
132.53423500000008
132.62946300000007
132.7259430000001
132.8241960000001
132.92101000000008
133.02027900000007
133.10854000000006
133.20865100000006
133.30889400000007
133.40761900000007
133.50080200000008
133.59524800000008
133.68277800000007
133.77652500000008
133.87360800000008
133.96875600000007
134.06769800000006
134.17898200000008
134.27158600000007
134.36527200000006
134.46695600000007
134.58651800000007
134.67915500000007
134.77390200000008
134.87216500000008
134.98719200000008
135.08170600000008
135.18795500000007
135.27387900000008
135.3833750000001
135.46760600000007
135.55325500000006
135.64536900000007
135.73842000000008
135.83108100000007
135.94933300000008
136.0390700000001
136.13261100000008
136.23374900000007
136.3500310000001
136.44153100000008
136.5429990000001
136.6358000000001
136.7328600000001
136.8289840000001
136.9199170000001
137.0142980000001
137.10310200000012
137.1909900000001
137.28282200000012
137.3858300000001
137.4732890000001
137.56906000000012
137.65840400000013
137.75529400000013
137.84373100000013
137.92935900000015
138.02114200000014
138.10913000000014
138.19803200000013
138.29129400000014
138.39374000000012
138.48439600000012
138.5842070000001
138.6819740000001
138.77004500000012
138.87746700000014
138.97447200000013
139.06182100000012
139.15176200000013
139.26371100000014
139.35698300000016
139.45218700000015
139.54162400000016
139.63661900000017
139.72620300000017
139.82488500000017
139.91826600000016
140.01135400000015
140.10175700000016
140.20839500000017
140.30648700000017
140.39464500000017
140.50215800000018
140.59781100000018
140.6930310000002
140.80035100000018
140.89476200000018
140.98994300000018
141.08608400000017
141.18920200000017
141.28770100000017
141.38864800000016
141.48307200000016
141.57259800000017
141.66427300000018
141.7586930000002
141.8583190000002
141.97335000000018
142.0772830000002
142.1659320000002
142.27687700000018
142.36418800000018
142.46139700000018
142.56611600000016
142.66243100000017
142.75498300000018
142.84556800000018
142.9456620000002
143.0504140000002
143.15648400000018
143.25979500000017
143.37182600000017
143.47797600000018
143.5993950000002
143.70339000000018
143.8047670000002
143.9065790000002
143.99931900000018
144.09359100000017
144.19458200000017
144.28732500000018
144.38370000000018
144.48273900000018
144.5875410000002
144.68298200000018
144.77756800000017
144.87669000000017
144.97927100000015
145.07901400000014
145.18255700000014
145.29180400000016
145.39177500000017
145.49360300000018
145.5960830000002
145.7014510000002
145.8011090000002
145.9113270000002
146.0061750000002
146.1104090000002
146.2106790000002
146.3070270000002
146.4071960000002
146.5096820000002
146.6152060000002
146.7131680000002
146.8128750000002
146.9241280000002
147.0204360000002
147.12507400000018
147.2205520000002
147.3117900000002
147.4057630000002
147.4952450000002
147.6011110000002
147.7021060000002
147.7848020000002
147.87320300000022
147.9679470000002
148.0628680000002
148.15169300000022
148.25611500000022
148.35020300000022
148.44148600000022
148.5437070000002
148.6328340000002
148.7323380000002
148.8280650000002
148.9211380000002
149.00678100000022
149.09895500000022
149.1907060000002
149.2790570000002
149.36661900000018
149.4679080000002
149.5586700000002
149.6577550000002
149.7497180000002
149.8419230000002
149.9255190000002
150.0185750000002
150.1240360000002
150.2239970000002
150.3169910000002
150.4107150000002
150.51001000000022
150.61175300000022
150.7064860000002
150.8045080000002
150.9038810000002
150.99651500000022
151.0907290000002
151.1895110000002
151.2798940000002
151.3752460000002
151.4858420000002
151.57381000000018
151.66615300000018
151.7565090000002
151.8514300000002
151.9663750000002
152.0584940000002
152.15276700000018
152.24620300000018
152.3515560000002
152.4375340000002
152.5405760000002
152.6325700000002
152.72766500000017
152.81607400000019
152.91081500000018
152.9972460000002
153.0846130000002
153.1704250000002
153.2537820000002
153.3533380000002
153.4452860000002
153.5318430000002
153.6140140000002
153.6948250000002
153.78978700000022
153.8655190000002
153.9585040000002
154.03358400000022
154.1234890000002
154.2040620000002
154.2786500000002
154.3514880000002
154.43738200000018
154.5336060000002
154.6138830000002
154.69629100000017
154.78403100000017
154.86841000000018
154.9503820000002
155.0390330000002
155.1280410000002
155.2157720000002
155.29930400000018
155.38089700000018
155.46084500000018
155.55347800000018
155.63093100000017
155.71233500000017
155.79225200000016
155.87484200000017
155.95767800000016
156.04624500000017
156.14309500000016
156.22887000000017
156.31192000000016
156.39571100000015
156.48306300000016
156.56448000000015
156.65131700000015
156.73295500000015
156.81691600000013
156.90499300000013
156.98941000000013
157.07711100000014
157.16044200000013
157.24553900000012
157.3460260000001
157.4357900000001
157.5213100000001
157.60518200000013
157.6974740000001
157.78526400000013
157.8683250000001
157.95410400000011
158.0473750000001
158.1315780000001
158.21763500000012
158.3026610000001
158.3988240000001
158.5030350000001
158.5986300000001
158.6927470000001
158.7802530000001
158.8635810000001
158.9465810000001
159.0295420000001
159.11652200000012
159.20529100000013
159.29625200000012
159.38730800000013
159.48189200000013
159.57236400000014
159.65953600000014
159.74994700000013
159.84633100000013
159.93709000000013
160.02725800000013
160.12307400000014
160.21776300000013
160.31136300000014
160.41831900000014
160.50951500000014
160.60282100000015
160.70335100000014
160.79058000000015
160.87975600000016
160.98262800000015
161.07559800000016
161.16583900000015
161.26562000000015
161.35772400000016
161.45098800000017
161.54856200000017
161.6473730000002
161.7565780000002
161.86484000000019
161.95361600000018
162.04837100000017
162.14832000000018
162.2440820000002
162.3383170000002
162.44372000000018
162.54101900000018
162.6390080000002
162.73602400000019
162.8390900000002
162.9301870000002
163.0430960000002
163.1406960000002
163.2557420000002
163.3620730000002
163.4702930000002
163.5778010000002
163.6884660000002
163.8042450000002
163.91196100000022
164.01675100000023
164.13013300000023
164.23712900000024
164.34560500000023
164.44787000000022
164.55261900000022
164.65665600000023
164.75522800000022
164.85910800000022
164.9559120000002
165.0528470000002
165.15472000000022
165.26099700000023
165.35770600000023
165.45312700000022
165.5515970000002
165.6483020000002
165.7526280000002
165.85030000000017
165.94557300000017
166.04166300000017
166.13896100000017
166.24246000000016
166.35189900000017
166.47161800000018
166.57022100000017
166.67908700000018
166.78918500000017
166.89024100000017
166.99189200000018
167.09354500000018
167.20555300000018
167.31059900000017
167.41934200000017
167.52275800000018
167.62698800000018
167.73096400000017
167.84406600000017
167.94965700000017
168.05858900000018
168.16201900000019
168.26639000000017
168.37864800000017
168.48777400000017
168.60038300000016
168.72919000000016
168.84050300000015
168.95745700000015
169.07195700000014
169.19350400000013
169.30712800000012
169.4241730000001
169.53733900000012
169.64542600000013
169.76838500000014
169.88052800000014
169.99595600000015
170.11528600000014
170.22499200000013
170.34098500000013
170.44777100000013
170.56210200000012
170.67777800000013
170.79065300000013
170.91374600000015
171.02701100000016
171.13444500000017
171.26772900000017
171.36694300000016
171.46975400000017
171.57693300000017
171.68119600000017
171.78739700000017
171.89089100000018
172.0049130000002
172.1196440000002
172.2269210000002
172.3252150000002
172.4224900000002
172.5242460000002
172.6246120000002
172.7236420000002
172.8261420000002
172.9221810000002
173.0228380000002
173.1188260000002
173.2273130000002
173.33427500000022
173.4336020000002
173.5281150000002
173.6223380000002
173.72542800000022
173.82499500000023
173.92670600000022
174.02998200000022
174.13742900000022
174.23516600000022
174.3551270000002
174.4611860000002
174.55509800000019
174.65496500000017
174.75570700000017
174.86199500000018
174.96843300000018
175.06789300000017
175.16920900000017
175.26675100000017
175.36332200000018
175.47197800000018
175.5737730000002
175.68416400000018
175.7889530000002
175.8826780000002
176.0025850000002
176.1040730000002
176.2082200000002
176.31038800000022
176.41646400000022
176.51551100000023
176.61274600000024
176.71800600000023
176.82871800000024
176.93099000000024
177.04223800000022
177.14272300000022
177.24930300000022
177.36563600000022
177.47428600000023
177.57508900000025
177.67727700000026
177.77864600000026
177.88214400000027
177.97964300000027
178.08436600000027
178.18507200000028
178.29120900000026
178.38763700000027
178.47864100000027
178.57494400000027
178.68568200000027
178.78622300000026
178.88266600000026
179.00034800000026
179.11118300000027
179.20171200000027
179.30266700000027
179.40262100000027
179.49777900000026
179.59352600000025
179.68517400000025
179.77855600000024
179.87591800000024
179.97254800000024
180.06436600000023
180.17001200000024
180.27838600000024
180.38786000000025
180.48641800000024
180.57928600000025
180.69105100000024
180.79452100000023
180.89485600000023
181.00556800000024
181.11436800000024
181.21952300000024
181.32277000000025
181.42983400000026
181.53026200000025
181.63272000000026
181.74767200000025
181.84551300000024
181.94577500000022
182.05116800000022
182.14940700000022
182.24412000000024
182.35184600000025
182.45905000000025
182.56690400000025
182.67529400000026
182.78717600000027
182.88965200000027
182.99971300000027
183.12924900000027
183.24866400000028
183.36477500000026
183.47379900000027
183.59013800000028
183.70225200000027
183.81577300000026
183.92152900000028
184.02825900000028
184.13585600000027
184.2462280000003
184.3541730000003
184.4731010000003
184.5903910000003
184.7027640000003
184.8213780000003
184.9358840000003
185.0466160000003
185.15917500000032
185.2694080000003
185.3778840000003
185.4929080000003
185.60694000000032
185.71938600000033
185.82907700000032
185.95231700000033
186.06971900000033
186.18574100000032
186.30790100000033
186.42092300000033
186.53879100000032
186.66901200000032
186.7960640000003
186.92416600000033
187.04501200000033
187.16130500000034
187.27816800000033
187.41250500000032
187.53240300000033
187.65291900000034
187.77048300000033
187.88169700000032
187.99803500000033
188.11167300000034
188.23028700000035
188.36421800000033
188.50807500000033
188.62880100000032
188.74989800000031
188.9001480000003
189.0306800000003
189.1466960000003
189.2638210000003
189.3826270000003
189.5067900000003
189.6343020000003
189.7500300000003
189.87231000000028
189.99353300000027
190.12422800000027
190.24291800000026
190.37857600000027
190.50687500000026
190.63107000000025
190.77304700000025
190.90789700000025
191.03220700000026
191.15886400000025
191.27655200000024
191.41195100000024
191.53524900000025
191.66102400000025
191.78018800000027
191.90949600000027
192.04745600000027
192.17948200000026
192.30564400000026
192.43371400000026
192.55811300000028
192.69398800000027
192.80683500000026
192.92569600000027
193.04704600000028
193.16586500000028
193.28761500000027
193.40734100000026
193.52446400000025
193.65658100000024
193.77272500000024
193.90882500000023
194.06060600000023
194.19998300000023
194.33411800000022
194.46614000000022
194.6002300000002
194.72427000000022
194.8568730000002
194.9866340000002
195.1177970000002
195.2490320000002
195.3819130000002
195.5087000000002
195.6380230000002
195.76873700000021
195.89961100000022
196.03495400000023
196.16034800000023
196.28816800000024
196.42185000000023
196.55219100000022
196.68508900000023
196.80315000000024
196.92226100000025
197.04386700000026
197.16382800000025
197.27785500000024
197.40087500000024
197.51862000000025
197.64487800000026
197.76155700000027
197.88235800000027
198.00581800000026
198.14174400000027
198.26466800000028
198.3836550000003
198.5006970000003
198.62975300000028
198.75676800000028
198.87660600000027
198.99554600000027
199.11633400000028
199.24166400000027
199.36985600000028
199.49350900000027
199.62859200000028
199.7534410000003
199.8811520000003
200.00360200000028
200.1226550000003
200.2506240000003
200.3695260000003
200.4832300000003
200.60653700000032
200.73627600000032
200.85982200000032
200.96847200000033
201.08195900000032
201.19343500000033
201.31032600000034
201.42208300000036
201.54396600000035
201.65618500000036
201.76863100000037
201.87972300000038
201.9958040000004
202.1109750000004
202.2219290000004
202.34586500000037
202.46641200000036
202.58740000000037
202.70246000000037
202.82075700000038
202.9466210000004
203.0535730000004
203.1629130000004
203.2837630000004
203.39769000000038
203.51502200000039
203.62505300000038
203.73522000000037
203.86646100000036
204.00787300000036
204.12522700000036
204.23673200000036
204.36974300000037
204.48979400000036
204.61590000000035
204.73883600000036
204.86487000000037
204.98671500000037
205.11022300000036
205.22792300000037
205.34928600000038
205.47155900000038
205.58945900000037
205.71350300000037
205.83437200000037
205.97296900000038
206.10477800000038
206.2293360000004
206.3559980000004
206.4833860000004
206.6039740000004
206.7247420000004
206.8461270000004
206.9722640000004
207.0930530000004
207.2178090000004
207.3381320000004
207.4852370000004
207.6160620000004
207.7508000000004
207.8859010000004
208.0174630000004
208.1513570000004
208.28684200000038
208.41433400000037
208.54383200000038
208.66917900000038
208.7906530000004
208.92254700000038
209.04542500000036
209.18748100000036
209.31569300000035
209.45477300000036
209.60321800000037
209.73618000000036
209.87984500000036
210.01474100000036
210.16409600000037
210.29498900000036
210.42433000000037
210.57599500000038
210.70334400000038
210.8340610000004
210.96394000000038
211.10117500000038
211.22630900000038
211.35201900000038
211.48283300000037
211.60821100000038
211.73068000000038
211.87268900000038
212.00342800000038
212.14296400000038
212.26900900000038
212.39862300000038
212.52547000000038
212.65435900000037
212.78310700000037
212.90166700000037
213.0372770000004
213.16214300000038
213.2824460000004
213.4010520000004
213.5218080000004
213.6369470000004
213.7622170000004
213.88259400000038
214.01664800000037
214.14267600000036
214.25571400000035
214.36662500000034
214.48814600000034
214.60052200000035
214.71328300000036
214.82958000000036
214.94134900000037
215.05930000000038
215.18269100000037
215.30247200000036
215.42480600000036
215.53256900000036
215.65904900000035
215.77259200000034
215.89341900000034
216.00622600000034
216.11380600000035
216.22801300000035
216.33463700000036
216.44433500000036
216.55192900000037
216.66923000000037
216.78139500000037
216.89865700000038
217.01079100000038
217.12534600000038
217.2334900000004
217.36048600000038
217.47828500000037
217.59738200000038
217.7284220000004
217.84414000000038
217.9564610000004
218.08725200000038
218.20350800000037
218.32969600000038
218.44356700000037
218.55238100000037
218.66108200000036
218.76638300000036
218.89155900000037
219.00801700000036
219.12394200000037
219.22693900000036
219.33460500000035
219.43557900000036
219.54504100000037
219.64937200000037
219.75427800000037
219.85669700000037
219.95417600000036
220.05915800000037
220.17315700000037
220.29229600000036
220.40547600000036
220.53671000000037
220.65261600000036
220.76765100000037
220.87646900000038
220.9866380000004
221.0924560000004
221.19806500000038
221.30313400000037
221.40248000000037
221.51434800000035
221.62643400000036
221.74086100000036
221.84932500000036
221.95599100000035
222.06284300000036
222.17276300000034
222.27973300000033
222.39150500000034
222.49396300000035
222.61048300000036
222.70751000000035
222.80739800000035
222.90864500000035
223.01300500000036
223.11184000000037
223.21154800000036
223.31467200000037
223.41498200000038
223.51696000000038
223.61808900000037
223.72419800000037
223.82174700000036
223.93041900000037
224.03237400000037
224.13619800000038
224.23822500000037
224.33747400000036
224.43409000000037
224.53950600000036
224.64031600000035
224.74005700000035
224.83839300000034
224.93716700000033
225.03923100000034
225.13536100000033
225.23189100000033
225.32588600000034
225.42349100000033
225.5237080000003
225.62430100000032
225.71919500000033
225.81147800000033
225.90884000000034
226.00291100000035
226.09297400000034
226.18795900000035
226.28393700000035
226.38469900000035
226.47754200000034
226.57173800000035
226.66512200000034
226.75604100000035
226.84368000000035
226.93569600000035
227.02640700000035
227.12172400000034
227.21164300000035
227.30825400000035
227.39620400000035
227.50529000000034
227.61504800000034
227.70862700000035
227.79918400000034
227.89431600000034
227.98119900000034
228.06965900000034
228.16115500000035
228.26495700000035
228.35752500000035
228.44398000000035
228.53220800000034
228.62532300000035
