0.020379
0.119953
0.23334500000000002
0.341445
0.451555
0.560611
0.666158
0.7718160000000001
0.8809760000000001
0.9901380000000001
1.115698
1.221743
1.3216510000000001
1.4262070000000002
1.5306390000000003
1.6304930000000004
1.7363950000000004
1.8584760000000005
1.9625670000000004
2.0558500000000004
2.1486620000000003
2.2447850000000003
2.3449380000000004
2.4343110000000006
2.5201560000000005
2.6012700000000004
2.6918580000000003
2.785569
2.857934
2.92871
3.0030200000000002
3.084944
3.1768080000000003
3.261213
3.337775
3.434012
3.5156270000000003
3.6108130000000003
3.6967570000000003
3.7806310000000005
3.8659380000000003
3.9469260000000004
4.037752
4.119800000000001
4.21529
4.307562000000001
4.403027000000001
4.492994
4.58605
4.698603
4.796289000000001
4.893571000000001
4.996593000000001
5.112714
5.223117
5.349581000000001
5.460752
5.573532
5.697164
5.804075
5.917145
6.023988999999999
6.136423
6.256047
6.3802639999999995
6.497128999999999
6.612583999999999
6.723114999999999
6.836952999999999
6.950879
7.070563999999999
7.179243
7.283625
7.3934619999999995
7.506309
7.613154
7.717861
7.82509
7.936496
8.04272
8.155596999999998
8.263433
8.371412
8.47871
8.583737
8.690116
8.794195
8.90678
9.014797
9.126259
9.230913999999999
9.339852999999998
9.446568999999998
9.556197
9.658717999999999
9.766186999999999
9.873695999999999
9.985093999999998
10.093887999999998
10.200708999999998
10.307387999999998
10.415198999999998
10.521483999999997
10.632329999999998
10.767836999999998
10.888811999999998
11.000975999999998
11.123968999999997
11.243341999999997
11.366311999999997
11.488370999999997
11.607067999999996
11.741983999999997
11.863593999999997
11.983941999999997
12.102287999999998
12.219116999999997
12.337798999999997
12.455036999999997
12.576090999999998
12.692682999999999
12.816344999999998
12.938233999999998
13.059461999999998
13.184548999999999
13.307205999999999
13.434491
13.558008
13.68775
13.809429
13.929765
14.049180999999999
14.177192999999999
14.306021999999999
14.436816999999998
14.562475999999998
14.693262999999998
14.816561999999998
14.943561999999998
15.067144999999998
15.203902999999999
15.332166999999998
15.459985999999999
15.590228
15.72851
15.858386
15.984964999999999
16.117067
16.246755
16.371598
16.499665
16.651273
16.779366
16.916133
17.053624
17.180035999999998
17.313086
17.446762
17.589274
17.73191
17.855155
17.983665
18.121291
18.260547
18.394377
18.524801
18.663654
18.798032000000003
18.928345000000004
19.064162000000003
19.188980000000004
19.321386000000004
19.456636000000003
19.595124000000002
19.737549
19.886462
20.016748000000003
20.152093000000004
20.292550000000006
20.428079000000004
20.573275000000002
20.712713
20.851945
20.992922
21.130385
21.260421
21.394399
21.52614
21.658452
21.785235
21.909463
22.032104
22.157196
22.282014999999998
22.407227999999996
22.539052999999996
22.672609999999995
22.805025999999994
22.932858999999993
23.06327299999999
23.18544199999999
23.30884499999999
23.43036499999999
23.55769399999999
23.68587299999999
23.81720199999999
23.95721499999999
24.08154799999999
24.21083099999999
24.35535099999999
24.480576999999993
24.60753499999999
24.727441999999993
24.85619399999999
24.98277599999999
25.11197599999999
25.24421199999999
25.379726999999992
25.506029999999992
25.638133999999994
25.762520999999992
25.885219999999993
26.027508999999995
26.165661999999994
26.282675999999995
26.405860999999994
26.525075999999995
26.662959999999995
26.788755999999996
26.915367999999997
27.040474999999997
27.164184999999996
27.286369999999998
27.407928
27.528212
27.648174
27.766260000000003
27.889663000000002
28.006163
28.140886000000002
28.261108
28.393039
28.51002
28.628221
28.745418
28.865324
28.988523
29.115221000000002
29.227551000000002
29.351204000000003
29.47687
29.5939
29.710880000000003
29.829104000000005
29.943929000000004
30.060480000000005
30.176365000000004
30.301544000000003
30.420549000000005
30.538713000000005
30.656423000000004
30.769634000000003
30.895672000000005
31.011039000000004
31.126134000000004
31.237909000000005
31.351578000000007
31.471858000000008
31.590702000000007
31.707396000000006
31.825573000000006
31.945984000000006
32.06639700000001
32.184416000000006
32.29778900000001
32.42256300000001
32.54337000000001
32.66689500000001
32.79873900000001
32.91476800000001
33.03711400000001
33.15643300000001
33.272406000000004
33.40105200000001
33.54301000000001
33.66929100000001
33.794731000000006
33.932484
34.062142
34.191342
34.329797
34.450043
34.591555
34.710934
34.836904000000004
34.961514
35.089777
35.214903
35.344969999999996
35.479462
35.610417999999996
35.734956
35.862151999999995
35.980492
36.099194999999995
36.22163
36.356384
36.479366
36.604532999999996
36.72720399999999
36.85374399999999
36.97857199999999
37.10088999999999
37.220062999999996
37.338373999999995
37.469103999999994
37.593841
37.718424
37.849643
37.980218
38.100318
38.222872
38.33731
38.459677
38.584289999999996
38.703419999999994
38.82016899999999
38.944067999999994
39.07236999999999
39.19860899999999
39.32354099999999
39.44368299999999
39.562647999999996
39.686898
39.815447999999996
39.93730299999999
40.077194999999996
40.20606599999999
40.32759299999999
40.449135999999996
40.573415999999995
40.695291999999995
40.81644599999999
40.93982799999999
41.06524699999999
41.199380999999995
41.320257999999995
41.437726
41.56728
41.682095999999994
41.798275999999994
41.923823999999996
42.042232
42.158808
42.293369
42.412217
42.541094
42.667832000000004
42.782911000000006
42.90250400000001
43.03239400000001
43.14543500000001
43.27701500000001
43.41794400000001
43.539501000000016
43.667887000000015
43.792102000000014
43.90558900000001
44.022562000000015
44.14454600000001
44.26360300000001
44.38853400000001
44.50583600000001
44.627190000000006
44.741989000000004
44.864231000000004
44.980983
45.101438
45.217237000000004
45.36082700000001
45.47380300000001
45.59404700000001
45.71358200000001
45.82957500000001
45.94611600000001
46.06455800000001
46.17815000000001
46.29135500000001
46.40480200000001
46.51786300000001
46.63490700000001
46.746496000000015
46.857703000000015
46.97134900000002
47.08614700000002
47.197938000000015
47.314484000000014
47.428035000000015
47.530828000000014
47.63961900000001
47.749018000000014
47.85833400000001
47.96259400000001
48.06556300000001
48.16027100000001
48.25761100000001
48.38468300000001
48.48327800000001
48.59289600000001
48.69329600000001
48.78990100000001
48.88434800000001
48.98330100000001
49.074939000000015
49.16715100000002
49.25441400000002
49.34285000000002
49.43617500000002
49.53294500000002
49.62581600000002
49.72318900000002
49.81344400000002
49.914915000000015
49.998941000000016
50.09074600000002
50.17810200000002
50.26728900000002
50.36633700000002
50.44937100000002
50.54010800000002
50.62560600000002
50.72180500000002
50.82557400000002
50.92190500000002
51.03506800000002
51.12804400000002
51.228327000000014
51.334482000000015
51.42432400000001
51.519447000000014
51.622985000000014
51.720835000000015
51.81488000000002
51.916474000000015
52.02998200000002
52.12848400000002
52.23262100000002
52.33119500000002
52.44245300000002
52.54758400000002
52.64776800000002
52.74919000000002
52.85770900000002
52.97154100000002
53.073258000000024
53.17847200000002
53.28071400000002
53.388804000000015
53.48441000000001
53.60119000000001
53.70397000000001
53.80723900000001
53.91819400000001
54.01998400000001
54.13024000000001
54.23399700000001
54.34089900000001
54.44828300000001
54.54505100000001
54.65880100000001
54.76500700000001
54.87942300000001
54.99526500000001
55.112727000000014
55.233950000000014
55.34467700000001
55.44673300000001
55.55396600000001
55.65489600000001
55.77245400000001
55.88151500000001
56.00291500000001
56.11083200000001
56.22709000000001
56.36039500000001
56.48884300000001
56.61519900000001
56.75449600000001
56.87194000000001
56.98848300000001
57.10852500000001
57.22086300000001
57.34075200000001
57.44893300000001
57.56318700000001
57.67814100000001
57.79598400000001
57.91256100000001
58.02799900000001
58.14800100000001
58.25442600000001
58.36308400000001
58.472018000000006
58.589208000000006
58.702178
58.846142
58.959778
59.074609
59.188506000000004
59.309751000000006
59.421169000000006
59.538462
59.648858000000004
59.756679000000005
59.864579000000006
59.967020000000005
60.065375
60.170511000000005
60.27084800000001
60.36845300000001
60.47622400000001
60.582921000000006
60.68730300000001
60.78916300000001
60.88470800000001
60.98133800000001
61.08226700000001
61.18245900000001
61.27740100000001
61.37423900000001
61.48300700000001
61.57513600000001
61.66624100000001
61.759817000000005
61.868036000000004
61.963556000000004
62.05598200000001
62.15178800000001
62.24397500000001
62.357134000000016
62.464610000000015
62.56905200000001
62.676529000000016
62.77686900000002
62.88135700000002
62.98604600000002
63.08689400000002
63.19168300000002
63.29345700000002
63.39135700000002
63.48801500000002
63.584144000000016
63.68150100000002
63.77959700000002
63.87780100000002
63.97152400000002
64.07634100000001
64.16632900000002
64.27073200000002
64.36203200000003
64.46605200000003
64.55966400000003
64.67506600000003
64.79328500000003
64.90335100000003
65.00742300000003
65.12256500000004
65.23558200000004
65.33416700000004
65.43481000000004
65.53370200000005
65.63152500000005
65.73148100000006
65.84092700000006
65.93630900000007
66.05662900000007
66.15743500000008
66.26533100000007
66.37393300000008
66.47728400000008
66.57671800000008
66.67837400000009
66.7824330000001
66.88437500000009
66.97947800000009
67.07854400000008
67.17882500000007
67.28305600000007
67.37932400000007
67.49838300000006
67.58861500000006
67.69392200000006
67.79206600000006
67.88556800000006
67.99462100000007
68.10679100000007
68.19653300000007
68.29815200000007
68.39411100000007
68.48285500000007
68.59417300000007
68.68642900000008
68.77226300000008
68.86405700000007
68.95285300000008
69.04000600000008
69.13556100000008
69.23946100000008
69.33621500000008
69.42913200000008
69.52936400000009
69.63198600000008
69.72908200000008
69.82970500000008
69.92568600000007
70.01795400000007
70.11120800000008
70.20460100000008
70.30543900000008
70.40134800000008
70.48653400000008
70.58201900000007
70.67718600000008
70.77040700000008
70.85426000000008
70.94660100000009
71.03041900000008
71.11540400000008
71.20377800000009
71.30665000000009
71.39407600000008
71.49775600000008
71.57985100000008
71.67454500000008
71.75610600000007
71.85352400000008
71.94514600000008
72.04283700000008
72.15310500000008
72.24800400000008
72.33952200000007
72.44553600000008
72.53257700000007
72.61995200000007
72.71846200000007
72.81369200000007
72.90143300000007
72.98758900000007
73.07072300000007
73.16192500000007
73.24231800000007
73.32164400000006
73.40964500000007
73.49982000000007
73.57693900000007
73.65528600000006
73.73724200000007
73.82775900000007
73.91627300000007
74.00202000000007
74.09206800000007
74.17762100000007
74.26320300000008
74.34332500000008
74.42408800000008
74.50641100000009
74.59550600000009
74.69564400000009
74.77643600000009
74.85953200000009
74.94404200000008
75.03532100000008
75.11707600000008
75.19837600000008
75.26997800000008
75.35303100000009
75.42915100000009
75.50003800000009
75.57126900000009
75.65990900000008
75.74672900000009
75.81211000000009
75.90622500000009
75.9723710000001
76.0549350000001
76.1364110000001
76.2223860000001
76.2992800000001
76.3833070000001
76.4601260000001
76.53894100000011
76.61841700000011
76.69269700000011
76.76579900000011
76.83812400000012
76.92063800000012
77.00003900000013
77.06764000000013
77.18078000000013
77.25503200000013
77.32798900000013
77.40257100000014
77.48425000000013
77.56215600000013
77.63787800000013
77.71088700000013
77.78399500000013
77.86129700000014
77.96908100000013
78.04133100000013
78.12878800000013
78.20918100000013
78.28940500000013
78.36694100000012
78.44333600000013
78.53002900000013
78.60481200000012
78.68958000000012
78.76076600000012
78.84016000000011
78.91333300000011
78.9871300000001
79.0633990000001
79.14680200000011
79.22253400000011
79.30209900000011
79.3920130000001
79.47326000000011
79.54302500000011
79.61923800000011
79.70435300000011
79.77536200000011
79.84796300000012
79.91835400000012
79.99294000000012
80.07301600000012
80.17571200000012
80.24882800000012
80.32958300000011
80.40031100000012
80.47910300000012
80.55675600000012
80.63740400000012
80.72855000000011
80.79900900000011
80.87613300000011
80.96022400000011
81.04892300000012
81.13480100000011
81.20591800000011
81.29291500000011
81.3718070000001
81.4463200000001
81.5235570000001
81.6051590000001
81.6832380000001
81.7636540000001
81.8518890000001
81.9428230000001
82.0202730000001
82.1007390000001
82.2026190000001
82.28497900000009
82.37361300000009
82.45068200000009
82.53265900000008
82.61146400000008
82.68807000000008
82.76521200000008
82.85632200000008
82.92351400000008
83.00435100000009
83.06930300000009
83.15070300000009
83.2160430000001
83.28045900000009
83.33410200000009
83.3948320000001
83.4530430000001
83.5250360000001
83.5814350000001
83.6515540000001
83.7144370000001
83.7628640000001
83.8258660000001
83.87946000000011
83.94818400000011
84.00789800000011
84.0636790000001
84.1223930000001
84.1837400000001
84.2492100000001
84.3214360000001
84.3732020000001
84.42218500000011
84.4841980000001
84.5423490000001
84.5925280000001
84.65901600000011
84.71753400000011
84.76815800000011
84.84495800000012
84.90630800000012
84.97558200000012
85.02526100000011
85.08843200000011
85.16045500000011
85.22924200000011
85.28181100000012
85.34627800000011
85.3973990000001
85.45949300000011
85.51899700000011
85.57995300000012
85.64598000000012
85.69796400000013
85.78255000000013
85.85238000000012
85.91447700000012
85.97016700000012
86.03111400000012
86.09360600000012
86.17378800000012
86.25648800000012
86.31363800000011
86.3728310000001
86.4447190000001
86.51237400000011
86.57753000000011
86.65225900000011
86.73012700000011
86.7966090000001
86.8715370000001
86.9431750000001
87.0202340000001
87.0969520000001
87.1667220000001
87.2708530000001
87.3384310000001
87.4115040000001
87.5025290000001
87.5733030000001
87.64605400000009
87.72588000000009
87.8136330000001
87.8954380000001
87.9767450000001
88.05965000000009
88.14417000000009
88.22338400000008
88.29979800000008
88.38710900000008
88.46730300000009
88.54517600000008
88.62397000000009
88.70711800000008
88.80761600000008
88.89902400000008
88.97702900000009
89.06908900000009
89.14828400000009
89.2296100000001
89.3078360000001
89.39626900000009
89.48664900000009
89.56693700000008
89.66427100000008
89.75409200000009
89.84846900000008
89.92849700000008
90.00884700000007
90.11036700000007
90.20748900000007
90.29223400000006
90.38123400000006
90.46676100000006
90.56201800000007
90.64820700000007
90.72934000000006
90.80722100000007
90.89552000000008
90.98285400000007
91.06202600000007
91.14789800000007
91.22721100000007
91.30513800000007
91.38768100000007
91.47600300000008
91.58190200000007
91.66187800000007
91.74568700000007
91.83031600000008
91.92373600000008
92.00184300000008
92.09476400000008
92.18686500000008
92.26905600000008
92.34383200000008
92.43205600000007
92.51151600000007
92.59089800000007
92.68545600000007
92.77576200000007
92.85203300000008
92.93170700000007
93.02112800000008
93.11809700000008
93.20972600000007
93.28976300000008
93.37484400000008
93.46344300000008
93.54675600000009
93.63007400000009
93.7315780000001
93.8146890000001
93.8963400000001
93.98615700000009
94.06847000000009
94.1435250000001
94.2247850000001
94.3056270000001
94.3905320000001
94.47630000000011
94.55378900000011
94.65128100000011
94.7485400000001
94.8184720000001
94.8935360000001
94.97549600000009
95.04588800000009
95.11821500000009
95.20558800000009
95.2775820000001
95.3663720000001
95.4277780000001
95.50586700000011
95.5847750000001
95.6588890000001
95.7309990000001
95.8130730000001
95.8896670000001
95.9647910000001
96.0626630000001
96.1296650000001
96.2039230000001
96.2913250000001
96.3676910000001
96.45192900000009
96.55712800000009
96.64979200000009
96.71655000000008
96.79653300000008
96.87337900000009
96.96765500000008
97.03677800000008
97.12928700000009
97.22722400000009
97.29866900000009
97.37436800000009
97.44568100000009
97.5302990000001
97.6126890000001
97.7025330000001
97.7724280000001
97.86450400000011
97.92455400000011
97.98695800000012
98.05590000000012
98.12683900000012
98.19123700000011
98.25553200000012
98.31567100000012
98.38516600000013
98.47389500000013
98.53768700000013
98.61696100000013
98.68226600000013
98.74414100000013
98.82558000000013
98.88879700000012
98.95192800000012
99.01711300000012
99.10028700000012
99.17993000000013
99.26289600000013
99.32561400000013
99.40093400000013
99.45960900000013
99.53016800000013
99.60320300000014
99.68090000000014
99.74173400000014
99.80392700000013
99.86834300000012
99.93484400000013
100.00212800000013
100.07302900000013
100.15642600000014
100.22876000000014
100.30288800000014
100.37256000000014
100.44856600000014
100.51747100000014
100.59429100000014
100.66667900000014
100.74451800000014
100.82076500000014
100.90494800000013
100.98497700000013
101.06559700000012
101.14268500000013
101.21725900000013
101.29659400000013
101.38197200000013
101.47520400000013
101.55017100000013
101.63077800000013
101.71306100000014
101.79319700000013
101.87026600000013
101.96016100000013
102.05471400000013
102.14225200000013
102.22285900000013
102.31036400000012
102.39850000000013
102.49926100000013
102.58434000000013
102.66558200000013
102.74530700000012
102.81851500000012
102.89570500000012
102.97849200000012
103.07688800000011
103.15920400000012
103.24610700000012
103.33294900000013
103.42075700000012
103.50942600000012
103.59341300000011
103.67504800000012
103.77316900000012
103.85366900000012
103.95160700000012
104.03131600000012
104.12986300000011
104.22929100000012
104.30979300000011
104.39232600000011
104.48820500000011
104.5844320000001
104.6794820000001
104.7687150000001
104.8514910000001
104.9384080000001
105.0211490000001
105.1101120000001
105.1946510000001
105.28946800000011
105.37164500000011
105.46106300000011
105.54851300000011
105.63456200000012
105.71670700000011
105.82859100000012
105.92391000000012
106.00801100000012
106.09539600000012
106.18610700000012
106.26815600000012
106.36656700000012
106.46683000000012
106.54869200000012
106.63012600000012
106.71230000000011
106.8053210000001
106.89424500000011
106.98983900000012
107.07478500000012
107.15811300000011
107.2430570000001
107.3351480000001
107.41954100000011
107.51046600000011
107.59755100000011
107.68046400000011
107.79131300000012
107.87415800000012
107.96074600000013
108.04896900000013
108.13508300000012
108.22132400000012
108.31405800000012
108.41652500000012
108.51716100000012
108.61656000000012
108.70854600000013
108.79738800000013
108.88764600000013
108.97557400000014
109.06087800000013
109.14762800000013
109.23956600000012
109.32145400000013
109.40768000000013
109.49327600000012
109.57774400000012
109.65972500000012
109.75259700000012
109.84892500000012
109.93561600000012
110.02833700000012
110.11761900000012
110.21273400000013
110.31833300000012
110.41559400000013
110.50215700000012
110.59346700000012
110.68776000000011
110.77564400000011
110.86147800000012
110.96037000000013
111.07209100000013
111.16046300000014
111.26198100000013
111.34751200000014
111.43607100000014
111.52577400000014
111.61977400000013
111.72471800000014
111.82351500000014
111.91222500000015
112.00650300000015
112.09073400000015
112.17789900000015
112.27645400000016
112.37445100000016
112.46003500000016
112.55056000000016
112.64297500000016
112.73785800000016
112.82299100000016
112.91439000000015
113.00055100000016
113.08669400000016
113.17334800000016
113.26674400000016
113.35599400000017
113.44141400000017
113.53031000000017
113.62820100000017
113.71753500000017
113.80850600000016
113.90594400000016
114.00724800000016
114.10628700000017
114.20470200000017
114.30985200000016
114.40933200000016
114.50527700000016
114.59455700000017
114.69467300000017
114.79916800000017
114.89288500000016
114.97388300000016
115.06388900000016
115.15199600000015
115.23774200000015
115.34743800000015
115.44940200000015
115.53974700000015
115.62706000000014
115.72691400000014
115.82355300000013
115.91915500000013
116.00513800000013
116.09538000000013
116.20032600000013
116.30105800000013
116.41140000000013
116.51967100000013
116.60749000000013
116.69621600000012
116.77996600000012
116.86614700000011
116.95588300000011
117.05917800000012
117.14138700000012
117.23460900000012
117.33909000000013
117.41782800000013
117.51594100000013
117.60005800000013
117.69585800000013
117.78217900000013
117.87641700000013
117.97144300000014
118.06194000000013
118.15237300000014
118.24744900000015
118.34034700000015
118.42465300000015
118.52754800000015
118.61567200000015
118.71626400000015
118.79770900000015
118.88033300000015
118.98664700000015
119.07669800000015
119.15569700000015
119.24408300000015
119.32553500000014
119.40835100000014
119.49626700000015
119.59475700000014
119.68079400000015
119.77378100000014
119.85616100000014
119.94655400000015
120.02623100000015
120.13720700000015
120.25770800000015
120.34410300000015
120.45626200000015
120.54602500000016
120.62658200000016
120.70566800000016
120.79546700000016
120.88165100000016
120.97767400000016
121.06743600000016
121.14641000000016
121.22374600000016
121.30496200000016
121.38153700000016
121.46181600000017
121.55251300000018
121.63322300000017
121.71659100000016
121.79257600000017
121.88426300000016
121.97179000000015
122.06013400000016
122.13866600000016
122.23262600000015
122.32202000000015
122.41178100000015
122.50828800000015
122.58754100000014
122.68327600000015
122.76489900000014
122.85891300000014
122.94505800000015
123.02643700000014
123.11017300000015
123.21243600000014
123.29457700000013
123.37544100000014
123.46965900000014
123.58408400000013
123.67873100000013
123.79006000000012
123.88041000000013
123.97225300000012
124.07859900000012
124.18271400000012
124.27208200000011
124.37569100000012
124.48502400000012
124.57988700000013
124.66790300000012
124.76080400000012
124.86131700000013
124.95892600000013
125.04957400000013
125.14240300000013
125.25062600000012
125.34746200000012
125.43525700000012
125.53294900000012
125.63004700000012
125.72288100000011
125.82376400000011
125.9156650000001
126.01176600000011
126.13018900000012
126.22563700000012
126.32037000000012
126.41954200000012
126.52838300000012
126.61939000000012
126.71795200000012
126.81247300000013
126.90512300000013
127.01903500000013
127.10491900000012
127.19913900000013
127.29775700000013
127.38525100000014
127.47683400000014
127.58378000000013
127.68536000000013
127.79199700000014
127.90073600000014
127.99867900000014
128.09495500000014
128.20910500000014
128.31365500000013
128.41348700000012
128.5205370000001
128.6331810000001
128.72359200000008
128.83399300000008
128.93866100000008
129.05347600000007
129.17025100000006
129.26758700000008
129.37502800000007
129.47086700000008
129.5662460000001
129.66203800000008
129.77032400000007
129.87043800000006
129.97478300000006
130.06167300000007
130.17518200000006
130.26271700000007
130.35874500000006
130.44314500000004
130.53747800000005
130.62756000000005
130.71846600000003
130.80853500000003
130.89670600000002
130.99073400000003
131.08496500000004
131.18759100000003
131.28550300000003
131.37763500000003
131.472876
131.56943800000002
131.67240300000003
131.77454400000002
131.87093800000002
131.97358000000003
132.089726
132.199904
132.294402
132.395966
132.492776
132.617474
132.723219
132.823825
132.926895
133.033972
133.12932800000002
133.225342
133.319162
133.411059
133.527796
133.63178299999998
133.73045499999998
133.82537699999997
133.92504999999997
134.03747599999997
134.13929599999997
134.24369999999996
134.34268099999997
134.45998999999998
134.57515299999997
134.67835999999997
134.77232499999997
134.86586299999996
134.96686699999995
135.06077999999994
135.15740499999993
135.25556399999994
135.35629799999992
135.4520119999999
135.5526089999999
135.64946099999992
135.7508699999999
135.8469179999999
135.9670209999999
136.0827319999999
136.1811879999999
136.2767169999999
136.3727039999999
136.47518799999992
136.56876799999992
136.6651669999999
136.76289899999992
136.85833899999992
136.96819499999992
137.06899399999992
137.1697819999999
137.2668669999999
137.37137499999992
137.4686629999999
137.5701159999999
137.6761849999999
137.7814609999999
137.88325399999988
137.98855499999988
138.08681199999987
138.18891299999987
138.30131199999988
138.39634999999987
138.50170599999987
138.60933499999987
138.70647599999987
138.80636699999988
138.91745299999988
139.02162099999987
139.13276399999987
139.23750999999987
139.34921199999988
139.44119699999987
139.5496099999999
139.6412399999999
139.74732199999988
139.8432429999999
139.9398589999999
140.0358979999999
140.15333699999988
140.24340899999987
140.33316999999988
140.43688199999988
140.5376999999999
140.63380699999988
140.7312339999999
140.83136799999988
140.9218969999999
141.0138229999999
141.11932699999988
141.2099329999999
141.30324799999988
141.3946759999999
141.4906089999999
141.5893449999999
141.68494599999988
141.7730089999999
141.8649659999999
141.9536519999999
142.04705599999988
142.14479599999987
142.25831899999986
142.34478399999986
142.43339899999987
142.53356199999988
142.62528999999986
142.71813299999985
142.83196699999985
142.93718999999984
143.04168399999983
143.13389599999982
143.23347699999982
143.34011199999983
143.43253399999983
143.53369899999984
143.61912199999983
143.70446699999982
143.79120999999984
143.88469999999984
143.96981399999984
144.10679499999983
144.20377199999984
144.29591399999984
144.39137799999983
144.48762599999984
144.57658399999983
144.66502299999982
144.76178999999982
144.85801699999982
144.95079599999983
145.05378999999982
145.15134699999982
145.2596199999998
145.3482259999998
145.43905899999982
145.5305289999998
145.6228279999998
145.7172669999998
145.8088089999998
145.9070999999998
146.00000899999978
146.09052699999978
146.18827599999977
146.2790149999998
146.3719089999998
146.4642729999998
146.5597529999998
146.6504349999998
146.7516219999998
146.8458249999998
146.9399229999998
147.0349779999998
147.1267269999998
147.2210239999998
147.3109649999998
147.3982529999998
147.4889199999998
147.58173299999982
147.6681589999998
147.7690739999998
147.8590739999998
147.9487209999998
148.0436959999998
148.1319109999998
148.2212299999998
148.3139679999998
148.4156529999998
148.5025809999998
148.5968019999998
148.6860099999998
148.77316999999982
148.87738699999983
148.96535499999982
149.05887599999983
149.15934999999982
149.24760099999983
149.34212299999984
149.43737999999985
149.54206199999985
149.63086299999983
149.72357699999984
149.81804099999982
149.90796099999983
150.00774099999984
150.10106599999983
150.19528699999984
150.29665099999983
150.38837699999982
150.49810299999982
150.5859339999998
150.6870229999998
150.77664799999982
150.87876899999983
150.96434699999983
151.05778099999984
151.15245499999983
151.24234999999985
151.33491499999985
151.43403799999984
151.52345199999985
151.62593099999984
151.72223399999984
151.81430799999984
151.91458299999985
152.00536499999984
152.09925899999985
152.19315499999985
152.29803899999985
152.39159599999985
152.48651499999986
152.57870799999986
152.66773499999985
152.75589799999986
152.86265799999987
152.97152399999987
153.05846899999986
153.15144099999986
153.23734999999985
153.33528599999985
153.43225999999984
153.52155799999986
153.61208399999987
153.70957399999986
153.80183599999987
153.90919499999987
154.01339199999987
154.10480299999986
154.20015499999985
154.29260499999987
154.38648099999986
154.50518599999987
154.59014499999986
154.68196899999987
154.77171499999986
154.87162899999987
154.96327799999986
155.05582599999985
155.14028999999985
155.24392999999986
155.34079899999986
155.44524699999985
155.55312599999985
155.65636199999986
155.75656799999985
155.85240499999983
155.94205299999985
156.02743799999985
156.12098199999986
156.22015999999985
156.30940599999985
156.42547499999986
156.51761299999987
156.60451699999987
156.69051399999987
156.78247499999986
156.87173699999985
156.96495299999987
157.07386999999986
157.15884799999986
157.27763899999985
157.36136499999986
157.46488299999987
157.57167099999987
157.66177799999986
157.75506099999987
157.84452199999987
157.93011299999986
158.02003299999987
158.11415299999987
158.20472799999988
158.30548699999989
158.3897869999999
158.4806489999999
158.5694629999999
158.6623319999999
158.7544179999999
158.8440169999999
158.9516439999999
159.0397879999999
159.1253459999999
159.2254589999999
159.3294529999999
159.4168179999999
159.5040839999999
159.5919109999999
159.67614199999989
159.76528099999987
159.85402899999988
159.9510059999999
160.0409289999999
160.1347019999999
160.21849399999988
160.32542399999988
160.41451699999988
160.50156999999987
160.59379799999988
160.68508199999988
160.7809429999999
160.87442699999988
160.9671709999999
161.0607419999999
161.1667279999999
161.2609419999999
161.36263999999989
161.4498349999999
161.5436749999999
161.6343599999999
161.7342969999999
161.8413079999999
161.9409509999999
162.0367069999999
162.1256859999999
162.2221019999999
162.3107719999999
162.3956199999999
162.5106379999999
162.59697399999988
162.69188599999987
162.78602299999986
162.87528899999987
162.96681899999987
163.05236299999987
163.15069799999986
163.23810899999987
163.32970999999986
163.41809199999986
163.51228099999986
163.60370399999985
163.69757699999985
163.79499499999986
163.88800699999985
163.97969999999984
164.06739899999982
164.15633999999983
164.24824799999982
164.33833599999983
164.43220899999983
164.52280299999984
164.60892199999984
164.69833099999983
164.81319699999983
164.91739499999983
165.01548199999982
165.11055899999982
165.20463599999982
165.29160699999983
165.38452599999982
165.47278899999984
165.57259099999985
165.67670199999984
165.77183999999983
165.8566569999998
165.9524449999998
166.03869599999982
166.12539399999983
166.21849799999984
166.31494199999983
166.41342999999983
166.49946699999984
166.58788899999985
166.68841799999984
166.78809299999983
166.87873399999984
166.96415099999984
167.05541899999986
167.14894399999986
167.25559299999986
167.34310499999987
167.44316199999986
167.52753799999985
167.62038799999985
167.72538299999985
167.83123399999985
167.92061999999984
168.01049099999983
168.10266499999983
168.20866599999982
168.29610999999983
168.39341199999984
168.48184499999985
168.58046499999986
168.68184999999986
168.77132999999986
168.87498099999988
168.96258199999988
169.06574599999988
169.16306199999988
169.26710399999988
169.37032299999987
169.47667799999988
169.57009999999988
169.6614469999999
169.7545919999999
169.8519779999999
169.93855899999988
170.0270279999999
170.1101169999999
170.21138899999988
170.31356399999987
170.40742099999989
170.49294599999988
170.58112699999987
170.69836499999985
170.78745699999985
170.87902999999986
170.97606699999986
171.07080499999987
171.16294299999987
171.25977799999987
171.35518499999986
171.44729999999987
171.53470999999988
171.63968199999988
171.73241299999987
171.81947499999987
171.92665699999986
172.03404099999986
172.11582499999986
172.20916899999986
172.29966899999985
172.38633399999986
172.48746199999985
172.57099799999986
172.67393699999985
172.76807099999985
172.86675999999986
172.96306899999985
173.06027899999984
173.15269099999983
173.25216899999984
173.35882899999984
173.46359399999983
173.55483699999982
173.64639399999982
173.73873699999982
173.8414299999998
173.92609099999981
174.0280489999998
174.12107699999981
174.23040299999982
174.34030299999984
174.42245599999984
174.52812299999985
174.63758099999984
174.74872199999984
174.85673899999983
174.95132799999985
175.05394299999983
175.13934499999982
175.2322319999998
175.3225259999998
175.40895699999982
175.49674899999982
175.58894399999983
175.69638099999983
175.79017899999982
175.89098999999982
175.99280699999983
176.09719899999982
176.1953979999998
176.2900979999998
176.39396299999981
176.50049799999982
176.59408799999983
176.69481599999983
176.80252899999982
176.89228499999982
176.9892709999998
177.0934919999998
177.1825219999998
177.2890929999998
177.3809439999998
177.4842429999998
177.5825969999998
177.6977159999998
177.79427099999978
177.89263499999979
177.99001499999977
178.08776499999976
178.18537699999976
178.27710199999976
178.38441599999976
178.47704899999977
178.58974699999976
178.68408799999975
178.78351599999974
178.87653499999973
178.98381899999973
179.07788999999974
179.17721899999975
179.27439299999975
179.36780699999974
179.46527999999975
179.57930199999976
179.67051699999976
179.76558999999978
179.86031999999977
179.9703539999998
180.07706599999977
180.1733319999998
180.2665639999998
180.3633759999998
180.4610969999998
180.5655649999998
180.6604209999998
180.75254199999978
180.84152799999978
180.93546199999977
181.02714599999976
181.13743099999976
181.23993299999975
181.33379399999976
181.42744399999975
181.52600399999974
181.63015999999973
181.72704699999974
181.82234999999974
181.91932999999975
182.01048299999974
182.10859299999973
182.20354399999974
182.30147299999973
182.39669099999972
182.50120399999972
182.60344199999972
182.70045099999973
182.80157799999972
182.9002299999997
183.0044739999997
183.0974399999997
183.2174639999997
183.3142309999997
183.4234479999997
183.5243249999997
183.6189189999997
183.7316999999997
183.8221409999997
183.9170979999997
184.0094249999997
184.10427599999971
184.19437399999973
184.28923099999972
184.3830059999997
184.4753959999997
184.5920579999997
184.69755399999968
184.7981459999997
184.90216699999968
184.99293899999967
185.09082599999965
185.18351899999965
185.29310099999964
185.41039999999964
185.51747399999965
185.61391599999965
185.70624199999966
185.81199399999966
185.91234899999967
186.01223999999968
186.11316099999968
186.21610899999968
186.32924899999966
186.42931899999965
186.52541999999966
186.62234499999965
186.72105199999964
186.82169599999963
186.92098699999963
187.02193599999964
187.12950399999963
187.2301489999996
187.33485799999963
187.43748199999962
187.53323199999963
187.63023899999962
187.72950199999963
187.83508299999963
187.93405699999963
188.03062299999962
188.13679699999963
188.23983299999963
188.33857999999964
188.44220199999964
188.53774299999964
188.63761499999964
188.74377199999964
188.84525599999964
188.96837799999963
189.07229399999963
189.18755099999964
189.29727199999965
189.39212899999964
189.48811199999963
189.58344999999963
189.68667899999963
189.78416199999964
189.88587099999964
189.98328999999964
190.07921299999964
190.17876799999965
190.29430699999966
190.40153399999966
190.50098299999965
190.59425699999966
190.69025699999966
190.78739899999965
190.88268699999966
190.97767099999967
191.07808699999967
191.17468099999968
191.27353599999967
191.37021999999968
191.46896499999968
191.57690999999969
191.6710959999997
191.7815059999997
191.8824969999997
191.98017699999968
192.0797209999997
192.1724909999997
192.2780759999997
192.38794999999968
192.48135499999967
192.58511099999967
192.69436199999967
192.78621399999966
192.88212999999965
192.97529099999966
193.06803399999967
193.16594799999967
193.2627659999997
193.37857399999967
193.47485999999967
193.58072199999967
193.68428499999968
193.78413999999967
193.88180599999967
193.97645099999968
194.0720759999997
194.1631699999997
194.2538489999997
194.34023099999968
194.42981299999968
194.52053999999967
194.62488799999966
194.72027799999967
194.80772799999966
194.89650699999964
194.98840999999965
195.08038999999965
195.17030699999967
195.27841999999967
195.38271999999967
195.48085499999968
195.5688369999997
195.6619539999997
195.7480079999997
195.83747299999968
195.94673699999967
196.04683399999968
196.1582539999997
196.27518299999969
196.3760349999997
196.46499199999968
196.5579259999997
196.6475769999997
196.7452519999997
196.83340299999972
196.93069999999972
197.0213709999997
197.1181859999997
197.2245919999997
197.3173489999997
197.4248389999997
197.52081399999972
197.6133849999997
197.7129019999997
197.8028069999997
197.8935809999997
197.9793919999997
198.0650979999997
198.1501299999997
198.2394209999997
198.3242019999997
198.4215699999997
198.50512399999968
198.59285599999967
198.67236699999967
198.75896699999967
198.84801099999967
198.95120499999967
199.03054499999968
199.11224099999967
199.21090099999967
199.28962599999966
199.37036799999964
199.46327299999965
199.54408899999964
199.64528799999965
199.71869599999965
199.80156299999965
199.88382099999964
199.95521499999964
200.02581899999964
200.10301999999965
200.17886399999963
200.25511199999963
200.32946499999963
200.40842499999962
200.4911589999996
200.5813409999996
200.66824299999962
200.7583729999996
200.84233499999962
200.92313599999963
200.99803899999964
201.09147999999965
201.16743699999964
201.24294599999965
201.32035099999965
201.39542499999965
201.47442599999965
201.55527099999966
201.63256499999966
201.71422799999965
201.79598899999965
201.88478899999964
201.96583999999964
202.04716599999963
202.13369299999962
202.21465699999962
202.2924259999996
202.3740859999996
202.46386899999962
202.5525799999996
202.64099999999962
202.71932799999962
202.80674999999962
202.89150399999963
202.98131499999963
203.06607699999964
203.15299699999963
203.24410699999962
203.33715399999963
203.42596099999963
203.50942899999964
203.59057999999965
203.68877399999965
203.77320599999965
203.85818199999966
203.96266099999966
204.05181099999965
204.13675199999963
204.22532699999962
204.3204099999996
204.4210209999996
204.5056869999996
204.5962589999996
204.6863869999996
204.7724489999996
204.87073999999959
204.9595119999996
205.0546899999996
205.1507539999996
205.2403399999996
205.3329989999996
205.4293269999996
205.5365499999996
205.63575499999962
205.73498399999963
205.83344899999963
205.93217099999964
206.02444199999965
206.11714399999966
206.20870199999965
206.31016499999964
206.40393299999965
206.50488599999966
206.59238799999966
206.69126199999965
206.78550199999967
206.88109499999968
206.98512699999966
207.07976399999967
207.17451499999967
207.26887399999967
207.36537499999966
207.45171699999966
207.55061399999965
207.64310099999966
207.74610099999967
207.84737699999968
207.9462669999997
208.0553099999997
208.16130299999972
208.2654459999997
208.3702089999997
208.4735639999997
208.5791799999997
208.6853119999997
208.7855759999997
208.8894699999997
208.99408999999972
209.0964569999997
209.2014739999997
209.3078559999997
209.4145699999997
209.51514099999972
209.61413199999973
209.72117599999973
209.82578799999973
209.93723799999972
210.0380499999997
210.14419099999972
210.24705499999973
210.34835899999973
210.44257899999974
210.53822599999975
210.63346499999975
210.73317399999974
210.84476299999974
210.93861399999975
211.03168599999975
211.13460799999976
211.24310599999976
211.34587799999974
211.44810499999974
211.55911599999973
211.68792199999973
211.79242499999972
211.89270799999971
212.00217299999971
212.10959799999972
212.21106599999973
212.31215599999973
212.42558799999972
212.5439169999997
212.6678939999997
212.7859859999997
212.89667099999969
213.0031939999997
213.10956699999969
213.21546899999967
213.31403199999968
213.41768899999968
213.53680199999968
213.6623279999997
213.7764549999997
213.8995849999997
214.00949099999968
214.14661799999968
214.26973699999968
214.39108899999968
214.51921999999968
214.63581899999969
214.7499749999997
214.8759409999997
215.0030319999997
215.1192989999997
215.2466599999997
215.36285399999971
215.47465499999973
215.59492499999973
215.72954999999973
215.84523699999974
215.95554799999974
216.06493099999975
216.17784499999973
216.28753199999974
216.40239999999974
216.52308099999973
216.64543199999974
216.75282599999974
216.85800199999974
216.99273399999976
217.10165999999975
217.22404599999976
217.32857499999977
217.45165399999976
217.55832099999975
217.66395299999976
217.76975599999977
217.88178499999978
217.99408499999979
218.1034019999998
218.22252799999978
218.34392499999979
218.46410799999978
218.5778689999998
218.6835689999998
218.7893189999998
218.8858469999998
218.98517899999982
219.0837299999998
219.1896969999998
219.2903999999998
219.3993369999998
219.5006639999998
219.6075809999998
219.7108599999998
219.8104039999998
219.9176449999998
220.0197309999998
220.1277829999998
220.2193689999998
220.3157039999998
220.4195219999998
220.5210909999998
220.6180989999998
220.7135599999998
220.8099209999998
220.9062719999998
221.0138639999998
221.11856299999982
221.2268169999998
221.34364299999982
221.43946999999983
221.54400899999982
221.65453799999983
221.75623699999983
221.86761099999984
221.97216699999984
222.08453599999984
222.19968199999985
222.30653899999984
222.41569399999983
222.51882199999983
222.64629099999982
222.76802599999982
222.8697399999998
222.9819329999998
223.0915999999998
223.2058249999998
223.3294779999998
223.4348879999998
223.5524789999998
223.6490439999998
223.7507759999998
223.8717339999998
223.96985899999981
224.0720319999998
224.16592299999982
224.2714079999998
224.3745059999998
224.5057229999998
224.60271699999979
224.69898099999978
224.82504399999976
224.93155499999978
225.0301859999998
225.1291769999998
225.2310539999998
225.3355999999998
225.4502459999998
225.5447419999998
225.65175399999978
225.7563759999998
225.86038499999978
225.96939399999977
226.07977699999978
226.1822579999998
226.2825999999998
226.3840829999998
226.5021489999998
226.6047709999998
226.7007699999998
226.8031649999998
226.92285799999982
227.02426499999982
227.12984399999982
227.23812599999982
227.34336899999983
227.45659399999982
227.56334699999982
227.67435399999982
227.78602099999983
227.90457299999983
228.01522699999984
228.12679599999984
228.23678699999985
228.35053599999986
228.46821799999987
228.57873299999986
228.69209299999986
228.80858899999987
228.91298299999988
229.02876699999987
229.13861899999986
229.24789199999987
229.35808699999987
229.47199699999987
229.58851399999986
229.69098599999987
229.80719699999986
229.92010999999985
230.03163799999984
230.14197099999984
230.25712399999983
230.36839399999982
230.4754099999998
230.5885669999998
230.69340199999982
230.7993259999998
230.9157969999998
231.0426689999998
231.1666799999998
231.27950099999978
231.3989799999998
231.5254329999998
231.6431289999998
231.7618429999998
231.8834019999998
232.0036019999998
232.1186289999998
232.2377239999998
232.3538509999998
232.4744269999998
232.59562499999979
232.7134309999998
232.8344099999998
232.95963999999978
233.07947599999977
233.19007799999977
233.32590899999977
233.45400599999977
233.58644399999977
233.69969099999977
233.82599699999977
233.94766399999978
234.07177399999978
234.21168799999978
234.3357179999998
234.45424699999978
234.57197999999977
234.69536799999977
234.82111399999977
234.94570099999976
235.10611999999975
235.23414999999974
235.37163499999974
235.49786699999973
235.62630599999972
235.7551259999997
235.8732109999997
235.99379599999972
236.11320299999971
236.23472199999972
236.3653659999997
236.4915279999997
236.6237109999997
236.7448699999997
236.9005279999997
237.03343599999968
237.17344699999967
237.30317899999966
237.43142299999965
237.55929699999965
237.68828299999964
237.80928899999964
237.93505499999964
238.06293299999965
238.18347499999965
238.31019899999964
238.44172199999963
238.57165699999962
238.70231999999962
238.83066099999962
238.98399699999962
239.12100499999963
239.25953899999962
239.40841499999962
239.55321299999963
239.69091599999962
239.82600999999963
239.97218299999963
240.10787599999964
240.24704499999964
240.38272199999963
240.52027499999963
240.65561199999962
240.79042299999963
240.92888499999964
241.06459799999965
241.19848499999964
241.32923499999964
241.46420299999963
241.61304899999962
241.75084299999963
241.87859899999964
242.01252099999965
242.13462799999965
242.26273099999966
242.38806599999967
242.50791499999966
242.62714399999965
242.74239399999965
242.86313499999966
242.98155899999966
243.10036799999966
243.22270599999968
243.34827099999967
243.46987599999966
243.58555499999966
243.72133699999966
243.84106499999967
243.96448199999966
244.08738299999968
244.21689899999967
244.33998499999967
244.45916099999968
244.5840799999997
244.7112729999997
244.83313699999968
244.96583899999968
245.08791999999968
245.22196099999968
245.36396099999968
245.48427199999966
245.60638699999967
245.72656299999966
245.84615399999967
245.95745199999968
246.08281999999969
246.2036609999997
246.3185269999997
246.4390849999997
246.5670089999997
246.6878429999997
246.8074029999997
246.92903299999972
247.04462299999972
247.16097699999972
247.27487199999973
247.40190999999973
247.52214999999973
247.65062199999971
247.7840199999997
247.9102839999997
248.02698299999972
248.14294999999973
248.25996099999972
248.3786939999997
248.5017959999997
248.6218729999997
248.7457689999997
248.86430399999972
248.9801209999997
249.1017029999997
249.2160609999997
249.34119199999972
249.45391799999973
249.57512299999973
249.69203099999973
249.81054799999973
249.92475999999974
250.04616599999974
250.17002399999976
250.28220799999977
250.40336299999976
250.52066699999975
250.63982399999975
250.76157399999974
250.88464299999973
251.01509399999972
251.15055799999973
251.28766699999974
251.41254199999975
251.54121199999975
251.66493399999973
251.80147499999973
251.92321899999973
252.04795299999972
252.1754349999997
252.3028589999997
252.4324879999997
252.5626899999997
252.6910869999997
252.8137659999997
252.9443929999997
253.07578299999972
253.20430299999973
253.32909699999973
253.46088999999972
253.59290299999972
253.7243019999997
253.8534899999997
253.9850119999997
254.1160489999997
254.24323599999968
254.3781829999997
254.5094899999997
254.6376519999997
254.7639429999997
254.9033709999997
255.04302299999972
255.1780339999997
255.3230509999997
255.45223399999972
255.5951249999997
255.7332729999997
255.8819069999997
256.0354039999997
256.17186999999967
256.3019569999997
256.43468099999967
256.57398299999966
256.71053599999965
256.8554489999996
256.98595999999964
257.11772999999965
257.26209099999966
257.4039909999997
257.5394109999997
257.67700499999967
257.81204499999967
257.9573069999997
258.09177399999965
258.23275699999965
258.36687899999964
258.49648799999966
258.63170499999967
258.76922999999965
258.91534899999965
259.05030199999965
259.18385399999966
259.3220149999997
259.4678419999997
259.6046329999997
259.73896499999967
259.88184699999965
260.01898499999965
260.15609799999964
260.2859249999996
260.4157229999996
260.5449179999996
260.6713299999996
260.7966869999996
260.9183799999996
261.0432969999996
261.1870429999996
261.30944599999964
261.44486399999965
261.56556299999966
261.69610499999965
261.81864699999966
261.94241099999965
262.06748599999963
262.18604499999964
262.3186379999996
262.4568559999996
262.5822609999996
262.7000659999996
262.81282799999957
262.93213399999956
263.03981999999957
263.1526509999996
263.2704259999996
263.3913409999996
263.51669199999964
263.64159299999966
263.76380599999965
263.88112999999964
263.9927409999996
264.1147039999996
264.2287729999996
264.3572559999996
264.4770659999996
264.60022899999956
264.7151799999996
264.83809199999956
264.9676579999996
265.09419399999956
265.20685499999956
265.3339419999996
265.4459849999996
265.5686959999996
265.69978399999957
265.8180209999996
265.9356429999996
266.05864799999955
266.17677399999957
266.3106809999996
266.4271469999996
266.5430309999996
266.6556969999996
266.76683699999955
266.87423299999955
266.9795899999996
267.09962299999955
267.21050399999956
267.3324549999996
267.4423939999996
267.5575249999996
267.6687309999996
267.7816809999996
267.8946049999996
268.0032799999996
268.11728799999963
268.23721799999964
268.34820699999966
268.45637499999964
268.5628749999996
268.6833959999996
268.78751999999963
268.89353299999965
269.0000849999997
269.1031329999997
269.20454599999965
269.30998799999963
269.41350199999965
269.51517399999966
269.62184799999966
269.71960699999966
269.84068899999966
269.9475769999997
270.05538299999967
270.17216799999966
270.28586099999967
270.41198899999966
270.5242649999997
270.63164499999965
270.7370889999996
270.84609299999966
270.94973499999963
271.06372399999964
271.1696599999996
271.27542299999965
271.38406199999963
271.49354399999964
271.5940789999996
271.70765299999965
271.8178049999997
271.92626399999966
272.0261089999997
272.1297429999997
272.22888399999965
272.33400099999966
272.4517419999997
272.5547419999997
272.6649269999997
272.7666849999997
272.87429399999974
272.9776839999997
273.07772999999975
273.17221799999976
273.26576099999977
273.37084299999975
273.4677999999997
273.5580479999997
273.6507809999997
273.7497549999997
273.8449269999997
273.9424949999997
274.0326879999997
274.1230039999997
274.2291809999997
274.3201719999997
274.4220389999997
274.5146059999997
274.60262199999966
274.69621599999965
274.80250899999965
274.90938399999965
275.01717399999967
275.1214949999997
275.2153099999997
275.3085549999997
275.4040929999997
275.49305999999973
275.5894689999997
275.6826669999997
275.7785169999997
275.8689239999997
275.9589849999997
276.0647569999997
276.1615739999997
