0.018987
0.11386
0.224938
0.31758200000000003
0.41007400000000005
0.504272
0.591852
0.711192
0.8109890000000001
0.893182
0.970182
1.0723639999999999
1.1684729999999999
1.2626819999999999
1.3790799999999999
1.4795219999999998
1.5826699999999998
1.6888169999999998
1.7801269999999998
1.8910389999999997
1.9916169999999997
2.095878
2.210829
2.319455
2.411664
2.508469
2.602384
2.6953669999999996
2.7796119999999997
2.8952929999999997
3.0090699999999995
3.1083089999999993
3.2053899999999995
3.2913859999999997
3.3927379999999996
3.4993679999999996
3.616878
3.7296869999999998
3.8389999999999995
3.9340179999999996
4.063867999999999
4.181458999999999
4.289078999999999
4.414408999999999
4.533378999999999
4.657399999999999
4.757857999999999
4.874430999999999
5.0029309999999985
5.107691999999998
5.231147999999998
5.339320999999998
5.446984999999998
5.550057999999998
5.655663999999998
5.755492999999998
5.867188999999998
5.977111999999998
6.082831999999998
6.188770999999998
6.282883999999998
6.382670999999998
6.480590999999999
6.585786999999999
6.693203999999999
6.791172999999999
6.901859999999999
6.990543999999999
7.085875999999999
7.190631999999999
7.277183999999999
7.380406999999999
7.478341999999999
7.565387999999999
7.666346999999998
7.777326999999998
7.8848309999999975
7.997850999999997
8.118495999999997
8.218517999999996
8.321545999999996
8.415992999999997
8.505915999999997
8.642816999999997
8.752444999999998
8.858172999999997
8.966412999999998
9.085083999999998
9.205167999999999
9.341532999999998
9.476106999999999
9.598140999999998
9.716167999999998
9.842833999999998
9.969163999999997
10.077505999999998
10.188817999999998
10.298334999999998
10.409606999999998
10.541494999999998
10.658262999999998
10.766795999999998
10.877564999999997
10.982605999999997
11.094648999999997
11.204141999999997
11.314000999999998
11.437790999999997
11.560158999999997
11.679021999999996
11.787879999999996
11.910191999999997
12.036369999999996
12.161476999999996
12.269324999999997
12.387089999999997
12.507584999999997
12.609977999999996
12.708829999999997
12.821113999999998
12.944312999999998
13.058088999999997
13.186530999999997
13.310988999999998
13.424404999999998
13.549239999999998
13.661675999999998
13.793809999999999
13.911242999999999
14.013596
14.118019
14.224779
14.322822
14.427736000000001
14.548205000000001
14.670099
14.792692
14.908652
15.031386
15.138221999999999
15.251710999999998
15.356799999999998
15.477442999999997
15.593541999999998
15.711720999999997
15.820270999999996
15.936607999999996
16.047908999999997
16.175787999999997
16.283163
16.401141999999997
16.517540999999998
16.624
16.732653
16.860393
16.963017999999998
17.076970999999997
17.190037999999998
17.300409
17.401871
17.498735
17.615479
17.713474
17.816121000000003
17.933251000000002
18.042316000000003
18.150513000000004
18.242722000000004
18.346310000000003
18.45943
18.593232
18.711415
18.819294
18.929246
19.038066
19.137235
19.263059000000002
19.374092
19.485268
19.588667
19.705842
19.823788
19.929422
20.037556
20.147478999999997
20.258737999999997
20.368710999999998
20.473271999999998
20.581846
20.702917
20.817749
20.942011
21.037038000000003
21.155499000000002
21.263170000000002
21.357205000000004
21.464431000000005
21.560509000000003
21.653944000000003
21.768749000000003
21.862604000000005
21.979493000000005
22.076697000000006
22.180032000000008
22.28322200000001
22.38697300000001
22.50025000000001
22.615393000000008
22.722756000000008
22.821005000000007
22.921843000000006
23.010712000000005
23.113932000000005
23.208116000000004
23.303905000000004
23.407962000000005
23.526744000000004
23.635835000000004
23.734409000000003
23.843273000000003
23.938743000000002
24.048173000000002
24.150842
24.236872
24.321592000000003
24.395134000000002
24.471872
24.553393
24.650071
24.753667
24.83699
24.929463
25.033621
25.141851
25.247657
25.334492
25.426988
25.520670000000003
25.623987000000003
25.710858
25.806448000000003
25.905641000000003
26.007060000000003
26.105141000000003
26.204897000000003
26.311865
26.408038
26.511847
26.607409
26.700583
26.786626000000002
26.895319
26.982934
27.072547
27.173723
27.274929999999998
27.374931999999998
27.469693999999997
27.565191
27.661009
27.764768
27.854084
27.955470000000002
28.056536
28.139503
28.239726
28.32349
28.416036
28.516178
28.62346
28.715459000000003
28.807941000000003
28.909613000000004
29.009417000000003
29.112233000000003
29.210547000000002
29.320654
29.436869
29.544395
29.6571
29.777972
29.889152
29.990416
30.108836
30.222069
30.323763
30.429569
30.536093
30.637697
30.752297
30.859237999999998
30.963661
31.081892999999997
31.188947
31.293309999999998
31.389006
31.509545999999997
31.626107999999995
31.725046999999996
31.822251999999995
31.932353999999997
32.028515
32.165791999999996
32.284023999999995
32.407385999999995
32.510875
32.615542999999995
32.729254999999995
32.833403
32.937996
33.044146
33.145115999999994
33.263774999999995
33.365446
33.469994
33.563072
33.673034
33.777618000000004
33.880347
33.988381000000004
34.091527000000006
34.18394500000001
34.28267400000001
34.372116000000005
34.484027000000005
34.573462000000006
34.67595200000001
34.79166200000001
34.89221500000001
34.992005000000006
35.08499100000001
35.19070900000001
35.280926000000015
35.38532900000001
35.49152200000001
35.58566800000001
35.69575000000001
35.79088500000001
35.88947800000001
35.98172000000001
36.08888900000001
36.19270300000001
36.28490600000001
36.385431000000004
36.499781000000006
36.603525000000005
36.709535
36.803137
36.900829
36.996931000000004
37.096733
37.182984
37.292863
37.405561999999996
37.492079
37.586434
37.699802
37.800498999999995
37.885982
38.001258
38.12055
38.236312
38.343153
38.443123
38.542234
38.664404
38.773602
38.890887
38.983339
39.077856000000004
39.172467000000005
39.272471
39.380112000000004
39.484674000000005
39.603748
39.707831000000006
39.802879000000004
39.90957100000001
40.00362100000001
40.11973800000001
40.226486000000016
40.330919000000016
40.43417700000001
40.558090000000014
40.66185200000002
40.772250000000014
40.884171000000016
40.97732100000002
41.09086000000002
41.198016000000024
41.31999800000003
41.426537000000025
41.529301000000025
41.64083900000003
41.740756000000026
41.85483300000003
41.97074200000003
42.09554800000003
42.22651800000003
42.34379000000003
42.47119500000003
42.59712500000003
42.69568600000002
42.78856200000002
42.89232500000002
43.00235200000002
43.107328000000024
43.20473200000002
43.31133300000002
43.42317700000002
43.51571300000002
43.61837800000002
43.715248000000024
43.83969100000002
43.943895000000026
44.027297000000026
44.11562800000002
44.21180700000002
44.31964900000002
44.43135700000002
44.54034700000002
44.64306000000002
44.72884900000002
44.81846200000002
44.91819700000002
45.03006300000002
45.13391700000002
45.241610000000016
45.37168900000002
45.485016000000016
45.575490000000016
45.67896000000002
45.79700500000002
45.90234800000002
46.00269500000002
46.116585000000015
46.222678000000016
46.34119600000002
46.45845900000002
46.561126000000016
46.664572000000014
46.788390000000014
46.89125100000001
47.01014500000001
47.13411200000001
47.23247100000001
47.33267500000001
47.43842600000001
47.54972600000001
47.65428000000001
47.772853000000005
47.878685000000004
48.00507400000001
48.134645000000006
48.262117
48.371318
48.480864000000004
48.613739
48.73111
48.853366
48.971797
49.095798
49.198346
49.299064
49.399266000000004
49.50276900000001
49.601845000000004
49.708817
49.834756000000006
49.952929000000005
50.06507200000001
50.185201000000006
50.305034000000006
50.416048
50.530903
50.636225
50.73875
50.838973
50.949218
51.067301
51.163038
51.274891000000004
51.38177
51.481078000000004
51.589202
51.683331
51.783355
51.887464
51.982823
52.085057000000006
52.192750000000004
52.300977
52.411136000000006
52.514078000000005
52.618607000000004
52.714208000000006
52.82401800000001
52.93265300000001
53.03639700000001
53.128738000000006
53.22341600000001
53.330996000000006
53.42750000000001
53.52223600000001
53.62891200000001
53.734457000000006
53.82897400000001
53.93235800000001
54.02452500000001
54.122923000000014
54.22765200000001
54.321373000000015
54.42101200000002
54.528739000000016
54.627989000000014
54.72777700000001
54.82597800000001
54.922184000000016
55.00745600000002
55.10082100000002
55.19213600000002
55.28045100000002
55.36064700000002
55.44908600000002
55.53294200000002
55.61839500000002
55.69932800000002
55.79177000000002
55.88002000000002
55.97578500000002
56.069661000000025
56.16256200000002
56.267475000000026
56.368151000000026
56.456903000000025
56.556878000000026
56.646655000000024
56.73980100000002
56.83494600000002
56.936418000000025
57.04087800000003
57.13502200000003
57.22714700000003
57.33727000000003
57.42468800000003
57.50951900000003
57.610476000000034
57.71663200000003
57.81974900000003
57.92529900000003
58.01360700000003
58.10387200000003
58.20429000000003
58.31917000000003
58.421707000000026
58.52982100000003
58.63763100000003
58.74667000000003
58.85410600000003
58.95676400000003
59.05467300000003
59.17788500000003
59.28805700000003
59.386058000000034
59.479642000000034
59.58304900000003
59.68893900000003
59.80471500000003
59.90210200000003
60.013048000000026
60.127129000000025
60.22632000000002
60.33071100000002
60.43693700000002
60.527455000000025
60.622100000000025
60.72077900000002
60.81268900000002
60.91793600000002
61.02494600000002
61.12158700000002
61.24242000000002
61.34343600000002
61.44632300000002
61.53864900000002
61.64005200000002
61.74908900000002
61.85189200000002
61.95186400000002
62.05254400000002
62.154648000000016
62.250180000000015
62.33519300000002
62.42263000000002
62.51744300000002
62.61792700000002
62.723237000000026
62.80959900000003
62.89781800000003
62.98107600000003
63.09249600000003
63.200941000000036
63.31225900000003
63.42598300000003
63.52224900000003
63.63723400000003
63.738837000000025
63.83755500000002
63.93688900000002
64.05106100000002
64.15206900000001
64.25386600000002
64.35856100000002
64.45786500000003
64.56359000000003
64.67575500000004
64.79529800000003
64.89380700000004
65.00000200000004
65.10257100000004
65.20767500000004
65.30776600000004
65.41077900000005
65.49735000000005
65.61147400000006
65.71081000000005
65.79909500000005
65.88986100000005
65.99339100000006
66.10850400000005
66.21649300000006
66.32323500000005
66.42924100000005
66.51781300000005
66.61252300000005
66.70373900000006
66.80209800000006
66.91484400000006
67.02382600000006
67.11182300000006
67.21019400000006
67.31130800000005
67.41541900000006
67.52540500000006
67.62594000000006
67.73639200000005
67.84040000000005
67.94246800000005
68.03812800000004
68.13442300000004
68.22928400000004
68.33345200000004
68.43913100000003
68.54602500000003
68.65793300000003
68.75386700000003
68.85152400000003
68.96115900000002
69.05898900000003
69.16430800000002
69.25936500000002
69.36017800000002
69.45672900000002
69.54550800000003
69.63585800000003
69.73846700000003
69.82996300000003
69.92785000000003
70.01629800000003
70.11436500000003
70.21353400000004
70.31873400000003
70.40811500000004
70.52040100000004
70.61106000000004
70.70877100000004
70.79763500000004
70.91219300000004
71.02252200000004
71.14062500000004
71.25230800000004
71.35944300000004
71.45288100000005
71.56022400000005
71.66244400000005
71.75200800000005
71.89566500000005
71.99874400000004
72.09962700000004
72.21181800000004
72.31107900000003
72.41954600000004
72.52947600000005
72.64781400000004
72.76877200000004
72.87614100000005
72.98169900000005
73.09642900000004
73.21162600000004
73.31770800000004
73.43519100000003
73.54623300000003
73.64757900000004
73.75481500000004
73.85701900000004
73.97247600000004
74.08512800000004
74.18576500000005
74.29771700000005
74.40349300000005
74.51754100000005
74.61913400000005
74.72570200000004
74.83775600000004
74.95499300000004
75.06045600000004
75.16377600000004
75.27938100000004
75.38635900000004
75.50210200000004
75.61326200000003
75.72713900000004
75.83173700000003
75.95667900000004
76.07785700000004
76.19421400000003
76.30676600000002
76.41288000000003
76.51663600000003
76.62946000000004
76.72879400000004
76.83084800000003
76.94385100000004
77.05213300000004
77.15848700000004
77.27230600000004
77.37179700000004
77.47451100000005
77.58742900000004
77.68002300000005
77.78738700000005
77.87639600000006
77.97554800000006
78.08135100000005
78.18600300000006
78.28851100000006
78.38519300000006
78.48319900000006
78.59511600000006
78.69873400000006
78.80042500000006
78.90137800000007
79.00649400000006
79.11657300000006
79.20485100000006
79.30966300000006
79.40901700000006
79.51406200000007
79.62266900000007
79.73433000000007
79.84507400000007
79.96055300000006
80.07799800000006
80.20566200000006
80.31996100000006
80.41129100000006
80.52188200000006
80.61770800000006
80.72944800000006
80.83756600000007
80.94028000000007
81.03373900000007
81.12834200000007
81.22247700000007
81.32429900000007
81.43269400000007
81.53006200000007
81.62623000000008
81.72579100000007
81.81481100000008
81.93504300000008
82.02691900000008
82.11716200000008
82.22391100000007
82.31917700000007
82.42734200000007
82.52332900000006
82.64518800000006
82.73609900000007
82.84252300000007
82.94976100000007
83.06699400000007
83.18055500000007
83.28399700000007
83.39359300000007
83.50113100000007
83.60650900000007
83.70479200000007
83.81335600000007
83.91411500000007
84.01925900000006
84.13017800000006
84.23245400000006
84.33576400000005
84.43425500000005
84.53548300000006
84.63609700000005
84.73767900000004
84.84226800000005
84.93733000000005
85.03338200000005
85.13947300000005
85.24250200000006
85.35225700000007
85.46799000000007
85.57407800000007
85.68400000000007
85.78029300000007
85.87800500000007
85.97975200000008
86.08035300000007
86.19145000000007
86.28345200000007
86.38732900000007
86.47661300000007
86.59441800000008
86.69648200000007
86.80305100000007
86.91152600000007
87.00647000000006
87.11103200000007
87.21471500000007
87.31617100000007
87.43475400000007
87.55252600000007
87.65660300000008
87.75555800000008
87.85675100000007
87.96114700000007
88.06996800000007
88.18214100000007
88.28805800000008
88.38917300000007
88.49986200000006
88.60558200000007
88.70642700000008
88.81911400000007
88.93633800000006
89.04869600000006
89.15590800000007
89.25730300000006
89.35146400000006
89.45055000000006
89.55098200000006
89.65775900000006
89.76202800000006
89.86568400000006
89.97262700000006
90.07578000000007
90.19238300000006
90.28817200000006
90.39708000000006
90.49852500000006
90.61487500000005
90.71371500000005
90.81720900000005
90.90636900000005
91.01520300000006
91.12353300000005
91.22875200000006
91.32927800000006
91.42465600000006
91.52597800000005
91.62021300000005
91.72642500000005
91.82968600000005
91.94542200000005
92.04131000000005
92.14852700000006
92.25798000000006
92.36468600000006
92.46782000000006
92.56464000000005
92.66312000000005
92.74710300000005
92.85346300000005
92.95286400000005
93.05041300000005
93.14577600000005
93.23608100000006
93.33727800000005
93.44227800000006
93.55445800000005
93.65430500000005
93.75346900000005
93.84879000000005
93.94690000000006
94.02942400000006
94.12551900000007
94.23123000000007
94.32955200000006
94.43281700000006
94.51800600000006
94.62755400000006
94.72468300000006
94.83024900000005
94.93098300000005
95.03247900000005
95.13056000000005
95.23304500000005
95.33653300000005
95.42810000000004
95.52997000000005
95.61984500000005
95.71431200000005
95.83073300000005
95.93382000000005
96.04816000000005
96.16464000000005
96.27290100000005
96.37032200000004
96.46527100000004
96.58712900000005
96.69135100000004
96.80884100000004
96.91525500000004
97.03183100000004
97.15078800000003
97.26099700000003
97.36321600000004
97.46597500000004
97.57090200000005
97.67072100000004
97.76590200000004
97.88285400000004
97.99784600000004
98.10396600000004
98.24769200000004
98.34954300000004
98.46960900000003
98.57962400000004
98.69620700000004
98.80540200000004
98.92056500000004
99.02298600000005
99.13552000000004
99.24511600000004
99.35543700000004
99.47203500000003
99.57507400000003
99.69795500000004
99.81055200000003
99.91809200000003
100.03885900000003
100.14688200000003
100.24810100000003
100.35878600000004
100.46082000000004
100.56536900000005
100.67928900000004
100.79206000000003
100.89324400000004
100.99827900000004
101.11233800000004
101.21105400000003
101.31905200000003
101.43339600000003
101.54374200000004
101.65350700000003
101.74956900000004
101.86082700000004
101.96599600000005
102.06265400000005
102.16543500000004
102.27042400000005
102.38543800000005
102.48648700000005
102.59701400000006
102.71151500000006
102.82117300000006
102.91627100000005
103.02172200000005
103.12361300000005
103.22163700000004
103.31146600000004
103.39923000000005
103.49711300000004
103.60892500000004
103.70848300000004
103.80379000000005
103.90193200000004
104.00503400000005
104.10916900000005
104.20070200000005
104.30777300000005
104.40910000000005
104.50901300000005
104.62129000000006
104.71676000000006
104.81526900000007
104.92058300000008
105.03397000000008
105.13484600000008
105.24033700000008
105.33675700000008
105.44364900000008
105.55012300000008
105.66005500000009
105.76411500000009
105.87668300000009
105.98371000000009
106.08518500000008
106.18516100000008
106.29681600000008
106.39770500000007
106.51385800000007
106.61081000000007
106.70955000000008
106.82454600000008
106.92361800000009
107.02928300000009
107.14339400000009
107.25236800000009
107.3476240000001
107.4501500000001
107.55313300000009
107.64195600000009
107.75332400000009
107.85257400000009
107.96043400000009
108.0689020000001
108.16525500000009
108.27447300000009
108.37536800000008
108.48571200000008
108.58485000000007
108.68937800000008
108.79024100000008
108.89240800000007
109.00570200000007
109.10216700000007
109.20521700000006
109.31884400000006
109.41945700000005
109.51691000000005
109.60013800000006
109.68634800000005
109.77703500000005
109.85840900000005
109.96383500000005
110.06351300000004
110.14696200000004
110.24868200000004
110.34221700000005
110.45270900000004
110.55558500000004
110.65615200000003
110.74452300000003
110.84848200000003
110.94999400000003
111.06375500000003
111.17183400000003
111.27633100000003
111.38895700000003
111.47967600000004
111.57741600000004
111.68394700000005
111.78657500000004
111.88339000000005
111.96942500000004
112.07859200000004
112.17402600000004
112.27504200000004
112.36027100000004
112.46890700000004
112.58120800000005
112.68272700000004
112.78384000000004
112.87594900000003
112.97394500000003
113.08742800000003
113.18778300000002
113.28631700000003
113.37611800000002
113.47935500000001
113.58777700000002
113.69339900000001
113.80269700000001
113.91138900000001
114.02092600000002
114.12210900000002
114.22841600000002
114.33472700000003
114.44033500000003
114.54611300000003
114.65639100000003
114.77132400000002
114.89055600000002
114.98766200000001
115.09388000000001
115.19616300000001
