0.012117
0.062791
0.113958
0.18560900000000002
0.23824800000000002
0.285202
0.338789
0.38682
0.436807
0.487384
0.553616
0.639659
0.691496
0.754655
0.812329
0.867937
0.9191389999999999
0.9692559999999999
1.0302319999999998
1.0812429999999997
1.1252669999999998
1.1743549999999998
1.2231959999999997
1.2796299999999998
1.3320679999999998
1.4035109999999997
1.4906559999999998
1.5640239999999999
1.6211349999999998
1.6682029999999997
1.7199849999999997
1.7708539999999997
1.8198489999999996
1.8703259999999997
1.9235909999999996
1.9735879999999997
2.0227509999999995
2.0762399999999994
2.1229729999999996
2.1818459999999997
2.2464609999999996
2.2959419999999997
2.3561159999999997
2.4046049999999997
2.456638
2.505376
2.556645
2.6014310000000003
2.6485860000000003
2.698586
2.7454720000000004
2.7957330000000002
2.8439820000000005
2.9039200000000003
2.955277
3.002123
3.0515250000000003
3.102348
3.146895
3.1981740000000003
3.245369
3.2934360000000003
3.355992
3.414129
3.476355
3.532615
3.582918
3.643414
3.694029
3.736685
3.784449
3.832779
3.886489
3.93291
3.977986
4.023877
4.072712
4.11997
4.185654
4.239523
4.323446000000001
4.3724750000000006
4.436898
4.499218
4.558991
4.622642
4.683286
4.736543999999999
4.798730999999999
4.847816999999999
4.907836999999999
4.985264999999999
5.037434999999999
5.092770999999999
5.152554999999999
5.223572999999998
5.2986119999999985
5.352308999999998
5.404255999999998
5.463938999999998
5.547642999999998
5.609049999999998
5.679924999999998
5.7385259999999985
5.790766999999999
5.853635999999999
5.917669999999999
5.979697999999999
6.054536999999999
6.110402999999999
6.176040999999999
6.240655999999999
6.294073999999998
6.361164999999998
6.416219999999998
6.482936999999998
6.539195999999998
6.600521999999998
6.673114999999998
6.749120999999998
6.808809999999998
6.881868999999997
6.946318999999997
7.016888999999997
7.072504999999997
7.131183999999997
7.198837999999997
7.269330999999997
7.330714999999997
7.394335999999997
7.4559409999999975
7.522512999999997
7.592394999999997
7.668670999999997
7.727444999999997
7.808906999999997
7.864047999999997
7.932361999999997
7.991571999999997
8.062911999999997
8.140510999999996
8.210066999999997
8.275767999999998
8.343743999999997
8.421805999999997
8.486418999999996
8.554007999999996
8.622601999999995
8.686703999999995
8.746235999999996
8.815696999999997
8.888348999999996
8.972808999999996
9.035353999999996
9.105708999999996
9.178120999999996
9.249029999999996
9.315861999999996
9.379820999999996
9.449119999999997
9.519576999999996
9.598371999999996
9.669481999999995
9.741021999999996
9.811130999999996
9.897429999999996
9.961145999999996
10.027917999999996
10.097574999999996
10.159094999999995
10.240222999999995
10.306630999999994
10.396434999999993
10.462031999999994
10.530075999999994
10.601023999999994
10.679040999999994
10.742131999999994
10.817504999999995
10.890395999999996
10.963506999999996
11.046838999999997
11.134746999999997
11.213376999999998
11.294333999999997
11.378447999999997
11.455261999999998
11.533661999999998
11.609187999999998
11.708855999999997
11.787669999999997
11.867461999999996
11.938944999999997
12.022310999999997
12.093130999999996
12.181324999999996
12.260463999999995
12.349721999999995
12.418821999999995
12.497906999999994
12.566782999999994
12.640643999999995
12.739271999999994
12.833584999999994
12.919563999999994
12.986689999999994
13.071556999999993
13.142043999999993
13.226468999999993
13.300013999999992
13.377096999999992
13.453654999999992
13.521007999999993
13.585917999999992
13.651485999999993
13.715077999999993
13.779911999999992
13.867500999999992
13.940254999999992
14.01379299999999
14.092654999999992
14.164893999999991
14.249189999999992
14.327301999999992
14.403065999999992
14.471210999999991
14.55594499999999
14.639857999999991
14.709014999999992
14.782620999999992
14.862456999999992
14.926673999999991
15.002941999999992
15.069805999999993
15.151679999999992
15.259696999999992
15.333949999999993
15.416889999999993
15.483237999999993
15.565500999999992
15.679683999999993
15.752916999999993
15.821169999999993
15.886353999999994
15.949812999999994
16.027361999999993
16.096428999999993
16.189062999999994
16.267870999999992
16.328087999999994
16.400397999999996
16.477664999999995
16.551029999999994
16.624710999999994
16.687286999999994
16.757736999999995
16.819529999999997
16.880948999999998
16.945656999999997
17.029729999999997
17.101929
17.175987999999997
17.251671999999996
17.335439999999995
17.401660999999994
17.490735999999995
17.560737999999994
17.622717999999992
17.68754699999999
17.76355599999999
17.83571299999999
17.91863499999999
17.98089299999999
18.03979099999999
18.11376799999999
18.17698299999999
18.23469399999999
18.308209999999992
18.373133999999993
18.447100999999993
18.521139999999992
18.578521999999992
18.633854999999993
18.714757999999993
18.78772199999999
18.84402699999999
18.90438999999999
18.97177499999999
19.03256899999999
19.10464199999999
19.176681999999992
19.237344999999994
19.296137999999996
19.369710999999995
19.425914999999996
19.492789999999996
19.559101999999996
19.627388999999997
19.693295999999997
19.754249999999995
19.829356999999995
19.886643999999993
19.950761999999994
20.005746999999992
20.065416999999993
20.124395999999994
20.195398999999995
20.258709999999994
20.318665999999993
20.378815999999993
20.457291999999992
20.515586999999993
20.576987999999993
20.635406999999994
20.694128999999993
20.760489999999994
20.821150999999993
20.898670999999993
20.959208999999994
21.014624999999995
21.072226999999994
21.133225999999993
21.198227999999993
21.260507999999994
21.319952999999995
21.377462999999995
21.458347999999994
21.528706999999994
21.599719999999994
21.675041999999994
21.735718999999992
21.81326599999999
21.884476999999993
21.960290999999994
22.038069999999994
22.133736999999993
22.198644999999992
22.268219999999992
22.33431299999999
22.40033699999999
22.46443999999999
22.534569999999988
22.59230499999999
22.65406599999999
22.71291099999999
22.77383799999999
22.836352999999992
22.909878999999993
22.974452999999993
23.056728999999994
23.142822999999993
23.203699999999994
23.267179999999993
23.348957999999993
23.43580099999999
23.50686899999999
23.58187199999999
23.64106799999999
23.69805799999999
23.770941999999987
23.833058999999988
23.91685599999999
23.98348599999999
24.04585899999999
24.127600999999988
24.20079799999999
24.278085999999988
24.352011999999988
24.42049899999999
24.490528999999988
24.570243999999988
24.64015399999999
24.705838999999987
24.768498999999988
24.83916399999999
24.89474599999999
24.953749999999992
25.03042199999999
25.10237099999999
25.16636099999999
25.22389299999999
25.28201399999999
25.343288999999988
25.401875999999987
25.473923999999986
25.554462999999988
25.61277899999999
25.69369999999999
25.755223999999988
25.82417399999999
25.89987599999999
25.97368799999999
26.047373999999987
26.123361999999986
26.197412999999987
26.273060999999988
26.340557999999987
26.416476999999986
26.499376999999985
26.570057999999985
26.641911999999984
26.719826999999984
26.800164999999986
26.875387999999987
26.959386999999985
27.022276999999985
27.082838999999986
27.186440999999984
27.252423999999984
27.317747999999984
27.389506999999984
27.454572999999986
27.515440999999985
27.580617999999983
27.645514999999982
27.72247499999998
27.78589699999998
27.86966299999998
27.975405999999982
28.055974999999982
28.14189899999998
28.22764199999998
28.30851099999998
28.37633199999998
28.46631899999998
28.53558099999998
28.615356999999978
28.68226399999998
28.75510799999998
28.838985999999977
28.921226999999977
28.996994999999977
29.081278999999977
29.161897999999976
29.239584999999977
29.30862899999998
29.38653999999998
29.464193999999978
29.52784999999998
29.59447199999998
29.67293299999998
29.75222899999998
29.819466999999978
29.883551999999977
29.948390999999976
30.022555999999977
30.089091999999976
30.162734999999977
30.246042999999975
30.325420999999974
30.398240999999974
30.461407999999974
30.535335999999973
30.596912999999972
30.65336399999997
30.71320299999997
30.77601999999997
30.83342299999997
30.89374399999997
30.95319299999997
31.01528199999997
31.078664999999972
31.135525999999974
31.213993999999975
31.272075999999974
31.343206999999975
31.401109999999974
31.469844999999975
31.532323999999974
31.593347999999974
31.651703999999974
31.707305999999974
31.769986999999976
31.825597999999975
31.905508999999974
31.982155999999975
32.03710699999998
32.10023099999998
32.15683199999998
32.21463799999998
32.28995699999998
32.36622999999998
32.42660399999998
32.481290999999985
32.53571199999998
32.60496099999998
32.66326799999998
32.71301999999998
32.770432999999976
32.82137299999997
32.880047999999974
32.944756999999974
33.006167999999974
33.06684799999997
33.11961699999997
33.17371699999997
33.23675999999997
33.29185799999997
33.35510299999997
33.42633399999997
33.483397999999966
33.538175999999964
33.607750999999965
33.65524999999997
33.70905599999997
33.76284499999997
33.81234199999997
33.86184099999997
33.91994599999997
33.96291499999997
34.012632999999965
34.062662999999965
34.11689799999996
34.17024899999996
34.22158199999996
34.280483999999966
34.34285099999997
34.42884699999997
34.47772099999997
34.531829999999964
34.579587999999966
34.636979999999966
34.687983999999965
34.74009699999996
34.81426899999996
34.87208099999996
34.93129899999996
34.99574199999996
35.05330599999996
35.12384799999996
35.19205999999996
35.247272999999964
35.32983199999997
35.381044999999965
35.43571899999996
35.48959599999996
35.545045999999964
35.60812899999996
35.666127999999965
35.724544999999964
35.773431999999964
35.823207999999966
35.86961499999997
35.927516999999966
35.97381399999997
36.02272699999997
36.086420999999966
36.13780699999997
36.18880199999997
36.23761199999997
36.28158899999997
36.341337999999965
36.38712299999997
36.43816299999997
36.48729399999997
36.549786999999974
36.597947999999974
36.646181999999975
36.69895999999998
36.74440799999998
36.79221699999998
36.839582999999976
36.891307999999974
36.94191799999997
36.986981999999976
37.04785799999998
37.10128099999998
37.149853999999976
37.19743799999998
37.248692999999975
37.29629299999998
37.34136299999998
37.39021099999998
37.441834999999976
37.50728599999998
37.55927599999998
37.601505999999986
37.657974999999986
37.70150299999999
37.74228199999999
37.78092499999999
37.83048299999999
37.885955999999986
37.934237999999986
37.98940299999999
38.04447599999999
38.10969399999999
38.17305899999999
38.22417199999999
38.27610899999999
38.33598099999999
38.38987999999999
38.46668499999999
38.51334799999999
38.564792999999995
38.62172999999999
38.67554599999999
38.72339899999999
38.772302999999994
38.825601999999996
38.877497999999996
38.934166
38.981977
39.039177
39.098962
39.164298
39.246342000000006
39.297456000000004
39.35090400000001
39.40228400000001
39.44910000000001
39.50731600000001
39.56823600000001
39.63048900000001
39.69861700000001
39.75837700000001
39.81518000000001
39.87645600000001
39.93589700000001
39.98785100000001
40.055258000000016
40.14302600000001
40.195439000000015
40.254565000000014
40.32388700000001
40.37818900000001
40.44543400000001
40.500861000000015
40.569473000000016
40.62579200000002
40.69788900000002
40.75557100000002
40.801096000000015
40.86613300000001
40.92955700000001
40.97943800000001
41.03946100000001
41.09807100000001
41.15820400000001
41.212204000000014
41.259816000000015
41.318511000000015
41.36964900000002
41.42044600000002
41.47858000000002
41.53280000000002
41.58460700000002
41.63901900000002
41.70528800000002
41.76282800000002
41.83110800000002
41.88842700000002
41.95060400000002
42.01409400000002
42.077640000000024
42.13233400000002
42.18603900000002
42.257504000000026
42.32530000000003
42.37865500000003
42.44612500000003
42.498858000000034
42.56859100000003
42.620168000000035
42.68189300000004
42.74027300000004
42.80378200000004
42.86510100000004
42.94167300000004
43.00231000000004
43.065396000000035
43.120362000000036
43.179074000000035
43.26673000000004
43.32539600000004
43.38536800000004
43.45102900000004
43.51319400000004
43.58668200000004
43.64455300000004
43.70644200000004
43.78027800000004
43.856091000000035
43.919205000000034
43.980461000000034
44.03905500000003
44.10003000000003
44.15509300000003
44.21939100000003
44.28827600000003
44.35590400000003
44.42567000000003
44.48225200000003
44.541382000000034
44.60260800000003
44.66266600000003
44.73719500000003
44.79654600000003
44.85703100000003
44.919850000000025
44.99600600000002
45.05991100000002
45.11766900000002
45.18812200000002
45.25349900000002
45.32265700000002
45.39351900000002
45.475515000000016
45.543573000000016
45.605775000000015
45.66818400000002
45.738281000000015
45.80246800000001
45.86852300000001
45.93355800000001
46.008339000000014
46.07857600000001
46.16796400000001
46.23607800000001
46.31288700000001
46.39363700000001
46.46151600000001
46.53974700000001
46.608038000000015
46.683427000000016
46.76087800000002
46.82521100000002
46.88771000000002
46.94794700000002
47.01296900000002
47.08921500000002
47.18232800000002
47.25342600000002
47.32249100000002
47.39957800000002
47.48645100000002
47.55625300000002
47.62947900000002
47.70593100000002
47.77141100000002
47.84678600000002
47.925459000000025
48.009674000000025
48.091551000000024
48.172088000000024
48.241269000000024
48.31235100000002
48.37919200000002
48.46467600000002
48.53849500000002
48.62169600000002
48.696724000000025
48.77675900000003
48.84893100000003
48.91797400000003
48.98868600000003
49.07128300000003
49.139486000000026
49.21386200000003
49.28864900000003
49.37137000000003
49.44325300000003
49.52463400000003
49.597981000000026
49.66448100000002
49.73214600000002
49.81921800000002
49.88873700000002
49.96041600000002
50.02600100000002
50.098024000000024
50.18670900000002
50.26133800000002
50.35238500000003
50.433311000000025
50.51128600000003
50.585708000000025
50.669183000000025
50.74296100000002
50.82408000000002
50.90324400000002
50.97960300000002
51.05433400000002
51.13209100000002
51.220812000000016
51.297643000000015
51.39237100000002
51.48374200000002
51.55397500000002
51.625905000000024
51.698418000000025
