0.051978
0.227138
0.435533
0.627518
0.829536
1.015338
1.204672
1.385364
1.59066
1.798462
1.997614
2.199586
2.385929
2.587704
2.780051
2.977744
3.216282
3.422514
3.624132
3.833513
4.022697
4.219126
4.4219550000000005
4.607818000000001
4.831244000000001
5.021584000000001
5.209499000000001
5.403155000000001
5.585433000000001
5.773849000000001
5.960446000000001
6.146031000000001
6.331920000000001
6.522053000000001
6.713575000000001
6.9016410000000015
7.096784000000001
7.288825000000001
7.498604000000001
7.6977790000000015
7.893894000000001
8.093264000000001
8.293969
8.505661
8.706666
8.923849
9.123948
9.313132
9.523576
9.712127
9.902295
10.132928
10.318396
10.500491
10.693101
10.878133
11.055489
11.232208
11.418978
11.591455
11.780117
11.956934
12.150853
12.358584
12.557500000000001
12.758854000000001
12.937303000000002
13.101443000000002
13.280968000000001
13.452892000000002
13.628053000000001
13.7954
13.993200000000002
14.197147000000001
14.390258000000001
14.59063
14.779848000000001
14.980217000000001
15.185685000000001
15.389488000000002
15.585184000000002
15.784751000000002
15.978857000000001
16.173879000000003
16.363988000000003
16.551211000000002
16.748698
16.94367
17.129001000000002
17.335239
17.531831
17.745753
17.950349
18.148571
18.331758
18.518216000000002
18.710584
18.905292
19.126354
19.327851
19.525425
19.711233
19.897701
20.081141000000002
20.270769
20.452883
20.627716
20.817101
20.997528000000003
21.187599000000002
21.370864
21.544108
21.725242
21.91625
22.114047000000003
22.318151000000004
22.536018000000002
22.733046
22.931933
23.118098
23.300114
23.48139
23.674622
23.868163
24.046167999999998
24.229695999999997
24.411324999999998
24.586299999999998
24.771234999999997
24.959023999999996
25.138729999999995
25.317822999999997
25.484792999999996
25.670595999999996
25.836680999999995
26.007230999999994
26.174694999999993
26.34570499999999
26.519833999999992
26.682861999999993
26.858591999999994
27.026033999999996
27.190485999999996
27.350844999999996
27.539595999999996
27.705921999999997
27.889297
28.050905
28.21726
28.386609
28.555001
28.727123000000002
28.891104000000002
29.060651000000004
29.228890000000003
29.394812
29.567024
29.730781
29.888934
30.065907
30.23237
30.39236
30.558896
30.723671
30.87841
31.037639
31.210015
31.379043
31.546302
31.718152
31.883076
32.045102
32.20673
32.365443
32.521068
32.710522
32.877553999999996
33.042052999999996
33.218613999999995
33.376493999999994
33.53997999999999
33.704637999999996
33.887269999999994
34.05877699999999
34.23679899999999
34.40174199999999
34.55974099999999
34.72428699999999
34.88657899999999
35.06301899999999
35.22956799999999
35.40174199999999
35.58495599999999
35.74227899999999
35.91147499999999
36.08416799999999
36.267104999999994
36.44915499999999
36.62926099999999
36.81072399999999
36.988333999999995
37.15683799999999
37.35005999999999
37.52790499999999
37.70755199999999
37.887226999999996
38.060900999999994
38.249005999999994
38.430505999999994
38.608731999999996
38.798475999999994
38.984511999999995
39.161871
39.333448
39.504974
39.685587
39.862024
40.038641
40.222595
40.39496
40.568689
40.727131
40.897803
41.074472
41.262184
41.448839
41.639473
41.809191000000006
41.978061000000004
42.15359900000001
42.33719000000001
42.520118000000004
42.689015000000005
42.863728
43.051616
43.223915000000005
43.402447
43.591792000000005
43.77520500000001
43.96721500000001
44.15563700000001
44.33049900000001
44.51520600000001
44.697102000000015
44.879505000000016
45.05694600000002
45.22790500000002
45.40833900000002
45.58145800000002
45.76196100000002
45.94329400000002
46.125781000000025
46.31000700000003
46.49543800000003
46.67657800000003
46.880813000000025
47.047541000000024
47.23660700000002
47.42663100000002
47.63643800000002
47.83236300000002
48.03082500000002
48.21087800000002
48.40009300000002
48.58565500000002
48.77270700000002
48.96733600000002
49.15087600000002
49.34022700000002
49.53744000000002
49.72120200000002
49.90902300000002
50.10115500000002
50.28961300000002
50.47369600000002
50.655954000000015
50.83360600000002
51.02410300000002
51.20911700000002
51.39885700000002
51.608555000000024
51.80735200000002
51.995200000000025
52.18775100000003
52.371593000000026
52.55197800000003
52.73009100000003
52.91699700000003
53.09930000000003
53.29269800000003
53.49423800000003
53.68485400000003
53.86090800000003
54.04487000000003
54.23213400000003
54.40930000000003
54.58256100000003
54.765700000000024
54.94678100000002
55.13240700000002
55.33898800000002
55.52858200000002
55.72496700000002
55.92248400000002
56.11051500000002
56.29740200000002
56.48654100000002
56.68116300000002
56.85880600000002
57.04154400000002
57.22887600000002
57.44529800000002
57.654901000000024
57.848780000000026
58.057621000000026
58.26129300000002
58.45452300000002
58.650265000000026
58.83540600000003
59.02966600000003
59.21178500000003
59.40187700000003
59.589035000000024
59.76974500000002
59.960925000000024
60.17303200000003
60.385614000000025
60.58597400000003
60.79268600000003
60.99902600000003
61.20190800000003
61.410970000000034
61.612752000000036
61.819373000000034
62.02804400000004
62.24162900000004
62.46302100000004
62.66991800000004
62.88701600000004
63.094701000000036
63.327275000000036
63.53733600000004
63.750470000000035
63.968908000000035
64.17777600000004
64.38962300000004
64.59828600000004
64.79507400000004
64.99757900000004
65.20941600000005
65.41584700000004
65.63301800000004
65.85551000000004
66.06783500000004
66.29093500000005
66.51928600000005
66.75052500000005
66.96786900000005
67.19226500000005
67.41594300000006
67.63526400000005
67.85573600000005
68.08070600000005
68.29220300000004
68.51678400000004
68.76313100000004
68.99955800000005
69.22679700000005
69.45297300000004
69.68126900000004
69.89815700000004
70.12086000000004
70.34481600000004
70.56359600000003
70.78698300000003
71.02861900000003
71.27052900000004
71.53515600000004
71.76989700000004
72.01427200000005
72.24335900000005
72.48337300000006
72.70405300000006
72.92244900000006
73.16078400000006
73.38470400000007
73.61150200000007
73.84167300000007
74.06817000000007
74.28766400000006
74.53246700000007
74.75792900000006
75.00346500000006
75.24391300000006
75.47069100000006
75.71112900000006
75.96323000000005
76.20673900000006
76.45063800000005
76.69993700000005
76.96608100000005
77.22206200000005
77.46493700000005
77.71456700000005
77.94493200000005
78.19113400000005
78.43877000000005
78.67782000000005
78.91245600000005
79.15538500000005
79.39554300000005
79.63479200000005
79.86937400000005
80.11688400000006
80.35837100000006
80.59886800000007
80.83836300000007
81.09208500000007
81.33847400000006
81.58595500000006
81.83453800000005
82.07153300000004
82.32324500000004
82.58321600000004
82.82806400000004
83.08292200000004
83.33773800000004
83.58453300000005
83.83621100000005
84.08453700000005
84.32728100000006
84.58232100000005
84.86572300000005
85.13246400000004
85.38849500000003
85.65180600000004
85.91965100000003
86.18512100000002
86.43690200000002
86.70080800000002
86.96833300000003
87.21664700000002
87.47028700000003
87.71992100000003
87.97568700000002
88.23800200000002
88.48827100000003
88.75429900000003
89.02338200000003
89.29295100000003
89.56268000000003
89.82631000000003
90.09161600000003
90.35308800000003
90.62599100000003
90.88955600000003
91.15013900000002
91.40774100000003
91.66354700000004
91.91648100000003
92.18975000000003
92.45647500000003
92.71888200000002
92.98709800000002
93.28766700000001
93.54466000000001
93.80921300000001
94.06173200000002
94.32761800000002
94.59224400000002
94.84356100000002
95.09941700000002
95.38783200000002
95.67499100000002
95.93657600000002
96.21386000000001
96.48709000000001
96.75560300000001
97.029561
97.296784
97.572093
97.84727699999999
98.13051999999999
98.41377999999999
98.67852899999998
98.93853799999998
99.21019299999998
99.47408699999997
99.73263299999996
99.98479899999997
100.22784099999997
100.51232799999997
100.75596199999997
100.99410899999997
101.22835999999997
101.48730699999997
101.71725599999998
101.94948299999997
102.18775499999997
102.41754599999997
102.64617899999998
102.89476699999997
103.12082799999997
103.36672799999998
103.62009699999999
103.88262999999999
104.131593
104.37655699999999
104.61834699999999
104.85554499999999
105.090082
105.323685
105.557704
105.793122
106.02194899999999
106.25201999999999
106.47885899999999
106.70596999999998
106.93141299999998
107.15438299999998
107.37732499999998
107.61514399999999
107.84308699999998
108.08571499999998
108.30528599999998
108.53046699999999
108.76067399999998
108.98660899999999
109.20238799999998
109.42802199999998
109.66617599999998
109.89751399999997
110.12339599999997
110.35605999999997
110.58062599999997
110.80964199999997
111.04115499999997
111.25690899999998
111.48016499999999
111.70856399999998
111.92614199999998
112.15120199999998
112.37945899999998
112.60768999999998
112.85034599999997
113.08627499999997
113.33913799999998
113.59151499999997
113.82081099999998
114.07786699999998
114.30975099999998
114.53395699999997
114.76511199999997
114.99188499999997
115.22458899999997
115.45591899999997
115.69142199999996
115.91867199999996
116.13754499999996
116.35337299999996
116.56718699999996
116.78289799999996
116.99977599999995
117.21203199999995
117.42802099999994
117.64393799999995
117.86408799999995
118.10008599999995
118.32976199999995
118.54491999999995
118.76057399999995
118.98768399999994
119.21559599999995
119.44930699999995
119.68092099999994
119.90456199999994
120.13486799999994
120.38590899999994
120.62816199999995
120.88050899999995
121.12980299999995
121.38209399999995
121.64625099999995
121.90285699999995
122.13188399999996
122.35691399999996
122.59521399999996
122.83864399999996
123.07841199999996
123.31377199999996
123.54694299999996
123.76914099999996
123.98922399999996
124.21511199999996
124.44710999999997
124.68822799999997
124.91708199999997
125.14031799999997
125.35532299999997
125.58198699999997
125.81660399999997
126.03133499999997
126.24122399999997
126.45585699999998
126.66551099999998
126.89330299999997
127.12276299999998
127.34338499999998
127.57368299999999
127.79956999999999
128.022789
128.245048
128.467122
128.69118799999998
128.91570099999998
129.14133099999998
129.35414899999998
129.57992399999998
129.80345099999997
130.02081699999997
130.24212899999998
130.47013199999998
130.69041399999998
130.90831399999996
131.11953299999996
131.32708099999996
131.54116599999998
131.75371299999998
131.953793
132.166702
132.40051899999997
132.62730799999997
132.85448199999996
133.08016799999996
133.31526999999997
133.57177499999997
133.80936099999997
134.04790899999998
134.262591
134.47148499999997
134.69384499999998
134.90542799999997
135.15063499999997
135.36678699999996
135.58534899999995
135.81926099999995
136.03530599999996
136.24744799999996
136.45846499999996
136.67413099999996
136.88193699999997
137.08298299999996
137.29385599999995
137.52305899999996
137.74233799999996
137.97367999999997
138.18967099999998
138.42062499999997
138.64364499999996
138.87243199999998
139.08920499999996
139.32303799999997
139.54645599999998
139.76825799999997
139.97923399999996
140.20669999999996
140.42635899999996
140.64213299999997
140.86171299999998
141.08564099999998
141.30075899999997
141.51703399999997
141.72175299999998
141.949076
142.183821
142.430869
142.663634
142.883798
143.100184
143.325951
143.554305
143.802561
144.029397
144.25972
144.483041
144.700653
144.914772
145.136008
145.367573
145.576178
145.775174
145.975945
146.197646
146.426562
146.666397
146.89798499999998
147.136801
147.373832
147.61953
147.848615
148.084468
148.31407099999998
148.53940899999998
148.76074999999997
148.99129299999998
149.22678799999997
149.44976999999997
149.68010799999996
149.90193699999998
150.11852799999997
150.33997699999998
150.569056
150.792027
151.008073
151.235623
151.443525
151.669982
151.923815
152.172651
152.41796
152.671527
152.910488
153.137319
153.373221
153.606124
153.8547
154.07959100000002
154.30440000000002
154.521669
154.73445900000002
154.97081100000003
155.19907900000004
155.42928200000003
155.66249600000003
155.89373000000003
156.13693700000005
156.38773800000004
156.64000200000004
156.88421100000005
157.12345500000006
157.35697100000007
157.5980610000001
157.8257040000001
158.05246200000008
158.28003500000008
158.4998190000001
158.73495000000008
158.95592000000008
159.19394600000007
159.40701000000007
159.62656900000007
159.85830300000006
160.07894600000006
160.28120200000006
160.49103400000007
160.69985200000008
160.9060450000001
161.1101620000001
161.3059240000001
161.5031940000001
161.7114870000001
161.9197680000001
162.1325740000001
162.3368250000001
162.5524070000001
162.7550670000001
162.95316600000012
163.15551600000012
163.36006800000013
163.56309000000013
163.76926200000014
163.97386700000013
164.16799000000012
164.3658290000001
164.5687430000001
164.7591910000001
164.9478210000001
165.1404220000001
165.35258800000008
165.55030000000008
165.76063200000007
165.95854900000006
166.16356200000007
166.35968000000008
166.56341800000007
166.76493300000007
166.96270400000006
167.15828600000006
167.35361700000007
167.55298900000008
167.7597020000001
167.95239400000008
168.17171900000008
168.37540800000008
168.57354400000008
168.7751920000001
168.9775750000001
169.17312700000008
169.36932100000007
169.56550200000007
169.75740500000006
169.95365700000005
170.15209100000004
170.36300300000005
170.56120900000005
170.76032100000006
170.97216900000006
171.17432600000006
171.37681000000006
171.57670000000007
171.78790600000008
172.01253200000008
172.22620500000008
172.45156800000007
172.66707400000007
172.89418800000007
173.11278100000007
173.33256200000008
173.54273600000008
173.77225900000008
173.99179100000006
174.21792900000005
174.44358600000007
174.66138200000006
174.87616300000005
175.09464400000005
175.31094100000004
175.53113300000004
175.78591700000004
176.02785700000004
176.27453000000003
176.49934500000003
176.72865600000003
176.94899200000003
177.17703900000004
177.41886000000002
177.652147
177.874342
178.097463
178.316193
178.543244
178.759704
178.998639
179.242834
179.487904
179.729738
179.964736
180.19390099999998
180.42359399999998
180.65679599999999
180.890809
181.11973899999998
181.34251099999997
181.55783399999999
181.79280899999998
182.01285299999998
182.238037
182.453495
182.68121200000002
182.90094700000003
183.13747800000004
183.37109200000003
183.59464200000002
183.81242600000002
184.02685100000002
184.23729000000003
184.46386200000003
184.68738900000002
184.89869000000002
185.105227
185.317065
185.53200500000003
185.74371000000002
185.95437900000002
186.171319
186.39525500000002
186.61626300000003
186.84262600000002
187.06586800000002
187.279208
187.496758
187.711315
187.92686600000002
188.15164600000003
188.36420400000003
188.59236800000002
188.80850600000002
189.02497700000004
189.24774100000005
189.47407900000005
189.68407900000005
189.89263000000005
190.11591300000006
190.33645700000005
190.53720000000004
190.74696400000005
190.95744300000004
191.16760400000004
191.38717700000004
191.60471100000004
191.82413200000005
192.04091700000004
192.24892700000004
192.46217400000003
192.67714100000003
192.89169300000003
193.09953800000002
193.31298800000002
193.51670600000003
193.72797000000003
193.92787100000004
194.13209400000005
194.34141900000006
194.56976400000005
194.77280600000006
194.98257600000005
195.20363300000005
195.40175400000004
195.60439900000003
195.81135300000003
196.02014300000002
196.241206
196.444241
196.64296000000002
196.856242
197.07982700000002
197.31753200000003
197.54941700000003
197.78250900000003
198.02114400000002
198.25780600000002
198.48722600000002
198.71543400000002
198.95043700000002
199.18244600000003
199.39899300000002
199.62492200000003
199.83715600000002
200.07422800000003
200.29896800000003
200.52671000000004
200.74766400000004
200.95921000000004
201.17492100000004
201.39430900000005
201.60157900000004
201.81291200000004
202.03615400000004
202.25810300000003
202.48124500000003
202.70928700000002
202.942158
203.16486500000002
203.39229300000002
203.60615200000004
203.82254500000005
204.03499600000004
204.24580900000004
204.45357600000003
204.66295900000003
204.87211500000004
205.08396700000003
205.29136900000003
205.53408200000004
205.76928600000005
206.01088300000006
206.23835600000007
206.46061900000007
206.69459400000005
206.91877400000004
207.15534200000005
207.38834600000004
207.62936500000004
207.85858500000003
208.08378200000004
208.28879000000003
208.50530400000002
208.74549000000002
208.990156
209.223926
209.469016
209.70985100000001
209.94054400000002
210.16596900000002
210.391421
210.62124300000002
210.83989300000002
211.06269100000003
211.27588200000002
211.49278500000003
211.71329800000004
211.92496800000004
212.13827300000003
212.34862000000004
212.55624200000003
212.76144500000004
212.97554300000004
213.20077100000003
213.42902400000003
213.66997200000003
213.89570600000002
214.123343
214.351481
214.572448
214.798413
215.01373900000002
215.22083
215.441139
215.659506
215.882345
216.088437
216.28513
216.492218
216.691428
216.90631
217.115545
217.316366
217.52461499999998
217.73172599999998
217.939529
218.136284
218.344112
218.552839
218.75774900000002
218.963872
219.16202900000002
219.368219
219.565382
219.765552
219.94689200000002
220.13637400000002
220.317721
220.494565
220.66467
220.843471
221.027446
221.2115
221.392825
221.577788
221.759465
221.944122
222.125002
222.298532
222.470902
222.648794
222.83039000000002
223.01971100000003
223.20267900000002
223.39225600000003
223.57182400000002
223.76772000000003
223.95037800000003
224.12704500000004
224.30142600000005
224.47266100000004
224.64275700000005
224.82561400000006
224.99062900000007
225.18005800000006
225.36337500000005
225.54102800000004
225.71916300000004
225.90019400000003
226.08597200000003
226.25724100000002
226.43546600000002
226.62156800000002
226.82020100000003
227.01676100000003
227.21948300000003
227.41195100000002
227.59628500000002
227.786434
227.979161
228.169225
228.358563
228.550296
228.748593
228.947384
229.144515
229.345941
229.54685500000002
229.75523500000003
229.93485100000004
230.12406800000005
230.31608300000005
230.50496600000005
230.69924700000004
230.88237100000003
231.07077100000004
231.27138500000004
231.46972300000004
231.66982500000003
231.85599800000003
232.04327100000003
232.22168800000003
232.38817000000003
232.56142700000004
232.73501200000004
232.90024900000003
233.06634600000004
233.25030300000003
233.42887100000004
233.60499300000004
233.77970900000003
233.95473
234.143122
234.32439
234.512576
234.705886
234.90369099999998
235.09189999999998
235.27736299999998
235.47286599999998
235.662546
235.851022
236.034127
236.23047300000002
236.42747500000002
236.63409800000002
236.84045500000002
237.03869600000002
237.23209100000003
237.42305500000003
237.62204100000002
237.818427
238.03582500000002
238.235387
238.431284
238.635415
238.835895
239.028256
239.24335
239.46229499999998
239.67576499999998
239.88757199999998
240.09684
240.314865
240.518259
240.719317
240.923394
241.115451
241.338636
241.545684
241.76433699999998
241.97516199999998
242.17938999999998
242.378718
242.58803899999998
242.791879
242.999531
243.189158
243.39182599999998
243.58463099999997
243.76953799999998
243.96414499999997
244.156199
244.34722799999997
244.54057399999996
244.73921199999995
244.94185299999995
245.13647899999995
245.32963599999997
245.52871599999997
245.72473499999998
245.913693
246.113079
246.307186
246.49802400000002
246.68887400000003
246.87929000000003
247.06339800000003
247.26764900000003
247.46073900000005
247.64804100000003
247.84264300000004
248.04339800000002
248.22439000000003
248.41531600000002
248.60084500000002
248.80254700000003
249.00290500000003
249.19973600000003
249.39207100000004
249.58527900000004
249.78326000000004
249.98251000000005
250.19931100000005
250.38386700000004
250.58466400000003
250.77730600000004
250.97772500000005
251.17636600000006
251.36275200000006
251.55479000000005
251.73908300000005
251.91989100000006
252.13340900000006
252.32327000000006
252.51241500000006
252.69886100000005
252.90011300000006
253.08783200000005
253.27230600000004
253.46552300000005
253.66095100000004
253.84399400000004
254.02745300000004
254.21018700000005
254.39098000000004
254.57573100000005
254.75599600000004
254.95431600000003
255.14620900000003
255.32431500000004
255.50630900000004
255.72405000000003
255.93558300000004
256.132082
256.334856
256.534666
256.725474
256.92035400000003
257.10868000000005
257.30888400000003
257.5088
257.713888
257.952503
258.169948
258.38388999999995
258.61241099999995
258.82947699999994
259.04317299999997
259.25767399999995
259.46816199999995
259.67966599999994
259.89440099999996
260.11256099999997
260.342137
260.57249199999995
260.788712
261.013517
261.264756
261.501238
261.743912
261.977885
262.214088
262.443097
262.677479
262.901478
263.125343
263.348744
263.572789
263.789517
264.007943
264.221517
264.426264
264.632739
264.842507
265.04708600000004
265.250398
265.452736
265.641926
265.840208
266.051938
266.244437
266.441813
266.64508
266.8517
267.061281
267.27004600000004
267.47240400000004
267.687247
267.895751
268.09364200000005
268.28797900000006
268.4872660000001
268.6937750000001
268.89384800000005
269.1033120000001
269.3055980000001
269.5278270000001
269.7266030000001
269.9170590000001
270.1144870000001
270.3156340000001
270.5228260000001
270.7266520000001
270.93393400000014
271.14431000000013
271.37383700000015
271.59237900000016
271.80472000000015
272.02909600000015
272.24313500000017
272.46236900000014
272.68028100000015
272.91349200000013
273.1408080000001
273.3701900000001
273.5906340000001
273.8220720000001
274.0436650000001
274.24587500000007
274.4711690000001
274.6791950000001
274.8893880000001
275.1004800000001
275.3132020000001
275.51825200000013
275.7247600000001
275.9265200000001
276.1509200000001
276.3855120000001
276.6133910000001
276.8330130000001
277.0345860000001
277.2215410000001
277.45012200000014
277.65131300000013
277.87527600000016
278.09088300000013
278.2910010000001
278.48261200000013
278.6747750000001
278.87463000000014
279.07180400000016
279.27716000000015
279.4832440000001
279.68629200000015
279.90553100000017
280.11788600000017
280.34664000000015
280.56685100000016
280.78710700000016
281.00653000000017
281.23676400000016
281.46918500000015
281.69372700000014
281.92013000000014
282.13928500000014
282.36879100000016
282.5912260000002
282.8143330000002
283.03631500000023
283.26620200000025
283.4912440000002
283.72448800000024
283.94640600000025
284.17873100000025
284.4091360000003
284.64295100000027
284.8731750000003
285.1072290000003
285.3405850000003
285.5676210000003
285.79280200000034
286.0200490000003
286.2482280000003
286.46654300000034
286.69013100000035
286.91315300000036
287.12952100000035
287.34834700000033
287.57175100000035
287.8011600000003
288.0263540000003
288.2470950000003
288.4584420000003
288.6784260000003
288.9113520000003
289.1220980000003
289.35526800000025
289.57218900000026
289.7869720000003
289.99259900000027
290.2149420000003
290.4424850000003
290.6511050000003
290.8608480000003
291.0680990000003
291.2677140000003
291.4801730000003
291.6944400000003
291.9091830000003
292.12918800000034
292.3584130000003
292.5734740000003
292.7924360000003
293.0173340000003
293.2359430000003
293.4482910000003
293.6712330000003
293.9083610000003
294.1320630000003
294.3583630000003
294.58353500000027
294.8151130000003
295.0343590000003
295.2468280000003
295.4635020000003
295.68255200000027
295.90911700000026
296.12284900000026
296.35379700000027
296.56519000000026
296.78159900000026
296.9888780000003
297.2207700000003
297.4616500000003
297.6835550000003
297.9013750000003
298.1386550000003
298.3757330000003
298.6041020000003
298.8279190000003
299.0581220000003
299.2858620000003
299.5226220000003
299.7440190000003
299.9543790000003
300.1827030000003
300.4090590000003
300.6350480000003
300.86301900000035
301.08584200000035
301.33305000000036
301.5533670000004
301.7768020000004
302.00001400000036
302.22621300000037
302.47268300000036
302.6998880000004
302.9203220000004
303.1439050000004
303.3680180000004
303.5919210000004
303.81383500000044
304.0323880000004
304.24588100000045
304.4566950000005
304.6770230000005
304.8936310000005
305.11227300000047
305.3464380000005
305.57091400000047
305.80137200000047
306.0286010000005
306.25019800000047
306.4661240000005
306.6859490000005
306.9072180000005
307.1192890000005
307.3433790000005
307.5754350000005
307.80247700000047
308.0310800000005
308.2647550000005
308.5083620000005
308.7402640000005
308.9544650000005
309.17473000000047
309.40140800000046
309.61746200000044
309.81739300000044
310.0161360000004
310.2227020000004
310.4381230000004
310.6688500000004
310.8910280000004
311.1025330000004
311.3295520000004
311.53950200000037
311.7600500000004
311.9889780000004
312.22612500000037
312.45408900000035
312.68221400000033
312.92054800000034
313.15448400000037
313.3836080000004
313.6215770000004
313.8744020000004
314.1000140000004
314.32336400000037
314.5641060000004
314.79148600000036
315.0163060000004
315.2667720000004
315.5035650000004
315.74872900000037
316.0150890000004
316.25942600000036
316.48768500000034
316.73193400000036
316.95877400000035
317.17646900000034
317.39935700000035
317.62159900000034
317.8615230000003
318.0805230000003
318.2989680000003
318.51430500000026
318.7284300000003
318.9465300000003
319.18051000000025
319.40464300000025
319.6225230000002
319.85316000000023
320.08698400000026
320.3078630000003
320.5322530000003
320.7545920000003
320.9628490000003
321.1765530000003
321.3887080000003
321.5990210000003
321.81082300000025
322.03060600000026
322.25303500000024
322.48353400000025
322.70349800000025
322.93372700000026
323.16502400000024
323.39709700000026
323.6336500000003
323.88286400000027
324.1251780000003
324.36179300000026
324.61109500000026
324.84709900000024
325.0762370000002
325.29882800000024
325.5212780000002
325.74087500000024
325.97061200000024
326.21950900000024
326.4776000000002
326.7197730000002
326.9717760000002
327.2225850000002
327.4719830000002
327.7134450000002
327.95260600000023
328.18429100000026
328.41638000000023
328.6645650000002
328.90706000000023
329.1399290000002
329.37585200000024
329.60947800000025
329.8390230000002
330.06366800000023
330.28971000000024
330.52266800000024
330.7508610000002
330.9671780000002
331.1846500000002
331.4064050000002
331.6257090000002
331.8689300000002
332.1019240000002
332.3304020000002
332.56011300000023
332.7854700000002
333.0102700000002
333.2296090000002
333.4441980000002
333.6576960000002
333.8727520000002
334.0905380000002
334.3280730000002
334.5504860000002
334.7607430000002
334.9746730000002
335.19496600000025
335.43974700000024
335.6723710000002
335.90890500000023
336.14610600000026
336.38286800000026
336.6171210000003
336.8590150000003
337.08858100000026
337.33137800000026
337.57269200000025
337.80733700000025
338.0445830000003
338.2761200000003
338.5293590000003
338.7556280000003
338.9922800000003
339.23426800000027
339.4968950000003
339.7417810000003
339.9840870000003
340.2258220000003
340.46936700000026
340.7138180000003
340.9518530000003
341.1830980000003
341.4141280000003
341.64801800000026
341.87481300000024
342.10069400000026
342.3232400000003
342.5399350000003
342.7558280000003
342.9858380000003
343.2138440000003
343.4290770000003
343.6680740000003
343.9025280000003
344.1302890000003
344.35357200000027
344.5881910000003
344.82777800000025
345.05400200000025
345.26328300000023
345.4847230000002
345.7163110000002
345.9395690000002
346.1665060000002
346.4152650000002
346.6482070000002
346.8770920000002
347.1271140000002
347.3460900000002
347.5713370000002
347.7954140000002
348.0167410000002
348.2400180000002
348.4653770000002
348.6815370000002
348.9187300000002
349.1483300000002
349.3784810000002
349.5934750000002
349.8085120000002
350.0280410000002
350.2371450000002
350.4355420000002
350.65307400000023
350.86454700000024
351.09470500000026
351.31431800000024
351.54367400000024
351.7693200000002
351.99101000000024
352.2163440000002
352.44046700000024
352.64760300000023
352.8562060000002
353.0976680000002
353.3233580000002
353.53565800000024
353.75981400000023
353.9833420000002
354.2164660000002
354.4425920000002
354.6815350000002
354.90732600000024
355.1173010000002
355.3231330000002
355.5362710000002
355.7370100000002
355.93554000000023
356.1422540000002
356.3492260000002
356.55175600000024
356.76892400000025
356.97034000000025
357.17375900000025
357.39080100000024
357.61994400000026
357.8383020000003
358.0423250000003
358.2613690000003
358.46743100000026
358.67247800000024
358.87262100000027
359.0836660000003
359.2795820000003
359.48974200000026
359.68492400000025
359.88201100000026
360.07032800000025
360.26174600000024
360.44089100000025
360.65534100000025
360.8637210000002
361.04767600000025
361.2373490000003
361.4217360000003
361.6001800000003
361.7715160000003
361.9715100000003
362.15958500000033
362.3414820000003
362.52229000000034
362.7085590000003
362.8919440000003
363.1014570000003
363.2922450000003
363.48915300000033
363.7030870000003
363.90334800000034
364.1022500000003
364.3110710000003
364.52352900000034
364.7261630000003
364.94121800000033
365.15105000000034
365.36675500000035
365.5802270000004
365.7866620000004
366.0019690000004
366.21188100000035
366.42786300000034
366.64365800000036
366.88022600000033
367.1206630000003
367.35057100000034
367.5696220000003
367.7920440000003
368.0094270000003
368.2170060000003
368.4251470000003
368.65492200000034
368.87974600000035
369.10153100000036
369.34001200000034
369.5823000000003
369.8203680000003
370.06142200000033
370.28040900000036
370.50323500000036
370.72727600000036
370.94670300000035
371.1661640000004
371.40363300000035
371.61768600000033
371.84724300000033
372.06708700000036
372.2981650000004
372.5127220000004
372.7359230000004
372.9456190000004
373.15247800000043
373.3616450000004
373.5783230000004
373.7893330000004
373.9976110000004
374.2107330000004
374.4265460000004
374.6618230000004
374.8802690000004
375.0937370000004
375.30364600000036
375.5136290000004
375.70985000000036
375.91563200000036
376.10977400000036
376.31323800000035
376.51048000000037
376.70442800000035
376.90505300000035
377.10693500000036
377.3011110000004
377.5047330000004
377.74708800000036
377.9594390000004
378.18110300000035
378.38903800000037
378.5993570000004
378.8087340000004
379.0145810000004
379.2084380000004
379.4113980000004
379.6324890000004
379.8380270000004
380.0414690000004
380.2541240000004
380.4635710000004
380.6635520000004
380.8710650000004
381.08158100000037
381.32552500000037
381.54014100000035
381.76347800000036
381.98304900000034
382.19817300000034
382.3923430000003
382.59150000000034
382.78643100000033
382.9789140000003
383.1724430000003
383.3675130000003
383.5614140000003
383.7707020000003
383.9644470000003
384.1756570000003
384.3827040000003
384.58630700000026
384.78180900000024
384.98562800000025
385.17890900000026
385.39138600000024
385.5982080000002
385.8017910000002
386.0026230000002
386.2064610000002
386.3881820000002
386.5734110000002
386.7793680000002
386.9831940000002
387.2080530000002
387.3933370000002
387.5773540000002
387.7662500000002
387.9601820000002
388.1494230000002
388.3441770000002
388.55113200000017
388.7723030000002
388.9744800000002
389.1609060000002
389.34954200000016
389.54769800000014
389.74678900000015
389.94243400000016
390.12885500000016
390.31662300000016
390.51531900000015
390.6888020000001
390.86409500000013
391.0440620000001
391.27680700000013
391.47328700000014
391.65478900000016
391.84120600000017
392.03197200000017
392.2176600000002
392.4071480000002
392.61498800000015
392.8136680000002
393.01722600000016
393.20866400000017
393.3968810000002
393.5931830000002
393.8054650000002
394.0141240000002
394.2281550000002
394.4382490000002
394.6480560000002
394.8543370000002
395.05648400000024
395.24951300000026
395.46230400000024
395.68298900000025
395.92790700000023
396.16962100000023
396.3937130000002
396.5903370000002
396.7924020000002
397.0030300000002
397.2221440000002
397.44144100000017
397.66085500000014
397.8728130000001
398.0981220000001
398.3174150000001
398.5261670000001
398.7522670000001
398.97140900000005
399.20073500000007
399.41973500000006
399.63553800000005
399.84843200000006
400.06115400000004
400.26253600000007
400.4723400000001
400.6847530000001
400.8986450000001
401.1071830000001
401.3216800000001
401.54777400000006
401.77424300000007
401.9880140000001
402.21044000000006
402.44526400000007
402.6615720000001
402.8854550000001
403.1248900000001
403.3460270000001
403.5658060000001
403.7857360000001
404.0269450000001
404.26441600000015
404.51978000000014
404.76613000000015
405.01575300000013
405.25077900000014
405.48296100000016
405.73368500000015
405.97313100000014
406.18654600000013
406.4064250000001
406.6235990000001
406.83743200000015
407.05861800000014
407.2651030000001
407.47774600000014
407.69910400000015
407.91189000000014
408.13136100000014
408.35140700000017
408.56681200000014
408.78108100000014
408.99654200000015
409.21007400000013
409.41819300000014
409.6265940000001
409.84450100000015
410.06766000000016
410.29382100000015
410.5218600000002
410.7496060000002
410.9607110000002
411.18165000000016
411.4164910000002
411.6464770000002
411.86491900000016
412.0760720000002
412.3022520000002
412.5194020000002
412.7317850000002
412.96209300000015
413.19243100000017
413.41044500000015
413.6340010000001
413.8602750000001
414.0880080000001
414.3143420000001
414.5428650000001
414.7798840000001
415.0023630000001
415.2370800000001
415.4625780000001
415.6888690000001
415.92078500000014
416.15169600000013
416.3712620000001
416.5901310000001
416.8212620000001
417.0401200000001
417.26120400000013
417.48070900000016
417.70040100000017
417.92253200000016
418.1518580000002
418.36964300000017
418.5871250000002
418.7999310000002
419.0083640000002
419.2219520000002
419.4363600000002
419.66739400000023
419.8753910000002
420.0977480000002
420.3225290000002
420.5404970000002
420.7600560000002
420.9899690000002
421.2155320000002
421.43115000000023
421.64686100000023
421.8517920000002
422.0630990000002
422.2815760000002
422.4901110000002
422.7242730000002
422.9370500000002
423.1424580000002
423.3564330000002
423.5585010000002
423.7694860000002
424.0062780000002
424.23402000000016
424.44448600000015
424.65604900000017
424.87828700000017
425.1091200000002
425.32517700000017
425.55570300000016
425.79087200000015
426.01861200000013
426.24832600000013
426.4646250000001
426.68359100000015
426.90108300000014
427.12876500000016
427.33361900000017
427.5389430000002
427.7470950000002
427.95315000000016
428.17836800000015
428.39245700000015
428.6187610000002
428.84170200000017
429.03833100000014
429.2503790000001
429.4542950000001
429.66142100000013
429.8736890000001
430.07077200000015
430.28454000000016
430.49375100000015
430.69912700000015
430.9086560000001
431.1206350000001
431.32397500000013
431.52205300000014
431.73026900000013
431.94401100000016
432.14106400000014
432.34552900000017
432.56129100000015
432.77424800000017
432.98123200000015
433.19469800000013
433.40013900000014
433.60765200000014
433.81492300000014
434.0212930000001
434.2224910000001
434.43209000000013
434.63257200000015
434.8382960000001
435.0428230000001
435.2442890000001
435.4592750000001
435.6643880000001
435.85979800000007
436.07258700000006
436.28019600000005
436.48792100000003
436.69994
436.91089400000004
437.13494000000003
437.34078200000005
437.54008500000003
437.73005500000005
437.93487500000003
438.12335
438.313144
438.500306
438.687789
438.872412
439.068269
439.27142499999997
439.45365499999997
439.63643099999996
439.81515099999996
439.99146199999996
440.19267599999995
440.38321399999995
440.568047
440.74391199999997
440.91669099999996
441.109452
441.29398199999997
441.48150499999997
441.659966
441.842943
442.02876
442.22862699999996
442.41658199999995
442.608598
442.80214099999995
443.00407199999995
443.20928699999996
443.41718899999995
443.61554699999994
443.81902199999996
444.032223
444.253781
444.45765
444.661365
444.872901
445.082348
445.294324
445.50741200000004
445.73099400000007
445.9513550000001
446.18549100000007
446.41496100000006
446.65298500000006
446.8758240000001
447.0963780000001
447.32571900000005
447.55484800000005
447.77951300000007
447.99730500000004
448.20859
448.429082
448.647824
448.864692
449.088015
449.312563
449.527807
449.741423
449.955856
450.16857699999997
450.382071
450.598191
450.822199
451.048655
451.280559
451.51017199999995
451.74180499999994
451.9752669999999
452.19473199999993
452.42653199999995
452.65766999999994
452.88227099999995
453.09464499999996
453.31125199999997
453.53732699999995
453.78852199999994
454.03826699999996
454.25501199999997
454.49174999999997
454.71435099999997
454.93548999999996
455.15233699999993
455.37470799999994
455.60133399999995
455.82450399999993
456.04140099999995
456.2525739999999
456.47901999999993
456.7078629999999
456.9328349999999
457.1588159999999
457.3833339999999
457.59455199999985
457.8177019999998
458.0380959999998
458.2670759999998
458.4950979999998
458.7164229999998
458.9328429999998
459.1508059999998
459.3785699999998
459.6176849999998
459.8603239999998
460.09835899999985
460.32486899999986
460.5554109999999
460.7875929999999
461.0150349999999
461.2489389999999
461.4725189999999
461.69470599999994
461.9235949999999
462.1363789999999
462.3528549999999
462.5736759999999
462.77915999999993
462.98909999999995
463.21253599999994
463.42466499999995
463.65039299999995
463.87190899999996
464.08191999999997
464.30517199999997
464.520878
464.728009
464.933556
465.147053
465.35859100000005
465.57189700000004
465.771881
466.01768300000003
466.23217700000004
466.438933
466.65420900000004
466.88232700000003
467.09393300000005
467.3047020000001
467.51334600000007
467.7313910000001
467.9517750000001
468.1639240000001
468.3829720000001
468.6052270000001
468.81496100000015
469.03180500000013
469.2478600000001
469.45856300000014
469.66546600000015
469.86633700000016
470.08975000000015
470.3143640000001
470.5491080000001
470.7881670000001
471.0388150000001
471.2605620000001
471.4815390000001
471.6954130000001
471.9201570000001
472.12376600000005
472.3371240000001
472.5673310000001
472.79257000000007
473.0247360000001
473.2490170000001
473.4709220000001
473.6964730000001
473.9379760000001
474.1826060000001
474.41300500000006
474.63542800000005
474.86910400000005
475.09960700000005
475.32635100000005
475.54915800000003
475.771183
475.997873
476.217257
476.439257
476.660737
476.885901
477.118293
477.346953
477.594629
477.837986
478.081382
478.315265
478.543909
478.772966
479.00063
479.226388
479.474062
479.735236
479.97824299999996
480.222183
480.463084
480.70142
480.938564
481.182962
481.422149
481.660186
481.903348
482.140527
482.362436
482.589007
482.826142
483.067033
483.32241
483.576813
483.83123800000004
484.086019
484.333316
484.58033900000004
484.82557900000006
485.0673340000001
485.3095560000001
485.5583180000001
485.8103340000001
486.0616430000001
486.30397700000015
486.55175200000014
486.78961200000015
487.03459200000015
487.27423300000015
487.51586400000014
487.75528200000014
487.98591300000015
488.23637000000014
488.47645700000015
488.71918900000014
488.97067700000014
489.20729400000016
489.43624100000017
489.67030700000015
489.9093100000002
490.14008800000016
490.3792060000002
490.6096160000002
490.8376240000002
491.0791270000002
491.3201100000002
491.56391400000024
491.79720300000025
492.03204400000027
492.26626900000025
492.51345600000025
492.75077100000027
492.9820280000003
493.2092230000003
493.44651300000027
493.67673400000024
493.91072800000023
494.13424700000024
494.36733900000024
494.5970600000002
494.82456300000024
495.0635590000002
495.29849300000024
495.5372880000002
495.7642770000002
495.9979580000002
496.2279640000002
496.4493460000002
496.6831380000002
496.9295900000002
497.1692790000002
497.4230630000002
497.6720540000002
497.91782200000017
498.1662000000002
498.39650900000015
498.64188800000016
498.88538900000015
499.13550300000014
499.3745230000001
499.6157070000001
499.8641670000001
500.1365780000001
500.3936880000001
500.6448870000001
500.8972340000001
501.1446010000001
501.38718100000006
501.62272500000006
501.85469600000005
502.08804100000003
502.32473400000003
502.55781
502.797458
503.040452
503.291419
503.53972600000003
503.780002
504.025776
504.267868
504.50923400000005
504.74863400000004
504.98361700000004
505.23145100000005
505.4729090000001
505.7145730000001
505.9572140000001
506.1979280000001
506.4549960000001
506.70116000000013
506.9408970000001
507.1876660000001
507.4437830000001
507.6913400000001
507.93347000000006
508.1668210000001
508.4017070000001
508.6496780000001
508.8984710000001
509.1420710000001
509.3802170000001
509.6153120000001
509.8660770000001
510.0957250000001
510.3442280000001
510.5902130000001
510.8357160000001
511.0726500000001
511.31825100000015
511.56040600000017
511.79901500000017
512.0411600000002
512.2744630000002
512.5057730000002
512.7403180000002
512.9811990000002
513.2294080000001
513.4860290000001
513.7311760000001
513.9843090000002
514.2270240000001
514.4787930000001
514.7447800000001
514.9797280000001
515.2268210000001
515.4595200000001
515.7153830000001
515.9717750000001
516.2239750000001
516.4569340000002
516.6969810000002
516.9424440000001
517.1750260000001
517.4075790000002
517.6533180000001
517.9358560000002
518.1793130000002
518.4233770000002
518.6853210000002
518.9437200000002
519.1906800000002
519.4279380000002
519.6673670000001
519.9091430000001
520.1502150000001
520.3866940000001
520.6219360000001
520.8506650000002
521.0859770000002
521.3165290000002
521.5499820000002
521.7884950000002
522.0369240000002
522.2868960000002
522.5138180000001
522.7440670000001
522.9860350000001
523.2199190000001
523.4438270000002
523.6839430000001
523.9149560000001
524.144399
524.369446
524.599604
524.835498
525.082546
525.3272949999999
525.5685249999999
525.7995159999999
526.0346749999999
526.2656819999999
526.5032319999999
526.7489979999999
526.9865259999999
527.2217789999999
527.4554859999998
527.6927909999998
527.9312129999998
528.1766279999998
528.4275619999999
528.6642819999998
528.9100889999999
529.1489059999999
529.3803759999998
529.6211869999998
529.8799989999999
530.1403179999999
530.3911049999998
530.6334269999998
530.8800979999997
531.1099649999998
531.3414619999998
531.5692479999998
531.8032189999998
532.0391749999998
532.2854999999997
532.5420639999998
532.8054339999998
533.0653339999998
533.3120129999998
533.5559129999998
533.7963939999999
534.0341989999998
534.2724289999999
534.5122339999999
534.757359
535.010737
535.26186
535.5043919999999
535.7495489999999
535.9888459999999
536.2307649999999
536.4697279999999
536.72642
536.9561219999999
537.195663
537.4221229999999
537.6679989999999
537.9247719999998
538.1735689999998
538.4154309999998
538.6578599999998
538.8974219999998
539.1328229999998
539.3844319999998
539.6227629999998
539.8482309999998
540.0724029999998
540.3142259999997
540.5586249999998
540.7858059999998
541.0130999999998
541.2481719999997
541.4854489999997
541.7042729999997
541.9188189999998
542.1433069999997
542.3676609999997
542.5931669999997
542.8110189999996
543.0267759999997
543.2479389999997
543.4647389999998
543.6840939999997
543.9100689999997
544.1438969999997
544.3719739999997
544.5985299999996
544.8257399999997
545.0481389999997
545.2649689999996
545.4809749999996
545.6961979999996
545.9389809999997
546.1794549999996
546.4215309999996
546.6522239999996
546.8792659999996
547.1205499999995
547.3634009999995
547.5981219999995
547.8491759999995
548.1119279999995
548.3428629999995
548.5854729999995
548.8378959999995
549.0724869999996
549.3105359999996
549.5416889999996
549.7825279999996
550.0162319999996
550.2607109999996
550.5093699999995
550.7526249999995
551.0000279999995
551.2484769999995
551.4918589999995
551.7153639999996
551.9478619999995
552.1745689999996
552.4026159999995
552.6360249999996
552.8709999999995
553.1028189999995
553.3323269999995
553.5524469999995
553.7787739999994
554.0024359999994
554.2152279999995
554.4473349999995
554.6639349999995
554.8833939999995
555.1054849999995
555.3409569999994
555.5815979999994
555.8137319999994
556.0438019999993
556.2862739999994
556.5130429999994
556.7295929999993
556.9571839999993
557.1799379999993
557.4027889999993
557.6509199999992
557.8773549999993
558.1160849999993
558.3546269999994
558.5843589999994
558.8023879999994
559.0353919999994
559.2679529999995
559.4973159999995
559.7208699999995
559.9484119999995
560.1700179999995
560.3887469999995
560.6055709999995
560.8293969999995
561.0633039999996
561.2982289999995
561.5227719999996
561.7484209999996
561.9783419999995
562.2190049999996
562.4618869999996
562.6839459999995
562.9242389999995
563.1572599999995
563.3895659999995
563.6228459999995
563.8522269999995
564.0853869999995
564.3119189999995
564.5418929999995
564.7667699999995
564.9966439999995
565.2215519999995
565.4767199999995
565.7024589999995
565.9486859999995
566.1869599999995
566.4090509999995
566.6277569999995
566.8444349999995
567.0596879999995
567.2837469999995
567.5090089999995
567.7285199999995
567.9607299999996
568.2042249999996
568.4315799999996
568.6461079999996
568.9215939999996
569.1611079999996
569.3980939999996
569.6555709999996
569.8828039999995
570.1115919999995
570.3407929999995
570.5623619999996
570.7918239999996
571.0315379999996
571.2514149999996
571.4772729999996
571.7281939999996
571.9477179999996
572.1933389999996
572.4268359999996
572.6510219999997
572.9039729999997
573.1520489999997
573.3927049999996
573.6255259999996
573.8680619999996
574.1336969999995
574.3680579999996
574.6123699999996
574.8441339999996
575.0735949999996
575.3047739999996
575.5447109999997
575.8047979999997
576.0723059999997
576.3384679999997
576.5857949999997
576.8583829999998
577.1153199999998
577.3704479999998
577.6164379999998
577.8729989999998
578.1159259999998
578.3733579999998
578.6323699999998
578.9009729999998
579.1419429999997
579.3876629999997
579.6442699999998
579.9151729999998
580.2180819999998
580.4976309999997
580.7917899999998
581.0568689999998
581.3348389999998
581.6019989999998
581.8532419999998
582.1131869999998
582.3839929999998
582.6295659999998
582.8926569999999
583.1551709999999
583.4424369999999
583.716776
583.975062
584.230099
584.489226
584.7372330000001
584.979358
585.228769
585.470907
585.742789
586.005524
586.242846
586.497029
586.74768
586.993924
587.250396
587.497615
587.734391
587.967772
588.195778
588.423637
588.664769
588.904989
589.142448
589.3852959999999
589.6278759999999
589.8800719999999
590.1205329999999
590.373443
590.616817
590.874773
591.126724
591.380909
591.635718
591.889285
592.133231
592.399186
592.648095
592.88717
593.121125
593.357151
593.585809
593.811221
594.0530540000001
594.3140690000001
594.5642060000001
594.7975130000001
595.0340500000001
595.2607680000001
595.4905940000001
595.727554
595.9473230000001
596.1890040000001
596.4101200000001
596.6451620000001
596.8745860000001
597.0908670000001
597.3315170000001
597.552631
597.76928
597.982623
598.208305
598.434154
598.654527
598.885035
599.121813
599.3423829999999
599.5677459999999
599.802788
600.032347
600.2644349999999
600.489027
600.716545
600.956642
601.1796879999999
601.405546
601.6237
601.837455
602.0442879999999
602.252224
602.462636
602.685534
602.9037209999999
603.1278509999999
603.3600149999999
603.5758629999999
603.8138059999999
604.0406029999999
604.262087
604.4894019999999
604.712954
604.951811
605.179947
605.385441
605.592656
605.810013
606.033936
606.254999
606.474347
606.698523
606.9234270000001
607.135478
607.373563
607.5999899999999
607.833232
608.0589369999999
608.2858389999999
608.5100559999998
608.7338119999998
608.9542119999999
609.1886289999999
609.4212149999998
609.6539509999999
609.8835989999999
610.115341
610.339927
610.566002
610.794702
611.020225
611.2981179999999
611.5177649999999
611.7461089999999
611.982357
612.21003
612.433739
612.6590849999999
612.9017469999999
613.1473009999999
613.3769959999998
613.6169719999998
613.8536789999998
614.0858379999999
614.3273079999999
614.5500239999999
614.7829399999999
615.022392
615.2461079999999
615.4692279999999
615.7272599999999
615.9672249999999
616.1984109999999
616.4283449999998
616.6684999999998
616.9137559999998
617.1377129999998
617.3869169999998
617.6245689999998
617.8615489999999
618.1033719999998
618.3458179999998
618.5789959999997
618.8050889999997
619.0345259999997
619.2878209999997
619.5232099999997
619.7673399999998
620.0051669999998
620.2545539999998
620.4948469999997
620.7462789999997
620.9736689999997
621.1979829999998
621.4329509999998
621.6601339999997
621.8790109999998
622.0935329999998
622.3198549999997
622.5472079999997
622.7759609999997
623.0003289999997
623.2147299999997
623.4321079999997
623.6534159999998
623.8669729999998
624.0838909999998
624.3048339999998
624.5295689999998
624.7590899999998
624.9856279999998
625.2023129999998
625.4139599999997
625.6244129999998
625.8490999999998
626.0539379999998
626.2552959999998
626.4586289999999
626.6731939999999
626.8845309999998
627.1193549999998
627.3599929999998
627.5731529999998
627.7795029999999
627.9985169999999
628.2066439999999
628.4095429999999
628.6381859999999
628.848902
629.070922
629.284334
629.4850839999999
629.677291
629.869428
630.08259
630.295628
630.498804
630.7013089999999
630.9053809999999
631.10011
631.312761
631.536161
631.779379
631.9880559999999
632.2145049999999
632.4198799999999
632.6300289999999
632.8367169999999
633.0316519999999
633.2315299999999
633.4399809999999
633.6710519999999
633.8904529999999
634.1221729999999
634.3429049999999
634.5454799999999
634.7429299999999
634.9277729999999
635.1347279999999
635.3530289999999
635.5650989999999
635.7798859999999
635.993571
636.2019839999999
636.4079959999999
636.6143779999999
636.8356689999998
637.0454099999998
637.2472449999998
637.4520009999998
637.6611089999998
637.8748589999998
638.0880069999998
638.2886149999998
638.4919439999999
638.7004539999999
638.896174
639.095028
639.2846609999999
639.4745389999999
639.658878
639.8505779999999
640.0317259999999
640.228801
640.434572
640.633991
640.8247570000001
641.0267360000001
641.2451340000001
641.4350500000002
641.6257390000002
641.8323560000002
642.0179240000002
642.2211860000002
642.4157590000002
642.6183840000002
642.8013880000002
642.9956840000002
643.1788000000003
643.3755630000003
643.5642390000003
643.7747500000003
643.9792550000003
644.2136850000003
644.4280920000003
644.6354250000003
644.8400350000003
645.0431560000003
645.2629330000003
645.4653900000003
645.6807410000004
645.8875040000004
646.0946380000004
646.3084990000003
646.5305430000003
646.7495440000004
646.9687400000004
647.1659950000004
647.3631940000004
647.5683600000003
647.7609340000004
647.9688270000004
648.1669980000004
648.3726650000003
648.5821450000003
648.7718870000003
648.9803960000004
649.1866460000003
649.3846010000003
649.5882390000003
649.7978580000002
649.9985160000002
650.2141240000002
650.4325400000002
650.6522840000002
650.8743820000002
651.0848140000002
651.2935400000001
651.4962750000001
651.7111810000001
651.9235240000002
652.1548170000002
652.3637300000003
652.5631260000002
652.7789230000002
652.9789060000002
653.1817490000002
653.3925810000002
653.6067440000002
653.8146750000002
654.0018810000001
654.2040760000001
654.4144760000001
654.6344740000002
654.8521540000002
655.0780620000002
655.3004000000002
655.5293210000002
655.7599580000002
655.9809450000002
656.1966320000002
656.4139940000002
656.6316500000003
656.8467930000003
657.0622370000003
657.2909150000003
657.5180080000002
657.7435550000002
657.9574030000002
658.1820550000002
658.3936050000002
658.6252690000002
658.8556420000002
659.0824490000002
659.3360750000003
659.5997590000003
659.8593020000003
660.1287760000002
660.3603420000003
660.6150870000002
660.8493860000002
661.1038530000002
661.3409280000002
661.5694460000002
661.7955810000002
662.0307130000002
662.2624110000003
662.4960950000003
662.7218330000003
662.9453660000003
663.1727580000003
663.3931030000002
663.6069270000003
663.8287990000002
664.0410700000002
664.2610630000003
664.4819990000003
664.7128370000003
664.9400510000003
665.1575360000003
665.3765440000003
665.6075570000003
665.8513880000003
666.0888860000002
666.3267060000003
666.5615880000003
666.8180650000003
667.0477740000002
667.2787320000002
667.5170470000002
667.7437680000002
667.9928100000002
668.2340060000001
668.4908510000001
668.7315990000002
668.9669780000002
669.1928230000002
669.4111460000003
669.6351290000002
669.8641170000002
670.1277160000002
670.3864390000002
670.6352660000002
670.8834070000003
671.1193750000002
671.3638850000002
671.5969250000002
671.8325740000001
672.0671700000001
672.3022990000002
672.5256970000002
672.7616180000001
673.0057910000002
673.2412980000001
673.4618620000001
673.6876230000001
673.9137160000001
674.1548080000001
674.4044360000001
674.6391450000001
674.8692270000001
675.1076590000001
675.3381370000001
675.5626990000001
675.793308
676.0150080000001
676.259804
676.501978
676.738231
676.963801
677.19134
677.425314
677.659679
677.895457
678.132762
678.375602
678.6088699999999
678.8451729999999
679.0944619999999
679.3219599999999
679.5468429999999
679.7806729999999
680.0109939999999
680.2350339999998
680.4633109999999
680.6973009999998
680.9350609999998
681.1648739999998
681.4040509999999
681.6366789999998
681.8720689999999
682.1082819999999
682.3487459999999
682.5924249999999
682.812656
683.045091
683.273569
683.507397
683.729922
683.956952
684.200464
684.447279
684.6939219999999
684.942066
685.180046
685.4215069999999
685.6574679999999
685.8849509999999
686.1185669999999
686.3434099999998
686.5660849999998
686.7974219999999
687.0395719999999
687.259385
687.478315
687.704622
687.931158
688.156718
688.3860239999999
688.607319
688.841867
689.066073
689.2996949999999
689.531397
689.7512459999999
689.9733749999999
690.215024
690.45154
690.696159
690.9319929999999
691.1739309999999
691.4092209999999
691.6328229999999
691.8619029999999
692.0914639999999
692.3226689999999
692.5557829999999
692.8002999999999
693.0254449999999
693.2771789999999
693.516892
693.757578
694.000199
694.2378369999999
694.472055
694.706005
694.931512
695.159317
695.413683
695.667834
695.93133
696.166979
696.407889
696.649957
696.8665219999999
697.1095549999999
697.3473059999999
697.5725899999999
697.7949869999999
698.0117499999999
698.2385369999998
698.4660329999998
698.7075939999999
698.9538949999999
699.1960689999999
699.4234849999998
699.6436359999998
699.8759179999998
700.0906629999998
700.3039129999999
700.5325089999999
700.7681609999998
701.0092019999998
701.2519339999999
701.4855739999999
701.714573
701.964348
702.199966
702.4231540000001
702.6490480000001
702.8704590000001
703.0949150000001
703.3269910000001
703.5576720000001
703.7997570000001
704.0441180000001
704.2691650000002
704.5027680000002
704.7286500000001
704.9383510000001
705.1656410000002
705.3928600000002
705.6045820000002
705.8254740000002
706.0658080000002
706.3003680000002
706.5280790000002
706.7753450000001
707.0070610000001
707.2450460000001
707.4884680000001
707.7210440000001
707.9403490000001
708.1686450000001
708.389348
708.615228
708.834637
709.051379
709.264371
709.490576
709.716953
709.933627
710.15746
710.396738
710.653109
710.917615
711.1658249999999
711.4049869999999
711.6495509999999
711.8812569999999
712.114304
712.34411
712.571676
712.804224
713.033226
713.263861
713.49382
713.725671
713.950916
714.183182
714.406266
714.64136
714.87081
715.096346
715.357652
715.584566
715.805103
716.033599
716.2683959999999
716.495327
716.718487
716.932343
717.1474049999999
717.370696
717.5899509999999
717.8098449999999
718.0311309999998
718.2414959999999
718.4492019999999
718.6558099999999
718.8604499999999
719.0732879999999
719.3020389999999
719.521454
719.734752
719.938949
720.148244
720.363928
720.579687
720.796868
721.016248
721.230345
721.4508010000001
721.68961
721.922551
722.157289
722.395642
722.6348539999999
722.8699899999999
723.0989189999999
723.3236569999999
723.54316
723.777019
724.010519
724.240623
724.4730010000001
724.697343
724.925417
725.1511750000001
725.3816560000001
725.6022430000002
725.8246670000002
726.0477560000002
726.2760520000002
726.5115220000001
726.7409740000002
726.9652470000002
727.1856190000002
727.4155020000002
727.6421100000002
727.8709040000002
728.0931920000003
728.3208010000003
728.5565940000002
728.7797950000003
729.0000220000003
729.2216960000003
729.4442420000003
729.6645620000003
729.8802160000002
