0.017676
0.10070799999999999
0.180526
0.27021
0.342621
0.424427
0.505031
0.588072
0.684901
0.781613
0.87214
0.952374
1.0379180000000001
1.12918
1.218385
1.325137
1.416311
1.5092590000000001
1.611296
1.7188910000000002
1.8090860000000002
1.8853450000000003
1.9842710000000003
2.092458
2.1797020000000003
2.265912
2.3736960000000003
2.453565
2.5514040000000002
2.6468860000000003
2.7387150000000005
2.8255540000000003
2.8982470000000005
2.9846960000000005
3.0724100000000005
3.1568950000000005
3.2283150000000003
3.311135
3.3910530000000003
3.4811850000000004
3.5638640000000006
3.6560860000000006
3.737650000000001
3.8131020000000007
3.9112080000000007
4.0032380000000005
4.086463
4.1585790000000005
4.2436560000000005
4.331421000000001
4.4142790000000005
4.487865
4.557318
4.636525000000001
4.7275480000000005
4.806465
4.890707
4.9791099999999995
5.066789999999999
5.152705999999999
5.249886999999999
5.338861
5.4351009999999995
5.521040999999999
5.596502999999999
5.678603999999999
5.786097999999999
5.878904999999999
5.975819999999999
6.053776999999998
6.145003999999998
6.2278829999999985
6.308944999999999
6.4020769999999985
6.485594999999998
6.5878929999999984
6.678797999999999
6.773803999999998
6.861465999999998
6.9459909999999985
7.0260989999999985
7.119311999999999
7.211397999999999
7.292011999999999
7.395022999999999
7.476336999999999
7.567307
7.647328999999999
7.738464999999999
7.830257999999999
7.944353999999999
8.026405999999998
8.122399999999997
8.208416999999997
8.297448999999997
8.428966999999997
8.525648999999996
8.604273999999997
8.706422999999997
8.805396999999997
8.908950999999998
8.997286999999998
9.089676999999998
9.177652999999998
9.281628999999997
9.381405999999997
9.473635999999997
9.573920999999997
9.656774999999996
9.751641999999997
9.847510999999997
9.949630999999997
10.058817999999997
10.174026999999997
10.284272999999997
10.402739999999998
10.496551999999998
10.594393999999998
10.699388999999998
10.794806999999999
10.911375999999999
11.028322
11.145869
11.259215999999999
11.3586
11.459072999999998
11.556873999999999
11.656916999999998
11.759375999999998
11.865293999999999
11.982843999999998
12.071034
12.16981
12.27286
12.38387
12.495536
12.599018
12.695345
12.797412999999999
12.888112999999999
12.990272999999998
13.079096999999999
13.177786
13.284239
13.393659
13.485427999999999
13.570670999999999
13.656436999999999
13.743510999999998
13.832042999999999
13.928342999999998
14.029154999999998
14.141515999999998
14.227081999999998
14.308127999999998
14.388843999999999
14.477875999999998
14.549330999999999
14.645003999999998
14.727289999999998
14.818935999999999
14.906486
14.984998999999998
15.057600999999998
15.135245999999999
15.214618999999999
15.287555
15.354681999999999
15.445254999999998
15.531853999999997
15.623694999999998
15.701780999999999
15.777961999999999
15.85503
15.951941
16.047905
16.125472
16.201445
16.296678
16.383478
16.46399
16.546962999999998
16.655351999999997
16.753057999999996
16.843105999999995
16.942999999999994
17.031251999999995
17.123250999999996
17.215458999999996
17.308079999999997
17.404754999999998
17.488929999999996
17.567290999999997
17.647786999999997
17.733669
17.84563
17.933866
18.011170999999997
18.094748999999997
18.174790999999995
18.271841999999996
18.358947999999994
18.441817999999994
18.522265999999995
18.613123999999996
18.699424999999994
18.761681999999993
18.844480999999995
18.925735999999993
18.992154999999993
19.083798999999992
19.16244499999999
19.23268499999999
19.315259999999988
19.394527999999987
19.470748999999987
19.532885999999987
19.603787999999987
19.673019999999987
19.738037999999985
19.813746999999985
19.887397999999987
19.968732999999986
20.034328999999985
20.108551999999985
20.178542999999987
20.25003399999999
20.32267199999999
20.40554599999999
20.47528399999999
20.559979999999992
20.64016699999999
20.738545999999992
20.818571999999993
20.901930999999994
20.981845999999994
21.074454999999993
21.154915999999993
21.252159999999993
21.332065999999994
21.420887999999994
21.503385999999995
21.600895999999995
21.686569999999996
21.764080999999997
21.851554999999998
21.932747
22.005376
22.096141
22.174039
22.266675
22.365833
22.453934
22.551978000000002
22.626245
22.709522
22.781547
22.856174
22.941715
23.018113999999997
23.111098
23.196337999999997
23.289261999999997
23.380567999999997
23.478823
23.562624
23.637028
23.704861
23.783067000000003
23.861235000000004
23.954232000000005
24.035512000000004
24.116359000000003
24.199487
24.272677
24.359739
24.431547000000002
24.522843
24.603259
24.685132000000003
24.773795000000003
24.862846000000005
24.950038000000006
25.031418000000006
25.112706000000006
25.194173000000006
25.275384000000006
25.373020000000007
25.472337000000007
25.575747000000007
25.667658000000007
25.754901000000007
25.843789000000008
25.91727400000001
26.00808800000001
26.10358300000001
26.178758000000013
26.257886000000013
26.352115000000012
26.428426000000012
26.514676000000012
26.59916900000001
26.66763600000001
26.73920100000001
26.80767700000001
26.88339000000001
26.97774100000001
27.05711500000001
27.12546500000001
27.19358900000001
27.26084700000001
27.33623200000001
27.406624000000008
27.48021200000001
27.55470500000001
27.62601900000001
27.69520300000001
27.76613700000001
27.842546000000013
27.929152000000013
28.01383900000001
28.08018100000001
28.15930400000001
28.23877700000001
28.30493400000001
28.36974800000001
28.44085400000001
28.532903000000008
28.620072000000008
28.706172000000006
28.783727000000006
28.875149000000008
28.97324800000001
29.060548000000008
29.144122000000007
29.216773000000007
29.309342000000008
29.38252200000001
29.45991200000001
29.54537800000001
29.61651500000001
29.69069300000001
29.76761200000001
29.83899500000001
29.93431000000001
30.01467100000001
30.08275900000001
30.14639800000001
30.225684000000008
30.30035800000001
30.36719600000001
30.43318000000001
30.49863400000001
30.56820300000001
30.645116000000012
30.71625200000001
30.80239800000001
30.900435000000012
30.982784000000013
31.051730000000013
31.121794000000012
31.21037300000001
31.290151000000012
31.394128000000013
31.460827000000013
31.538397000000014
31.615827000000014
31.696867000000015
31.767846000000016
31.828040000000016
31.884429000000015
31.943146000000016
31.997962000000015
32.05672900000002
32.12197300000002
32.19210200000002
32.25018500000002
32.31910800000002
32.37574500000002
32.450740000000025
32.50970600000002
32.58344100000002
32.64758700000002
32.72677100000002
32.80616800000002
32.88061800000002
32.94066000000002
33.004209000000024
33.089451000000025
33.165530000000025
33.234055000000026
33.323834000000026
33.40916900000003
33.471706000000026
33.544887000000024
33.63442500000002
33.72090400000002
33.81597900000002
33.91668100000002
34.00089500000002
34.089747000000024
34.176011000000024
34.270751000000025
34.359571000000024
34.45754100000002
34.53388500000002
34.621670000000016
34.711849000000015
34.795178000000014
34.87259800000001
34.97140700000001
35.06971700000001
35.16538300000001
35.26463500000001
35.37817600000001
35.47310700000001
35.56393400000001
35.66869400000001
35.76744200000001
35.86472100000001
35.94677000000001
36.05147300000001
36.15020700000001
36.24083900000001
36.329322000000005
36.421964
36.505382000000004
36.57809
36.676179000000005
36.76189300000001
36.839442000000005
36.920243000000006
37.003490000000006
37.09485600000001
37.19395000000001
37.27305200000001
37.35524100000001
37.444512
37.528432
37.616588
37.709438
37.792809
37.866168
37.953594
38.038038
38.112162
38.191655999999995
38.282782999999995
38.365066999999996
38.440169
38.534344
38.6204
38.710877999999994
38.79677099999999
38.88738099999999
38.962408999999994
39.05534099999999
39.152784999999994
39.23365999999999
39.31241899999999
39.40896499999999
39.48237599999999
39.56421899999999
39.64835799999999
39.73200199999999
39.81432199999999
39.90698699999999
39.997022999999984
40.07303899999999
40.162176999999986
40.24835499999998
40.33616499999998
40.41046499999998
40.489885999999984
40.556710999999986
40.62969599999999
40.71725899999999
40.796612999999994
40.873358999999994
40.954967999999994
41.047895
41.123937999999995
41.212816999999994
41.288183999999994
41.36024499999999
41.436606999999995
41.517267999999994
41.60846099999999
41.70212899999999
41.790077999999994
41.87302699999999
41.961212999999994
42.058029999999995
42.152367999999996
42.244969999999995
42.32715699999999
42.414784999999995
42.502728999999995
42.602650999999994
42.700725999999996
42.796927
42.900932999999995
42.99899299999999
43.096450999999995
43.204550999999995
43.296564999999994
43.39358299999999
43.48543999999999
43.58336299999999
43.66588899999999
43.750859999999996
43.830788
43.919540999999995
44.000496
44.105933
44.192935
44.274967
44.377961
44.483872
44.568506
44.650587
44.748139
44.837804
44.923021
45.012881
45.110995
45.193884000000004
45.28618
45.365863000000004
45.462985
45.545891000000005
45.629253000000006
45.707029000000006
45.784530000000004
45.879507000000004
45.979393
46.065641
46.159292
46.248665
46.34498
46.44297
46.521625
46.603055
46.690991
46.773607
46.858463
46.93329
47.024541
47.106827
47.186864
47.280861
47.369926
47.441353
47.521105
47.597048
47.677633
47.765721
47.837714999999996
47.90982999999999
47.98825599999999
48.074009999999994
48.15609299999999
48.24220599999999
48.31448299999999
48.39611199999999
48.46118199999999
48.537627999999984
48.61939299999998
48.692374999999984
48.76934099999998
48.855139999999984
48.92863599999998
48.992964999999984
49.07611399999998
49.14206699999998
49.214370999999986
49.278353999999986
49.34574499999999
49.42523999999999
49.499034999999985
49.57063299999999
49.64633699999999
49.719537999999986
49.79477199999999
49.863356999999986
49.94944299999999
50.02740899999999
50.09577399999999
50.17814599999999
50.27082899999999
50.36144899999999
50.45214099999999
50.53034099999999
50.639666999999996
50.714054
50.792919999999995
50.859100999999995
50.94268399999999
51.03191999999999
51.10374899999999
51.19745699999999
51.26977899999999
51.34788999999999
51.43813899999999
51.52289199999999
51.60650999999999
51.696481999999996
51.771485999999996
51.84500499999999
51.91574299999999
51.99579899999999
52.07493799999999
52.14695599999999
52.23810199999999
52.30702699999999
52.40105899999999
52.46980599999999
52.54761299999999
52.61855299999999
52.69944499999999
52.78169399999999
52.87300599999999
52.95641499999999
53.02922499999999
53.11309799999999
53.21146199999998
53.29356099999998
53.386428999999985
53.459043999999984
53.54047699999998
53.64424099999998
53.73869799999998
53.81846099999998
53.900833999999975
53.98068499999997
54.05290699999997
54.12392299999997
54.19403399999997
54.265483999999965
54.35371399999997
54.44079899999997
54.53693799999997
54.63386099999997
54.71613299999997
54.80847099999997
54.89015899999997
54.96919599999997
55.05340599999997
55.144395999999965
55.23017699999996
55.29918899999996
55.37574199999996
55.44641099999996
55.545526999999964
55.618289999999966
55.693175999999966
55.762106999999965
55.86287699999996
55.95595999999996
56.03904099999996
56.120243999999964
56.202907999999965
56.27978799999997
56.36016399999997
56.42892299999997
56.50888299999997
56.58581099999997
56.667494999999974
56.74286099999998
56.82355399999997
56.89799599999997
56.97175999999997
57.05495499999997
57.12881899999997
57.21634999999997
57.29602099999997
57.38821199999997
57.47458499999997
57.547349999999966
57.655846999999966
57.73603099999997
57.808018999999966
57.897378999999965
57.99483899999996
58.074803999999965
58.16532399999996
58.26134599999996
58.35001899999996
58.47717099999996
58.56946699999996
58.64193599999996
58.73210699999996
58.84107099999996
58.93944199999996
59.033425999999956
59.12695299999996
59.22163099999996
59.30102399999996
59.382094999999964
59.48114499999996
59.56447999999996
59.65538199999996
59.74334599999996
59.84118899999996
59.937263999999956
60.03658499999996
60.14088199999996
60.24539899999996
60.352909999999966
60.444838999999966
60.55213299999997
60.65288099999997
60.75732299999997
60.84025699999997
60.922543999999974
61.020978999999976
61.116383999999975
61.20043999999997
61.28387399999997
61.38721699999997
61.462821999999974
61.556036999999975
61.647630999999976
61.741769999999974
61.833656999999974
61.912329999999976
61.98961499999998
62.07118299999998
62.176862999999976
62.26710599999998
62.34792899999998
62.42761699999998
62.50237499999998
62.58835499999998
62.68397599999998
62.78169999999998
62.87643099999998
62.95206599999998
63.03230299999998
63.13068699999998
63.208531999999984
63.310715999999985
63.398924999999984
63.486181999999985
63.582410999999986
63.661858999999986
63.74067799999999
63.830626999999986
63.93089999999999
64.01541999999999
64.106844
64.18785799999999
64.268667
64.35131899999999
64.44603599999999
64.52953899999999
64.61723599999999
64.702238
64.791885
64.86864499999999
64.95020699999999
65.03330999999999
65.11814599999998
65.20656799999998
65.28018099999997
65.35603299999997
65.43079099999997
65.49771799999998
65.56661799999998
65.68321499999998
65.76888999999997
65.86307399999997
65.94355999999996
66.02119799999996
66.12471499999995
66.20978999999996
66.28107999999996
66.36252399999996
66.43960799999996
66.52462499999996
66.60169099999996
66.68996299999996
66.78719199999996
66.88022699999996
66.96763599999996
67.05877099999995
67.14497999999995
67.25034499999995
67.33516499999995
67.42948299999995
67.53118099999995
67.62344099999994
67.71393399999994
67.80177699999994
67.89048499999994
67.97826199999994
68.05625399999994
68.15369499999994
68.24387799999994
68.35028299999993
68.44245099999993
68.54174099999993
68.64242199999993
68.74191999999992
68.82942999999992
68.94009699999992
69.03375799999992
69.12849799999992
69.22974899999993
69.32038899999992
69.41473099999992
69.49806299999992
69.59199299999992
69.68923599999992
69.77388899999993
69.85698299999993
69.94397099999993
70.03843399999994
70.12267699999994
70.20922699999994
70.29965799999994
70.38292699999994
70.48735699999993
70.58066999999993
70.67663899999992
70.77468199999993
70.88497399999993
70.97531899999993
71.06845299999993
71.16783699999993
71.25096199999993
71.35139699999993
71.43997999999993
71.54354199999993
71.61574499999993
71.70104699999993
71.79480499999993
71.89743999999993
72.00099299999994
72.09609799999994
72.18889899999994
72.26911999999993
72.35853399999993
72.45174699999994
72.53278599999994
72.62090299999994
72.71023399999994
72.80075499999994
72.88572099999993
72.97457999999993
73.06276499999993
73.16726999999993
73.26662999999994
73.35553099999994
73.44292099999994
73.54500599999994
73.61294299999994
73.68961599999994
73.76982299999995
73.85521999999995
73.95468099999995
74.04360599999995
74.13357799999996
74.23079099999995
74.31365999999996
74.40312799999995
74.48282499999995
74.55724999999995
74.64749499999995
74.72178699999995
74.80179099999995
74.87524799999996
74.94596999999996
75.01873499999996
75.09040399999996
75.18382799999996
75.25481899999997
75.32882999999997
75.42418199999997
75.49971099999998
75.57380099999997
75.64915499999998
75.73135399999998
75.80946299999998
75.88545199999999
75.96282099999999
76.05309299999999
76.133333
76.223143
76.313751
76.410172
76.49226800000001
76.57351200000001
76.67650200000001
76.75610900000001
76.83567500000001
76.917872
77.009029
77.086058
77.173265
77.2552
77.34105
77.42886
77.517869
77.605613
77.69608000000001
77.795422
77.88722800000001
77.98392100000001
78.06587
78.16051800000001
78.24228000000001
78.32256400000001
78.39646700000002
78.49299700000002
78.56970500000001
78.67183000000001
78.75035000000001
78.83397700000002
78.91967300000002
79.00932700000001
79.10953600000002
79.20191100000002
79.27678300000002
79.34971000000003
79.42669300000003
79.50954700000003
79.58800600000002
79.66416900000002
79.74045000000001
79.824949
79.89187600000001
79.970723
80.04391600000001
80.11220200000001
80.19413300000001
80.272553
80.32869000000001
80.402759
80.479811
80.538141
80.608808
80.675263
80.759054
80.849974
80.936015
81.0151
81.07927500000001
81.147152
81.21567
81.292529
81.36862
81.45317100000001
81.51777400000002
81.60545300000001
81.68978100000001
81.764413
81.830107
81.920356
82.01344
82.08687400000001
82.17470300000001
82.257086
82.334646
82.402848
82.47667200000001
82.55672200000001
82.633801
82.711388
82.802573
82.875626
82.964854
83.04001000000001
83.11698500000001
83.19735000000001
83.27116300000002
83.34465500000002
83.42130300000002
83.50296700000003
83.57209700000003
83.65386600000002
83.73644600000002
83.81234400000001
83.902348
83.97198800000001
84.05657300000001
84.13510600000001
84.22683500000001
84.333099
84.410668
84.511263
84.598315
84.679899
84.759685
84.840136
84.931381
85.021535
85.104101
85.175761
85.263278
85.348644
85.43157199999999
85.52832599999999
85.62105
85.727086
85.815967
85.910698
85.98795
86.063589
86.15825799999999
86.24820799999999
86.32723599999998
86.40394599999999
86.49108299999999
86.57925699999998
86.64823499999999
86.72463399999998
86.80896699999998
86.88845799999999
86.96386499999998
87.04809099999999
87.11916199999999
87.21070499999999
87.294445
87.358178
87.438819
87.51321999999999
87.59452499999999
87.678789
87.761344
87.837803
87.903573
87.97501799999999
88.05769
88.141639
88.215751
88.300193
88.383349
88.463059
88.544736
88.619509
88.703367
88.783344
88.877895
88.950323
89.034123
89.126875
89.218409
89.304558
89.390445
89.483289
89.563485
89.636197
89.716939
89.801281
89.874363
89.954745
90.039265
90.119258
90.193241
90.273612
90.359539
90.423155
90.49189199999999
90.578672
90.66915
90.7436
90.817706
90.902325
90.98332500000001
91.07280700000001
91.15528100000002
91.22502500000002
91.30946600000001
91.39173300000002
91.47833500000002
91.55148800000002
91.64482700000002
91.71750700000003
91.78909500000003
91.87587900000003
91.95946300000003
92.04732100000003
92.14103900000002
92.23320700000002
92.31597300000003
92.39641300000002
92.48188400000002
92.55327200000002
92.63596500000003
92.72174000000003
92.80046100000003
92.87174600000003
92.94930800000003
93.03080500000003
93.11268300000003
93.18984900000004
93.25949400000003
93.34964200000003
93.42589600000004
93.49403400000004
93.59162800000004
93.68607700000004
93.76917700000004
93.84782900000005
93.94434400000004
94.03108000000005
94.11284500000005
94.18480000000005
94.26465500000005
94.34675200000005
94.43491100000006
94.51873400000005
94.61092700000005
94.68854100000004
94.78456300000005
94.87135300000004
94.96032400000004
95.03328400000004
95.11500100000003
95.19445700000003
95.26208700000002
95.33404900000002
95.40801000000002
95.48486400000002
95.55772400000002
95.63466200000002
95.71574500000003
95.81564300000002
95.88901300000002
95.98137400000002
96.06744500000002
96.14283900000002
96.22114200000003
96.29239700000002
96.37657400000002
96.46491200000001
96.57815900000001
96.659236
96.73645300000001
96.810702
96.880858
96.949105
97.019587
97.090699
97.164133
97.242371
97.32844800000001
97.39586200000001
97.462732
97.550428
97.615669
97.675406
97.742587
97.829974
97.903609
97.97883300000001
98.038768
98.1019
98.172546
98.244188
98.312012
98.37867
98.442361
98.501948
98.601496
98.680166
98.766636
98.853481
98.921738
98.99848700000001
99.08644800000002
99.17572300000002
99.26249100000003
99.36211300000002
99.45147900000002
99.54354700000002
99.63079900000002
99.71305200000002
99.80243600000001
99.88541800000002
99.96271100000001
100.05179400000002
100.16543500000002
100.24411200000002
100.35529300000002
100.44345100000002
100.52813900000002
100.61287800000002
100.69741200000003
100.77645400000003
100.86612600000002
100.95357300000002
101.03479000000002
101.12561600000002
101.21160500000002
101.29531400000002
101.39798700000001
101.49707500000001
101.60494800000001
101.699261
101.791505
101.879341
101.967795
102.07060899999999
102.160451
102.256228
102.35533199999999
102.44510899999999
102.52004499999998
102.61664899999998
102.70957799999998
102.80603799999997
102.89307399999997
102.97594499999997
103.07004099999996
103.16521199999995
103.26459999999996
103.35724499999996
103.44337799999997
103.52945799999996
103.62258299999996
103.71863599999996
103.81018799999995
103.90622599999995
103.99706999999995
104.09203799999995
104.19464699999995
104.28857899999994
104.36747399999994
104.45959099999995
104.57048199999994
104.66718199999994
104.76876499999995
104.85716799999994
104.95652899999995
105.04383199999995
105.15856499999995
105.26203699999995
105.35490399999995
105.44545399999994
105.52721899999995
105.61795899999994
105.71602099999994
105.81480199999994
105.89417099999994
105.97468599999995
106.05277099999995
106.13223299999996
106.21115399999995
106.28989399999995
106.36830399999995
106.46555299999996
106.54847499999995
106.62542299999996
106.71691199999995
106.78755099999995
106.86135699999996
106.94011099999996
107.01087399999996
107.10473599999996
107.19931199999996
107.27889399999997
107.36842299999996
107.46415499999996
107.54951799999996
107.62887699999996
107.70149799999996
107.77288199999995
107.84506699999996
107.93081399999996
108.00873599999996
108.07408099999995
108.13445899999995
108.20998099999996
108.28496499999996
108.34961599999995
108.41831599999996
108.48104499999997
108.56774899999996
108.64840999999997
108.72316299999997
108.79628499999997
108.86714799999997
108.94229999999997
109.02438499999998
109.09077199999999
109.17007699999999
109.24554099999999
109.33666699999999
109.42522999999998
109.49773399999998
109.57083299999998
109.65494799999998
109.73152799999998
109.81646599999998
109.91646499999997
109.99409499999997
110.09085499999998
110.19270199999998
110.28616699999998
110.36582899999998
110.45655599999998
110.53632499999998
110.62951799999998
110.71374599999997
110.80582799999998
110.87814199999998
110.96713799999998
111.04891299999997
111.12896999999997
111.21617399999997
111.29201399999997
111.37832899999997
111.44600999999996
111.52425199999996
111.60756799999996
111.68229599999995
111.76974799999995
111.84422699999995
111.93487399999995
112.00560499999995
112.07896899999994
112.17208399999994
112.24643799999994
112.33098299999995
112.40777799999995
112.47924999999995
112.55403799999995
112.64815999999995
112.72474999999994
112.80590299999994
112.87288299999994
112.94828799999995
113.03187499999994
113.10118899999995
113.17105099999995
113.23270899999994
113.30212799999994
113.37895799999994
113.46038899999994
113.53057399999993
113.61098299999993
113.68273599999993
113.74864099999994
113.84050299999994
113.92255399999995
114.00105199999994
114.07616999999995
114.15685099999995
114.22490799999994
114.30365199999994
114.38781599999994
114.46641199999995
114.53825999999995
114.61843199999996
114.70403699999996
114.78387299999996
114.86864199999995
114.96064699999995
115.03634399999996
115.10716899999996
115.18954699999996
115.28394099999996
115.37744899999996
115.46817799999995
115.53765499999996
115.61766499999996
115.68987299999996
115.77329299999997
115.84174099999997
115.91989799999998
115.99363899999997
116.07582199999997
116.15607499999997
116.22939599999998
116.29812599999998
116.37081799999999
116.43700399999999
116.527875
116.619962
116.705574
116.794598
116.876994
116.95935
117.04522
117.118687
117.199546
117.274817
117.355456
117.42922
117.513093
117.58994299999999
117.66333499999999
117.74672299999999
117.82111599999999
117.90104099999999
118.012761
118.084638
118.172769
118.26174
118.33919900000001
118.40966200000001
118.48026600000001
118.54746800000001
118.63067500000001
118.705459
118.79070800000001
118.87169000000002
118.95616300000002
119.03038900000001
119.12270000000001
119.196847
119.267363
119.33462800000001
119.42094600000001
119.50695900000001
119.58040700000001
119.670129
119.75242300000001
119.82907200000001
119.90998400000001
119.99136600000001
120.08021400000001
120.16203000000002
120.24147700000002
120.32814900000001
120.414313
120.48640700000001
120.56167700000002
120.64426900000002
120.72884600000002
120.80547700000002
120.88687400000002
120.97905400000002
121.06627700000001
121.14691300000001
121.232048
121.309358
121.394019
121.470404
121.560585
121.659194
121.755143
121.84578400000001
121.93782900000001
122.033257
122.13696300000001
122.22889800000002
122.31408500000002
122.40482000000002
122.48779600000002
122.58906900000002
122.68697000000002
122.77831500000002
122.88653600000002
123.00724500000003
123.10225700000002
123.20774100000003
123.29335700000003
123.38142500000004
123.46977600000004
123.55185400000003
123.65708900000003
123.75128400000003
123.82697400000002
123.90069300000002
123.96994300000001
124.04108600000002
124.12570100000002
124.21399300000002
124.28241100000001
124.36576300000002
124.43903800000001
124.53350300000001
124.621457
124.71225100000001
124.81107100000001
124.89614700000001
124.97824900000002
125.06867000000003
125.14721100000003
125.22384700000002
125.29827300000002
125.38680600000002
125.46257200000002
125.54222700000003
125.61805200000002
125.70068800000001
125.77549100000002
125.86274900000002
125.96283800000002
126.04206600000002
126.13827300000003
126.20412700000003
126.28523900000003
126.35354100000004
126.42842400000004
126.51363500000004
126.59695400000004
126.67844900000004
126.76341200000005
126.84655700000005
126.92824300000005
127.00079900000006
127.07165900000005
127.14477000000005
127.22457500000004
127.31500600000004
127.38094300000004
127.46277700000005
127.54044800000004
127.60333700000004
127.68651500000004
127.76378100000004
127.83195400000004
127.91504900000004
127.99953100000003
128.08644200000003
128.16603500000002
128.23894500000003
128.32491500000003
128.40589900000003
128.50027500000004
128.59547400000005
128.67943400000004
128.76855800000004
128.85890800000004
128.93775800000003
129.03250400000002
129.12234400000003
129.20005500000002
129.278737
129.37011
129.47011600000002
129.56075700000002
129.65931000000003
129.75409700000003
129.84452100000004
129.93092500000003
130.03153600000002
130.1099
130.19296400000002
130.284747
130.37743500000002
130.46436900000003
130.54776700000002
130.62359300000003
130.72095100000004
130.80034800000004
130.89170700000005
130.98195100000007
131.07267400000006
131.16652600000006
131.26554600000006
131.34915300000006
131.44227800000004
131.53448800000004
131.64087000000004
131.74060500000004
131.82809700000004
131.94081100000005
132.04101800000007
132.13277800000006
132.23153700000006
132.33238100000005
132.43519200000006
132.52254700000006
132.61781300000007
132.71711600000006
132.81045500000005
132.90867800000004
132.99780800000005
133.09415500000006
133.19008400000007
133.28304700000007
133.37933500000005
133.46177700000004
133.55640800000003
133.63857300000004
133.73673600000004
133.82724000000005
133.92242600000006
134.01212100000006
134.09751800000006
134.16929200000007
134.25341900000006
134.34857700000006
134.42146600000007
134.51046500000007
134.59507600000006
134.66786200000007
134.75523300000006
134.84637700000007
134.92676200000008
134.99825500000009
135.07061700000008
135.14565000000007
135.22349100000008
135.30675300000007
135.38607000000007
135.46013500000007
135.53597800000006
135.60988600000005
135.69333600000004
135.77436100000006
135.83872200000005
135.91766700000005
136.00279900000004
136.06549300000003
136.15318800000003
136.22013400000003
136.28162100000003
136.37702000000002
136.451702
136.51433400000002
136.606983
136.695488
136.78375300000002
136.857558
136.938374
137.01173200000002
137.08683800000003
137.16664400000002
137.23366900000002
137.32042600000003
137.39000200000004
137.45979200000005
137.53418300000004
137.61146100000005
137.68724600000004
137.77303100000003
137.87855800000003
137.97121200000004
138.07319500000003
138.16150400000004
138.22712300000003
138.29138300000002
138.35892400000003
138.46406300000004
138.53742600000004
138.60239300000003
138.68386300000003
138.76422800000003
138.84622800000002
138.95099600000003
139.04907000000003
139.12810000000002
139.21439600000002
139.28852600000002
139.363876
139.446864
139.514879
139.608741
139.693982
139.774379
139.853451
139.939425
140.018418
140.089115
140.179509
140.267233
140.359124
140.437692
140.517425
140.60222100000001
140.688208
140.770576
140.842894
140.930705
141.006563
141.076595
141.16882999999999
141.23705099999998
141.31107899999998
141.40139499999998
141.504303
141.57645599999998
141.66239399999998
141.784069
141.87405099999998
141.945743
142.03516299999998
142.10795199999998
142.178621
142.255859
142.327292
142.408479
142.490384
142.570516
142.65763
142.736115
142.815569
142.89878800000002
142.98775000000003
143.05698400000003
143.14318000000003
143.22456600000004
143.30071900000004
143.37982200000005
143.45772500000004
143.55955800000004
143.64015500000005
143.71259300000006
143.78401500000007
143.86091000000008
143.94913100000008
144.02677600000007
144.11224900000008
144.1857540000001
144.25297600000007
144.32223000000008
144.4099180000001
144.4825690000001
144.5648330000001
144.6452110000001
144.7206060000001
144.82634900000008
144.92156100000008
144.99689800000007
145.08281400000007
145.17304800000008
145.24212300000008
145.31302200000007
145.37951000000007
145.47095700000006
145.54664300000005
145.63788600000004
145.72550200000003
145.79862200000002
145.88398200000003
145.96277900000004
146.03335700000005
146.12026300000005
146.20847200000006
146.30543200000005
146.38729900000004
146.45793300000005
146.53210300000006
146.62012900000008
146.6990270000001
146.7853760000001
146.8559960000001
146.93377600000008
146.99145800000008
147.0550000000001
147.1206960000001
147.1975150000001
147.2755920000001
147.34055200000012
147.42773700000012
147.49531300000012
147.5786660000001
147.64422400000012
147.72313600000012
147.79538800000012
147.89637100000013
147.97272200000012
148.04238000000012
148.13723300000012
148.21671100000012
148.29139200000012
148.39346000000012
148.47745700000013
148.55628200000012
148.6345810000001
148.7125590000001
148.79556800000012
148.88133200000013
148.97076800000013
149.04952100000014
149.12397800000014
149.19683800000013
149.28105200000013
149.35660600000014
149.45616600000014
149.52933500000015
149.62138100000016
149.70207200000016
149.79187400000015
149.86307800000014
149.94446500000015
150.01250900000014
150.07989100000015
150.14607700000013
150.23833300000013
150.32738600000013
150.40710700000014
150.47615300000012
150.55009300000012
150.61948100000012
150.68709200000012
150.76324600000012
150.84714700000012
150.9312310000001
151.0027640000001
151.0766970000001
151.1439160000001
151.2279630000001
151.3122110000001
151.39747900000012
151.47990100000013
151.55891600000012
151.6219720000001
151.6900140000001
151.7710630000001
151.8530630000001
151.9249900000001
152.0066230000001
152.0914830000001
152.1618920000001
152.2475400000001
152.3155680000001
152.3919630000001
152.4740840000001
152.5411190000001
152.6089660000001
152.67916000000008
152.75677700000008
152.82788300000007
152.91418900000008
153.00332700000007
153.07430400000007
153.13710400000008
153.20453400000008
153.27840600000007
153.34929100000008
153.41997600000008
153.50126700000007
153.57679800000008
153.66485500000007
153.75363800000008
153.84091800000007
153.91383100000007
154.00379600000008
154.0971930000001
154.1810880000001
154.2584720000001
154.3307240000001
154.41946900000008
154.49705500000007
154.57223300000007
154.64740500000008
154.71861700000008
154.80522400000007
154.91812900000008
154.99824700000008
155.08558600000006
155.16153000000006
155.23842000000005
155.31727600000005
155.39862900000006
155.48980800000007
155.56306300000006
155.64627100000007
155.72884800000006
155.79901800000005
155.87573700000004
155.94304400000004
156.01952300000005
156.08671900000004
156.15573000000003
156.23544100000004
156.30180600000003
156.37431600000002
156.44092600000002
156.509915
156.582614
156.654339
156.719593
156.790825
156.87349500000002
156.93420100000003
157.02811200000002
157.11366400000003
157.18363900000003
157.26230500000003
157.34201700000003
157.41625000000002
157.481736
157.55046900000002
157.61884600000002
157.69280200000003
157.78691800000004
157.87048700000005
157.95059400000005
158.03964200000004
158.10841700000003
158.18567000000004
158.26569600000005
158.34798500000005
158.43963000000005
158.51649500000005
158.58899700000003
158.67601400000004
158.75953300000003
158.82804000000004
158.90690000000004
159.00483400000005
159.09213800000003
159.18202300000004
159.26758900000004
159.35770800000003
159.45688200000004
159.55378200000004
159.64058500000004
159.72735800000004
159.82066300000002
159.91079800000003
159.99310400000002
160.08117000000001
160.177826
160.262226
160.355617
160.453355
160.54861499999998
160.63469099999998
160.714894
160.804835
160.902224
160.988274
161.073885
161.177154
161.266282
161.365521
161.451415
161.558598
161.644075
161.721736
161.81034699999998
161.90767599999998
161.99587499999998
162.07938
162.172925
162.260908
162.34614200000001
162.41708100000002
162.50766800000002
162.582443
162.673153
162.74293100000003
162.81102600000003
162.90714700000004
162.97866600000003
163.06323900000004
163.14012900000003
163.24250000000004
163.32980800000004
163.41725500000004
163.51749700000005
163.61110600000004
163.70033200000003
163.78430100000003
163.87081600000002
163.94672000000003
164.03020700000002
164.109125
164.181294
164.278943
164.365341
164.448419
164.553628
164.642553
164.727367
164.81151
164.893197
164.98311099999998
165.06228099999998
165.149204
165.231714
165.315761
165.409156
165.492135
165.57695999999999
165.67253
165.765146
165.85284199999998
165.94905899999998
166.03235399999997
166.10605199999998
166.199674
166.286883
166.387769
166.47451099999998
166.55595499999998
166.656996
166.758024
166.862618
166.939776
167.035829
167.129198
167.202888
167.306531
167.395598
167.485927
167.587607
167.692791
167.799885
167.88840499999998
167.97937199999998
168.05359499999997
168.14298799999997
168.23631299999997
168.35112699999996
168.45289999999997
168.54123799999996
168.63617999999997
168.73427199999998
168.81296799999998
168.91382099999998
169.01380899999998
169.112192
169.209894
169.29482299999998
169.38675099999998
169.475127
169.583317
169.681621
169.787309
169.884031
169.968631
170.056179
170.13832599999998
170.23407199999997
170.31311099999996
170.40199399999997
170.48794999999998
170.583387
170.66242599999998
170.75581799999998
170.848156
170.92277299999998
170.99862599999997
171.07382599999997
171.17815699999997
171.27382799999998
171.36421099999998
171.455201
171.53322899999998
171.61641299999997
171.72130899999996
171.80721499999996
171.87975499999996
171.96197399999997
172.05768099999997
172.14532699999998
172.23938599999997
172.32952299999997
172.42736499999998
172.522181
172.60347199999998
172.68282899999997
172.76959899999997
172.86037999999996
172.94197399999996
173.03253199999995
173.12589299999993
173.22812199999993
173.32931499999992
173.41143699999992
173.5118879999999
173.61940199999992
173.71556899999993
173.81194699999992
173.8970339999999
173.9745399999999
174.0630519999999
174.1598219999999
174.25184499999992
174.3356929999999
174.4318269999999
174.51980899999992
174.61154999999994
174.70248899999993
174.80737499999992
174.91481299999992
175.00553599999992
175.11564299999992
175.2160389999999
175.33018199999992
175.42940999999993
175.52464399999994
175.61754999999994
175.71287399999994
175.81444899999994
175.90638099999995
175.99800199999996
176.10831499999995
176.20044599999994
176.29049699999993
176.38265799999994
176.49153799999993
176.60723999999993
176.70632399999994
176.81155799999993
176.92205399999995
177.02648899999994
177.12760799999995
177.23424299999996
177.35104899999996
177.46511499999997
177.56141799999997
177.65945499999998
177.761688
177.867057
177.97887699999998
178.082407
178.182303
178.29147899999998
178.383741
178.47214499999998
178.56355399999998
178.67356299999997
178.76452899999998
178.86624799999998
178.96958999999998
179.08146499999998
179.183823
179.287937
179.393206
179.488504
179.599143
179.696091
179.797294
179.896557
179.988442
180.07519
180.174266
180.27475199999998
180.38235199999997
180.48628699999998
180.58258099999998
180.691028
180.805073
180.902106
181.004923
181.092341
181.19052200000002
181.287406
181.375311
181.475275
181.586093
181.683832
181.797565
181.883433
181.982009
182.076395
182.17576
182.275806
182.374014
182.467872
182.574408
182.673925
182.77238499999999
182.884065
182.980215
183.08077999999998
183.18531899999996
183.28353899999996
183.37776299999996
183.47342999999995
183.57965299999995
183.67923499999995
183.78594199999995
183.88189599999995
183.97548799999996
184.09280499999997
184.18919399999996
184.31252299999997
184.41647899999998
184.51682899999997
184.61582899999996
184.70724899999996
184.80013099999996
184.90419399999996
185.02076599999995
185.12160299999996
185.22163499999996
185.30816199999995
185.39718499999995
185.48752299999995
185.57903099999996
185.68532599999995
185.78072599999996
185.87410999999994
185.98041399999994
186.06729799999994
186.18089699999993
186.27592599999994
186.36752799999994
186.45944799999992
186.55711199999993
186.65410499999993
186.74863599999992
186.83471799999992
186.9386149999999
187.0470609999999
187.1424819999999
187.24098499999988
187.3437689999999
187.4406839999999
187.5316769999999
187.6342619999999
187.7212679999999
187.8048029999999
187.8844399999999
187.9704619999999
188.05874699999993
188.15026999999992
188.23234399999993
188.31729799999994
188.40851099999995
188.50004999999996
188.57687299999995
188.69400599999994
188.78092199999995
188.85173299999994
188.92351799999994
188.99828499999995
189.07846899999996
189.14806899999996
189.22297299999997
189.31536399999996
189.39464899999996
189.47069699999994
189.55312699999993
189.63966899999994
189.74473699999993
189.84941799999993
189.92993199999992
190.02228099999994
190.09775499999995
190.18551999999994
190.28252799999993
190.36349499999992
190.4503039999999
190.5314449999999
190.62288199999992
190.7078229999999
190.77865999999992
190.8681109999999
190.96201599999992
191.05473899999993
191.14837799999992
191.24986999999993
191.34484899999993
191.44382799999994
191.55131399999993
191.65024699999992
191.73532399999993
191.83278899999993
191.93158699999992
192.02552699999993
192.10642799999994
192.19177499999995
192.28038399999994
192.38482999999994
192.49849199999994
192.59326199999995
192.67474999999996
192.77847399999996
192.87790099999995
192.96291899999994
193.04624299999995
193.12927199999996
193.20866199999995
193.29049699999996
193.39341699999997
193.49058999999997
193.58166699999998
193.667996
193.74575199999998
193.823692
193.898471
193.987696
194.066122
194.14236300000002
194.23256700000002
194.34476600000002
194.439341
194.518369
194.605128
194.704183
194.79601
194.890054
194.97384599999998
195.07067199999997
195.17336699999998
195.268295
195.371163
195.472287
195.561732
195.662639
195.76139500000002
195.86017400000003
195.95799000000002
196.06215400000002
196.14640000000003
196.25714900000003
196.34363400000004
196.44056300000003
196.54297700000004
196.64853800000003
196.74363900000003
196.84884800000003
196.95378700000003
197.05150200000003
197.13544500000003
197.23320800000002
197.33646900000002
197.431709
197.5411
197.64459
197.760289
197.873534
197.98851200000001
198.096315
198.210884
198.33096799999998
198.453273
198.563795
198.662598
198.77875600000002
198.90397700000003
199.02639900000003
199.12522300000003
199.21555700000005
199.31563000000006
199.42072700000006
199.52341400000006
199.62753100000006
199.73746100000005
199.83359900000005
199.94739900000005
200.05652300000006
200.16826700000004
200.26844600000004
200.36922600000003
200.47512100000003
200.59875600000004
200.73549000000003
200.83363500000002
200.93451000000002
201.02698900000001
201.130164
201.241558
201.348009
201.453558
201.55711399999998
201.66405799999998
201.77047299999998
201.882365
201.988731
202.09371
202.202969
202.301941
202.39572
202.492464
202.598983
202.70088900000002
202.80627
202.917504
203.027882
203.125344
203.230389
203.328035
203.422936
203.530426
203.632857
203.72691700000001
203.84029400000003
203.94230000000002
204.03229600000003
204.14063500000003
204.25019100000003
204.35319400000003
204.45549400000004
204.56529800000004
204.66651700000003
204.77009400000003
204.86808900000003
204.97525600000003
205.09128900000002
205.21089400000002
205.32252400000002
205.42811500000002
205.52417200000002
205.62485500000003
205.736194
205.852494
205.942432
206.050165
206.160562
206.283035
206.393011
206.499722
206.60216499999999
206.69619999999998
206.80439199999998
206.90639799999997
207.01018699999997
207.106847
207.201472
207.321992
207.422982
207.520421
207.634469
207.738279
207.831117
207.937455
208.063091
208.177279
208.278521
208.387876
208.501586
208.611523
208.72330300000002
208.83251800000002
208.94227400000003
209.045575
209.141285
209.23543600000002
209.33703100000002
209.44758800000002
209.54533000000004
209.63837300000003
209.73747500000002
209.82953200000003
209.91001100000003
209.99450400000003
210.09038700000002
210.18064800000002
210.27286500000002
210.37246400000004
210.45703600000004
210.54897500000004
210.64152300000003
210.71767000000003
210.80124100000003
210.89097000000004
210.98066900000003
211.07585100000003
211.14986600000003
211.23497800000004
211.32169400000004
211.39248700000005
211.46634500000005
211.56090800000004
211.64564900000005
211.73777100000004
211.80941500000003
211.89239300000003
211.98537900000002
212.06269700000001
212.15052400000002
212.24768100000003
212.31054200000003
212.38144400000002
212.476605
212.55759700000002
212.653601
212.725326
212.803131
212.875756
212.94674
213.029586
213.11163399999998
213.207419
213.29677199999998
213.38692799999998
213.47912799999997
213.58187499999997
213.66525799999997
213.75741099999996
213.84788299999997
213.94115699999998
214.04622199999997
214.13305499999998
214.218899
214.3139
214.40121499999998
214.47616299999999
214.57039999999998
214.65387199999998
214.74047099999999
214.829042
214.93059799999997
215.02764699999997
215.13465599999998
215.23173599999998
215.33369699999997
215.43282699999997
215.52305599999997
215.62060599999998
215.71602299999998
215.801844
215.88254999999998
215.961472
216.042138
216.12223799999998
216.20340799999997
216.28995799999996
216.38693799999996
216.47055699999996
216.56742599999995
216.66349099999996
216.74831199999997
216.86266699999996
216.97393899999997
217.06666399999997
217.16164499999996
217.26074899999998
217.35402899999997
217.45952799999998
217.56241599999998
217.67050199999997
217.77845899999997
217.86538499999997
217.96085699999998
218.04257199999998
218.137465
218.24034899999998
218.341885
218.432773
218.527388
218.614966
218.696323
218.789354
218.876326
218.986711
219.07167700000002
219.16432000000003
219.25386400000002
219.36414100000002
219.46587800000003
219.56360700000002
219.657879
219.738041
219.82877100000002
219.92391800000001
220.018842
220.099452
220.19166600000003
220.27843700000003
220.37199200000003
220.46720000000005
220.58591000000004
220.69588700000003
220.79161300000004
220.87913100000003
220.98384600000003
221.07775400000003
221.17801900000003
221.26826900000003
221.36611800000003
221.44846900000002
221.53041700000003
221.62340500000002
221.71215
221.815709
221.895042
221.98537199999998
222.084196
222.17676899999998
222.25096799999997
222.33059399999996
222.41161799999998
222.49543599999998
222.61045399999998
222.70851499999998
222.80657499999998
222.91034799999997
222.99784299999996
223.09381999999997
223.19822199999996
223.30145599999994
223.39884799999996
223.49895699999996
223.59940799999995
223.70203999999995
223.80604399999996
223.90962899999997
224.02172399999998
224.115266
224.21945399999998
224.305748
224.394479
224.48287399999998
224.57246199999997
224.64988899999997
224.74716099999998
224.83659999999998
224.92028399999998
225.00536899999997
225.10320099999998
225.185051
225.27112799999998
225.36666499999998
225.471422
225.58050799999998
225.697546
225.79151399999998
225.873968
225.977676
226.064218
226.14454
226.239567
226.325544
226.405821
226.491559
226.576858
226.648362
226.73906599999998
226.82345499999997
226.91017099999996
226.97675599999997
227.05047099999996
227.13041099999995
227.21365699999996
227.28769999999994
227.36557999999994
227.43476099999992
227.5166959999999
227.5931249999999
227.6701739999999
227.7408699999999
227.8153359999999
227.8851929999999
227.9657299999999
228.02448499999988
228.09472199999988
228.16716299999987
228.24415299999987
228.33056499999986
228.40038799999988
228.4858039999999
228.5547209999999
228.6208349999999
228.7068019999999
228.7881579999999
228.8695849999999
228.9598079999999
229.0616279999999
229.1466879999999
229.2223059999999
229.3011059999999
229.3867289999999
229.4734199999999
229.5551219999999
229.6397879999999
229.7256659999999
229.8064709999999
229.88233899999992
229.9591959999999
230.0425809999999
230.1258599999999
230.2139939999999
230.2939389999999
230.38575999999992
230.47542099999993
230.55116999999993
230.64078699999993
230.72788099999994
230.81996899999993
230.90166199999993
230.99185499999993
231.08958099999992
231.1808819999999
231.2713119999999
231.34958099999992
231.43774399999992
231.53408599999992
231.61684499999993
231.69560499999992
231.80671199999992
231.88340399999993
231.96115299999994
232.04972099999995
232.12950899999996
232.22960499999996
232.33180399999998
232.422691
232.51757999999998
232.60072399999999
232.685519
232.775017
232.864602
232.959895
233.057861
233.153383
233.250347
233.359119
233.44815499999999
233.54704999999998
233.646244
233.74211499999998
233.82932499999998
233.91100799999998
234.00549399999997
234.10138699999996
234.18810599999995
234.28866099999996
234.38222499999995
234.49113699999995
234.59479499999995
234.69334899999996
234.77990899999995
234.87234899999996
234.96896099999995
235.05132199999994
235.15635699999993
235.26063699999992
235.34149199999993
235.43520999999993
235.50845799999993
235.58814299999995
235.66411799999995
235.74544899999995
235.83488099999994
235.90617599999993
235.98509299999992
236.06588799999992
236.16379999999992
236.26665899999992
236.34673299999992
236.4363859999999
236.5342809999999
236.6416159999999
236.7382949999999
236.8364509999999
236.9346589999999
237.0138259999999
237.0926199999999
237.1756049999999
237.28202599999992
237.3861919999999
237.4781869999999
237.5593829999999
237.6382979999999
237.7271379999999
237.8472629999999
237.93570999999991
238.01813099999993
238.11583099999993
238.20628199999993
238.29150399999992
238.39118499999992
238.4809439999999
238.57208899999992
238.65486899999993
238.72642299999993
238.82502499999993
238.9095379999999
239.0075209999999
239.08445099999992
239.16284399999992
239.24990299999993
239.33795199999994
239.44219399999994
239.53797099999994
239.64075799999995
